<?xml version="1.0" encoding="UTF-8"?>
<testsuite name="HashFunctionTest" tests="8" skipped="0" failures="0" errors="0" timestamp="2020-04-26T00:18:15" hostname="ChristopherAir.lan" time="0.025">
  <properties/>
  <testcase name="testHasFuncTaskParamCannotBeEmpty" classname="HashFunctionTest" time="0.005"/>
  <testcase name="testCorrectExecutionPassedAsArgumentCode" classname="HashFunctionTest" time="0.002"/>
  <testcase name="testShopNameReturnsCorrectValue" classname="HashFunctionTest" time="0.003"/>
  <testcase name="testIsExecutionArgCannotBeFalse" classname="HashFunctionTest" time="0.001"/>
  <testcase name="testHashFuncHasToBeString" classname="HashFunctionTest" time="0.0"/>
  <testcase name="testHashFuncShopNameParamCannotBeEmpty" classname="HashFunctionTest" time="0.001"/>
  <testcase name="testTaskExecutionReturnsCorrectValue" classname="HashFunctionTest" time="0.004"/>
  <testcase name="testCharToIntReturnValueNotEqualsTo0" classname="HashFunctionTest" time="0.002"/>
  <system-out><![CDATA[]]></system-out>
  <system-err><![CDATA[]]></system-err>
</testsuite>
