<?xml version="1.0" encoding="UTF-8"?>
<testsuite name="HashFunctionTest" tests="8" skipped="0" failures="0" errors="0" timestamp="2020-04-25T01:36:03" hostname="ChristopherAir.lan" time="0.153">
  <properties/>
  <testcase name="testHasFuncTaskParamCannotBeEmpty" classname="HashFunctionTest" time="0.02"/>
  <testcase name="testCorrectExecutionPassedAsArgumentCode" classname="HashFunctionTest" time="0.004"/>
  <testcase name="testShopNameReturnsCorrectValue" classname="HashFunctionTest" time="0.002"/>
  <testcase name="testIsExecutionArgCannotBeFalse" classname="HashFunctionTest" time="0.006"/>
  <testcase name="testHashFuncHasToBeString" classname="HashFunctionTest" time="0.003"/>
  <testcase name="testHashFuncShopNameParamCannotBeEmpty" classname="HashFunctionTest" time="0.026"/>
  <testcase name="testTaskExecutionReturnsCorrectValue" classname="HashFunctionTest" time="0.021"/>
  <testcase name="testCharToIntReturnValueNotEqualsTo0" classname="HashFunctionTest" time="0.006"/>
  <system-out><![CDATA[]]></system-out>
  <system-err><![CDATA[]]></system-err>
</testsuite>
