<?xml version="1.0" encoding="UTF-8"?>
<testsuite name="IDGeneratorTest" tests="3" skipped="0" failures="0" errors="0" timestamp="2020-04-28T09:21:49" hostname="ChristopherAir.lan" time="2403.982">
  <properties/>
  <testcase name="testShopNameCannotEmpty" classname="IDGeneratorTest" time="0.003"/>
  <testcase name="testRandomness" classname="IDGeneratorTest" time="2403.958"/>
  <testcase name="testExecutionCannotEmpty" classname="IDGeneratorTest" time="0.002"/>
  <system-out><![CDATA[repetition: 1
>passed!
repetition: 2
>passed!
repetition: 3
>passed!
repetition: 4
>passed!
repetition: 5
>passed!
repetition: 6
>passed!
repetition: 7
>passed!
repetition: 8
>passed!
repetition: 9
>passed!
repetition: 10
>passed!
repetition: 11
>passed!
repetition: 12
>passed!
repetition: 13
>passed!
repetition: 14
>passed!
repetition: 15
>passed!
repetition: 16
>passed!
repetition: 17
>passed!
repetition: 18
>passed!
repetition: 19
>passed!
repetition: 20
>passed!
repetition: 21
>passed!
repetition: 22
>passed!
repetition: 23
>passed!
repetition: 24
>passed!
repetition: 25
>passed!
repetition: 26
>passed!
repetition: 27
>passed!
repetition: 28
>passed!
repetition: 29
>passed!
repetition: 30
>passed!
repetition: 31
>passed!
repetition: 32
>passed!
repetition: 33
>passed!
repetition: 34
>passed!
repetition: 35
>passed!
repetition: 36
>passed!
repetition: 37
>passed!
repetition: 38
>passed!
repetition: 39
>passed!
repetition: 40
>passed!
repetition: 41
>passed!
repetition: 42
>passed!
repetition: 43
>passed!
repetition: 44
>passed!
repetition: 45
>passed!
repetition: 46
>passed!
repetition: 47
>passed!
repetition: 48
>passed!
repetition: 49
>passed!
repetition: 50
>passed!
repetition: 51
>passed!
repetition: 52
>passed!
repetition: 53
>passed!
repetition: 54
>passed!
repetition: 55
>passed!
repetition: 56
>passed!
repetition: 57
>passed!
repetition: 58
>passed!
repetition: 59
>passed!
repetition: 60
>passed!
repetition: 61
>passed!
repetition: 62
>passed!
repetition: 63
>passed!
repetition: 64
>passed!
repetition: 65
>passed!
repetition: 66
>passed!
repetition: 67
>passed!
repetition: 68
>passed!
repetition: 69
>passed!
repetition: 70
>passed!
repetition: 71
>passed!
repetition: 72
>passed!
repetition: 73
>passed!
repetition: 74
>passed!
repetition: 75
>passed!
repetition: 76
>passed!
repetition: 77
>passed!
repetition: 78
>passed!
repetition: 79
>passed!
repetition: 80
>passed!
repetition: 81
>passed!
repetition: 82
>passed!
repetition: 83
>passed!
repetition: 84
>passed!
repetition: 85
>passed!
repetition: 86
>passed!
repetition: 87
>passed!
repetition: 88
>passed!
repetition: 89
>passed!
repetition: 90
>passed!
repetition: 91
>passed!
repetition: 92
>passed!
repetition: 93
>passed!
repetition: 94
>passed!
repetition: 95
>passed!
repetition: 96
>passed!
repetition: 97
>passed!
repetition: 98
>passed!
repetition: 99
>passed!
repetition: 100
>passed!
repetition: 101
>passed!
repetition: 102
>passed!
repetition: 103
>passed!
repetition: 104
>passed!
repetition: 105
>passed!
repetition: 106
>passed!
repetition: 107
>passed!
repetition: 108
>passed!
repetition: 109
>passed!
repetition: 110
>passed!
repetition: 111
>passed!
repetition: 112
>passed!
repetition: 113
>passed!
repetition: 114
>passed!
repetition: 115
>passed!
repetition: 116
>passed!
repetition: 117
>passed!
repetition: 118
>passed!
repetition: 119
>passed!
repetition: 120
>passed!
repetition: 121
>passed!
repetition: 122
>passed!
repetition: 123
>passed!
repetition: 124
>passed!
repetition: 125
>passed!
repetition: 126
>passed!
repetition: 127
>passed!
repetition: 128
>passed!
repetition: 129
>passed!
repetition: 130
>passed!
repetition: 131
>passed!
repetition: 132
>passed!
repetition: 133
>passed!
repetition: 134
>passed!
repetition: 135
>passed!
repetition: 136
>passed!
repetition: 137
>passed!
repetition: 138
>passed!
repetition: 139
>passed!
repetition: 140
>passed!
repetition: 141
>passed!
repetition: 142
>passed!
repetition: 143
>passed!
repetition: 144
>passed!
repetition: 145
>passed!
repetition: 146
>passed!
repetition: 147
>passed!
repetition: 148
>passed!
repetition: 149
>passed!
repetition: 150
>passed!
repetition: 151
>passed!
repetition: 152
>passed!
repetition: 153
>passed!
repetition: 154
>passed!
repetition: 155
>passed!
repetition: 156
>passed!
repetition: 157
>passed!
repetition: 158
>passed!
repetition: 159
>passed!
repetition: 160
>passed!
repetition: 161
>passed!
repetition: 162
>passed!
repetition: 163
>passed!
repetition: 164
>passed!
repetition: 165
>passed!
repetition: 166
>passed!
repetition: 167
>passed!
repetition: 168
>passed!
repetition: 169
>passed!
repetition: 170
>passed!
repetition: 171
>passed!
repetition: 172
>passed!
repetition: 173
>passed!
repetition: 174
>passed!
repetition: 175
>passed!
repetition: 176
>passed!
repetition: 177
>passed!
repetition: 178
>passed!
repetition: 179
>passed!
repetition: 180
>passed!
repetition: 181
>passed!
repetition: 182
>passed!
repetition: 183
>passed!
repetition: 184
>passed!
repetition: 185
>passed!
repetition: 186
>passed!
repetition: 187
>passed!
repetition: 188
>passed!
repetition: 189
>passed!
repetition: 190
>passed!
repetition: 191
>passed!
repetition: 192
>passed!
repetition: 193
>passed!
repetition: 194
>passed!
repetition: 195
>passed!
repetition: 196
>passed!
repetition: 197
>passed!
repetition: 198
>passed!
repetition: 199
>passed!
repetition: 200
>passed!
repetition: 201
>passed!
repetition: 202
>passed!
repetition: 203
>passed!
repetition: 204
>passed!
repetition: 205
>passed!
repetition: 206
>passed!
repetition: 207
>passed!
repetition: 208
>passed!
repetition: 209
>passed!
repetition: 210
>passed!
repetition: 211
>passed!
repetition: 212
>passed!
repetition: 213
>passed!
repetition: 214
>passed!
repetition: 215
>passed!
repetition: 216
>passed!
repetition: 217
>passed!
repetition: 218
>passed!
repetition: 219
>passed!
repetition: 220
>passed!
repetition: 221
>passed!
repetition: 222
>passed!
repetition: 223
>passed!
repetition: 224
>passed!
repetition: 225
>passed!
repetition: 226
>passed!
repetition: 227
>passed!
repetition: 228
>passed!
repetition: 229
>passed!
repetition: 230
>passed!
repetition: 231
>passed!
repetition: 232
>passed!
repetition: 233
>passed!
repetition: 234
>passed!
repetition: 235
>passed!
repetition: 236
>passed!
repetition: 237
>passed!
repetition: 238
>passed!
repetition: 239
>passed!
repetition: 240
>passed!
repetition: 241
>passed!
repetition: 242
>passed!
repetition: 243
>passed!
repetition: 244
>passed!
repetition: 245
>passed!
repetition: 246
>passed!
repetition: 247
>passed!
repetition: 248
>passed!
repetition: 249
>passed!
repetition: 250
>passed!
repetition: 251
>passed!
repetition: 252
>passed!
repetition: 253
>passed!
repetition: 254
>passed!
repetition: 255
>passed!
repetition: 256
>passed!
repetition: 257
>passed!
repetition: 258
>passed!
repetition: 259
>passed!
repetition: 260
>passed!
repetition: 261
>passed!
repetition: 262
>passed!
repetition: 263
>passed!
repetition: 264
>passed!
repetition: 265
>passed!
repetition: 266
>passed!
repetition: 267
>passed!
repetition: 268
>passed!
repetition: 269
>passed!
repetition: 270
>passed!
repetition: 271
>passed!
repetition: 272
>passed!
repetition: 273
>passed!
repetition: 274
>passed!
repetition: 275
>passed!
repetition: 276
>passed!
repetition: 277
>passed!
repetition: 278
>passed!
repetition: 279
>passed!
repetition: 280
>passed!
repetition: 281
>passed!
repetition: 282
>passed!
repetition: 283
>passed!
repetition: 284
>passed!
repetition: 285
>passed!
repetition: 286
>passed!
repetition: 287
>passed!
repetition: 288
>passed!
repetition: 289
>passed!
repetition: 290
>passed!
repetition: 291
>passed!
repetition: 292
>passed!
repetition: 293
>passed!
repetition: 294
>passed!
repetition: 295
>passed!
repetition: 296
>passed!
repetition: 297
>passed!
repetition: 298
>passed!
repetition: 299
>passed!
repetition: 300
>passed!
repetition: 301
>passed!
repetition: 302
>passed!
repetition: 303
>passed!
repetition: 304
>passed!
repetition: 305
>passed!
repetition: 306
>passed!
repetition: 307
>passed!
repetition: 308
>passed!
repetition: 309
>passed!
repetition: 310
>passed!
repetition: 311
>passed!
repetition: 312
>passed!
repetition: 313
>passed!
repetition: 314
>passed!
repetition: 315
>passed!
repetition: 316
>passed!
repetition: 317
>passed!
repetition: 318
>passed!
repetition: 319
>passed!
repetition: 320
>passed!
repetition: 321
>passed!
repetition: 322
>passed!
repetition: 323
>passed!
repetition: 324
>passed!
repetition: 325
>passed!
repetition: 326
>passed!
repetition: 327
>passed!
repetition: 328
>passed!
repetition: 329
>passed!
repetition: 330
>passed!
repetition: 331
>passed!
repetition: 332
>passed!
repetition: 333
>passed!
repetition: 334
>passed!
repetition: 335
>passed!
repetition: 336
>passed!
repetition: 337
>passed!
repetition: 338
>passed!
repetition: 339
>passed!
repetition: 340
>passed!
repetition: 341
>passed!
repetition: 342
>passed!
repetition: 343
>passed!
repetition: 344
>passed!
repetition: 345
>passed!
repetition: 346
>passed!
repetition: 347
>passed!
repetition: 348
>passed!
repetition: 349
>passed!
repetition: 350
>passed!
repetition: 351
>passed!
repetition: 352
>passed!
repetition: 353
>passed!
repetition: 354
>passed!
repetition: 355
>passed!
repetition: 356
>passed!
repetition: 357
>passed!
repetition: 358
>passed!
repetition: 359
>passed!
repetition: 360
>passed!
repetition: 361
>passed!
repetition: 362
>passed!
repetition: 363
>passed!
repetition: 364
>passed!
repetition: 365
>passed!
repetition: 366
>passed!
repetition: 367
>passed!
repetition: 368
>passed!
repetition: 369
>passed!
repetition: 370
>passed!
repetition: 371
>passed!
repetition: 372
>passed!
repetition: 373
>passed!
repetition: 374
>passed!
repetition: 375
>passed!
repetition: 376
>passed!
repetition: 377
>passed!
repetition: 378
>passed!
repetition: 379
>passed!
repetition: 380
>passed!
repetition: 381
>passed!
repetition: 382
>passed!
repetition: 383
>passed!
repetition: 384
>passed!
repetition: 385
>passed!
repetition: 386
>passed!
repetition: 387
>passed!
repetition: 388
>passed!
repetition: 389
>passed!
repetition: 390
>passed!
repetition: 391
>passed!
repetition: 392
>passed!
repetition: 393
>passed!
repetition: 394
>passed!
repetition: 395
>passed!
repetition: 396
>passed!
repetition: 397
>passed!
repetition: 398
>passed!
repetition: 399
>passed!
repetition: 400
>passed!
repetition: 401
>passed!
repetition: 402
>passed!
repetition: 403
>passed!
repetition: 404
>passed!
repetition: 405
>passed!
repetition: 406
>passed!
repetition: 407
>passed!
repetition: 408
>passed!
repetition: 409
>passed!
repetition: 410
>passed!
repetition: 411
>passed!
repetition: 412
>passed!
repetition: 413
>passed!
repetition: 414
>passed!
repetition: 415
>passed!
repetition: 416
>passed!
repetition: 417
>passed!
repetition: 418
>passed!
repetition: 419
>passed!
repetition: 420
>passed!
repetition: 421
>passed!
repetition: 422
>passed!
repetition: 423
>passed!
repetition: 424
>passed!
repetition: 425
>passed!
repetition: 426
>passed!
repetition: 427
>passed!
repetition: 428
>passed!
repetition: 429
>passed!
repetition: 430
>passed!
repetition: 431
>passed!
repetition: 432
>passed!
repetition: 433
>passed!
repetition: 434
>passed!
repetition: 435
>passed!
repetition: 436
>passed!
repetition: 437
>passed!
repetition: 438
>passed!
repetition: 439
>passed!
repetition: 440
>passed!
repetition: 441
>passed!
repetition: 442
>passed!
repetition: 443
>passed!
repetition: 444
>passed!
repetition: 445
>passed!
repetition: 446
>passed!
repetition: 447
>passed!
repetition: 448
>passed!
repetition: 449
>passed!
repetition: 450
>passed!
repetition: 451
>passed!
repetition: 452
>passed!
repetition: 453
>passed!
repetition: 454
>passed!
repetition: 455
>passed!
repetition: 456
>passed!
repetition: 457
>passed!
repetition: 458
>passed!
repetition: 459
>passed!
repetition: 460
>passed!
repetition: 461
>passed!
repetition: 462
>passed!
repetition: 463
>passed!
repetition: 464
>passed!
repetition: 465
>passed!
repetition: 466
>passed!
repetition: 467
>passed!
repetition: 468
>passed!
repetition: 469
>passed!
repetition: 470
>passed!
repetition: 471
>passed!
repetition: 472
>passed!
repetition: 473
>passed!
repetition: 474
>passed!
repetition: 475
>passed!
repetition: 476
>passed!
repetition: 477
>passed!
repetition: 478
>passed!
repetition: 479
>passed!
repetition: 480
>passed!
repetition: 481
>passed!
repetition: 482
>passed!
repetition: 483
>passed!
repetition: 484
>passed!
repetition: 485
>passed!
repetition: 486
>passed!
repetition: 487
>passed!
repetition: 488
>passed!
repetition: 489
>passed!
repetition: 490
>passed!
repetition: 491
>passed!
repetition: 492
>passed!
repetition: 493
>passed!
repetition: 494
>passed!
repetition: 495
>passed!
repetition: 496
>passed!
repetition: 497
>passed!
repetition: 498
>passed!
repetition: 499
>passed!
repetition: 500
>passed!
repetition: 501
>passed!
repetition: 502
>passed!
repetition: 503
>passed!
repetition: 504
>passed!
repetition: 505
>passed!
repetition: 506
>passed!
repetition: 507
>passed!
repetition: 508
>passed!
repetition: 509
>passed!
repetition: 510
>passed!
repetition: 511
>passed!
repetition: 512
>passed!
repetition: 513
>passed!
repetition: 514
>passed!
repetition: 515
>passed!
repetition: 516
>passed!
repetition: 517
>passed!
repetition: 518
>passed!
repetition: 519
>passed!
repetition: 520
>passed!
repetition: 521
>passed!
repetition: 522
>passed!
repetition: 523
>passed!
repetition: 524
>passed!
repetition: 525
>passed!
repetition: 526
>passed!
repetition: 527
>passed!
repetition: 528
>passed!
repetition: 529
>passed!
repetition: 530
>passed!
repetition: 531
>passed!
repetition: 532
>passed!
repetition: 533
>passed!
repetition: 534
>passed!
repetition: 535
>passed!
repetition: 536
>passed!
repetition: 537
>passed!
repetition: 538
>passed!
repetition: 539
>passed!
repetition: 540
>passed!
repetition: 541
>passed!
repetition: 542
>passed!
repetition: 543
>passed!
repetition: 544
>passed!
repetition: 545
>passed!
repetition: 546
>passed!
repetition: 547
>passed!
repetition: 548
>passed!
repetition: 549
>passed!
repetition: 550
>passed!
repetition: 551
>passed!
repetition: 552
>passed!
repetition: 553
>passed!
repetition: 554
>passed!
repetition: 555
>passed!
repetition: 556
>passed!
repetition: 557
>passed!
repetition: 558
>passed!
repetition: 559
>passed!
repetition: 560
>passed!
repetition: 561
>passed!
repetition: 562
>passed!
repetition: 563
>passed!
repetition: 564
>passed!
repetition: 565
>passed!
repetition: 566
>passed!
repetition: 567
>passed!
repetition: 568
>passed!
repetition: 569
>passed!
repetition: 570
>passed!
repetition: 571
>passed!
repetition: 572
>passed!
repetition: 573
>passed!
repetition: 574
>passed!
repetition: 575
>passed!
repetition: 576
>passed!
repetition: 577
>passed!
repetition: 578
>passed!
repetition: 579
>passed!
repetition: 580
>passed!
repetition: 581
>passed!
repetition: 582
>passed!
repetition: 583
>passed!
repetition: 584
>passed!
repetition: 585
>passed!
repetition: 586
>passed!
repetition: 587
>passed!
repetition: 588
>passed!
repetition: 589
>passed!
repetition: 590
>passed!
repetition: 591
>passed!
repetition: 592
>passed!
repetition: 593
>passed!
repetition: 594
>passed!
repetition: 595
>passed!
repetition: 596
>passed!
repetition: 597
>passed!
repetition: 598
>passed!
repetition: 599
>passed!
repetition: 600
>passed!
repetition: 601
>passed!
repetition: 602
>passed!
repetition: 603
>passed!
repetition: 604
>passed!
repetition: 605
>passed!
repetition: 606
>passed!
repetition: 607
>passed!
repetition: 608
>passed!
repetition: 609
>passed!
repetition: 610
>passed!
repetition: 611
>passed!
repetition: 612
>passed!
repetition: 613
>passed!
repetition: 614
>passed!
repetition: 615
>passed!
repetition: 616
>passed!
repetition: 617
>passed!
repetition: 618
>passed!
repetition: 619
>passed!
repetition: 620
>passed!
repetition: 621
>passed!
repetition: 622
>passed!
repetition: 623
>passed!
repetition: 624
>passed!
repetition: 625
>passed!
repetition: 626
>passed!
repetition: 627
>passed!
repetition: 628
>passed!
repetition: 629
>passed!
repetition: 630
>passed!
repetition: 631
>passed!
repetition: 632
>passed!
repetition: 633
>passed!
repetition: 634
>passed!
repetition: 635
>passed!
repetition: 636
>passed!
repetition: 637
>passed!
repetition: 638
>passed!
repetition: 639
>passed!
repetition: 640
>passed!
repetition: 641
>passed!
repetition: 642
>passed!
repetition: 643
>passed!
repetition: 644
>passed!
repetition: 645
>passed!
repetition: 646
>passed!
repetition: 647
>passed!
repetition: 648
>passed!
repetition: 649
>passed!
repetition: 650
>passed!
repetition: 651
>passed!
repetition: 652
>passed!
repetition: 653
>passed!
repetition: 654
>passed!
repetition: 655
>passed!
repetition: 656
>passed!
repetition: 657
>passed!
repetition: 658
>passed!
repetition: 659
>passed!
repetition: 660
>passed!
repetition: 661
>passed!
repetition: 662
>passed!
repetition: 663
>passed!
repetition: 664
>passed!
repetition: 665
>passed!
repetition: 666
>passed!
repetition: 667
>passed!
repetition: 668
>passed!
repetition: 669
>passed!
repetition: 670
>passed!
repetition: 671
>passed!
repetition: 672
>passed!
repetition: 673
>passed!
repetition: 674
>passed!
repetition: 675
>passed!
repetition: 676
>passed!
repetition: 677
>passed!
repetition: 678
>passed!
repetition: 679
>passed!
repetition: 680
>passed!
repetition: 681
>passed!
repetition: 682
>passed!
repetition: 683
>passed!
repetition: 684
>passed!
repetition: 685
>passed!
repetition: 686
>passed!
repetition: 687
>passed!
repetition: 688
>passed!
repetition: 689
>passed!
repetition: 690
>passed!
repetition: 691
>passed!
repetition: 692
>passed!
repetition: 693
>passed!
repetition: 694
>passed!
repetition: 695
>passed!
repetition: 696
>passed!
repetition: 697
>passed!
repetition: 698
>passed!
repetition: 699
>passed!
repetition: 700
>passed!
repetition: 701
>passed!
repetition: 702
>passed!
repetition: 703
>passed!
repetition: 704
>passed!
repetition: 705
>passed!
repetition: 706
>passed!
repetition: 707
>passed!
repetition: 708
>passed!
repetition: 709
>passed!
repetition: 710
>passed!
repetition: 711
>passed!
repetition: 712
>passed!
repetition: 713
>passed!
repetition: 714
>passed!
repetition: 715
>passed!
repetition: 716
>passed!
repetition: 717
>passed!
repetition: 718
>passed!
repetition: 719
>passed!
repetition: 720
>passed!
repetition: 721
>passed!
repetition: 722
>passed!
repetition: 723
>passed!
repetition: 724
>passed!
repetition: 725
>passed!
repetition: 726
>passed!
repetition: 727
>passed!
repetition: 728
>passed!
repetition: 729
>passed!
repetition: 730
>passed!
repetition: 731
>passed!
repetition: 732
>passed!
repetition: 733
>passed!
repetition: 734
>passed!
repetition: 735
>passed!
repetition: 736
>passed!
repetition: 737
>passed!
repetition: 738
>passed!
repetition: 739
>passed!
repetition: 740
>passed!
repetition: 741
>passed!
repetition: 742
>passed!
repetition: 743
>passed!
repetition: 744
>passed!
repetition: 745
>passed!
repetition: 746
>passed!
repetition: 747
>passed!
repetition: 748
>passed!
repetition: 749
>passed!
repetition: 750
>passed!
repetition: 751
>passed!
repetition: 752
>passed!
repetition: 753
>passed!
repetition: 754
>passed!
repetition: 755
>passed!
repetition: 756
>passed!
repetition: 757
>passed!
repetition: 758
>passed!
repetition: 759
>passed!
repetition: 760
>passed!
repetition: 761
>passed!
repetition: 762
>passed!
repetition: 763
>passed!
repetition: 764
>passed!
repetition: 765
>passed!
repetition: 766
>passed!
repetition: 767
>passed!
repetition: 768
>passed!
repetition: 769
>passed!
repetition: 770
>passed!
repetition: 771
>passed!
repetition: 772
>passed!
repetition: 773
>passed!
repetition: 774
>passed!
repetition: 775
>passed!
repetition: 776
>passed!
repetition: 777
>passed!
repetition: 778
>passed!
repetition: 779
>passed!
repetition: 780
>passed!
repetition: 781
>passed!
repetition: 782
>passed!
repetition: 783
>passed!
repetition: 784
>passed!
repetition: 785
>passed!
repetition: 786
>passed!
repetition: 787
>passed!
repetition: 788
>passed!
repetition: 789
>passed!
repetition: 790
>passed!
repetition: 791
>passed!
repetition: 792
>passed!
repetition: 793
>passed!
repetition: 794
>passed!
repetition: 795
>passed!
repetition: 796
>passed!
repetition: 797
>passed!
repetition: 798
>passed!
repetition: 799
>passed!
repetition: 800
>passed!
repetition: 801
>passed!
repetition: 802
>passed!
repetition: 803
>passed!
repetition: 804
>passed!
repetition: 805
>passed!
repetition: 806
>passed!
repetition: 807
>passed!
repetition: 808
>passed!
repetition: 809
>passed!
repetition: 810
>passed!
repetition: 811
>passed!
repetition: 812
>passed!
repetition: 813
>passed!
repetition: 814
>passed!
repetition: 815
>passed!
repetition: 816
>passed!
repetition: 817
>passed!
repetition: 818
>passed!
repetition: 819
>passed!
repetition: 820
>passed!
repetition: 821
>passed!
repetition: 822
>passed!
repetition: 823
>passed!
repetition: 824
>passed!
repetition: 825
>passed!
repetition: 826
>passed!
repetition: 827
>passed!
repetition: 828
>passed!
repetition: 829
>passed!
repetition: 830
>passed!
repetition: 831
>passed!
repetition: 832
>passed!
repetition: 833
>passed!
repetition: 834
>passed!
repetition: 835
>passed!
repetition: 836
>passed!
repetition: 837
>passed!
repetition: 838
>passed!
repetition: 839
>passed!
repetition: 840
>passed!
repetition: 841
>passed!
repetition: 842
>passed!
repetition: 843
>passed!
repetition: 844
>passed!
repetition: 845
>passed!
repetition: 846
>passed!
repetition: 847
>passed!
repetition: 848
>passed!
repetition: 849
>passed!
repetition: 850
>passed!
repetition: 851
>passed!
repetition: 852
>passed!
repetition: 853
>passed!
repetition: 854
>passed!
repetition: 855
>passed!
repetition: 856
>passed!
repetition: 857
>passed!
repetition: 858
>passed!
repetition: 859
>passed!
repetition: 860
>passed!
repetition: 861
>passed!
repetition: 862
>passed!
repetition: 863
>passed!
repetition: 864
>passed!
repetition: 865
>passed!
repetition: 866
>passed!
repetition: 867
>passed!
repetition: 868
>passed!
repetition: 869
>passed!
repetition: 870
>passed!
repetition: 871
>passed!
repetition: 872
>passed!
repetition: 873
>passed!
repetition: 874
>passed!
repetition: 875
>passed!
repetition: 876
>passed!
repetition: 877
>passed!
repetition: 878
>passed!
repetition: 879
>passed!
repetition: 880
>passed!
repetition: 881
>passed!
repetition: 882
>passed!
repetition: 883
>passed!
repetition: 884
>passed!
repetition: 885
>passed!
repetition: 886
>passed!
repetition: 887
>passed!
repetition: 888
>passed!
repetition: 889
>passed!
repetition: 890
>passed!
repetition: 891
>passed!
repetition: 892
>passed!
repetition: 893
>passed!
repetition: 894
>passed!
repetition: 895
>passed!
repetition: 896
>passed!
repetition: 897
>passed!
repetition: 898
>passed!
repetition: 899
>passed!
repetition: 900
>passed!
repetition: 901
>passed!
repetition: 902
>passed!
repetition: 903
>passed!
repetition: 904
>passed!
repetition: 905
>passed!
repetition: 906
>passed!
repetition: 907
>passed!
repetition: 908
>passed!
repetition: 909
>passed!
repetition: 910
>passed!
repetition: 911
>passed!
repetition: 912
>passed!
repetition: 913
>passed!
repetition: 914
>passed!
repetition: 915
>passed!
repetition: 916
>passed!
repetition: 917
>passed!
repetition: 918
>passed!
repetition: 919
>passed!
repetition: 920
>passed!
repetition: 921
>passed!
repetition: 922
>passed!
repetition: 923
>passed!
repetition: 924
>passed!
repetition: 925
>passed!
repetition: 926
>passed!
repetition: 927
>passed!
repetition: 928
>passed!
repetition: 929
>passed!
repetition: 930
>passed!
repetition: 931
>passed!
repetition: 932
>passed!
repetition: 933
>passed!
repetition: 934
>passed!
repetition: 935
>passed!
repetition: 936
>passed!
repetition: 937
>passed!
repetition: 938
>passed!
repetition: 939
>passed!
repetition: 940
>passed!
repetition: 941
>passed!
repetition: 942
>passed!
repetition: 943
>passed!
repetition: 944
>passed!
repetition: 945
>passed!
repetition: 946
>passed!
repetition: 947
>passed!
repetition: 948
>passed!
repetition: 949
>passed!
repetition: 950
>passed!
repetition: 951
>passed!
repetition: 952
>passed!
repetition: 953
>passed!
repetition: 954
>passed!
repetition: 955
>passed!
repetition: 956
>passed!
repetition: 957
>passed!
repetition: 958
>passed!
repetition: 959
>passed!
repetition: 960
>passed!
repetition: 961
>passed!
repetition: 962
>passed!
repetition: 963
>passed!
repetition: 964
>passed!
repetition: 965
>passed!
repetition: 966
>passed!
repetition: 967
>passed!
repetition: 968
>passed!
repetition: 969
>passed!
repetition: 970
>passed!
repetition: 971
>passed!
repetition: 972
>passed!
repetition: 973
>passed!
repetition: 974
>passed!
repetition: 975
>passed!
repetition: 976
>passed!
repetition: 977
>passed!
repetition: 978
>passed!
repetition: 979
>passed!
repetition: 980
>passed!
repetition: 981
>passed!
repetition: 982
>passed!
repetition: 983
>passed!
repetition: 984
>passed!
repetition: 985
>passed!
repetition: 986
>passed!
repetition: 987
>passed!
repetition: 988
>passed!
repetition: 989
>passed!
repetition: 990
>passed!
repetition: 991
>passed!
repetition: 992
>passed!
repetition: 993
>passed!
repetition: 994
>passed!
repetition: 995
>passed!
repetition: 996
>passed!
repetition: 997
>passed!
repetition: 998
>passed!
repetition: 999
>passed!
repetition: 1000
>passed!
repetition: 1001
>passed!
repetition: 1002
>passed!
repetition: 1003
>passed!
repetition: 1004
>passed!
repetition: 1005
>passed!
repetition: 1006
>passed!
repetition: 1007
>passed!
repetition: 1008
>passed!
repetition: 1009
>passed!
repetition: 1010
>passed!
repetition: 1011
>passed!
repetition: 1012
>passed!
repetition: 1013
>passed!
repetition: 1014
>passed!
repetition: 1015
>passed!
repetition: 1016
>passed!
repetition: 1017
>passed!
repetition: 1018
>passed!
repetition: 1019
>passed!
repetition: 1020
>passed!
repetition: 1021
>passed!
repetition: 1022
>passed!
repetition: 1023
>passed!
repetition: 1024
>passed!
repetition: 1025
>passed!
repetition: 1026
>passed!
repetition: 1027
>passed!
repetition: 1028
>passed!
repetition: 1029
>passed!
repetition: 1030
>passed!
repetition: 1031
>passed!
repetition: 1032
>passed!
repetition: 1033
>passed!
repetition: 1034
>passed!
repetition: 1035
>passed!
repetition: 1036
>passed!
repetition: 1037
>passed!
repetition: 1038
>passed!
repetition: 1039
>passed!
repetition: 1040
>passed!
repetition: 1041
>passed!
repetition: 1042
>passed!
repetition: 1043
>passed!
repetition: 1044
>passed!
repetition: 1045
>passed!
repetition: 1046
>passed!
repetition: 1047
>passed!
repetition: 1048
>passed!
repetition: 1049
>passed!
repetition: 1050
>passed!
repetition: 1051
>passed!
repetition: 1052
>passed!
repetition: 1053
>passed!
repetition: 1054
>passed!
repetition: 1055
>passed!
repetition: 1056
>passed!
repetition: 1057
>passed!
repetition: 1058
>passed!
repetition: 1059
>passed!
repetition: 1060
>passed!
repetition: 1061
>passed!
repetition: 1062
>passed!
repetition: 1063
>passed!
repetition: 1064
>passed!
repetition: 1065
>passed!
repetition: 1066
>passed!
repetition: 1067
>passed!
repetition: 1068
>passed!
repetition: 1069
>passed!
repetition: 1070
>passed!
repetition: 1071
>passed!
repetition: 1072
>passed!
repetition: 1073
>passed!
repetition: 1074
>passed!
repetition: 1075
>passed!
repetition: 1076
>passed!
repetition: 1077
>passed!
repetition: 1078
>passed!
repetition: 1079
>passed!
repetition: 1080
>passed!
repetition: 1081
>passed!
repetition: 1082
>passed!
repetition: 1083
>passed!
repetition: 1084
>passed!
repetition: 1085
>passed!
repetition: 1086
>passed!
repetition: 1087
>passed!
repetition: 1088
>passed!
repetition: 1089
>passed!
repetition: 1090
>passed!
repetition: 1091
>passed!
repetition: 1092
>passed!
repetition: 1093
>passed!
repetition: 1094
>passed!
repetition: 1095
>passed!
repetition: 1096
>passed!
repetition: 1097
>passed!
repetition: 1098
>passed!
repetition: 1099
>passed!
repetition: 1100
>passed!
repetition: 1101
>passed!
repetition: 1102
>passed!
repetition: 1103
>passed!
repetition: 1104
>passed!
repetition: 1105
>passed!
repetition: 1106
>passed!
repetition: 1107
>passed!
repetition: 1108
>passed!
repetition: 1109
>passed!
repetition: 1110
>passed!
repetition: 1111
>passed!
repetition: 1112
>passed!
repetition: 1113
>passed!
repetition: 1114
>passed!
repetition: 1115
>passed!
repetition: 1116
>passed!
repetition: 1117
>passed!
repetition: 1118
>passed!
repetition: 1119
>passed!
repetition: 1120
>passed!
repetition: 1121
>passed!
repetition: 1122
>passed!
repetition: 1123
>passed!
repetition: 1124
>passed!
repetition: 1125
>passed!
repetition: 1126
>passed!
repetition: 1127
>passed!
repetition: 1128
>passed!
repetition: 1129
>passed!
repetition: 1130
>passed!
repetition: 1131
>passed!
repetition: 1132
>passed!
repetition: 1133
>passed!
repetition: 1134
>passed!
repetition: 1135
>passed!
repetition: 1136
>passed!
repetition: 1137
>passed!
repetition: 1138
>passed!
repetition: 1139
>passed!
repetition: 1140
>passed!
repetition: 1141
>passed!
repetition: 1142
>passed!
repetition: 1143
>passed!
repetition: 1144
>passed!
repetition: 1145
>passed!
repetition: 1146
>passed!
repetition: 1147
>passed!
repetition: 1148
>passed!
repetition: 1149
>passed!
repetition: 1150
>passed!
repetition: 1151
>passed!
repetition: 1152
>passed!
repetition: 1153
>passed!
repetition: 1154
>passed!
repetition: 1155
>passed!
repetition: 1156
>passed!
repetition: 1157
>passed!
repetition: 1158
>passed!
repetition: 1159
>passed!
repetition: 1160
>passed!
repetition: 1161
>passed!
repetition: 1162
>passed!
repetition: 1163
>passed!
repetition: 1164
>passed!
repetition: 1165
>passed!
repetition: 1166
>passed!
repetition: 1167
>passed!
repetition: 1168
>passed!
repetition: 1169
>passed!
repetition: 1170
>passed!
repetition: 1171
>passed!
repetition: 1172
>passed!
repetition: 1173
>passed!
repetition: 1174
>passed!
repetition: 1175
>passed!
repetition: 1176
>passed!
repetition: 1177
>passed!
repetition: 1178
>passed!
repetition: 1179
>passed!
repetition: 1180
>passed!
repetition: 1181
>passed!
repetition: 1182
>passed!
repetition: 1183
>passed!
repetition: 1184
>passed!
repetition: 1185
>passed!
repetition: 1186
>passed!
repetition: 1187
>passed!
repetition: 1188
>passed!
repetition: 1189
>passed!
repetition: 1190
>passed!
repetition: 1191
>passed!
repetition: 1192
>passed!
repetition: 1193
>passed!
repetition: 1194
>passed!
repetition: 1195
>passed!
repetition: 1196
>passed!
repetition: 1197
>passed!
repetition: 1198
>passed!
repetition: 1199
>passed!
repetition: 1200
>passed!
repetition: 1201
>passed!
repetition: 1202
>passed!
repetition: 1203
>passed!
repetition: 1204
>passed!
repetition: 1205
>passed!
repetition: 1206
>passed!
repetition: 1207
>passed!
repetition: 1208
>passed!
repetition: 1209
>passed!
repetition: 1210
>passed!
repetition: 1211
>passed!
repetition: 1212
>passed!
repetition: 1213
>passed!
repetition: 1214
>passed!
repetition: 1215
>passed!
repetition: 1216
>passed!
repetition: 1217
>passed!
repetition: 1218
>passed!
repetition: 1219
>passed!
repetition: 1220
>passed!
repetition: 1221
>passed!
repetition: 1222
>passed!
repetition: 1223
>passed!
repetition: 1224
>passed!
repetition: 1225
>passed!
repetition: 1226
>passed!
repetition: 1227
>passed!
repetition: 1228
>passed!
repetition: 1229
>passed!
repetition: 1230
>passed!
repetition: 1231
>passed!
repetition: 1232
>passed!
repetition: 1233
>passed!
repetition: 1234
>passed!
repetition: 1235
>passed!
repetition: 1236
>passed!
repetition: 1237
>passed!
repetition: 1238
>passed!
repetition: 1239
>passed!
repetition: 1240
>passed!
repetition: 1241
>passed!
repetition: 1242
>passed!
repetition: 1243
>passed!
repetition: 1244
>passed!
repetition: 1245
>passed!
repetition: 1246
>passed!
repetition: 1247
>passed!
repetition: 1248
>passed!
repetition: 1249
>passed!
repetition: 1250
>passed!
repetition: 1251
>passed!
repetition: 1252
>passed!
repetition: 1253
>passed!
repetition: 1254
>passed!
repetition: 1255
>passed!
repetition: 1256
>passed!
repetition: 1257
>passed!
repetition: 1258
>passed!
repetition: 1259
>passed!
repetition: 1260
>passed!
repetition: 1261
>passed!
repetition: 1262
>passed!
repetition: 1263
>passed!
repetition: 1264
>passed!
repetition: 1265
>passed!
repetition: 1266
>passed!
repetition: 1267
>passed!
repetition: 1268
>passed!
repetition: 1269
>passed!
repetition: 1270
>passed!
repetition: 1271
>passed!
repetition: 1272
>passed!
repetition: 1273
>passed!
repetition: 1274
>passed!
repetition: 1275
>passed!
repetition: 1276
>passed!
repetition: 1277
>passed!
repetition: 1278
>passed!
repetition: 1279
>passed!
repetition: 1280
>passed!
repetition: 1281
>passed!
repetition: 1282
>passed!
repetition: 1283
>passed!
repetition: 1284
>passed!
repetition: 1285
>passed!
repetition: 1286
>passed!
repetition: 1287
>passed!
repetition: 1288
>passed!
repetition: 1289
>passed!
repetition: 1290
>passed!
repetition: 1291
>passed!
repetition: 1292
>passed!
repetition: 1293
>passed!
repetition: 1294
>passed!
repetition: 1295
>passed!
repetition: 1296
>passed!
repetition: 1297
>passed!
repetition: 1298
>passed!
repetition: 1299
>passed!
repetition: 1300
>passed!
repetition: 1301
>passed!
repetition: 1302
>passed!
repetition: 1303
>passed!
repetition: 1304
>passed!
repetition: 1305
>passed!
repetition: 1306
>passed!
repetition: 1307
>passed!
repetition: 1308
>passed!
repetition: 1309
>passed!
repetition: 1310
>passed!
repetition: 1311
>passed!
repetition: 1312
>passed!
repetition: 1313
>passed!
repetition: 1314
>passed!
repetition: 1315
>passed!
repetition: 1316
>passed!
repetition: 1317
>passed!
repetition: 1318
>passed!
repetition: 1319
>passed!
repetition: 1320
>passed!
repetition: 1321
>passed!
repetition: 1322
>passed!
repetition: 1323
>passed!
repetition: 1324
>passed!
repetition: 1325
>passed!
repetition: 1326
>passed!
repetition: 1327
>passed!
repetition: 1328
>passed!
repetition: 1329
>passed!
repetition: 1330
>passed!
repetition: 1331
>passed!
repetition: 1332
>passed!
repetition: 1333
>passed!
repetition: 1334
>passed!
repetition: 1335
>passed!
repetition: 1336
>passed!
repetition: 1337
>passed!
repetition: 1338
>passed!
repetition: 1339
>passed!
repetition: 1340
>passed!
repetition: 1341
>passed!
repetition: 1342
>passed!
repetition: 1343
>passed!
repetition: 1344
>passed!
repetition: 1345
>passed!
repetition: 1346
>passed!
repetition: 1347
>passed!
repetition: 1348
>passed!
repetition: 1349
>passed!
repetition: 1350
>passed!
repetition: 1351
>passed!
repetition: 1352
>passed!
repetition: 1353
>passed!
repetition: 1354
>passed!
repetition: 1355
>passed!
repetition: 1356
>passed!
repetition: 1357
>passed!
repetition: 1358
>passed!
repetition: 1359
>passed!
repetition: 1360
>passed!
repetition: 1361
>passed!
repetition: 1362
>passed!
repetition: 1363
>passed!
repetition: 1364
>passed!
repetition: 1365
>passed!
repetition: 1366
>passed!
repetition: 1367
>passed!
repetition: 1368
>passed!
repetition: 1369
>passed!
repetition: 1370
>passed!
repetition: 1371
>passed!
repetition: 1372
>passed!
repetition: 1373
>passed!
repetition: 1374
>passed!
repetition: 1375
>passed!
repetition: 1376
>passed!
repetition: 1377
>passed!
repetition: 1378
>passed!
repetition: 1379
>passed!
repetition: 1380
>passed!
repetition: 1381
>passed!
repetition: 1382
>passed!
repetition: 1383
>passed!
repetition: 1384
>passed!
repetition: 1385
>passed!
repetition: 1386
>passed!
repetition: 1387
>passed!
repetition: 1388
>passed!
repetition: 1389
>passed!
repetition: 1390
>passed!
repetition: 1391
>passed!
repetition: 1392
>passed!
repetition: 1393
>passed!
repetition: 1394
>passed!
repetition: 1395
>passed!
repetition: 1396
>passed!
repetition: 1397
>passed!
repetition: 1398
>passed!
repetition: 1399
>passed!
repetition: 1400
>passed!
repetition: 1401
>passed!
repetition: 1402
>passed!
repetition: 1403
>passed!
repetition: 1404
>passed!
repetition: 1405
>passed!
repetition: 1406
>passed!
repetition: 1407
>passed!
repetition: 1408
>passed!
repetition: 1409
>passed!
repetition: 1410
>passed!
repetition: 1411
>passed!
repetition: 1412
>passed!
repetition: 1413
>passed!
repetition: 1414
>passed!
repetition: 1415
>passed!
repetition: 1416
>passed!
repetition: 1417
>passed!
repetition: 1418
>passed!
repetition: 1419
>passed!
repetition: 1420
>passed!
repetition: 1421
>passed!
repetition: 1422
>passed!
repetition: 1423
>passed!
repetition: 1424
>passed!
repetition: 1425
>passed!
repetition: 1426
>passed!
repetition: 1427
>passed!
repetition: 1428
>passed!
repetition: 1429
>passed!
repetition: 1430
>passed!
repetition: 1431
>passed!
repetition: 1432
>passed!
repetition: 1433
>passed!
repetition: 1434
>passed!
repetition: 1435
>passed!
repetition: 1436
>passed!
repetition: 1437
>passed!
repetition: 1438
>passed!
repetition: 1439
>passed!
repetition: 1440
>passed!
repetition: 1441
>passed!
repetition: 1442
>passed!
repetition: 1443
>passed!
repetition: 1444
>passed!
repetition: 1445
>passed!
repetition: 1446
>passed!
repetition: 1447
>passed!
repetition: 1448
>passed!
repetition: 1449
>passed!
repetition: 1450
>passed!
repetition: 1451
>passed!
repetition: 1452
>passed!
repetition: 1453
>passed!
repetition: 1454
>passed!
repetition: 1455
>passed!
repetition: 1456
>passed!
repetition: 1457
>passed!
repetition: 1458
>passed!
repetition: 1459
>passed!
repetition: 1460
>passed!
repetition: 1461
>passed!
repetition: 1462
>passed!
repetition: 1463
>passed!
repetition: 1464
>passed!
repetition: 1465
>passed!
repetition: 1466
>passed!
repetition: 1467
>passed!
repetition: 1468
>passed!
repetition: 1469
>passed!
repetition: 1470
>passed!
repetition: 1471
>passed!
repetition: 1472
>passed!
repetition: 1473
>passed!
repetition: 1474
>passed!
repetition: 1475
>passed!
repetition: 1476
>passed!
repetition: 1477
>passed!
repetition: 1478
>passed!
repetition: 1479
>passed!
repetition: 1480
>passed!
repetition: 1481
>passed!
repetition: 1482
>passed!
repetition: 1483
>passed!
repetition: 1484
>passed!
repetition: 1485
>passed!
repetition: 1486
>passed!
repetition: 1487
>passed!
repetition: 1488
>passed!
repetition: 1489
>passed!
repetition: 1490
>passed!
repetition: 1491
>passed!
repetition: 1492
>passed!
repetition: 1493
>passed!
repetition: 1494
>passed!
repetition: 1495
>passed!
repetition: 1496
>passed!
repetition: 1497
>passed!
repetition: 1498
>passed!
repetition: 1499
>passed!
repetition: 1500
>passed!
repetition: 1501
>passed!
repetition: 1502
>passed!
repetition: 1503
>passed!
repetition: 1504
>passed!
repetition: 1505
>passed!
repetition: 1506
>passed!
repetition: 1507
>passed!
repetition: 1508
>passed!
repetition: 1509
>passed!
repetition: 1510
>passed!
repetition: 1511
>passed!
repetition: 1512
>passed!
repetition: 1513
>passed!
repetition: 1514
>passed!
repetition: 1515
>passed!
repetition: 1516
>passed!
repetition: 1517
>passed!
repetition: 1518
>passed!
repetition: 1519
>passed!
repetition: 1520
>passed!
repetition: 1521
>passed!
repetition: 1522
>passed!
repetition: 1523
>passed!
repetition: 1524
>passed!
repetition: 1525
>passed!
repetition: 1526
>passed!
repetition: 1527
>passed!
repetition: 1528
>passed!
repetition: 1529
>passed!
repetition: 1530
>passed!
repetition: 1531
>passed!
repetition: 1532
>passed!
repetition: 1533
>passed!
repetition: 1534
>passed!
repetition: 1535
>passed!
repetition: 1536
>passed!
repetition: 1537
>passed!
repetition: 1538
>passed!
repetition: 1539
>passed!
repetition: 1540
>passed!
repetition: 1541
>passed!
repetition: 1542
>passed!
repetition: 1543
>passed!
repetition: 1544
>passed!
repetition: 1545
>passed!
repetition: 1546
>passed!
repetition: 1547
>passed!
repetition: 1548
>passed!
repetition: 1549
>passed!
repetition: 1550
>passed!
repetition: 1551
>passed!
repetition: 1552
>passed!
repetition: 1553
>passed!
repetition: 1554
>passed!
repetition: 1555
>passed!
repetition: 1556
>passed!
repetition: 1557
>passed!
repetition: 1558
>passed!
repetition: 1559
>passed!
repetition: 1560
>passed!
repetition: 1561
>passed!
repetition: 1562
>passed!
repetition: 1563
>passed!
repetition: 1564
>passed!
repetition: 1565
>passed!
repetition: 1566
>passed!
repetition: 1567
>passed!
repetition: 1568
>passed!
repetition: 1569
>passed!
repetition: 1570
>passed!
repetition: 1571
>passed!
repetition: 1572
>passed!
repetition: 1573
>passed!
repetition: 1574
>passed!
repetition: 1575
>passed!
repetition: 1576
>passed!
repetition: 1577
>passed!
repetition: 1578
>passed!
repetition: 1579
>passed!
repetition: 1580
>passed!
repetition: 1581
>passed!
repetition: 1582
>passed!
repetition: 1583
>passed!
repetition: 1584
>passed!
repetition: 1585
>passed!
repetition: 1586
>passed!
repetition: 1587
>passed!
repetition: 1588
>passed!
repetition: 1589
>passed!
repetition: 1590
>passed!
repetition: 1591
>passed!
repetition: 1592
>passed!
repetition: 1593
>passed!
repetition: 1594
>passed!
repetition: 1595
>passed!
repetition: 1596
>passed!
repetition: 1597
>passed!
repetition: 1598
>passed!
repetition: 1599
>passed!
repetition: 1600
>passed!
repetition: 1601
>passed!
repetition: 1602
>passed!
repetition: 1603
>passed!
repetition: 1604
>passed!
repetition: 1605
>passed!
repetition: 1606
>passed!
repetition: 1607
>passed!
repetition: 1608
>passed!
repetition: 1609
>passed!
repetition: 1610
>passed!
repetition: 1611
>passed!
repetition: 1612
>passed!
repetition: 1613
>passed!
repetition: 1614
>passed!
repetition: 1615
>passed!
repetition: 1616
>passed!
repetition: 1617
>passed!
repetition: 1618
>passed!
repetition: 1619
>passed!
repetition: 1620
>passed!
repetition: 1621
>passed!
repetition: 1622
>passed!
repetition: 1623
>passed!
repetition: 1624
>passed!
repetition: 1625
>passed!
repetition: 1626
>passed!
repetition: 1627
>passed!
repetition: 1628
>passed!
repetition: 1629
>passed!
repetition: 1630
>passed!
repetition: 1631
>passed!
repetition: 1632
>passed!
repetition: 1633
>passed!
repetition: 1634
>passed!
repetition: 1635
>passed!
repetition: 1636
>passed!
repetition: 1637
>passed!
repetition: 1638
>passed!
repetition: 1639
>passed!
repetition: 1640
>passed!
repetition: 1641
>passed!
repetition: 1642
>passed!
repetition: 1643
>passed!
repetition: 1644
>passed!
repetition: 1645
>passed!
repetition: 1646
>passed!
repetition: 1647
>passed!
repetition: 1648
>passed!
repetition: 1649
>passed!
repetition: 1650
>passed!
repetition: 1651
>passed!
repetition: 1652
>passed!
repetition: 1653
>passed!
repetition: 1654
>passed!
repetition: 1655
>passed!
repetition: 1656
>passed!
repetition: 1657
>passed!
repetition: 1658
>passed!
repetition: 1659
>passed!
repetition: 1660
>passed!
repetition: 1661
>passed!
repetition: 1662
>passed!
repetition: 1663
>passed!
repetition: 1664
>passed!
repetition: 1665
>passed!
repetition: 1666
>passed!
repetition: 1667
>passed!
repetition: 1668
>passed!
repetition: 1669
>passed!
repetition: 1670
>passed!
repetition: 1671
>passed!
repetition: 1672
>passed!
repetition: 1673
>passed!
repetition: 1674
>passed!
repetition: 1675
>passed!
repetition: 1676
>passed!
repetition: 1677
>passed!
repetition: 1678
>passed!
repetition: 1679
>passed!
repetition: 1680
>passed!
repetition: 1681
>passed!
repetition: 1682
>passed!
repetition: 1683
>passed!
repetition: 1684
>passed!
repetition: 1685
>passed!
repetition: 1686
>passed!
repetition: 1687
>passed!
repetition: 1688
>passed!
repetition: 1689
>passed!
repetition: 1690
>passed!
repetition: 1691
>passed!
repetition: 1692
>passed!
repetition: 1693
>passed!
repetition: 1694
>passed!
repetition: 1695
>passed!
repetition: 1696
>passed!
repetition: 1697
>passed!
repetition: 1698
>passed!
repetition: 1699
>passed!
repetition: 1700
>passed!
repetition: 1701
>passed!
repetition: 1702
>passed!
repetition: 1703
>passed!
repetition: 1704
>passed!
repetition: 1705
>passed!
repetition: 1706
>passed!
repetition: 1707
>passed!
repetition: 1708
>passed!
repetition: 1709
>passed!
repetition: 1710
>passed!
repetition: 1711
>passed!
repetition: 1712
>passed!
repetition: 1713
>passed!
repetition: 1714
>passed!
repetition: 1715
>passed!
repetition: 1716
>passed!
repetition: 1717
>passed!
repetition: 1718
>passed!
repetition: 1719
>passed!
repetition: 1720
>passed!
repetition: 1721
>passed!
repetition: 1722
>passed!
repetition: 1723
>passed!
repetition: 1724
>passed!
repetition: 1725
>passed!
repetition: 1726
>passed!
repetition: 1727
>passed!
repetition: 1728
>passed!
repetition: 1729
>passed!
repetition: 1730
>passed!
repetition: 1731
>passed!
repetition: 1732
>passed!
repetition: 1733
>passed!
repetition: 1734
>passed!
repetition: 1735
>passed!
repetition: 1736
>passed!
repetition: 1737
>passed!
repetition: 1738
>passed!
repetition: 1739
>passed!
repetition: 1740
>passed!
repetition: 1741
>passed!
repetition: 1742
>passed!
repetition: 1743
>passed!
repetition: 1744
>passed!
repetition: 1745
>passed!
repetition: 1746
>passed!
repetition: 1747
>passed!
repetition: 1748
>passed!
repetition: 1749
>passed!
repetition: 1750
>passed!
repetition: 1751
>passed!
repetition: 1752
>passed!
repetition: 1753
>passed!
repetition: 1754
>passed!
repetition: 1755
>passed!
repetition: 1756
>passed!
repetition: 1757
>passed!
repetition: 1758
>passed!
repetition: 1759
>passed!
repetition: 1760
>passed!
repetition: 1761
>passed!
repetition: 1762
>passed!
repetition: 1763
>passed!
repetition: 1764
>passed!
repetition: 1765
>passed!
repetition: 1766
>passed!
repetition: 1767
>passed!
repetition: 1768
>passed!
repetition: 1769
>passed!
repetition: 1770
>passed!
repetition: 1771
>passed!
repetition: 1772
>passed!
repetition: 1773
>passed!
repetition: 1774
>passed!
repetition: 1775
>passed!
repetition: 1776
>passed!
repetition: 1777
>passed!
repetition: 1778
>passed!
repetition: 1779
>passed!
repetition: 1780
>passed!
repetition: 1781
>passed!
repetition: 1782
>passed!
repetition: 1783
>passed!
repetition: 1784
>passed!
repetition: 1785
>passed!
repetition: 1786
>passed!
repetition: 1787
>passed!
repetition: 1788
>passed!
repetition: 1789
>passed!
repetition: 1790
>passed!
repetition: 1791
>passed!
repetition: 1792
>passed!
repetition: 1793
>passed!
repetition: 1794
>passed!
repetition: 1795
>passed!
repetition: 1796
>passed!
repetition: 1797
>passed!
repetition: 1798
>passed!
repetition: 1799
>passed!
repetition: 1800
>passed!
repetition: 1801
>passed!
repetition: 1802
>passed!
repetition: 1803
>passed!
repetition: 1804
>passed!
repetition: 1805
>passed!
repetition: 1806
>passed!
repetition: 1807
>passed!
repetition: 1808
>passed!
repetition: 1809
>passed!
repetition: 1810
>passed!
repetition: 1811
>passed!
repetition: 1812
>passed!
repetition: 1813
>passed!
repetition: 1814
>passed!
repetition: 1815
>passed!
repetition: 1816
>passed!
repetition: 1817
>passed!
repetition: 1818
>passed!
repetition: 1819
>passed!
repetition: 1820
>passed!
repetition: 1821
>passed!
repetition: 1822
>passed!
repetition: 1823
>passed!
repetition: 1824
>passed!
repetition: 1825
>passed!
repetition: 1826
>passed!
repetition: 1827
>passed!
repetition: 1828
>passed!
repetition: 1829
>passed!
repetition: 1830
>passed!
repetition: 1831
>passed!
repetition: 1832
>passed!
repetition: 1833
>passed!
repetition: 1834
>passed!
repetition: 1835
>passed!
repetition: 1836
>passed!
repetition: 1837
>passed!
repetition: 1838
>passed!
repetition: 1839
>passed!
repetition: 1840
>passed!
repetition: 1841
>passed!
repetition: 1842
>passed!
repetition: 1843
>passed!
repetition: 1844
>passed!
repetition: 1845
>passed!
repetition: 1846
>passed!
repetition: 1847
>passed!
repetition: 1848
>passed!
repetition: 1849
>passed!
repetition: 1850
>passed!
repetition: 1851
>passed!
repetition: 1852
>passed!
repetition: 1853
>passed!
repetition: 1854
>passed!
repetition: 1855
>passed!
repetition: 1856
>passed!
repetition: 1857
>passed!
repetition: 1858
>passed!
repetition: 1859
>passed!
repetition: 1860
>passed!
repetition: 1861
>passed!
repetition: 1862
>passed!
repetition: 1863
>passed!
repetition: 1864
>passed!
repetition: 1865
>passed!
repetition: 1866
>passed!
repetition: 1867
>passed!
repetition: 1868
>passed!
repetition: 1869
>passed!
repetition: 1870
>passed!
repetition: 1871
>passed!
repetition: 1872
>passed!
repetition: 1873
>passed!
repetition: 1874
>passed!
repetition: 1875
>passed!
repetition: 1876
>passed!
repetition: 1877
>passed!
repetition: 1878
>passed!
repetition: 1879
>passed!
repetition: 1880
>passed!
repetition: 1881
>passed!
repetition: 1882
>passed!
repetition: 1883
>passed!
repetition: 1884
>passed!
repetition: 1885
>passed!
repetition: 1886
>passed!
repetition: 1887
>passed!
repetition: 1888
>passed!
repetition: 1889
>passed!
repetition: 1890
>passed!
repetition: 1891
>passed!
repetition: 1892
>passed!
repetition: 1893
>passed!
repetition: 1894
>passed!
repetition: 1895
>passed!
repetition: 1896
>passed!
repetition: 1897
>passed!
repetition: 1898
>passed!
repetition: 1899
>passed!
repetition: 1900
>passed!
repetition: 1901
>passed!
repetition: 1902
>passed!
repetition: 1903
>passed!
repetition: 1904
>passed!
repetition: 1905
>passed!
repetition: 1906
>passed!
repetition: 1907
>passed!
repetition: 1908
>passed!
repetition: 1909
>passed!
repetition: 1910
>passed!
repetition: 1911
>passed!
repetition: 1912
>passed!
repetition: 1913
>passed!
repetition: 1914
>passed!
repetition: 1915
>passed!
repetition: 1916
>passed!
repetition: 1917
>passed!
repetition: 1918
>passed!
repetition: 1919
>passed!
repetition: 1920
>passed!
repetition: 1921
>passed!
repetition: 1922
>passed!
repetition: 1923
>passed!
repetition: 1924
>passed!
repetition: 1925
>passed!
repetition: 1926
>passed!
repetition: 1927
>passed!
repetition: 1928
>passed!
repetition: 1929
>passed!
repetition: 1930
>passed!
repetition: 1931
>passed!
repetition: 1932
>passed!
repetition: 1933
>passed!
repetition: 1934
>passed!
repetition: 1935
>passed!
repetition: 1936
>passed!
repetition: 1937
>passed!
repetition: 1938
>passed!
repetition: 1939
>passed!
repetition: 1940
>passed!
repetition: 1941
>passed!
repetition: 1942
>passed!
repetition: 1943
>passed!
repetition: 1944
>passed!
repetition: 1945
>passed!
repetition: 1946
>passed!
repetition: 1947
>passed!
repetition: 1948
>passed!
repetition: 1949
>passed!
repetition: 1950
>passed!
repetition: 1951
>passed!
repetition: 1952
>passed!
repetition: 1953
>passed!
repetition: 1954
>passed!
repetition: 1955
>passed!
repetition: 1956
>passed!
repetition: 1957
>passed!
repetition: 1958
>passed!
repetition: 1959
>passed!
repetition: 1960
>passed!
repetition: 1961
>passed!
repetition: 1962
>passed!
repetition: 1963
>passed!
repetition: 1964
>passed!
repetition: 1965
>passed!
repetition: 1966
>passed!
repetition: 1967
>passed!
repetition: 1968
>passed!
repetition: 1969
>passed!
repetition: 1970
>passed!
repetition: 1971
>passed!
repetition: 1972
>passed!
repetition: 1973
>passed!
repetition: 1974
>passed!
repetition: 1975
>passed!
repetition: 1976
>passed!
repetition: 1977
>passed!
repetition: 1978
>passed!
repetition: 1979
>passed!
repetition: 1980
>passed!
repetition: 1981
>passed!
repetition: 1982
>passed!
repetition: 1983
>passed!
repetition: 1984
>passed!
repetition: 1985
>passed!
repetition: 1986
>passed!
repetition: 1987
>passed!
repetition: 1988
>passed!
repetition: 1989
>passed!
repetition: 1990
>passed!
repetition: 1991
>passed!
repetition: 1992
>passed!
repetition: 1993
>passed!
repetition: 1994
>passed!
repetition: 1995
>passed!
repetition: 1996
>passed!
repetition: 1997
>passed!
repetition: 1998
>passed!
repetition: 1999
>passed!
repetition: 2000
>passed!
repetition: 2001
>passed!
repetition: 2002
>passed!
repetition: 2003
>passed!
repetition: 2004
>passed!
repetition: 2005
>passed!
repetition: 2006
>passed!
repetition: 2007
>passed!
repetition: 2008
>passed!
repetition: 2009
>passed!
repetition: 2010
>passed!
repetition: 2011
>passed!
repetition: 2012
>passed!
repetition: 2013
>passed!
repetition: 2014
>passed!
repetition: 2015
>passed!
repetition: 2016
>passed!
repetition: 2017
>passed!
repetition: 2018
>passed!
repetition: 2019
>passed!
repetition: 2020
>passed!
repetition: 2021
>passed!
repetition: 2022
>passed!
repetition: 2023
>passed!
repetition: 2024
>passed!
repetition: 2025
>passed!
repetition: 2026
>passed!
repetition: 2027
>passed!
repetition: 2028
>passed!
repetition: 2029
>passed!
repetition: 2030
>passed!
repetition: 2031
>passed!
repetition: 2032
>passed!
repetition: 2033
>passed!
repetition: 2034
>passed!
repetition: 2035
>passed!
repetition: 2036
>passed!
repetition: 2037
>passed!
repetition: 2038
>passed!
repetition: 2039
>passed!
repetition: 2040
>passed!
repetition: 2041
>passed!
repetition: 2042
>passed!
repetition: 2043
>passed!
repetition: 2044
>passed!
repetition: 2045
>passed!
repetition: 2046
>passed!
repetition: 2047
>passed!
repetition: 2048
>passed!
repetition: 2049
>passed!
repetition: 2050
>passed!
repetition: 2051
>passed!
repetition: 2052
>passed!
repetition: 2053
>passed!
repetition: 2054
>passed!
repetition: 2055
>passed!
repetition: 2056
>passed!
repetition: 2057
>passed!
repetition: 2058
>passed!
repetition: 2059
>passed!
repetition: 2060
>passed!
repetition: 2061
>passed!
repetition: 2062
>passed!
repetition: 2063
>passed!
repetition: 2064
>passed!
repetition: 2065
>passed!
repetition: 2066
>passed!
repetition: 2067
>passed!
repetition: 2068
>passed!
repetition: 2069
>passed!
repetition: 2070
>passed!
repetition: 2071
>passed!
repetition: 2072
>passed!
repetition: 2073
>passed!
repetition: 2074
>passed!
repetition: 2075
>passed!
repetition: 2076
>passed!
repetition: 2077
>passed!
repetition: 2078
>passed!
repetition: 2079
>passed!
repetition: 2080
>passed!
repetition: 2081
>passed!
repetition: 2082
>passed!
repetition: 2083
>passed!
repetition: 2084
>passed!
repetition: 2085
>passed!
repetition: 2086
>passed!
repetition: 2087
>passed!
repetition: 2088
>passed!
repetition: 2089
>passed!
repetition: 2090
>passed!
repetition: 2091
>passed!
repetition: 2092
>passed!
repetition: 2093
>passed!
repetition: 2094
>passed!
repetition: 2095
>passed!
repetition: 2096
>passed!
repetition: 2097
>passed!
repetition: 2098
>passed!
repetition: 2099
>passed!
repetition: 2100
>passed!
repetition: 2101
>passed!
repetition: 2102
>passed!
repetition: 2103
>passed!
repetition: 2104
>passed!
repetition: 2105
>passed!
repetition: 2106
>passed!
repetition: 2107
>passed!
repetition: 2108
>passed!
repetition: 2109
>passed!
repetition: 2110
>passed!
repetition: 2111
>passed!
repetition: 2112
>passed!
repetition: 2113
>passed!
repetition: 2114
>passed!
repetition: 2115
>passed!
repetition: 2116
>passed!
repetition: 2117
>passed!
repetition: 2118
>passed!
repetition: 2119
>passed!
repetition: 2120
>passed!
repetition: 2121
>passed!
repetition: 2122
>passed!
repetition: 2123
>passed!
repetition: 2124
>passed!
repetition: 2125
>passed!
repetition: 2126
>passed!
repetition: 2127
>passed!
repetition: 2128
>passed!
repetition: 2129
>passed!
repetition: 2130
>passed!
repetition: 2131
>passed!
repetition: 2132
>passed!
repetition: 2133
>passed!
repetition: 2134
>passed!
repetition: 2135
>passed!
repetition: 2136
>passed!
repetition: 2137
>passed!
repetition: 2138
>passed!
repetition: 2139
>passed!
repetition: 2140
>passed!
repetition: 2141
>passed!
repetition: 2142
>passed!
repetition: 2143
>passed!
repetition: 2144
>passed!
repetition: 2145
>passed!
repetition: 2146
>passed!
repetition: 2147
>passed!
repetition: 2148
>passed!
repetition: 2149
>passed!
repetition: 2150
>passed!
repetition: 2151
>passed!
repetition: 2152
>passed!
repetition: 2153
>passed!
repetition: 2154
>passed!
repetition: 2155
>passed!
repetition: 2156
>passed!
repetition: 2157
>passed!
repetition: 2158
>passed!
repetition: 2159
>passed!
repetition: 2160
>passed!
repetition: 2161
>passed!
repetition: 2162
>passed!
repetition: 2163
>passed!
repetition: 2164
>passed!
repetition: 2165
>passed!
repetition: 2166
>passed!
repetition: 2167
>passed!
repetition: 2168
>passed!
repetition: 2169
>passed!
repetition: 2170
>passed!
repetition: 2171
>passed!
repetition: 2172
>passed!
repetition: 2173
>passed!
repetition: 2174
>passed!
repetition: 2175
>passed!
repetition: 2176
>passed!
repetition: 2177
>passed!
repetition: 2178
>passed!
repetition: 2179
>passed!
repetition: 2180
>passed!
repetition: 2181
>passed!
repetition: 2182
>passed!
repetition: 2183
>passed!
repetition: 2184
>passed!
repetition: 2185
>passed!
repetition: 2186
>passed!
repetition: 2187
>passed!
repetition: 2188
>passed!
repetition: 2189
>passed!
repetition: 2190
>passed!
repetition: 2191
>passed!
repetition: 2192
>passed!
repetition: 2193
>passed!
repetition: 2194
>passed!
repetition: 2195
>passed!
repetition: 2196
>passed!
repetition: 2197
>passed!
repetition: 2198
>passed!
repetition: 2199
>passed!
repetition: 2200
>passed!
repetition: 2201
>passed!
repetition: 2202
>passed!
repetition: 2203
>passed!
repetition: 2204
>passed!
repetition: 2205
>passed!
repetition: 2206
>passed!
repetition: 2207
>passed!
repetition: 2208
>passed!
repetition: 2209
>passed!
repetition: 2210
>passed!
repetition: 2211
>passed!
repetition: 2212
>passed!
repetition: 2213
>passed!
repetition: 2214
>passed!
repetition: 2215
>passed!
repetition: 2216
>passed!
repetition: 2217
>passed!
repetition: 2218
>passed!
repetition: 2219
>passed!
repetition: 2220
>passed!
repetition: 2221
>passed!
repetition: 2222
>passed!
repetition: 2223
>passed!
repetition: 2224
>passed!
repetition: 2225
>passed!
repetition: 2226
>passed!
repetition: 2227
>passed!
repetition: 2228
>passed!
repetition: 2229
>passed!
repetition: 2230
>passed!
repetition: 2231
>passed!
repetition: 2232
>passed!
repetition: 2233
>passed!
repetition: 2234
>passed!
repetition: 2235
>passed!
repetition: 2236
>passed!
repetition: 2237
>passed!
repetition: 2238
>passed!
repetition: 2239
>passed!
repetition: 2240
>passed!
repetition: 2241
>passed!
repetition: 2242
>passed!
repetition: 2243
>passed!
repetition: 2244
>passed!
repetition: 2245
>passed!
repetition: 2246
>passed!
repetition: 2247
>passed!
repetition: 2248
>passed!
repetition: 2249
>passed!
repetition: 2250
>passed!
repetition: 2251
>passed!
repetition: 2252
>passed!
repetition: 2253
>passed!
repetition: 2254
>passed!
repetition: 2255
>passed!
repetition: 2256
>passed!
repetition: 2257
>passed!
repetition: 2258
>passed!
repetition: 2259
>passed!
repetition: 2260
>passed!
repetition: 2261
>passed!
repetition: 2262
>passed!
repetition: 2263
>passed!
repetition: 2264
>passed!
repetition: 2265
>passed!
repetition: 2266
>passed!
repetition: 2267
>passed!
repetition: 2268
>passed!
repetition: 2269
>passed!
repetition: 2270
>passed!
repetition: 2271
>passed!
repetition: 2272
>passed!
repetition: 2273
>passed!
repetition: 2274
>passed!
repetition: 2275
>passed!
repetition: 2276
>passed!
repetition: 2277
>passed!
repetition: 2278
>passed!
repetition: 2279
>passed!
repetition: 2280
>passed!
repetition: 2281
>passed!
repetition: 2282
>passed!
repetition: 2283
>passed!
repetition: 2284
>passed!
repetition: 2285
>passed!
repetition: 2286
>passed!
repetition: 2287
>passed!
repetition: 2288
>passed!
repetition: 2289
>passed!
repetition: 2290
>passed!
repetition: 2291
>passed!
repetition: 2292
>passed!
repetition: 2293
>passed!
repetition: 2294
>passed!
repetition: 2295
>passed!
repetition: 2296
>passed!
repetition: 2297
>passed!
repetition: 2298
>passed!
repetition: 2299
>passed!
repetition: 2300
>passed!
repetition: 2301
>passed!
repetition: 2302
>passed!
repetition: 2303
>passed!
repetition: 2304
>passed!
repetition: 2305
>passed!
repetition: 2306
>passed!
repetition: 2307
>passed!
repetition: 2308
>passed!
repetition: 2309
>passed!
repetition: 2310
>passed!
repetition: 2311
>passed!
repetition: 2312
>passed!
repetition: 2313
>passed!
repetition: 2314
>passed!
repetition: 2315
>passed!
repetition: 2316
>passed!
repetition: 2317
>passed!
repetition: 2318
>passed!
repetition: 2319
>passed!
repetition: 2320
>passed!
repetition: 2321
>passed!
repetition: 2322
>passed!
repetition: 2323
>passed!
repetition: 2324
>passed!
repetition: 2325
>passed!
repetition: 2326
>passed!
repetition: 2327
>passed!
repetition: 2328
>passed!
repetition: 2329
>passed!
repetition: 2330
>passed!
repetition: 2331
>passed!
repetition: 2332
>passed!
repetition: 2333
>passed!
repetition: 2334
>passed!
repetition: 2335
>passed!
repetition: 2336
>passed!
repetition: 2337
>passed!
repetition: 2338
>passed!
repetition: 2339
>passed!
repetition: 2340
>passed!
repetition: 2341
>passed!
repetition: 2342
>passed!
repetition: 2343
>passed!
repetition: 2344
>passed!
repetition: 2345
>passed!
repetition: 2346
>passed!
repetition: 2347
>passed!
repetition: 2348
>passed!
repetition: 2349
>passed!
repetition: 2350
>passed!
repetition: 2351
>passed!
repetition: 2352
>passed!
repetition: 2353
>passed!
repetition: 2354
>passed!
repetition: 2355
>passed!
repetition: 2356
>passed!
repetition: 2357
>passed!
repetition: 2358
>passed!
repetition: 2359
>passed!
repetition: 2360
>passed!
repetition: 2361
>passed!
repetition: 2362
>passed!
repetition: 2363
>passed!
repetition: 2364
>passed!
repetition: 2365
>passed!
repetition: 2366
>passed!
repetition: 2367
>passed!
repetition: 2368
>passed!
repetition: 2369
>passed!
repetition: 2370
>passed!
repetition: 2371
>passed!
repetition: 2372
>passed!
repetition: 2373
>passed!
repetition: 2374
>passed!
repetition: 2375
>passed!
repetition: 2376
>passed!
repetition: 2377
>passed!
repetition: 2378
>passed!
repetition: 2379
>passed!
repetition: 2380
>passed!
repetition: 2381
>passed!
repetition: 2382
>passed!
repetition: 2383
>passed!
repetition: 2384
>passed!
repetition: 2385
>passed!
repetition: 2386
>passed!
repetition: 2387
>passed!
repetition: 2388
>passed!
repetition: 2389
>passed!
repetition: 2390
>passed!
repetition: 2391
>passed!
repetition: 2392
>passed!
repetition: 2393
>passed!
repetition: 2394
>passed!
repetition: 2395
>passed!
repetition: 2396
>passed!
repetition: 2397
>passed!
repetition: 2398
>passed!
repetition: 2399
>passed!
repetition: 2400
>passed!
repetition: 2401
>passed!
repetition: 2402
>passed!
repetition: 2403
>passed!
repetition: 2404
>passed!
repetition: 2405
>passed!
repetition: 2406
>passed!
repetition: 2407
>passed!
repetition: 2408
>passed!
repetition: 2409
>passed!
repetition: 2410
>passed!
repetition: 2411
>passed!
repetition: 2412
>passed!
repetition: 2413
>passed!
repetition: 2414
>passed!
repetition: 2415
>passed!
repetition: 2416
>passed!
repetition: 2417
>passed!
repetition: 2418
>passed!
repetition: 2419
>passed!
repetition: 2420
>passed!
repetition: 2421
>passed!
repetition: 2422
>passed!
repetition: 2423
>passed!
repetition: 2424
>passed!
repetition: 2425
>passed!
repetition: 2426
>passed!
repetition: 2427
>passed!
repetition: 2428
>passed!
repetition: 2429
>passed!
repetition: 2430
>passed!
repetition: 2431
>passed!
repetition: 2432
>passed!
repetition: 2433
>passed!
repetition: 2434
>passed!
repetition: 2435
>passed!
repetition: 2436
>passed!
repetition: 2437
>passed!
repetition: 2438
>passed!
repetition: 2439
>passed!
repetition: 2440
>passed!
repetition: 2441
>passed!
repetition: 2442
>passed!
repetition: 2443
>passed!
repetition: 2444
>passed!
repetition: 2445
>passed!
repetition: 2446
>passed!
repetition: 2447
>passed!
repetition: 2448
>passed!
repetition: 2449
>passed!
repetition: 2450
>passed!
repetition: 2451
>passed!
repetition: 2452
>passed!
repetition: 2453
>passed!
repetition: 2454
>passed!
repetition: 2455
>passed!
repetition: 2456
>passed!
repetition: 2457
>passed!
repetition: 2458
>passed!
repetition: 2459
>passed!
repetition: 2460
>passed!
repetition: 2461
>passed!
repetition: 2462
>passed!
repetition: 2463
>passed!
repetition: 2464
>passed!
repetition: 2465
>passed!
repetition: 2466
>passed!
repetition: 2467
>passed!
repetition: 2468
>passed!
repetition: 2469
>passed!
repetition: 2470
>passed!
repetition: 2471
>passed!
repetition: 2472
>passed!
repetition: 2473
>passed!
repetition: 2474
>passed!
repetition: 2475
>passed!
repetition: 2476
>passed!
repetition: 2477
>passed!
repetition: 2478
>passed!
repetition: 2479
>passed!
repetition: 2480
>passed!
repetition: 2481
>passed!
repetition: 2482
>passed!
repetition: 2483
>passed!
repetition: 2484
>passed!
repetition: 2485
>passed!
repetition: 2486
>passed!
repetition: 2487
>passed!
repetition: 2488
>passed!
repetition: 2489
>passed!
repetition: 2490
>passed!
repetition: 2491
>passed!
repetition: 2492
>passed!
repetition: 2493
>passed!
repetition: 2494
>passed!
repetition: 2495
>passed!
repetition: 2496
>passed!
repetition: 2497
>passed!
repetition: 2498
>passed!
repetition: 2499
>passed!
repetition: 2500
>passed!
repetition: 2501
>passed!
repetition: 2502
>passed!
repetition: 2503
>passed!
repetition: 2504
>passed!
repetition: 2505
>passed!
repetition: 2506
>passed!
repetition: 2507
>passed!
repetition: 2508
>passed!
repetition: 2509
>passed!
repetition: 2510
>passed!
repetition: 2511
>passed!
repetition: 2512
>passed!
repetition: 2513
>passed!
repetition: 2514
>passed!
repetition: 2515
>passed!
repetition: 2516
>passed!
repetition: 2517
>passed!
repetition: 2518
>passed!
repetition: 2519
>passed!
repetition: 2520
>passed!
repetition: 2521
>passed!
repetition: 2522
>passed!
repetition: 2523
>passed!
repetition: 2524
>passed!
repetition: 2525
>passed!
repetition: 2526
>passed!
repetition: 2527
>passed!
repetition: 2528
>passed!
repetition: 2529
>passed!
repetition: 2530
>passed!
repetition: 2531
>passed!
repetition: 2532
>passed!
repetition: 2533
>passed!
repetition: 2534
>passed!
repetition: 2535
>passed!
repetition: 2536
>passed!
repetition: 2537
>passed!
repetition: 2538
>passed!
repetition: 2539
>passed!
repetition: 2540
>passed!
repetition: 2541
>passed!
repetition: 2542
>passed!
repetition: 2543
>passed!
repetition: 2544
>passed!
repetition: 2545
>passed!
repetition: 2546
>passed!
repetition: 2547
>passed!
repetition: 2548
>passed!
repetition: 2549
>passed!
repetition: 2550
>passed!
repetition: 2551
>passed!
repetition: 2552
>passed!
repetition: 2553
>passed!
repetition: 2554
>passed!
repetition: 2555
>passed!
repetition: 2556
>passed!
repetition: 2557
>passed!
repetition: 2558
>passed!
repetition: 2559
>passed!
repetition: 2560
>passed!
repetition: 2561
>passed!
repetition: 2562
>passed!
repetition: 2563
>passed!
repetition: 2564
>passed!
repetition: 2565
>passed!
repetition: 2566
>passed!
repetition: 2567
>passed!
repetition: 2568
>passed!
repetition: 2569
>passed!
repetition: 2570
>passed!
repetition: 2571
>passed!
repetition: 2572
>passed!
repetition: 2573
>passed!
repetition: 2574
>passed!
repetition: 2575
>passed!
repetition: 2576
>passed!
repetition: 2577
>passed!
repetition: 2578
>passed!
repetition: 2579
>passed!
repetition: 2580
>passed!
repetition: 2581
>passed!
repetition: 2582
>passed!
repetition: 2583
>passed!
repetition: 2584
>passed!
repetition: 2585
>passed!
repetition: 2586
>passed!
repetition: 2587
>passed!
repetition: 2588
>passed!
repetition: 2589
>passed!
repetition: 2590
>passed!
repetition: 2591
>passed!
repetition: 2592
>passed!
repetition: 2593
>passed!
repetition: 2594
>passed!
repetition: 2595
>passed!
repetition: 2596
>passed!
repetition: 2597
>passed!
repetition: 2598
>passed!
repetition: 2599
>passed!
repetition: 2600
>passed!
repetition: 2601
>passed!
repetition: 2602
>passed!
repetition: 2603
>passed!
repetition: 2604
>passed!
repetition: 2605
>passed!
repetition: 2606
>passed!
repetition: 2607
>passed!
repetition: 2608
>passed!
repetition: 2609
>passed!
repetition: 2610
>passed!
repetition: 2611
>passed!
repetition: 2612
>passed!
repetition: 2613
>passed!
repetition: 2614
>passed!
repetition: 2615
>passed!
repetition: 2616
>passed!
repetition: 2617
>passed!
repetition: 2618
>passed!
repetition: 2619
>passed!
repetition: 2620
>passed!
repetition: 2621
>passed!
repetition: 2622
>passed!
repetition: 2623
>passed!
repetition: 2624
>passed!
repetition: 2625
>passed!
repetition: 2626
>passed!
repetition: 2627
>passed!
repetition: 2628
>passed!
repetition: 2629
>passed!
repetition: 2630
>passed!
repetition: 2631
>passed!
repetition: 2632
>passed!
repetition: 2633
>passed!
repetition: 2634
>passed!
repetition: 2635
>passed!
repetition: 2636
>passed!
repetition: 2637
>passed!
repetition: 2638
>passed!
repetition: 2639
>passed!
repetition: 2640
>passed!
repetition: 2641
>passed!
repetition: 2642
>passed!
repetition: 2643
>passed!
repetition: 2644
>passed!
repetition: 2645
>passed!
repetition: 2646
>passed!
repetition: 2647
>passed!
repetition: 2648
>passed!
repetition: 2649
>passed!
repetition: 2650
>passed!
repetition: 2651
>passed!
repetition: 2652
>passed!
repetition: 2653
>passed!
repetition: 2654
>passed!
repetition: 2655
>passed!
repetition: 2656
>passed!
repetition: 2657
>passed!
repetition: 2658
>passed!
repetition: 2659
>passed!
repetition: 2660
>passed!
repetition: 2661
>passed!
repetition: 2662
>passed!
repetition: 2663
>passed!
repetition: 2664
>passed!
repetition: 2665
>passed!
repetition: 2666
>passed!
repetition: 2667
>passed!
repetition: 2668
>passed!
repetition: 2669
>passed!
repetition: 2670
>passed!
repetition: 2671
>passed!
repetition: 2672
>passed!
repetition: 2673
>passed!
repetition: 2674
>passed!
repetition: 2675
>passed!
repetition: 2676
>passed!
repetition: 2677
>passed!
repetition: 2678
>passed!
repetition: 2679
>passed!
repetition: 2680
>passed!
repetition: 2681
>passed!
repetition: 2682
>passed!
repetition: 2683
>passed!
repetition: 2684
>passed!
repetition: 2685
>passed!
repetition: 2686
>passed!
repetition: 2687
>passed!
repetition: 2688
>passed!
repetition: 2689
>passed!
repetition: 2690
>passed!
repetition: 2691
>passed!
repetition: 2692
>passed!
repetition: 2693
>passed!
repetition: 2694
>passed!
repetition: 2695
>passed!
repetition: 2696
>passed!
repetition: 2697
>passed!
repetition: 2698
>passed!
repetition: 2699
>passed!
repetition: 2700
>passed!
repetition: 2701
>passed!
repetition: 2702
>passed!
repetition: 2703
>passed!
repetition: 2704
>passed!
repetition: 2705
>passed!
repetition: 2706
>passed!
repetition: 2707
>passed!
repetition: 2708
>passed!
repetition: 2709
>passed!
repetition: 2710
>passed!
repetition: 2711
>passed!
repetition: 2712
>passed!
repetition: 2713
>passed!
repetition: 2714
>passed!
repetition: 2715
>passed!
repetition: 2716
>passed!
repetition: 2717
>passed!
repetition: 2718
>passed!
repetition: 2719
>passed!
repetition: 2720
>passed!
repetition: 2721
>passed!
repetition: 2722
>passed!
repetition: 2723
>passed!
repetition: 2724
>passed!
repetition: 2725
>passed!
repetition: 2726
>passed!
repetition: 2727
>passed!
repetition: 2728
>passed!
repetition: 2729
>passed!
repetition: 2730
>passed!
repetition: 2731
>passed!
repetition: 2732
>passed!
repetition: 2733
>passed!
repetition: 2734
>passed!
repetition: 2735
>passed!
repetition: 2736
>passed!
repetition: 2737
>passed!
repetition: 2738
>passed!
repetition: 2739
>passed!
repetition: 2740
>passed!
repetition: 2741
>passed!
repetition: 2742
>passed!
repetition: 2743
>passed!
repetition: 2744
>passed!
repetition: 2745
>passed!
repetition: 2746
>passed!
repetition: 2747
>passed!
repetition: 2748
>passed!
repetition: 2749
>passed!
repetition: 2750
>passed!
repetition: 2751
>passed!
repetition: 2752
>passed!
repetition: 2753
>passed!
repetition: 2754
>passed!
repetition: 2755
>passed!
repetition: 2756
>passed!
repetition: 2757
>passed!
repetition: 2758
>passed!
repetition: 2759
>passed!
repetition: 2760
>passed!
repetition: 2761
>passed!
repetition: 2762
>passed!
repetition: 2763
>passed!
repetition: 2764
>passed!
repetition: 2765
>passed!
repetition: 2766
>passed!
repetition: 2767
>passed!
repetition: 2768
>passed!
repetition: 2769
>passed!
repetition: 2770
>passed!
repetition: 2771
>passed!
repetition: 2772
>passed!
repetition: 2773
>passed!
repetition: 2774
>passed!
repetition: 2775
>passed!
repetition: 2776
>passed!
repetition: 2777
>passed!
repetition: 2778
>passed!
repetition: 2779
>passed!
repetition: 2780
>passed!
repetition: 2781
>passed!
repetition: 2782
>passed!
repetition: 2783
>passed!
repetition: 2784
>passed!
repetition: 2785
>passed!
repetition: 2786
>passed!
repetition: 2787
>passed!
repetition: 2788
>passed!
repetition: 2789
>passed!
repetition: 2790
>passed!
repetition: 2791
>passed!
repetition: 2792
>passed!
repetition: 2793
>passed!
repetition: 2794
>passed!
repetition: 2795
>passed!
repetition: 2796
>passed!
repetition: 2797
>passed!
repetition: 2798
>passed!
repetition: 2799
>passed!
repetition: 2800
>passed!
repetition: 2801
>passed!
repetition: 2802
>passed!
repetition: 2803
>passed!
repetition: 2804
>passed!
repetition: 2805
>passed!
repetition: 2806
>passed!
repetition: 2807
>passed!
repetition: 2808
>passed!
repetition: 2809
>passed!
repetition: 2810
>passed!
repetition: 2811
>passed!
repetition: 2812
>passed!
repetition: 2813
>passed!
repetition: 2814
>passed!
repetition: 2815
>passed!
repetition: 2816
>passed!
repetition: 2817
>passed!
repetition: 2818
>passed!
repetition: 2819
>passed!
repetition: 2820
>passed!
repetition: 2821
>passed!
repetition: 2822
>passed!
repetition: 2823
>passed!
repetition: 2824
>passed!
repetition: 2825
>passed!
repetition: 2826
>passed!
repetition: 2827
>passed!
repetition: 2828
>passed!
repetition: 2829
>passed!
repetition: 2830
>passed!
repetition: 2831
>passed!
repetition: 2832
>passed!
repetition: 2833
>passed!
repetition: 2834
>passed!
repetition: 2835
>passed!
repetition: 2836
>passed!
repetition: 2837
>passed!
repetition: 2838
>passed!
repetition: 2839
>passed!
repetition: 2840
>passed!
repetition: 2841
>passed!
repetition: 2842
>passed!
repetition: 2843
>passed!
repetition: 2844
>passed!
repetition: 2845
>passed!
repetition: 2846
>passed!
repetition: 2847
>passed!
repetition: 2848
>passed!
repetition: 2849
>passed!
repetition: 2850
>passed!
repetition: 2851
>passed!
repetition: 2852
>passed!
repetition: 2853
>passed!
repetition: 2854
>passed!
repetition: 2855
>passed!
repetition: 2856
>passed!
repetition: 2857
>passed!
repetition: 2858
>passed!
repetition: 2859
>passed!
repetition: 2860
>passed!
repetition: 2861
>passed!
repetition: 2862
>passed!
repetition: 2863
>passed!
repetition: 2864
>passed!
repetition: 2865
>passed!
repetition: 2866
>passed!
repetition: 2867
>passed!
repetition: 2868
>passed!
repetition: 2869
>passed!
repetition: 2870
>passed!
repetition: 2871
>passed!
repetition: 2872
>passed!
repetition: 2873
>passed!
repetition: 2874
>passed!
repetition: 2875
>passed!
repetition: 2876
>passed!
repetition: 2877
>passed!
repetition: 2878
>passed!
repetition: 2879
>passed!
repetition: 2880
>passed!
repetition: 2881
>passed!
repetition: 2882
>passed!
repetition: 2883
>passed!
repetition: 2884
>passed!
repetition: 2885
>passed!
repetition: 2886
>passed!
repetition: 2887
>passed!
repetition: 2888
>passed!
repetition: 2889
>passed!
repetition: 2890
>passed!
repetition: 2891
>passed!
repetition: 2892
>passed!
repetition: 2893
>passed!
repetition: 2894
>passed!
repetition: 2895
>passed!
repetition: 2896
>passed!
repetition: 2897
>passed!
repetition: 2898
>passed!
repetition: 2899
>passed!
repetition: 2900
>passed!
repetition: 2901
>passed!
repetition: 2902
>passed!
repetition: 2903
>passed!
repetition: 2904
>passed!
repetition: 2905
>passed!
repetition: 2906
>passed!
repetition: 2907
>passed!
repetition: 2908
>passed!
repetition: 2909
>passed!
repetition: 2910
>passed!
repetition: 2911
>passed!
repetition: 2912
>passed!
repetition: 2913
>passed!
repetition: 2914
>passed!
repetition: 2915
>passed!
repetition: 2916
>passed!
repetition: 2917
>passed!
repetition: 2918
>passed!
repetition: 2919
>passed!
repetition: 2920
>passed!
repetition: 2921
>passed!
repetition: 2922
>passed!
repetition: 2923
>passed!
repetition: 2924
>passed!
repetition: 2925
>passed!
repetition: 2926
>passed!
repetition: 2927
>passed!
repetition: 2928
>passed!
repetition: 2929
>passed!
repetition: 2930
>passed!
repetition: 2931
>passed!
repetition: 2932
>passed!
repetition: 2933
>passed!
repetition: 2934
>passed!
repetition: 2935
>passed!
repetition: 2936
>passed!
repetition: 2937
>passed!
repetition: 2938
>passed!
repetition: 2939
>passed!
repetition: 2940
>passed!
repetition: 2941
>passed!
repetition: 2942
>passed!
repetition: 2943
>passed!
repetition: 2944
>passed!
repetition: 2945
>passed!
repetition: 2946
>passed!
repetition: 2947
>passed!
repetition: 2948
>passed!
repetition: 2949
>passed!
repetition: 2950
>passed!
repetition: 2951
>passed!
repetition: 2952
>passed!
repetition: 2953
>passed!
repetition: 2954
>passed!
repetition: 2955
>passed!
repetition: 2956
>passed!
repetition: 2957
>passed!
repetition: 2958
>passed!
repetition: 2959
>passed!
repetition: 2960
>passed!
repetition: 2961
>passed!
repetition: 2962
>passed!
repetition: 2963
>passed!
repetition: 2964
>passed!
repetition: 2965
>passed!
repetition: 2966
>passed!
repetition: 2967
>passed!
repetition: 2968
>passed!
repetition: 2969
>passed!
repetition: 2970
>passed!
repetition: 2971
>passed!
repetition: 2972
>passed!
repetition: 2973
>passed!
repetition: 2974
>passed!
repetition: 2975
>passed!
repetition: 2976
>passed!
repetition: 2977
>passed!
repetition: 2978
>passed!
repetition: 2979
>passed!
repetition: 2980
>passed!
repetition: 2981
>passed!
repetition: 2982
>passed!
repetition: 2983
>passed!
repetition: 2984
>passed!
repetition: 2985
>passed!
repetition: 2986
>passed!
repetition: 2987
>passed!
repetition: 2988
>passed!
repetition: 2989
>passed!
repetition: 2990
>passed!
repetition: 2991
>passed!
repetition: 2992
>passed!
repetition: 2993
>passed!
repetition: 2994
>passed!
repetition: 2995
>passed!
repetition: 2996
>passed!
repetition: 2997
>passed!
repetition: 2998
>passed!
repetition: 2999
>passed!
repetition: 3000
>passed!
repetition: 3001
>passed!
repetition: 3002
>passed!
repetition: 3003
>passed!
repetition: 3004
>passed!
repetition: 3005
>passed!
repetition: 3006
>passed!
repetition: 3007
>passed!
repetition: 3008
>passed!
repetition: 3009
>passed!
repetition: 3010
>passed!
repetition: 3011
>passed!
repetition: 3012
>passed!
repetition: 3013
>passed!
repetition: 3014
>passed!
repetition: 3015
>passed!
repetition: 3016
>passed!
repetition: 3017
>passed!
repetition: 3018
>passed!
repetition: 3019
>passed!
repetition: 3020
>passed!
repetition: 3021
>passed!
repetition: 3022
>passed!
repetition: 3023
>passed!
repetition: 3024
>passed!
repetition: 3025
>passed!
repetition: 3026
>passed!
repetition: 3027
>passed!
repetition: 3028
>passed!
repetition: 3029
>passed!
repetition: 3030
>passed!
repetition: 3031
>passed!
repetition: 3032
>passed!
repetition: 3033
>passed!
repetition: 3034
>passed!
repetition: 3035
>passed!
repetition: 3036
>passed!
repetition: 3037
>passed!
repetition: 3038
>passed!
repetition: 3039
>passed!
repetition: 3040
>passed!
repetition: 3041
>passed!
repetition: 3042
>passed!
repetition: 3043
>passed!
repetition: 3044
>passed!
repetition: 3045
>passed!
repetition: 3046
>passed!
repetition: 3047
>passed!
repetition: 3048
>passed!
repetition: 3049
>passed!
repetition: 3050
>passed!
repetition: 3051
>passed!
repetition: 3052
>passed!
repetition: 3053
>passed!
repetition: 3054
>passed!
repetition: 3055
>passed!
repetition: 3056
>passed!
repetition: 3057
>passed!
repetition: 3058
>passed!
repetition: 3059
>passed!
repetition: 3060
>passed!
repetition: 3061
>passed!
repetition: 3062
>passed!
repetition: 3063
>passed!
repetition: 3064
>passed!
repetition: 3065
>passed!
repetition: 3066
>passed!
repetition: 3067
>passed!
repetition: 3068
>passed!
repetition: 3069
>passed!
repetition: 3070
>passed!
repetition: 3071
>passed!
repetition: 3072
>passed!
repetition: 3073
>passed!
repetition: 3074
>passed!
repetition: 3075
>passed!
repetition: 3076
>passed!
repetition: 3077
>passed!
repetition: 3078
>passed!
repetition: 3079
>passed!
repetition: 3080
>passed!
repetition: 3081
>passed!
repetition: 3082
>passed!
repetition: 3083
>passed!
repetition: 3084
>passed!
repetition: 3085
>passed!
repetition: 3086
>passed!
repetition: 3087
>passed!
repetition: 3088
>passed!
repetition: 3089
>passed!
repetition: 3090
>passed!
repetition: 3091
>passed!
repetition: 3092
>passed!
repetition: 3093
>passed!
repetition: 3094
>passed!
repetition: 3095
>passed!
repetition: 3096
>passed!
repetition: 3097
>passed!
repetition: 3098
>passed!
repetition: 3099
>passed!
repetition: 3100
>passed!
repetition: 3101
>passed!
repetition: 3102
>passed!
repetition: 3103
>passed!
repetition: 3104
>passed!
repetition: 3105
>passed!
repetition: 3106
>passed!
repetition: 3107
>passed!
repetition: 3108
>passed!
repetition: 3109
>passed!
repetition: 3110
>passed!
repetition: 3111
>passed!
repetition: 3112
>passed!
repetition: 3113
>passed!
repetition: 3114
>passed!
repetition: 3115
>passed!
repetition: 3116
>passed!
repetition: 3117
>passed!
repetition: 3118
>passed!
repetition: 3119
>passed!
repetition: 3120
>passed!
repetition: 3121
>passed!
repetition: 3122
>passed!
repetition: 3123
>passed!
repetition: 3124
>passed!
repetition: 3125
>passed!
repetition: 3126
>passed!
repetition: 3127
>passed!
repetition: 3128
>passed!
repetition: 3129
>passed!
repetition: 3130
>passed!
repetition: 3131
>passed!
repetition: 3132
>passed!
repetition: 3133
>passed!
repetition: 3134
>passed!
repetition: 3135
>passed!
repetition: 3136
>passed!
repetition: 3137
>passed!
repetition: 3138
>passed!
repetition: 3139
>passed!
repetition: 3140
>passed!
repetition: 3141
>passed!
repetition: 3142
>passed!
repetition: 3143
>passed!
repetition: 3144
>passed!
repetition: 3145
>passed!
repetition: 3146
>passed!
repetition: 3147
>passed!
repetition: 3148
>passed!
repetition: 3149
>passed!
repetition: 3150
>passed!
repetition: 3151
>passed!
repetition: 3152
>passed!
repetition: 3153
>passed!
repetition: 3154
>passed!
repetition: 3155
>passed!
repetition: 3156
>passed!
repetition: 3157
>passed!
repetition: 3158
>passed!
repetition: 3159
>passed!
repetition: 3160
>passed!
repetition: 3161
>passed!
repetition: 3162
>passed!
repetition: 3163
>passed!
repetition: 3164
>passed!
repetition: 3165
>passed!
repetition: 3166
>passed!
repetition: 3167
>passed!
repetition: 3168
>passed!
repetition: 3169
>passed!
repetition: 3170
>passed!
repetition: 3171
>passed!
repetition: 3172
>passed!
repetition: 3173
>passed!
repetition: 3174
>passed!
repetition: 3175
>passed!
repetition: 3176
>passed!
repetition: 3177
>passed!
repetition: 3178
>passed!
repetition: 3179
>passed!
repetition: 3180
>passed!
repetition: 3181
>passed!
repetition: 3182
>passed!
repetition: 3183
>passed!
repetition: 3184
>passed!
repetition: 3185
>passed!
repetition: 3186
>passed!
repetition: 3187
>passed!
repetition: 3188
>passed!
repetition: 3189
>passed!
repetition: 3190
>passed!
repetition: 3191
>passed!
repetition: 3192
>passed!
repetition: 3193
>passed!
repetition: 3194
>passed!
repetition: 3195
>passed!
repetition: 3196
>passed!
repetition: 3197
>passed!
repetition: 3198
>passed!
repetition: 3199
>passed!
repetition: 3200
>passed!
repetition: 3201
>passed!
repetition: 3202
>passed!
repetition: 3203
>passed!
repetition: 3204
>passed!
repetition: 3205
>passed!
repetition: 3206
>passed!
repetition: 3207
>passed!
repetition: 3208
>passed!
repetition: 3209
>passed!
repetition: 3210
>passed!
repetition: 3211
>passed!
repetition: 3212
>passed!
repetition: 3213
>passed!
repetition: 3214
>passed!
repetition: 3215
>passed!
repetition: 3216
>passed!
repetition: 3217
>passed!
repetition: 3218
>passed!
repetition: 3219
>passed!
repetition: 3220
>passed!
repetition: 3221
>passed!
repetition: 3222
>passed!
repetition: 3223
>passed!
repetition: 3224
>passed!
repetition: 3225
>passed!
repetition: 3226
>passed!
repetition: 3227
>passed!
repetition: 3228
>passed!
repetition: 3229
>passed!
repetition: 3230
>passed!
repetition: 3231
>passed!
repetition: 3232
>passed!
repetition: 3233
>passed!
repetition: 3234
>passed!
repetition: 3235
>passed!
repetition: 3236
>passed!
repetition: 3237
>passed!
repetition: 3238
>passed!
repetition: 3239
>passed!
repetition: 3240
>passed!
repetition: 3241
>passed!
repetition: 3242
>passed!
repetition: 3243
>passed!
repetition: 3244
>passed!
repetition: 3245
>passed!
repetition: 3246
>passed!
repetition: 3247
>passed!
repetition: 3248
>passed!
repetition: 3249
>passed!
repetition: 3250
>passed!
repetition: 3251
>passed!
repetition: 3252
>passed!
repetition: 3253
>passed!
repetition: 3254
>passed!
repetition: 3255
>passed!
repetition: 3256
>passed!
repetition: 3257
>passed!
repetition: 3258
>passed!
repetition: 3259
>passed!
repetition: 3260
>passed!
repetition: 3261
>passed!
repetition: 3262
>passed!
repetition: 3263
>passed!
repetition: 3264
>passed!
repetition: 3265
>passed!
repetition: 3266
>passed!
repetition: 3267
>passed!
repetition: 3268
>passed!
repetition: 3269
>passed!
repetition: 3270
>passed!
repetition: 3271
>passed!
repetition: 3272
>passed!
repetition: 3273
>passed!
repetition: 3274
>passed!
repetition: 3275
>passed!
repetition: 3276
>passed!
repetition: 3277
>passed!
repetition: 3278
>passed!
repetition: 3279
>passed!
repetition: 3280
>passed!
repetition: 3281
>passed!
repetition: 3282
>passed!
repetition: 3283
>passed!
repetition: 3284
>passed!
repetition: 3285
>passed!
repetition: 3286
>passed!
repetition: 3287
>passed!
repetition: 3288
>passed!
repetition: 3289
>passed!
repetition: 3290
>passed!
repetition: 3291
>passed!
repetition: 3292
>passed!
repetition: 3293
>passed!
repetition: 3294
>passed!
repetition: 3295
>passed!
repetition: 3296
>passed!
repetition: 3297
>passed!
repetition: 3298
>passed!
repetition: 3299
>passed!
repetition: 3300
>passed!
repetition: 3301
>passed!
repetition: 3302
>passed!
repetition: 3303
>passed!
repetition: 3304
>passed!
repetition: 3305
>passed!
repetition: 3306
>passed!
repetition: 3307
>passed!
repetition: 3308
>passed!
repetition: 3309
>passed!
repetition: 3310
>passed!
repetition: 3311
>passed!
repetition: 3312
>passed!
repetition: 3313
>passed!
repetition: 3314
>passed!
repetition: 3315
>passed!
repetition: 3316
>passed!
repetition: 3317
>passed!
repetition: 3318
>passed!
repetition: 3319
>passed!
repetition: 3320
>passed!
repetition: 3321
>passed!
repetition: 3322
>passed!
repetition: 3323
>passed!
repetition: 3324
>passed!
repetition: 3325
>passed!
repetition: 3326
>passed!
repetition: 3327
>passed!
repetition: 3328
>passed!
repetition: 3329
>passed!
repetition: 3330
>passed!
repetition: 3331
>passed!
repetition: 3332
>passed!
repetition: 3333
>passed!
repetition: 3334
>passed!
repetition: 3335
>passed!
repetition: 3336
>passed!
repetition: 3337
>passed!
repetition: 3338
>passed!
repetition: 3339
>passed!
repetition: 3340
>passed!
repetition: 3341
>passed!
repetition: 3342
>passed!
repetition: 3343
>passed!
repetition: 3344
>passed!
repetition: 3345
>passed!
repetition: 3346
>passed!
repetition: 3347
>passed!
repetition: 3348
>passed!
repetition: 3349
>passed!
repetition: 3350
>passed!
repetition: 3351
>passed!
repetition: 3352
>passed!
repetition: 3353
>passed!
repetition: 3354
>passed!
repetition: 3355
>passed!
repetition: 3356
>passed!
repetition: 3357
>passed!
repetition: 3358
>passed!
repetition: 3359
>passed!
repetition: 3360
>passed!
repetition: 3361
>passed!
repetition: 3362
>passed!
repetition: 3363
>passed!
repetition: 3364
>passed!
repetition: 3365
>passed!
repetition: 3366
>passed!
repetition: 3367
>passed!
repetition: 3368
>passed!
repetition: 3369
>passed!
repetition: 3370
>passed!
repetition: 3371
>passed!
repetition: 3372
>passed!
repetition: 3373
>passed!
repetition: 3374
>passed!
repetition: 3375
>passed!
repetition: 3376
>passed!
repetition: 3377
>passed!
repetition: 3378
>passed!
repetition: 3379
>passed!
repetition: 3380
>passed!
repetition: 3381
>passed!
repetition: 3382
>passed!
repetition: 3383
>passed!
repetition: 3384
>passed!
repetition: 3385
>passed!
repetition: 3386
>passed!
repetition: 3387
>passed!
repetition: 3388
>passed!
repetition: 3389
>passed!
repetition: 3390
>passed!
repetition: 3391
>passed!
repetition: 3392
>passed!
repetition: 3393
>passed!
repetition: 3394
>passed!
repetition: 3395
>passed!
repetition: 3396
>passed!
repetition: 3397
>passed!
repetition: 3398
>passed!
repetition: 3399
>passed!
repetition: 3400
>passed!
repetition: 3401
>passed!
repetition: 3402
>passed!
repetition: 3403
>passed!
repetition: 3404
>passed!
repetition: 3405
>passed!
repetition: 3406
>passed!
repetition: 3407
>passed!
repetition: 3408
>passed!
repetition: 3409
>passed!
repetition: 3410
>passed!
repetition: 3411
>passed!
repetition: 3412
>passed!
repetition: 3413
>passed!
repetition: 3414
>passed!
repetition: 3415
>passed!
repetition: 3416
>passed!
repetition: 3417
>passed!
repetition: 3418
>passed!
repetition: 3419
>passed!
repetition: 3420
>passed!
repetition: 3421
>passed!
repetition: 3422
>passed!
repetition: 3423
>passed!
repetition: 3424
>passed!
repetition: 3425
>passed!
repetition: 3426
>passed!
repetition: 3427
>passed!
repetition: 3428
>passed!
repetition: 3429
>passed!
repetition: 3430
>passed!
repetition: 3431
>passed!
repetition: 3432
>passed!
repetition: 3433
>passed!
repetition: 3434
>passed!
repetition: 3435
>passed!
repetition: 3436
>passed!
repetition: 3437
>passed!
repetition: 3438
>passed!
repetition: 3439
>passed!
repetition: 3440
>passed!
repetition: 3441
>passed!
repetition: 3442
>passed!
repetition: 3443
>passed!
repetition: 3444
>passed!
repetition: 3445
>passed!
repetition: 3446
>passed!
repetition: 3447
>passed!
repetition: 3448
>passed!
repetition: 3449
>passed!
repetition: 3450
>passed!
repetition: 3451
>passed!
repetition: 3452
>passed!
repetition: 3453
>passed!
repetition: 3454
>passed!
repetition: 3455
>passed!
repetition: 3456
>passed!
repetition: 3457
>passed!
repetition: 3458
>passed!
repetition: 3459
>passed!
repetition: 3460
>passed!
repetition: 3461
>passed!
repetition: 3462
>passed!
repetition: 3463
>passed!
repetition: 3464
>passed!
repetition: 3465
>passed!
repetition: 3466
>passed!
repetition: 3467
>passed!
repetition: 3468
>passed!
repetition: 3469
>passed!
repetition: 3470
>passed!
repetition: 3471
>passed!
repetition: 3472
>passed!
repetition: 3473
>passed!
repetition: 3474
>passed!
repetition: 3475
>passed!
repetition: 3476
>passed!
repetition: 3477
>passed!
repetition: 3478
>passed!
repetition: 3479
>passed!
repetition: 3480
>passed!
repetition: 3481
>passed!
repetition: 3482
>passed!
repetition: 3483
>passed!
repetition: 3484
>passed!
repetition: 3485
>passed!
repetition: 3486
>passed!
repetition: 3487
>passed!
repetition: 3488
>passed!
repetition: 3489
>passed!
repetition: 3490
>passed!
repetition: 3491
>passed!
repetition: 3492
>passed!
repetition: 3493
>passed!
repetition: 3494
>passed!
repetition: 3495
>passed!
repetition: 3496
>passed!
repetition: 3497
>passed!
repetition: 3498
>passed!
repetition: 3499
>passed!
repetition: 3500
>passed!
repetition: 3501
>passed!
repetition: 3502
>passed!
repetition: 3503
>passed!
repetition: 3504
>passed!
repetition: 3505
>passed!
repetition: 3506
>passed!
repetition: 3507
>passed!
repetition: 3508
>passed!
repetition: 3509
>passed!
repetition: 3510
>passed!
repetition: 3511
>passed!
repetition: 3512
>passed!
repetition: 3513
>passed!
repetition: 3514
>passed!
repetition: 3515
>passed!
repetition: 3516
>passed!
repetition: 3517
>passed!
repetition: 3518
>passed!
repetition: 3519
>passed!
repetition: 3520
>passed!
repetition: 3521
>passed!
repetition: 3522
>passed!
repetition: 3523
>passed!
repetition: 3524
>passed!
repetition: 3525
>passed!
repetition: 3526
>passed!
repetition: 3527
>passed!
repetition: 3528
>passed!
repetition: 3529
>passed!
repetition: 3530
>passed!
repetition: 3531
>passed!
repetition: 3532
>passed!
repetition: 3533
>passed!
repetition: 3534
>passed!
repetition: 3535
>passed!
repetition: 3536
>passed!
repetition: 3537
>passed!
repetition: 3538
>passed!
repetition: 3539
>passed!
repetition: 3540
>passed!
repetition: 3541
>passed!
repetition: 3542
>passed!
repetition: 3543
>passed!
repetition: 3544
>passed!
repetition: 3545
>passed!
repetition: 3546
>passed!
repetition: 3547
>passed!
repetition: 3548
>passed!
repetition: 3549
>passed!
repetition: 3550
>passed!
repetition: 3551
>passed!
repetition: 3552
>passed!
repetition: 3553
>passed!
repetition: 3554
>passed!
repetition: 3555
>passed!
repetition: 3556
>passed!
repetition: 3557
>passed!
repetition: 3558
>passed!
repetition: 3559
>passed!
repetition: 3560
>passed!
repetition: 3561
>passed!
repetition: 3562
>passed!
repetition: 3563
>passed!
repetition: 3564
>passed!
repetition: 3565
>passed!
repetition: 3566
>passed!
repetition: 3567
>passed!
repetition: 3568
>passed!
repetition: 3569
>passed!
repetition: 3570
>passed!
repetition: 3571
>passed!
repetition: 3572
>passed!
repetition: 3573
>passed!
repetition: 3574
>passed!
repetition: 3575
>passed!
repetition: 3576
>passed!
repetition: 3577
>passed!
repetition: 3578
>passed!
repetition: 3579
>passed!
repetition: 3580
>passed!
repetition: 3581
>passed!
repetition: 3582
>passed!
repetition: 3583
>passed!
repetition: 3584
>passed!
repetition: 3585
>passed!
repetition: 3586
>passed!
repetition: 3587
>passed!
repetition: 3588
>passed!
repetition: 3589
>passed!
repetition: 3590
>passed!
repetition: 3591
>passed!
repetition: 3592
>passed!
repetition: 3593
>passed!
repetition: 3594
>passed!
repetition: 3595
>passed!
repetition: 3596
>passed!
repetition: 3597
>passed!
repetition: 3598
>passed!
repetition: 3599
>passed!
repetition: 3600
>passed!
repetition: 3601
>passed!
repetition: 3602
>passed!
repetition: 3603
>passed!
repetition: 3604
>passed!
repetition: 3605
>passed!
repetition: 3606
>passed!
repetition: 3607
>passed!
repetition: 3608
>passed!
repetition: 3609
>passed!
repetition: 3610
>passed!
repetition: 3611
>passed!
repetition: 3612
>passed!
repetition: 3613
>passed!
repetition: 3614
>passed!
repetition: 3615
>passed!
repetition: 3616
>passed!
repetition: 3617
>passed!
repetition: 3618
>passed!
repetition: 3619
>passed!
repetition: 3620
>passed!
repetition: 3621
>passed!
repetition: 3622
>passed!
repetition: 3623
>passed!
repetition: 3624
>passed!
repetition: 3625
>passed!
repetition: 3626
>passed!
repetition: 3627
>passed!
repetition: 3628
>passed!
repetition: 3629
>passed!
repetition: 3630
>passed!
repetition: 3631
>passed!
repetition: 3632
>passed!
repetition: 3633
>passed!
repetition: 3634
>passed!
repetition: 3635
>passed!
repetition: 3636
>passed!
repetition: 3637
>passed!
repetition: 3638
>passed!
repetition: 3639
>passed!
repetition: 3640
>passed!
repetition: 3641
>passed!
repetition: 3642
>passed!
repetition: 3643
>passed!
repetition: 3644
>passed!
repetition: 3645
>passed!
repetition: 3646
>passed!
repetition: 3647
>passed!
repetition: 3648
>passed!
repetition: 3649
>passed!
repetition: 3650
>passed!
repetition: 3651
>passed!
repetition: 3652
>passed!
repetition: 3653
>passed!
repetition: 3654
>passed!
repetition: 3655
>passed!
repetition: 3656
>passed!
repetition: 3657
>passed!
repetition: 3658
>passed!
repetition: 3659
>passed!
repetition: 3660
>passed!
repetition: 3661
>passed!
repetition: 3662
>passed!
repetition: 3663
>passed!
repetition: 3664
>passed!
repetition: 3665
>passed!
repetition: 3666
>passed!
repetition: 3667
>passed!
repetition: 3668
>passed!
repetition: 3669
>passed!
repetition: 3670
>passed!
repetition: 3671
>passed!
repetition: 3672
>passed!
repetition: 3673
>passed!
repetition: 3674
>passed!
repetition: 3675
>passed!
repetition: 3676
>passed!
repetition: 3677
>passed!
repetition: 3678
>passed!
repetition: 3679
>passed!
repetition: 3680
>passed!
repetition: 3681
>passed!
repetition: 3682
>passed!
repetition: 3683
>passed!
repetition: 3684
>passed!
repetition: 3685
>passed!
repetition: 3686
>passed!
repetition: 3687
>passed!
repetition: 3688
>passed!
repetition: 3689
>passed!
repetition: 3690
>passed!
repetition: 3691
>passed!
repetition: 3692
>passed!
repetition: 3693
>passed!
repetition: 3694
>passed!
repetition: 3695
>passed!
repetition: 3696
>passed!
repetition: 3697
>passed!
repetition: 3698
>passed!
repetition: 3699
>passed!
repetition: 3700
>passed!
repetition: 3701
>passed!
repetition: 3702
>passed!
repetition: 3703
>passed!
repetition: 3704
>passed!
repetition: 3705
>passed!
repetition: 3706
>passed!
repetition: 3707
>passed!
repetition: 3708
>passed!
repetition: 3709
>passed!
repetition: 3710
>passed!
repetition: 3711
>passed!
repetition: 3712
>passed!
repetition: 3713
>passed!
repetition: 3714
>passed!
repetition: 3715
>passed!
repetition: 3716
>passed!
repetition: 3717
>passed!
repetition: 3718
>passed!
repetition: 3719
>passed!
repetition: 3720
>passed!
repetition: 3721
>passed!
repetition: 3722
>passed!
repetition: 3723
>passed!
repetition: 3724
>passed!
repetition: 3725
>passed!
repetition: 3726
>passed!
repetition: 3727
>passed!
repetition: 3728
>passed!
repetition: 3729
>passed!
repetition: 3730
>passed!
repetition: 3731
>passed!
repetition: 3732
>passed!
repetition: 3733
>passed!
repetition: 3734
>passed!
repetition: 3735
>passed!
repetition: 3736
>passed!
repetition: 3737
>passed!
repetition: 3738
>passed!
repetition: 3739
>passed!
repetition: 3740
>passed!
repetition: 3741
>passed!
repetition: 3742
>passed!
repetition: 3743
>passed!
repetition: 3744
>passed!
repetition: 3745
>passed!
repetition: 3746
>passed!
repetition: 3747
>passed!
repetition: 3748
>passed!
repetition: 3749
>passed!
repetition: 3750
>passed!
repetition: 3751
>passed!
repetition: 3752
>passed!
repetition: 3753
>passed!
repetition: 3754
>passed!
repetition: 3755
>passed!
repetition: 3756
>passed!
repetition: 3757
>passed!
repetition: 3758
>passed!
repetition: 3759
>passed!
repetition: 3760
>passed!
repetition: 3761
>passed!
repetition: 3762
>passed!
repetition: 3763
>passed!
repetition: 3764
>passed!
repetition: 3765
>passed!
repetition: 3766
>passed!
repetition: 3767
>passed!
repetition: 3768
>passed!
repetition: 3769
>passed!
repetition: 3770
>passed!
repetition: 3771
>passed!
repetition: 3772
>passed!
repetition: 3773
>passed!
repetition: 3774
>passed!
repetition: 3775
>passed!
repetition: 3776
>passed!
repetition: 3777
>passed!
repetition: 3778
>passed!
repetition: 3779
>passed!
repetition: 3780
>passed!
repetition: 3781
>passed!
repetition: 3782
>passed!
repetition: 3783
>passed!
repetition: 3784
>passed!
repetition: 3785
>passed!
repetition: 3786
>passed!
repetition: 3787
>passed!
repetition: 3788
>passed!
repetition: 3789
>passed!
repetition: 3790
>passed!
repetition: 3791
>passed!
repetition: 3792
>passed!
repetition: 3793
>passed!
repetition: 3794
>passed!
repetition: 3795
>passed!
repetition: 3796
>passed!
repetition: 3797
>passed!
repetition: 3798
>passed!
repetition: 3799
>passed!
repetition: 3800
>passed!
repetition: 3801
>passed!
repetition: 3802
>passed!
repetition: 3803
>passed!
repetition: 3804
>passed!
repetition: 3805
>passed!
repetition: 3806
>passed!
repetition: 3807
>passed!
repetition: 3808
>passed!
repetition: 3809
>passed!
repetition: 3810
>passed!
repetition: 3811
>passed!
repetition: 3812
>passed!
repetition: 3813
>passed!
repetition: 3814
>passed!
repetition: 3815
>passed!
repetition: 3816
>passed!
repetition: 3817
>passed!
repetition: 3818
>passed!
repetition: 3819
>passed!
repetition: 3820
>passed!
repetition: 3821
>passed!
repetition: 3822
>passed!
repetition: 3823
>passed!
repetition: 3824
>passed!
repetition: 3825
>passed!
repetition: 3826
>passed!
repetition: 3827
>passed!
repetition: 3828
>passed!
repetition: 3829
>passed!
repetition: 3830
>passed!
repetition: 3831
>passed!
repetition: 3832
>passed!
repetition: 3833
>passed!
repetition: 3834
>passed!
repetition: 3835
>passed!
repetition: 3836
>passed!
repetition: 3837
>passed!
repetition: 3838
>passed!
repetition: 3839
>passed!
repetition: 3840
>passed!
repetition: 3841
>passed!
repetition: 3842
>passed!
repetition: 3843
>passed!
repetition: 3844
>passed!
repetition: 3845
>passed!
repetition: 3846
>passed!
repetition: 3847
>passed!
repetition: 3848
>passed!
repetition: 3849
>passed!
repetition: 3850
>passed!
repetition: 3851
>passed!
repetition: 3852
>passed!
repetition: 3853
>passed!
repetition: 3854
>passed!
repetition: 3855
>passed!
repetition: 3856
>passed!
repetition: 3857
>passed!
repetition: 3858
>passed!
repetition: 3859
>passed!
repetition: 3860
>passed!
repetition: 3861
>passed!
repetition: 3862
>passed!
repetition: 3863
>passed!
repetition: 3864
>passed!
repetition: 3865
>passed!
repetition: 3866
>passed!
repetition: 3867
>passed!
repetition: 3868
>passed!
repetition: 3869
>passed!
repetition: 3870
>passed!
repetition: 3871
>passed!
repetition: 3872
>passed!
repetition: 3873
>passed!
repetition: 3874
>passed!
repetition: 3875
>passed!
repetition: 3876
>passed!
repetition: 3877
>passed!
repetition: 3878
>passed!
repetition: 3879
>passed!
repetition: 3880
>passed!
repetition: 3881
>passed!
repetition: 3882
>passed!
repetition: 3883
>passed!
repetition: 3884
>passed!
repetition: 3885
>passed!
repetition: 3886
>passed!
repetition: 3887
>passed!
repetition: 3888
>passed!
repetition: 3889
>passed!
repetition: 3890
>passed!
repetition: 3891
>passed!
repetition: 3892
>passed!
repetition: 3893
>passed!
repetition: 3894
>passed!
repetition: 3895
>passed!
repetition: 3896
>passed!
repetition: 3897
>passed!
repetition: 3898
>passed!
repetition: 3899
>passed!
repetition: 3900
>passed!
repetition: 3901
>passed!
repetition: 3902
>passed!
repetition: 3903
>passed!
repetition: 3904
>passed!
repetition: 3905
>passed!
repetition: 3906
>passed!
repetition: 3907
>passed!
repetition: 3908
>passed!
repetition: 3909
>passed!
repetition: 3910
>passed!
repetition: 3911
>passed!
repetition: 3912
>passed!
repetition: 3913
>passed!
repetition: 3914
>passed!
repetition: 3915
>passed!
repetition: 3916
>passed!
repetition: 3917
>passed!
repetition: 3918
>passed!
repetition: 3919
>passed!
repetition: 3920
>passed!
repetition: 3921
>passed!
repetition: 3922
>passed!
repetition: 3923
>passed!
repetition: 3924
>passed!
repetition: 3925
>passed!
repetition: 3926
>passed!
repetition: 3927
>passed!
repetition: 3928
>passed!
repetition: 3929
>passed!
repetition: 3930
>passed!
repetition: 3931
>passed!
repetition: 3932
>passed!
repetition: 3933
>passed!
repetition: 3934
>passed!
repetition: 3935
>passed!
repetition: 3936
>passed!
repetition: 3937
>passed!
repetition: 3938
>passed!
repetition: 3939
>passed!
repetition: 3940
>passed!
repetition: 3941
>passed!
repetition: 3942
>passed!
repetition: 3943
>passed!
repetition: 3944
>passed!
repetition: 3945
>passed!
repetition: 3946
>passed!
repetition: 3947
>passed!
repetition: 3948
>passed!
repetition: 3949
>passed!
repetition: 3950
>passed!
repetition: 3951
>passed!
repetition: 3952
>passed!
repetition: 3953
>passed!
repetition: 3954
>passed!
repetition: 3955
>passed!
repetition: 3956
>passed!
repetition: 3957
>passed!
repetition: 3958
>passed!
repetition: 3959
>passed!
repetition: 3960
>passed!
repetition: 3961
>passed!
repetition: 3962
>passed!
repetition: 3963
>passed!
repetition: 3964
>passed!
repetition: 3965
>passed!
repetition: 3966
>passed!
repetition: 3967
>passed!
repetition: 3968
>passed!
repetition: 3969
>passed!
repetition: 3970
>passed!
repetition: 3971
>passed!
repetition: 3972
>passed!
repetition: 3973
>passed!
repetition: 3974
>passed!
repetition: 3975
>passed!
repetition: 3976
>passed!
repetition: 3977
>passed!
repetition: 3978
>passed!
repetition: 3979
>passed!
repetition: 3980
>passed!
repetition: 3981
>passed!
repetition: 3982
>passed!
repetition: 3983
>passed!
repetition: 3984
>passed!
repetition: 3985
>passed!
repetition: 3986
>passed!
repetition: 3987
>passed!
repetition: 3988
>passed!
repetition: 3989
>passed!
repetition: 3990
>passed!
repetition: 3991
>passed!
repetition: 3992
>passed!
repetition: 3993
>passed!
repetition: 3994
>passed!
repetition: 3995
>passed!
repetition: 3996
>passed!
repetition: 3997
>passed!
repetition: 3998
>passed!
repetition: 3999
>passed!
repetition: 4000
>passed!
repetition: 4001
>passed!
repetition: 4002
>passed!
repetition: 4003
>passed!
repetition: 4004
>passed!
repetition: 4005
>passed!
repetition: 4006
>passed!
repetition: 4007
>passed!
repetition: 4008
>passed!
repetition: 4009
>passed!
repetition: 4010
>passed!
repetition: 4011
>passed!
repetition: 4012
>passed!
repetition: 4013
>passed!
repetition: 4014
>passed!
repetition: 4015
>passed!
repetition: 4016
>passed!
repetition: 4017
>passed!
repetition: 4018
>passed!
repetition: 4019
>passed!
repetition: 4020
>passed!
repetition: 4021
>passed!
repetition: 4022
>passed!
repetition: 4023
>passed!
repetition: 4024
>passed!
repetition: 4025
>passed!
repetition: 4026
>passed!
repetition: 4027
>passed!
repetition: 4028
>passed!
repetition: 4029
>passed!
repetition: 4030
>passed!
repetition: 4031
>passed!
repetition: 4032
>passed!
repetition: 4033
>passed!
repetition: 4034
>passed!
repetition: 4035
>passed!
repetition: 4036
>passed!
repetition: 4037
>passed!
repetition: 4038
>passed!
repetition: 4039
>passed!
repetition: 4040
>passed!
repetition: 4041
>passed!
repetition: 4042
>passed!
repetition: 4043
>passed!
repetition: 4044
>passed!
repetition: 4045
>passed!
repetition: 4046
>passed!
repetition: 4047
>passed!
repetition: 4048
>passed!
repetition: 4049
>passed!
repetition: 4050
>passed!
repetition: 4051
>passed!
repetition: 4052
>passed!
repetition: 4053
>passed!
repetition: 4054
>passed!
repetition: 4055
>passed!
repetition: 4056
>passed!
repetition: 4057
>passed!
repetition: 4058
>passed!
repetition: 4059
>passed!
repetition: 4060
>passed!
repetition: 4061
>passed!
repetition: 4062
>passed!
repetition: 4063
>passed!
repetition: 4064
>passed!
repetition: 4065
>passed!
repetition: 4066
>passed!
repetition: 4067
>passed!
repetition: 4068
>passed!
repetition: 4069
>passed!
repetition: 4070
>passed!
repetition: 4071
>passed!
repetition: 4072
>passed!
repetition: 4073
>passed!
repetition: 4074
>passed!
repetition: 4075
>passed!
repetition: 4076
>passed!
repetition: 4077
>passed!
repetition: 4078
>passed!
repetition: 4079
>passed!
repetition: 4080
>passed!
repetition: 4081
>passed!
repetition: 4082
>passed!
repetition: 4083
>passed!
repetition: 4084
>passed!
repetition: 4085
>passed!
repetition: 4086
>passed!
repetition: 4087
>passed!
repetition: 4088
>passed!
repetition: 4089
>passed!
repetition: 4090
>passed!
repetition: 4091
>passed!
repetition: 4092
>passed!
repetition: 4093
>passed!
repetition: 4094
>passed!
repetition: 4095
>passed!
repetition: 4096
>passed!
repetition: 4097
>passed!
repetition: 4098
>passed!
repetition: 4099
>passed!
repetition: 4100
>passed!
repetition: 4101
>passed!
repetition: 4102
>passed!
repetition: 4103
>passed!
repetition: 4104
>passed!
repetition: 4105
>passed!
repetition: 4106
>passed!
repetition: 4107
>passed!
repetition: 4108
>passed!
repetition: 4109
>passed!
repetition: 4110
>passed!
repetition: 4111
>passed!
repetition: 4112
>passed!
repetition: 4113
>passed!
repetition: 4114
>passed!
repetition: 4115
>passed!
repetition: 4116
>passed!
repetition: 4117
>passed!
repetition: 4118
>passed!
repetition: 4119
>passed!
repetition: 4120
>passed!
repetition: 4121
>passed!
repetition: 4122
>passed!
repetition: 4123
>passed!
repetition: 4124
>passed!
repetition: 4125
>passed!
repetition: 4126
>passed!
repetition: 4127
>passed!
repetition: 4128
>passed!
repetition: 4129
>passed!
repetition: 4130
>passed!
repetition: 4131
>passed!
repetition: 4132
>passed!
repetition: 4133
>passed!
repetition: 4134
>passed!
repetition: 4135
>passed!
repetition: 4136
>passed!
repetition: 4137
>passed!
repetition: 4138
>passed!
repetition: 4139
>passed!
repetition: 4140
>passed!
repetition: 4141
>passed!
repetition: 4142
>passed!
repetition: 4143
>passed!
repetition: 4144
>passed!
repetition: 4145
>passed!
repetition: 4146
>passed!
repetition: 4147
>passed!
repetition: 4148
>passed!
repetition: 4149
>passed!
repetition: 4150
>passed!
repetition: 4151
>passed!
repetition: 4152
>passed!
repetition: 4153
>passed!
repetition: 4154
>passed!
repetition: 4155
>passed!
repetition: 4156
>passed!
repetition: 4157
>passed!
repetition: 4158
>passed!
repetition: 4159
>passed!
repetition: 4160
>passed!
repetition: 4161
>passed!
repetition: 4162
>passed!
repetition: 4163
>passed!
repetition: 4164
>passed!
repetition: 4165
>passed!
repetition: 4166
>passed!
repetition: 4167
>passed!
repetition: 4168
>passed!
repetition: 4169
>passed!
repetition: 4170
>passed!
repetition: 4171
>passed!
repetition: 4172
>passed!
repetition: 4173
>passed!
repetition: 4174
>passed!
repetition: 4175
>passed!
repetition: 4176
>passed!
repetition: 4177
>passed!
repetition: 4178
>passed!
repetition: 4179
>passed!
repetition: 4180
>passed!
repetition: 4181
>passed!
repetition: 4182
>passed!
repetition: 4183
>passed!
repetition: 4184
>passed!
repetition: 4185
>passed!
repetition: 4186
>passed!
repetition: 4187
>passed!
repetition: 4188
>passed!
repetition: 4189
>passed!
repetition: 4190
>passed!
repetition: 4191
>passed!
repetition: 4192
>passed!
repetition: 4193
>passed!
repetition: 4194
>passed!
repetition: 4195
>passed!
repetition: 4196
>passed!
repetition: 4197
>passed!
repetition: 4198
>passed!
repetition: 4199
>passed!
repetition: 4200
>passed!
repetition: 4201
>passed!
repetition: 4202
>passed!
repetition: 4203
>passed!
repetition: 4204
>passed!
repetition: 4205
>passed!
repetition: 4206
>passed!
repetition: 4207
>passed!
repetition: 4208
>passed!
repetition: 4209
>passed!
repetition: 4210
>passed!
repetition: 4211
>passed!
repetition: 4212
>passed!
repetition: 4213
>passed!
repetition: 4214
>passed!
repetition: 4215
>passed!
repetition: 4216
>passed!
repetition: 4217
>passed!
repetition: 4218
>passed!
repetition: 4219
>passed!
repetition: 4220
>passed!
repetition: 4221
>passed!
repetition: 4222
>passed!
repetition: 4223
>passed!
repetition: 4224
>passed!
repetition: 4225
>passed!
repetition: 4226
>passed!
repetition: 4227
>passed!
repetition: 4228
>passed!
repetition: 4229
>passed!
repetition: 4230
>passed!
repetition: 4231
>passed!
repetition: 4232
>passed!
repetition: 4233
>passed!
repetition: 4234
>passed!
repetition: 4235
>passed!
repetition: 4236
>passed!
repetition: 4237
>passed!
repetition: 4238
>passed!
repetition: 4239
>passed!
repetition: 4240
>passed!
repetition: 4241
>passed!
repetition: 4242
>passed!
repetition: 4243
>passed!
repetition: 4244
>passed!
repetition: 4245
>passed!
repetition: 4246
>passed!
repetition: 4247
>passed!
repetition: 4248
>passed!
repetition: 4249
>passed!
repetition: 4250
>passed!
repetition: 4251
>passed!
repetition: 4252
>passed!
repetition: 4253
>passed!
repetition: 4254
>passed!
repetition: 4255
>passed!
repetition: 4256
>passed!
repetition: 4257
>passed!
repetition: 4258
>passed!
repetition: 4259
>passed!
repetition: 4260
>passed!
repetition: 4261
>passed!
repetition: 4262
>passed!
repetition: 4263
>passed!
repetition: 4264
>passed!
repetition: 4265
>passed!
repetition: 4266
>passed!
repetition: 4267
>passed!
repetition: 4268
>passed!
repetition: 4269
>passed!
repetition: 4270
>passed!
repetition: 4271
>passed!
repetition: 4272
>passed!
repetition: 4273
>passed!
repetition: 4274
>passed!
repetition: 4275
>passed!
repetition: 4276
>passed!
repetition: 4277
>passed!
repetition: 4278
>passed!
repetition: 4279
>passed!
repetition: 4280
>passed!
repetition: 4281
>passed!
repetition: 4282
>passed!
repetition: 4283
>passed!
repetition: 4284
>passed!
repetition: 4285
>passed!
repetition: 4286
>passed!
repetition: 4287
>passed!
repetition: 4288
>passed!
repetition: 4289
>passed!
repetition: 4290
>passed!
repetition: 4291
>passed!
repetition: 4292
>passed!
repetition: 4293
>passed!
repetition: 4294
>passed!
repetition: 4295
>passed!
repetition: 4296
>passed!
repetition: 4297
>passed!
repetition: 4298
>passed!
repetition: 4299
>passed!
repetition: 4300
>passed!
repetition: 4301
>passed!
repetition: 4302
>passed!
repetition: 4303
>passed!
repetition: 4304
>passed!
repetition: 4305
>passed!
repetition: 4306
>passed!
repetition: 4307
>passed!
repetition: 4308
>passed!
repetition: 4309
>passed!
repetition: 4310
>passed!
repetition: 4311
>passed!
repetition: 4312
>passed!
repetition: 4313
>passed!
repetition: 4314
>passed!
repetition: 4315
>passed!
repetition: 4316
>passed!
repetition: 4317
>passed!
repetition: 4318
>passed!
repetition: 4319
>passed!
repetition: 4320
>passed!
repetition: 4321
>passed!
repetition: 4322
>passed!
repetition: 4323
>passed!
repetition: 4324
>passed!
repetition: 4325
>passed!
repetition: 4326
>passed!
repetition: 4327
>passed!
repetition: 4328
>passed!
repetition: 4329
>passed!
repetition: 4330
>passed!
repetition: 4331
>passed!
repetition: 4332
>passed!
repetition: 4333
>passed!
repetition: 4334
>passed!
repetition: 4335
>passed!
repetition: 4336
>passed!
repetition: 4337
>passed!
repetition: 4338
>passed!
repetition: 4339
>passed!
repetition: 4340
>passed!
repetition: 4341
>passed!
repetition: 4342
>passed!
repetition: 4343
>passed!
repetition: 4344
>passed!
repetition: 4345
>passed!
repetition: 4346
>passed!
repetition: 4347
>passed!
repetition: 4348
>passed!
repetition: 4349
>passed!
repetition: 4350
>passed!
repetition: 4351
>passed!
repetition: 4352
>passed!
repetition: 4353
>passed!
repetition: 4354
>passed!
repetition: 4355
>passed!
repetition: 4356
>passed!
repetition: 4357
>passed!
repetition: 4358
>passed!
repetition: 4359
>passed!
repetition: 4360
>passed!
repetition: 4361
>passed!
repetition: 4362
>passed!
repetition: 4363
>passed!
repetition: 4364
>passed!
repetition: 4365
>passed!
repetition: 4366
>passed!
repetition: 4367
>passed!
repetition: 4368
>passed!
repetition: 4369
>passed!
repetition: 4370
>passed!
repetition: 4371
>passed!
repetition: 4372
>passed!
repetition: 4373
>passed!
repetition: 4374
>passed!
repetition: 4375
>passed!
repetition: 4376
>passed!
repetition: 4377
>passed!
repetition: 4378
>passed!
repetition: 4379
>passed!
repetition: 4380
>passed!
repetition: 4381
>passed!
repetition: 4382
>passed!
repetition: 4383
>passed!
repetition: 4384
>passed!
repetition: 4385
>passed!
repetition: 4386
>passed!
repetition: 4387
>passed!
repetition: 4388
>passed!
repetition: 4389
>passed!
repetition: 4390
>passed!
repetition: 4391
>passed!
repetition: 4392
>passed!
repetition: 4393
>passed!
repetition: 4394
>passed!
repetition: 4395
>passed!
repetition: 4396
>passed!
repetition: 4397
>passed!
repetition: 4398
>passed!
repetition: 4399
>passed!
repetition: 4400
>passed!
repetition: 4401
>passed!
repetition: 4402
>passed!
repetition: 4403
>passed!
repetition: 4404
>passed!
repetition: 4405
>passed!
repetition: 4406
>passed!
repetition: 4407
>passed!
repetition: 4408
>passed!
repetition: 4409
>passed!
repetition: 4410
>passed!
repetition: 4411
>passed!
repetition: 4412
>passed!
repetition: 4413
>passed!
repetition: 4414
>passed!
repetition: 4415
>passed!
repetition: 4416
>passed!
repetition: 4417
>passed!
repetition: 4418
>passed!
repetition: 4419
>passed!
repetition: 4420
>passed!
repetition: 4421
>passed!
repetition: 4422
>passed!
repetition: 4423
>passed!
repetition: 4424
>passed!
repetition: 4425
>passed!
repetition: 4426
>passed!
repetition: 4427
>passed!
repetition: 4428
>passed!
repetition: 4429
>passed!
repetition: 4430
>passed!
repetition: 4431
>passed!
repetition: 4432
>passed!
repetition: 4433
>passed!
repetition: 4434
>passed!
repetition: 4435
>passed!
repetition: 4436
>passed!
repetition: 4437
>passed!
repetition: 4438
>passed!
repetition: 4439
>passed!
repetition: 4440
>passed!
repetition: 4441
>passed!
repetition: 4442
>passed!
repetition: 4443
>passed!
repetition: 4444
>passed!
repetition: 4445
>passed!
repetition: 4446
>passed!
repetition: 4447
>passed!
repetition: 4448
>passed!
repetition: 4449
>passed!
repetition: 4450
>passed!
repetition: 4451
>passed!
repetition: 4452
>passed!
repetition: 4453
>passed!
repetition: 4454
>passed!
repetition: 4455
>passed!
repetition: 4456
>passed!
repetition: 4457
>passed!
repetition: 4458
>passed!
repetition: 4459
>passed!
repetition: 4460
>passed!
repetition: 4461
>passed!
repetition: 4462
>passed!
repetition: 4463
>passed!
repetition: 4464
>passed!
repetition: 4465
>passed!
repetition: 4466
>passed!
repetition: 4467
>passed!
repetition: 4468
>passed!
repetition: 4469
>passed!
repetition: 4470
>passed!
repetition: 4471
>passed!
repetition: 4472
>passed!
repetition: 4473
>passed!
repetition: 4474
>passed!
repetition: 4475
>passed!
repetition: 4476
>passed!
repetition: 4477
>passed!
repetition: 4478
>passed!
repetition: 4479
>passed!
repetition: 4480
>passed!
repetition: 4481
>passed!
repetition: 4482
>passed!
repetition: 4483
>passed!
repetition: 4484
>passed!
repetition: 4485
>passed!
repetition: 4486
>passed!
repetition: 4487
>passed!
repetition: 4488
>passed!
repetition: 4489
>passed!
repetition: 4490
>passed!
repetition: 4491
>passed!
repetition: 4492
>passed!
repetition: 4493
>passed!
repetition: 4494
>passed!
repetition: 4495
>passed!
repetition: 4496
>passed!
repetition: 4497
>passed!
repetition: 4498
>passed!
repetition: 4499
>passed!
repetition: 4500
>passed!
repetition: 4501
>passed!
repetition: 4502
>passed!
repetition: 4503
>passed!
repetition: 4504
>passed!
repetition: 4505
>passed!
repetition: 4506
>passed!
repetition: 4507
>passed!
repetition: 4508
>passed!
repetition: 4509
>passed!
repetition: 4510
>passed!
repetition: 4511
>passed!
repetition: 4512
>passed!
repetition: 4513
>passed!
repetition: 4514
>passed!
repetition: 4515
>passed!
repetition: 4516
>passed!
repetition: 4517
>passed!
repetition: 4518
>passed!
repetition: 4519
>passed!
repetition: 4520
>passed!
repetition: 4521
>passed!
repetition: 4522
>passed!
repetition: 4523
>passed!
repetition: 4524
>passed!
repetition: 4525
>passed!
repetition: 4526
>passed!
repetition: 4527
>passed!
repetition: 4528
>passed!
repetition: 4529
>passed!
repetition: 4530
>passed!
repetition: 4531
>passed!
repetition: 4532
>passed!
repetition: 4533
>passed!
repetition: 4534
>passed!
repetition: 4535
>passed!
repetition: 4536
>passed!
repetition: 4537
>passed!
repetition: 4538
>passed!
repetition: 4539
>passed!
repetition: 4540
>passed!
repetition: 4541
>passed!
repetition: 4542
>passed!
repetition: 4543
>passed!
repetition: 4544
>passed!
repetition: 4545
>passed!
repetition: 4546
>passed!
repetition: 4547
>passed!
repetition: 4548
>passed!
repetition: 4549
>passed!
repetition: 4550
>passed!
repetition: 4551
>passed!
repetition: 4552
>passed!
repetition: 4553
>passed!
repetition: 4554
>passed!
repetition: 4555
>passed!
repetition: 4556
>passed!
repetition: 4557
>passed!
repetition: 4558
>passed!
repetition: 4559
>passed!
repetition: 4560
>passed!
repetition: 4561
>passed!
repetition: 4562
>passed!
repetition: 4563
>passed!
repetition: 4564
>passed!
repetition: 4565
>passed!
repetition: 4566
>passed!
repetition: 4567
>passed!
repetition: 4568
>passed!
repetition: 4569
>passed!
repetition: 4570
>passed!
repetition: 4571
>passed!
repetition: 4572
>passed!
repetition: 4573
>passed!
repetition: 4574
>passed!
repetition: 4575
>passed!
repetition: 4576
>passed!
repetition: 4577
>passed!
repetition: 4578
>passed!
repetition: 4579
>passed!
repetition: 4580
>passed!
repetition: 4581
>passed!
repetition: 4582
>passed!
repetition: 4583
>passed!
repetition: 4584
>passed!
repetition: 4585
>passed!
repetition: 4586
>passed!
repetition: 4587
>passed!
repetition: 4588
>passed!
repetition: 4589
>passed!
repetition: 4590
>passed!
repetition: 4591
>passed!
repetition: 4592
>passed!
repetition: 4593
>passed!
repetition: 4594
>passed!
repetition: 4595
>passed!
repetition: 4596
>passed!
repetition: 4597
>passed!
repetition: 4598
>passed!
repetition: 4599
>passed!
repetition: 4600
>passed!
repetition: 4601
>passed!
repetition: 4602
>passed!
repetition: 4603
>passed!
repetition: 4604
>passed!
repetition: 4605
>passed!
repetition: 4606
>passed!
repetition: 4607
>passed!
repetition: 4608
>passed!
repetition: 4609
>passed!
repetition: 4610
>passed!
repetition: 4611
>passed!
repetition: 4612
>passed!
repetition: 4613
>passed!
repetition: 4614
>passed!
repetition: 4615
>passed!
repetition: 4616
>passed!
repetition: 4617
>passed!
repetition: 4618
>passed!
repetition: 4619
>passed!
repetition: 4620
>passed!
repetition: 4621
>passed!
repetition: 4622
>passed!
repetition: 4623
>passed!
repetition: 4624
>passed!
repetition: 4625
>passed!
repetition: 4626
>passed!
repetition: 4627
>passed!
repetition: 4628
>passed!
repetition: 4629
>passed!
repetition: 4630
>passed!
repetition: 4631
>passed!
repetition: 4632
>passed!
repetition: 4633
>passed!
repetition: 4634
>passed!
repetition: 4635
>passed!
repetition: 4636
>passed!
repetition: 4637
>passed!
repetition: 4638
>passed!
repetition: 4639
>passed!
repetition: 4640
>passed!
repetition: 4641
>passed!
repetition: 4642
>passed!
repetition: 4643
>passed!
repetition: 4644
>passed!
repetition: 4645
>passed!
repetition: 4646
>passed!
repetition: 4647
>passed!
repetition: 4648
>passed!
repetition: 4649
>passed!
repetition: 4650
>passed!
repetition: 4651
>passed!
repetition: 4652
>passed!
repetition: 4653
>passed!
repetition: 4654
>passed!
repetition: 4655
>passed!
repetition: 4656
>passed!
repetition: 4657
>passed!
repetition: 4658
>passed!
repetition: 4659
>passed!
repetition: 4660
>passed!
repetition: 4661
>passed!
repetition: 4662
>passed!
repetition: 4663
>passed!
repetition: 4664
>passed!
repetition: 4665
>passed!
repetition: 4666
>passed!
repetition: 4667
>passed!
repetition: 4668
>passed!
repetition: 4669
>passed!
repetition: 4670
>passed!
repetition: 4671
>passed!
repetition: 4672
>passed!
repetition: 4673
>passed!
repetition: 4674
>passed!
repetition: 4675
>passed!
repetition: 4676
>passed!
repetition: 4677
>passed!
repetition: 4678
>passed!
repetition: 4679
>passed!
repetition: 4680
>passed!
repetition: 4681
>passed!
repetition: 4682
>passed!
repetition: 4683
>passed!
repetition: 4684
>passed!
repetition: 4685
>passed!
repetition: 4686
>passed!
repetition: 4687
>passed!
repetition: 4688
>passed!
repetition: 4689
>passed!
repetition: 4690
>passed!
repetition: 4691
>passed!
repetition: 4692
>passed!
repetition: 4693
>passed!
repetition: 4694
>passed!
repetition: 4695
>passed!
repetition: 4696
>passed!
repetition: 4697
>passed!
repetition: 4698
>passed!
repetition: 4699
>passed!
repetition: 4700
>passed!
repetition: 4701
>passed!
repetition: 4702
>passed!
repetition: 4703
>passed!
repetition: 4704
>passed!
repetition: 4705
>passed!
repetition: 4706
>passed!
repetition: 4707
>passed!
repetition: 4708
>passed!
repetition: 4709
>passed!
repetition: 4710
>passed!
repetition: 4711
>passed!
repetition: 4712
>passed!
repetition: 4713
>passed!
repetition: 4714
>passed!
repetition: 4715
>passed!
repetition: 4716
>passed!
repetition: 4717
>passed!
repetition: 4718
>passed!
repetition: 4719
>passed!
repetition: 4720
>passed!
repetition: 4721
>passed!
repetition: 4722
>passed!
repetition: 4723
>passed!
repetition: 4724
>passed!
repetition: 4725
>passed!
repetition: 4726
>passed!
repetition: 4727
>passed!
repetition: 4728
>passed!
repetition: 4729
>passed!
repetition: 4730
>passed!
repetition: 4731
>passed!
repetition: 4732
>passed!
repetition: 4733
>passed!
repetition: 4734
>passed!
repetition: 4735
>passed!
repetition: 4736
>passed!
repetition: 4737
>passed!
repetition: 4738
>passed!
repetition: 4739
>passed!
repetition: 4740
>passed!
repetition: 4741
>passed!
repetition: 4742
>passed!
repetition: 4743
>passed!
repetition: 4744
>passed!
repetition: 4745
>passed!
repetition: 4746
>passed!
repetition: 4747
>passed!
repetition: 4748
>passed!
repetition: 4749
>passed!
repetition: 4750
>passed!
repetition: 4751
>passed!
repetition: 4752
>passed!
repetition: 4753
>passed!
repetition: 4754
>passed!
repetition: 4755
>passed!
repetition: 4756
>passed!
repetition: 4757
>passed!
repetition: 4758
>passed!
repetition: 4759
>passed!
repetition: 4760
>passed!
repetition: 4761
>passed!
repetition: 4762
>passed!
repetition: 4763
>passed!
repetition: 4764
>passed!
repetition: 4765
>passed!
repetition: 4766
>passed!
repetition: 4767
>passed!
repetition: 4768
>passed!
repetition: 4769
>passed!
repetition: 4770
>passed!
repetition: 4771
>passed!
repetition: 4772
>passed!
repetition: 4773
>passed!
repetition: 4774
>passed!
repetition: 4775
>passed!
repetition: 4776
>passed!
repetition: 4777
>passed!
repetition: 4778
>passed!
repetition: 4779
>passed!
repetition: 4780
>passed!
repetition: 4781
>passed!
repetition: 4782
>passed!
repetition: 4783
>passed!
repetition: 4784
>passed!
repetition: 4785
>passed!
repetition: 4786
>passed!
repetition: 4787
>passed!
repetition: 4788
>passed!
repetition: 4789
>passed!
repetition: 4790
>passed!
repetition: 4791
>passed!
repetition: 4792
>passed!
repetition: 4793
>passed!
repetition: 4794
>passed!
repetition: 4795
>passed!
repetition: 4796
>passed!
repetition: 4797
>passed!
repetition: 4798
>passed!
repetition: 4799
>passed!
repetition: 4800
>passed!
repetition: 4801
>passed!
repetition: 4802
>passed!
repetition: 4803
>passed!
repetition: 4804
>passed!
repetition: 4805
>passed!
repetition: 4806
>passed!
repetition: 4807
>passed!
repetition: 4808
>passed!
repetition: 4809
>passed!
repetition: 4810
>passed!
repetition: 4811
>passed!
repetition: 4812
>passed!
repetition: 4813
>passed!
repetition: 4814
>passed!
repetition: 4815
>passed!
repetition: 4816
>passed!
repetition: 4817
>passed!
repetition: 4818
>passed!
repetition: 4819
>passed!
repetition: 4820
>passed!
repetition: 4821
>passed!
repetition: 4822
>passed!
repetition: 4823
>passed!
repetition: 4824
>passed!
repetition: 4825
>passed!
repetition: 4826
>passed!
repetition: 4827
>passed!
repetition: 4828
>passed!
repetition: 4829
>passed!
repetition: 4830
>passed!
repetition: 4831
>passed!
repetition: 4832
>passed!
repetition: 4833
>passed!
repetition: 4834
>passed!
repetition: 4835
>passed!
repetition: 4836
>passed!
repetition: 4837
>passed!
repetition: 4838
>passed!
repetition: 4839
>passed!
repetition: 4840
>passed!
repetition: 4841
>passed!
repetition: 4842
>passed!
repetition: 4843
>passed!
repetition: 4844
>passed!
repetition: 4845
>passed!
repetition: 4846
>passed!
repetition: 4847
>passed!
repetition: 4848
>passed!
repetition: 4849
>passed!
repetition: 4850
>passed!
repetition: 4851
>passed!
repetition: 4852
>passed!
repetition: 4853
>passed!
repetition: 4854
>passed!
repetition: 4855
>passed!
repetition: 4856
>passed!
repetition: 4857
>passed!
repetition: 4858
>passed!
repetition: 4859
>passed!
repetition: 4860
>passed!
repetition: 4861
>passed!
repetition: 4862
>passed!
repetition: 4863
>passed!
repetition: 4864
>passed!
repetition: 4865
>passed!
repetition: 4866
>passed!
repetition: 4867
>passed!
repetition: 4868
>passed!
repetition: 4869
>passed!
repetition: 4870
>passed!
repetition: 4871
>passed!
repetition: 4872
>passed!
repetition: 4873
>passed!
repetition: 4874
>passed!
repetition: 4875
>passed!
repetition: 4876
>passed!
repetition: 4877
>passed!
repetition: 4878
>passed!
repetition: 4879
>passed!
repetition: 4880
>passed!
repetition: 4881
>passed!
repetition: 4882
>passed!
repetition: 4883
>passed!
repetition: 4884
>passed!
repetition: 4885
>passed!
repetition: 4886
>passed!
repetition: 4887
>passed!
repetition: 4888
>passed!
repetition: 4889
>passed!
repetition: 4890
>passed!
repetition: 4891
>passed!
repetition: 4892
>passed!
repetition: 4893
>passed!
repetition: 4894
>passed!
repetition: 4895
>passed!
repetition: 4896
>passed!
repetition: 4897
>passed!
repetition: 4898
>passed!
repetition: 4899
>passed!
repetition: 4900
>passed!
repetition: 4901
>passed!
repetition: 4902
>passed!
repetition: 4903
>passed!
repetition: 4904
>passed!
repetition: 4905
>passed!
repetition: 4906
>passed!
repetition: 4907
>passed!
repetition: 4908
>passed!
repetition: 4909
>passed!
repetition: 4910
>passed!
repetition: 4911
>passed!
repetition: 4912
>passed!
repetition: 4913
>passed!
repetition: 4914
>passed!
repetition: 4915
>passed!
repetition: 4916
>passed!
repetition: 4917
>passed!
repetition: 4918
>passed!
repetition: 4919
>passed!
repetition: 4920
>passed!
repetition: 4921
>passed!
repetition: 4922
>passed!
repetition: 4923
>passed!
repetition: 4924
>passed!
repetition: 4925
>passed!
repetition: 4926
>passed!
repetition: 4927
>passed!
repetition: 4928
>passed!
repetition: 4929
>passed!
repetition: 4930
>passed!
repetition: 4931
>passed!
repetition: 4932
>passed!
repetition: 4933
>passed!
repetition: 4934
>passed!
repetition: 4935
>passed!
repetition: 4936
>passed!
repetition: 4937
>passed!
repetition: 4938
>passed!
repetition: 4939
>passed!
repetition: 4940
>passed!
repetition: 4941
>passed!
repetition: 4942
>passed!
repetition: 4943
>passed!
repetition: 4944
>passed!
repetition: 4945
>passed!
repetition: 4946
>passed!
repetition: 4947
>passed!
repetition: 4948
>passed!
repetition: 4949
>passed!
repetition: 4950
>passed!
repetition: 4951
>passed!
repetition: 4952
>passed!
repetition: 4953
>passed!
repetition: 4954
>passed!
repetition: 4955
>passed!
repetition: 4956
>passed!
repetition: 4957
>passed!
repetition: 4958
>passed!
repetition: 4959
>passed!
repetition: 4960
>passed!
repetition: 4961
>passed!
repetition: 4962
>passed!
repetition: 4963
>passed!
repetition: 4964
>passed!
repetition: 4965
>passed!
repetition: 4966
>passed!
repetition: 4967
>passed!
repetition: 4968
>passed!
repetition: 4969
>passed!
repetition: 4970
>passed!
repetition: 4971
>passed!
repetition: 4972
>passed!
repetition: 4973
>passed!
repetition: 4974
>passed!
repetition: 4975
>passed!
repetition: 4976
>passed!
repetition: 4977
>passed!
repetition: 4978
>passed!
repetition: 4979
>passed!
repetition: 4980
>passed!
repetition: 4981
>passed!
repetition: 4982
>passed!
repetition: 4983
>passed!
repetition: 4984
>passed!
repetition: 4985
>passed!
repetition: 4986
>passed!
repetition: 4987
>passed!
repetition: 4988
>passed!
repetition: 4989
>passed!
repetition: 4990
>passed!
repetition: 4991
>passed!
repetition: 4992
>passed!
repetition: 4993
>passed!
repetition: 4994
>passed!
repetition: 4995
>passed!
repetition: 4996
>passed!
repetition: 4997
>passed!
repetition: 4998
>passed!
repetition: 4999
>passed!
repetition: 5000
>passed!
repetition: 5001
>passed!
repetition: 5002
>passed!
repetition: 5003
>passed!
repetition: 5004
>passed!
repetition: 5005
>passed!
repetition: 5006
>passed!
repetition: 5007
>passed!
repetition: 5008
>passed!
repetition: 5009
>passed!
repetition: 5010
>passed!
repetition: 5011
>passed!
repetition: 5012
>passed!
repetition: 5013
>passed!
repetition: 5014
>passed!
repetition: 5015
>passed!
repetition: 5016
>passed!
repetition: 5017
>passed!
repetition: 5018
>passed!
repetition: 5019
>passed!
repetition: 5020
>passed!
repetition: 5021
>passed!
repetition: 5022
>passed!
repetition: 5023
>passed!
repetition: 5024
>passed!
repetition: 5025
>passed!
repetition: 5026
>passed!
repetition: 5027
>passed!
repetition: 5028
>passed!
repetition: 5029
>passed!
repetition: 5030
>passed!
repetition: 5031
>passed!
repetition: 5032
>passed!
repetition: 5033
>passed!
repetition: 5034
>passed!
repetition: 5035
>passed!
repetition: 5036
>passed!
repetition: 5037
>passed!
repetition: 5038
>passed!
repetition: 5039
>passed!
repetition: 5040
>passed!
repetition: 5041
>passed!
repetition: 5042
>passed!
repetition: 5043
>passed!
repetition: 5044
>passed!
repetition: 5045
>passed!
repetition: 5046
>passed!
repetition: 5047
>passed!
repetition: 5048
>passed!
repetition: 5049
>passed!
repetition: 5050
>passed!
repetition: 5051
>passed!
repetition: 5052
>passed!
repetition: 5053
>passed!
repetition: 5054
>passed!
repetition: 5055
>passed!
repetition: 5056
>passed!
repetition: 5057
>passed!
repetition: 5058
>passed!
repetition: 5059
>passed!
repetition: 5060
>passed!
repetition: 5061
>passed!
repetition: 5062
>passed!
repetition: 5063
>passed!
repetition: 5064
>passed!
repetition: 5065
>passed!
repetition: 5066
>passed!
repetition: 5067
>passed!
repetition: 5068
>passed!
repetition: 5069
>passed!
repetition: 5070
>passed!
repetition: 5071
>passed!
repetition: 5072
>passed!
repetition: 5073
>passed!
repetition: 5074
>passed!
repetition: 5075
>passed!
repetition: 5076
>passed!
repetition: 5077
>passed!
repetition: 5078
>passed!
repetition: 5079
>passed!
repetition: 5080
>passed!
repetition: 5081
>passed!
repetition: 5082
>passed!
repetition: 5083
>passed!
repetition: 5084
>passed!
repetition: 5085
>passed!
repetition: 5086
>passed!
repetition: 5087
>passed!
repetition: 5088
>passed!
repetition: 5089
>passed!
repetition: 5090
>passed!
repetition: 5091
>passed!
repetition: 5092
>passed!
repetition: 5093
>passed!
repetition: 5094
>passed!
repetition: 5095
>passed!
repetition: 5096
>passed!
repetition: 5097
>passed!
repetition: 5098
>passed!
repetition: 5099
>passed!
repetition: 5100
>passed!
repetition: 5101
>passed!
repetition: 5102
>passed!
repetition: 5103
>passed!
repetition: 5104
>passed!
repetition: 5105
>passed!
repetition: 5106
>passed!
repetition: 5107
>passed!
repetition: 5108
>passed!
repetition: 5109
>passed!
repetition: 5110
>passed!
repetition: 5111
>passed!
repetition: 5112
>passed!
repetition: 5113
>passed!
repetition: 5114
>passed!
repetition: 5115
>passed!
repetition: 5116
>passed!
repetition: 5117
>passed!
repetition: 5118
>passed!
repetition: 5119
>passed!
repetition: 5120
>passed!
repetition: 5121
>passed!
repetition: 5122
>passed!
repetition: 5123
>passed!
repetition: 5124
>passed!
repetition: 5125
>passed!
repetition: 5126
>passed!
repetition: 5127
>passed!
repetition: 5128
>passed!
repetition: 5129
>passed!
repetition: 5130
>passed!
repetition: 5131
>passed!
repetition: 5132
>passed!
repetition: 5133
>passed!
repetition: 5134
>passed!
repetition: 5135
>passed!
repetition: 5136
>passed!
repetition: 5137
>passed!
repetition: 5138
>passed!
repetition: 5139
>passed!
repetition: 5140
>passed!
repetition: 5141
>passed!
repetition: 5142
>passed!
repetition: 5143
>passed!
repetition: 5144
>passed!
repetition: 5145
>passed!
repetition: 5146
>passed!
repetition: 5147
>passed!
repetition: 5148
>passed!
repetition: 5149
>passed!
repetition: 5150
>passed!
repetition: 5151
>passed!
repetition: 5152
>passed!
repetition: 5153
>passed!
repetition: 5154
>passed!
repetition: 5155
>passed!
repetition: 5156
>passed!
repetition: 5157
>passed!
repetition: 5158
>passed!
repetition: 5159
>passed!
repetition: 5160
>passed!
repetition: 5161
>passed!
repetition: 5162
>passed!
repetition: 5163
>passed!
repetition: 5164
>passed!
repetition: 5165
>passed!
repetition: 5166
>passed!
repetition: 5167
>passed!
repetition: 5168
>passed!
repetition: 5169
>passed!
repetition: 5170
>passed!
repetition: 5171
>passed!
repetition: 5172
>passed!
repetition: 5173
>passed!
repetition: 5174
>passed!
repetition: 5175
>passed!
repetition: 5176
>passed!
repetition: 5177
>passed!
repetition: 5178
>passed!
repetition: 5179
>passed!
repetition: 5180
>passed!
repetition: 5181
>passed!
repetition: 5182
>passed!
repetition: 5183
>passed!
repetition: 5184
>passed!
repetition: 5185
>passed!
repetition: 5186
>passed!
repetition: 5187
>passed!
repetition: 5188
>passed!
repetition: 5189
>passed!
repetition: 5190
>passed!
repetition: 5191
>passed!
repetition: 5192
>passed!
repetition: 5193
>passed!
repetition: 5194
>passed!
repetition: 5195
>passed!
repetition: 5196
>passed!
repetition: 5197
>passed!
repetition: 5198
>passed!
repetition: 5199
>passed!
repetition: 5200
>passed!
repetition: 5201
>passed!
repetition: 5202
>passed!
repetition: 5203
>passed!
repetition: 5204
>passed!
repetition: 5205
>passed!
repetition: 5206
>passed!
repetition: 5207
>passed!
repetition: 5208
>passed!
repetition: 5209
>passed!
repetition: 5210
>passed!
repetition: 5211
>passed!
repetition: 5212
>passed!
repetition: 5213
>passed!
repetition: 5214
>passed!
repetition: 5215
>passed!
repetition: 5216
>passed!
repetition: 5217
>passed!
repetition: 5218
>passed!
repetition: 5219
>passed!
repetition: 5220
>passed!
repetition: 5221
>passed!
repetition: 5222
>passed!
repetition: 5223
>passed!
repetition: 5224
>passed!
repetition: 5225
>passed!
repetition: 5226
>passed!
repetition: 5227
>passed!
repetition: 5228
>passed!
repetition: 5229
>passed!
repetition: 5230
>passed!
repetition: 5231
>passed!
repetition: 5232
>passed!
repetition: 5233
>passed!
repetition: 5234
>passed!
repetition: 5235
>passed!
repetition: 5236
>passed!
repetition: 5237
>passed!
repetition: 5238
>passed!
repetition: 5239
>passed!
repetition: 5240
>passed!
repetition: 5241
>passed!
repetition: 5242
>passed!
repetition: 5243
>passed!
repetition: 5244
>passed!
repetition: 5245
>passed!
repetition: 5246
>passed!
repetition: 5247
>passed!
repetition: 5248
>passed!
repetition: 5249
>passed!
repetition: 5250
>passed!
repetition: 5251
>passed!
repetition: 5252
>passed!
repetition: 5253
>passed!
repetition: 5254
>passed!
repetition: 5255
>passed!
repetition: 5256
>passed!
repetition: 5257
>passed!
repetition: 5258
>passed!
repetition: 5259
>passed!
repetition: 5260
>passed!
repetition: 5261
>passed!
repetition: 5262
>passed!
repetition: 5263
>passed!
repetition: 5264
>passed!
repetition: 5265
>passed!
repetition: 5266
>passed!
repetition: 5267
>passed!
repetition: 5268
>passed!
repetition: 5269
>passed!
repetition: 5270
>passed!
repetition: 5271
>passed!
repetition: 5272
>passed!
repetition: 5273
>passed!
repetition: 5274
>passed!
repetition: 5275
>passed!
repetition: 5276
>passed!
repetition: 5277
>passed!
repetition: 5278
>passed!
repetition: 5279
>passed!
repetition: 5280
>passed!
repetition: 5281
>passed!
repetition: 5282
>passed!
repetition: 5283
>passed!
repetition: 5284
>passed!
repetition: 5285
>passed!
repetition: 5286
>passed!
repetition: 5287
>passed!
repetition: 5288
>passed!
repetition: 5289
>passed!
repetition: 5290
>passed!
repetition: 5291
>passed!
repetition: 5292
>passed!
repetition: 5293
>passed!
repetition: 5294
>passed!
repetition: 5295
>passed!
repetition: 5296
>passed!
repetition: 5297
>passed!
repetition: 5298
>passed!
repetition: 5299
>passed!
repetition: 5300
>passed!
repetition: 5301
>passed!
repetition: 5302
>passed!
repetition: 5303
>passed!
repetition: 5304
>passed!
repetition: 5305
>passed!
repetition: 5306
>passed!
repetition: 5307
>passed!
repetition: 5308
>passed!
repetition: 5309
>passed!
repetition: 5310
>passed!
repetition: 5311
>passed!
repetition: 5312
>passed!
repetition: 5313
>passed!
repetition: 5314
>passed!
repetition: 5315
>passed!
repetition: 5316
>passed!
repetition: 5317
>passed!
repetition: 5318
>passed!
repetition: 5319
>passed!
repetition: 5320
>passed!
repetition: 5321
>passed!
repetition: 5322
>passed!
repetition: 5323
>passed!
repetition: 5324
>passed!
repetition: 5325
>passed!
repetition: 5326
>passed!
repetition: 5327
>passed!
repetition: 5328
>passed!
repetition: 5329
>passed!
repetition: 5330
>passed!
repetition: 5331
>passed!
repetition: 5332
>passed!
repetition: 5333
>passed!
repetition: 5334
>passed!
repetition: 5335
>passed!
repetition: 5336
>passed!
repetition: 5337
>passed!
repetition: 5338
>passed!
repetition: 5339
>passed!
repetition: 5340
>passed!
repetition: 5341
>passed!
repetition: 5342
>passed!
repetition: 5343
>passed!
repetition: 5344
>passed!
repetition: 5345
>passed!
repetition: 5346
>passed!
repetition: 5347
>passed!
repetition: 5348
>passed!
repetition: 5349
>passed!
repetition: 5350
>passed!
repetition: 5351
>passed!
repetition: 5352
>passed!
repetition: 5353
>passed!
repetition: 5354
>passed!
repetition: 5355
>passed!
repetition: 5356
>passed!
repetition: 5357
>passed!
repetition: 5358
>passed!
repetition: 5359
>passed!
repetition: 5360
>passed!
repetition: 5361
>passed!
repetition: 5362
>passed!
repetition: 5363
>passed!
repetition: 5364
>passed!
repetition: 5365
>passed!
repetition: 5366
>passed!
repetition: 5367
>passed!
repetition: 5368
>passed!
repetition: 5369
>passed!
repetition: 5370
>passed!
repetition: 5371
>passed!
repetition: 5372
>passed!
repetition: 5373
>passed!
repetition: 5374
>passed!
repetition: 5375
>passed!
repetition: 5376
>passed!
repetition: 5377
>passed!
repetition: 5378
>passed!
repetition: 5379
>passed!
repetition: 5380
>passed!
repetition: 5381
>passed!
repetition: 5382
>passed!
repetition: 5383
>passed!
repetition: 5384
>passed!
repetition: 5385
>passed!
repetition: 5386
>passed!
repetition: 5387
>passed!
repetition: 5388
>passed!
repetition: 5389
>passed!
repetition: 5390
>passed!
repetition: 5391
>passed!
repetition: 5392
>passed!
repetition: 5393
>passed!
repetition: 5394
>passed!
repetition: 5395
>passed!
repetition: 5396
>passed!
repetition: 5397
>passed!
repetition: 5398
>passed!
repetition: 5399
>passed!
repetition: 5400
>passed!
repetition: 5401
>passed!
repetition: 5402
>passed!
repetition: 5403
>passed!
repetition: 5404
>passed!
repetition: 5405
>passed!
repetition: 5406
>passed!
repetition: 5407
>passed!
repetition: 5408
>passed!
repetition: 5409
>passed!
repetition: 5410
>passed!
repetition: 5411
>passed!
repetition: 5412
>passed!
repetition: 5413
>passed!
repetition: 5414
>passed!
repetition: 5415
>passed!
repetition: 5416
>passed!
repetition: 5417
>passed!
repetition: 5418
>passed!
repetition: 5419
>passed!
repetition: 5420
>passed!
repetition: 5421
>passed!
repetition: 5422
>passed!
repetition: 5423
>passed!
repetition: 5424
>passed!
repetition: 5425
>passed!
repetition: 5426
>passed!
repetition: 5427
>passed!
repetition: 5428
>passed!
repetition: 5429
>passed!
repetition: 5430
>passed!
repetition: 5431
>passed!
repetition: 5432
>passed!
repetition: 5433
>passed!
repetition: 5434
>passed!
repetition: 5435
>passed!
repetition: 5436
>passed!
repetition: 5437
>passed!
repetition: 5438
>passed!
repetition: 5439
>passed!
repetition: 5440
>passed!
repetition: 5441
>passed!
repetition: 5442
>passed!
repetition: 5443
>passed!
repetition: 5444
>passed!
repetition: 5445
>passed!
repetition: 5446
>passed!
repetition: 5447
>passed!
repetition: 5448
>passed!
repetition: 5449
>passed!
repetition: 5450
>passed!
repetition: 5451
>passed!
repetition: 5452
>passed!
repetition: 5453
>passed!
repetition: 5454
>passed!
repetition: 5455
>passed!
repetition: 5456
>passed!
repetition: 5457
>passed!
repetition: 5458
>passed!
repetition: 5459
>passed!
repetition: 5460
>passed!
repetition: 5461
>passed!
repetition: 5462
>passed!
repetition: 5463
>passed!
repetition: 5464
>passed!
repetition: 5465
>passed!
repetition: 5466
>passed!
repetition: 5467
>passed!
repetition: 5468
>passed!
repetition: 5469
>passed!
repetition: 5470
>passed!
repetition: 5471
>passed!
repetition: 5472
>passed!
repetition: 5473
>passed!
repetition: 5474
>passed!
repetition: 5475
>passed!
repetition: 5476
>passed!
repetition: 5477
>passed!
repetition: 5478
>passed!
repetition: 5479
>passed!
repetition: 5480
>passed!
repetition: 5481
>passed!
repetition: 5482
>passed!
repetition: 5483
>passed!
repetition: 5484
>passed!
repetition: 5485
>passed!
repetition: 5486
>passed!
repetition: 5487
>passed!
repetition: 5488
>passed!
repetition: 5489
>passed!
repetition: 5490
>passed!
repetition: 5491
>passed!
repetition: 5492
>passed!
repetition: 5493
>passed!
repetition: 5494
>passed!
repetition: 5495
>passed!
repetition: 5496
>passed!
repetition: 5497
>passed!
repetition: 5498
>passed!
repetition: 5499
>passed!
repetition: 5500
>passed!
repetition: 5501
>passed!
repetition: 5502
>passed!
repetition: 5503
>passed!
repetition: 5504
>passed!
repetition: 5505
>passed!
repetition: 5506
>passed!
repetition: 5507
>passed!
repetition: 5508
>passed!
repetition: 5509
>passed!
repetition: 5510
>passed!
repetition: 5511
>passed!
repetition: 5512
>passed!
repetition: 5513
>passed!
repetition: 5514
>passed!
repetition: 5515
>passed!
repetition: 5516
>passed!
repetition: 5517
>passed!
repetition: 5518
>passed!
repetition: 5519
>passed!
repetition: 5520
>passed!
repetition: 5521
>passed!
repetition: 5522
>passed!
repetition: 5523
>passed!
repetition: 5524
>passed!
repetition: 5525
>passed!
repetition: 5526
>passed!
repetition: 5527
>passed!
repetition: 5528
>passed!
repetition: 5529
>passed!
repetition: 5530
>passed!
repetition: 5531
>passed!
repetition: 5532
>passed!
repetition: 5533
>passed!
repetition: 5534
>passed!
repetition: 5535
>passed!
repetition: 5536
>passed!
repetition: 5537
>passed!
repetition: 5538
>passed!
repetition: 5539
>passed!
repetition: 5540
>passed!
repetition: 5541
>passed!
repetition: 5542
>passed!
repetition: 5543
>passed!
repetition: 5544
>passed!
repetition: 5545
>passed!
repetition: 5546
>passed!
repetition: 5547
>passed!
repetition: 5548
>passed!
repetition: 5549
>passed!
repetition: 5550
>passed!
repetition: 5551
>passed!
repetition: 5552
>passed!
repetition: 5553
>passed!
repetition: 5554
>passed!
repetition: 5555
>passed!
repetition: 5556
>passed!
repetition: 5557
>passed!
repetition: 5558
>passed!
repetition: 5559
>passed!
repetition: 5560
>passed!
repetition: 5561
>passed!
repetition: 5562
>passed!
repetition: 5563
>passed!
repetition: 5564
>passed!
repetition: 5565
>passed!
repetition: 5566
>passed!
repetition: 5567
>passed!
repetition: 5568
>passed!
repetition: 5569
>passed!
repetition: 5570
>passed!
repetition: 5571
>passed!
repetition: 5572
>passed!
repetition: 5573
>passed!
repetition: 5574
>passed!
repetition: 5575
>passed!
repetition: 5576
>passed!
repetition: 5577
>passed!
repetition: 5578
>passed!
repetition: 5579
>passed!
repetition: 5580
>passed!
repetition: 5581
>passed!
repetition: 5582
>passed!
repetition: 5583
>passed!
repetition: 5584
>passed!
repetition: 5585
>passed!
repetition: 5586
>passed!
repetition: 5587
>passed!
repetition: 5588
>passed!
repetition: 5589
>passed!
repetition: 5590
>passed!
repetition: 5591
>passed!
repetition: 5592
>passed!
repetition: 5593
>passed!
repetition: 5594
>passed!
repetition: 5595
>passed!
repetition: 5596
>passed!
repetition: 5597
>passed!
repetition: 5598
>passed!
repetition: 5599
>passed!
repetition: 5600
>passed!
repetition: 5601
>passed!
repetition: 5602
>passed!
repetition: 5603
>passed!
repetition: 5604
>passed!
repetition: 5605
>passed!
repetition: 5606
>passed!
repetition: 5607
>passed!
repetition: 5608
>passed!
repetition: 5609
>passed!
repetition: 5610
>passed!
repetition: 5611
>passed!
repetition: 5612
>passed!
repetition: 5613
>passed!
repetition: 5614
>passed!
repetition: 5615
>passed!
repetition: 5616
>passed!
repetition: 5617
>passed!
repetition: 5618
>passed!
repetition: 5619
>passed!
repetition: 5620
>passed!
repetition: 5621
>passed!
repetition: 5622
>passed!
repetition: 5623
>passed!
repetition: 5624
>passed!
repetition: 5625
>passed!
repetition: 5626
>passed!
repetition: 5627
>passed!
repetition: 5628
>passed!
repetition: 5629
>passed!
repetition: 5630
>passed!
repetition: 5631
>passed!
repetition: 5632
>passed!
repetition: 5633
>passed!
repetition: 5634
>passed!
repetition: 5635
>passed!
repetition: 5636
>passed!
repetition: 5637
>passed!
repetition: 5638
>passed!
repetition: 5639
>passed!
repetition: 5640
>passed!
repetition: 5641
>passed!
repetition: 5642
>passed!
repetition: 5643
>passed!
repetition: 5644
>passed!
repetition: 5645
>passed!
repetition: 5646
>passed!
repetition: 5647
>passed!
repetition: 5648
>passed!
repetition: 5649
>passed!
repetition: 5650
>passed!
repetition: 5651
>passed!
repetition: 5652
>passed!
repetition: 5653
>passed!
repetition: 5654
>passed!
repetition: 5655
>passed!
repetition: 5656
>passed!
repetition: 5657
>passed!
repetition: 5658
>passed!
repetition: 5659
>passed!
repetition: 5660
>passed!
repetition: 5661
>passed!
repetition: 5662
>passed!
repetition: 5663
>passed!
repetition: 5664
>passed!
repetition: 5665
>passed!
repetition: 5666
>passed!
repetition: 5667
>passed!
repetition: 5668
>passed!
repetition: 5669
>passed!
repetition: 5670
>passed!
repetition: 5671
>passed!
repetition: 5672
>passed!
repetition: 5673
>passed!
repetition: 5674
>passed!
repetition: 5675
>passed!
repetition: 5676
>passed!
repetition: 5677
>passed!
repetition: 5678
>passed!
repetition: 5679
>passed!
repetition: 5680
>passed!
repetition: 5681
>passed!
repetition: 5682
>passed!
repetition: 5683
>passed!
repetition: 5684
>passed!
repetition: 5685
>passed!
repetition: 5686
>passed!
repetition: 5687
>passed!
repetition: 5688
>passed!
repetition: 5689
>passed!
repetition: 5690
>passed!
repetition: 5691
>passed!
repetition: 5692
>passed!
repetition: 5693
>passed!
repetition: 5694
>passed!
repetition: 5695
>passed!
repetition: 5696
>passed!
repetition: 5697
>passed!
repetition: 5698
>passed!
repetition: 5699
>passed!
repetition: 5700
>passed!
repetition: 5701
>passed!
repetition: 5702
>passed!
repetition: 5703
>passed!
repetition: 5704
>passed!
repetition: 5705
>passed!
repetition: 5706
>passed!
repetition: 5707
>passed!
repetition: 5708
>passed!
repetition: 5709
>passed!
repetition: 5710
>passed!
repetition: 5711
>passed!
repetition: 5712
>passed!
repetition: 5713
>passed!
repetition: 5714
>passed!
repetition: 5715
>passed!
repetition: 5716
>passed!
repetition: 5717
>passed!
repetition: 5718
>passed!
repetition: 5719
>passed!
repetition: 5720
>passed!
repetition: 5721
>passed!
repetition: 5722
>passed!
repetition: 5723
>passed!
repetition: 5724
>passed!
repetition: 5725
>passed!
repetition: 5726
>passed!
repetition: 5727
>passed!
repetition: 5728
>passed!
repetition: 5729
>passed!
repetition: 5730
>passed!
repetition: 5731
>passed!
repetition: 5732
>passed!
repetition: 5733
>passed!
repetition: 5734
>passed!
repetition: 5735
>passed!
repetition: 5736
>passed!
repetition: 5737
>passed!
repetition: 5738
>passed!
repetition: 5739
>passed!
repetition: 5740
>passed!
repetition: 5741
>passed!
repetition: 5742
>passed!
repetition: 5743
>passed!
repetition: 5744
>passed!
repetition: 5745
>passed!
repetition: 5746
>passed!
repetition: 5747
>passed!
repetition: 5748
>passed!
repetition: 5749
>passed!
repetition: 5750
>passed!
repetition: 5751
>passed!
repetition: 5752
>passed!
repetition: 5753
>passed!
repetition: 5754
>passed!
repetition: 5755
>passed!
repetition: 5756
>passed!
repetition: 5757
>passed!
repetition: 5758
>passed!
repetition: 5759
>passed!
repetition: 5760
>passed!
repetition: 5761
>passed!
repetition: 5762
>passed!
repetition: 5763
>passed!
repetition: 5764
>passed!
repetition: 5765
>passed!
repetition: 5766
>passed!
repetition: 5767
>passed!
repetition: 5768
>passed!
repetition: 5769
>passed!
repetition: 5770
>passed!
repetition: 5771
>passed!
repetition: 5772
>passed!
repetition: 5773
>passed!
repetition: 5774
>passed!
repetition: 5775
>passed!
repetition: 5776
>passed!
repetition: 5777
>passed!
repetition: 5778
>passed!
repetition: 5779
>passed!
repetition: 5780
>passed!
repetition: 5781
>passed!
repetition: 5782
>passed!
repetition: 5783
>passed!
repetition: 5784
>passed!
repetition: 5785
>passed!
repetition: 5786
>passed!
repetition: 5787
>passed!
repetition: 5788
>passed!
repetition: 5789
>passed!
repetition: 5790
>passed!
repetition: 5791
>passed!
repetition: 5792
>passed!
repetition: 5793
>passed!
repetition: 5794
>passed!
repetition: 5795
>passed!
repetition: 5796
>passed!
repetition: 5797
>passed!
repetition: 5798
>passed!
repetition: 5799
>passed!
repetition: 5800
>passed!
repetition: 5801
>passed!
repetition: 5802
>passed!
repetition: 5803
>passed!
repetition: 5804
>passed!
repetition: 5805
>passed!
repetition: 5806
>passed!
repetition: 5807
>passed!
repetition: 5808
>passed!
repetition: 5809
>passed!
repetition: 5810
>passed!
repetition: 5811
>passed!
repetition: 5812
>passed!
repetition: 5813
>passed!
repetition: 5814
>passed!
repetition: 5815
>passed!
repetition: 5816
>passed!
repetition: 5817
>passed!
repetition: 5818
>passed!
repetition: 5819
>passed!
repetition: 5820
>passed!
repetition: 5821
>passed!
repetition: 5822
>passed!
repetition: 5823
>passed!
repetition: 5824
>passed!
repetition: 5825
>passed!
repetition: 5826
>passed!
repetition: 5827
>passed!
repetition: 5828
>passed!
repetition: 5829
>passed!
repetition: 5830
>passed!
repetition: 5831
>passed!
repetition: 5832
>passed!
repetition: 5833
>passed!
repetition: 5834
>passed!
repetition: 5835
>passed!
repetition: 5836
>passed!
repetition: 5837
>passed!
repetition: 5838
>passed!
repetition: 5839
>passed!
repetition: 5840
>passed!
repetition: 5841
>passed!
repetition: 5842
>passed!
repetition: 5843
>passed!
repetition: 5844
>passed!
repetition: 5845
>passed!
repetition: 5846
>passed!
repetition: 5847
>passed!
repetition: 5848
>passed!
repetition: 5849
>passed!
repetition: 5850
>passed!
repetition: 5851
>passed!
repetition: 5852
>passed!
repetition: 5853
>passed!
repetition: 5854
>passed!
repetition: 5855
>passed!
repetition: 5856
>passed!
repetition: 5857
>passed!
repetition: 5858
>passed!
repetition: 5859
>passed!
repetition: 5860
>passed!
repetition: 5861
>passed!
repetition: 5862
>passed!
repetition: 5863
>passed!
repetition: 5864
>passed!
repetition: 5865
>passed!
repetition: 5866
>passed!
repetition: 5867
>passed!
repetition: 5868
>passed!
repetition: 5869
>passed!
repetition: 5870
>passed!
repetition: 5871
>passed!
repetition: 5872
>passed!
repetition: 5873
>passed!
repetition: 5874
>passed!
repetition: 5875
>passed!
repetition: 5876
>passed!
repetition: 5877
>passed!
repetition: 5878
>passed!
repetition: 5879
>passed!
repetition: 5880
>passed!
repetition: 5881
>passed!
repetition: 5882
>passed!
repetition: 5883
>passed!
repetition: 5884
>passed!
repetition: 5885
>passed!
repetition: 5886
>passed!
repetition: 5887
>passed!
repetition: 5888
>passed!
repetition: 5889
>passed!
repetition: 5890
>passed!
repetition: 5891
>passed!
repetition: 5892
>passed!
repetition: 5893
>passed!
repetition: 5894
>passed!
repetition: 5895
>passed!
repetition: 5896
>passed!
repetition: 5897
>passed!
repetition: 5898
>passed!
repetition: 5899
>passed!
repetition: 5900
>passed!
repetition: 5901
>passed!
repetition: 5902
>passed!
repetition: 5903
>passed!
repetition: 5904
>passed!
repetition: 5905
>passed!
repetition: 5906
>passed!
repetition: 5907
>passed!
repetition: 5908
>passed!
repetition: 5909
>passed!
repetition: 5910
>passed!
repetition: 5911
>passed!
repetition: 5912
>passed!
repetition: 5913
>passed!
repetition: 5914
>passed!
repetition: 5915
>passed!
repetition: 5916
>passed!
repetition: 5917
>passed!
repetition: 5918
>passed!
repetition: 5919
>passed!
repetition: 5920
>passed!
repetition: 5921
>passed!
repetition: 5922
>passed!
repetition: 5923
>passed!
repetition: 5924
>passed!
repetition: 5925
>passed!
repetition: 5926
>passed!
repetition: 5927
>passed!
repetition: 5928
>passed!
repetition: 5929
>passed!
repetition: 5930
>passed!
repetition: 5931
>passed!
repetition: 5932
>passed!
repetition: 5933
>passed!
repetition: 5934
>passed!
repetition: 5935
>passed!
repetition: 5936
>passed!
repetition: 5937
>passed!
repetition: 5938
>passed!
repetition: 5939
>passed!
repetition: 5940
>passed!
repetition: 5941
>passed!
repetition: 5942
>passed!
repetition: 5943
>passed!
repetition: 5944
>passed!
repetition: 5945
>passed!
repetition: 5946
>passed!
repetition: 5947
>passed!
repetition: 5948
>passed!
repetition: 5949
>passed!
repetition: 5950
>passed!
repetition: 5951
>passed!
repetition: 5952
>passed!
repetition: 5953
>passed!
repetition: 5954
>passed!
repetition: 5955
>passed!
repetition: 5956
>passed!
repetition: 5957
>passed!
repetition: 5958
>passed!
repetition: 5959
>passed!
repetition: 5960
>passed!
repetition: 5961
>passed!
repetition: 5962
>passed!
repetition: 5963
>passed!
repetition: 5964
>passed!
repetition: 5965
>passed!
repetition: 5966
>passed!
repetition: 5967
>passed!
repetition: 5968
>passed!
repetition: 5969
>passed!
repetition: 5970
>passed!
repetition: 5971
>passed!
repetition: 5972
>passed!
repetition: 5973
>passed!
repetition: 5974
>passed!
repetition: 5975
>passed!
repetition: 5976
>passed!
repetition: 5977
>passed!
repetition: 5978
>passed!
repetition: 5979
>passed!
repetition: 5980
>passed!
repetition: 5981
>passed!
repetition: 5982
>passed!
repetition: 5983
>passed!
repetition: 5984
>passed!
repetition: 5985
>passed!
repetition: 5986
>passed!
repetition: 5987
>passed!
repetition: 5988
>passed!
repetition: 5989
>passed!
repetition: 5990
>passed!
repetition: 5991
>passed!
repetition: 5992
>passed!
repetition: 5993
>passed!
repetition: 5994
>passed!
repetition: 5995
>passed!
repetition: 5996
>passed!
repetition: 5997
>passed!
repetition: 5998
>passed!
repetition: 5999
>passed!
repetition: 6000
>passed!
repetition: 6001
>passed!
repetition: 6002
>passed!
repetition: 6003
>passed!
repetition: 6004
>passed!
repetition: 6005
>passed!
repetition: 6006
>passed!
repetition: 6007
>passed!
repetition: 6008
>passed!
repetition: 6009
>passed!
repetition: 6010
>passed!
repetition: 6011
>passed!
repetition: 6012
>passed!
repetition: 6013
>passed!
repetition: 6014
>passed!
repetition: 6015
>passed!
repetition: 6016
>passed!
repetition: 6017
>passed!
repetition: 6018
>passed!
repetition: 6019
>passed!
repetition: 6020
>passed!
repetition: 6021
>passed!
repetition: 6022
>passed!
repetition: 6023
>passed!
repetition: 6024
>passed!
repetition: 6025
>passed!
repetition: 6026
>passed!
repetition: 6027
>passed!
repetition: 6028
>passed!
repetition: 6029
>passed!
repetition: 6030
>passed!
repetition: 6031
>passed!
repetition: 6032
>passed!
repetition: 6033
>passed!
repetition: 6034
>passed!
repetition: 6035
>passed!
repetition: 6036
>passed!
repetition: 6037
>passed!
repetition: 6038
>passed!
repetition: 6039
>passed!
repetition: 6040
>passed!
repetition: 6041
>passed!
repetition: 6042
>passed!
repetition: 6043
>passed!
repetition: 6044
>passed!
repetition: 6045
>passed!
repetition: 6046
>passed!
repetition: 6047
>passed!
repetition: 6048
>passed!
repetition: 6049
>passed!
repetition: 6050
>passed!
repetition: 6051
>passed!
repetition: 6052
>passed!
repetition: 6053
>passed!
repetition: 6054
>passed!
repetition: 6055
>passed!
repetition: 6056
>passed!
repetition: 6057
>passed!
repetition: 6058
>passed!
repetition: 6059
>passed!
repetition: 6060
>passed!
repetition: 6061
>passed!
repetition: 6062
>passed!
repetition: 6063
>passed!
repetition: 6064
>passed!
repetition: 6065
>passed!
repetition: 6066
>passed!
repetition: 6067
>passed!
repetition: 6068
>passed!
repetition: 6069
>passed!
repetition: 6070
>passed!
repetition: 6071
>passed!
repetition: 6072
>passed!
repetition: 6073
>passed!
repetition: 6074
>passed!
repetition: 6075
>passed!
repetition: 6076
>passed!
repetition: 6077
>passed!
repetition: 6078
>passed!
repetition: 6079
>passed!
repetition: 6080
>passed!
repetition: 6081
>passed!
repetition: 6082
>passed!
repetition: 6083
>passed!
repetition: 6084
>passed!
repetition: 6085
>passed!
repetition: 6086
>passed!
repetition: 6087
>passed!
repetition: 6088
>passed!
repetition: 6089
>passed!
repetition: 6090
>passed!
repetition: 6091
>passed!
repetition: 6092
>passed!
repetition: 6093
>passed!
repetition: 6094
>passed!
repetition: 6095
>passed!
repetition: 6096
>passed!
repetition: 6097
>passed!
repetition: 6098
>passed!
repetition: 6099
>passed!
repetition: 6100
>passed!
repetition: 6101
>passed!
repetition: 6102
>passed!
repetition: 6103
>passed!
repetition: 6104
>passed!
repetition: 6105
>passed!
repetition: 6106
>passed!
repetition: 6107
>passed!
repetition: 6108
>passed!
repetition: 6109
>passed!
repetition: 6110
>passed!
repetition: 6111
>passed!
repetition: 6112
>passed!
repetition: 6113
>passed!
repetition: 6114
>passed!
repetition: 6115
>passed!
repetition: 6116
>passed!
repetition: 6117
>passed!
repetition: 6118
>passed!
repetition: 6119
>passed!
repetition: 6120
>passed!
repetition: 6121
>passed!
repetition: 6122
>passed!
repetition: 6123
>passed!
repetition: 6124
>passed!
repetition: 6125
>passed!
repetition: 6126
>passed!
repetition: 6127
>passed!
repetition: 6128
>passed!
repetition: 6129
>passed!
repetition: 6130
>passed!
repetition: 6131
>passed!
repetition: 6132
>passed!
repetition: 6133
>passed!
repetition: 6134
>passed!
repetition: 6135
>passed!
repetition: 6136
>passed!
repetition: 6137
>passed!
repetition: 6138
>passed!
repetition: 6139
>passed!
repetition: 6140
>passed!
repetition: 6141
>passed!
repetition: 6142
>passed!
repetition: 6143
>passed!
repetition: 6144
>passed!
repetition: 6145
>passed!
repetition: 6146
>passed!
repetition: 6147
>passed!
repetition: 6148
>passed!
repetition: 6149
>passed!
repetition: 6150
>passed!
repetition: 6151
>passed!
repetition: 6152
>passed!
repetition: 6153
>passed!
repetition: 6154
>passed!
repetition: 6155
>passed!
repetition: 6156
>passed!
repetition: 6157
>passed!
repetition: 6158
>passed!
repetition: 6159
>passed!
repetition: 6160
>passed!
repetition: 6161
>passed!
repetition: 6162
>passed!
repetition: 6163
>passed!
repetition: 6164
>passed!
repetition: 6165
>passed!
repetition: 6166
>passed!
repetition: 6167
>passed!
repetition: 6168
>passed!
repetition: 6169
>passed!
repetition: 6170
>passed!
repetition: 6171
>passed!
repetition: 6172
>passed!
repetition: 6173
>passed!
repetition: 6174
>passed!
repetition: 6175
>passed!
repetition: 6176
>passed!
repetition: 6177
>passed!
repetition: 6178
>passed!
repetition: 6179
>passed!
repetition: 6180
>passed!
repetition: 6181
>passed!
repetition: 6182
>passed!
repetition: 6183
>passed!
repetition: 6184
>passed!
repetition: 6185
>passed!
repetition: 6186
>passed!
repetition: 6187
>passed!
repetition: 6188
>passed!
repetition: 6189
>passed!
repetition: 6190
>passed!
repetition: 6191
>passed!
repetition: 6192
>passed!
repetition: 6193
>passed!
repetition: 6194
>passed!
repetition: 6195
>passed!
repetition: 6196
>passed!
repetition: 6197
>passed!
repetition: 6198
>passed!
repetition: 6199
>passed!
repetition: 6200
>passed!
repetition: 6201
>passed!
repetition: 6202
>passed!
repetition: 6203
>passed!
repetition: 6204
>passed!
repetition: 6205
>passed!
repetition: 6206
>passed!
repetition: 6207
>passed!
repetition: 6208
>passed!
repetition: 6209
>passed!
repetition: 6210
>passed!
repetition: 6211
>passed!
repetition: 6212
>passed!
repetition: 6213
>passed!
repetition: 6214
>passed!
repetition: 6215
>passed!
repetition: 6216
>passed!
repetition: 6217
>passed!
repetition: 6218
>passed!
repetition: 6219
>passed!
repetition: 6220
>passed!
repetition: 6221
>passed!
repetition: 6222
>passed!
repetition: 6223
>passed!
repetition: 6224
>passed!
repetition: 6225
>passed!
repetition: 6226
>passed!
repetition: 6227
>passed!
repetition: 6228
>passed!
repetition: 6229
>passed!
repetition: 6230
>passed!
repetition: 6231
>passed!
repetition: 6232
>passed!
repetition: 6233
>passed!
repetition: 6234
>passed!
repetition: 6235
>passed!
repetition: 6236
>passed!
repetition: 6237
>passed!
repetition: 6238
>passed!
repetition: 6239
>passed!
repetition: 6240
>passed!
repetition: 6241
>passed!
repetition: 6242
>passed!
repetition: 6243
>passed!
repetition: 6244
>passed!
repetition: 6245
>passed!
repetition: 6246
>passed!
repetition: 6247
>passed!
repetition: 6248
>passed!
repetition: 6249
>passed!
repetition: 6250
>passed!
repetition: 6251
>passed!
repetition: 6252
>passed!
repetition: 6253
>passed!
repetition: 6254
>passed!
repetition: 6255
>passed!
repetition: 6256
>passed!
repetition: 6257
>passed!
repetition: 6258
>passed!
repetition: 6259
>passed!
repetition: 6260
>passed!
repetition: 6261
>passed!
repetition: 6262
>passed!
repetition: 6263
>passed!
repetition: 6264
>passed!
repetition: 6265
>passed!
repetition: 6266
>passed!
repetition: 6267
>passed!
repetition: 6268
>passed!
repetition: 6269
>passed!
repetition: 6270
>passed!
repetition: 6271
>passed!
repetition: 6272
>passed!
repetition: 6273
>passed!
repetition: 6274
>passed!
repetition: 6275
>passed!
repetition: 6276
>passed!
repetition: 6277
>passed!
repetition: 6278
>passed!
repetition: 6279
>passed!
repetition: 6280
>passed!
repetition: 6281
>passed!
repetition: 6282
>passed!
repetition: 6283
>passed!
repetition: 6284
>passed!
repetition: 6285
>passed!
repetition: 6286
>passed!
repetition: 6287
>passed!
repetition: 6288
>passed!
repetition: 6289
>passed!
repetition: 6290
>passed!
repetition: 6291
>passed!
repetition: 6292
>passed!
repetition: 6293
>passed!
repetition: 6294
>passed!
repetition: 6295
>passed!
repetition: 6296
>passed!
repetition: 6297
>passed!
repetition: 6298
>passed!
repetition: 6299
>passed!
repetition: 6300
>passed!
repetition: 6301
>passed!
repetition: 6302
>passed!
repetition: 6303
>passed!
repetition: 6304
>passed!
repetition: 6305
>passed!
repetition: 6306
>passed!
repetition: 6307
>passed!
repetition: 6308
>passed!
repetition: 6309
>passed!
repetition: 6310
>passed!
repetition: 6311
>passed!
repetition: 6312
>passed!
repetition: 6313
>passed!
repetition: 6314
>passed!
repetition: 6315
>passed!
repetition: 6316
>passed!
repetition: 6317
>passed!
repetition: 6318
>passed!
repetition: 6319
>passed!
repetition: 6320
>passed!
repetition: 6321
>passed!
repetition: 6322
>passed!
repetition: 6323
>passed!
repetition: 6324
>passed!
repetition: 6325
>passed!
repetition: 6326
>passed!
repetition: 6327
>passed!
repetition: 6328
>passed!
repetition: 6329
>passed!
repetition: 6330
>passed!
repetition: 6331
>passed!
repetition: 6332
>passed!
repetition: 6333
>passed!
repetition: 6334
>passed!
repetition: 6335
>passed!
repetition: 6336
>passed!
repetition: 6337
>passed!
repetition: 6338
>passed!
repetition: 6339
>passed!
repetition: 6340
>passed!
repetition: 6341
>passed!
repetition: 6342
>passed!
repetition: 6343
>passed!
repetition: 6344
>passed!
repetition: 6345
>passed!
repetition: 6346
>passed!
repetition: 6347
>passed!
repetition: 6348
>passed!
repetition: 6349
>passed!
repetition: 6350
>passed!
repetition: 6351
>passed!
repetition: 6352
>passed!
repetition: 6353
>passed!
repetition: 6354
>passed!
repetition: 6355
>passed!
repetition: 6356
>passed!
repetition: 6357
>passed!
repetition: 6358
>passed!
repetition: 6359
>passed!
repetition: 6360
>passed!
repetition: 6361
>passed!
repetition: 6362
>passed!
repetition: 6363
>passed!
repetition: 6364
>passed!
repetition: 6365
>passed!
repetition: 6366
>passed!
repetition: 6367
>passed!
repetition: 6368
>passed!
repetition: 6369
>passed!
repetition: 6370
>passed!
repetition: 6371
>passed!
repetition: 6372
>passed!
repetition: 6373
>passed!
repetition: 6374
>passed!
repetition: 6375
>passed!
repetition: 6376
>passed!
repetition: 6377
>passed!
repetition: 6378
>passed!
repetition: 6379
>passed!
repetition: 6380
>passed!
repetition: 6381
>passed!
repetition: 6382
>passed!
repetition: 6383
>passed!
repetition: 6384
>passed!
repetition: 6385
>passed!
repetition: 6386
>passed!
repetition: 6387
>passed!
repetition: 6388
>passed!
repetition: 6389
>passed!
repetition: 6390
>passed!
repetition: 6391
>passed!
repetition: 6392
>passed!
repetition: 6393
>passed!
repetition: 6394
>passed!
repetition: 6395
>passed!
repetition: 6396
>passed!
repetition: 6397
>passed!
repetition: 6398
>passed!
repetition: 6399
>passed!
repetition: 6400
>passed!
repetition: 6401
>passed!
repetition: 6402
>passed!
repetition: 6403
>passed!
repetition: 6404
>passed!
repetition: 6405
>passed!
repetition: 6406
>passed!
repetition: 6407
>passed!
repetition: 6408
>passed!
repetition: 6409
>passed!
repetition: 6410
>passed!
repetition: 6411
>passed!
repetition: 6412
>passed!
repetition: 6413
>passed!
repetition: 6414
>passed!
repetition: 6415
>passed!
repetition: 6416
>passed!
repetition: 6417
>passed!
repetition: 6418
>passed!
repetition: 6419
>passed!
repetition: 6420
>passed!
repetition: 6421
>passed!
repetition: 6422
>passed!
repetition: 6423
>passed!
repetition: 6424
>passed!
repetition: 6425
>passed!
repetition: 6426
>passed!
repetition: 6427
>passed!
repetition: 6428
>passed!
repetition: 6429
>passed!
repetition: 6430
>passed!
repetition: 6431
>passed!
repetition: 6432
>passed!
repetition: 6433
>passed!
repetition: 6434
>passed!
repetition: 6435
>passed!
repetition: 6436
>passed!
repetition: 6437
>passed!
repetition: 6438
>passed!
repetition: 6439
>passed!
repetition: 6440
>passed!
repetition: 6441
>passed!
repetition: 6442
>passed!
repetition: 6443
>passed!
repetition: 6444
>passed!
repetition: 6445
>passed!
repetition: 6446
>passed!
repetition: 6447
>passed!
repetition: 6448
>passed!
repetition: 6449
>passed!
repetition: 6450
>passed!
repetition: 6451
>passed!
repetition: 6452
>passed!
repetition: 6453
>passed!
repetition: 6454
>passed!
repetition: 6455
>passed!
repetition: 6456
>passed!
repetition: 6457
>passed!
repetition: 6458
>passed!
repetition: 6459
>passed!
repetition: 6460
>passed!
repetition: 6461
>passed!
repetition: 6462
>passed!
repetition: 6463
>passed!
repetition: 6464
>passed!
repetition: 6465
>passed!
repetition: 6466
>passed!
repetition: 6467
>passed!
repetition: 6468
>passed!
repetition: 6469
>passed!
repetition: 6470
>passed!
repetition: 6471
>passed!
repetition: 6472
>passed!
repetition: 6473
>passed!
repetition: 6474
>passed!
repetition: 6475
>passed!
repetition: 6476
>passed!
repetition: 6477
>passed!
repetition: 6478
>passed!
repetition: 6479
>passed!
repetition: 6480
>passed!
repetition: 6481
>passed!
repetition: 6482
>passed!
repetition: 6483
>passed!
repetition: 6484
>passed!
repetition: 6485
>passed!
repetition: 6486
>passed!
repetition: 6487
>passed!
repetition: 6488
>passed!
repetition: 6489
>passed!
repetition: 6490
>passed!
repetition: 6491
>passed!
repetition: 6492
>passed!
repetition: 6493
>passed!
repetition: 6494
>passed!
repetition: 6495
>passed!
repetition: 6496
>passed!
repetition: 6497
>passed!
repetition: 6498
>passed!
repetition: 6499
>passed!
repetition: 6500
>passed!
repetition: 6501
>passed!
repetition: 6502
>passed!
repetition: 6503
>passed!
repetition: 6504
>passed!
repetition: 6505
>passed!
repetition: 6506
>passed!
repetition: 6507
>passed!
repetition: 6508
>passed!
repetition: 6509
>passed!
repetition: 6510
>passed!
repetition: 6511
>passed!
repetition: 6512
>passed!
repetition: 6513
>passed!
repetition: 6514
>passed!
repetition: 6515
>passed!
repetition: 6516
>passed!
repetition: 6517
>passed!
repetition: 6518
>passed!
repetition: 6519
>passed!
repetition: 6520
>passed!
repetition: 6521
>passed!
repetition: 6522
>passed!
repetition: 6523
>passed!
repetition: 6524
>passed!
repetition: 6525
>passed!
repetition: 6526
>passed!
repetition: 6527
>passed!
repetition: 6528
>passed!
repetition: 6529
>passed!
repetition: 6530
>passed!
repetition: 6531
>passed!
repetition: 6532
>passed!
repetition: 6533
>passed!
repetition: 6534
>passed!
repetition: 6535
>passed!
repetition: 6536
>passed!
repetition: 6537
>passed!
repetition: 6538
>passed!
repetition: 6539
>passed!
repetition: 6540
>passed!
repetition: 6541
>passed!
repetition: 6542
>passed!
repetition: 6543
>passed!
repetition: 6544
>passed!
repetition: 6545
>passed!
repetition: 6546
>passed!
repetition: 6547
>passed!
repetition: 6548
>passed!
repetition: 6549
>passed!
repetition: 6550
>passed!
repetition: 6551
>passed!
repetition: 6552
>passed!
repetition: 6553
>passed!
repetition: 6554
>passed!
repetition: 6555
>passed!
repetition: 6556
>passed!
repetition: 6557
>passed!
repetition: 6558
>passed!
repetition: 6559
>passed!
repetition: 6560
>passed!
repetition: 6561
>passed!
repetition: 6562
>passed!
repetition: 6563
>passed!
repetition: 6564
>passed!
repetition: 6565
>passed!
repetition: 6566
>passed!
repetition: 6567
>passed!
repetition: 6568
>passed!
repetition: 6569
>passed!
repetition: 6570
>passed!
repetition: 6571
>passed!
repetition: 6572
>passed!
repetition: 6573
>passed!
repetition: 6574
>passed!
repetition: 6575
>passed!
repetition: 6576
>passed!
repetition: 6577
>passed!
repetition: 6578
>passed!
repetition: 6579
>passed!
repetition: 6580
>passed!
repetition: 6581
>passed!
repetition: 6582
>passed!
repetition: 6583
>passed!
repetition: 6584
>passed!
repetition: 6585
>passed!
repetition: 6586
>passed!
repetition: 6587
>passed!
repetition: 6588
>passed!
repetition: 6589
>passed!
repetition: 6590
>passed!
repetition: 6591
>passed!
repetition: 6592
>passed!
repetition: 6593
>passed!
repetition: 6594
>passed!
repetition: 6595
>passed!
repetition: 6596
>passed!
repetition: 6597
>passed!
repetition: 6598
>passed!
repetition: 6599
>passed!
repetition: 6600
>passed!
repetition: 6601
>passed!
repetition: 6602
>passed!
repetition: 6603
>passed!
repetition: 6604
>passed!
repetition: 6605
>passed!
repetition: 6606
>passed!
repetition: 6607
>passed!
repetition: 6608
>passed!
repetition: 6609
>passed!
repetition: 6610
>passed!
repetition: 6611
>passed!
repetition: 6612
>passed!
repetition: 6613
>passed!
repetition: 6614
>passed!
repetition: 6615
>passed!
repetition: 6616
>passed!
repetition: 6617
>passed!
repetition: 6618
>passed!
repetition: 6619
>passed!
repetition: 6620
>passed!
repetition: 6621
>passed!
repetition: 6622
>passed!
repetition: 6623
>passed!
repetition: 6624
>passed!
repetition: 6625
>passed!
repetition: 6626
>passed!
repetition: 6627
>passed!
repetition: 6628
>passed!
repetition: 6629
>passed!
repetition: 6630
>passed!
repetition: 6631
>passed!
repetition: 6632
>passed!
repetition: 6633
>passed!
repetition: 6634
>passed!
repetition: 6635
>passed!
repetition: 6636
>passed!
repetition: 6637
>passed!
repetition: 6638
>passed!
repetition: 6639
>passed!
repetition: 6640
>passed!
repetition: 6641
>passed!
repetition: 6642
>passed!
repetition: 6643
>passed!
repetition: 6644
>passed!
repetition: 6645
>passed!
repetition: 6646
>passed!
repetition: 6647
>passed!
repetition: 6648
>passed!
repetition: 6649
>passed!
repetition: 6650
>passed!
repetition: 6651
>passed!
repetition: 6652
>passed!
repetition: 6653
>passed!
repetition: 6654
>passed!
repetition: 6655
>passed!
repetition: 6656
>passed!
repetition: 6657
>passed!
repetition: 6658
>passed!
repetition: 6659
>passed!
repetition: 6660
>passed!
repetition: 6661
>passed!
repetition: 6662
>passed!
repetition: 6663
>passed!
repetition: 6664
>passed!
repetition: 6665
>passed!
repetition: 6666
>passed!
repetition: 6667
>passed!
repetition: 6668
>passed!
repetition: 6669
>passed!
repetition: 6670
>passed!
repetition: 6671
>passed!
repetition: 6672
>passed!
repetition: 6673
>passed!
repetition: 6674
>passed!
repetition: 6675
>passed!
repetition: 6676
>passed!
repetition: 6677
>passed!
repetition: 6678
>passed!
repetition: 6679
>passed!
repetition: 6680
>passed!
repetition: 6681
>passed!
repetition: 6682
>passed!
repetition: 6683
>passed!
repetition: 6684
>passed!
repetition: 6685
>passed!
repetition: 6686
>passed!
repetition: 6687
>passed!
repetition: 6688
>passed!
repetition: 6689
>passed!
repetition: 6690
>passed!
repetition: 6691
>passed!
repetition: 6692
>passed!
repetition: 6693
>passed!
repetition: 6694
>passed!
repetition: 6695
>passed!
repetition: 6696
>passed!
repetition: 6697
>passed!
repetition: 6698
>passed!
repetition: 6699
>passed!
repetition: 6700
>passed!
repetition: 6701
>passed!
repetition: 6702
>passed!
repetition: 6703
>passed!
repetition: 6704
>passed!
repetition: 6705
>passed!
repetition: 6706
>passed!
repetition: 6707
>passed!
repetition: 6708
>passed!
repetition: 6709
>passed!
repetition: 6710
>passed!
repetition: 6711
>passed!
repetition: 6712
>passed!
repetition: 6713
>passed!
repetition: 6714
>passed!
repetition: 6715
>passed!
repetition: 6716
>passed!
repetition: 6717
>passed!
repetition: 6718
>passed!
repetition: 6719
>passed!
repetition: 6720
>passed!
repetition: 6721
>passed!
repetition: 6722
>passed!
repetition: 6723
>passed!
repetition: 6724
>passed!
repetition: 6725
>passed!
repetition: 6726
>passed!
repetition: 6727
>passed!
repetition: 6728
>passed!
repetition: 6729
>passed!
repetition: 6730
>passed!
repetition: 6731
>passed!
repetition: 6732
>passed!
repetition: 6733
>passed!
repetition: 6734
>passed!
repetition: 6735
>passed!
repetition: 6736
>passed!
repetition: 6737
>passed!
repetition: 6738
>passed!
repetition: 6739
>passed!
repetition: 6740
>passed!
repetition: 6741
>passed!
repetition: 6742
>passed!
repetition: 6743
>passed!
repetition: 6744
>passed!
repetition: 6745
>passed!
repetition: 6746
>passed!
repetition: 6747
>passed!
repetition: 6748
>passed!
repetition: 6749
>passed!
repetition: 6750
>passed!
repetition: 6751
>passed!
repetition: 6752
>passed!
repetition: 6753
>passed!
repetition: 6754
>passed!
repetition: 6755
>passed!
repetition: 6756
>passed!
repetition: 6757
>passed!
repetition: 6758
>passed!
repetition: 6759
>passed!
repetition: 6760
>passed!
repetition: 6761
>passed!
repetition: 6762
>passed!
repetition: 6763
>passed!
repetition: 6764
>passed!
repetition: 6765
>passed!
repetition: 6766
>passed!
repetition: 6767
>passed!
repetition: 6768
>passed!
repetition: 6769
>passed!
repetition: 6770
>passed!
repetition: 6771
>passed!
repetition: 6772
>passed!
repetition: 6773
>passed!
repetition: 6774
>passed!
repetition: 6775
>passed!
repetition: 6776
>passed!
repetition: 6777
>passed!
repetition: 6778
>passed!
repetition: 6779
>passed!
repetition: 6780
>passed!
repetition: 6781
>passed!
repetition: 6782
>passed!
repetition: 6783
>passed!
repetition: 6784
>passed!
repetition: 6785
>passed!
repetition: 6786
>passed!
repetition: 6787
>passed!
repetition: 6788
>passed!
repetition: 6789
>passed!
repetition: 6790
>passed!
repetition: 6791
>passed!
repetition: 6792
>passed!
repetition: 6793
>passed!
repetition: 6794
>passed!
repetition: 6795
>passed!
repetition: 6796
>passed!
repetition: 6797
>passed!
repetition: 6798
>passed!
repetition: 6799
>passed!
repetition: 6800
>passed!
repetition: 6801
>passed!
repetition: 6802
>passed!
repetition: 6803
>passed!
repetition: 6804
>passed!
repetition: 6805
>passed!
repetition: 6806
>passed!
repetition: 6807
>passed!
repetition: 6808
>passed!
repetition: 6809
>passed!
repetition: 6810
>passed!
repetition: 6811
>passed!
repetition: 6812
>passed!
repetition: 6813
>passed!
repetition: 6814
>passed!
repetition: 6815
>passed!
repetition: 6816
>passed!
repetition: 6817
>passed!
repetition: 6818
>passed!
repetition: 6819
>passed!
repetition: 6820
>passed!
repetition: 6821
>passed!
repetition: 6822
>passed!
repetition: 6823
>passed!
repetition: 6824
>passed!
repetition: 6825
>passed!
repetition: 6826
>passed!
repetition: 6827
>passed!
repetition: 6828
>passed!
repetition: 6829
>passed!
repetition: 6830
>passed!
repetition: 6831
>passed!
repetition: 6832
>passed!
repetition: 6833
>passed!
repetition: 6834
>passed!
repetition: 6835
>passed!
repetition: 6836
>passed!
repetition: 6837
>passed!
repetition: 6838
>passed!
repetition: 6839
>passed!
repetition: 6840
>passed!
repetition: 6841
>passed!
repetition: 6842
>passed!
repetition: 6843
>passed!
repetition: 6844
>passed!
repetition: 6845
>passed!
repetition: 6846
>passed!
repetition: 6847
>passed!
repetition: 6848
>passed!
repetition: 6849
>passed!
repetition: 6850
>passed!
repetition: 6851
>passed!
repetition: 6852
>passed!
repetition: 6853
>passed!
repetition: 6854
>passed!
repetition: 6855
>passed!
repetition: 6856
>passed!
repetition: 6857
>passed!
repetition: 6858
>passed!
repetition: 6859
>passed!
repetition: 6860
>passed!
repetition: 6861
>passed!
repetition: 6862
>passed!
repetition: 6863
>passed!
repetition: 6864
>passed!
repetition: 6865
>passed!
repetition: 6866
>passed!
repetition: 6867
>passed!
repetition: 6868
>passed!
repetition: 6869
>passed!
repetition: 6870
>passed!
repetition: 6871
>passed!
repetition: 6872
>passed!
repetition: 6873
>passed!
repetition: 6874
>passed!
repetition: 6875
>passed!
repetition: 6876
>passed!
repetition: 6877
>passed!
repetition: 6878
>passed!
repetition: 6879
>passed!
repetition: 6880
>passed!
repetition: 6881
>passed!
repetition: 6882
>passed!
repetition: 6883
>passed!
repetition: 6884
>passed!
repetition: 6885
>passed!
repetition: 6886
>passed!
repetition: 6887
>passed!
repetition: 6888
>passed!
repetition: 6889
>passed!
repetition: 6890
>passed!
repetition: 6891
>passed!
repetition: 6892
>passed!
repetition: 6893
>passed!
repetition: 6894
>passed!
repetition: 6895
>passed!
repetition: 6896
>passed!
repetition: 6897
>passed!
repetition: 6898
>passed!
repetition: 6899
>passed!
repetition: 6900
>passed!
repetition: 6901
>passed!
repetition: 6902
>passed!
repetition: 6903
>passed!
repetition: 6904
>passed!
repetition: 6905
>passed!
repetition: 6906
>passed!
repetition: 6907
>passed!
repetition: 6908
>passed!
repetition: 6909
>passed!
repetition: 6910
>passed!
repetition: 6911
>passed!
repetition: 6912
>passed!
repetition: 6913
>passed!
repetition: 6914
>passed!
repetition: 6915
>passed!
repetition: 6916
>passed!
repetition: 6917
>passed!
repetition: 6918
>passed!
repetition: 6919
>passed!
repetition: 6920
>passed!
repetition: 6921
>passed!
repetition: 6922
>passed!
repetition: 6923
>passed!
repetition: 6924
>passed!
repetition: 6925
>passed!
repetition: 6926
>passed!
repetition: 6927
>passed!
repetition: 6928
>passed!
repetition: 6929
>passed!
repetition: 6930
>passed!
repetition: 6931
>passed!
repetition: 6932
>passed!
repetition: 6933
>passed!
repetition: 6934
>passed!
repetition: 6935
>passed!
repetition: 6936
>passed!
repetition: 6937
>passed!
repetition: 6938
>passed!
repetition: 6939
>passed!
repetition: 6940
>passed!
repetition: 6941
>passed!
repetition: 6942
>passed!
repetition: 6943
>passed!
repetition: 6944
>passed!
repetition: 6945
>passed!
repetition: 6946
>passed!
repetition: 6947
>passed!
repetition: 6948
>passed!
repetition: 6949
>passed!
repetition: 6950
>passed!
repetition: 6951
>passed!
repetition: 6952
>passed!
repetition: 6953
>passed!
repetition: 6954
>passed!
repetition: 6955
>passed!
repetition: 6956
>passed!
repetition: 6957
>passed!
repetition: 6958
>passed!
repetition: 6959
>passed!
repetition: 6960
>passed!
repetition: 6961
>passed!
repetition: 6962
>passed!
repetition: 6963
>passed!
repetition: 6964
>passed!
repetition: 6965
>passed!
repetition: 6966
>passed!
repetition: 6967
>passed!
repetition: 6968
>passed!
repetition: 6969
>passed!
repetition: 6970
>passed!
repetition: 6971
>passed!
repetition: 6972
>passed!
repetition: 6973
>passed!
repetition: 6974
>passed!
repetition: 6975
>passed!
repetition: 6976
>passed!
repetition: 6977
>passed!
repetition: 6978
>passed!
repetition: 6979
>passed!
repetition: 6980
>passed!
repetition: 6981
>passed!
repetition: 6982
>passed!
repetition: 6983
>passed!
repetition: 6984
>passed!
repetition: 6985
>passed!
repetition: 6986
>passed!
repetition: 6987
>passed!
repetition: 6988
>passed!
repetition: 6989
>passed!
repetition: 6990
>passed!
repetition: 6991
>passed!
repetition: 6992
>passed!
repetition: 6993
>passed!
repetition: 6994
>passed!
repetition: 6995
>passed!
repetition: 6996
>passed!
repetition: 6997
>passed!
repetition: 6998
>passed!
repetition: 6999
>passed!
repetition: 7000
>passed!
repetition: 7001
>passed!
repetition: 7002
>passed!
repetition: 7003
>passed!
repetition: 7004
>passed!
repetition: 7005
>passed!
repetition: 7006
>passed!
repetition: 7007
>passed!
repetition: 7008
>passed!
repetition: 7009
>passed!
repetition: 7010
>passed!
repetition: 7011
>passed!
repetition: 7012
>passed!
repetition: 7013
>passed!
repetition: 7014
>passed!
repetition: 7015
>passed!
repetition: 7016
>passed!
repetition: 7017
>passed!
repetition: 7018
>passed!
repetition: 7019
>passed!
repetition: 7020
>passed!
repetition: 7021
>passed!
repetition: 7022
>passed!
repetition: 7023
>passed!
repetition: 7024
>passed!
repetition: 7025
>passed!
repetition: 7026
>passed!
repetition: 7027
>passed!
repetition: 7028
>passed!
repetition: 7029
>passed!
repetition: 7030
>passed!
repetition: 7031
>passed!
repetition: 7032
>passed!
repetition: 7033
>passed!
repetition: 7034
>passed!
repetition: 7035
>passed!
repetition: 7036
>passed!
repetition: 7037
>passed!
repetition: 7038
>passed!
repetition: 7039
>passed!
repetition: 7040
>passed!
repetition: 7041
>passed!
repetition: 7042
>passed!
repetition: 7043
>passed!
repetition: 7044
>passed!
repetition: 7045
>passed!
repetition: 7046
>passed!
repetition: 7047
>passed!
repetition: 7048
>passed!
repetition: 7049
>passed!
repetition: 7050
>passed!
repetition: 7051
>passed!
repetition: 7052
>passed!
repetition: 7053
>passed!
repetition: 7054
>passed!
repetition: 7055
>passed!
repetition: 7056
>passed!
repetition: 7057
>passed!
repetition: 7058
>passed!
repetition: 7059
>passed!
repetition: 7060
>passed!
repetition: 7061
>passed!
repetition: 7062
>passed!
repetition: 7063
>passed!
repetition: 7064
>passed!
repetition: 7065
>passed!
repetition: 7066
>passed!
repetition: 7067
>passed!
repetition: 7068
>passed!
repetition: 7069
>passed!
repetition: 7070
>passed!
repetition: 7071
>passed!
repetition: 7072
>passed!
repetition: 7073
>passed!
repetition: 7074
>passed!
repetition: 7075
>passed!
repetition: 7076
>passed!
repetition: 7077
>passed!
repetition: 7078
>passed!
repetition: 7079
>passed!
repetition: 7080
>passed!
repetition: 7081
>passed!
repetition: 7082
>passed!
repetition: 7083
>passed!
repetition: 7084
>passed!
repetition: 7085
>passed!
repetition: 7086
>passed!
repetition: 7087
>passed!
repetition: 7088
>passed!
repetition: 7089
>passed!
repetition: 7090
>passed!
repetition: 7091
>passed!
repetition: 7092
>passed!
repetition: 7093
>passed!
repetition: 7094
>passed!
repetition: 7095
>passed!
repetition: 7096
>passed!
repetition: 7097
>passed!
repetition: 7098
>passed!
repetition: 7099
>passed!
repetition: 7100
>passed!
repetition: 7101
>passed!
repetition: 7102
>passed!
repetition: 7103
>passed!
repetition: 7104
>passed!
repetition: 7105
>passed!
repetition: 7106
>passed!
repetition: 7107
>passed!
repetition: 7108
>passed!
repetition: 7109
>passed!
repetition: 7110
>passed!
repetition: 7111
>passed!
repetition: 7112
>passed!
repetition: 7113
>passed!
repetition: 7114
>passed!
repetition: 7115
>passed!
repetition: 7116
>passed!
repetition: 7117
>passed!
repetition: 7118
>passed!
repetition: 7119
>passed!
repetition: 7120
>passed!
repetition: 7121
>passed!
repetition: 7122
>passed!
repetition: 7123
>passed!
repetition: 7124
>passed!
repetition: 7125
>passed!
repetition: 7126
>passed!
repetition: 7127
>passed!
repetition: 7128
>passed!
repetition: 7129
>passed!
repetition: 7130
>passed!
repetition: 7131
>passed!
repetition: 7132
>passed!
repetition: 7133
>passed!
repetition: 7134
>passed!
repetition: 7135
>passed!
repetition: 7136
>passed!
repetition: 7137
>passed!
repetition: 7138
>passed!
repetition: 7139
>passed!
repetition: 7140
>passed!
repetition: 7141
>passed!
repetition: 7142
>passed!
repetition: 7143
>passed!
repetition: 7144
>passed!
repetition: 7145
>passed!
repetition: 7146
>passed!
repetition: 7147
>passed!
repetition: 7148
>passed!
repetition: 7149
>passed!
repetition: 7150
>passed!
repetition: 7151
>passed!
repetition: 7152
>passed!
repetition: 7153
>passed!
repetition: 7154
>passed!
repetition: 7155
>passed!
repetition: 7156
>passed!
repetition: 7157
>passed!
repetition: 7158
>passed!
repetition: 7159
>passed!
repetition: 7160
>passed!
repetition: 7161
>passed!
repetition: 7162
>passed!
repetition: 7163
>passed!
repetition: 7164
>passed!
repetition: 7165
>passed!
repetition: 7166
>passed!
repetition: 7167
>passed!
repetition: 7168
>passed!
repetition: 7169
>passed!
repetition: 7170
>passed!
repetition: 7171
>passed!
repetition: 7172
>passed!
repetition: 7173
>passed!
repetition: 7174
>passed!
repetition: 7175
>passed!
repetition: 7176
>passed!
repetition: 7177
>passed!
repetition: 7178
>passed!
repetition: 7179
>passed!
repetition: 7180
>passed!
repetition: 7181
>passed!
repetition: 7182
>passed!
repetition: 7183
>passed!
repetition: 7184
>passed!
repetition: 7185
>passed!
repetition: 7186
>passed!
repetition: 7187
>passed!
repetition: 7188
>passed!
repetition: 7189
>passed!
repetition: 7190
>passed!
repetition: 7191
>passed!
repetition: 7192
>passed!
repetition: 7193
>passed!
repetition: 7194
>passed!
repetition: 7195
>passed!
repetition: 7196
>passed!
repetition: 7197
>passed!
repetition: 7198
>passed!
repetition: 7199
>passed!
repetition: 7200
>passed!
repetition: 7201
>passed!
repetition: 7202
>passed!
repetition: 7203
>passed!
repetition: 7204
>passed!
repetition: 7205
>passed!
repetition: 7206
>passed!
repetition: 7207
>passed!
repetition: 7208
>passed!
repetition: 7209
>passed!
repetition: 7210
>passed!
repetition: 7211
>passed!
repetition: 7212
>passed!
repetition: 7213
>passed!
repetition: 7214
>passed!
repetition: 7215
>passed!
repetition: 7216
>passed!
repetition: 7217
>passed!
repetition: 7218
>passed!
repetition: 7219
>passed!
repetition: 7220
>passed!
repetition: 7221
>passed!
repetition: 7222
>passed!
repetition: 7223
>passed!
repetition: 7224
>passed!
repetition: 7225
>passed!
repetition: 7226
>passed!
repetition: 7227
>passed!
repetition: 7228
>passed!
repetition: 7229
>passed!
repetition: 7230
>passed!
repetition: 7231
>passed!
repetition: 7232
>passed!
repetition: 7233
>passed!
repetition: 7234
>passed!
repetition: 7235
>passed!
repetition: 7236
>passed!
repetition: 7237
>passed!
repetition: 7238
>passed!
repetition: 7239
>passed!
repetition: 7240
>passed!
repetition: 7241
>passed!
repetition: 7242
>passed!
repetition: 7243
>passed!
repetition: 7244
>passed!
repetition: 7245
>passed!
repetition: 7246
>passed!
repetition: 7247
>passed!
repetition: 7248
>passed!
repetition: 7249
>passed!
repetition: 7250
>passed!
repetition: 7251
>passed!
repetition: 7252
>passed!
repetition: 7253
>passed!
repetition: 7254
>passed!
repetition: 7255
>passed!
repetition: 7256
>passed!
repetition: 7257
>passed!
repetition: 7258
>passed!
repetition: 7259
>passed!
repetition: 7260
>passed!
repetition: 7261
>passed!
repetition: 7262
>passed!
repetition: 7263
>passed!
repetition: 7264
>passed!
repetition: 7265
>passed!
repetition: 7266
>passed!
repetition: 7267
>passed!
repetition: 7268
>passed!
repetition: 7269
>passed!
repetition: 7270
>passed!
repetition: 7271
>passed!
repetition: 7272
>passed!
repetition: 7273
>passed!
repetition: 7274
>passed!
repetition: 7275
>passed!
repetition: 7276
>passed!
repetition: 7277
>passed!
repetition: 7278
>passed!
repetition: 7279
>passed!
repetition: 7280
>passed!
repetition: 7281
>passed!
repetition: 7282
>passed!
repetition: 7283
>passed!
repetition: 7284
>passed!
repetition: 7285
>passed!
repetition: 7286
>passed!
repetition: 7287
>passed!
repetition: 7288
>passed!
repetition: 7289
>passed!
repetition: 7290
>passed!
repetition: 7291
>passed!
repetition: 7292
>passed!
repetition: 7293
>passed!
repetition: 7294
>passed!
repetition: 7295
>passed!
repetition: 7296
>passed!
repetition: 7297
>passed!
repetition: 7298
>passed!
repetition: 7299
>passed!
repetition: 7300
>passed!
repetition: 7301
>passed!
repetition: 7302
>passed!
repetition: 7303
>passed!
repetition: 7304
>passed!
repetition: 7305
>passed!
repetition: 7306
>passed!
repetition: 7307
>passed!
repetition: 7308
>passed!
repetition: 7309
>passed!
repetition: 7310
>passed!
repetition: 7311
>passed!
repetition: 7312
>passed!
repetition: 7313
>passed!
repetition: 7314
>passed!
repetition: 7315
>passed!
repetition: 7316
>passed!
repetition: 7317
>passed!
repetition: 7318
>passed!
repetition: 7319
>passed!
repetition: 7320
>passed!
repetition: 7321
>passed!
repetition: 7322
>passed!
repetition: 7323
>passed!
repetition: 7324
>passed!
repetition: 7325
>passed!
repetition: 7326
>passed!
repetition: 7327
>passed!
repetition: 7328
>passed!
repetition: 7329
>passed!
repetition: 7330
>passed!
repetition: 7331
>passed!
repetition: 7332
>passed!
repetition: 7333
>passed!
repetition: 7334
>passed!
repetition: 7335
>passed!
repetition: 7336
>passed!
repetition: 7337
>passed!
repetition: 7338
>passed!
repetition: 7339
>passed!
repetition: 7340
>passed!
repetition: 7341
>passed!
repetition: 7342
>passed!
repetition: 7343
>passed!
repetition: 7344
>passed!
repetition: 7345
>passed!
repetition: 7346
>passed!
repetition: 7347
>passed!
repetition: 7348
>passed!
repetition: 7349
>passed!
repetition: 7350
>passed!
repetition: 7351
>passed!
repetition: 7352
>passed!
repetition: 7353
>passed!
repetition: 7354
>passed!
repetition: 7355
>passed!
repetition: 7356
>passed!
repetition: 7357
>passed!
repetition: 7358
>passed!
repetition: 7359
>passed!
repetition: 7360
>passed!
repetition: 7361
>passed!
repetition: 7362
>passed!
repetition: 7363
>passed!
repetition: 7364
>passed!
repetition: 7365
>passed!
repetition: 7366
>passed!
repetition: 7367
>passed!
repetition: 7368
>passed!
repetition: 7369
>passed!
repetition: 7370
>passed!
repetition: 7371
>passed!
repetition: 7372
>passed!
repetition: 7373
>passed!
repetition: 7374
>passed!
repetition: 7375
>passed!
repetition: 7376
>passed!
repetition: 7377
>passed!
repetition: 7378
>passed!
repetition: 7379
>passed!
repetition: 7380
>passed!
repetition: 7381
>passed!
repetition: 7382
>passed!
repetition: 7383
>passed!
repetition: 7384
>passed!
repetition: 7385
>passed!
repetition: 7386
>passed!
repetition: 7387
>passed!
repetition: 7388
>passed!
repetition: 7389
>passed!
repetition: 7390
>passed!
repetition: 7391
>passed!
repetition: 7392
>passed!
repetition: 7393
>passed!
repetition: 7394
>passed!
repetition: 7395
>passed!
repetition: 7396
>passed!
repetition: 7397
>passed!
repetition: 7398
>passed!
repetition: 7399
>passed!
repetition: 7400
>passed!
repetition: 7401
>passed!
repetition: 7402
>passed!
repetition: 7403
>passed!
repetition: 7404
>passed!
repetition: 7405
>passed!
repetition: 7406
>passed!
repetition: 7407
>passed!
repetition: 7408
>passed!
repetition: 7409
>passed!
repetition: 7410
>passed!
repetition: 7411
>passed!
repetition: 7412
>passed!
repetition: 7413
>passed!
repetition: 7414
>passed!
repetition: 7415
>passed!
repetition: 7416
>passed!
repetition: 7417
>passed!
repetition: 7418
>passed!
repetition: 7419
>passed!
repetition: 7420
>passed!
repetition: 7421
>passed!
repetition: 7422
>passed!
repetition: 7423
>passed!
repetition: 7424
>passed!
repetition: 7425
>passed!
repetition: 7426
>passed!
repetition: 7427
>passed!
repetition: 7428
>passed!
repetition: 7429
>passed!
repetition: 7430
>passed!
repetition: 7431
>passed!
repetition: 7432
>passed!
repetition: 7433
>passed!
repetition: 7434
>passed!
repetition: 7435
>passed!
repetition: 7436
>passed!
repetition: 7437
>passed!
repetition: 7438
>passed!
repetition: 7439
>passed!
repetition: 7440
>passed!
repetition: 7441
>passed!
repetition: 7442
>passed!
repetition: 7443
>passed!
repetition: 7444
>passed!
repetition: 7445
>passed!
repetition: 7446
>passed!
repetition: 7447
>passed!
repetition: 7448
>passed!
repetition: 7449
>passed!
repetition: 7450
>passed!
repetition: 7451
>passed!
repetition: 7452
>passed!
repetition: 7453
>passed!
repetition: 7454
>passed!
repetition: 7455
>passed!
repetition: 7456
>passed!
repetition: 7457
>passed!
repetition: 7458
>passed!
repetition: 7459
>passed!
repetition: 7460
>passed!
repetition: 7461
>passed!
repetition: 7462
>passed!
repetition: 7463
>passed!
repetition: 7464
>passed!
repetition: 7465
>passed!
repetition: 7466
>passed!
repetition: 7467
>passed!
repetition: 7468
>passed!
repetition: 7469
>passed!
repetition: 7470
>passed!
repetition: 7471
>passed!
repetition: 7472
>passed!
repetition: 7473
>passed!
repetition: 7474
>passed!
repetition: 7475
>passed!
repetition: 7476
>passed!
repetition: 7477
>passed!
repetition: 7478
>passed!
repetition: 7479
>passed!
repetition: 7480
>passed!
repetition: 7481
>passed!
repetition: 7482
>passed!
repetition: 7483
>passed!
repetition: 7484
>passed!
repetition: 7485
>passed!
repetition: 7486
>passed!
repetition: 7487
>passed!
repetition: 7488
>passed!
repetition: 7489
>passed!
repetition: 7490
>passed!
repetition: 7491
>passed!
repetition: 7492
>passed!
repetition: 7493
>passed!
repetition: 7494
>passed!
repetition: 7495
>passed!
repetition: 7496
>passed!
repetition: 7497
>passed!
repetition: 7498
>passed!
repetition: 7499
>passed!
repetition: 7500
>passed!
repetition: 7501
>passed!
repetition: 7502
>passed!
repetition: 7503
>passed!
repetition: 7504
>passed!
repetition: 7505
>passed!
repetition: 7506
>passed!
repetition: 7507
>passed!
repetition: 7508
>passed!
repetition: 7509
>passed!
repetition: 7510
>passed!
repetition: 7511
>passed!
repetition: 7512
>passed!
repetition: 7513
>passed!
repetition: 7514
>passed!
repetition: 7515
>passed!
repetition: 7516
>passed!
repetition: 7517
>passed!
repetition: 7518
>passed!
repetition: 7519
>passed!
repetition: 7520
>passed!
repetition: 7521
>passed!
repetition: 7522
>passed!
repetition: 7523
>passed!
repetition: 7524
>passed!
repetition: 7525
>passed!
repetition: 7526
>passed!
repetition: 7527
>passed!
repetition: 7528
>passed!
repetition: 7529
>passed!
repetition: 7530
>passed!
repetition: 7531
>passed!
repetition: 7532
>passed!
repetition: 7533
>passed!
repetition: 7534
>passed!
repetition: 7535
>passed!
repetition: 7536
>passed!
repetition: 7537
>passed!
repetition: 7538
>passed!
repetition: 7539
>passed!
repetition: 7540
>passed!
repetition: 7541
>passed!
repetition: 7542
>passed!
repetition: 7543
>passed!
repetition: 7544
>passed!
repetition: 7545
>passed!
repetition: 7546
>passed!
repetition: 7547
>passed!
repetition: 7548
>passed!
repetition: 7549
>passed!
repetition: 7550
>passed!
repetition: 7551
>passed!
repetition: 7552
>passed!
repetition: 7553
>passed!
repetition: 7554
>passed!
repetition: 7555
>passed!
repetition: 7556
>passed!
repetition: 7557
>passed!
repetition: 7558
>passed!
repetition: 7559
>passed!
repetition: 7560
>passed!
repetition: 7561
>passed!
repetition: 7562
>passed!
repetition: 7563
>passed!
repetition: 7564
>passed!
repetition: 7565
>passed!
repetition: 7566
>passed!
repetition: 7567
>passed!
repetition: 7568
>passed!
repetition: 7569
>passed!
repetition: 7570
>passed!
repetition: 7571
>passed!
repetition: 7572
>passed!
repetition: 7573
>passed!
repetition: 7574
>passed!
repetition: 7575
>passed!
repetition: 7576
>passed!
repetition: 7577
>passed!
repetition: 7578
>passed!
repetition: 7579
>passed!
repetition: 7580
>passed!
repetition: 7581
>passed!
repetition: 7582
>passed!
repetition: 7583
>passed!
repetition: 7584
>passed!
repetition: 7585
>passed!
repetition: 7586
>passed!
repetition: 7587
>passed!
repetition: 7588
>passed!
repetition: 7589
>passed!
repetition: 7590
>passed!
repetition: 7591
>passed!
repetition: 7592
>passed!
repetition: 7593
>passed!
repetition: 7594
>passed!
repetition: 7595
>passed!
repetition: 7596
>passed!
repetition: 7597
>passed!
repetition: 7598
>passed!
repetition: 7599
>passed!
repetition: 7600
>passed!
repetition: 7601
>passed!
repetition: 7602
>passed!
repetition: 7603
>passed!
repetition: 7604
>passed!
repetition: 7605
>passed!
repetition: 7606
>passed!
repetition: 7607
>passed!
repetition: 7608
>passed!
repetition: 7609
>passed!
repetition: 7610
>passed!
repetition: 7611
>passed!
repetition: 7612
>passed!
repetition: 7613
>passed!
repetition: 7614
>passed!
repetition: 7615
>passed!
repetition: 7616
>passed!
repetition: 7617
>passed!
repetition: 7618
>passed!
repetition: 7619
>passed!
repetition: 7620
>passed!
repetition: 7621
>passed!
repetition: 7622
>passed!
repetition: 7623
>passed!
repetition: 7624
>passed!
repetition: 7625
>passed!
repetition: 7626
>passed!
repetition: 7627
>passed!
repetition: 7628
>passed!
repetition: 7629
>passed!
repetition: 7630
>passed!
repetition: 7631
>passed!
repetition: 7632
>passed!
repetition: 7633
>passed!
repetition: 7634
>passed!
repetition: 7635
>passed!
repetition: 7636
>passed!
repetition: 7637
>passed!
repetition: 7638
>passed!
repetition: 7639
>passed!
repetition: 7640
>passed!
repetition: 7641
>passed!
repetition: 7642
>passed!
repetition: 7643
>passed!
repetition: 7644
>passed!
repetition: 7645
>passed!
repetition: 7646
>passed!
repetition: 7647
>passed!
repetition: 7648
>passed!
repetition: 7649
>passed!
repetition: 7650
>passed!
repetition: 7651
>passed!
repetition: 7652
>passed!
repetition: 7653
>passed!
repetition: 7654
>passed!
repetition: 7655
>passed!
repetition: 7656
>passed!
repetition: 7657
>passed!
repetition: 7658
>passed!
repetition: 7659
>passed!
repetition: 7660
>passed!
repetition: 7661
>passed!
repetition: 7662
>passed!
repetition: 7663
>passed!
repetition: 7664
>passed!
repetition: 7665
>passed!
repetition: 7666
>passed!
repetition: 7667
>passed!
repetition: 7668
>passed!
repetition: 7669
>passed!
repetition: 7670
>passed!
repetition: 7671
>passed!
repetition: 7672
>passed!
repetition: 7673
>passed!
repetition: 7674
>passed!
repetition: 7675
>passed!
repetition: 7676
>passed!
repetition: 7677
>passed!
repetition: 7678
>passed!
repetition: 7679
>passed!
repetition: 7680
>passed!
repetition: 7681
>passed!
repetition: 7682
>passed!
repetition: 7683
>passed!
repetition: 7684
>passed!
repetition: 7685
>passed!
repetition: 7686
>passed!
repetition: 7687
>passed!
repetition: 7688
>passed!
repetition: 7689
>passed!
repetition: 7690
>passed!
repetition: 7691
>passed!
repetition: 7692
>passed!
repetition: 7693
>passed!
repetition: 7694
>passed!
repetition: 7695
>passed!
repetition: 7696
>passed!
repetition: 7697
>passed!
repetition: 7698
>passed!
repetition: 7699
>passed!
repetition: 7700
>passed!
repetition: 7701
>passed!
repetition: 7702
>passed!
repetition: 7703
>passed!
repetition: 7704
>passed!
repetition: 7705
>passed!
repetition: 7706
>passed!
repetition: 7707
>passed!
repetition: 7708
>passed!
repetition: 7709
>passed!
repetition: 7710
>passed!
repetition: 7711
>passed!
repetition: 7712
>passed!
repetition: 7713
>passed!
repetition: 7714
>passed!
repetition: 7715
>passed!
repetition: 7716
>passed!
repetition: 7717
>passed!
repetition: 7718
>passed!
repetition: 7719
>passed!
repetition: 7720
>passed!
repetition: 7721
>passed!
repetition: 7722
>passed!
repetition: 7723
>passed!
repetition: 7724
>passed!
repetition: 7725
>passed!
repetition: 7726
>passed!
repetition: 7727
>passed!
repetition: 7728
>passed!
repetition: 7729
>passed!
repetition: 7730
>passed!
repetition: 7731
>passed!
repetition: 7732
>passed!
repetition: 7733
>passed!
repetition: 7734
>passed!
repetition: 7735
>passed!
repetition: 7736
>passed!
repetition: 7737
>passed!
repetition: 7738
>passed!
repetition: 7739
>passed!
repetition: 7740
>passed!
repetition: 7741
>passed!
repetition: 7742
>passed!
repetition: 7743
>passed!
repetition: 7744
>passed!
repetition: 7745
>passed!
repetition: 7746
>passed!
repetition: 7747
>passed!
repetition: 7748
>passed!
repetition: 7749
>passed!
repetition: 7750
>passed!
repetition: 7751
>passed!
repetition: 7752
>passed!
repetition: 7753
>passed!
repetition: 7754
>passed!
repetition: 7755
>passed!
repetition: 7756
>passed!
repetition: 7757
>passed!
repetition: 7758
>passed!
repetition: 7759
>passed!
repetition: 7760
>passed!
repetition: 7761
>passed!
repetition: 7762
>passed!
repetition: 7763
>passed!
repetition: 7764
>passed!
repetition: 7765
>passed!
repetition: 7766
>passed!
repetition: 7767
>passed!
repetition: 7768
>passed!
repetition: 7769
>passed!
repetition: 7770
>passed!
repetition: 7771
>passed!
repetition: 7772
>passed!
repetition: 7773
>passed!
repetition: 7774
>passed!
repetition: 7775
>passed!
repetition: 7776
>passed!
repetition: 7777
>passed!
repetition: 7778
>passed!
repetition: 7779
>passed!
repetition: 7780
>passed!
repetition: 7781
>passed!
repetition: 7782
>passed!
repetition: 7783
>passed!
repetition: 7784
>passed!
repetition: 7785
>passed!
repetition: 7786
>passed!
repetition: 7787
>passed!
repetition: 7788
>passed!
repetition: 7789
>passed!
repetition: 7790
>passed!
repetition: 7791
>passed!
repetition: 7792
>passed!
repetition: 7793
>passed!
repetition: 7794
>passed!
repetition: 7795
>passed!
repetition: 7796
>passed!
repetition: 7797
>passed!
repetition: 7798
>passed!
repetition: 7799
>passed!
repetition: 7800
>passed!
repetition: 7801
>passed!
repetition: 7802
>passed!
repetition: 7803
>passed!
repetition: 7804
>passed!
repetition: 7805
>passed!
repetition: 7806
>passed!
repetition: 7807
>passed!
repetition: 7808
>passed!
repetition: 7809
>passed!
repetition: 7810
>passed!
repetition: 7811
>passed!
repetition: 7812
>passed!
repetition: 7813
>passed!
repetition: 7814
>passed!
repetition: 7815
>passed!
repetition: 7816
>passed!
repetition: 7817
>passed!
repetition: 7818
>passed!
repetition: 7819
>passed!
repetition: 7820
>passed!
repetition: 7821
>passed!
repetition: 7822
>passed!
repetition: 7823
>passed!
repetition: 7824
>passed!
repetition: 7825
>passed!
repetition: 7826
>passed!
repetition: 7827
>passed!
repetition: 7828
>passed!
repetition: 7829
>passed!
repetition: 7830
>passed!
repetition: 7831
>passed!
repetition: 7832
>passed!
repetition: 7833
>passed!
repetition: 7834
>passed!
repetition: 7835
>passed!
repetition: 7836
>passed!
repetition: 7837
>passed!
repetition: 7838
>passed!
repetition: 7839
>passed!
repetition: 7840
>passed!
repetition: 7841
>passed!
repetition: 7842
>passed!
repetition: 7843
>passed!
repetition: 7844
>passed!
repetition: 7845
>passed!
repetition: 7846
>passed!
repetition: 7847
>passed!
repetition: 7848
>passed!
repetition: 7849
>passed!
repetition: 7850
>passed!
repetition: 7851
>passed!
repetition: 7852
>passed!
repetition: 7853
>passed!
repetition: 7854
>passed!
repetition: 7855
>passed!
repetition: 7856
>passed!
repetition: 7857
>passed!
repetition: 7858
>passed!
repetition: 7859
>passed!
repetition: 7860
>passed!
repetition: 7861
>passed!
repetition: 7862
>passed!
repetition: 7863
>passed!
repetition: 7864
>passed!
repetition: 7865
>passed!
repetition: 7866
>passed!
repetition: 7867
>passed!
repetition: 7868
>passed!
repetition: 7869
>passed!
repetition: 7870
>passed!
repetition: 7871
>passed!
repetition: 7872
>passed!
repetition: 7873
>passed!
repetition: 7874
>passed!
repetition: 7875
>passed!
repetition: 7876
>passed!
repetition: 7877
>passed!
repetition: 7878
>passed!
repetition: 7879
>passed!
repetition: 7880
>passed!
repetition: 7881
>passed!
repetition: 7882
>passed!
repetition: 7883
>passed!
repetition: 7884
>passed!
repetition: 7885
>passed!
repetition: 7886
>passed!
repetition: 7887
>passed!
repetition: 7888
>passed!
repetition: 7889
>passed!
repetition: 7890
>passed!
repetition: 7891
>passed!
repetition: 7892
>passed!
repetition: 7893
>passed!
repetition: 7894
>passed!
repetition: 7895
>passed!
repetition: 7896
>passed!
repetition: 7897
>passed!
repetition: 7898
>passed!
repetition: 7899
>passed!
repetition: 7900
>passed!
repetition: 7901
>passed!
repetition: 7902
>passed!
repetition: 7903
>passed!
repetition: 7904
>passed!
repetition: 7905
>passed!
repetition: 7906
>passed!
repetition: 7907
>passed!
repetition: 7908
>passed!
repetition: 7909
>passed!
repetition: 7910
>passed!
repetition: 7911
>passed!
repetition: 7912
>passed!
repetition: 7913
>passed!
repetition: 7914
>passed!
repetition: 7915
>passed!
repetition: 7916
>passed!
repetition: 7917
>passed!
repetition: 7918
>passed!
repetition: 7919
>passed!
repetition: 7920
>passed!
repetition: 7921
>passed!
repetition: 7922
>passed!
repetition: 7923
>passed!
repetition: 7924
>passed!
repetition: 7925
>passed!
repetition: 7926
>passed!
repetition: 7927
>passed!
repetition: 7928
>passed!
repetition: 7929
>passed!
repetition: 7930
>passed!
repetition: 7931
>passed!
repetition: 7932
>passed!
repetition: 7933
>passed!
repetition: 7934
>passed!
repetition: 7935
>passed!
repetition: 7936
>passed!
repetition: 7937
>passed!
repetition: 7938
>passed!
repetition: 7939
>passed!
repetition: 7940
>passed!
repetition: 7941
>passed!
repetition: 7942
>passed!
repetition: 7943
>passed!
repetition: 7944
>passed!
repetition: 7945
>passed!
repetition: 7946
>passed!
repetition: 7947
>passed!
repetition: 7948
>passed!
repetition: 7949
>passed!
repetition: 7950
>passed!
repetition: 7951
>passed!
repetition: 7952
>passed!
repetition: 7953
>passed!
repetition: 7954
>passed!
repetition: 7955
>passed!
repetition: 7956
>passed!
repetition: 7957
>passed!
repetition: 7958
>passed!
repetition: 7959
>passed!
repetition: 7960
>passed!
repetition: 7961
>passed!
repetition: 7962
>passed!
repetition: 7963
>passed!
repetition: 7964
>passed!
repetition: 7965
>passed!
repetition: 7966
>passed!
repetition: 7967
>passed!
repetition: 7968
>passed!
repetition: 7969
>passed!
repetition: 7970
>passed!
repetition: 7971
>passed!
repetition: 7972
>passed!
repetition: 7973
>passed!
repetition: 7974
>passed!
repetition: 7975
>passed!
repetition: 7976
>passed!
repetition: 7977
>passed!
repetition: 7978
>passed!
repetition: 7979
>passed!
repetition: 7980
>passed!
repetition: 7981
>passed!
repetition: 7982
>passed!
repetition: 7983
>passed!
repetition: 7984
>passed!
repetition: 7985
>passed!
repetition: 7986
>passed!
repetition: 7987
>passed!
repetition: 7988
>passed!
repetition: 7989
>passed!
repetition: 7990
>passed!
repetition: 7991
>passed!
repetition: 7992
>passed!
repetition: 7993
>passed!
repetition: 7994
>passed!
repetition: 7995
>passed!
repetition: 7996
>passed!
repetition: 7997
>passed!
repetition: 7998
>passed!
repetition: 7999
>passed!
repetition: 8000
>passed!
repetition: 8001
>passed!
repetition: 8002
>passed!
repetition: 8003
>passed!
repetition: 8004
>passed!
repetition: 8005
>passed!
repetition: 8006
>passed!
repetition: 8007
>passed!
repetition: 8008
>passed!
repetition: 8009
>passed!
repetition: 8010
>passed!
repetition: 8011
>passed!
repetition: 8012
>passed!
repetition: 8013
>passed!
repetition: 8014
>passed!
repetition: 8015
>passed!
repetition: 8016
>passed!
repetition: 8017
>passed!
repetition: 8018
>passed!
repetition: 8019
>passed!
repetition: 8020
>passed!
repetition: 8021
>passed!
repetition: 8022
>passed!
repetition: 8023
>passed!
repetition: 8024
>passed!
repetition: 8025
>passed!
repetition: 8026
>passed!
repetition: 8027
>passed!
repetition: 8028
>passed!
repetition: 8029
>passed!
repetition: 8030
>passed!
repetition: 8031
>passed!
repetition: 8032
>passed!
repetition: 8033
>passed!
repetition: 8034
>passed!
repetition: 8035
>passed!
repetition: 8036
>passed!
repetition: 8037
>passed!
repetition: 8038
>passed!
repetition: 8039
>passed!
repetition: 8040
>passed!
repetition: 8041
>passed!
repetition: 8042
>passed!
repetition: 8043
>passed!
repetition: 8044
>passed!
repetition: 8045
>passed!
repetition: 8046
>passed!
repetition: 8047
>passed!
repetition: 8048
>passed!
repetition: 8049
>passed!
repetition: 8050
>passed!
repetition: 8051
>passed!
repetition: 8052
>passed!
repetition: 8053
>passed!
repetition: 8054
>passed!
repetition: 8055
>passed!
repetition: 8056
>passed!
repetition: 8057
>passed!
repetition: 8058
>passed!
repetition: 8059
>passed!
repetition: 8060
>passed!
repetition: 8061
>passed!
repetition: 8062
>passed!
repetition: 8063
>passed!
repetition: 8064
>passed!
repetition: 8065
>passed!
repetition: 8066
>passed!
repetition: 8067
>passed!
repetition: 8068
>passed!
repetition: 8069
>passed!
repetition: 8070
>passed!
repetition: 8071
>passed!
repetition: 8072
>passed!
repetition: 8073
>passed!
repetition: 8074
>passed!
repetition: 8075
>passed!
repetition: 8076
>passed!
repetition: 8077
>passed!
repetition: 8078
>passed!
repetition: 8079
>passed!
repetition: 8080
>passed!
repetition: 8081
>passed!
repetition: 8082
>passed!
repetition: 8083
>passed!
repetition: 8084
>passed!
repetition: 8085
>passed!
repetition: 8086
>passed!
repetition: 8087
>passed!
repetition: 8088
>passed!
repetition: 8089
>passed!
repetition: 8090
>passed!
repetition: 8091
>passed!
repetition: 8092
>passed!
repetition: 8093
>passed!
repetition: 8094
>passed!
repetition: 8095
>passed!
repetition: 8096
>passed!
repetition: 8097
>passed!
repetition: 8098
>passed!
repetition: 8099
>passed!
repetition: 8100
>passed!
repetition: 8101
>passed!
repetition: 8102
>passed!
repetition: 8103
>passed!
repetition: 8104
>passed!
repetition: 8105
>passed!
repetition: 8106
>passed!
repetition: 8107
>passed!
repetition: 8108
>passed!
repetition: 8109
>passed!
repetition: 8110
>passed!
repetition: 8111
>passed!
repetition: 8112
>passed!
repetition: 8113
>passed!
repetition: 8114
>passed!
repetition: 8115
>passed!
repetition: 8116
>passed!
repetition: 8117
>passed!
repetition: 8118
>passed!
repetition: 8119
>passed!
repetition: 8120
>passed!
repetition: 8121
>passed!
repetition: 8122
>passed!
repetition: 8123
>passed!
repetition: 8124
>passed!
repetition: 8125
>passed!
repetition: 8126
>passed!
repetition: 8127
>passed!
repetition: 8128
>passed!
repetition: 8129
>passed!
repetition: 8130
>passed!
repetition: 8131
>passed!
repetition: 8132
>passed!
repetition: 8133
>passed!
repetition: 8134
>passed!
repetition: 8135
>passed!
repetition: 8136
>passed!
repetition: 8137
>passed!
repetition: 8138
>passed!
repetition: 8139
>passed!
repetition: 8140
>passed!
repetition: 8141
>passed!
repetition: 8142
>passed!
repetition: 8143
>passed!
repetition: 8144
>passed!
repetition: 8145
>passed!
repetition: 8146
>passed!
repetition: 8147
>passed!
repetition: 8148
>passed!
repetition: 8149
>passed!
repetition: 8150
>passed!
repetition: 8151
>passed!
repetition: 8152
>passed!
repetition: 8153
>passed!
repetition: 8154
>passed!
repetition: 8155
>passed!
repetition: 8156
>passed!
repetition: 8157
>passed!
repetition: 8158
>passed!
repetition: 8159
>passed!
repetition: 8160
>passed!
repetition: 8161
>passed!
repetition: 8162
>passed!
repetition: 8163
>passed!
repetition: 8164
>passed!
repetition: 8165
>passed!
repetition: 8166
>passed!
repetition: 8167
>passed!
repetition: 8168
>passed!
repetition: 8169
>passed!
repetition: 8170
>passed!
repetition: 8171
>passed!
repetition: 8172
>passed!
repetition: 8173
>passed!
repetition: 8174
>passed!
repetition: 8175
>passed!
repetition: 8176
>passed!
repetition: 8177
>passed!
repetition: 8178
>passed!
repetition: 8179
>passed!
repetition: 8180
>passed!
repetition: 8181
>passed!
repetition: 8182
>passed!
repetition: 8183
>passed!
repetition: 8184
>passed!
repetition: 8185
>passed!
repetition: 8186
>passed!
repetition: 8187
>passed!
repetition: 8188
>passed!
repetition: 8189
>passed!
repetition: 8190
>passed!
repetition: 8191
>passed!
repetition: 8192
>passed!
repetition: 8193
>passed!
repetition: 8194
>passed!
repetition: 8195
>passed!
repetition: 8196
>passed!
repetition: 8197
>passed!
repetition: 8198
>passed!
repetition: 8199
>passed!
repetition: 8200
>passed!
repetition: 8201
>passed!
repetition: 8202
>passed!
repetition: 8203
>passed!
repetition: 8204
>passed!
repetition: 8205
>passed!
repetition: 8206
>passed!
repetition: 8207
>passed!
repetition: 8208
>passed!
repetition: 8209
>passed!
repetition: 8210
>passed!
repetition: 8211
>passed!
repetition: 8212
>passed!
repetition: 8213
>passed!
repetition: 8214
>passed!
repetition: 8215
>passed!
repetition: 8216
>passed!
repetition: 8217
>passed!
repetition: 8218
>passed!
repetition: 8219
>passed!
repetition: 8220
>passed!
repetition: 8221
>passed!
repetition: 8222
>passed!
repetition: 8223
>passed!
repetition: 8224
>passed!
repetition: 8225
>passed!
repetition: 8226
>passed!
repetition: 8227
>passed!
repetition: 8228
>passed!
repetition: 8229
>passed!
repetition: 8230
>passed!
repetition: 8231
>passed!
repetition: 8232
>passed!
repetition: 8233
>passed!
repetition: 8234
>passed!
repetition: 8235
>passed!
repetition: 8236
>passed!
repetition: 8237
>passed!
repetition: 8238
>passed!
repetition: 8239
>passed!
repetition: 8240
>passed!
repetition: 8241
>passed!
repetition: 8242
>passed!
repetition: 8243
>passed!
repetition: 8244
>passed!
repetition: 8245
>passed!
repetition: 8246
>passed!
repetition: 8247
>passed!
repetition: 8248
>passed!
repetition: 8249
>passed!
repetition: 8250
>passed!
repetition: 8251
>passed!
repetition: 8252
>passed!
repetition: 8253
>passed!
repetition: 8254
>passed!
repetition: 8255
>passed!
repetition: 8256
>passed!
repetition: 8257
>passed!
repetition: 8258
>passed!
repetition: 8259
>passed!
repetition: 8260
>passed!
repetition: 8261
>passed!
repetition: 8262
>passed!
repetition: 8263
>passed!
repetition: 8264
>passed!
repetition: 8265
>passed!
repetition: 8266
>passed!
repetition: 8267
>passed!
repetition: 8268
>passed!
repetition: 8269
>passed!
repetition: 8270
>passed!
repetition: 8271
>passed!
repetition: 8272
>passed!
repetition: 8273
>passed!
repetition: 8274
>passed!
repetition: 8275
>passed!
repetition: 8276
>passed!
repetition: 8277
>passed!
repetition: 8278
>passed!
repetition: 8279
>passed!
repetition: 8280
>passed!
repetition: 8281
>passed!
repetition: 8282
>passed!
repetition: 8283
>passed!
repetition: 8284
>passed!
repetition: 8285
>passed!
repetition: 8286
>passed!
repetition: 8287
>passed!
repetition: 8288
>passed!
repetition: 8289
>passed!
repetition: 8290
>passed!
repetition: 8291
>passed!
repetition: 8292
>passed!
repetition: 8293
>passed!
repetition: 8294
>passed!
repetition: 8295
>passed!
repetition: 8296
>passed!
repetition: 8297
>passed!
repetition: 8298
>passed!
repetition: 8299
>passed!
repetition: 8300
>passed!
repetition: 8301
>passed!
repetition: 8302
>passed!
repetition: 8303
>passed!
repetition: 8304
>passed!
repetition: 8305
>passed!
repetition: 8306
>passed!
repetition: 8307
>passed!
repetition: 8308
>passed!
repetition: 8309
>passed!
repetition: 8310
>passed!
repetition: 8311
>passed!
repetition: 8312
>passed!
repetition: 8313
>passed!
repetition: 8314
>passed!
repetition: 8315
>passed!
repetition: 8316
>passed!
repetition: 8317
>passed!
repetition: 8318
>passed!
repetition: 8319
>passed!
repetition: 8320
>passed!
repetition: 8321
>passed!
repetition: 8322
>passed!
repetition: 8323
>passed!
repetition: 8324
>passed!
repetition: 8325
>passed!
repetition: 8326
>passed!
repetition: 8327
>passed!
repetition: 8328
>passed!
repetition: 8329
>passed!
repetition: 8330
>passed!
repetition: 8331
>passed!
repetition: 8332
>passed!
repetition: 8333
>passed!
repetition: 8334
>passed!
repetition: 8335
>passed!
repetition: 8336
>passed!
repetition: 8337
>passed!
repetition: 8338
>passed!
repetition: 8339
>passed!
repetition: 8340
>passed!
repetition: 8341
>passed!
repetition: 8342
>passed!
repetition: 8343
>passed!
repetition: 8344
>passed!
repetition: 8345
>passed!
repetition: 8346
>passed!
repetition: 8347
>passed!
repetition: 8348
>passed!
repetition: 8349
>passed!
repetition: 8350
>passed!
repetition: 8351
>passed!
repetition: 8352
>passed!
repetition: 8353
>passed!
repetition: 8354
>passed!
repetition: 8355
>passed!
repetition: 8356
>passed!
repetition: 8357
>passed!
repetition: 8358
>passed!
repetition: 8359
>passed!
repetition: 8360
>passed!
repetition: 8361
>passed!
repetition: 8362
>passed!
repetition: 8363
>passed!
repetition: 8364
>passed!
repetition: 8365
>passed!
repetition: 8366
>passed!
repetition: 8367
>passed!
repetition: 8368
>passed!
repetition: 8369
>passed!
repetition: 8370
>passed!
repetition: 8371
>passed!
repetition: 8372
>passed!
repetition: 8373
>passed!
repetition: 8374
>passed!
repetition: 8375
>passed!
repetition: 8376
>passed!
repetition: 8377
>passed!
repetition: 8378
>passed!
repetition: 8379
>passed!
repetition: 8380
>passed!
repetition: 8381
>passed!
repetition: 8382
>passed!
repetition: 8383
>passed!
repetition: 8384
>passed!
repetition: 8385
>passed!
repetition: 8386
>passed!
repetition: 8387
>passed!
repetition: 8388
>passed!
repetition: 8389
>passed!
repetition: 8390
>passed!
repetition: 8391
>passed!
repetition: 8392
>passed!
repetition: 8393
>passed!
repetition: 8394
>passed!
repetition: 8395
>passed!
repetition: 8396
>passed!
repetition: 8397
>passed!
repetition: 8398
>passed!
repetition: 8399
>passed!
repetition: 8400
>passed!
repetition: 8401
>passed!
repetition: 8402
>passed!
repetition: 8403
>passed!
repetition: 8404
>passed!
repetition: 8405
>passed!
repetition: 8406
>passed!
repetition: 8407
>passed!
repetition: 8408
>passed!
repetition: 8409
>passed!
repetition: 8410
>passed!
repetition: 8411
>passed!
repetition: 8412
>passed!
repetition: 8413
>passed!
repetition: 8414
>passed!
repetition: 8415
>passed!
repetition: 8416
>passed!
repetition: 8417
>passed!
repetition: 8418
>passed!
repetition: 8419
>passed!
repetition: 8420
>passed!
repetition: 8421
>passed!
repetition: 8422
>passed!
repetition: 8423
>passed!
repetition: 8424
>passed!
repetition: 8425
>passed!
repetition: 8426
>passed!
repetition: 8427
>passed!
repetition: 8428
>passed!
repetition: 8429
>passed!
repetition: 8430
>passed!
repetition: 8431
>passed!
repetition: 8432
>passed!
repetition: 8433
>passed!
repetition: 8434
>passed!
repetition: 8435
>passed!
repetition: 8436
>passed!
repetition: 8437
>passed!
repetition: 8438
>passed!
repetition: 8439
>passed!
repetition: 8440
>passed!
repetition: 8441
>passed!
repetition: 8442
>passed!
repetition: 8443
>passed!
repetition: 8444
>passed!
repetition: 8445
>passed!
repetition: 8446
>passed!
repetition: 8447
>passed!
repetition: 8448
>passed!
repetition: 8449
>passed!
repetition: 8450
>passed!
repetition: 8451
>passed!
repetition: 8452
>passed!
repetition: 8453
>passed!
repetition: 8454
>passed!
repetition: 8455
>passed!
repetition: 8456
>passed!
repetition: 8457
>passed!
repetition: 8458
>passed!
repetition: 8459
>passed!
repetition: 8460
>passed!
repetition: 8461
>passed!
repetition: 8462
>passed!
repetition: 8463
>passed!
repetition: 8464
>passed!
repetition: 8465
>passed!
repetition: 8466
>passed!
repetition: 8467
>passed!
repetition: 8468
>passed!
repetition: 8469
>passed!
repetition: 8470
>passed!
repetition: 8471
>passed!
repetition: 8472
>passed!
repetition: 8473
>passed!
repetition: 8474
>passed!
repetition: 8475
>passed!
repetition: 8476
>passed!
repetition: 8477
>passed!
repetition: 8478
>passed!
repetition: 8479
>passed!
repetition: 8480
>passed!
repetition: 8481
>passed!
repetition: 8482
>passed!
repetition: 8483
>passed!
repetition: 8484
>passed!
repetition: 8485
>passed!
repetition: 8486
>passed!
repetition: 8487
>passed!
repetition: 8488
>passed!
repetition: 8489
>passed!
repetition: 8490
>passed!
repetition: 8491
>passed!
repetition: 8492
>passed!
repetition: 8493
>passed!
repetition: 8494
>passed!
repetition: 8495
>passed!
repetition: 8496
>passed!
repetition: 8497
>passed!
repetition: 8498
>passed!
repetition: 8499
>passed!
repetition: 8500
>passed!
repetition: 8501
>passed!
repetition: 8502
>passed!
repetition: 8503
>passed!
repetition: 8504
>passed!
repetition: 8505
>passed!
repetition: 8506
>passed!
repetition: 8507
>passed!
repetition: 8508
>passed!
repetition: 8509
>passed!
repetition: 8510
>passed!
repetition: 8511
>passed!
repetition: 8512
>passed!
repetition: 8513
>passed!
repetition: 8514
>passed!
repetition: 8515
>passed!
repetition: 8516
>passed!
repetition: 8517
>passed!
repetition: 8518
>passed!
repetition: 8519
>passed!
repetition: 8520
>passed!
repetition: 8521
>passed!
repetition: 8522
>passed!
repetition: 8523
>passed!
repetition: 8524
>passed!
repetition: 8525
>passed!
repetition: 8526
>passed!
repetition: 8527
>passed!
repetition: 8528
>passed!
repetition: 8529
>passed!
repetition: 8530
>passed!
repetition: 8531
>passed!
repetition: 8532
>passed!
repetition: 8533
>passed!
repetition: 8534
>passed!
repetition: 8535
>passed!
repetition: 8536
>passed!
repetition: 8537
>passed!
repetition: 8538
>passed!
repetition: 8539
>passed!
repetition: 8540
>passed!
repetition: 8541
>passed!
repetition: 8542
>passed!
repetition: 8543
>passed!
repetition: 8544
>passed!
repetition: 8545
>passed!
repetition: 8546
>passed!
repetition: 8547
>passed!
repetition: 8548
>passed!
repetition: 8549
>passed!
repetition: 8550
>passed!
repetition: 8551
>passed!
repetition: 8552
>passed!
repetition: 8553
>passed!
repetition: 8554
>passed!
repetition: 8555
>passed!
repetition: 8556
>passed!
repetition: 8557
>passed!
repetition: 8558
>passed!
repetition: 8559
>passed!
repetition: 8560
>passed!
repetition: 8561
>passed!
repetition: 8562
>passed!
repetition: 8563
>passed!
repetition: 8564
>passed!
repetition: 8565
>passed!
repetition: 8566
>passed!
repetition: 8567
>passed!
repetition: 8568
>passed!
repetition: 8569
>passed!
repetition: 8570
>passed!
repetition: 8571
>passed!
repetition: 8572
>passed!
repetition: 8573
>passed!
repetition: 8574
>passed!
repetition: 8575
>passed!
repetition: 8576
>passed!
repetition: 8577
>passed!
repetition: 8578
>passed!
repetition: 8579
>passed!
repetition: 8580
>passed!
repetition: 8581
>passed!
repetition: 8582
>passed!
repetition: 8583
>passed!
repetition: 8584
>passed!
repetition: 8585
>passed!
repetition: 8586
>passed!
repetition: 8587
>passed!
repetition: 8588
>passed!
repetition: 8589
>passed!
repetition: 8590
>passed!
repetition: 8591
>passed!
repetition: 8592
>passed!
repetition: 8593
>passed!
repetition: 8594
>passed!
repetition: 8595
>passed!
repetition: 8596
>passed!
repetition: 8597
>passed!
repetition: 8598
>passed!
repetition: 8599
>passed!
repetition: 8600
>passed!
repetition: 8601
>passed!
repetition: 8602
>passed!
repetition: 8603
>passed!
repetition: 8604
>passed!
repetition: 8605
>passed!
repetition: 8606
>passed!
repetition: 8607
>passed!
repetition: 8608
>passed!
repetition: 8609
>passed!
repetition: 8610
>passed!
repetition: 8611
>passed!
repetition: 8612
>passed!
repetition: 8613
>passed!
repetition: 8614
>passed!
repetition: 8615
>passed!
repetition: 8616
>passed!
repetition: 8617
>passed!
repetition: 8618
>passed!
repetition: 8619
>passed!
repetition: 8620
>passed!
repetition: 8621
>passed!
repetition: 8622
>passed!
repetition: 8623
>passed!
repetition: 8624
>passed!
repetition: 8625
>passed!
repetition: 8626
>passed!
repetition: 8627
>passed!
repetition: 8628
>passed!
repetition: 8629
>passed!
repetition: 8630
>passed!
repetition: 8631
>passed!
repetition: 8632
>passed!
repetition: 8633
>passed!
repetition: 8634
>passed!
repetition: 8635
>passed!
repetition: 8636
>passed!
repetition: 8637
>passed!
repetition: 8638
>passed!
repetition: 8639
>passed!
repetition: 8640
>passed!
repetition: 8641
>passed!
repetition: 8642
>passed!
repetition: 8643
>passed!
repetition: 8644
>passed!
repetition: 8645
>passed!
repetition: 8646
>passed!
repetition: 8647
>passed!
repetition: 8648
>passed!
repetition: 8649
>passed!
repetition: 8650
>passed!
repetition: 8651
>passed!
repetition: 8652
>passed!
repetition: 8653
>passed!
repetition: 8654
>passed!
repetition: 8655
>passed!
repetition: 8656
>passed!
repetition: 8657
>passed!
repetition: 8658
>passed!
repetition: 8659
>passed!
repetition: 8660
>passed!
repetition: 8661
>passed!
repetition: 8662
>passed!
repetition: 8663
>passed!
repetition: 8664
>passed!
repetition: 8665
>passed!
repetition: 8666
>passed!
repetition: 8667
>passed!
repetition: 8668
>passed!
repetition: 8669
>passed!
repetition: 8670
>passed!
repetition: 8671
>passed!
repetition: 8672
>passed!
repetition: 8673
>passed!
repetition: 8674
>passed!
repetition: 8675
>passed!
repetition: 8676
>passed!
repetition: 8677
>passed!
repetition: 8678
>passed!
repetition: 8679
>passed!
repetition: 8680
>passed!
repetition: 8681
>passed!
repetition: 8682
>passed!
repetition: 8683
>passed!
repetition: 8684
>passed!
repetition: 8685
>passed!
repetition: 8686
>passed!
repetition: 8687
>passed!
repetition: 8688
>passed!
repetition: 8689
>passed!
repetition: 8690
>passed!
repetition: 8691
>passed!
repetition: 8692
>passed!
repetition: 8693
>passed!
repetition: 8694
>passed!
repetition: 8695
>passed!
repetition: 8696
>passed!
repetition: 8697
>passed!
repetition: 8698
>passed!
repetition: 8699
>passed!
repetition: 8700
>passed!
repetition: 8701
>passed!
repetition: 8702
>passed!
repetition: 8703
>passed!
repetition: 8704
>passed!
repetition: 8705
>passed!
repetition: 8706
>passed!
repetition: 8707
>passed!
repetition: 8708
>passed!
repetition: 8709
>passed!
repetition: 8710
>passed!
repetition: 8711
>passed!
repetition: 8712
>passed!
repetition: 8713
>passed!
repetition: 8714
>passed!
repetition: 8715
>passed!
repetition: 8716
>passed!
repetition: 8717
>passed!
repetition: 8718
>passed!
repetition: 8719
>passed!
repetition: 8720
>passed!
repetition: 8721
>passed!
repetition: 8722
>passed!
repetition: 8723
>passed!
repetition: 8724
>passed!
repetition: 8725
>passed!
repetition: 8726
>passed!
repetition: 8727
>passed!
repetition: 8728
>passed!
repetition: 8729
>passed!
repetition: 8730
>passed!
repetition: 8731
>passed!
repetition: 8732
>passed!
repetition: 8733
>passed!
repetition: 8734
>passed!
repetition: 8735
>passed!
repetition: 8736
>passed!
repetition: 8737
>passed!
repetition: 8738
>passed!
repetition: 8739
>passed!
repetition: 8740
>passed!
repetition: 8741
>passed!
repetition: 8742
>passed!
repetition: 8743
>passed!
repetition: 8744
>passed!
repetition: 8745
>passed!
repetition: 8746
>passed!
repetition: 8747
>passed!
repetition: 8748
>passed!
repetition: 8749
>passed!
repetition: 8750
>passed!
repetition: 8751
>passed!
repetition: 8752
>passed!
repetition: 8753
>passed!
repetition: 8754
>passed!
repetition: 8755
>passed!
repetition: 8756
>passed!
repetition: 8757
>passed!
repetition: 8758
>passed!
repetition: 8759
>passed!
repetition: 8760
>passed!
repetition: 8761
>passed!
repetition: 8762
>passed!
repetition: 8763
>passed!
repetition: 8764
>passed!
repetition: 8765
>passed!
repetition: 8766
>passed!
repetition: 8767
>passed!
repetition: 8768
>passed!
repetition: 8769
>passed!
repetition: 8770
>passed!
repetition: 8771
>passed!
repetition: 8772
>passed!
repetition: 8773
>passed!
repetition: 8774
>passed!
repetition: 8775
>passed!
repetition: 8776
>passed!
repetition: 8777
>passed!
repetition: 8778
>passed!
repetition: 8779
>passed!
repetition: 8780
>passed!
repetition: 8781
>passed!
repetition: 8782
>passed!
repetition: 8783
>passed!
repetition: 8784
>passed!
repetition: 8785
>passed!
repetition: 8786
>passed!
repetition: 8787
>passed!
repetition: 8788
>passed!
repetition: 8789
>passed!
repetition: 8790
>passed!
repetition: 8791
>passed!
repetition: 8792
>passed!
repetition: 8793
>passed!
repetition: 8794
>passed!
repetition: 8795
>passed!
repetition: 8796
>passed!
repetition: 8797
>passed!
repetition: 8798
>passed!
repetition: 8799
>passed!
repetition: 8800
>passed!
repetition: 8801
>passed!
repetition: 8802
>passed!
repetition: 8803
>passed!
repetition: 8804
>passed!
repetition: 8805
>passed!
repetition: 8806
>passed!
repetition: 8807
>passed!
repetition: 8808
>passed!
repetition: 8809
>passed!
repetition: 8810
>passed!
repetition: 8811
>passed!
repetition: 8812
>passed!
repetition: 8813
>passed!
repetition: 8814
>passed!
repetition: 8815
>passed!
repetition: 8816
>passed!
repetition: 8817
>passed!
repetition: 8818
>passed!
repetition: 8819
>passed!
repetition: 8820
>passed!
repetition: 8821
>passed!
repetition: 8822
>passed!
repetition: 8823
>passed!
repetition: 8824
>passed!
repetition: 8825
>passed!
repetition: 8826
>passed!
repetition: 8827
>passed!
repetition: 8828
>passed!
repetition: 8829
>passed!
repetition: 8830
>passed!
repetition: 8831
>passed!
repetition: 8832
>passed!
repetition: 8833
>passed!
repetition: 8834
>passed!
repetition: 8835
>passed!
repetition: 8836
>passed!
repetition: 8837
>passed!
repetition: 8838
>passed!
repetition: 8839
>passed!
repetition: 8840
>passed!
repetition: 8841
>passed!
repetition: 8842
>passed!
repetition: 8843
>passed!
repetition: 8844
>passed!
repetition: 8845
>passed!
repetition: 8846
>passed!
repetition: 8847
>passed!
repetition: 8848
>passed!
repetition: 8849
>passed!
repetition: 8850
>passed!
repetition: 8851
>passed!
repetition: 8852
>passed!
repetition: 8853
>passed!
repetition: 8854
>passed!
repetition: 8855
>passed!
repetition: 8856
>passed!
repetition: 8857
>passed!
repetition: 8858
>passed!
repetition: 8859
>passed!
repetition: 8860
>passed!
repetition: 8861
>passed!
repetition: 8862
>passed!
repetition: 8863
>passed!
repetition: 8864
>passed!
repetition: 8865
>passed!
repetition: 8866
>passed!
repetition: 8867
>passed!
repetition: 8868
>passed!
repetition: 8869
>passed!
repetition: 8870
>passed!
repetition: 8871
>passed!
repetition: 8872
>passed!
repetition: 8873
>passed!
repetition: 8874
>passed!
repetition: 8875
>passed!
repetition: 8876
>passed!
repetition: 8877
>passed!
repetition: 8878
>passed!
repetition: 8879
>passed!
repetition: 8880
>passed!
repetition: 8881
>passed!
repetition: 8882
>passed!
repetition: 8883
>passed!
repetition: 8884
>passed!
repetition: 8885
>passed!
repetition: 8886
>passed!
repetition: 8887
>passed!
repetition: 8888
>passed!
repetition: 8889
>passed!
repetition: 8890
>passed!
repetition: 8891
>passed!
repetition: 8892
>passed!
repetition: 8893
>passed!
repetition: 8894
>passed!
repetition: 8895
>passed!
repetition: 8896
>passed!
repetition: 8897
>passed!
repetition: 8898
>passed!
repetition: 8899
>passed!
repetition: 8900
>passed!
repetition: 8901
>passed!
repetition: 8902
>passed!
repetition: 8903
>passed!
repetition: 8904
>passed!
repetition: 8905
>passed!
repetition: 8906
>passed!
repetition: 8907
>passed!
repetition: 8908
>passed!
repetition: 8909
>passed!
repetition: 8910
>passed!
repetition: 8911
>passed!
repetition: 8912
>passed!
repetition: 8913
>passed!
repetition: 8914
>passed!
repetition: 8915
>passed!
repetition: 8916
>passed!
repetition: 8917
>passed!
repetition: 8918
>passed!
repetition: 8919
>passed!
repetition: 8920
>passed!
repetition: 8921
>passed!
repetition: 8922
>passed!
repetition: 8923
>passed!
repetition: 8924
>passed!
repetition: 8925
>passed!
repetition: 8926
>passed!
repetition: 8927
>passed!
repetition: 8928
>passed!
repetition: 8929
>passed!
repetition: 8930
>passed!
repetition: 8931
>passed!
repetition: 8932
>passed!
repetition: 8933
>passed!
repetition: 8934
>passed!
repetition: 8935
>passed!
repetition: 8936
>passed!
repetition: 8937
>passed!
repetition: 8938
>passed!
repetition: 8939
>passed!
repetition: 8940
>passed!
repetition: 8941
>passed!
repetition: 8942
>passed!
repetition: 8943
>passed!
repetition: 8944
>passed!
repetition: 8945
>passed!
repetition: 8946
>passed!
repetition: 8947
>passed!
repetition: 8948
>passed!
repetition: 8949
>passed!
repetition: 8950
>passed!
repetition: 8951
>passed!
repetition: 8952
>passed!
repetition: 8953
>passed!
repetition: 8954
>passed!
repetition: 8955
>passed!
repetition: 8956
>passed!
repetition: 8957
>passed!
repetition: 8958
>passed!
repetition: 8959
>passed!
repetition: 8960
>passed!
repetition: 8961
>passed!
repetition: 8962
>passed!
repetition: 8963
>passed!
repetition: 8964
>passed!
repetition: 8965
>passed!
repetition: 8966
>passed!
repetition: 8967
>passed!
repetition: 8968
>passed!
repetition: 8969
>passed!
repetition: 8970
>passed!
repetition: 8971
>passed!
repetition: 8972
>passed!
repetition: 8973
>passed!
repetition: 8974
>passed!
repetition: 8975
>passed!
repetition: 8976
>passed!
repetition: 8977
>passed!
repetition: 8978
>passed!
repetition: 8979
>passed!
repetition: 8980
>passed!
repetition: 8981
>passed!
repetition: 8982
>passed!
repetition: 8983
>passed!
repetition: 8984
>passed!
repetition: 8985
>passed!
repetition: 8986
>passed!
repetition: 8987
>passed!
repetition: 8988
>passed!
repetition: 8989
>passed!
repetition: 8990
>passed!
repetition: 8991
>passed!
repetition: 8992
>passed!
repetition: 8993
>passed!
repetition: 8994
>passed!
repetition: 8995
>passed!
repetition: 8996
>passed!
repetition: 8997
>passed!
repetition: 8998
>passed!
repetition: 8999
>passed!
repetition: 9000
>passed!
repetition: 9001
>passed!
repetition: 9002
>passed!
repetition: 9003
>passed!
repetition: 9004
>passed!
repetition: 9005
>passed!
repetition: 9006
>passed!
repetition: 9007
>passed!
repetition: 9008
>passed!
repetition: 9009
>passed!
repetition: 9010
>passed!
repetition: 9011
>passed!
repetition: 9012
>passed!
repetition: 9013
>passed!
repetition: 9014
>passed!
repetition: 9015
>passed!
repetition: 9016
>passed!
repetition: 9017
>passed!
repetition: 9018
>passed!
repetition: 9019
>passed!
repetition: 9020
>passed!
repetition: 9021
>passed!
repetition: 9022
>passed!
repetition: 9023
>passed!
repetition: 9024
>passed!
repetition: 9025
>passed!
repetition: 9026
>passed!
repetition: 9027
>passed!
repetition: 9028
>passed!
repetition: 9029
>passed!
repetition: 9030
>passed!
repetition: 9031
>passed!
repetition: 9032
>passed!
repetition: 9033
>passed!
repetition: 9034
>passed!
repetition: 9035
>passed!
repetition: 9036
>passed!
repetition: 9037
>passed!
repetition: 9038
>passed!
repetition: 9039
>passed!
repetition: 9040
>passed!
repetition: 9041
>passed!
repetition: 9042
>passed!
repetition: 9043
>passed!
repetition: 9044
>passed!
repetition: 9045
>passed!
repetition: 9046
>passed!
repetition: 9047
>passed!
repetition: 9048
>passed!
repetition: 9049
>passed!
repetition: 9050
>passed!
repetition: 9051
>passed!
repetition: 9052
>passed!
repetition: 9053
>passed!
repetition: 9054
>passed!
repetition: 9055
>passed!
repetition: 9056
>passed!
repetition: 9057
>passed!
repetition: 9058
>passed!
repetition: 9059
>passed!
repetition: 9060
>passed!
repetition: 9061
>passed!
repetition: 9062
>passed!
repetition: 9063
>passed!
repetition: 9064
>passed!
repetition: 9065
>passed!
repetition: 9066
>passed!
repetition: 9067
>passed!
repetition: 9068
>passed!
repetition: 9069
>passed!
repetition: 9070
>passed!
repetition: 9071
>passed!
repetition: 9072
>passed!
repetition: 9073
>passed!
repetition: 9074
>passed!
repetition: 9075
>passed!
repetition: 9076
>passed!
repetition: 9077
>passed!
repetition: 9078
>passed!
repetition: 9079
>passed!
repetition: 9080
>passed!
repetition: 9081
>passed!
repetition: 9082
>passed!
repetition: 9083
>passed!
repetition: 9084
>passed!
repetition: 9085
>passed!
repetition: 9086
>passed!
repetition: 9087
>passed!
repetition: 9088
>passed!
repetition: 9089
>passed!
repetition: 9090
>passed!
repetition: 9091
>passed!
repetition: 9092
>passed!
repetition: 9093
>passed!
repetition: 9094
>passed!
repetition: 9095
>passed!
repetition: 9096
>passed!
repetition: 9097
>passed!
repetition: 9098
>passed!
repetition: 9099
>passed!
repetition: 9100
>passed!
repetition: 9101
>passed!
repetition: 9102
>passed!
repetition: 9103
>passed!
repetition: 9104
>passed!
repetition: 9105
>passed!
repetition: 9106
>passed!
repetition: 9107
>passed!
repetition: 9108
>passed!
repetition: 9109
>passed!
repetition: 9110
>passed!
repetition: 9111
>passed!
repetition: 9112
>passed!
repetition: 9113
>passed!
repetition: 9114
>passed!
repetition: 9115
>passed!
repetition: 9116
>passed!
repetition: 9117
>passed!
repetition: 9118
>passed!
repetition: 9119
>passed!
repetition: 9120
>passed!
repetition: 9121
>passed!
repetition: 9122
>passed!
repetition: 9123
>passed!
repetition: 9124
>passed!
repetition: 9125
>passed!
repetition: 9126
>passed!
repetition: 9127
>passed!
repetition: 9128
>passed!
repetition: 9129
>passed!
repetition: 9130
>passed!
repetition: 9131
>passed!
repetition: 9132
>passed!
repetition: 9133
>passed!
repetition: 9134
>passed!
repetition: 9135
>passed!
repetition: 9136
>passed!
repetition: 9137
>passed!
repetition: 9138
>passed!
repetition: 9139
>passed!
repetition: 9140
>passed!
repetition: 9141
>passed!
repetition: 9142
>passed!
repetition: 9143
>passed!
repetition: 9144
>passed!
repetition: 9145
>passed!
repetition: 9146
>passed!
repetition: 9147
>passed!
repetition: 9148
>passed!
repetition: 9149
>passed!
repetition: 9150
>passed!
repetition: 9151
>passed!
repetition: 9152
>passed!
repetition: 9153
>passed!
repetition: 9154
>passed!
repetition: 9155
>passed!
repetition: 9156
>passed!
repetition: 9157
>passed!
repetition: 9158
>passed!
repetition: 9159
>passed!
repetition: 9160
>passed!
repetition: 9161
>passed!
repetition: 9162
>passed!
repetition: 9163
>passed!
repetition: 9164
>passed!
repetition: 9165
>passed!
repetition: 9166
>passed!
repetition: 9167
>passed!
repetition: 9168
>passed!
repetition: 9169
>passed!
repetition: 9170
>passed!
repetition: 9171
>passed!
repetition: 9172
>passed!
repetition: 9173
>passed!
repetition: 9174
>passed!
repetition: 9175
>passed!
repetition: 9176
>passed!
repetition: 9177
>passed!
repetition: 9178
>passed!
repetition: 9179
>passed!
repetition: 9180
>passed!
repetition: 9181
>passed!
repetition: 9182
>passed!
repetition: 9183
>passed!
repetition: 9184
>passed!
repetition: 9185
>passed!
repetition: 9186
>passed!
repetition: 9187
>passed!
repetition: 9188
>passed!
repetition: 9189
>passed!
repetition: 9190
>passed!
repetition: 9191
>passed!
repetition: 9192
>passed!
repetition: 9193
>passed!
repetition: 9194
>passed!
repetition: 9195
>passed!
repetition: 9196
>passed!
repetition: 9197
>passed!
repetition: 9198
>passed!
repetition: 9199
>passed!
repetition: 9200
>passed!
repetition: 9201
>passed!
repetition: 9202
>passed!
repetition: 9203
>passed!
repetition: 9204
>passed!
repetition: 9205
>passed!
repetition: 9206
>passed!
repetition: 9207
>passed!
repetition: 9208
>passed!
repetition: 9209
>passed!
repetition: 9210
>passed!
repetition: 9211
>passed!
repetition: 9212
>passed!
repetition: 9213
>passed!
repetition: 9214
>passed!
repetition: 9215
>passed!
repetition: 9216
>passed!
repetition: 9217
>passed!
repetition: 9218
>passed!
repetition: 9219
>passed!
repetition: 9220
>passed!
repetition: 9221
>passed!
repetition: 9222
>passed!
repetition: 9223
>passed!
repetition: 9224
>passed!
repetition: 9225
>passed!
repetition: 9226
>passed!
repetition: 9227
>passed!
repetition: 9228
>passed!
repetition: 9229
>passed!
repetition: 9230
>passed!
repetition: 9231
>passed!
repetition: 9232
>passed!
repetition: 9233
>passed!
repetition: 9234
>passed!
repetition: 9235
>passed!
repetition: 9236
>passed!
repetition: 9237
>passed!
repetition: 9238
>passed!
repetition: 9239
>passed!
repetition: 9240
>passed!
repetition: 9241
>passed!
repetition: 9242
>passed!
repetition: 9243
>passed!
repetition: 9244
>passed!
repetition: 9245
>passed!
repetition: 9246
>passed!
repetition: 9247
>passed!
repetition: 9248
>passed!
repetition: 9249
>passed!
repetition: 9250
>passed!
repetition: 9251
>passed!
repetition: 9252
>passed!
repetition: 9253
>passed!
repetition: 9254
>passed!
repetition: 9255
>passed!
repetition: 9256
>passed!
repetition: 9257
>passed!
repetition: 9258
>passed!
repetition: 9259
>passed!
repetition: 9260
>passed!
repetition: 9261
>passed!
repetition: 9262
>passed!
repetition: 9263
>passed!
repetition: 9264
>passed!
repetition: 9265
>passed!
repetition: 9266
>passed!
repetition: 9267
>passed!
repetition: 9268
>passed!
repetition: 9269
>passed!
repetition: 9270
>passed!
repetition: 9271
>passed!
repetition: 9272
>passed!
repetition: 9273
>passed!
repetition: 9274
>passed!
repetition: 9275
>passed!
repetition: 9276
>passed!
repetition: 9277
>passed!
repetition: 9278
>passed!
repetition: 9279
>passed!
repetition: 9280
>passed!
repetition: 9281
>passed!
repetition: 9282
>passed!
repetition: 9283
>passed!
repetition: 9284
>passed!
repetition: 9285
>passed!
repetition: 9286
>passed!
repetition: 9287
>passed!
repetition: 9288
>passed!
repetition: 9289
>passed!
repetition: 9290
>passed!
repetition: 9291
>passed!
repetition: 9292
>passed!
repetition: 9293
>passed!
repetition: 9294
>passed!
repetition: 9295
>passed!
repetition: 9296
>passed!
repetition: 9297
>passed!
repetition: 9298
>passed!
repetition: 9299
>passed!
repetition: 9300
>passed!
repetition: 9301
>passed!
repetition: 9302
>passed!
repetition: 9303
>passed!
repetition: 9304
>passed!
repetition: 9305
>passed!
repetition: 9306
>passed!
repetition: 9307
>passed!
repetition: 9308
>passed!
repetition: 9309
>passed!
repetition: 9310
>passed!
repetition: 9311
>passed!
repetition: 9312
>passed!
repetition: 9313
>passed!
repetition: 9314
>passed!
repetition: 9315
>passed!
repetition: 9316
>passed!
repetition: 9317
>passed!
repetition: 9318
>passed!
repetition: 9319
>passed!
repetition: 9320
>passed!
repetition: 9321
>passed!
repetition: 9322
>passed!
repetition: 9323
>passed!
repetition: 9324
>passed!
repetition: 9325
>passed!
repetition: 9326
>passed!
repetition: 9327
>passed!
repetition: 9328
>passed!
repetition: 9329
>passed!
repetition: 9330
>passed!
repetition: 9331
>passed!
repetition: 9332
>passed!
repetition: 9333
>passed!
repetition: 9334
>passed!
repetition: 9335
>passed!
repetition: 9336
>passed!
repetition: 9337
>passed!
repetition: 9338
>passed!
repetition: 9339
>passed!
repetition: 9340
>passed!
repetition: 9341
>passed!
repetition: 9342
>passed!
repetition: 9343
>passed!
repetition: 9344
>passed!
repetition: 9345
>passed!
repetition: 9346
>passed!
repetition: 9347
>passed!
repetition: 9348
>passed!
repetition: 9349
>passed!
repetition: 9350
>passed!
repetition: 9351
>passed!
repetition: 9352
>passed!
repetition: 9353
>passed!
repetition: 9354
>passed!
repetition: 9355
>passed!
repetition: 9356
>passed!
repetition: 9357
>passed!
repetition: 9358
>passed!
repetition: 9359
>passed!
repetition: 9360
>passed!
repetition: 9361
>passed!
repetition: 9362
>passed!
repetition: 9363
>passed!
repetition: 9364
>passed!
repetition: 9365
>passed!
repetition: 9366
>passed!
repetition: 9367
>passed!
repetition: 9368
>passed!
repetition: 9369
>passed!
repetition: 9370
>passed!
repetition: 9371
>passed!
repetition: 9372
>passed!
repetition: 9373
>passed!
repetition: 9374
>passed!
repetition: 9375
>passed!
repetition: 9376
>passed!
repetition: 9377
>passed!
repetition: 9378
>passed!
repetition: 9379
>passed!
repetition: 9380
>passed!
repetition: 9381
>passed!
repetition: 9382
>passed!
repetition: 9383
>passed!
repetition: 9384
>passed!
repetition: 9385
>passed!
repetition: 9386
>passed!
repetition: 9387
>passed!
repetition: 9388
>passed!
repetition: 9389
>passed!
repetition: 9390
>passed!
repetition: 9391
>passed!
repetition: 9392
>passed!
repetition: 9393
>passed!
repetition: 9394
>passed!
repetition: 9395
>passed!
repetition: 9396
>passed!
repetition: 9397
>passed!
repetition: 9398
>passed!
repetition: 9399
>passed!
repetition: 9400
>passed!
repetition: 9401
>passed!
repetition: 9402
>passed!
repetition: 9403
>passed!
repetition: 9404
>passed!
repetition: 9405
>passed!
repetition: 9406
>passed!
repetition: 9407
>passed!
repetition: 9408
>passed!
repetition: 9409
>passed!
repetition: 9410
>passed!
repetition: 9411
>passed!
repetition: 9412
>passed!
repetition: 9413
>passed!
repetition: 9414
>passed!
repetition: 9415
>passed!
repetition: 9416
>passed!
repetition: 9417
>passed!
repetition: 9418
>passed!
repetition: 9419
>passed!
repetition: 9420
>passed!
repetition: 9421
>passed!
repetition: 9422
>passed!
repetition: 9423
>passed!
repetition: 9424
>passed!
repetition: 9425
>passed!
repetition: 9426
>passed!
repetition: 9427
>passed!
repetition: 9428
>passed!
repetition: 9429
>passed!
repetition: 9430
>passed!
repetition: 9431
>passed!
repetition: 9432
>passed!
repetition: 9433
>passed!
repetition: 9434
>passed!
repetition: 9435
>passed!
repetition: 9436
>passed!
repetition: 9437
>passed!
repetition: 9438
>passed!
repetition: 9439
>passed!
repetition: 9440
>passed!
repetition: 9441
>passed!
repetition: 9442
>passed!
repetition: 9443
>passed!
repetition: 9444
>passed!
repetition: 9445
>passed!
repetition: 9446
>passed!
repetition: 9447
>passed!
repetition: 9448
>passed!
repetition: 9449
>passed!
repetition: 9450
>passed!
repetition: 9451
>passed!
repetition: 9452
>passed!
repetition: 9453
>passed!
repetition: 9454
>passed!
repetition: 9455
>passed!
repetition: 9456
>passed!
repetition: 9457
>passed!
repetition: 9458
>passed!
repetition: 9459
>passed!
repetition: 9460
>passed!
repetition: 9461
>passed!
repetition: 9462
>passed!
repetition: 9463
>passed!
repetition: 9464
>passed!
repetition: 9465
>passed!
repetition: 9466
>passed!
repetition: 9467
>passed!
repetition: 9468
>passed!
repetition: 9469
>passed!
repetition: 9470
>passed!
repetition: 9471
>passed!
repetition: 9472
>passed!
repetition: 9473
>passed!
repetition: 9474
>passed!
repetition: 9475
>passed!
repetition: 9476
>passed!
repetition: 9477
>passed!
repetition: 9478
>passed!
repetition: 9479
>passed!
repetition: 9480
>passed!
repetition: 9481
>passed!
repetition: 9482
>passed!
repetition: 9483
>passed!
repetition: 9484
>passed!
repetition: 9485
>passed!
repetition: 9486
>passed!
repetition: 9487
>passed!
repetition: 9488
>passed!
repetition: 9489
>passed!
repetition: 9490
>passed!
repetition: 9491
>passed!
repetition: 9492
>passed!
repetition: 9493
>passed!
repetition: 9494
>passed!
repetition: 9495
>passed!
repetition: 9496
>passed!
repetition: 9497
>passed!
repetition: 9498
>passed!
repetition: 9499
>passed!
repetition: 9500
>passed!
repetition: 9501
>passed!
repetition: 9502
>passed!
repetition: 9503
>passed!
repetition: 9504
>passed!
repetition: 9505
>passed!
repetition: 9506
>passed!
repetition: 9507
>passed!
repetition: 9508
>passed!
repetition: 9509
>passed!
repetition: 9510
>passed!
repetition: 9511
>passed!
repetition: 9512
>passed!
repetition: 9513
>passed!
repetition: 9514
>passed!
repetition: 9515
>passed!
repetition: 9516
>passed!
repetition: 9517
>passed!
repetition: 9518
>passed!
repetition: 9519
>passed!
repetition: 9520
>passed!
repetition: 9521
>passed!
repetition: 9522
>passed!
repetition: 9523
>passed!
repetition: 9524
>passed!
repetition: 9525
>passed!
repetition: 9526
>passed!
repetition: 9527
>passed!
repetition: 9528
>passed!
repetition: 9529
>passed!
repetition: 9530
>passed!
repetition: 9531
>passed!
repetition: 9532
>passed!
repetition: 9533
>passed!
repetition: 9534
>passed!
repetition: 9535
>passed!
repetition: 9536
>passed!
repetition: 9537
>passed!
repetition: 9538
>passed!
repetition: 9539
>passed!
repetition: 9540
>passed!
repetition: 9541
>passed!
repetition: 9542
>passed!
repetition: 9543
>passed!
repetition: 9544
>passed!
repetition: 9545
>passed!
repetition: 9546
>passed!
repetition: 9547
>passed!
repetition: 9548
>passed!
repetition: 9549
>passed!
repetition: 9550
>passed!
repetition: 9551
>passed!
repetition: 9552
>passed!
repetition: 9553
>passed!
repetition: 9554
>passed!
repetition: 9555
>passed!
repetition: 9556
>passed!
repetition: 9557
>passed!
repetition: 9558
>passed!
repetition: 9559
>passed!
repetition: 9560
>passed!
repetition: 9561
>passed!
repetition: 9562
>passed!
repetition: 9563
>passed!
repetition: 9564
>passed!
repetition: 9565
>passed!
repetition: 9566
>passed!
repetition: 9567
>passed!
repetition: 9568
>passed!
repetition: 9569
>passed!
repetition: 9570
>passed!
repetition: 9571
>passed!
repetition: 9572
>passed!
repetition: 9573
>passed!
repetition: 9574
>passed!
repetition: 9575
>passed!
repetition: 9576
>passed!
repetition: 9577
>passed!
repetition: 9578
>passed!
repetition: 9579
>passed!
repetition: 9580
>passed!
repetition: 9581
>passed!
repetition: 9582
>passed!
repetition: 9583
>passed!
repetition: 9584
>passed!
repetition: 9585
>passed!
repetition: 9586
>passed!
repetition: 9587
>passed!
repetition: 9588
>passed!
repetition: 9589
>passed!
repetition: 9590
>passed!
repetition: 9591
>passed!
repetition: 9592
>passed!
repetition: 9593
>passed!
repetition: 9594
>passed!
repetition: 9595
>passed!
repetition: 9596
>passed!
repetition: 9597
>passed!
repetition: 9598
>passed!
repetition: 9599
>passed!
repetition: 9600
>passed!
repetition: 9601
>passed!
repetition: 9602
>passed!
repetition: 9603
>passed!
repetition: 9604
>passed!
repetition: 9605
>passed!
repetition: 9606
>passed!
repetition: 9607
>passed!
repetition: 9608
>passed!
repetition: 9609
>passed!
repetition: 9610
>passed!
repetition: 9611
>passed!
repetition: 9612
>passed!
repetition: 9613
>passed!
repetition: 9614
>passed!
repetition: 9615
>passed!
repetition: 9616
>passed!
repetition: 9617
>passed!
repetition: 9618
>passed!
repetition: 9619
>passed!
repetition: 9620
>passed!
repetition: 9621
>passed!
repetition: 9622
>passed!
repetition: 9623
>passed!
repetition: 9624
>passed!
repetition: 9625
>passed!
repetition: 9626
>passed!
repetition: 9627
>passed!
repetition: 9628
>passed!
repetition: 9629
>passed!
repetition: 9630
>passed!
repetition: 9631
>passed!
repetition: 9632
>passed!
repetition: 9633
>passed!
repetition: 9634
>passed!
repetition: 9635
>passed!
repetition: 9636
>passed!
repetition: 9637
>passed!
repetition: 9638
>passed!
repetition: 9639
>passed!
repetition: 9640
>passed!
repetition: 9641
>passed!
repetition: 9642
>passed!
repetition: 9643
>passed!
repetition: 9644
>passed!
repetition: 9645
>passed!
repetition: 9646
>passed!
repetition: 9647
>passed!
repetition: 9648
>passed!
repetition: 9649
>passed!
repetition: 9650
>passed!
repetition: 9651
>passed!
repetition: 9652
>passed!
repetition: 9653
>passed!
repetition: 9654
>passed!
repetition: 9655
>passed!
repetition: 9656
>passed!
repetition: 9657
>passed!
repetition: 9658
>passed!
repetition: 9659
>passed!
repetition: 9660
>passed!
repetition: 9661
>passed!
repetition: 9662
>passed!
repetition: 9663
>passed!
repetition: 9664
>passed!
repetition: 9665
>passed!
repetition: 9666
>passed!
repetition: 9667
>passed!
repetition: 9668
>passed!
repetition: 9669
>passed!
repetition: 9670
>passed!
repetition: 9671
>passed!
repetition: 9672
>passed!
repetition: 9673
>passed!
repetition: 9674
>passed!
repetition: 9675
>passed!
repetition: 9676
>passed!
repetition: 9677
>passed!
repetition: 9678
>passed!
repetition: 9679
>passed!
repetition: 9680
>passed!
repetition: 9681
>passed!
repetition: 9682
>passed!
repetition: 9683
>passed!
repetition: 9684
>passed!
repetition: 9685
>passed!
repetition: 9686
>passed!
repetition: 9687
>passed!
repetition: 9688
>passed!
repetition: 9689
>passed!
repetition: 9690
>passed!
repetition: 9691
>passed!
repetition: 9692
>passed!
repetition: 9693
>passed!
repetition: 9694
>passed!
repetition: 9695
>passed!
repetition: 9696
>passed!
repetition: 9697
>passed!
repetition: 9698
>passed!
repetition: 9699
>passed!
repetition: 9700
>passed!
repetition: 9701
>passed!
repetition: 9702
>passed!
repetition: 9703
>passed!
repetition: 9704
>passed!
repetition: 9705
>passed!
repetition: 9706
>passed!
repetition: 9707
>passed!
repetition: 9708
>passed!
repetition: 9709
>passed!
repetition: 9710
>passed!
repetition: 9711
>passed!
repetition: 9712
>passed!
repetition: 9713
>passed!
repetition: 9714
>passed!
repetition: 9715
>passed!
repetition: 9716
>passed!
repetition: 9717
>passed!
repetition: 9718
>passed!
repetition: 9719
>passed!
repetition: 9720
>passed!
repetition: 9721
>passed!
repetition: 9722
>passed!
repetition: 9723
>passed!
repetition: 9724
>passed!
repetition: 9725
>passed!
repetition: 9726
>passed!
repetition: 9727
>passed!
repetition: 9728
>passed!
repetition: 9729
>passed!
repetition: 9730
>passed!
repetition: 9731
>passed!
repetition: 9732
>passed!
repetition: 9733
>passed!
repetition: 9734
>passed!
repetition: 9735
>passed!
repetition: 9736
>passed!
repetition: 9737
>passed!
repetition: 9738
>passed!
repetition: 9739
>passed!
repetition: 9740
>passed!
repetition: 9741
>passed!
repetition: 9742
>passed!
repetition: 9743
>passed!
repetition: 9744
>passed!
repetition: 9745
>passed!
repetition: 9746
>passed!
repetition: 9747
>passed!
repetition: 9748
>passed!
repetition: 9749
>passed!
repetition: 9750
>passed!
repetition: 9751
>passed!
repetition: 9752
>passed!
repetition: 9753
>passed!
repetition: 9754
>passed!
repetition: 9755
>passed!
repetition: 9756
>passed!
repetition: 9757
>passed!
repetition: 9758
>passed!
repetition: 9759
>passed!
repetition: 9760
>passed!
repetition: 9761
>passed!
repetition: 9762
>passed!
repetition: 9763
>passed!
repetition: 9764
>passed!
repetition: 9765
>passed!
repetition: 9766
>passed!
repetition: 9767
>passed!
repetition: 9768
>passed!
repetition: 9769
>passed!
repetition: 9770
>passed!
repetition: 9771
>passed!
repetition: 9772
>passed!
repetition: 9773
>passed!
repetition: 9774
>passed!
repetition: 9775
>passed!
repetition: 9776
>passed!
repetition: 9777
>passed!
repetition: 9778
>passed!
repetition: 9779
>passed!
repetition: 9780
>passed!
repetition: 9781
>passed!
repetition: 9782
>passed!
repetition: 9783
>passed!
repetition: 9784
>passed!
repetition: 9785
>passed!
repetition: 9786
>passed!
repetition: 9787
>passed!
repetition: 9788
>passed!
repetition: 9789
>passed!
repetition: 9790
>passed!
repetition: 9791
>passed!
repetition: 9792
>passed!
repetition: 9793
>passed!
repetition: 9794
>passed!
repetition: 9795
>passed!
repetition: 9796
>passed!
repetition: 9797
>passed!
repetition: 9798
>passed!
repetition: 9799
>passed!
repetition: 9800
>passed!
repetition: 9801
>passed!
repetition: 9802
>passed!
repetition: 9803
>passed!
repetition: 9804
>passed!
repetition: 9805
>passed!
repetition: 9806
>passed!
repetition: 9807
>passed!
repetition: 9808
>passed!
repetition: 9809
>passed!
repetition: 9810
>passed!
repetition: 9811
>passed!
repetition: 9812
>passed!
repetition: 9813
>passed!
repetition: 9814
>passed!
repetition: 9815
>passed!
repetition: 9816
>passed!
repetition: 9817
>passed!
repetition: 9818
>passed!
repetition: 9819
>passed!
repetition: 9820
>passed!
repetition: 9821
>passed!
repetition: 9822
>passed!
repetition: 9823
>passed!
repetition: 9824
>passed!
repetition: 9825
>passed!
repetition: 9826
>passed!
repetition: 9827
>passed!
repetition: 9828
>passed!
repetition: 9829
>passed!
repetition: 9830
>passed!
repetition: 9831
>passed!
repetition: 9832
>passed!
repetition: 9833
>passed!
repetition: 9834
>passed!
repetition: 9835
>passed!
repetition: 9836
>passed!
repetition: 9837
>passed!
repetition: 9838
>passed!
repetition: 9839
>passed!
repetition: 9840
>passed!
repetition: 9841
>passed!
repetition: 9842
>passed!
repetition: 9843
>passed!
repetition: 9844
>passed!
repetition: 9845
>passed!
repetition: 9846
>passed!
repetition: 9847
>passed!
repetition: 9848
>passed!
repetition: 9849
>passed!
repetition: 9850
>passed!
repetition: 9851
>passed!
repetition: 9852
>passed!
repetition: 9853
>passed!
repetition: 9854
>passed!
repetition: 9855
>passed!
repetition: 9856
>passed!
repetition: 9857
>passed!
repetition: 9858
>passed!
repetition: 9859
>passed!
repetition: 9860
>passed!
repetition: 9861
>passed!
repetition: 9862
>passed!
repetition: 9863
>passed!
repetition: 9864
>passed!
repetition: 9865
>passed!
repetition: 9866
>passed!
repetition: 9867
>passed!
repetition: 9868
>passed!
repetition: 9869
>passed!
repetition: 9870
>passed!
repetition: 9871
>passed!
repetition: 9872
>passed!
repetition: 9873
>passed!
repetition: 9874
>passed!
repetition: 9875
>passed!
repetition: 9876
>passed!
repetition: 9877
>passed!
repetition: 9878
>passed!
repetition: 9879
>passed!
repetition: 9880
>passed!
repetition: 9881
>passed!
repetition: 9882
>passed!
repetition: 9883
>passed!
repetition: 9884
>passed!
repetition: 9885
>passed!
repetition: 9886
>passed!
repetition: 9887
>passed!
repetition: 9888
>passed!
repetition: 9889
>passed!
repetition: 9890
>passed!
repetition: 9891
>passed!
repetition: 9892
>passed!
repetition: 9893
>passed!
repetition: 9894
>passed!
repetition: 9895
>passed!
repetition: 9896
>passed!
repetition: 9897
>passed!
repetition: 9898
>passed!
repetition: 9899
>passed!
repetition: 9900
>passed!
repetition: 9901
>passed!
repetition: 9902
>passed!
repetition: 9903
>passed!
repetition: 9904
>passed!
repetition: 9905
>passed!
repetition: 9906
>passed!
repetition: 9907
>passed!
repetition: 9908
>passed!
repetition: 9909
>passed!
repetition: 9910
>passed!
repetition: 9911
>passed!
repetition: 9912
>passed!
repetition: 9913
>passed!
repetition: 9914
>passed!
repetition: 9915
>passed!
repetition: 9916
>passed!
repetition: 9917
>passed!
repetition: 9918
>passed!
repetition: 9919
>passed!
repetition: 9920
>passed!
repetition: 9921
>passed!
repetition: 9922
>passed!
repetition: 9923
>passed!
repetition: 9924
>passed!
repetition: 9925
>passed!
repetition: 9926
>passed!
repetition: 9927
>passed!
repetition: 9928
>passed!
repetition: 9929
>passed!
repetition: 9930
>passed!
repetition: 9931
>passed!
repetition: 9932
>passed!
repetition: 9933
>passed!
repetition: 9934
>passed!
repetition: 9935
>passed!
repetition: 9936
>passed!
repetition: 9937
>passed!
repetition: 9938
>passed!
repetition: 9939
>passed!
repetition: 9940
>passed!
repetition: 9941
>passed!
repetition: 9942
>passed!
repetition: 9943
>passed!
repetition: 9944
>passed!
repetition: 9945
>passed!
repetition: 9946
>passed!
repetition: 9947
>passed!
repetition: 9948
>passed!
repetition: 9949
>passed!
repetition: 9950
>passed!
repetition: 9951
>passed!
repetition: 9952
>passed!
repetition: 9953
>passed!
repetition: 9954
>passed!
repetition: 9955
>passed!
repetition: 9956
>passed!
repetition: 9957
>passed!
repetition: 9958
>passed!
repetition: 9959
>passed!
repetition: 9960
>passed!
repetition: 9961
>passed!
repetition: 9962
>passed!
repetition: 9963
>passed!
repetition: 9964
>passed!
repetition: 9965
>passed!
repetition: 9966
>passed!
repetition: 9967
>passed!
repetition: 9968
>passed!
repetition: 9969
>passed!
repetition: 9970
>passed!
repetition: 9971
>passed!
repetition: 9972
>passed!
repetition: 9973
>passed!
repetition: 9974
>passed!
repetition: 9975
>passed!
repetition: 9976
>passed!
repetition: 9977
>passed!
repetition: 9978
>passed!
repetition: 9979
>passed!
repetition: 9980
>passed!
repetition: 9981
>passed!
repetition: 9982
>passed!
repetition: 9983
>passed!
repetition: 9984
>passed!
repetition: 9985
>passed!
repetition: 9986
>passed!
repetition: 9987
>passed!
repetition: 9988
>passed!
repetition: 9989
>passed!
repetition: 9990
>passed!
repetition: 9991
>passed!
repetition: 9992
>passed!
repetition: 9993
>passed!
repetition: 9994
>passed!
repetition: 9995
>passed!
repetition: 9996
>passed!
repetition: 9997
>passed!
repetition: 9998
>passed!
repetition: 9999
>passed!
repetition: 10000
>passed!
repetition: 10001
>passed!
repetition: 10002
>passed!
repetition: 10003
>passed!
repetition: 10004
>passed!
repetition: 10005
>passed!
repetition: 10006
>passed!
repetition: 10007
>passed!
repetition: 10008
>passed!
repetition: 10009
>passed!
repetition: 10010
>passed!
repetition: 10011
>passed!
repetition: 10012
>passed!
repetition: 10013
>passed!
repetition: 10014
>passed!
repetition: 10015
>passed!
repetition: 10016
>passed!
repetition: 10017
>passed!
repetition: 10018
>passed!
repetition: 10019
>passed!
repetition: 10020
>passed!
repetition: 10021
>passed!
repetition: 10022
>passed!
repetition: 10023
>passed!
repetition: 10024
>passed!
repetition: 10025
>passed!
repetition: 10026
>passed!
repetition: 10027
>passed!
repetition: 10028
>passed!
repetition: 10029
>passed!
repetition: 10030
>passed!
repetition: 10031
>passed!
repetition: 10032
>passed!
repetition: 10033
>passed!
repetition: 10034
>passed!
repetition: 10035
>passed!
repetition: 10036
>passed!
repetition: 10037
>passed!
repetition: 10038
>passed!
repetition: 10039
>passed!
repetition: 10040
>passed!
repetition: 10041
>passed!
repetition: 10042
>passed!
repetition: 10043
>passed!
repetition: 10044
>passed!
repetition: 10045
>passed!
repetition: 10046
>passed!
repetition: 10047
>passed!
repetition: 10048
>passed!
repetition: 10049
>passed!
repetition: 10050
>passed!
repetition: 10051
>passed!
repetition: 10052
>passed!
repetition: 10053
>passed!
repetition: 10054
>passed!
repetition: 10055
>passed!
repetition: 10056
>passed!
repetition: 10057
>passed!
repetition: 10058
>passed!
repetition: 10059
>passed!
repetition: 10060
>passed!
repetition: 10061
>passed!
repetition: 10062
>passed!
repetition: 10063
>passed!
repetition: 10064
>passed!
repetition: 10065
>passed!
repetition: 10066
>passed!
repetition: 10067
>passed!
repetition: 10068
>passed!
repetition: 10069
>passed!
repetition: 10070
>passed!
repetition: 10071
>passed!
repetition: 10072
>passed!
repetition: 10073
>passed!
repetition: 10074
>passed!
repetition: 10075
>passed!
repetition: 10076
>passed!
repetition: 10077
>passed!
repetition: 10078
>passed!
repetition: 10079
>passed!
repetition: 10080
>passed!
repetition: 10081
>passed!
repetition: 10082
>passed!
repetition: 10083
>passed!
repetition: 10084
>passed!
repetition: 10085
>passed!
repetition: 10086
>passed!
repetition: 10087
>passed!
repetition: 10088
>passed!
repetition: 10089
>passed!
repetition: 10090
>passed!
repetition: 10091
>passed!
repetition: 10092
>passed!
repetition: 10093
>passed!
repetition: 10094
>passed!
repetition: 10095
>passed!
repetition: 10096
>passed!
repetition: 10097
>passed!
repetition: 10098
>passed!
repetition: 10099
>passed!
repetition: 10100
>passed!
repetition: 10101
>passed!
repetition: 10102
>passed!
repetition: 10103
>passed!
repetition: 10104
>passed!
repetition: 10105
>passed!
repetition: 10106
>passed!
repetition: 10107
>passed!
repetition: 10108
>passed!
repetition: 10109
>passed!
repetition: 10110
>passed!
repetition: 10111
>passed!
repetition: 10112
>passed!
repetition: 10113
>passed!
repetition: 10114
>passed!
repetition: 10115
>passed!
repetition: 10116
>passed!
repetition: 10117
>passed!
repetition: 10118
>passed!
repetition: 10119
>passed!
repetition: 10120
>passed!
repetition: 10121
>passed!
repetition: 10122
>passed!
repetition: 10123
>passed!
repetition: 10124
>passed!
repetition: 10125
>passed!
repetition: 10126
>passed!
repetition: 10127
>passed!
repetition: 10128
>passed!
repetition: 10129
>passed!
repetition: 10130
>passed!
repetition: 10131
>passed!
repetition: 10132
>passed!
repetition: 10133
>passed!
repetition: 10134
>passed!
repetition: 10135
>passed!
repetition: 10136
>passed!
repetition: 10137
>passed!
repetition: 10138
>passed!
repetition: 10139
>passed!
repetition: 10140
>passed!
repetition: 10141
>passed!
repetition: 10142
>passed!
repetition: 10143
>passed!
repetition: 10144
>passed!
repetition: 10145
>passed!
repetition: 10146
>passed!
repetition: 10147
>passed!
repetition: 10148
>passed!
repetition: 10149
>passed!
repetition: 10150
>passed!
repetition: 10151
>passed!
repetition: 10152
>passed!
repetition: 10153
>passed!
repetition: 10154
>passed!
repetition: 10155
>passed!
repetition: 10156
>passed!
repetition: 10157
>passed!
repetition: 10158
>passed!
repetition: 10159
>passed!
repetition: 10160
>passed!
repetition: 10161
>passed!
repetition: 10162
>passed!
repetition: 10163
>passed!
repetition: 10164
>passed!
repetition: 10165
>passed!
repetition: 10166
>passed!
repetition: 10167
>passed!
repetition: 10168
>passed!
repetition: 10169
>passed!
repetition: 10170
>passed!
repetition: 10171
>passed!
repetition: 10172
>passed!
repetition: 10173
>passed!
repetition: 10174
>passed!
repetition: 10175
>passed!
repetition: 10176
>passed!
repetition: 10177
>passed!
repetition: 10178
>passed!
repetition: 10179
>passed!
repetition: 10180
>passed!
repetition: 10181
>passed!
repetition: 10182
>passed!
repetition: 10183
>passed!
repetition: 10184
>passed!
repetition: 10185
>passed!
repetition: 10186
>passed!
repetition: 10187
>passed!
repetition: 10188
>passed!
repetition: 10189
>passed!
repetition: 10190
>passed!
repetition: 10191
>passed!
repetition: 10192
>passed!
repetition: 10193
>passed!
repetition: 10194
>passed!
repetition: 10195
>passed!
repetition: 10196
>passed!
repetition: 10197
>passed!
repetition: 10198
>passed!
repetition: 10199
>passed!
repetition: 10200
>passed!
repetition: 10201
>passed!
repetition: 10202
>passed!
repetition: 10203
>passed!
repetition: 10204
>passed!
repetition: 10205
>passed!
repetition: 10206
>passed!
repetition: 10207
>passed!
repetition: 10208
>passed!
repetition: 10209
>passed!
repetition: 10210
>passed!
repetition: 10211
>passed!
repetition: 10212
>passed!
repetition: 10213
>passed!
repetition: 10214
>passed!
repetition: 10215
>passed!
repetition: 10216
>passed!
repetition: 10217
>passed!
repetition: 10218
>passed!
repetition: 10219
>passed!
repetition: 10220
>passed!
repetition: 10221
>passed!
repetition: 10222
>passed!
repetition: 10223
>passed!
repetition: 10224
>passed!
repetition: 10225
>passed!
repetition: 10226
>passed!
repetition: 10227
>passed!
repetition: 10228
>passed!
repetition: 10229
>passed!
repetition: 10230
>passed!
repetition: 10231
>passed!
repetition: 10232
>passed!
repetition: 10233
>passed!
repetition: 10234
>passed!
repetition: 10235
>passed!
repetition: 10236
>passed!
repetition: 10237
>passed!
repetition: 10238
>passed!
repetition: 10239
>passed!
repetition: 10240
>passed!
repetition: 10241
>passed!
repetition: 10242
>passed!
repetition: 10243
>passed!
repetition: 10244
>passed!
repetition: 10245
>passed!
repetition: 10246
>passed!
repetition: 10247
>passed!
repetition: 10248
>passed!
repetition: 10249
>passed!
repetition: 10250
>passed!
repetition: 10251
>passed!
repetition: 10252
>passed!
repetition: 10253
>passed!
repetition: 10254
>passed!
repetition: 10255
>passed!
repetition: 10256
>passed!
repetition: 10257
>passed!
repetition: 10258
>passed!
repetition: 10259
>passed!
repetition: 10260
>passed!
repetition: 10261
>passed!
repetition: 10262
>passed!
repetition: 10263
>passed!
repetition: 10264
>passed!
repetition: 10265
>passed!
repetition: 10266
>passed!
repetition: 10267
>passed!
repetition: 10268
>passed!
repetition: 10269
>passed!
repetition: 10270
>passed!
repetition: 10271
>passed!
repetition: 10272
>passed!
repetition: 10273
>passed!
repetition: 10274
>passed!
repetition: 10275
>passed!
repetition: 10276
>passed!
repetition: 10277
>passed!
repetition: 10278
>passed!
repetition: 10279
>passed!
repetition: 10280
>passed!
repetition: 10281
>passed!
repetition: 10282
>passed!
repetition: 10283
>passed!
repetition: 10284
>passed!
repetition: 10285
>passed!
repetition: 10286
>passed!
repetition: 10287
>passed!
repetition: 10288
>passed!
repetition: 10289
>passed!
repetition: 10290
>passed!
repetition: 10291
>passed!
repetition: 10292
>passed!
repetition: 10293
>passed!
repetition: 10294
>passed!
repetition: 10295
>passed!
repetition: 10296
>passed!
repetition: 10297
>passed!
repetition: 10298
>passed!
repetition: 10299
>passed!
repetition: 10300
>passed!
repetition: 10301
>passed!
repetition: 10302
>passed!
repetition: 10303
>passed!
repetition: 10304
>passed!
repetition: 10305
>passed!
repetition: 10306
>passed!
repetition: 10307
>passed!
repetition: 10308
>passed!
repetition: 10309
>passed!
repetition: 10310
>passed!
repetition: 10311
>passed!
repetition: 10312
>passed!
repetition: 10313
>passed!
repetition: 10314
>passed!
repetition: 10315
>passed!
repetition: 10316
>passed!
repetition: 10317
>passed!
repetition: 10318
>passed!
repetition: 10319
>passed!
repetition: 10320
>passed!
repetition: 10321
>passed!
repetition: 10322
>passed!
repetition: 10323
>passed!
repetition: 10324
>passed!
repetition: 10325
>passed!
repetition: 10326
>passed!
repetition: 10327
>passed!
repetition: 10328
>passed!
repetition: 10329
>passed!
repetition: 10330
>passed!
repetition: 10331
>passed!
repetition: 10332
>passed!
repetition: 10333
>passed!
repetition: 10334
>passed!
repetition: 10335
>passed!
repetition: 10336
>passed!
repetition: 10337
>passed!
repetition: 10338
>passed!
repetition: 10339
>passed!
repetition: 10340
>passed!
repetition: 10341
>passed!
repetition: 10342
>passed!
repetition: 10343
>passed!
repetition: 10344
>passed!
repetition: 10345
>passed!
repetition: 10346
>passed!
repetition: 10347
>passed!
repetition: 10348
>passed!
repetition: 10349
>passed!
repetition: 10350
>passed!
repetition: 10351
>passed!
repetition: 10352
>passed!
repetition: 10353
>passed!
repetition: 10354
>passed!
repetition: 10355
>passed!
repetition: 10356
>passed!
repetition: 10357
>passed!
repetition: 10358
>passed!
repetition: 10359
>passed!
repetition: 10360
>passed!
repetition: 10361
>passed!
repetition: 10362
>passed!
repetition: 10363
>passed!
repetition: 10364
>passed!
repetition: 10365
>passed!
repetition: 10366
>passed!
repetition: 10367
>passed!
repetition: 10368
>passed!
repetition: 10369
>passed!
repetition: 10370
>passed!
repetition: 10371
>passed!
repetition: 10372
>passed!
repetition: 10373
>passed!
repetition: 10374
>passed!
repetition: 10375
>passed!
repetition: 10376
>passed!
repetition: 10377
>passed!
repetition: 10378
>passed!
repetition: 10379
>passed!
repetition: 10380
>passed!
repetition: 10381
>passed!
repetition: 10382
>passed!
repetition: 10383
>passed!
repetition: 10384
>passed!
repetition: 10385
>passed!
repetition: 10386
>passed!
repetition: 10387
>passed!
repetition: 10388
>passed!
repetition: 10389
>passed!
repetition: 10390
>passed!
repetition: 10391
>passed!
repetition: 10392
>passed!
repetition: 10393
>passed!
repetition: 10394
>passed!
repetition: 10395
>passed!
repetition: 10396
>passed!
repetition: 10397
>passed!
repetition: 10398
>passed!
repetition: 10399
>passed!
repetition: 10400
>passed!
repetition: 10401
>passed!
repetition: 10402
>passed!
repetition: 10403
>passed!
repetition: 10404
>passed!
repetition: 10405
>passed!
repetition: 10406
>passed!
repetition: 10407
>passed!
repetition: 10408
>passed!
repetition: 10409
>passed!
repetition: 10410
>passed!
repetition: 10411
>passed!
repetition: 10412
>passed!
repetition: 10413
>passed!
repetition: 10414
>passed!
repetition: 10415
>passed!
repetition: 10416
>passed!
repetition: 10417
>passed!
repetition: 10418
>passed!
repetition: 10419
>passed!
repetition: 10420
>passed!
repetition: 10421
>passed!
repetition: 10422
>passed!
repetition: 10423
>passed!
repetition: 10424
>passed!
repetition: 10425
>passed!
repetition: 10426
>passed!
repetition: 10427
>passed!
repetition: 10428
>passed!
repetition: 10429
>passed!
repetition: 10430
>passed!
repetition: 10431
>passed!
repetition: 10432
>passed!
repetition: 10433
>passed!
repetition: 10434
>passed!
repetition: 10435
>passed!
repetition: 10436
>passed!
repetition: 10437
>passed!
repetition: 10438
>passed!
repetition: 10439
>passed!
repetition: 10440
>passed!
repetition: 10441
>passed!
repetition: 10442
>passed!
repetition: 10443
>passed!
repetition: 10444
>passed!
repetition: 10445
>passed!
repetition: 10446
>passed!
repetition: 10447
>passed!
repetition: 10448
>passed!
repetition: 10449
>passed!
repetition: 10450
>passed!
repetition: 10451
>passed!
repetition: 10452
>passed!
repetition: 10453
>passed!
repetition: 10454
>passed!
repetition: 10455
>passed!
repetition: 10456
>passed!
repetition: 10457
>passed!
repetition: 10458
>passed!
repetition: 10459
>passed!
repetition: 10460
>passed!
repetition: 10461
>passed!
repetition: 10462
>passed!
repetition: 10463
>passed!
repetition: 10464
>passed!
repetition: 10465
>passed!
repetition: 10466
>passed!
repetition: 10467
>passed!
repetition: 10468
>passed!
repetition: 10469
>passed!
repetition: 10470
>passed!
repetition: 10471
>passed!
repetition: 10472
>passed!
repetition: 10473
>passed!
repetition: 10474
>passed!
repetition: 10475
>passed!
repetition: 10476
>passed!
repetition: 10477
>passed!
repetition: 10478
>passed!
repetition: 10479
>passed!
repetition: 10480
>passed!
repetition: 10481
>passed!
repetition: 10482
>passed!
repetition: 10483
>passed!
repetition: 10484
>passed!
repetition: 10485
>passed!
repetition: 10486
>passed!
repetition: 10487
>passed!
repetition: 10488
>passed!
repetition: 10489
>passed!
repetition: 10490
>passed!
repetition: 10491
>passed!
repetition: 10492
>passed!
repetition: 10493
>passed!
repetition: 10494
>passed!
repetition: 10495
>passed!
repetition: 10496
>passed!
repetition: 10497
>passed!
repetition: 10498
>passed!
repetition: 10499
>passed!
repetition: 10500
>passed!
repetition: 10501
>passed!
repetition: 10502
>passed!
repetition: 10503
>passed!
repetition: 10504
>passed!
repetition: 10505
>passed!
repetition: 10506
>passed!
repetition: 10507
>passed!
repetition: 10508
>passed!
repetition: 10509
>passed!
repetition: 10510
>passed!
repetition: 10511
>passed!
repetition: 10512
>passed!
repetition: 10513
>passed!
repetition: 10514
>passed!
repetition: 10515
>passed!
repetition: 10516
>passed!
repetition: 10517
>passed!
repetition: 10518
>passed!
repetition: 10519
>passed!
repetition: 10520
>passed!
repetition: 10521
>passed!
repetition: 10522
>passed!
repetition: 10523
>passed!
repetition: 10524
>passed!
repetition: 10525
>passed!
repetition: 10526
>passed!
repetition: 10527
>passed!
repetition: 10528
>passed!
repetition: 10529
>passed!
repetition: 10530
>passed!
repetition: 10531
>passed!
repetition: 10532
>passed!
repetition: 10533
>passed!
repetition: 10534
>passed!
repetition: 10535
>passed!
repetition: 10536
>passed!
repetition: 10537
>passed!
repetition: 10538
>passed!
repetition: 10539
>passed!
repetition: 10540
>passed!
repetition: 10541
>passed!
repetition: 10542
>passed!
repetition: 10543
>passed!
repetition: 10544
>passed!
repetition: 10545
>passed!
repetition: 10546
>passed!
repetition: 10547
>passed!
repetition: 10548
>passed!
repetition: 10549
>passed!
repetition: 10550
>passed!
repetition: 10551
>passed!
repetition: 10552
>passed!
repetition: 10553
>passed!
repetition: 10554
>passed!
repetition: 10555
>passed!
repetition: 10556
>passed!
repetition: 10557
>passed!
repetition: 10558
>passed!
repetition: 10559
>passed!
repetition: 10560
>passed!
repetition: 10561
>passed!
repetition: 10562
>passed!
repetition: 10563
>passed!
repetition: 10564
>passed!
repetition: 10565
>passed!
repetition: 10566
>passed!
repetition: 10567
>passed!
repetition: 10568
>passed!
repetition: 10569
>passed!
repetition: 10570
>passed!
repetition: 10571
>passed!
repetition: 10572
>passed!
repetition: 10573
>passed!
repetition: 10574
>passed!
repetition: 10575
>passed!
repetition: 10576
>passed!
repetition: 10577
>passed!
repetition: 10578
>passed!
repetition: 10579
>passed!
repetition: 10580
>passed!
repetition: 10581
>passed!
repetition: 10582
>passed!
repetition: 10583
>passed!
repetition: 10584
>passed!
repetition: 10585
>passed!
repetition: 10586
>passed!
repetition: 10587
>passed!
repetition: 10588
>passed!
repetition: 10589
>passed!
repetition: 10590
>passed!
repetition: 10591
>passed!
repetition: 10592
>passed!
repetition: 10593
>passed!
repetition: 10594
>passed!
repetition: 10595
>passed!
repetition: 10596
>passed!
repetition: 10597
>passed!
repetition: 10598
>passed!
repetition: 10599
>passed!
repetition: 10600
>passed!
repetition: 10601
>passed!
repetition: 10602
>passed!
repetition: 10603
>passed!
repetition: 10604
>passed!
repetition: 10605
>passed!
repetition: 10606
>passed!
repetition: 10607
>passed!
repetition: 10608
>passed!
repetition: 10609
>passed!
repetition: 10610
>passed!
repetition: 10611
>passed!
repetition: 10612
>passed!
repetition: 10613
>passed!
repetition: 10614
>passed!
repetition: 10615
>passed!
repetition: 10616
>passed!
repetition: 10617
>passed!
repetition: 10618
>passed!
repetition: 10619
>passed!
repetition: 10620
>passed!
repetition: 10621
>passed!
repetition: 10622
>passed!
repetition: 10623
>passed!
repetition: 10624
>passed!
repetition: 10625
>passed!
repetition: 10626
>passed!
repetition: 10627
>passed!
repetition: 10628
>passed!
repetition: 10629
>passed!
repetition: 10630
>passed!
repetition: 10631
>passed!
repetition: 10632
>passed!
repetition: 10633
>passed!
repetition: 10634
>passed!
repetition: 10635
>passed!
repetition: 10636
>passed!
repetition: 10637
>passed!
repetition: 10638
>passed!
repetition: 10639
>passed!
repetition: 10640
>passed!
repetition: 10641
>passed!
repetition: 10642
>passed!
repetition: 10643
>passed!
repetition: 10644
>passed!
repetition: 10645
>passed!
repetition: 10646
>passed!
repetition: 10647
>passed!
repetition: 10648
>passed!
repetition: 10649
>passed!
repetition: 10650
>passed!
repetition: 10651
>passed!
repetition: 10652
>passed!
repetition: 10653
>passed!
repetition: 10654
>passed!
repetition: 10655
>passed!
repetition: 10656
>passed!
repetition: 10657
>passed!
repetition: 10658
>passed!
repetition: 10659
>passed!
repetition: 10660
>passed!
repetition: 10661
>passed!
repetition: 10662
>passed!
repetition: 10663
>passed!
repetition: 10664
>passed!
repetition: 10665
>passed!
repetition: 10666
>passed!
repetition: 10667
>passed!
repetition: 10668
>passed!
repetition: 10669
>passed!
repetition: 10670
>passed!
repetition: 10671
>passed!
repetition: 10672
>passed!
repetition: 10673
>passed!
repetition: 10674
>passed!
repetition: 10675
>passed!
repetition: 10676
>passed!
repetition: 10677
>passed!
repetition: 10678
>passed!
repetition: 10679
>passed!
repetition: 10680
>passed!
repetition: 10681
>passed!
repetition: 10682
>passed!
repetition: 10683
>passed!
repetition: 10684
>passed!
repetition: 10685
>passed!
repetition: 10686
>passed!
repetition: 10687
>passed!
repetition: 10688
>passed!
repetition: 10689
>passed!
repetition: 10690
>passed!
repetition: 10691
>passed!
repetition: 10692
>passed!
repetition: 10693
>passed!
repetition: 10694
>passed!
repetition: 10695
>passed!
repetition: 10696
>passed!
repetition: 10697
>passed!
repetition: 10698
>passed!
repetition: 10699
>passed!
repetition: 10700
>passed!
repetition: 10701
>passed!
repetition: 10702
>passed!
repetition: 10703
>passed!
repetition: 10704
>passed!
repetition: 10705
>passed!
repetition: 10706
>passed!
repetition: 10707
>passed!
repetition: 10708
>passed!
repetition: 10709
>passed!
repetition: 10710
>passed!
repetition: 10711
>passed!
repetition: 10712
>passed!
repetition: 10713
>passed!
repetition: 10714
>passed!
repetition: 10715
>passed!
repetition: 10716
>passed!
repetition: 10717
>passed!
repetition: 10718
>passed!
repetition: 10719
>passed!
repetition: 10720
>passed!
repetition: 10721
>passed!
repetition: 10722
>passed!
repetition: 10723
>passed!
repetition: 10724
>passed!
repetition: 10725
>passed!
repetition: 10726
>passed!
repetition: 10727
>passed!
repetition: 10728
>passed!
repetition: 10729
>passed!
repetition: 10730
>passed!
repetition: 10731
>passed!
repetition: 10732
>passed!
repetition: 10733
>passed!
repetition: 10734
>passed!
repetition: 10735
>passed!
repetition: 10736
>passed!
repetition: 10737
>passed!
repetition: 10738
>passed!
repetition: 10739
>passed!
repetition: 10740
>passed!
repetition: 10741
>passed!
repetition: 10742
>passed!
repetition: 10743
>passed!
repetition: 10744
>passed!
repetition: 10745
>passed!
repetition: 10746
>passed!
repetition: 10747
>passed!
repetition: 10748
>passed!
repetition: 10749
>passed!
repetition: 10750
>passed!
repetition: 10751
>passed!
repetition: 10752
>passed!
repetition: 10753
>passed!
repetition: 10754
>passed!
repetition: 10755
>passed!
repetition: 10756
>passed!
repetition: 10757
>passed!
repetition: 10758
>passed!
repetition: 10759
>passed!
repetition: 10760
>passed!
repetition: 10761
>passed!
repetition: 10762
>passed!
repetition: 10763
>passed!
repetition: 10764
>passed!
repetition: 10765
>passed!
repetition: 10766
>passed!
repetition: 10767
>passed!
repetition: 10768
>passed!
repetition: 10769
>passed!
repetition: 10770
>passed!
repetition: 10771
>passed!
repetition: 10772
>passed!
repetition: 10773
>passed!
repetition: 10774
>passed!
repetition: 10775
>passed!
repetition: 10776
>passed!
repetition: 10777
>passed!
repetition: 10778
>passed!
repetition: 10779
>passed!
repetition: 10780
>passed!
repetition: 10781
>passed!
repetition: 10782
>passed!
repetition: 10783
>passed!
repetition: 10784
>passed!
repetition: 10785
>passed!
repetition: 10786
>passed!
repetition: 10787
>passed!
repetition: 10788
>passed!
repetition: 10789
>passed!
repetition: 10790
>passed!
repetition: 10791
>passed!
repetition: 10792
>passed!
repetition: 10793
>passed!
repetition: 10794
>passed!
repetition: 10795
>passed!
repetition: 10796
>passed!
repetition: 10797
>passed!
repetition: 10798
>passed!
repetition: 10799
>passed!
repetition: 10800
>passed!
repetition: 10801
>passed!
repetition: 10802
>passed!
repetition: 10803
>passed!
repetition: 10804
>passed!
repetition: 10805
>passed!
repetition: 10806
>passed!
repetition: 10807
>passed!
repetition: 10808
>passed!
repetition: 10809
>passed!
repetition: 10810
>passed!
repetition: 10811
>passed!
repetition: 10812
>passed!
repetition: 10813
>passed!
repetition: 10814
>passed!
repetition: 10815
>passed!
repetition: 10816
>passed!
repetition: 10817
>passed!
repetition: 10818
>passed!
repetition: 10819
>passed!
repetition: 10820
>passed!
repetition: 10821
>passed!
repetition: 10822
>passed!
repetition: 10823
>passed!
repetition: 10824
>passed!
repetition: 10825
>passed!
repetition: 10826
>passed!
repetition: 10827
>passed!
repetition: 10828
>passed!
repetition: 10829
>passed!
repetition: 10830
>passed!
repetition: 10831
>passed!
repetition: 10832
>passed!
repetition: 10833
>passed!
repetition: 10834
>passed!
repetition: 10835
>passed!
repetition: 10836
>passed!
repetition: 10837
>passed!
repetition: 10838
>passed!
repetition: 10839
>passed!
repetition: 10840
>passed!
repetition: 10841
>passed!
repetition: 10842
>passed!
repetition: 10843
>passed!
repetition: 10844
>passed!
repetition: 10845
>passed!
repetition: 10846
>passed!
repetition: 10847
>passed!
repetition: 10848
>passed!
repetition: 10849
>passed!
repetition: 10850
>passed!
repetition: 10851
>passed!
repetition: 10852
>passed!
repetition: 10853
>passed!
repetition: 10854
>passed!
repetition: 10855
>passed!
repetition: 10856
>passed!
repetition: 10857
>passed!
repetition: 10858
>passed!
repetition: 10859
>passed!
repetition: 10860
>passed!
repetition: 10861
>passed!
repetition: 10862
>passed!
repetition: 10863
>passed!
repetition: 10864
>passed!
repetition: 10865
>passed!
repetition: 10866
>passed!
repetition: 10867
>passed!
repetition: 10868
>passed!
repetition: 10869
>passed!
repetition: 10870
>passed!
repetition: 10871
>passed!
repetition: 10872
>passed!
repetition: 10873
>passed!
repetition: 10874
>passed!
repetition: 10875
>passed!
repetition: 10876
>passed!
repetition: 10877
>passed!
repetition: 10878
>passed!
repetition: 10879
>passed!
repetition: 10880
>passed!
repetition: 10881
>passed!
repetition: 10882
>passed!
repetition: 10883
>passed!
repetition: 10884
>passed!
repetition: 10885
>passed!
repetition: 10886
>passed!
repetition: 10887
>passed!
repetition: 10888
>passed!
repetition: 10889
>passed!
repetition: 10890
>passed!
repetition: 10891
>passed!
repetition: 10892
>passed!
repetition: 10893
>passed!
repetition: 10894
>passed!
repetition: 10895
>passed!
repetition: 10896
>passed!
repetition: 10897
>passed!
repetition: 10898
>passed!
repetition: 10899
>passed!
repetition: 10900
>passed!
repetition: 10901
>passed!
repetition: 10902
>passed!
repetition: 10903
>passed!
repetition: 10904
>passed!
repetition: 10905
>passed!
repetition: 10906
>passed!
repetition: 10907
>passed!
repetition: 10908
>passed!
repetition: 10909
>passed!
repetition: 10910
>passed!
repetition: 10911
>passed!
repetition: 10912
>passed!
repetition: 10913
>passed!
repetition: 10914
>passed!
repetition: 10915
>passed!
repetition: 10916
>passed!
repetition: 10917
>passed!
repetition: 10918
>passed!
repetition: 10919
>passed!
repetition: 10920
>passed!
repetition: 10921
>passed!
repetition: 10922
>passed!
repetition: 10923
>passed!
repetition: 10924
>passed!
repetition: 10925
>passed!
repetition: 10926
>passed!
repetition: 10927
>passed!
repetition: 10928
>passed!
repetition: 10929
>passed!
repetition: 10930
>passed!
repetition: 10931
>passed!
repetition: 10932
>passed!
repetition: 10933
>passed!
repetition: 10934
>passed!
repetition: 10935
>passed!
repetition: 10936
>passed!
repetition: 10937
>passed!
repetition: 10938
>passed!
repetition: 10939
>passed!
repetition: 10940
>passed!
repetition: 10941
>passed!
repetition: 10942
>passed!
repetition: 10943
>passed!
repetition: 10944
>passed!
repetition: 10945
>passed!
repetition: 10946
>passed!
repetition: 10947
>passed!
repetition: 10948
>passed!
repetition: 10949
>passed!
repetition: 10950
>passed!
repetition: 10951
>passed!
repetition: 10952
>passed!
repetition: 10953
>passed!
repetition: 10954
>passed!
repetition: 10955
>passed!
repetition: 10956
>passed!
repetition: 10957
>passed!
repetition: 10958
>passed!
repetition: 10959
>passed!
repetition: 10960
>passed!
repetition: 10961
>passed!
repetition: 10962
>passed!
repetition: 10963
>passed!
repetition: 10964
>passed!
repetition: 10965
>passed!
repetition: 10966
>passed!
repetition: 10967
>passed!
repetition: 10968
>passed!
repetition: 10969
>passed!
repetition: 10970
>passed!
repetition: 10971
>passed!
repetition: 10972
>passed!
repetition: 10973
>passed!
repetition: 10974
>passed!
repetition: 10975
>passed!
repetition: 10976
>passed!
repetition: 10977
>passed!
repetition: 10978
>passed!
repetition: 10979
>passed!
repetition: 10980
>passed!
repetition: 10981
>passed!
repetition: 10982
>passed!
repetition: 10983
>passed!
repetition: 10984
>passed!
repetition: 10985
>passed!
repetition: 10986
>passed!
repetition: 10987
>passed!
repetition: 10988
>passed!
repetition: 10989
>passed!
repetition: 10990
>passed!
repetition: 10991
>passed!
repetition: 10992
>passed!
repetition: 10993
>passed!
repetition: 10994
>passed!
repetition: 10995
>passed!
repetition: 10996
>passed!
repetition: 10997
>passed!
repetition: 10998
>passed!
repetition: 10999
>passed!
repetition: 11000
>passed!
repetition: 11001
>passed!
repetition: 11002
>passed!
repetition: 11003
>passed!
repetition: 11004
>passed!
repetition: 11005
>passed!
repetition: 11006
>passed!
repetition: 11007
>passed!
repetition: 11008
>passed!
repetition: 11009
>passed!
repetition: 11010
>passed!
repetition: 11011
>passed!
repetition: 11012
>passed!
repetition: 11013
>passed!
repetition: 11014
>passed!
repetition: 11015
>passed!
repetition: 11016
>passed!
repetition: 11017
>passed!
repetition: 11018
>passed!
repetition: 11019
>passed!
repetition: 11020
>passed!
repetition: 11021
>passed!
repetition: 11022
>passed!
repetition: 11023
>passed!
repetition: 11024
>passed!
repetition: 11025
>passed!
repetition: 11026
>passed!
repetition: 11027
>passed!
repetition: 11028
>passed!
repetition: 11029
>passed!
repetition: 11030
>passed!
repetition: 11031
>passed!
repetition: 11032
>passed!
repetition: 11033
>passed!
repetition: 11034
>passed!
repetition: 11035
>passed!
repetition: 11036
>passed!
repetition: 11037
>passed!
repetition: 11038
>passed!
repetition: 11039
>passed!
repetition: 11040
>passed!
repetition: 11041
>passed!
repetition: 11042
>passed!
repetition: 11043
>passed!
repetition: 11044
>passed!
repetition: 11045
>passed!
repetition: 11046
>passed!
repetition: 11047
>passed!
repetition: 11048
>passed!
repetition: 11049
>passed!
repetition: 11050
>passed!
repetition: 11051
>passed!
repetition: 11052
>passed!
repetition: 11053
>passed!
repetition: 11054
>passed!
repetition: 11055
>passed!
repetition: 11056
>passed!
repetition: 11057
>passed!
repetition: 11058
>passed!
repetition: 11059
>passed!
repetition: 11060
>passed!
repetition: 11061
>passed!
repetition: 11062
>passed!
repetition: 11063
>passed!
repetition: 11064
>passed!
repetition: 11065
>passed!
repetition: 11066
>passed!
repetition: 11067
>passed!
repetition: 11068
>passed!
repetition: 11069
>passed!
repetition: 11070
>passed!
repetition: 11071
>passed!
repetition: 11072
>passed!
repetition: 11073
>passed!
repetition: 11074
>passed!
repetition: 11075
>passed!
repetition: 11076
>passed!
repetition: 11077
>passed!
repetition: 11078
>passed!
repetition: 11079
>passed!
repetition: 11080
>passed!
repetition: 11081
>passed!
repetition: 11082
>passed!
repetition: 11083
>passed!
repetition: 11084
>passed!
repetition: 11085
>passed!
repetition: 11086
>passed!
repetition: 11087
>passed!
repetition: 11088
>passed!
repetition: 11089
>passed!
repetition: 11090
>passed!
repetition: 11091
>passed!
repetition: 11092
>passed!
repetition: 11093
>passed!
repetition: 11094
>passed!
repetition: 11095
>passed!
repetition: 11096
>passed!
repetition: 11097
>passed!
repetition: 11098
>passed!
repetition: 11099
>passed!
repetition: 11100
>passed!
repetition: 11101
>passed!
repetition: 11102
>passed!
repetition: 11103
>passed!
repetition: 11104
>passed!
repetition: 11105
>passed!
repetition: 11106
>passed!
repetition: 11107
>passed!
repetition: 11108
>passed!
repetition: 11109
>passed!
repetition: 11110
>passed!
repetition: 11111
>passed!
repetition: 11112
>passed!
repetition: 11113
>passed!
repetition: 11114
>passed!
repetition: 11115
>passed!
repetition: 11116
>passed!
repetition: 11117
>passed!
repetition: 11118
>passed!
repetition: 11119
>passed!
repetition: 11120
>passed!
repetition: 11121
>passed!
repetition: 11122
>passed!
repetition: 11123
>passed!
repetition: 11124
>passed!
repetition: 11125
>passed!
repetition: 11126
>passed!
repetition: 11127
>passed!
repetition: 11128
>passed!
repetition: 11129
>passed!
repetition: 11130
>passed!
repetition: 11131
>passed!
repetition: 11132
>passed!
repetition: 11133
>passed!
repetition: 11134
>passed!
repetition: 11135
>passed!
repetition: 11136
>passed!
repetition: 11137
>passed!
repetition: 11138
>passed!
repetition: 11139
>passed!
repetition: 11140
>passed!
repetition: 11141
>passed!
repetition: 11142
>passed!
repetition: 11143
>passed!
repetition: 11144
>passed!
repetition: 11145
>passed!
repetition: 11146
>passed!
repetition: 11147
>passed!
repetition: 11148
>passed!
repetition: 11149
>passed!
repetition: 11150
>passed!
repetition: 11151
>passed!
repetition: 11152
>passed!
repetition: 11153
>passed!
repetition: 11154
>passed!
repetition: 11155
>passed!
repetition: 11156
>passed!
repetition: 11157
>passed!
repetition: 11158
>passed!
repetition: 11159
>passed!
repetition: 11160
>passed!
repetition: 11161
>passed!
repetition: 11162
>passed!
repetition: 11163
>passed!
repetition: 11164
>passed!
repetition: 11165
>passed!
repetition: 11166
>passed!
repetition: 11167
>passed!
repetition: 11168
>passed!
repetition: 11169
>passed!
repetition: 11170
>passed!
repetition: 11171
>passed!
repetition: 11172
>passed!
repetition: 11173
>passed!
repetition: 11174
>passed!
repetition: 11175
>passed!
repetition: 11176
>passed!
repetition: 11177
>passed!
repetition: 11178
>passed!
repetition: 11179
>passed!
repetition: 11180
>passed!
repetition: 11181
>passed!
repetition: 11182
>passed!
repetition: 11183
>passed!
repetition: 11184
>passed!
repetition: 11185
>passed!
repetition: 11186
>passed!
repetition: 11187
>passed!
repetition: 11188
>passed!
repetition: 11189
>passed!
repetition: 11190
>passed!
repetition: 11191
>passed!
repetition: 11192
>passed!
repetition: 11193
>passed!
repetition: 11194
>passed!
repetition: 11195
>passed!
repetition: 11196
>passed!
repetition: 11197
>passed!
repetition: 11198
>passed!
repetition: 11199
>passed!
repetition: 11200
>passed!
repetition: 11201
>passed!
repetition: 11202
>passed!
repetition: 11203
>passed!
repetition: 11204
>passed!
repetition: 11205
>passed!
repetition: 11206
>passed!
repetition: 11207
>passed!
repetition: 11208
>passed!
repetition: 11209
>passed!
repetition: 11210
>passed!
repetition: 11211
>passed!
repetition: 11212
>passed!
repetition: 11213
>passed!
repetition: 11214
>passed!
repetition: 11215
>passed!
repetition: 11216
>passed!
repetition: 11217
>passed!
repetition: 11218
>passed!
repetition: 11219
>passed!
repetition: 11220
>passed!
repetition: 11221
>passed!
repetition: 11222
>passed!
repetition: 11223
>passed!
repetition: 11224
>passed!
repetition: 11225
>passed!
repetition: 11226
>passed!
repetition: 11227
>passed!
repetition: 11228
>passed!
repetition: 11229
>passed!
repetition: 11230
>passed!
repetition: 11231
>passed!
repetition: 11232
>passed!
repetition: 11233
>passed!
repetition: 11234
>passed!
repetition: 11235
>passed!
repetition: 11236
>passed!
repetition: 11237
>passed!
repetition: 11238
>passed!
repetition: 11239
>passed!
repetition: 11240
>passed!
repetition: 11241
>passed!
repetition: 11242
>passed!
repetition: 11243
>passed!
repetition: 11244
>passed!
repetition: 11245
>passed!
repetition: 11246
>passed!
repetition: 11247
>passed!
repetition: 11248
>passed!
repetition: 11249
>passed!
repetition: 11250
>passed!
repetition: 11251
>passed!
repetition: 11252
>passed!
repetition: 11253
>passed!
repetition: 11254
>passed!
repetition: 11255
>passed!
repetition: 11256
>passed!
repetition: 11257
>passed!
repetition: 11258
>passed!
repetition: 11259
>passed!
repetition: 11260
>passed!
repetition: 11261
>passed!
repetition: 11262
>passed!
repetition: 11263
>passed!
repetition: 11264
>passed!
repetition: 11265
>passed!
repetition: 11266
>passed!
repetition: 11267
>passed!
repetition: 11268
>passed!
repetition: 11269
>passed!
repetition: 11270
>passed!
repetition: 11271
>passed!
repetition: 11272
>passed!
repetition: 11273
>passed!
repetition: 11274
>passed!
repetition: 11275
>passed!
repetition: 11276
>passed!
repetition: 11277
>passed!
repetition: 11278
>passed!
repetition: 11279
>passed!
repetition: 11280
>passed!
repetition: 11281
>passed!
repetition: 11282
>passed!
repetition: 11283
>passed!
repetition: 11284
>passed!
repetition: 11285
>passed!
repetition: 11286
>passed!
repetition: 11287
>passed!
repetition: 11288
>passed!
repetition: 11289
>passed!
repetition: 11290
>passed!
repetition: 11291
>passed!
repetition: 11292
>passed!
repetition: 11293
>passed!
repetition: 11294
>passed!
repetition: 11295
>passed!
repetition: 11296
>passed!
repetition: 11297
>passed!
repetition: 11298
>passed!
repetition: 11299
>passed!
repetition: 11300
>passed!
repetition: 11301
>passed!
repetition: 11302
>passed!
repetition: 11303
>passed!
repetition: 11304
>passed!
repetition: 11305
>passed!
repetition: 11306
>passed!
repetition: 11307
>passed!
repetition: 11308
>passed!
repetition: 11309
>passed!
repetition: 11310
>passed!
repetition: 11311
>passed!
repetition: 11312
>passed!
repetition: 11313
>passed!
repetition: 11314
>passed!
repetition: 11315
>passed!
repetition: 11316
>passed!
repetition: 11317
>passed!
repetition: 11318
>passed!
repetition: 11319
>passed!
repetition: 11320
>passed!
repetition: 11321
>passed!
repetition: 11322
>passed!
repetition: 11323
>passed!
repetition: 11324
>passed!
repetition: 11325
>passed!
repetition: 11326
>passed!
repetition: 11327
>passed!
repetition: 11328
>passed!
repetition: 11329
>passed!
repetition: 11330
>passed!
repetition: 11331
>passed!
repetition: 11332
>passed!
repetition: 11333
>passed!
repetition: 11334
>passed!
repetition: 11335
>passed!
repetition: 11336
>passed!
repetition: 11337
>passed!
repetition: 11338
>passed!
repetition: 11339
>passed!
repetition: 11340
>passed!
repetition: 11341
>passed!
repetition: 11342
>passed!
repetition: 11343
>passed!
repetition: 11344
>passed!
repetition: 11345
>passed!
repetition: 11346
>passed!
repetition: 11347
>passed!
repetition: 11348
>passed!
repetition: 11349
>passed!
repetition: 11350
>passed!
repetition: 11351
>passed!
repetition: 11352
>passed!
repetition: 11353
>passed!
repetition: 11354
>passed!
repetition: 11355
>passed!
repetition: 11356
>passed!
repetition: 11357
>passed!
repetition: 11358
>passed!
repetition: 11359
>passed!
repetition: 11360
>passed!
repetition: 11361
>passed!
repetition: 11362
>passed!
repetition: 11363
>passed!
repetition: 11364
>passed!
repetition: 11365
>passed!
repetition: 11366
>passed!
repetition: 11367
>passed!
repetition: 11368
>passed!
repetition: 11369
>passed!
repetition: 11370
>passed!
repetition: 11371
>passed!
repetition: 11372
>passed!
repetition: 11373
>passed!
repetition: 11374
>passed!
repetition: 11375
>passed!
repetition: 11376
>passed!
repetition: 11377
>passed!
repetition: 11378
>passed!
repetition: 11379
>passed!
repetition: 11380
>passed!
repetition: 11381
>passed!
repetition: 11382
>passed!
repetition: 11383
>passed!
repetition: 11384
>passed!
repetition: 11385
>passed!
repetition: 11386
>passed!
repetition: 11387
>passed!
repetition: 11388
>passed!
repetition: 11389
>passed!
repetition: 11390
>passed!
repetition: 11391
>passed!
repetition: 11392
>passed!
repetition: 11393
>passed!
repetition: 11394
>passed!
repetition: 11395
>passed!
repetition: 11396
>passed!
repetition: 11397
>passed!
repetition: 11398
>passed!
repetition: 11399
>passed!
repetition: 11400
>passed!
repetition: 11401
>passed!
repetition: 11402
>passed!
repetition: 11403
>passed!
repetition: 11404
>passed!
repetition: 11405
>passed!
repetition: 11406
>passed!
repetition: 11407
>passed!
repetition: 11408
>passed!
repetition: 11409
>passed!
repetition: 11410
>passed!
repetition: 11411
>passed!
repetition: 11412
>passed!
repetition: 11413
>passed!
repetition: 11414
>passed!
repetition: 11415
>passed!
repetition: 11416
>passed!
repetition: 11417
>passed!
repetition: 11418
>passed!
repetition: 11419
>passed!
repetition: 11420
>passed!
repetition: 11421
>passed!
repetition: 11422
>passed!
repetition: 11423
>passed!
repetition: 11424
>passed!
repetition: 11425
>passed!
repetition: 11426
>passed!
repetition: 11427
>passed!
repetition: 11428
>passed!
repetition: 11429
>passed!
repetition: 11430
>passed!
repetition: 11431
>passed!
repetition: 11432
>passed!
repetition: 11433
>passed!
repetition: 11434
>passed!
repetition: 11435
>passed!
repetition: 11436
>passed!
repetition: 11437
>passed!
repetition: 11438
>passed!
repetition: 11439
>passed!
repetition: 11440
>passed!
repetition: 11441
>passed!
repetition: 11442
>passed!
repetition: 11443
>passed!
repetition: 11444
>passed!
repetition: 11445
>passed!
repetition: 11446
>passed!
repetition: 11447
>passed!
repetition: 11448
>passed!
repetition: 11449
>passed!
repetition: 11450
>passed!
repetition: 11451
>passed!
repetition: 11452
>passed!
repetition: 11453
>passed!
repetition: 11454
>passed!
repetition: 11455
>passed!
repetition: 11456
>passed!
repetition: 11457
>passed!
repetition: 11458
>passed!
repetition: 11459
>passed!
repetition: 11460
>passed!
repetition: 11461
>passed!
repetition: 11462
>passed!
repetition: 11463
>passed!
repetition: 11464
>passed!
repetition: 11465
>passed!
repetition: 11466
>passed!
repetition: 11467
>passed!
repetition: 11468
>passed!
repetition: 11469
>passed!
repetition: 11470
>passed!
repetition: 11471
>passed!
repetition: 11472
>passed!
repetition: 11473
>passed!
repetition: 11474
>passed!
repetition: 11475
>passed!
repetition: 11476
>passed!
repetition: 11477
>passed!
repetition: 11478
>passed!
repetition: 11479
>passed!
repetition: 11480
>passed!
repetition: 11481
>passed!
repetition: 11482
>passed!
repetition: 11483
>passed!
repetition: 11484
>passed!
repetition: 11485
>passed!
repetition: 11486
>passed!
repetition: 11487
>passed!
repetition: 11488
>passed!
repetition: 11489
>passed!
repetition: 11490
>passed!
repetition: 11491
>passed!
repetition: 11492
>passed!
repetition: 11493
>passed!
repetition: 11494
>passed!
repetition: 11495
>passed!
repetition: 11496
>passed!
repetition: 11497
>passed!
repetition: 11498
>passed!
repetition: 11499
>passed!
repetition: 11500
>passed!
repetition: 11501
>passed!
repetition: 11502
>passed!
repetition: 11503
>passed!
repetition: 11504
>passed!
repetition: 11505
>passed!
repetition: 11506
>passed!
repetition: 11507
>passed!
repetition: 11508
>passed!
repetition: 11509
>passed!
repetition: 11510
>passed!
repetition: 11511
>passed!
repetition: 11512
>passed!
repetition: 11513
>passed!
repetition: 11514
>passed!
repetition: 11515
>passed!
repetition: 11516
>passed!
repetition: 11517
>passed!
repetition: 11518
>passed!
repetition: 11519
>passed!
repetition: 11520
>passed!
repetition: 11521
>passed!
repetition: 11522
>passed!
repetition: 11523
>passed!
repetition: 11524
>passed!
repetition: 11525
>passed!
repetition: 11526
>passed!
repetition: 11527
>passed!
repetition: 11528
>passed!
repetition: 11529
>passed!
repetition: 11530
>passed!
repetition: 11531
>passed!
repetition: 11532
>passed!
repetition: 11533
>passed!
repetition: 11534
>passed!
repetition: 11535
>passed!
repetition: 11536
>passed!
repetition: 11537
>passed!
repetition: 11538
>passed!
repetition: 11539
>passed!
repetition: 11540
>passed!
repetition: 11541
>passed!
repetition: 11542
>passed!
repetition: 11543
>passed!
repetition: 11544
>passed!
repetition: 11545
>passed!
repetition: 11546
>passed!
repetition: 11547
>passed!
repetition: 11548
>passed!
repetition: 11549
>passed!
repetition: 11550
>passed!
repetition: 11551
>passed!
repetition: 11552
>passed!
repetition: 11553
>passed!
repetition: 11554
>passed!
repetition: 11555
>passed!
repetition: 11556
>passed!
repetition: 11557
>passed!
repetition: 11558
>passed!
repetition: 11559
>passed!
repetition: 11560
>passed!
repetition: 11561
>passed!
repetition: 11562
>passed!
repetition: 11563
>passed!
repetition: 11564
>passed!
repetition: 11565
>passed!
repetition: 11566
>passed!
repetition: 11567
>passed!
repetition: 11568
>passed!
repetition: 11569
>passed!
repetition: 11570
>passed!
repetition: 11571
>passed!
repetition: 11572
>passed!
repetition: 11573
>passed!
repetition: 11574
>passed!
repetition: 11575
>passed!
repetition: 11576
>passed!
repetition: 11577
>passed!
repetition: 11578
>passed!
repetition: 11579
>passed!
repetition: 11580
>passed!
repetition: 11581
>passed!
repetition: 11582
>passed!
repetition: 11583
>passed!
repetition: 11584
>passed!
repetition: 11585
>passed!
repetition: 11586
>passed!
repetition: 11587
>passed!
repetition: 11588
>passed!
repetition: 11589
>passed!
repetition: 11590
>passed!
repetition: 11591
>passed!
repetition: 11592
>passed!
repetition: 11593
>passed!
repetition: 11594
>passed!
repetition: 11595
>passed!
repetition: 11596
>passed!
repetition: 11597
>passed!
repetition: 11598
>passed!
repetition: 11599
>passed!
repetition: 11600
>passed!
repetition: 11601
>passed!
repetition: 11602
>passed!
repetition: 11603
>passed!
repetition: 11604
>passed!
repetition: 11605
>passed!
repetition: 11606
>passed!
repetition: 11607
>passed!
repetition: 11608
>passed!
repetition: 11609
>passed!
repetition: 11610
>passed!
repetition: 11611
>passed!
repetition: 11612
>passed!
repetition: 11613
>passed!
repetition: 11614
>passed!
repetition: 11615
>passed!
repetition: 11616
>passed!
repetition: 11617
>passed!
repetition: 11618
>passed!
repetition: 11619
>passed!
repetition: 11620
>passed!
repetition: 11621
>passed!
repetition: 11622
>passed!
repetition: 11623
>passed!
repetition: 11624
>passed!
repetition: 11625
>passed!
repetition: 11626
>passed!
repetition: 11627
>passed!
repetition: 11628
>passed!
repetition: 11629
>passed!
repetition: 11630
>passed!
repetition: 11631
>passed!
repetition: 11632
>passed!
repetition: 11633
>passed!
repetition: 11634
>passed!
repetition: 11635
>passed!
repetition: 11636
>passed!
repetition: 11637
>passed!
repetition: 11638
>passed!
repetition: 11639
>passed!
repetition: 11640
>passed!
repetition: 11641
>passed!
repetition: 11642
>passed!
repetition: 11643
>passed!
repetition: 11644
>passed!
repetition: 11645
>passed!
repetition: 11646
>passed!
repetition: 11647
>passed!
repetition: 11648
>passed!
repetition: 11649
>passed!
repetition: 11650
>passed!
repetition: 11651
>passed!
repetition: 11652
>passed!
repetition: 11653
>passed!
repetition: 11654
>passed!
repetition: 11655
>passed!
repetition: 11656
>passed!
repetition: 11657
>passed!
repetition: 11658
>passed!
repetition: 11659
>passed!
repetition: 11660
>passed!
repetition: 11661
>passed!
repetition: 11662
>passed!
repetition: 11663
>passed!
repetition: 11664
>passed!
repetition: 11665
>passed!
repetition: 11666
>passed!
repetition: 11667
>passed!
repetition: 11668
>passed!
repetition: 11669
>passed!
repetition: 11670
>passed!
repetition: 11671
>passed!
repetition: 11672
>passed!
repetition: 11673
>passed!
repetition: 11674
>passed!
repetition: 11675
>passed!
repetition: 11676
>passed!
repetition: 11677
>passed!
repetition: 11678
>passed!
repetition: 11679
>passed!
repetition: 11680
>passed!
repetition: 11681
>passed!
repetition: 11682
>passed!
repetition: 11683
>passed!
repetition: 11684
>passed!
repetition: 11685
>passed!
repetition: 11686
>passed!
repetition: 11687
>passed!
repetition: 11688
>passed!
repetition: 11689
>passed!
repetition: 11690
>passed!
repetition: 11691
>passed!
repetition: 11692
>passed!
repetition: 11693
>passed!
repetition: 11694
>passed!
repetition: 11695
>passed!
repetition: 11696
>passed!
repetition: 11697
>passed!
repetition: 11698
>passed!
repetition: 11699
>passed!
repetition: 11700
>passed!
repetition: 11701
>passed!
repetition: 11702
>passed!
repetition: 11703
>passed!
repetition: 11704
>passed!
repetition: 11705
>passed!
repetition: 11706
>passed!
repetition: 11707
>passed!
repetition: 11708
>passed!
repetition: 11709
>passed!
repetition: 11710
>passed!
repetition: 11711
>passed!
repetition: 11712
>passed!
repetition: 11713
>passed!
repetition: 11714
>passed!
repetition: 11715
>passed!
repetition: 11716
>passed!
repetition: 11717
>passed!
repetition: 11718
>passed!
repetition: 11719
>passed!
repetition: 11720
>passed!
repetition: 11721
>passed!
repetition: 11722
>passed!
repetition: 11723
>passed!
repetition: 11724
>passed!
repetition: 11725
>passed!
repetition: 11726
>passed!
repetition: 11727
>passed!
repetition: 11728
>passed!
repetition: 11729
>passed!
repetition: 11730
>passed!
repetition: 11731
>passed!
repetition: 11732
>passed!
repetition: 11733
>passed!
repetition: 11734
>passed!
repetition: 11735
>passed!
repetition: 11736
>passed!
repetition: 11737
>passed!
repetition: 11738
>passed!
repetition: 11739
>passed!
repetition: 11740
>passed!
repetition: 11741
>passed!
repetition: 11742
>passed!
repetition: 11743
>passed!
repetition: 11744
>passed!
repetition: 11745
>passed!
repetition: 11746
>passed!
repetition: 11747
>passed!
repetition: 11748
>passed!
repetition: 11749
>passed!
repetition: 11750
>passed!
repetition: 11751
>passed!
repetition: 11752
>passed!
repetition: 11753
>passed!
repetition: 11754
>passed!
repetition: 11755
>passed!
repetition: 11756
>passed!
repetition: 11757
>passed!
repetition: 11758
>passed!
repetition: 11759
>passed!
repetition: 11760
>passed!
repetition: 11761
>passed!
repetition: 11762
>passed!
repetition: 11763
>passed!
repetition: 11764
>passed!
repetition: 11765
>passed!
repetition: 11766
>passed!
repetition: 11767
>passed!
repetition: 11768
>passed!
repetition: 11769
>passed!
repetition: 11770
>passed!
repetition: 11771
>passed!
repetition: 11772
>passed!
repetition: 11773
>passed!
repetition: 11774
>passed!
repetition: 11775
>passed!
repetition: 11776
>passed!
repetition: 11777
>passed!
repetition: 11778
>passed!
repetition: 11779
>passed!
repetition: 11780
>passed!
repetition: 11781
>passed!
repetition: 11782
>passed!
repetition: 11783
>passed!
repetition: 11784
>passed!
repetition: 11785
>passed!
repetition: 11786
>passed!
repetition: 11787
>passed!
repetition: 11788
>passed!
repetition: 11789
>passed!
repetition: 11790
>passed!
repetition: 11791
>passed!
repetition: 11792
>passed!
repetition: 11793
>passed!
repetition: 11794
>passed!
repetition: 11795
>passed!
repetition: 11796
>passed!
repetition: 11797
>passed!
repetition: 11798
>passed!
repetition: 11799
>passed!
repetition: 11800
>passed!
repetition: 11801
>passed!
repetition: 11802
>passed!
repetition: 11803
>passed!
repetition: 11804
>passed!
repetition: 11805
>passed!
repetition: 11806
>passed!
repetition: 11807
>passed!
repetition: 11808
>passed!
repetition: 11809
>passed!
repetition: 11810
>passed!
repetition: 11811
>passed!
repetition: 11812
>passed!
repetition: 11813
>passed!
repetition: 11814
>passed!
repetition: 11815
>passed!
repetition: 11816
>passed!
repetition: 11817
>passed!
repetition: 11818
>passed!
repetition: 11819
>passed!
repetition: 11820
>passed!
repetition: 11821
>passed!
repetition: 11822
>passed!
repetition: 11823
>passed!
repetition: 11824
>passed!
repetition: 11825
>passed!
repetition: 11826
>passed!
repetition: 11827
>passed!
repetition: 11828
>passed!
repetition: 11829
>passed!
repetition: 11830
>passed!
repetition: 11831
>passed!
repetition: 11832
>passed!
repetition: 11833
>passed!
repetition: 11834
>passed!
repetition: 11835
>passed!
repetition: 11836
>passed!
repetition: 11837
>passed!
repetition: 11838
>passed!
repetition: 11839
>passed!
repetition: 11840
>passed!
repetition: 11841
>passed!
repetition: 11842
>passed!
repetition: 11843
>passed!
repetition: 11844
>passed!
repetition: 11845
>passed!
repetition: 11846
>passed!
repetition: 11847
>passed!
repetition: 11848
>passed!
repetition: 11849
>passed!
repetition: 11850
>passed!
repetition: 11851
>passed!
repetition: 11852
>passed!
repetition: 11853
>passed!
repetition: 11854
>passed!
repetition: 11855
>passed!
repetition: 11856
>passed!
repetition: 11857
>passed!
repetition: 11858
>passed!
repetition: 11859
>passed!
repetition: 11860
>passed!
repetition: 11861
>passed!
repetition: 11862
>passed!
repetition: 11863
>passed!
repetition: 11864
>passed!
repetition: 11865
>passed!
repetition: 11866
>passed!
repetition: 11867
>passed!
repetition: 11868
>passed!
repetition: 11869
>passed!
repetition: 11870
>passed!
repetition: 11871
>passed!
repetition: 11872
>passed!
repetition: 11873
>passed!
repetition: 11874
>passed!
repetition: 11875
>passed!
repetition: 11876
>passed!
repetition: 11877
>passed!
repetition: 11878
>passed!
repetition: 11879
>passed!
repetition: 11880
>passed!
repetition: 11881
>passed!
repetition: 11882
>passed!
repetition: 11883
>passed!
repetition: 11884
>passed!
repetition: 11885
>passed!
repetition: 11886
>passed!
repetition: 11887
>passed!
repetition: 11888
>passed!
repetition: 11889
>passed!
repetition: 11890
>passed!
repetition: 11891
>passed!
repetition: 11892
>passed!
repetition: 11893
>passed!
repetition: 11894
>passed!
repetition: 11895
>passed!
repetition: 11896
>passed!
repetition: 11897
>passed!
repetition: 11898
>passed!
repetition: 11899
>passed!
repetition: 11900
>passed!
repetition: 11901
>passed!
repetition: 11902
>passed!
repetition: 11903
>passed!
repetition: 11904
>passed!
repetition: 11905
>passed!
repetition: 11906
>passed!
repetition: 11907
>passed!
repetition: 11908
>passed!
repetition: 11909
>passed!
repetition: 11910
>passed!
repetition: 11911
>passed!
repetition: 11912
>passed!
repetition: 11913
>passed!
repetition: 11914
>passed!
repetition: 11915
>passed!
repetition: 11916
>passed!
repetition: 11917
>passed!
repetition: 11918
>passed!
repetition: 11919
>passed!
repetition: 11920
>passed!
repetition: 11921
>passed!
repetition: 11922
>passed!
repetition: 11923
>passed!
repetition: 11924
>passed!
repetition: 11925
>passed!
repetition: 11926
>passed!
repetition: 11927
>passed!
repetition: 11928
>passed!
repetition: 11929
>passed!
repetition: 11930
>passed!
repetition: 11931
>passed!
repetition: 11932
>passed!
repetition: 11933
>passed!
repetition: 11934
>passed!
repetition: 11935
>passed!
repetition: 11936
>passed!
repetition: 11937
>passed!
repetition: 11938
>passed!
repetition: 11939
>passed!
repetition: 11940
>passed!
repetition: 11941
>passed!
repetition: 11942
>passed!
repetition: 11943
>passed!
repetition: 11944
>passed!
repetition: 11945
>passed!
repetition: 11946
>passed!
repetition: 11947
>passed!
repetition: 11948
>passed!
repetition: 11949
>passed!
repetition: 11950
>passed!
repetition: 11951
>passed!
repetition: 11952
>passed!
repetition: 11953
>passed!
repetition: 11954
>passed!
repetition: 11955
>passed!
repetition: 11956
>passed!
repetition: 11957
>passed!
repetition: 11958
>passed!
repetition: 11959
>passed!
repetition: 11960
>passed!
repetition: 11961
>passed!
repetition: 11962
>passed!
repetition: 11963
>passed!
repetition: 11964
>passed!
repetition: 11965
>passed!
repetition: 11966
>passed!
repetition: 11967
>passed!
repetition: 11968
>passed!
repetition: 11969
>passed!
repetition: 11970
>passed!
repetition: 11971
>passed!
repetition: 11972
>passed!
repetition: 11973
>passed!
repetition: 11974
>passed!
repetition: 11975
>passed!
repetition: 11976
>passed!
repetition: 11977
>passed!
repetition: 11978
>passed!
repetition: 11979
>passed!
repetition: 11980
>passed!
repetition: 11981
>passed!
repetition: 11982
>passed!
repetition: 11983
>passed!
repetition: 11984
>passed!
repetition: 11985
>passed!
repetition: 11986
>passed!
repetition: 11987
>passed!
repetition: 11988
>passed!
repetition: 11989
>passed!
repetition: 11990
>passed!
repetition: 11991
>passed!
repetition: 11992
>passed!
repetition: 11993
>passed!
repetition: 11994
>passed!
repetition: 11995
>passed!
repetition: 11996
>passed!
repetition: 11997
>passed!
repetition: 11998
>passed!
repetition: 11999
>passed!
repetition: 12000
>passed!
repetition: 12001
>passed!
repetition: 12002
>passed!
repetition: 12003
>passed!
repetition: 12004
>passed!
repetition: 12005
>passed!
repetition: 12006
>passed!
repetition: 12007
>passed!
repetition: 12008
>passed!
repetition: 12009
>passed!
repetition: 12010
>passed!
repetition: 12011
>passed!
repetition: 12012
>passed!
repetition: 12013
>passed!
repetition: 12014
>passed!
repetition: 12015
>passed!
repetition: 12016
>passed!
repetition: 12017
>passed!
repetition: 12018
>passed!
repetition: 12019
>passed!
repetition: 12020
>passed!
repetition: 12021
>passed!
repetition: 12022
>passed!
repetition: 12023
>passed!
repetition: 12024
>passed!
repetition: 12025
>passed!
repetition: 12026
>passed!
repetition: 12027
>passed!
repetition: 12028
>passed!
repetition: 12029
>passed!
repetition: 12030
>passed!
repetition: 12031
>passed!
repetition: 12032
>passed!
repetition: 12033
>passed!
repetition: 12034
>passed!
repetition: 12035
>passed!
repetition: 12036
>passed!
repetition: 12037
>passed!
repetition: 12038
>passed!
repetition: 12039
>passed!
repetition: 12040
>passed!
repetition: 12041
>passed!
repetition: 12042
>passed!
repetition: 12043
>passed!
repetition: 12044
>passed!
repetition: 12045
>passed!
repetition: 12046
>passed!
repetition: 12047
>passed!
repetition: 12048
>passed!
repetition: 12049
>passed!
repetition: 12050
>passed!
repetition: 12051
>passed!
repetition: 12052
>passed!
repetition: 12053
>passed!
repetition: 12054
>passed!
repetition: 12055
>passed!
repetition: 12056
>passed!
repetition: 12057
>passed!
repetition: 12058
>passed!
repetition: 12059
>passed!
repetition: 12060
>passed!
repetition: 12061
>passed!
repetition: 12062
>passed!
repetition: 12063
>passed!
repetition: 12064
>passed!
repetition: 12065
>passed!
repetition: 12066
>passed!
repetition: 12067
>passed!
repetition: 12068
>passed!
repetition: 12069
>passed!
repetition: 12070
>passed!
repetition: 12071
>passed!
repetition: 12072
>passed!
repetition: 12073
>passed!
repetition: 12074
>passed!
repetition: 12075
>passed!
repetition: 12076
>passed!
repetition: 12077
>passed!
repetition: 12078
>passed!
repetition: 12079
>passed!
repetition: 12080
>passed!
repetition: 12081
>passed!
repetition: 12082
>passed!
repetition: 12083
>passed!
repetition: 12084
>passed!
repetition: 12085
>passed!
repetition: 12086
>passed!
repetition: 12087
>passed!
repetition: 12088
>passed!
repetition: 12089
>passed!
repetition: 12090
>passed!
repetition: 12091
>passed!
repetition: 12092
>passed!
repetition: 12093
>passed!
repetition: 12094
>passed!
repetition: 12095
>passed!
repetition: 12096
>passed!
repetition: 12097
>passed!
repetition: 12098
>passed!
repetition: 12099
>passed!
repetition: 12100
>passed!
repetition: 12101
>passed!
repetition: 12102
>passed!
repetition: 12103
>passed!
repetition: 12104
>passed!
repetition: 12105
>passed!
repetition: 12106
>passed!
repetition: 12107
>passed!
repetition: 12108
>passed!
repetition: 12109
>passed!
repetition: 12110
>passed!
repetition: 12111
>passed!
repetition: 12112
>passed!
repetition: 12113
>passed!
repetition: 12114
>passed!
repetition: 12115
>passed!
repetition: 12116
>passed!
repetition: 12117
>passed!
repetition: 12118
>passed!
repetition: 12119
>passed!
repetition: 12120
>passed!
repetition: 12121
>passed!
repetition: 12122
>passed!
repetition: 12123
>passed!
repetition: 12124
>passed!
repetition: 12125
>passed!
repetition: 12126
>passed!
repetition: 12127
>passed!
repetition: 12128
>passed!
repetition: 12129
>passed!
repetition: 12130
>passed!
repetition: 12131
>passed!
repetition: 12132
>passed!
repetition: 12133
>passed!
repetition: 12134
>passed!
repetition: 12135
>passed!
repetition: 12136
>passed!
repetition: 12137
>passed!
repetition: 12138
>passed!
repetition: 12139
>passed!
repetition: 12140
>passed!
repetition: 12141
>passed!
repetition: 12142
>passed!
repetition: 12143
>passed!
repetition: 12144
>passed!
repetition: 12145
>passed!
repetition: 12146
>passed!
repetition: 12147
>passed!
repetition: 12148
>passed!
repetition: 12149
>passed!
repetition: 12150
>passed!
repetition: 12151
>passed!
repetition: 12152
>passed!
repetition: 12153
>passed!
repetition: 12154
>passed!
repetition: 12155
>passed!
repetition: 12156
>passed!
repetition: 12157
>passed!
repetition: 12158
>passed!
repetition: 12159
>passed!
repetition: 12160
>passed!
repetition: 12161
>passed!
repetition: 12162
>passed!
repetition: 12163
>passed!
repetition: 12164
>passed!
repetition: 12165
>passed!
repetition: 12166
>passed!
repetition: 12167
>passed!
repetition: 12168
>passed!
repetition: 12169
>passed!
repetition: 12170
>passed!
repetition: 12171
>passed!
repetition: 12172
>passed!
repetition: 12173
>passed!
repetition: 12174
>passed!
repetition: 12175
>passed!
repetition: 12176
>passed!
repetition: 12177
>passed!
repetition: 12178
>passed!
repetition: 12179
>passed!
repetition: 12180
>passed!
repetition: 12181
>passed!
repetition: 12182
>passed!
repetition: 12183
>passed!
repetition: 12184
>passed!
repetition: 12185
>passed!
repetition: 12186
>passed!
repetition: 12187
>passed!
repetition: 12188
>passed!
repetition: 12189
>passed!
repetition: 12190
>passed!
repetition: 12191
>passed!
repetition: 12192
>passed!
repetition: 12193
>passed!
repetition: 12194
>passed!
repetition: 12195
>passed!
repetition: 12196
>passed!
repetition: 12197
>passed!
repetition: 12198
>passed!
repetition: 12199
>passed!
repetition: 12200
>passed!
repetition: 12201
>passed!
repetition: 12202
>passed!
repetition: 12203
>passed!
repetition: 12204
>passed!
repetition: 12205
>passed!
repetition: 12206
>passed!
repetition: 12207
>passed!
repetition: 12208
>passed!
repetition: 12209
>passed!
repetition: 12210
>passed!
repetition: 12211
>passed!
repetition: 12212
>passed!
repetition: 12213
>passed!
repetition: 12214
>passed!
repetition: 12215
>passed!
repetition: 12216
>passed!
repetition: 12217
>passed!
repetition: 12218
>passed!
repetition: 12219
>passed!
repetition: 12220
>passed!
repetition: 12221
>passed!
repetition: 12222
>passed!
repetition: 12223
>passed!
repetition: 12224
>passed!
repetition: 12225
>passed!
repetition: 12226
>passed!
repetition: 12227
>passed!
repetition: 12228
>passed!
repetition: 12229
>passed!
repetition: 12230
>passed!
repetition: 12231
>passed!
repetition: 12232
>passed!
repetition: 12233
>passed!
repetition: 12234
>passed!
repetition: 12235
>passed!
repetition: 12236
>passed!
repetition: 12237
>passed!
repetition: 12238
>passed!
repetition: 12239
>passed!
repetition: 12240
>passed!
repetition: 12241
>passed!
repetition: 12242
>passed!
repetition: 12243
>passed!
repetition: 12244
>passed!
repetition: 12245
>passed!
repetition: 12246
>passed!
repetition: 12247
>passed!
repetition: 12248
>passed!
repetition: 12249
>passed!
repetition: 12250
>passed!
repetition: 12251
>passed!
repetition: 12252
>passed!
repetition: 12253
>passed!
repetition: 12254
>passed!
repetition: 12255
>passed!
repetition: 12256
>passed!
repetition: 12257
>passed!
repetition: 12258
>passed!
repetition: 12259
>passed!
repetition: 12260
>passed!
repetition: 12261
>passed!
repetition: 12262
>passed!
repetition: 12263
>passed!
repetition: 12264
>passed!
repetition: 12265
>passed!
repetition: 12266
>passed!
repetition: 12267
>passed!
repetition: 12268
>passed!
repetition: 12269
>passed!
repetition: 12270
>passed!
repetition: 12271
>passed!
repetition: 12272
>passed!
repetition: 12273
>passed!
repetition: 12274
>passed!
repetition: 12275
>passed!
repetition: 12276
>passed!
repetition: 12277
>passed!
repetition: 12278
>passed!
repetition: 12279
>passed!
repetition: 12280
>passed!
repetition: 12281
>passed!
repetition: 12282
>passed!
repetition: 12283
>passed!
repetition: 12284
>passed!
repetition: 12285
>passed!
repetition: 12286
>passed!
repetition: 12287
>passed!
repetition: 12288
>passed!
repetition: 12289
>passed!
repetition: 12290
>passed!
repetition: 12291
>passed!
repetition: 12292
>passed!
repetition: 12293
>passed!
repetition: 12294
>passed!
repetition: 12295
>passed!
repetition: 12296
>passed!
repetition: 12297
>passed!
repetition: 12298
>passed!
repetition: 12299
>passed!
repetition: 12300
>passed!
repetition: 12301
>passed!
repetition: 12302
>passed!
repetition: 12303
>passed!
repetition: 12304
>passed!
repetition: 12305
>passed!
repetition: 12306
>passed!
repetition: 12307
>passed!
repetition: 12308
>passed!
repetition: 12309
>passed!
repetition: 12310
>passed!
repetition: 12311
>passed!
repetition: 12312
>passed!
repetition: 12313
>passed!
repetition: 12314
>passed!
repetition: 12315
>passed!
repetition: 12316
>passed!
repetition: 12317
>passed!
repetition: 12318
>passed!
repetition: 12319
>passed!
repetition: 12320
>passed!
repetition: 12321
>passed!
repetition: 12322
>passed!
repetition: 12323
>passed!
repetition: 12324
>passed!
repetition: 12325
>passed!
repetition: 12326
>passed!
repetition: 12327
>passed!
repetition: 12328
>passed!
repetition: 12329
>passed!
repetition: 12330
>passed!
repetition: 12331
>passed!
repetition: 12332
>passed!
repetition: 12333
>passed!
repetition: 12334
>passed!
repetition: 12335
>passed!
repetition: 12336
>passed!
repetition: 12337
>passed!
repetition: 12338
>passed!
repetition: 12339
>passed!
repetition: 12340
>passed!
repetition: 12341
>passed!
repetition: 12342
>passed!
repetition: 12343
>passed!
repetition: 12344
>passed!
repetition: 12345
>passed!
repetition: 12346
>passed!
repetition: 12347
>passed!
repetition: 12348
>passed!
repetition: 12349
>passed!
repetition: 12350
>passed!
repetition: 12351
>passed!
repetition: 12352
>passed!
repetition: 12353
>passed!
repetition: 12354
>passed!
repetition: 12355
>passed!
repetition: 12356
>passed!
repetition: 12357
>passed!
repetition: 12358
>passed!
repetition: 12359
>passed!
repetition: 12360
>passed!
repetition: 12361
>passed!
repetition: 12362
>passed!
repetition: 12363
>passed!
repetition: 12364
>passed!
repetition: 12365
>passed!
repetition: 12366
>passed!
repetition: 12367
>passed!
repetition: 12368
>passed!
repetition: 12369
>passed!
repetition: 12370
>passed!
repetition: 12371
>passed!
repetition: 12372
>passed!
repetition: 12373
>passed!
repetition: 12374
>passed!
repetition: 12375
>passed!
repetition: 12376
>passed!
repetition: 12377
>passed!
repetition: 12378
>passed!
repetition: 12379
>passed!
repetition: 12380
>passed!
repetition: 12381
>passed!
repetition: 12382
>passed!
repetition: 12383
>passed!
repetition: 12384
>passed!
repetition: 12385
>passed!
repetition: 12386
>passed!
repetition: 12387
>passed!
repetition: 12388
>passed!
repetition: 12389
>passed!
repetition: 12390
>passed!
repetition: 12391
>passed!
repetition: 12392
>passed!
repetition: 12393
>passed!
repetition: 12394
>passed!
repetition: 12395
>passed!
repetition: 12396
>passed!
repetition: 12397
>passed!
repetition: 12398
>passed!
repetition: 12399
>passed!
repetition: 12400
>passed!
repetition: 12401
>passed!
repetition: 12402
>passed!
repetition: 12403
>passed!
repetition: 12404
>passed!
repetition: 12405
>passed!
repetition: 12406
>passed!
repetition: 12407
>passed!
repetition: 12408
>passed!
repetition: 12409
>passed!
repetition: 12410
>passed!
repetition: 12411
>passed!
repetition: 12412
>passed!
repetition: 12413
>passed!
repetition: 12414
>passed!
repetition: 12415
>passed!
repetition: 12416
>passed!
repetition: 12417
>passed!
repetition: 12418
>passed!
repetition: 12419
>passed!
repetition: 12420
>passed!
repetition: 12421
>passed!
repetition: 12422
>passed!
repetition: 12423
>passed!
repetition: 12424
>passed!
repetition: 12425
>passed!
repetition: 12426
>passed!
repetition: 12427
>passed!
repetition: 12428
>passed!
repetition: 12429
>passed!
repetition: 12430
>passed!
repetition: 12431
>passed!
repetition: 12432
>passed!
repetition: 12433
>passed!
repetition: 12434
>passed!
repetition: 12435
>passed!
repetition: 12436
>passed!
repetition: 12437
>passed!
repetition: 12438
>passed!
repetition: 12439
>passed!
repetition: 12440
>passed!
repetition: 12441
>passed!
repetition: 12442
>passed!
repetition: 12443
>passed!
repetition: 12444
>passed!
repetition: 12445
>passed!
repetition: 12446
>passed!
repetition: 12447
>passed!
repetition: 12448
>passed!
repetition: 12449
>passed!
repetition: 12450
>passed!
repetition: 12451
>passed!
repetition: 12452
>passed!
repetition: 12453
>passed!
repetition: 12454
>passed!
repetition: 12455
>passed!
repetition: 12456
>passed!
repetition: 12457
>passed!
repetition: 12458
>passed!
repetition: 12459
>passed!
repetition: 12460
>passed!
repetition: 12461
>passed!
repetition: 12462
>passed!
repetition: 12463
>passed!
repetition: 12464
>passed!
repetition: 12465
>passed!
repetition: 12466
>passed!
repetition: 12467
>passed!
repetition: 12468
>passed!
repetition: 12469
>passed!
repetition: 12470
>passed!
repetition: 12471
>passed!
repetition: 12472
>passed!
repetition: 12473
>passed!
repetition: 12474
>passed!
repetition: 12475
>passed!
repetition: 12476
>passed!
repetition: 12477
>passed!
repetition: 12478
>passed!
repetition: 12479
>passed!
repetition: 12480
>passed!
repetition: 12481
>passed!
repetition: 12482
>passed!
repetition: 12483
>passed!
repetition: 12484
>passed!
repetition: 12485
>passed!
repetition: 12486
>passed!
repetition: 12487
>passed!
repetition: 12488
>passed!
repetition: 12489
>passed!
repetition: 12490
>passed!
repetition: 12491
>passed!
repetition: 12492
>passed!
repetition: 12493
>passed!
repetition: 12494
>passed!
repetition: 12495
>passed!
repetition: 12496
>passed!
repetition: 12497
>passed!
repetition: 12498
>passed!
repetition: 12499
>passed!
repetition: 12500
>passed!
repetition: 12501
>passed!
repetition: 12502
>passed!
repetition: 12503
>passed!
repetition: 12504
>passed!
repetition: 12505
>passed!
repetition: 12506
>passed!
repetition: 12507
>passed!
repetition: 12508
>passed!
repetition: 12509
>passed!
repetition: 12510
>passed!
repetition: 12511
>passed!
repetition: 12512
>passed!
repetition: 12513
>passed!
repetition: 12514
>passed!
repetition: 12515
>passed!
repetition: 12516
>passed!
repetition: 12517
>passed!
repetition: 12518
>passed!
repetition: 12519
>passed!
repetition: 12520
>passed!
repetition: 12521
>passed!
repetition: 12522
>passed!
repetition: 12523
>passed!
repetition: 12524
>passed!
repetition: 12525
>passed!
repetition: 12526
>passed!
repetition: 12527
>passed!
repetition: 12528
>passed!
repetition: 12529
>passed!
repetition: 12530
>passed!
repetition: 12531
>passed!
repetition: 12532
>passed!
repetition: 12533
>passed!
repetition: 12534
>passed!
repetition: 12535
>passed!
repetition: 12536
>passed!
repetition: 12537
>passed!
repetition: 12538
>passed!
repetition: 12539
>passed!
repetition: 12540
>passed!
repetition: 12541
>passed!
repetition: 12542
>passed!
repetition: 12543
>passed!
repetition: 12544
>passed!
repetition: 12545
>passed!
repetition: 12546
>passed!
repetition: 12547
>passed!
repetition: 12548
>passed!
repetition: 12549
>passed!
repetition: 12550
>passed!
repetition: 12551
>passed!
repetition: 12552
>passed!
repetition: 12553
>passed!
repetition: 12554
>passed!
repetition: 12555
>passed!
repetition: 12556
>passed!
repetition: 12557
>passed!
repetition: 12558
>passed!
repetition: 12559
>passed!
repetition: 12560
>passed!
repetition: 12561
>passed!
repetition: 12562
>passed!
repetition: 12563
>passed!
repetition: 12564
>passed!
repetition: 12565
>passed!
repetition: 12566
>passed!
repetition: 12567
>passed!
repetition: 12568
>passed!
repetition: 12569
>passed!
repetition: 12570
>passed!
repetition: 12571
>passed!
repetition: 12572
>passed!
repetition: 12573
>passed!
repetition: 12574
>passed!
repetition: 12575
>passed!
repetition: 12576
>passed!
repetition: 12577
>passed!
repetition: 12578
>passed!
repetition: 12579
>passed!
repetition: 12580
>passed!
repetition: 12581
>passed!
repetition: 12582
>passed!
repetition: 12583
>passed!
repetition: 12584
>passed!
repetition: 12585
>passed!
repetition: 12586
>passed!
repetition: 12587
>passed!
repetition: 12588
>passed!
repetition: 12589
>passed!
repetition: 12590
>passed!
repetition: 12591
>passed!
repetition: 12592
>passed!
repetition: 12593
>passed!
repetition: 12594
>passed!
repetition: 12595
>passed!
repetition: 12596
>passed!
repetition: 12597
>passed!
repetition: 12598
>passed!
repetition: 12599
>passed!
repetition: 12600
>passed!
repetition: 12601
>passed!
repetition: 12602
>passed!
repetition: 12603
>passed!
repetition: 12604
>passed!
repetition: 12605
>passed!
repetition: 12606
>passed!
repetition: 12607
>passed!
repetition: 12608
>passed!
repetition: 12609
>passed!
repetition: 12610
>passed!
repetition: 12611
>passed!
repetition: 12612
>passed!
repetition: 12613
>passed!
repetition: 12614
>passed!
repetition: 12615
>passed!
repetition: 12616
>passed!
repetition: 12617
>passed!
repetition: 12618
>passed!
repetition: 12619
>passed!
repetition: 12620
>passed!
repetition: 12621
>passed!
repetition: 12622
>passed!
repetition: 12623
>passed!
repetition: 12624
>passed!
repetition: 12625
>passed!
repetition: 12626
>passed!
repetition: 12627
>passed!
repetition: 12628
>passed!
repetition: 12629
>passed!
repetition: 12630
>passed!
repetition: 12631
>passed!
repetition: 12632
>passed!
repetition: 12633
>passed!
repetition: 12634
>passed!
repetition: 12635
>passed!
repetition: 12636
>passed!
repetition: 12637
>passed!
repetition: 12638
>passed!
repetition: 12639
>passed!
repetition: 12640
>passed!
repetition: 12641
>passed!
repetition: 12642
>passed!
repetition: 12643
>passed!
repetition: 12644
>passed!
repetition: 12645
>passed!
repetition: 12646
>passed!
repetition: 12647
>passed!
repetition: 12648
>passed!
repetition: 12649
>passed!
repetition: 12650
>passed!
repetition: 12651
>passed!
repetition: 12652
>passed!
repetition: 12653
>passed!
repetition: 12654
>passed!
repetition: 12655
>passed!
repetition: 12656
>passed!
repetition: 12657
>passed!
repetition: 12658
>passed!
repetition: 12659
>passed!
repetition: 12660
>passed!
repetition: 12661
>passed!
repetition: 12662
>passed!
repetition: 12663
>passed!
repetition: 12664
>passed!
repetition: 12665
>passed!
repetition: 12666
>passed!
repetition: 12667
>passed!
repetition: 12668
>passed!
repetition: 12669
>passed!
repetition: 12670
>passed!
repetition: 12671
>passed!
repetition: 12672
>passed!
repetition: 12673
>passed!
repetition: 12674
>passed!
repetition: 12675
>passed!
repetition: 12676
>passed!
repetition: 12677
>passed!
repetition: 12678
>passed!
repetition: 12679
>passed!
repetition: 12680
>passed!
repetition: 12681
>passed!
repetition: 12682
>passed!
repetition: 12683
>passed!
repetition: 12684
>passed!
repetition: 12685
>passed!
repetition: 12686
>passed!
repetition: 12687
>passed!
repetition: 12688
>passed!
repetition: 12689
>passed!
repetition: 12690
>passed!
repetition: 12691
>passed!
repetition: 12692
>passed!
repetition: 12693
>passed!
repetition: 12694
>passed!
repetition: 12695
>passed!
repetition: 12696
>passed!
repetition: 12697
>passed!
repetition: 12698
>passed!
repetition: 12699
>passed!
repetition: 12700
>passed!
repetition: 12701
>passed!
repetition: 12702
>passed!
repetition: 12703
>passed!
repetition: 12704
>passed!
repetition: 12705
>passed!
repetition: 12706
>passed!
repetition: 12707
>passed!
repetition: 12708
>passed!
repetition: 12709
>passed!
repetition: 12710
>passed!
repetition: 12711
>passed!
repetition: 12712
>passed!
repetition: 12713
>passed!
repetition: 12714
>passed!
repetition: 12715
>passed!
repetition: 12716
>passed!
repetition: 12717
>passed!
repetition: 12718
>passed!
repetition: 12719
>passed!
repetition: 12720
>passed!
repetition: 12721
>passed!
repetition: 12722
>passed!
repetition: 12723
>passed!
repetition: 12724
>passed!
repetition: 12725
>passed!
repetition: 12726
>passed!
repetition: 12727
>passed!
repetition: 12728
>passed!
repetition: 12729
>passed!
repetition: 12730
>passed!
repetition: 12731
>passed!
repetition: 12732
>passed!
repetition: 12733
>passed!
repetition: 12734
>passed!
repetition: 12735
>passed!
repetition: 12736
>passed!
repetition: 12737
>passed!
repetition: 12738
>passed!
repetition: 12739
>passed!
repetition: 12740
>passed!
repetition: 12741
>passed!
repetition: 12742
>passed!
repetition: 12743
>passed!
repetition: 12744
>passed!
repetition: 12745
>passed!
repetition: 12746
>passed!
repetition: 12747
>passed!
repetition: 12748
>passed!
repetition: 12749
>passed!
repetition: 12750
>passed!
repetition: 12751
>passed!
repetition: 12752
>passed!
repetition: 12753
>passed!
repetition: 12754
>passed!
repetition: 12755
>passed!
repetition: 12756
>passed!
repetition: 12757
>passed!
repetition: 12758
>passed!
repetition: 12759
>passed!
repetition: 12760
>passed!
repetition: 12761
>passed!
repetition: 12762
>passed!
repetition: 12763
>passed!
repetition: 12764
>passed!
repetition: 12765
>passed!
repetition: 12766
>passed!
repetition: 12767
>passed!
repetition: 12768
>passed!
repetition: 12769
>passed!
repetition: 12770
>passed!
repetition: 12771
>passed!
repetition: 12772
>passed!
repetition: 12773
>passed!
repetition: 12774
>passed!
repetition: 12775
>passed!
repetition: 12776
>passed!
repetition: 12777
>passed!
repetition: 12778
>passed!
repetition: 12779
>passed!
repetition: 12780
>passed!
repetition: 12781
>passed!
repetition: 12782
>passed!
repetition: 12783
>passed!
repetition: 12784
>passed!
repetition: 12785
>passed!
repetition: 12786
>passed!
repetition: 12787
>passed!
repetition: 12788
>passed!
repetition: 12789
>passed!
repetition: 12790
>passed!
repetition: 12791
>passed!
repetition: 12792
>passed!
repetition: 12793
>passed!
repetition: 12794
>passed!
repetition: 12795
>passed!
repetition: 12796
>passed!
repetition: 12797
>passed!
repetition: 12798
>passed!
repetition: 12799
>passed!
repetition: 12800
>passed!
repetition: 12801
>passed!
repetition: 12802
>passed!
repetition: 12803
>passed!
repetition: 12804
>passed!
repetition: 12805
>passed!
repetition: 12806
>passed!
repetition: 12807
>passed!
repetition: 12808
>passed!
repetition: 12809
>passed!
repetition: 12810
>passed!
repetition: 12811
>passed!
repetition: 12812
>passed!
repetition: 12813
>passed!
repetition: 12814
>passed!
repetition: 12815
>passed!
repetition: 12816
>passed!
repetition: 12817
>passed!
repetition: 12818
>passed!
repetition: 12819
>passed!
repetition: 12820
>passed!
repetition: 12821
>passed!
repetition: 12822
>passed!
repetition: 12823
>passed!
repetition: 12824
>passed!
repetition: 12825
>passed!
repetition: 12826
>passed!
repetition: 12827
>passed!
repetition: 12828
>passed!
repetition: 12829
>passed!
repetition: 12830
>passed!
repetition: 12831
>passed!
repetition: 12832
>passed!
repetition: 12833
>passed!
repetition: 12834
>passed!
repetition: 12835
>passed!
repetition: 12836
>passed!
repetition: 12837
>passed!
repetition: 12838
>passed!
repetition: 12839
>passed!
repetition: 12840
>passed!
repetition: 12841
>passed!
repetition: 12842
>passed!
repetition: 12843
>passed!
repetition: 12844
>passed!
repetition: 12845
>passed!
repetition: 12846
>passed!
repetition: 12847
>passed!
repetition: 12848
>passed!
repetition: 12849
>passed!
repetition: 12850
>passed!
repetition: 12851
>passed!
repetition: 12852
>passed!
repetition: 12853
>passed!
repetition: 12854
>passed!
repetition: 12855
>passed!
repetition: 12856
>passed!
repetition: 12857
>passed!
repetition: 12858
>passed!
repetition: 12859
>passed!
repetition: 12860
>passed!
repetition: 12861
>passed!
repetition: 12862
>passed!
repetition: 12863
>passed!
repetition: 12864
>passed!
repetition: 12865
>passed!
repetition: 12866
>passed!
repetition: 12867
>passed!
repetition: 12868
>passed!
repetition: 12869
>passed!
repetition: 12870
>passed!
repetition: 12871
>passed!
repetition: 12872
>passed!
repetition: 12873
>passed!
repetition: 12874
>passed!
repetition: 12875
>passed!
repetition: 12876
>passed!
repetition: 12877
>passed!
repetition: 12878
>passed!
repetition: 12879
>passed!
repetition: 12880
>passed!
repetition: 12881
>passed!
repetition: 12882
>passed!
repetition: 12883
>passed!
repetition: 12884
>passed!
repetition: 12885
>passed!
repetition: 12886
>passed!
repetition: 12887
>passed!
repetition: 12888
>passed!
repetition: 12889
>passed!
repetition: 12890
>passed!
repetition: 12891
>passed!
repetition: 12892
>passed!
repetition: 12893
>passed!
repetition: 12894
>passed!
repetition: 12895
>passed!
repetition: 12896
>passed!
repetition: 12897
>passed!
repetition: 12898
>passed!
repetition: 12899
>passed!
repetition: 12900
>passed!
repetition: 12901
>passed!
repetition: 12902
>passed!
repetition: 12903
>passed!
repetition: 12904
>passed!
repetition: 12905
>passed!
repetition: 12906
>passed!
repetition: 12907
>passed!
repetition: 12908
>passed!
repetition: 12909
>passed!
repetition: 12910
>passed!
repetition: 12911
>passed!
repetition: 12912
>passed!
repetition: 12913
>passed!
repetition: 12914
>passed!
repetition: 12915
>passed!
repetition: 12916
>passed!
repetition: 12917
>passed!
repetition: 12918
>passed!
repetition: 12919
>passed!
repetition: 12920
>passed!
repetition: 12921
>passed!
repetition: 12922
>passed!
repetition: 12923
>passed!
repetition: 12924
>passed!
repetition: 12925
>passed!
repetition: 12926
>passed!
repetition: 12927
>passed!
repetition: 12928
>passed!
repetition: 12929
>passed!
repetition: 12930
>passed!
repetition: 12931
>passed!
repetition: 12932
>passed!
repetition: 12933
>passed!
repetition: 12934
>passed!
repetition: 12935
>passed!
repetition: 12936
>passed!
repetition: 12937
>passed!
repetition: 12938
>passed!
repetition: 12939
>passed!
repetition: 12940
>passed!
repetition: 12941
>passed!
repetition: 12942
>passed!
repetition: 12943
>passed!
repetition: 12944
>passed!
repetition: 12945
>passed!
repetition: 12946
>passed!
repetition: 12947
>passed!
repetition: 12948
>passed!
repetition: 12949
>passed!
repetition: 12950
>passed!
repetition: 12951
>passed!
repetition: 12952
>passed!
repetition: 12953
>passed!
repetition: 12954
>passed!
repetition: 12955
>passed!
repetition: 12956
>passed!
repetition: 12957
>passed!
repetition: 12958
>passed!
repetition: 12959
>passed!
repetition: 12960
>passed!
repetition: 12961
>passed!
repetition: 12962
>passed!
repetition: 12963
>passed!
repetition: 12964
>passed!
repetition: 12965
>passed!
repetition: 12966
>passed!
repetition: 12967
>passed!
repetition: 12968
>passed!
repetition: 12969
>passed!
repetition: 12970
>passed!
repetition: 12971
>passed!
repetition: 12972
>passed!
repetition: 12973
>passed!
repetition: 12974
>passed!
repetition: 12975
>passed!
repetition: 12976
>passed!
repetition: 12977
>passed!
repetition: 12978
>passed!
repetition: 12979
>passed!
repetition: 12980
>passed!
repetition: 12981
>passed!
repetition: 12982
>passed!
repetition: 12983
>passed!
repetition: 12984
>passed!
repetition: 12985
>passed!
repetition: 12986
>passed!
repetition: 12987
>passed!
repetition: 12988
>passed!
repetition: 12989
>passed!
repetition: 12990
>passed!
repetition: 12991
>passed!
repetition: 12992
>passed!
repetition: 12993
>passed!
repetition: 12994
>passed!
repetition: 12995
>passed!
repetition: 12996
>passed!
repetition: 12997
>passed!
repetition: 12998
>passed!
repetition: 12999
>passed!
repetition: 13000
>passed!
repetition: 13001
>passed!
repetition: 13002
>passed!
repetition: 13003
>passed!
repetition: 13004
>passed!
repetition: 13005
>passed!
repetition: 13006
>passed!
repetition: 13007
>passed!
repetition: 13008
>passed!
repetition: 13009
>passed!
repetition: 13010
>passed!
repetition: 13011
>passed!
repetition: 13012
>passed!
repetition: 13013
>passed!
repetition: 13014
>passed!
repetition: 13015
>passed!
repetition: 13016
>passed!
repetition: 13017
>passed!
repetition: 13018
>passed!
repetition: 13019
>passed!
repetition: 13020
>passed!
repetition: 13021
>passed!
repetition: 13022
>passed!
repetition: 13023
>passed!
repetition: 13024
>passed!
repetition: 13025
>passed!
repetition: 13026
>passed!
repetition: 13027
>passed!
repetition: 13028
>passed!
repetition: 13029
>passed!
repetition: 13030
>passed!
repetition: 13031
>passed!
repetition: 13032
>passed!
repetition: 13033
>passed!
repetition: 13034
>passed!
repetition: 13035
>passed!
repetition: 13036
>passed!
repetition: 13037
>passed!
repetition: 13038
>passed!
repetition: 13039
>passed!
repetition: 13040
>passed!
repetition: 13041
>passed!
repetition: 13042
>passed!
repetition: 13043
>passed!
repetition: 13044
>passed!
repetition: 13045
>passed!
repetition: 13046
>passed!
repetition: 13047
>passed!
repetition: 13048
>passed!
repetition: 13049
>passed!
repetition: 13050
>passed!
repetition: 13051
>passed!
repetition: 13052
>passed!
repetition: 13053
>passed!
repetition: 13054
>passed!
repetition: 13055
>passed!
repetition: 13056
>passed!
repetition: 13057
>passed!
repetition: 13058
>passed!
repetition: 13059
>passed!
repetition: 13060
>passed!
repetition: 13061
>passed!
repetition: 13062
>passed!
repetition: 13063
>passed!
repetition: 13064
>passed!
repetition: 13065
>passed!
repetition: 13066
>passed!
repetition: 13067
>passed!
repetition: 13068
>passed!
repetition: 13069
>passed!
repetition: 13070
>passed!
repetition: 13071
>passed!
repetition: 13072
>passed!
repetition: 13073
>passed!
repetition: 13074
>passed!
repetition: 13075
>passed!
repetition: 13076
>passed!
repetition: 13077
>passed!
repetition: 13078
>passed!
repetition: 13079
>passed!
repetition: 13080
>passed!
repetition: 13081
>passed!
repetition: 13082
>passed!
repetition: 13083
>passed!
repetition: 13084
>passed!
repetition: 13085
>passed!
repetition: 13086
>passed!
repetition: 13087
>passed!
repetition: 13088
>passed!
repetition: 13089
>passed!
repetition: 13090
>passed!
repetition: 13091
>passed!
repetition: 13092
>passed!
repetition: 13093
>passed!
repetition: 13094
>passed!
repetition: 13095
>passed!
repetition: 13096
>passed!
repetition: 13097
>passed!
repetition: 13098
>passed!
repetition: 13099
>passed!
repetition: 13100
>passed!
repetition: 13101
>passed!
repetition: 13102
>passed!
repetition: 13103
>passed!
repetition: 13104
>passed!
repetition: 13105
>passed!
repetition: 13106
>passed!
repetition: 13107
>passed!
repetition: 13108
>passed!
repetition: 13109
>passed!
repetition: 13110
>passed!
repetition: 13111
>passed!
repetition: 13112
>passed!
repetition: 13113
>passed!
repetition: 13114
>passed!
repetition: 13115
>passed!
repetition: 13116
>passed!
repetition: 13117
>passed!
repetition: 13118
>passed!
repetition: 13119
>passed!
repetition: 13120
>passed!
repetition: 13121
>passed!
repetition: 13122
>passed!
repetition: 13123
>passed!
repetition: 13124
>passed!
repetition: 13125
>passed!
repetition: 13126
>passed!
repetition: 13127
>passed!
repetition: 13128
>passed!
repetition: 13129
>passed!
repetition: 13130
>passed!
repetition: 13131
>passed!
repetition: 13132
>passed!
repetition: 13133
>passed!
repetition: 13134
>passed!
repetition: 13135
>passed!
repetition: 13136
>passed!
repetition: 13137
>passed!
repetition: 13138
>passed!
repetition: 13139
>passed!
repetition: 13140
>passed!
repetition: 13141
>passed!
repetition: 13142
>passed!
repetition: 13143
>passed!
repetition: 13144
>passed!
repetition: 13145
>passed!
repetition: 13146
>passed!
repetition: 13147
>passed!
repetition: 13148
>passed!
repetition: 13149
>passed!
repetition: 13150
>passed!
repetition: 13151
>passed!
repetition: 13152
>passed!
repetition: 13153
>passed!
repetition: 13154
>passed!
repetition: 13155
>passed!
repetition: 13156
>passed!
repetition: 13157
>passed!
repetition: 13158
>passed!
repetition: 13159
>passed!
repetition: 13160
>passed!
repetition: 13161
>passed!
repetition: 13162
>passed!
repetition: 13163
>passed!
repetition: 13164
>passed!
repetition: 13165
>passed!
repetition: 13166
>passed!
repetition: 13167
>passed!
repetition: 13168
>passed!
repetition: 13169
>passed!
repetition: 13170
>passed!
repetition: 13171
>passed!
repetition: 13172
>passed!
repetition: 13173
>passed!
repetition: 13174
>passed!
repetition: 13175
>passed!
repetition: 13176
>passed!
repetition: 13177
>passed!
repetition: 13178
>passed!
repetition: 13179
>passed!
repetition: 13180
>passed!
repetition: 13181
>passed!
repetition: 13182
>passed!
repetition: 13183
>passed!
repetition: 13184
>passed!
repetition: 13185
>passed!
repetition: 13186
>passed!
repetition: 13187
>passed!
repetition: 13188
>passed!
repetition: 13189
>passed!
repetition: 13190
>passed!
repetition: 13191
>passed!
repetition: 13192
>passed!
repetition: 13193
>passed!
repetition: 13194
>passed!
repetition: 13195
>passed!
repetition: 13196
>passed!
repetition: 13197
>passed!
repetition: 13198
>passed!
repetition: 13199
>passed!
repetition: 13200
>passed!
repetition: 13201
>passed!
repetition: 13202
>passed!
repetition: 13203
>passed!
repetition: 13204
>passed!
repetition: 13205
>passed!
repetition: 13206
>passed!
repetition: 13207
>passed!
repetition: 13208
>passed!
repetition: 13209
>passed!
repetition: 13210
>passed!
repetition: 13211
>passed!
repetition: 13212
>passed!
repetition: 13213
>passed!
repetition: 13214
>passed!
repetition: 13215
>passed!
repetition: 13216
>passed!
repetition: 13217
>passed!
repetition: 13218
>passed!
repetition: 13219
>passed!
repetition: 13220
>passed!
repetition: 13221
>passed!
repetition: 13222
>passed!
repetition: 13223
>passed!
repetition: 13224
>passed!
repetition: 13225
>passed!
repetition: 13226
>passed!
repetition: 13227
>passed!
repetition: 13228
>passed!
repetition: 13229
>passed!
repetition: 13230
>passed!
repetition: 13231
>passed!
repetition: 13232
>passed!
repetition: 13233
>passed!
repetition: 13234
>passed!
repetition: 13235
>passed!
repetition: 13236
>passed!
repetition: 13237
>passed!
repetition: 13238
>passed!
repetition: 13239
>passed!
repetition: 13240
>passed!
repetition: 13241
>passed!
repetition: 13242
>passed!
repetition: 13243
>passed!
repetition: 13244
>passed!
repetition: 13245
>passed!
repetition: 13246
>passed!
repetition: 13247
>passed!
repetition: 13248
>passed!
repetition: 13249
>passed!
repetition: 13250
>passed!
repetition: 13251
>passed!
repetition: 13252
>passed!
repetition: 13253
>passed!
repetition: 13254
>passed!
repetition: 13255
>passed!
repetition: 13256
>passed!
repetition: 13257
>passed!
repetition: 13258
>passed!
repetition: 13259
>passed!
repetition: 13260
>passed!
repetition: 13261
>passed!
repetition: 13262
>passed!
repetition: 13263
>passed!
repetition: 13264
>passed!
repetition: 13265
>passed!
repetition: 13266
>passed!
repetition: 13267
>passed!
repetition: 13268
>passed!
repetition: 13269
>passed!
repetition: 13270
>passed!
repetition: 13271
>passed!
repetition: 13272
>passed!
repetition: 13273
>passed!
repetition: 13274
>passed!
repetition: 13275
>passed!
repetition: 13276
>passed!
repetition: 13277
>passed!
repetition: 13278
>passed!
repetition: 13279
>passed!
repetition: 13280
>passed!
repetition: 13281
>passed!
repetition: 13282
>passed!
repetition: 13283
>passed!
repetition: 13284
>passed!
repetition: 13285
>passed!
repetition: 13286
>passed!
repetition: 13287
>passed!
repetition: 13288
>passed!
repetition: 13289
>passed!
repetition: 13290
>passed!
repetition: 13291
>passed!
repetition: 13292
>passed!
repetition: 13293
>passed!
repetition: 13294
>passed!
repetition: 13295
>passed!
repetition: 13296
>passed!
repetition: 13297
>passed!
repetition: 13298
>passed!
repetition: 13299
>passed!
repetition: 13300
>passed!
repetition: 13301
>passed!
repetition: 13302
>passed!
repetition: 13303
>passed!
repetition: 13304
>passed!
repetition: 13305
>passed!
repetition: 13306
>passed!
repetition: 13307
>passed!
repetition: 13308
>passed!
repetition: 13309
>passed!
repetition: 13310
>passed!
repetition: 13311
>passed!
repetition: 13312
>passed!
repetition: 13313
>passed!
repetition: 13314
>passed!
repetition: 13315
>passed!
repetition: 13316
>passed!
repetition: 13317
>passed!
repetition: 13318
>passed!
repetition: 13319
>passed!
repetition: 13320
>passed!
repetition: 13321
>passed!
repetition: 13322
>passed!
repetition: 13323
>passed!
repetition: 13324
>passed!
repetition: 13325
>passed!
repetition: 13326
>passed!
repetition: 13327
>passed!
repetition: 13328
>passed!
repetition: 13329
>passed!
repetition: 13330
>passed!
repetition: 13331
>passed!
repetition: 13332
>passed!
repetition: 13333
>passed!
repetition: 13334
>passed!
repetition: 13335
>passed!
repetition: 13336
>passed!
repetition: 13337
>passed!
repetition: 13338
>passed!
repetition: 13339
>passed!
repetition: 13340
>passed!
repetition: 13341
>passed!
repetition: 13342
>passed!
repetition: 13343
>passed!
repetition: 13344
>passed!
repetition: 13345
>passed!
repetition: 13346
>passed!
repetition: 13347
>passed!
repetition: 13348
>passed!
repetition: 13349
>passed!
repetition: 13350
>passed!
repetition: 13351
>passed!
repetition: 13352
>passed!
repetition: 13353
>passed!
repetition: 13354
>passed!
repetition: 13355
>passed!
repetition: 13356
>passed!
repetition: 13357
>passed!
repetition: 13358
>passed!
repetition: 13359
>passed!
repetition: 13360
>passed!
repetition: 13361
>passed!
repetition: 13362
>passed!
repetition: 13363
>passed!
repetition: 13364
>passed!
repetition: 13365
>passed!
repetition: 13366
>passed!
repetition: 13367
>passed!
repetition: 13368
>passed!
repetition: 13369
>passed!
repetition: 13370
>passed!
repetition: 13371
>passed!
repetition: 13372
>passed!
repetition: 13373
>passed!
repetition: 13374
>passed!
repetition: 13375
>passed!
repetition: 13376
>passed!
repetition: 13377
>passed!
repetition: 13378
>passed!
repetition: 13379
>passed!
repetition: 13380
>passed!
repetition: 13381
>passed!
repetition: 13382
>passed!
repetition: 13383
>passed!
repetition: 13384
>passed!
repetition: 13385
>passed!
repetition: 13386
>passed!
repetition: 13387
>passed!
repetition: 13388
>passed!
repetition: 13389
>passed!
repetition: 13390
>passed!
repetition: 13391
>passed!
repetition: 13392
>passed!
repetition: 13393
>passed!
repetition: 13394
>passed!
repetition: 13395
>passed!
repetition: 13396
>passed!
repetition: 13397
>passed!
repetition: 13398
>passed!
repetition: 13399
>passed!
repetition: 13400
>passed!
repetition: 13401
>passed!
repetition: 13402
>passed!
repetition: 13403
>passed!
repetition: 13404
>passed!
repetition: 13405
>passed!
repetition: 13406
>passed!
repetition: 13407
>passed!
repetition: 13408
>passed!
repetition: 13409
>passed!
repetition: 13410
>passed!
repetition: 13411
>passed!
repetition: 13412
>passed!
repetition: 13413
>passed!
repetition: 13414
>passed!
repetition: 13415
>passed!
repetition: 13416
>passed!
repetition: 13417
>passed!
repetition: 13418
>passed!
repetition: 13419
>passed!
repetition: 13420
>passed!
repetition: 13421
>passed!
repetition: 13422
>passed!
repetition: 13423
>passed!
repetition: 13424
>passed!
repetition: 13425
>passed!
repetition: 13426
>passed!
repetition: 13427
>passed!
repetition: 13428
>passed!
repetition: 13429
>passed!
repetition: 13430
>passed!
repetition: 13431
>passed!
repetition: 13432
>passed!
repetition: 13433
>passed!
repetition: 13434
>passed!
repetition: 13435
>passed!
repetition: 13436
>passed!
repetition: 13437
>passed!
repetition: 13438
>passed!
repetition: 13439
>passed!
repetition: 13440
>passed!
repetition: 13441
>passed!
repetition: 13442
>passed!
repetition: 13443
>passed!
repetition: 13444
>passed!
repetition: 13445
>passed!
repetition: 13446
>passed!
repetition: 13447
>passed!
repetition: 13448
>passed!
repetition: 13449
>passed!
repetition: 13450
>passed!
repetition: 13451
>passed!
repetition: 13452
>passed!
repetition: 13453
>passed!
repetition: 13454
>passed!
repetition: 13455
>passed!
repetition: 13456
>passed!
repetition: 13457
>passed!
repetition: 13458
>passed!
repetition: 13459
>passed!
repetition: 13460
>passed!
repetition: 13461
>passed!
repetition: 13462
>passed!
repetition: 13463
>passed!
repetition: 13464
>passed!
repetition: 13465
>passed!
repetition: 13466
>passed!
repetition: 13467
>passed!
repetition: 13468
>passed!
repetition: 13469
>passed!
repetition: 13470
>passed!
repetition: 13471
>passed!
repetition: 13472
>passed!
repetition: 13473
>passed!
repetition: 13474
>passed!
repetition: 13475
>passed!
repetition: 13476
>passed!
repetition: 13477
>passed!
repetition: 13478
>passed!
repetition: 13479
>passed!
repetition: 13480
>passed!
repetition: 13481
>passed!
repetition: 13482
>passed!
repetition: 13483
>passed!
repetition: 13484
>passed!
repetition: 13485
>passed!
repetition: 13486
>passed!
repetition: 13487
>passed!
repetition: 13488
>passed!
repetition: 13489
>passed!
repetition: 13490
>passed!
repetition: 13491
>passed!
repetition: 13492
>passed!
repetition: 13493
>passed!
repetition: 13494
>passed!
repetition: 13495
>passed!
repetition: 13496
>passed!
repetition: 13497
>passed!
repetition: 13498
>passed!
repetition: 13499
>passed!
repetition: 13500
>passed!
repetition: 13501
>passed!
repetition: 13502
>passed!
repetition: 13503
>passed!
repetition: 13504
>passed!
repetition: 13505
>passed!
repetition: 13506
>passed!
repetition: 13507
>passed!
repetition: 13508
>passed!
repetition: 13509
>passed!
repetition: 13510
>passed!
repetition: 13511
>passed!
repetition: 13512
>passed!
repetition: 13513
>passed!
repetition: 13514
>passed!
repetition: 13515
>passed!
repetition: 13516
>passed!
repetition: 13517
>passed!
repetition: 13518
>passed!
repetition: 13519
>passed!
repetition: 13520
>passed!
repetition: 13521
>passed!
repetition: 13522
>passed!
repetition: 13523
>passed!
repetition: 13524
>passed!
repetition: 13525
>passed!
repetition: 13526
>passed!
repetition: 13527
>passed!
repetition: 13528
>passed!
repetition: 13529
>passed!
repetition: 13530
>passed!
repetition: 13531
>passed!
repetition: 13532
>passed!
repetition: 13533
>passed!
repetition: 13534
>passed!
repetition: 13535
>passed!
repetition: 13536
>passed!
repetition: 13537
>passed!
repetition: 13538
>passed!
repetition: 13539
>passed!
repetition: 13540
>passed!
repetition: 13541
>passed!
repetition: 13542
>passed!
repetition: 13543
>passed!
repetition: 13544
>passed!
repetition: 13545
>passed!
repetition: 13546
>passed!
repetition: 13547
>passed!
repetition: 13548
>passed!
repetition: 13549
>passed!
repetition: 13550
>passed!
repetition: 13551
>passed!
repetition: 13552
>passed!
repetition: 13553
>passed!
repetition: 13554
>passed!
repetition: 13555
>passed!
repetition: 13556
>passed!
repetition: 13557
>passed!
repetition: 13558
>passed!
repetition: 13559
>passed!
repetition: 13560
>passed!
repetition: 13561
>passed!
repetition: 13562
>passed!
repetition: 13563
>passed!
repetition: 13564
>passed!
repetition: 13565
>passed!
repetition: 13566
>passed!
repetition: 13567
>passed!
repetition: 13568
>passed!
repetition: 13569
>passed!
repetition: 13570
>passed!
repetition: 13571
>passed!
repetition: 13572
>passed!
repetition: 13573
>passed!
repetition: 13574
>passed!
repetition: 13575
>passed!
repetition: 13576
>passed!
repetition: 13577
>passed!
repetition: 13578
>passed!
repetition: 13579
>passed!
repetition: 13580
>passed!
repetition: 13581
>passed!
repetition: 13582
>passed!
repetition: 13583
>passed!
repetition: 13584
>passed!
repetition: 13585
>passed!
repetition: 13586
>passed!
repetition: 13587
>passed!
repetition: 13588
>passed!
repetition: 13589
>passed!
repetition: 13590
>passed!
repetition: 13591
>passed!
repetition: 13592
>passed!
repetition: 13593
>passed!
repetition: 13594
>passed!
repetition: 13595
>passed!
repetition: 13596
>passed!
repetition: 13597
>passed!
repetition: 13598
>passed!
repetition: 13599
>passed!
repetition: 13600
>passed!
repetition: 13601
>passed!
repetition: 13602
>passed!
repetition: 13603
>passed!
repetition: 13604
>passed!
repetition: 13605
>passed!
repetition: 13606
>passed!
repetition: 13607
>passed!
repetition: 13608
>passed!
repetition: 13609
>passed!
repetition: 13610
>passed!
repetition: 13611
>passed!
repetition: 13612
>passed!
repetition: 13613
>passed!
repetition: 13614
>passed!
repetition: 13615
>passed!
repetition: 13616
>passed!
repetition: 13617
>passed!
repetition: 13618
>passed!
repetition: 13619
>passed!
repetition: 13620
>passed!
repetition: 13621
>passed!
repetition: 13622
>passed!
repetition: 13623
>passed!
repetition: 13624
>passed!
repetition: 13625
>passed!
repetition: 13626
>passed!
repetition: 13627
>passed!
repetition: 13628
>passed!
repetition: 13629
>passed!
repetition: 13630
>passed!
repetition: 13631
>passed!
repetition: 13632
>passed!
repetition: 13633
>passed!
repetition: 13634
>passed!
repetition: 13635
>passed!
repetition: 13636
>passed!
repetition: 13637
>passed!
repetition: 13638
>passed!
repetition: 13639
>passed!
repetition: 13640
>passed!
repetition: 13641
>passed!
repetition: 13642
>passed!
repetition: 13643
>passed!
repetition: 13644
>passed!
repetition: 13645
>passed!
repetition: 13646
>passed!
repetition: 13647
>passed!
repetition: 13648
>passed!
repetition: 13649
>passed!
repetition: 13650
>passed!
repetition: 13651
>passed!
repetition: 13652
>passed!
repetition: 13653
>passed!
repetition: 13654
>passed!
repetition: 13655
>passed!
repetition: 13656
>passed!
repetition: 13657
>passed!
repetition: 13658
>passed!
repetition: 13659
>passed!
repetition: 13660
>passed!
repetition: 13661
>passed!
repetition: 13662
>passed!
repetition: 13663
>passed!
repetition: 13664
>passed!
repetition: 13665
>passed!
repetition: 13666
>passed!
repetition: 13667
>passed!
repetition: 13668
>passed!
repetition: 13669
>passed!
repetition: 13670
>passed!
repetition: 13671
>passed!
repetition: 13672
>passed!
repetition: 13673
>passed!
repetition: 13674
>passed!
repetition: 13675
>passed!
repetition: 13676
>passed!
repetition: 13677
>passed!
repetition: 13678
>passed!
repetition: 13679
>passed!
repetition: 13680
>passed!
repetition: 13681
>passed!
repetition: 13682
>passed!
repetition: 13683
>passed!
repetition: 13684
>passed!
repetition: 13685
>passed!
repetition: 13686
>passed!
repetition: 13687
>passed!
repetition: 13688
>passed!
repetition: 13689
>passed!
repetition: 13690
>passed!
repetition: 13691
>passed!
repetition: 13692
>passed!
repetition: 13693
>passed!
repetition: 13694
>passed!
repetition: 13695
>passed!
repetition: 13696
>passed!
repetition: 13697
>passed!
repetition: 13698
>passed!
repetition: 13699
>passed!
repetition: 13700
>passed!
repetition: 13701
>passed!
repetition: 13702
>passed!
repetition: 13703
>passed!
repetition: 13704
>passed!
repetition: 13705
>passed!
repetition: 13706
>passed!
repetition: 13707
>passed!
repetition: 13708
>passed!
repetition: 13709
>passed!
repetition: 13710
>passed!
repetition: 13711
>passed!
repetition: 13712
>passed!
repetition: 13713
>passed!
repetition: 13714
>passed!
repetition: 13715
>passed!
repetition: 13716
>passed!
repetition: 13717
>passed!
repetition: 13718
>passed!
repetition: 13719
>passed!
repetition: 13720
>passed!
repetition: 13721
>passed!
repetition: 13722
>passed!
repetition: 13723
>passed!
repetition: 13724
>passed!
repetition: 13725
>passed!
repetition: 13726
>passed!
repetition: 13727
>passed!
repetition: 13728
>passed!
repetition: 13729
>passed!
repetition: 13730
>passed!
repetition: 13731
>passed!
repetition: 13732
>passed!
repetition: 13733
>passed!
repetition: 13734
>passed!
repetition: 13735
>passed!
repetition: 13736
>passed!
repetition: 13737
>passed!
repetition: 13738
>passed!
repetition: 13739
>passed!
repetition: 13740
>passed!
repetition: 13741
>passed!
repetition: 13742
>passed!
repetition: 13743
>passed!
repetition: 13744
>passed!
repetition: 13745
>passed!
repetition: 13746
>passed!
repetition: 13747
>passed!
repetition: 13748
>passed!
repetition: 13749
>passed!
repetition: 13750
>passed!
repetition: 13751
>passed!
repetition: 13752
>passed!
repetition: 13753
>passed!
repetition: 13754
>passed!
repetition: 13755
>passed!
repetition: 13756
>passed!
repetition: 13757
>passed!
repetition: 13758
>passed!
repetition: 13759
>passed!
repetition: 13760
>passed!
repetition: 13761
>passed!
repetition: 13762
>passed!
repetition: 13763
>passed!
repetition: 13764
>passed!
repetition: 13765
>passed!
repetition: 13766
>passed!
repetition: 13767
>passed!
repetition: 13768
>passed!
repetition: 13769
>passed!
repetition: 13770
>passed!
repetition: 13771
>passed!
repetition: 13772
>passed!
repetition: 13773
>passed!
repetition: 13774
>passed!
repetition: 13775
>passed!
repetition: 13776
>passed!
repetition: 13777
>passed!
repetition: 13778
>passed!
repetition: 13779
>passed!
repetition: 13780
>passed!
repetition: 13781
>passed!
repetition: 13782
>passed!
repetition: 13783
>passed!
repetition: 13784
>passed!
repetition: 13785
>passed!
repetition: 13786
>passed!
repetition: 13787
>passed!
repetition: 13788
>passed!
repetition: 13789
>passed!
repetition: 13790
>passed!
repetition: 13791
>passed!
repetition: 13792
>passed!
repetition: 13793
>passed!
repetition: 13794
>passed!
repetition: 13795
>passed!
repetition: 13796
>passed!
repetition: 13797
>passed!
repetition: 13798
>passed!
repetition: 13799
>passed!
repetition: 13800
>passed!
repetition: 13801
>passed!
repetition: 13802
>passed!
repetition: 13803
>passed!
repetition: 13804
>passed!
repetition: 13805
>passed!
repetition: 13806
>passed!
repetition: 13807
>passed!
repetition: 13808
>passed!
repetition: 13809
>passed!
repetition: 13810
>passed!
repetition: 13811
>passed!
repetition: 13812
>passed!
repetition: 13813
>passed!
repetition: 13814
>passed!
repetition: 13815
>passed!
repetition: 13816
>passed!
repetition: 13817
>passed!
repetition: 13818
>passed!
repetition: 13819
>passed!
repetition: 13820
>passed!
repetition: 13821
>passed!
repetition: 13822
>passed!
repetition: 13823
>passed!
repetition: 13824
>passed!
repetition: 13825
>passed!
repetition: 13826
>passed!
repetition: 13827
>passed!
repetition: 13828
>passed!
repetition: 13829
>passed!
repetition: 13830
>passed!
repetition: 13831
>passed!
repetition: 13832
>passed!
repetition: 13833
>passed!
repetition: 13834
>passed!
repetition: 13835
>passed!
repetition: 13836
>passed!
repetition: 13837
>passed!
repetition: 13838
>passed!
repetition: 13839
>passed!
repetition: 13840
>passed!
repetition: 13841
>passed!
repetition: 13842
>passed!
repetition: 13843
>passed!
repetition: 13844
>passed!
repetition: 13845
>passed!
repetition: 13846
>passed!
repetition: 13847
>passed!
repetition: 13848
>passed!
repetition: 13849
>passed!
repetition: 13850
>passed!
repetition: 13851
>passed!
repetition: 13852
>passed!
repetition: 13853
>passed!
repetition: 13854
>passed!
repetition: 13855
>passed!
repetition: 13856
>passed!
repetition: 13857
>passed!
repetition: 13858
>passed!
repetition: 13859
>passed!
repetition: 13860
>passed!
repetition: 13861
>passed!
repetition: 13862
>passed!
repetition: 13863
>passed!
repetition: 13864
>passed!
repetition: 13865
>passed!
repetition: 13866
>passed!
repetition: 13867
>passed!
repetition: 13868
>passed!
repetition: 13869
>passed!
repetition: 13870
>passed!
repetition: 13871
>passed!
repetition: 13872
>passed!
repetition: 13873
>passed!
repetition: 13874
>passed!
repetition: 13875
>passed!
repetition: 13876
>passed!
repetition: 13877
>passed!
repetition: 13878
>passed!
repetition: 13879
>passed!
repetition: 13880
>passed!
repetition: 13881
>passed!
repetition: 13882
>passed!
repetition: 13883
>passed!
repetition: 13884
>passed!
repetition: 13885
>passed!
repetition: 13886
>passed!
repetition: 13887
>passed!
repetition: 13888
>passed!
repetition: 13889
>passed!
repetition: 13890
>passed!
repetition: 13891
>passed!
repetition: 13892
>passed!
repetition: 13893
>passed!
repetition: 13894
>passed!
repetition: 13895
>passed!
repetition: 13896
>passed!
repetition: 13897
>passed!
repetition: 13898
>passed!
repetition: 13899
>passed!
repetition: 13900
>passed!
repetition: 13901
>passed!
repetition: 13902
>passed!
repetition: 13903
>passed!
repetition: 13904
>passed!
repetition: 13905
>passed!
repetition: 13906
>passed!
repetition: 13907
>passed!
repetition: 13908
>passed!
repetition: 13909
>passed!
repetition: 13910
>passed!
repetition: 13911
>passed!
repetition: 13912
>passed!
repetition: 13913
>passed!
repetition: 13914
>passed!
repetition: 13915
>passed!
repetition: 13916
>passed!
repetition: 13917
>passed!
repetition: 13918
>passed!
repetition: 13919
>passed!
repetition: 13920
>passed!
repetition: 13921
>passed!
repetition: 13922
>passed!
repetition: 13923
>passed!
repetition: 13924
>passed!
repetition: 13925
>passed!
repetition: 13926
>passed!
repetition: 13927
>passed!
repetition: 13928
>passed!
repetition: 13929
>passed!
repetition: 13930
>passed!
repetition: 13931
>passed!
repetition: 13932
>passed!
repetition: 13933
>passed!
repetition: 13934
>passed!
repetition: 13935
>passed!
repetition: 13936
>passed!
repetition: 13937
>passed!
repetition: 13938
>passed!
repetition: 13939
>passed!
repetition: 13940
>passed!
repetition: 13941
>passed!
repetition: 13942
>passed!
repetition: 13943
>passed!
repetition: 13944
>passed!
repetition: 13945
>passed!
repetition: 13946
>passed!
repetition: 13947
>passed!
repetition: 13948
>passed!
repetition: 13949
>passed!
repetition: 13950
>passed!
repetition: 13951
>passed!
repetition: 13952
>passed!
repetition: 13953
>passed!
repetition: 13954
>passed!
repetition: 13955
>passed!
repetition: 13956
>passed!
repetition: 13957
>passed!
repetition: 13958
>passed!
repetition: 13959
>passed!
repetition: 13960
>passed!
repetition: 13961
>passed!
repetition: 13962
>passed!
repetition: 13963
>passed!
repetition: 13964
>passed!
repetition: 13965
>passed!
repetition: 13966
>passed!
repetition: 13967
>passed!
repetition: 13968
>passed!
repetition: 13969
>passed!
repetition: 13970
>passed!
repetition: 13971
>passed!
repetition: 13972
>passed!
repetition: 13973
>passed!
repetition: 13974
>passed!
repetition: 13975
>passed!
repetition: 13976
>passed!
repetition: 13977
>passed!
repetition: 13978
>passed!
repetition: 13979
>passed!
repetition: 13980
>passed!
repetition: 13981
>passed!
repetition: 13982
>passed!
repetition: 13983
>passed!
repetition: 13984
>passed!
repetition: 13985
>passed!
repetition: 13986
>passed!
repetition: 13987
>passed!
repetition: 13988
>passed!
repetition: 13989
>passed!
repetition: 13990
>passed!
repetition: 13991
>passed!
repetition: 13992
>passed!
repetition: 13993
>passed!
repetition: 13994
>passed!
repetition: 13995
>passed!
repetition: 13996
>passed!
repetition: 13997
>passed!
repetition: 13998
>passed!
repetition: 13999
>passed!
repetition: 14000
>passed!
repetition: 14001
>passed!
repetition: 14002
>passed!
repetition: 14003
>passed!
repetition: 14004
>passed!
repetition: 14005
>passed!
repetition: 14006
>passed!
repetition: 14007
>passed!
repetition: 14008
>passed!
repetition: 14009
>passed!
repetition: 14010
>passed!
repetition: 14011
>passed!
repetition: 14012
>passed!
repetition: 14013
>passed!
repetition: 14014
>passed!
repetition: 14015
>passed!
repetition: 14016
>passed!
repetition: 14017
>passed!
repetition: 14018
>passed!
repetition: 14019
>passed!
repetition: 14020
>passed!
repetition: 14021
>passed!
repetition: 14022
>passed!
repetition: 14023
>passed!
repetition: 14024
>passed!
repetition: 14025
>passed!
repetition: 14026
>passed!
repetition: 14027
>passed!
repetition: 14028
>passed!
repetition: 14029
>passed!
repetition: 14030
>passed!
repetition: 14031
>passed!
repetition: 14032
>passed!
repetition: 14033
>passed!
repetition: 14034
>passed!
repetition: 14035
>passed!
repetition: 14036
>passed!
repetition: 14037
>passed!
repetition: 14038
>passed!
repetition: 14039
>passed!
repetition: 14040
>passed!
repetition: 14041
>passed!
repetition: 14042
>passed!
repetition: 14043
>passed!
repetition: 14044
>passed!
repetition: 14045
>passed!
repetition: 14046
>passed!
repetition: 14047
>passed!
repetition: 14048
>passed!
repetition: 14049
>passed!
repetition: 14050
>passed!
repetition: 14051
>passed!
repetition: 14052
>passed!
repetition: 14053
>passed!
repetition: 14054
>passed!
repetition: 14055
>passed!
repetition: 14056
>passed!
repetition: 14057
>passed!
repetition: 14058
>passed!
repetition: 14059
>passed!
repetition: 14060
>passed!
repetition: 14061
>passed!
repetition: 14062
>passed!
repetition: 14063
>passed!
repetition: 14064
>passed!
repetition: 14065
>passed!
repetition: 14066
>passed!
repetition: 14067
>passed!
repetition: 14068
>passed!
repetition: 14069
>passed!
repetition: 14070
>passed!
repetition: 14071
>passed!
repetition: 14072
>passed!
repetition: 14073
>passed!
repetition: 14074
>passed!
repetition: 14075
>passed!
repetition: 14076
>passed!
repetition: 14077
>passed!
repetition: 14078
>passed!
repetition: 14079
>passed!
repetition: 14080
>passed!
repetition: 14081
>passed!
repetition: 14082
>passed!
repetition: 14083
>passed!
repetition: 14084
>passed!
repetition: 14085
>passed!
repetition: 14086
>passed!
repetition: 14087
>passed!
repetition: 14088
>passed!
repetition: 14089
>passed!
repetition: 14090
>passed!
repetition: 14091
>passed!
repetition: 14092
>passed!
repetition: 14093
>passed!
repetition: 14094
>passed!
repetition: 14095
>passed!
repetition: 14096
>passed!
repetition: 14097
>passed!
repetition: 14098
>passed!
repetition: 14099
>passed!
repetition: 14100
>passed!
repetition: 14101
>passed!
repetition: 14102
>passed!
repetition: 14103
>passed!
repetition: 14104
>passed!
repetition: 14105
>passed!
repetition: 14106
>passed!
repetition: 14107
>passed!
repetition: 14108
>passed!
repetition: 14109
>passed!
repetition: 14110
>passed!
repetition: 14111
>passed!
repetition: 14112
>passed!
repetition: 14113
>passed!
repetition: 14114
>passed!
repetition: 14115
>passed!
repetition: 14116
>passed!
repetition: 14117
>passed!
repetition: 14118
>passed!
repetition: 14119
>passed!
repetition: 14120
>passed!
repetition: 14121
>passed!
repetition: 14122
>passed!
repetition: 14123
>passed!
repetition: 14124
>passed!
repetition: 14125
>passed!
repetition: 14126
>passed!
repetition: 14127
>passed!
repetition: 14128
>passed!
repetition: 14129
>passed!
repetition: 14130
>passed!
repetition: 14131
>passed!
repetition: 14132
>passed!
repetition: 14133
>passed!
repetition: 14134
>passed!
repetition: 14135
>passed!
repetition: 14136
>passed!
repetition: 14137
>passed!
repetition: 14138
>passed!
repetition: 14139
>passed!
repetition: 14140
>passed!
repetition: 14141
>passed!
repetition: 14142
>passed!
repetition: 14143
>passed!
repetition: 14144
>passed!
repetition: 14145
>passed!
repetition: 14146
>passed!
repetition: 14147
>passed!
repetition: 14148
>passed!
repetition: 14149
>passed!
repetition: 14150
>passed!
repetition: 14151
>passed!
repetition: 14152
>passed!
repetition: 14153
>passed!
repetition: 14154
>passed!
repetition: 14155
>passed!
repetition: 14156
>passed!
repetition: 14157
>passed!
repetition: 14158
>passed!
repetition: 14159
>passed!
repetition: 14160
>passed!
repetition: 14161
>passed!
repetition: 14162
>passed!
repetition: 14163
>passed!
repetition: 14164
>passed!
repetition: 14165
>passed!
repetition: 14166
>passed!
repetition: 14167
>passed!
repetition: 14168
>passed!
repetition: 14169
>passed!
repetition: 14170
>passed!
repetition: 14171
>passed!
repetition: 14172
>passed!
repetition: 14173
>passed!
repetition: 14174
>passed!
repetition: 14175
>passed!
repetition: 14176
>passed!
repetition: 14177
>passed!
repetition: 14178
>passed!
repetition: 14179
>passed!
repetition: 14180
>passed!
repetition: 14181
>passed!
repetition: 14182
>passed!
repetition: 14183
>passed!
repetition: 14184
>passed!
repetition: 14185
>passed!
repetition: 14186
>passed!
repetition: 14187
>passed!
repetition: 14188
>passed!
repetition: 14189
>passed!
repetition: 14190
>passed!
repetition: 14191
>passed!
repetition: 14192
>passed!
repetition: 14193
>passed!
repetition: 14194
>passed!
repetition: 14195
>passed!
repetition: 14196
>passed!
repetition: 14197
>passed!
repetition: 14198
>passed!
repetition: 14199
>passed!
repetition: 14200
>passed!
repetition: 14201
>passed!
repetition: 14202
>passed!
repetition: 14203
>passed!
repetition: 14204
>passed!
repetition: 14205
>passed!
repetition: 14206
>passed!
repetition: 14207
>passed!
repetition: 14208
>passed!
repetition: 14209
>passed!
repetition: 14210
>passed!
repetition: 14211
>passed!
repetition: 14212
>passed!
repetition: 14213
>passed!
repetition: 14214
>passed!
repetition: 14215
>passed!
repetition: 14216
>passed!
repetition: 14217
>passed!
repetition: 14218
>passed!
repetition: 14219
>passed!
repetition: 14220
>passed!
repetition: 14221
>passed!
repetition: 14222
>passed!
repetition: 14223
>passed!
repetition: 14224
>passed!
repetition: 14225
>passed!
repetition: 14226
>passed!
repetition: 14227
>passed!
repetition: 14228
>passed!
repetition: 14229
>passed!
repetition: 14230
>passed!
repetition: 14231
>passed!
repetition: 14232
>passed!
repetition: 14233
>passed!
repetition: 14234
>passed!
repetition: 14235
>passed!
repetition: 14236
>passed!
repetition: 14237
>passed!
repetition: 14238
>passed!
repetition: 14239
>passed!
repetition: 14240
>passed!
repetition: 14241
>passed!
repetition: 14242
>passed!
repetition: 14243
>passed!
repetition: 14244
>passed!
repetition: 14245
>passed!
repetition: 14246
>passed!
repetition: 14247
>passed!
repetition: 14248
>passed!
repetition: 14249
>passed!
repetition: 14250
>passed!
repetition: 14251
>passed!
repetition: 14252
>passed!
repetition: 14253
>passed!
repetition: 14254
>passed!
repetition: 14255
>passed!
repetition: 14256
>passed!
repetition: 14257
>passed!
repetition: 14258
>passed!
repetition: 14259
>passed!
repetition: 14260
>passed!
repetition: 14261
>passed!
repetition: 14262
>passed!
repetition: 14263
>passed!
repetition: 14264
>passed!
repetition: 14265
>passed!
repetition: 14266
>passed!
repetition: 14267
>passed!
repetition: 14268
>passed!
repetition: 14269
>passed!
repetition: 14270
>passed!
repetition: 14271
>passed!
repetition: 14272
>passed!
repetition: 14273
>passed!
repetition: 14274
>passed!
repetition: 14275
>passed!
repetition: 14276
>passed!
repetition: 14277
>passed!
repetition: 14278
>passed!
repetition: 14279
>passed!
repetition: 14280
>passed!
repetition: 14281
>passed!
repetition: 14282
>passed!
repetition: 14283
>passed!
repetition: 14284
>passed!
repetition: 14285
>passed!
repetition: 14286
>passed!
repetition: 14287
>passed!
repetition: 14288
>passed!
repetition: 14289
>passed!
repetition: 14290
>passed!
repetition: 14291
>passed!
repetition: 14292
>passed!
repetition: 14293
>passed!
repetition: 14294
>passed!
repetition: 14295
>passed!
repetition: 14296
>passed!
repetition: 14297
>passed!
repetition: 14298
>passed!
repetition: 14299
>passed!
repetition: 14300
>passed!
repetition: 14301
>passed!
repetition: 14302
>passed!
repetition: 14303
>passed!
repetition: 14304
>passed!
repetition: 14305
>passed!
repetition: 14306
>passed!
repetition: 14307
>passed!
repetition: 14308
>passed!
repetition: 14309
>passed!
repetition: 14310
>passed!
repetition: 14311
>passed!
repetition: 14312
>passed!
repetition: 14313
>passed!
repetition: 14314
>passed!
repetition: 14315
>passed!
repetition: 14316
>passed!
repetition: 14317
>passed!
repetition: 14318
>passed!
repetition: 14319
>passed!
repetition: 14320
>passed!
repetition: 14321
>passed!
repetition: 14322
>passed!
repetition: 14323
>passed!
repetition: 14324
>passed!
repetition: 14325
>passed!
repetition: 14326
>passed!
repetition: 14327
>passed!
repetition: 14328
>passed!
repetition: 14329
>passed!
repetition: 14330
>passed!
repetition: 14331
>passed!
repetition: 14332
>passed!
repetition: 14333
>passed!
repetition: 14334
>passed!
repetition: 14335
>passed!
repetition: 14336
>passed!
repetition: 14337
>passed!
repetition: 14338
>passed!
repetition: 14339
>passed!
repetition: 14340
>passed!
repetition: 14341
>passed!
repetition: 14342
>passed!
repetition: 14343
>passed!
repetition: 14344
>passed!
repetition: 14345
>passed!
repetition: 14346
>passed!
repetition: 14347
>passed!
repetition: 14348
>passed!
repetition: 14349
>passed!
repetition: 14350
>passed!
repetition: 14351
>passed!
repetition: 14352
>passed!
repetition: 14353
>passed!
repetition: 14354
>passed!
repetition: 14355
>passed!
repetition: 14356
>passed!
repetition: 14357
>passed!
repetition: 14358
>passed!
repetition: 14359
>passed!
repetition: 14360
>passed!
repetition: 14361
>passed!
repetition: 14362
>passed!
repetition: 14363
>passed!
repetition: 14364
>passed!
repetition: 14365
>passed!
repetition: 14366
>passed!
repetition: 14367
>passed!
repetition: 14368
>passed!
repetition: 14369
>passed!
repetition: 14370
>passed!
repetition: 14371
>passed!
repetition: 14372
>passed!
repetition: 14373
>passed!
repetition: 14374
>passed!
repetition: 14375
>passed!
repetition: 14376
>passed!
repetition: 14377
>passed!
repetition: 14378
>passed!
repetition: 14379
>passed!
repetition: 14380
>passed!
repetition: 14381
>passed!
repetition: 14382
>passed!
repetition: 14383
>passed!
repetition: 14384
>passed!
repetition: 14385
>passed!
repetition: 14386
>passed!
repetition: 14387
>passed!
repetition: 14388
>passed!
repetition: 14389
>passed!
repetition: 14390
>passed!
repetition: 14391
>passed!
repetition: 14392
>passed!
repetition: 14393
>passed!
repetition: 14394
>passed!
repetition: 14395
>passed!
repetition: 14396
>passed!
repetition: 14397
>passed!
repetition: 14398
>passed!
repetition: 14399
>passed!
repetition: 14400
>passed!
repetition: 14401
>passed!
repetition: 14402
>passed!
repetition: 14403
>passed!
repetition: 14404
>passed!
repetition: 14405
>passed!
repetition: 14406
>passed!
repetition: 14407
>passed!
repetition: 14408
>passed!
repetition: 14409
>passed!
repetition: 14410
>passed!
repetition: 14411
>passed!
repetition: 14412
>passed!
repetition: 14413
>passed!
repetition: 14414
>passed!
repetition: 14415
>passed!
repetition: 14416
>passed!
repetition: 14417
>passed!
repetition: 14418
>passed!
repetition: 14419
>passed!
repetition: 14420
>passed!
repetition: 14421
>passed!
repetition: 14422
>passed!
repetition: 14423
>passed!
repetition: 14424
>passed!
repetition: 14425
>passed!
repetition: 14426
>passed!
repetition: 14427
>passed!
repetition: 14428
>passed!
repetition: 14429
>passed!
repetition: 14430
>passed!
repetition: 14431
>passed!
repetition: 14432
>passed!
repetition: 14433
>passed!
repetition: 14434
>passed!
repetition: 14435
>passed!
repetition: 14436
>passed!
repetition: 14437
>passed!
repetition: 14438
>passed!
repetition: 14439
>passed!
repetition: 14440
>passed!
repetition: 14441
>passed!
repetition: 14442
>passed!
repetition: 14443
>passed!
repetition: 14444
>passed!
repetition: 14445
>passed!
repetition: 14446
>passed!
repetition: 14447
>passed!
repetition: 14448
>passed!
repetition: 14449
>passed!
repetition: 14450
>passed!
repetition: 14451
>passed!
repetition: 14452
>passed!
repetition: 14453
>passed!
repetition: 14454
>passed!
repetition: 14455
>passed!
repetition: 14456
>passed!
repetition: 14457
>passed!
repetition: 14458
>passed!
repetition: 14459
>passed!
repetition: 14460
>passed!
repetition: 14461
>passed!
repetition: 14462
>passed!
repetition: 14463
>passed!
repetition: 14464
>passed!
repetition: 14465
>passed!
repetition: 14466
>passed!
repetition: 14467
>passed!
repetition: 14468
>passed!
repetition: 14469
>passed!
repetition: 14470
>passed!
repetition: 14471
>passed!
repetition: 14472
>passed!
repetition: 14473
>passed!
repetition: 14474
>passed!
repetition: 14475
>passed!
repetition: 14476
>passed!
repetition: 14477
>passed!
repetition: 14478
>passed!
repetition: 14479
>passed!
repetition: 14480
>passed!
repetition: 14481
>passed!
repetition: 14482
>passed!
repetition: 14483
>passed!
repetition: 14484
>passed!
repetition: 14485
>passed!
repetition: 14486
>passed!
repetition: 14487
>passed!
repetition: 14488
>passed!
repetition: 14489
>passed!
repetition: 14490
>passed!
repetition: 14491
>passed!
repetition: 14492
>passed!
repetition: 14493
>passed!
repetition: 14494
>passed!
repetition: 14495
>passed!
repetition: 14496
>passed!
repetition: 14497
>passed!
repetition: 14498
>passed!
repetition: 14499
>passed!
repetition: 14500
>passed!
repetition: 14501
>passed!
repetition: 14502
>passed!
repetition: 14503
>passed!
repetition: 14504
>passed!
repetition: 14505
>passed!
repetition: 14506
>passed!
repetition: 14507
>passed!
repetition: 14508
>passed!
repetition: 14509
>passed!
repetition: 14510
>passed!
repetition: 14511
>passed!
repetition: 14512
>passed!
repetition: 14513
>passed!
repetition: 14514
>passed!
repetition: 14515
>passed!
repetition: 14516
>passed!
repetition: 14517
>passed!
repetition: 14518
>passed!
repetition: 14519
>passed!
repetition: 14520
>passed!
repetition: 14521
>passed!
repetition: 14522
>passed!
repetition: 14523
>passed!
repetition: 14524
>passed!
repetition: 14525
>passed!
repetition: 14526
>passed!
repetition: 14527
>passed!
repetition: 14528
>passed!
repetition: 14529
>passed!
repetition: 14530
>passed!
repetition: 14531
>passed!
repetition: 14532
>passed!
repetition: 14533
>passed!
repetition: 14534
>passed!
repetition: 14535
>passed!
repetition: 14536
>passed!
repetition: 14537
>passed!
repetition: 14538
>passed!
repetition: 14539
>passed!
repetition: 14540
>passed!
repetition: 14541
>passed!
repetition: 14542
>passed!
repetition: 14543
>passed!
repetition: 14544
>passed!
repetition: 14545
>passed!
repetition: 14546
>passed!
repetition: 14547
>passed!
repetition: 14548
>passed!
repetition: 14549
>passed!
repetition: 14550
>passed!
repetition: 14551
>passed!
repetition: 14552
>passed!
repetition: 14553
>passed!
repetition: 14554
>passed!
repetition: 14555
>passed!
repetition: 14556
>passed!
repetition: 14557
>passed!
repetition: 14558
>passed!
repetition: 14559
>passed!
repetition: 14560
>passed!
repetition: 14561
>passed!
repetition: 14562
>passed!
repetition: 14563
>passed!
repetition: 14564
>passed!
repetition: 14565
>passed!
repetition: 14566
>passed!
repetition: 14567
>passed!
repetition: 14568
>passed!
repetition: 14569
>passed!
repetition: 14570
>passed!
repetition: 14571
>passed!
repetition: 14572
>passed!
repetition: 14573
>passed!
repetition: 14574
>passed!
repetition: 14575
>passed!
repetition: 14576
>passed!
repetition: 14577
>passed!
repetition: 14578
>passed!
repetition: 14579
>passed!
repetition: 14580
>passed!
repetition: 14581
>passed!
repetition: 14582
>passed!
repetition: 14583
>passed!
repetition: 14584
>passed!
repetition: 14585
>passed!
repetition: 14586
>passed!
repetition: 14587
>passed!
repetition: 14588
>passed!
repetition: 14589
>passed!
repetition: 14590
>passed!
repetition: 14591
>passed!
repetition: 14592
>passed!
repetition: 14593
>passed!
repetition: 14594
>passed!
repetition: 14595
>passed!
repetition: 14596
>passed!
repetition: 14597
>passed!
repetition: 14598
>passed!
repetition: 14599
>passed!
repetition: 14600
>passed!
repetition: 14601
>passed!
repetition: 14602
>passed!
repetition: 14603
>passed!
repetition: 14604
>passed!
repetition: 14605
>passed!
repetition: 14606
>passed!
repetition: 14607
>passed!
repetition: 14608
>passed!
repetition: 14609
>passed!
repetition: 14610
>passed!
repetition: 14611
>passed!
repetition: 14612
>passed!
repetition: 14613
>passed!
repetition: 14614
>passed!
repetition: 14615
>passed!
repetition: 14616
>passed!
repetition: 14617
>passed!
repetition: 14618
>passed!
repetition: 14619
>passed!
repetition: 14620
>passed!
repetition: 14621
>passed!
repetition: 14622
>passed!
repetition: 14623
>passed!
repetition: 14624
>passed!
repetition: 14625
>passed!
repetition: 14626
>passed!
repetition: 14627
>passed!
repetition: 14628
>passed!
repetition: 14629
>passed!
repetition: 14630
>passed!
repetition: 14631
>passed!
repetition: 14632
>passed!
repetition: 14633
>passed!
repetition: 14634
>passed!
repetition: 14635
>passed!
repetition: 14636
>passed!
repetition: 14637
>passed!
repetition: 14638
>passed!
repetition: 14639
>passed!
repetition: 14640
>passed!
repetition: 14641
>passed!
repetition: 14642
>passed!
repetition: 14643
>passed!
repetition: 14644
>passed!
repetition: 14645
>passed!
repetition: 14646
>passed!
repetition: 14647
>passed!
repetition: 14648
>passed!
repetition: 14649
>passed!
repetition: 14650
>passed!
repetition: 14651
>passed!
repetition: 14652
>passed!
repetition: 14653
>passed!
repetition: 14654
>passed!
repetition: 14655
>passed!
repetition: 14656
>passed!
repetition: 14657
>passed!
repetition: 14658
>passed!
repetition: 14659
>passed!
repetition: 14660
>passed!
repetition: 14661
>passed!
repetition: 14662
>passed!
repetition: 14663
>passed!
repetition: 14664
>passed!
repetition: 14665
>passed!
repetition: 14666
>passed!
repetition: 14667
>passed!
repetition: 14668
>passed!
repetition: 14669
>passed!
repetition: 14670
>passed!
repetition: 14671
>passed!
repetition: 14672
>passed!
repetition: 14673
>passed!
repetition: 14674
>passed!
repetition: 14675
>passed!
repetition: 14676
>passed!
repetition: 14677
>passed!
repetition: 14678
>passed!
repetition: 14679
>passed!
repetition: 14680
>passed!
repetition: 14681
>passed!
repetition: 14682
>passed!
repetition: 14683
>passed!
repetition: 14684
>passed!
repetition: 14685
>passed!
repetition: 14686
>passed!
repetition: 14687
>passed!
repetition: 14688
>passed!
repetition: 14689
>passed!
repetition: 14690
>passed!
repetition: 14691
>passed!
repetition: 14692
>passed!
repetition: 14693
>passed!
repetition: 14694
>passed!
repetition: 14695
>passed!
repetition: 14696
>passed!
repetition: 14697
>passed!
repetition: 14698
>passed!
repetition: 14699
>passed!
repetition: 14700
>passed!
repetition: 14701
>passed!
repetition: 14702
>passed!
repetition: 14703
>passed!
repetition: 14704
>passed!
repetition: 14705
>passed!
repetition: 14706
>passed!
repetition: 14707
>passed!
repetition: 14708
>passed!
repetition: 14709
>passed!
repetition: 14710
>passed!
repetition: 14711
>passed!
repetition: 14712
>passed!
repetition: 14713
>passed!
repetition: 14714
>passed!
repetition: 14715
>passed!
repetition: 14716
>passed!
repetition: 14717
>passed!
repetition: 14718
>passed!
repetition: 14719
>passed!
repetition: 14720
>passed!
repetition: 14721
>passed!
repetition: 14722
>passed!
repetition: 14723
>passed!
repetition: 14724
>passed!
repetition: 14725
>passed!
repetition: 14726
>passed!
repetition: 14727
>passed!
repetition: 14728
>passed!
repetition: 14729
>passed!
repetition: 14730
>passed!
repetition: 14731
>passed!
repetition: 14732
>passed!
repetition: 14733
>passed!
repetition: 14734
>passed!
repetition: 14735
>passed!
repetition: 14736
>passed!
repetition: 14737
>passed!
repetition: 14738
>passed!
repetition: 14739
>passed!
repetition: 14740
>passed!
repetition: 14741
>passed!
repetition: 14742
>passed!
repetition: 14743
>passed!
repetition: 14744
>passed!
repetition: 14745
>passed!
repetition: 14746
>passed!
repetition: 14747
>passed!
repetition: 14748
>passed!
repetition: 14749
>passed!
repetition: 14750
>passed!
repetition: 14751
>passed!
repetition: 14752
>passed!
repetition: 14753
>passed!
repetition: 14754
>passed!
repetition: 14755
>passed!
repetition: 14756
>passed!
repetition: 14757
>passed!
repetition: 14758
>passed!
repetition: 14759
>passed!
repetition: 14760
>passed!
repetition: 14761
>passed!
repetition: 14762
>passed!
repetition: 14763
>passed!
repetition: 14764
>passed!
repetition: 14765
>passed!
repetition: 14766
>passed!
repetition: 14767
>passed!
repetition: 14768
>passed!
repetition: 14769
>passed!
repetition: 14770
>passed!
repetition: 14771
>passed!
repetition: 14772
>passed!
repetition: 14773
>passed!
repetition: 14774
>passed!
repetition: 14775
>passed!
repetition: 14776
>passed!
repetition: 14777
>passed!
repetition: 14778
>passed!
repetition: 14779
>passed!
repetition: 14780
>passed!
repetition: 14781
>passed!
repetition: 14782
>passed!
repetition: 14783
>passed!
repetition: 14784
>passed!
repetition: 14785
>passed!
repetition: 14786
>passed!
repetition: 14787
>passed!
repetition: 14788
>passed!
repetition: 14789
>passed!
repetition: 14790
>passed!
repetition: 14791
>passed!
repetition: 14792
>passed!
repetition: 14793
>passed!
repetition: 14794
>passed!
repetition: 14795
>passed!
repetition: 14796
>passed!
repetition: 14797
>passed!
repetition: 14798
>passed!
repetition: 14799
>passed!
repetition: 14800
>passed!
repetition: 14801
>passed!
repetition: 14802
>passed!
repetition: 14803
>passed!
repetition: 14804
>passed!
repetition: 14805
>passed!
repetition: 14806
>passed!
repetition: 14807
>passed!
repetition: 14808
>passed!
repetition: 14809
>passed!
repetition: 14810
>passed!
repetition: 14811
>passed!
repetition: 14812
>passed!
repetition: 14813
>passed!
repetition: 14814
>passed!
repetition: 14815
>passed!
repetition: 14816
>passed!
repetition: 14817
>passed!
repetition: 14818
>passed!
repetition: 14819
>passed!
repetition: 14820
>passed!
repetition: 14821
>passed!
repetition: 14822
>passed!
repetition: 14823
>passed!
repetition: 14824
>passed!
repetition: 14825
>passed!
repetition: 14826
>passed!
repetition: 14827
>passed!
repetition: 14828
>passed!
repetition: 14829
>passed!
repetition: 14830
>passed!
repetition: 14831
>passed!
repetition: 14832
>passed!
repetition: 14833
>passed!
repetition: 14834
>passed!
repetition: 14835
>passed!
repetition: 14836
>passed!
repetition: 14837
>passed!
repetition: 14838
>passed!
repetition: 14839
>passed!
repetition: 14840
>passed!
repetition: 14841
>passed!
repetition: 14842
>passed!
repetition: 14843
>passed!
repetition: 14844
>passed!
repetition: 14845
>passed!
repetition: 14846
>passed!
repetition: 14847
>passed!
repetition: 14848
>passed!
repetition: 14849
>passed!
repetition: 14850
>passed!
repetition: 14851
>passed!
repetition: 14852
>passed!
repetition: 14853
>passed!
repetition: 14854
>passed!
repetition: 14855
>passed!
repetition: 14856
>passed!
repetition: 14857
>passed!
repetition: 14858
>passed!
repetition: 14859
>passed!
repetition: 14860
>passed!
repetition: 14861
>passed!
repetition: 14862
>passed!
repetition: 14863
>passed!
repetition: 14864
>passed!
repetition: 14865
>passed!
repetition: 14866
>passed!
repetition: 14867
>passed!
repetition: 14868
>passed!
repetition: 14869
>passed!
repetition: 14870
>passed!
repetition: 14871
>passed!
repetition: 14872
>passed!
repetition: 14873
>passed!
repetition: 14874
>passed!
repetition: 14875
>passed!
repetition: 14876
>passed!
repetition: 14877
>passed!
repetition: 14878
>passed!
repetition: 14879
>passed!
repetition: 14880
>passed!
repetition: 14881
>passed!
repetition: 14882
>passed!
repetition: 14883
>passed!
repetition: 14884
>passed!
repetition: 14885
>passed!
repetition: 14886
>passed!
repetition: 14887
>passed!
repetition: 14888
>passed!
repetition: 14889
>passed!
repetition: 14890
>passed!
repetition: 14891
>passed!
repetition: 14892
>passed!
repetition: 14893
>passed!
repetition: 14894
>passed!
repetition: 14895
>passed!
repetition: 14896
>passed!
repetition: 14897
>passed!
repetition: 14898
>passed!
repetition: 14899
>passed!
repetition: 14900
>passed!
repetition: 14901
>passed!
repetition: 14902
>passed!
repetition: 14903
>passed!
repetition: 14904
>passed!
repetition: 14905
>passed!
repetition: 14906
>passed!
repetition: 14907
>passed!
repetition: 14908
>passed!
repetition: 14909
>passed!
repetition: 14910
>passed!
repetition: 14911
>passed!
repetition: 14912
>passed!
repetition: 14913
>passed!
repetition: 14914
>passed!
repetition: 14915
>passed!
repetition: 14916
>passed!
repetition: 14917
>passed!
repetition: 14918
>passed!
repetition: 14919
>passed!
repetition: 14920
>passed!
repetition: 14921
>passed!
repetition: 14922
>passed!
repetition: 14923
>passed!
repetition: 14924
>passed!
repetition: 14925
>passed!
repetition: 14926
>passed!
repetition: 14927
>passed!
repetition: 14928
>passed!
repetition: 14929
>passed!
repetition: 14930
>passed!
repetition: 14931
>passed!
repetition: 14932
>passed!
repetition: 14933
>passed!
repetition: 14934
>passed!
repetition: 14935
>passed!
repetition: 14936
>passed!
repetition: 14937
>passed!
repetition: 14938
>passed!
repetition: 14939
>passed!
repetition: 14940
>passed!
repetition: 14941
>passed!
repetition: 14942
>passed!
repetition: 14943
>passed!
repetition: 14944
>passed!
repetition: 14945
>passed!
repetition: 14946
>passed!
repetition: 14947
>passed!
repetition: 14948
>passed!
repetition: 14949
>passed!
repetition: 14950
>passed!
repetition: 14951
>passed!
repetition: 14952
>passed!
repetition: 14953
>passed!
repetition: 14954
>passed!
repetition: 14955
>passed!
repetition: 14956
>passed!
repetition: 14957
>passed!
repetition: 14958
>passed!
repetition: 14959
>passed!
repetition: 14960
>passed!
repetition: 14961
>passed!
repetition: 14962
>passed!
repetition: 14963
>passed!
repetition: 14964
>passed!
repetition: 14965
>passed!
repetition: 14966
>passed!
repetition: 14967
>passed!
repetition: 14968
>passed!
repetition: 14969
>passed!
repetition: 14970
>passed!
repetition: 14971
>passed!
repetition: 14972
>passed!
repetition: 14973
>passed!
repetition: 14974
>passed!
repetition: 14975
>passed!
repetition: 14976
>passed!
repetition: 14977
>passed!
repetition: 14978
>passed!
repetition: 14979
>passed!
repetition: 14980
>passed!
repetition: 14981
>passed!
repetition: 14982
>passed!
repetition: 14983
>passed!
repetition: 14984
>passed!
repetition: 14985
>passed!
repetition: 14986
>passed!
repetition: 14987
>passed!
repetition: 14988
>passed!
repetition: 14989
>passed!
repetition: 14990
>passed!
repetition: 14991
>passed!
repetition: 14992
>passed!
repetition: 14993
>passed!
repetition: 14994
>passed!
repetition: 14995
>passed!
repetition: 14996
>passed!
repetition: 14997
>passed!
repetition: 14998
>passed!
repetition: 14999
>passed!
repetition: 15000
>passed!
repetition: 15001
>passed!
repetition: 15002
>passed!
repetition: 15003
>passed!
repetition: 15004
>passed!
repetition: 15005
>passed!
repetition: 15006
>passed!
repetition: 15007
>passed!
repetition: 15008
>passed!
repetition: 15009
>passed!
repetition: 15010
>passed!
repetition: 15011
>passed!
repetition: 15012
>passed!
repetition: 15013
>passed!
repetition: 15014
>passed!
repetition: 15015
>passed!
repetition: 15016
>passed!
repetition: 15017
>passed!
repetition: 15018
>passed!
repetition: 15019
>passed!
repetition: 15020
>passed!
repetition: 15021
>passed!
repetition: 15022
>passed!
repetition: 15023
>passed!
repetition: 15024
>passed!
repetition: 15025
>passed!
repetition: 15026
>passed!
repetition: 15027
>passed!
repetition: 15028
>passed!
repetition: 15029
>passed!
repetition: 15030
>passed!
repetition: 15031
>passed!
repetition: 15032
>passed!
repetition: 15033
>passed!
repetition: 15034
>passed!
repetition: 15035
>passed!
repetition: 15036
>passed!
repetition: 15037
>passed!
repetition: 15038
>passed!
repetition: 15039
>passed!
repetition: 15040
>passed!
repetition: 15041
>passed!
repetition: 15042
>passed!
repetition: 15043
>passed!
repetition: 15044
>passed!
repetition: 15045
>passed!
repetition: 15046
>passed!
repetition: 15047
>passed!
repetition: 15048
>passed!
repetition: 15049
>passed!
repetition: 15050
>passed!
repetition: 15051
>passed!
repetition: 15052
>passed!
repetition: 15053
>passed!
repetition: 15054
>passed!
repetition: 15055
>passed!
repetition: 15056
>passed!
repetition: 15057
>passed!
repetition: 15058
>passed!
repetition: 15059
>passed!
repetition: 15060
>passed!
repetition: 15061
>passed!
repetition: 15062
>passed!
repetition: 15063
>passed!
repetition: 15064
>passed!
repetition: 15065
>passed!
repetition: 15066
>passed!
repetition: 15067
>passed!
repetition: 15068
>passed!
repetition: 15069
>passed!
repetition: 15070
>passed!
repetition: 15071
>passed!
repetition: 15072
>passed!
repetition: 15073
>passed!
repetition: 15074
>passed!
repetition: 15075
>passed!
repetition: 15076
>passed!
repetition: 15077
>passed!
repetition: 15078
>passed!
repetition: 15079
>passed!
repetition: 15080
>passed!
repetition: 15081
>passed!
repetition: 15082
>passed!
repetition: 15083
>passed!
repetition: 15084
>passed!
repetition: 15085
>passed!
repetition: 15086
>passed!
repetition: 15087
>passed!
repetition: 15088
>passed!
repetition: 15089
>passed!
repetition: 15090
>passed!
repetition: 15091
>passed!
repetition: 15092
>passed!
repetition: 15093
>passed!
repetition: 15094
>passed!
repetition: 15095
>passed!
repetition: 15096
>passed!
repetition: 15097
>passed!
repetition: 15098
>passed!
repetition: 15099
>passed!
repetition: 15100
>passed!
repetition: 15101
>passed!
repetition: 15102
>passed!
repetition: 15103
>passed!
repetition: 15104
>passed!
repetition: 15105
>passed!
repetition: 15106
>passed!
repetition: 15107
>passed!
repetition: 15108
>passed!
repetition: 15109
>passed!
repetition: 15110
>passed!
repetition: 15111
>passed!
repetition: 15112
>passed!
repetition: 15113
>passed!
repetition: 15114
>passed!
repetition: 15115
>passed!
repetition: 15116
>passed!
repetition: 15117
>passed!
repetition: 15118
>passed!
repetition: 15119
>passed!
repetition: 15120
>passed!
repetition: 15121
>passed!
repetition: 15122
>passed!
repetition: 15123
>passed!
repetition: 15124
>passed!
repetition: 15125
>passed!
repetition: 15126
>passed!
repetition: 15127
>passed!
repetition: 15128
>passed!
repetition: 15129
>passed!
repetition: 15130
>passed!
repetition: 15131
>passed!
repetition: 15132
>passed!
repetition: 15133
>passed!
repetition: 15134
>passed!
repetition: 15135
>passed!
repetition: 15136
>passed!
repetition: 15137
>passed!
repetition: 15138
>passed!
repetition: 15139
>passed!
repetition: 15140
>passed!
repetition: 15141
>passed!
repetition: 15142
>passed!
repetition: 15143
>passed!
repetition: 15144
>passed!
repetition: 15145
>passed!
repetition: 15146
>passed!
repetition: 15147
>passed!
repetition: 15148
>passed!
repetition: 15149
>passed!
repetition: 15150
>passed!
repetition: 15151
>passed!
repetition: 15152
>passed!
repetition: 15153
>passed!
repetition: 15154
>passed!
repetition: 15155
>passed!
repetition: 15156
>passed!
repetition: 15157
>passed!
repetition: 15158
>passed!
repetition: 15159
>passed!
repetition: 15160
>passed!
repetition: 15161
>passed!
repetition: 15162
>passed!
repetition: 15163
>passed!
repetition: 15164
>passed!
repetition: 15165
>passed!
repetition: 15166
>passed!
repetition: 15167
>passed!
repetition: 15168
>passed!
repetition: 15169
>passed!
repetition: 15170
>passed!
repetition: 15171
>passed!
repetition: 15172
>passed!
repetition: 15173
>passed!
repetition: 15174
>passed!
repetition: 15175
>passed!
repetition: 15176
>passed!
repetition: 15177
>passed!
repetition: 15178
>passed!
repetition: 15179
>passed!
repetition: 15180
>passed!
repetition: 15181
>passed!
repetition: 15182
>passed!
repetition: 15183
>passed!
repetition: 15184
>passed!
repetition: 15185
>passed!
repetition: 15186
>passed!
repetition: 15187
>passed!
repetition: 15188
>passed!
repetition: 15189
>passed!
repetition: 15190
>passed!
repetition: 15191
>passed!
repetition: 15192
>passed!
repetition: 15193
>passed!
repetition: 15194
>passed!
repetition: 15195
>passed!
repetition: 15196
>passed!
repetition: 15197
>passed!
repetition: 15198
>passed!
repetition: 15199
>passed!
repetition: 15200
>passed!
repetition: 15201
>passed!
repetition: 15202
>passed!
repetition: 15203
>passed!
repetition: 15204
>passed!
repetition: 15205
>passed!
repetition: 15206
>passed!
repetition: 15207
>passed!
repetition: 15208
>passed!
repetition: 15209
>passed!
repetition: 15210
>passed!
repetition: 15211
>passed!
repetition: 15212
>passed!
repetition: 15213
>passed!
repetition: 15214
>passed!
repetition: 15215
>passed!
repetition: 15216
>passed!
repetition: 15217
>passed!
repetition: 15218
>passed!
repetition: 15219
>passed!
repetition: 15220
>passed!
repetition: 15221
>passed!
repetition: 15222
>passed!
repetition: 15223
>passed!
repetition: 15224
>passed!
repetition: 15225
>passed!
repetition: 15226
>passed!
repetition: 15227
>passed!
repetition: 15228
>passed!
repetition: 15229
>passed!
repetition: 15230
>passed!
repetition: 15231
>passed!
repetition: 15232
>passed!
repetition: 15233
>passed!
repetition: 15234
>passed!
repetition: 15235
>passed!
repetition: 15236
>passed!
repetition: 15237
>passed!
repetition: 15238
>passed!
repetition: 15239
>passed!
repetition: 15240
>passed!
repetition: 15241
>passed!
repetition: 15242
>passed!
repetition: 15243
>passed!
repetition: 15244
>passed!
repetition: 15245
>passed!
repetition: 15246
>passed!
repetition: 15247
>passed!
repetition: 15248
>passed!
repetition: 15249
>passed!
repetition: 15250
>passed!
repetition: 15251
>passed!
repetition: 15252
>passed!
repetition: 15253
>passed!
repetition: 15254
>passed!
repetition: 15255
>passed!
repetition: 15256
>passed!
repetition: 15257
>passed!
repetition: 15258
>passed!
repetition: 15259
>passed!
repetition: 15260
>passed!
repetition: 15261
>passed!
repetition: 15262
>passed!
repetition: 15263
>passed!
repetition: 15264
>passed!
repetition: 15265
>passed!
repetition: 15266
>passed!
repetition: 15267
>passed!
repetition: 15268
>passed!
repetition: 15269
>passed!
repetition: 15270
>passed!
repetition: 15271
>passed!
repetition: 15272
>passed!
repetition: 15273
>passed!
repetition: 15274
>passed!
repetition: 15275
>passed!
repetition: 15276
>passed!
repetition: 15277
>passed!
repetition: 15278
>passed!
repetition: 15279
>passed!
repetition: 15280
>passed!
repetition: 15281
>passed!
repetition: 15282
>passed!
repetition: 15283
>passed!
repetition: 15284
>passed!
repetition: 15285
>passed!
repetition: 15286
>passed!
repetition: 15287
>passed!
repetition: 15288
>passed!
repetition: 15289
>passed!
repetition: 15290
>passed!
repetition: 15291
>passed!
repetition: 15292
>passed!
repetition: 15293
>passed!
repetition: 15294
>passed!
repetition: 15295
>passed!
repetition: 15296
>passed!
repetition: 15297
>passed!
repetition: 15298
>passed!
repetition: 15299
>passed!
repetition: 15300
>passed!
repetition: 15301
>passed!
repetition: 15302
>passed!
repetition: 15303
>passed!
repetition: 15304
>passed!
repetition: 15305
>passed!
repetition: 15306
>passed!
repetition: 15307
>passed!
repetition: 15308
>passed!
repetition: 15309
>passed!
repetition: 15310
>passed!
repetition: 15311
>passed!
repetition: 15312
>passed!
repetition: 15313
>passed!
repetition: 15314
>passed!
repetition: 15315
>passed!
repetition: 15316
>passed!
repetition: 15317
>passed!
repetition: 15318
>passed!
repetition: 15319
>passed!
repetition: 15320
>passed!
repetition: 15321
>passed!
repetition: 15322
>passed!
repetition: 15323
>passed!
repetition: 15324
>passed!
repetition: 15325
>passed!
repetition: 15326
>passed!
repetition: 15327
>passed!
repetition: 15328
>passed!
repetition: 15329
>passed!
repetition: 15330
>passed!
repetition: 15331
>passed!
repetition: 15332
>passed!
repetition: 15333
>passed!
repetition: 15334
>passed!
repetition: 15335
>passed!
repetition: 15336
>passed!
repetition: 15337
>passed!
repetition: 15338
>passed!
repetition: 15339
>passed!
repetition: 15340
>passed!
repetition: 15341
>passed!
repetition: 15342
>passed!
repetition: 15343
>passed!
repetition: 15344
>passed!
repetition: 15345
>passed!
repetition: 15346
>passed!
repetition: 15347
>passed!
repetition: 15348
>passed!
repetition: 15349
>passed!
repetition: 15350
>passed!
repetition: 15351
>passed!
repetition: 15352
>passed!
repetition: 15353
>passed!
repetition: 15354
>passed!
repetition: 15355
>passed!
repetition: 15356
>passed!
repetition: 15357
>passed!
repetition: 15358
>passed!
repetition: 15359
>passed!
repetition: 15360
>passed!
repetition: 15361
>passed!
repetition: 15362
>passed!
repetition: 15363
>passed!
repetition: 15364
>passed!
repetition: 15365
>passed!
repetition: 15366
>passed!
repetition: 15367
>passed!
repetition: 15368
>passed!
repetition: 15369
>passed!
repetition: 15370
>passed!
repetition: 15371
>passed!
repetition: 15372
>passed!
repetition: 15373
>passed!
repetition: 15374
>passed!
repetition: 15375
>passed!
repetition: 15376
>passed!
repetition: 15377
>passed!
repetition: 15378
>passed!
repetition: 15379
>passed!
repetition: 15380
>passed!
repetition: 15381
>passed!
repetition: 15382
>passed!
repetition: 15383
>passed!
repetition: 15384
>passed!
repetition: 15385
>passed!
repetition: 15386
>passed!
repetition: 15387
>passed!
repetition: 15388
>passed!
repetition: 15389
>passed!
repetition: 15390
>passed!
repetition: 15391
>passed!
repetition: 15392
>passed!
repetition: 15393
>passed!
repetition: 15394
>passed!
repetition: 15395
>passed!
repetition: 15396
>passed!
repetition: 15397
>passed!
repetition: 15398
>passed!
repetition: 15399
>passed!
repetition: 15400
>passed!
repetition: 15401
>passed!
repetition: 15402
>passed!
repetition: 15403
>passed!
repetition: 15404
>passed!
repetition: 15405
>passed!
repetition: 15406
>passed!
repetition: 15407
>passed!
repetition: 15408
>passed!
repetition: 15409
>passed!
repetition: 15410
>passed!
repetition: 15411
>passed!
repetition: 15412
>passed!
repetition: 15413
>passed!
repetition: 15414
>passed!
repetition: 15415
>passed!
repetition: 15416
>passed!
repetition: 15417
>passed!
repetition: 15418
>passed!
repetition: 15419
>passed!
repetition: 15420
>passed!
repetition: 15421
>passed!
repetition: 15422
>passed!
repetition: 15423
>passed!
repetition: 15424
>passed!
repetition: 15425
>passed!
repetition: 15426
>passed!
repetition: 15427
>passed!
repetition: 15428
>passed!
repetition: 15429
>passed!
repetition: 15430
>passed!
repetition: 15431
>passed!
repetition: 15432
>passed!
repetition: 15433
>passed!
repetition: 15434
>passed!
repetition: 15435
>passed!
repetition: 15436
>passed!
repetition: 15437
>passed!
repetition: 15438
>passed!
repetition: 15439
>passed!
repetition: 15440
>passed!
repetition: 15441
>passed!
repetition: 15442
>passed!
repetition: 15443
>passed!
repetition: 15444
>passed!
repetition: 15445
>passed!
repetition: 15446
>passed!
repetition: 15447
>passed!
repetition: 15448
>passed!
repetition: 15449
>passed!
repetition: 15450
>passed!
repetition: 15451
>passed!
repetition: 15452
>passed!
repetition: 15453
>passed!
repetition: 15454
>passed!
repetition: 15455
>passed!
repetition: 15456
>passed!
repetition: 15457
>passed!
repetition: 15458
>passed!
repetition: 15459
>passed!
repetition: 15460
>passed!
repetition: 15461
>passed!
repetition: 15462
>passed!
repetition: 15463
>passed!
repetition: 15464
>passed!
repetition: 15465
>passed!
repetition: 15466
>passed!
repetition: 15467
>passed!
repetition: 15468
>passed!
repetition: 15469
>passed!
repetition: 15470
>passed!
repetition: 15471
>passed!
repetition: 15472
>passed!
repetition: 15473
>passed!
repetition: 15474
>passed!
repetition: 15475
>passed!
repetition: 15476
>passed!
repetition: 15477
>passed!
repetition: 15478
>passed!
repetition: 15479
>passed!
repetition: 15480
>passed!
repetition: 15481
>passed!
repetition: 15482
>passed!
repetition: 15483
>passed!
repetition: 15484
>passed!
repetition: 15485
>passed!
repetition: 15486
>passed!
repetition: 15487
>passed!
repetition: 15488
>passed!
repetition: 15489
>passed!
repetition: 15490
>passed!
repetition: 15491
>passed!
repetition: 15492
>passed!
repetition: 15493
>passed!
repetition: 15494
>passed!
repetition: 15495
>passed!
repetition: 15496
>passed!
repetition: 15497
>passed!
repetition: 15498
>passed!
repetition: 15499
>passed!
repetition: 15500
>passed!
repetition: 15501
>passed!
repetition: 15502
>passed!
repetition: 15503
>passed!
repetition: 15504
>passed!
repetition: 15505
>passed!
repetition: 15506
>passed!
repetition: 15507
>passed!
repetition: 15508
>passed!
repetition: 15509
>passed!
repetition: 15510
>passed!
repetition: 15511
>passed!
repetition: 15512
>passed!
repetition: 15513
>passed!
repetition: 15514
>passed!
repetition: 15515
>passed!
repetition: 15516
>passed!
repetition: 15517
>passed!
repetition: 15518
>passed!
repetition: 15519
>passed!
repetition: 15520
>passed!
repetition: 15521
>passed!
repetition: 15522
>passed!
repetition: 15523
>passed!
repetition: 15524
>passed!
repetition: 15525
>passed!
repetition: 15526
>passed!
repetition: 15527
>passed!
repetition: 15528
>passed!
repetition: 15529
>passed!
repetition: 15530
>passed!
repetition: 15531
>passed!
repetition: 15532
>passed!
repetition: 15533
>passed!
repetition: 15534
>passed!
repetition: 15535
>passed!
repetition: 15536
>passed!
repetition: 15537
>passed!
repetition: 15538
>passed!
repetition: 15539
>passed!
repetition: 15540
>passed!
repetition: 15541
>passed!
repetition: 15542
>passed!
repetition: 15543
>passed!
repetition: 15544
>passed!
repetition: 15545
>passed!
repetition: 15546
>passed!
repetition: 15547
>passed!
repetition: 15548
>passed!
repetition: 15549
>passed!
repetition: 15550
>passed!
repetition: 15551
>passed!
repetition: 15552
>passed!
repetition: 15553
>passed!
repetition: 15554
>passed!
repetition: 15555
>passed!
repetition: 15556
>passed!
repetition: 15557
>passed!
repetition: 15558
>passed!
repetition: 15559
>passed!
repetition: 15560
>passed!
repetition: 15561
>passed!
repetition: 15562
>passed!
repetition: 15563
>passed!
repetition: 15564
>passed!
repetition: 15565
>passed!
repetition: 15566
>passed!
repetition: 15567
>passed!
repetition: 15568
>passed!
repetition: 15569
>passed!
repetition: 15570
>passed!
repetition: 15571
>passed!
repetition: 15572
>passed!
repetition: 15573
>passed!
repetition: 15574
>passed!
repetition: 15575
>passed!
repetition: 15576
>passed!
repetition: 15577
>passed!
repetition: 15578
>passed!
repetition: 15579
>passed!
repetition: 15580
>passed!
repetition: 15581
>passed!
repetition: 15582
>passed!
repetition: 15583
>passed!
repetition: 15584
>passed!
repetition: 15585
>passed!
repetition: 15586
>passed!
repetition: 15587
>passed!
repetition: 15588
>passed!
repetition: 15589
>passed!
repetition: 15590
>passed!
repetition: 15591
>passed!
repetition: 15592
>passed!
repetition: 15593
>passed!
repetition: 15594
>passed!
repetition: 15595
>passed!
repetition: 15596
>passed!
repetition: 15597
>passed!
repetition: 15598
>passed!
repetition: 15599
>passed!
repetition: 15600
>passed!
repetition: 15601
>passed!
repetition: 15602
>passed!
repetition: 15603
>passed!
repetition: 15604
>passed!
repetition: 15605
>passed!
repetition: 15606
>passed!
repetition: 15607
>passed!
repetition: 15608
>passed!
repetition: 15609
>passed!
repetition: 15610
>passed!
repetition: 15611
>passed!
repetition: 15612
>passed!
repetition: 15613
>passed!
repetition: 15614
>passed!
repetition: 15615
>passed!
repetition: 15616
>passed!
repetition: 15617
>passed!
repetition: 15618
>passed!
repetition: 15619
>passed!
repetition: 15620
>passed!
repetition: 15621
>passed!
repetition: 15622
>passed!
repetition: 15623
>passed!
repetition: 15624
>passed!
repetition: 15625
>passed!
repetition: 15626
>passed!
repetition: 15627
>passed!
repetition: 15628
>passed!
repetition: 15629
>passed!
repetition: 15630
>passed!
repetition: 15631
>passed!
repetition: 15632
>passed!
repetition: 15633
>passed!
repetition: 15634
>passed!
repetition: 15635
>passed!
repetition: 15636
>passed!
repetition: 15637
>passed!
repetition: 15638
>passed!
repetition: 15639
>passed!
repetition: 15640
>passed!
repetition: 15641
>passed!
repetition: 15642
>passed!
repetition: 15643
>passed!
repetition: 15644
>passed!
repetition: 15645
>passed!
repetition: 15646
>passed!
repetition: 15647
>passed!
repetition: 15648
>passed!
repetition: 15649
>passed!
repetition: 15650
>passed!
repetition: 15651
>passed!
repetition: 15652
>passed!
repetition: 15653
>passed!
repetition: 15654
>passed!
repetition: 15655
>passed!
repetition: 15656
>passed!
repetition: 15657
>passed!
repetition: 15658
>passed!
repetition: 15659
>passed!
repetition: 15660
>passed!
repetition: 15661
>passed!
repetition: 15662
>passed!
repetition: 15663
>passed!
repetition: 15664
>passed!
repetition: 15665
>passed!
repetition: 15666
>passed!
repetition: 15667
>passed!
repetition: 15668
>passed!
repetition: 15669
>passed!
repetition: 15670
>passed!
repetition: 15671
>passed!
repetition: 15672
>passed!
repetition: 15673
>passed!
repetition: 15674
>passed!
repetition: 15675
>passed!
repetition: 15676
>passed!
repetition: 15677
>passed!
repetition: 15678
>passed!
repetition: 15679
>passed!
repetition: 15680
>passed!
repetition: 15681
>passed!
repetition: 15682
>passed!
repetition: 15683
>passed!
repetition: 15684
>passed!
repetition: 15685
>passed!
repetition: 15686
>passed!
repetition: 15687
>passed!
repetition: 15688
>passed!
repetition: 15689
>passed!
repetition: 15690
>passed!
repetition: 15691
>passed!
repetition: 15692
>passed!
repetition: 15693
>passed!
repetition: 15694
>passed!
repetition: 15695
>passed!
repetition: 15696
>passed!
repetition: 15697
>passed!
repetition: 15698
>passed!
repetition: 15699
>passed!
repetition: 15700
>passed!
repetition: 15701
>passed!
repetition: 15702
>passed!
repetition: 15703
>passed!
repetition: 15704
>passed!
repetition: 15705
>passed!
repetition: 15706
>passed!
repetition: 15707
>passed!
repetition: 15708
>passed!
repetition: 15709
>passed!
repetition: 15710
>passed!
repetition: 15711
>passed!
repetition: 15712
>passed!
repetition: 15713
>passed!
repetition: 15714
>passed!
repetition: 15715
>passed!
repetition: 15716
>passed!
repetition: 15717
>passed!
repetition: 15718
>passed!
repetition: 15719
>passed!
repetition: 15720
>passed!
repetition: 15721
>passed!
repetition: 15722
>passed!
repetition: 15723
>passed!
repetition: 15724
>passed!
repetition: 15725
>passed!
repetition: 15726
>passed!
repetition: 15727
>passed!
repetition: 15728
>passed!
repetition: 15729
>passed!
repetition: 15730
>passed!
repetition: 15731
>passed!
repetition: 15732
>passed!
repetition: 15733
>passed!
repetition: 15734
>passed!
repetition: 15735
>passed!
repetition: 15736
>passed!
repetition: 15737
>passed!
repetition: 15738
>passed!
repetition: 15739
>passed!
repetition: 15740
>passed!
repetition: 15741
>passed!
repetition: 15742
>passed!
repetition: 15743
>passed!
repetition: 15744
>passed!
repetition: 15745
>passed!
repetition: 15746
>passed!
repetition: 15747
>passed!
repetition: 15748
>passed!
repetition: 15749
>passed!
repetition: 15750
>passed!
repetition: 15751
>passed!
repetition: 15752
>passed!
repetition: 15753
>passed!
repetition: 15754
>passed!
repetition: 15755
>passed!
repetition: 15756
>passed!
repetition: 15757
>passed!
repetition: 15758
>passed!
repetition: 15759
>passed!
repetition: 15760
>passed!
repetition: 15761
>passed!
repetition: 15762
>passed!
repetition: 15763
>passed!
repetition: 15764
>passed!
repetition: 15765
>passed!
repetition: 15766
>passed!
repetition: 15767
>passed!
repetition: 15768
>passed!
repetition: 15769
>passed!
repetition: 15770
>passed!
repetition: 15771
>passed!
repetition: 15772
>passed!
repetition: 15773
>passed!
repetition: 15774
>passed!
repetition: 15775
>passed!
repetition: 15776
>passed!
repetition: 15777
>passed!
repetition: 15778
>passed!
repetition: 15779
>passed!
repetition: 15780
>passed!
repetition: 15781
>passed!
repetition: 15782
>passed!
repetition: 15783
>passed!
repetition: 15784
>passed!
repetition: 15785
>passed!
repetition: 15786
>passed!
repetition: 15787
>passed!
repetition: 15788
>passed!
repetition: 15789
>passed!
repetition: 15790
>passed!
repetition: 15791
>passed!
repetition: 15792
>passed!
repetition: 15793
>passed!
repetition: 15794
>passed!
repetition: 15795
>passed!
repetition: 15796
>passed!
repetition: 15797
>passed!
repetition: 15798
>passed!
repetition: 15799
>passed!
repetition: 15800
>passed!
repetition: 15801
>passed!
repetition: 15802
>passed!
repetition: 15803
>passed!
repetition: 15804
>passed!
repetition: 15805
>passed!
repetition: 15806
>passed!
repetition: 15807
>passed!
repetition: 15808
>passed!
repetition: 15809
>passed!
repetition: 15810
>passed!
repetition: 15811
>passed!
repetition: 15812
>passed!
repetition: 15813
>passed!
repetition: 15814
>passed!
repetition: 15815
>passed!
repetition: 15816
>passed!
repetition: 15817
>passed!
repetition: 15818
>passed!
repetition: 15819
>passed!
repetition: 15820
>passed!
repetition: 15821
>passed!
repetition: 15822
>passed!
repetition: 15823
>passed!
repetition: 15824
>passed!
repetition: 15825
>passed!
repetition: 15826
>passed!
repetition: 15827
>passed!
repetition: 15828
>passed!
repetition: 15829
>passed!
repetition: 15830
>passed!
repetition: 15831
>passed!
repetition: 15832
>passed!
repetition: 15833
>passed!
repetition: 15834
>passed!
repetition: 15835
>passed!
repetition: 15836
>passed!
repetition: 15837
>passed!
repetition: 15838
>passed!
repetition: 15839
>passed!
repetition: 15840
>passed!
repetition: 15841
>passed!
repetition: 15842
>passed!
repetition: 15843
>passed!
repetition: 15844
>passed!
repetition: 15845
>passed!
repetition: 15846
>passed!
repetition: 15847
>passed!
repetition: 15848
>passed!
repetition: 15849
>passed!
repetition: 15850
>passed!
repetition: 15851
>passed!
repetition: 15852
>passed!
repetition: 15853
>passed!
repetition: 15854
>passed!
repetition: 15855
>passed!
repetition: 15856
>passed!
repetition: 15857
>passed!
repetition: 15858
>passed!
repetition: 15859
>passed!
repetition: 15860
>passed!
repetition: 15861
>passed!
repetition: 15862
>passed!
repetition: 15863
>passed!
repetition: 15864
>passed!
repetition: 15865
>passed!
repetition: 15866
>passed!
repetition: 15867
>passed!
repetition: 15868
>passed!
repetition: 15869
>passed!
repetition: 15870
>passed!
repetition: 15871
>passed!
repetition: 15872
>passed!
repetition: 15873
>passed!
repetition: 15874
>passed!
repetition: 15875
>passed!
repetition: 15876
>passed!
repetition: 15877
>passed!
repetition: 15878
>passed!
repetition: 15879
>passed!
repetition: 15880
>passed!
repetition: 15881
>passed!
repetition: 15882
>passed!
repetition: 15883
>passed!
repetition: 15884
>passed!
repetition: 15885
>passed!
repetition: 15886
>passed!
repetition: 15887
>passed!
repetition: 15888
>passed!
repetition: 15889
>passed!
repetition: 15890
>passed!
repetition: 15891
>passed!
repetition: 15892
>passed!
repetition: 15893
>passed!
repetition: 15894
>passed!
repetition: 15895
>passed!
repetition: 15896
>passed!
repetition: 15897
>passed!
repetition: 15898
>passed!
repetition: 15899
>passed!
repetition: 15900
>passed!
repetition: 15901
>passed!
repetition: 15902
>passed!
repetition: 15903
>passed!
repetition: 15904
>passed!
repetition: 15905
>passed!
repetition: 15906
>passed!
repetition: 15907
>passed!
repetition: 15908
>passed!
repetition: 15909
>passed!
repetition: 15910
>passed!
repetition: 15911
>passed!
repetition: 15912
>passed!
repetition: 15913
>passed!
repetition: 15914
>passed!
repetition: 15915
>passed!
repetition: 15916
>passed!
repetition: 15917
>passed!
repetition: 15918
>passed!
repetition: 15919
>passed!
repetition: 15920
>passed!
repetition: 15921
>passed!
repetition: 15922
>passed!
repetition: 15923
>passed!
repetition: 15924
>passed!
repetition: 15925
>passed!
repetition: 15926
>passed!
repetition: 15927
>passed!
repetition: 15928
>passed!
repetition: 15929
>passed!
repetition: 15930
>passed!
repetition: 15931
>passed!
repetition: 15932
>passed!
repetition: 15933
>passed!
repetition: 15934
>passed!
repetition: 15935
>passed!
repetition: 15936
>passed!
repetition: 15937
>passed!
repetition: 15938
>passed!
repetition: 15939
>passed!
repetition: 15940
>passed!
repetition: 15941
>passed!
repetition: 15942
>passed!
repetition: 15943
>passed!
repetition: 15944
>passed!
repetition: 15945
>passed!
repetition: 15946
>passed!
repetition: 15947
>passed!
repetition: 15948
>passed!
repetition: 15949
>passed!
repetition: 15950
>passed!
repetition: 15951
>passed!
repetition: 15952
>passed!
repetition: 15953
>passed!
repetition: 15954
>passed!
repetition: 15955
>passed!
repetition: 15956
>passed!
repetition: 15957
>passed!
repetition: 15958
>passed!
repetition: 15959
>passed!
repetition: 15960
>passed!
repetition: 15961
>passed!
repetition: 15962
>passed!
repetition: 15963
>passed!
repetition: 15964
>passed!
repetition: 15965
>passed!
repetition: 15966
>passed!
repetition: 15967
>passed!
repetition: 15968
>passed!
repetition: 15969
>passed!
repetition: 15970
>passed!
repetition: 15971
>passed!
repetition: 15972
>passed!
repetition: 15973
>passed!
repetition: 15974
>passed!
repetition: 15975
>passed!
repetition: 15976
>passed!
repetition: 15977
>passed!
repetition: 15978
>passed!
repetition: 15979
>passed!
repetition: 15980
>passed!
repetition: 15981
>passed!
repetition: 15982
>passed!
repetition: 15983
>passed!
repetition: 15984
>passed!
repetition: 15985
>passed!
repetition: 15986
>passed!
repetition: 15987
>passed!
repetition: 15988
>passed!
repetition: 15989
>passed!
repetition: 15990
>passed!
repetition: 15991
>passed!
repetition: 15992
>passed!
repetition: 15993
>passed!
repetition: 15994
>passed!
repetition: 15995
>passed!
repetition: 15996
>passed!
repetition: 15997
>passed!
repetition: 15998
>passed!
repetition: 15999
>passed!
repetition: 16000
>passed!
repetition: 16001
>passed!
repetition: 16002
>passed!
repetition: 16003
>passed!
repetition: 16004
>passed!
repetition: 16005
>passed!
repetition: 16006
>passed!
repetition: 16007
>passed!
repetition: 16008
>passed!
repetition: 16009
>passed!
repetition: 16010
>passed!
repetition: 16011
>passed!
repetition: 16012
>passed!
repetition: 16013
>passed!
repetition: 16014
>passed!
repetition: 16015
>passed!
repetition: 16016
>passed!
repetition: 16017
>passed!
repetition: 16018
>passed!
repetition: 16019
>passed!
repetition: 16020
>passed!
repetition: 16021
>passed!
repetition: 16022
>passed!
repetition: 16023
>passed!
repetition: 16024
>passed!
repetition: 16025
>passed!
repetition: 16026
>passed!
repetition: 16027
>passed!
repetition: 16028
>passed!
repetition: 16029
>passed!
repetition: 16030
>passed!
repetition: 16031
>passed!
repetition: 16032
>passed!
repetition: 16033
>passed!
repetition: 16034
>passed!
repetition: 16035
>passed!
repetition: 16036
>passed!
repetition: 16037
>passed!
repetition: 16038
>passed!
repetition: 16039
>passed!
repetition: 16040
>passed!
repetition: 16041
>passed!
repetition: 16042
>passed!
repetition: 16043
>passed!
repetition: 16044
>passed!
repetition: 16045
>passed!
repetition: 16046
>passed!
repetition: 16047
>passed!
repetition: 16048
>passed!
repetition: 16049
>passed!
repetition: 16050
>passed!
repetition: 16051
>passed!
repetition: 16052
>passed!
repetition: 16053
>passed!
repetition: 16054
>passed!
repetition: 16055
>passed!
repetition: 16056
>passed!
repetition: 16057
>passed!
repetition: 16058
>passed!
repetition: 16059
>passed!
repetition: 16060
>passed!
repetition: 16061
>passed!
repetition: 16062
>passed!
repetition: 16063
>passed!
repetition: 16064
>passed!
repetition: 16065
>passed!
repetition: 16066
>passed!
repetition: 16067
>passed!
repetition: 16068
>passed!
repetition: 16069
>passed!
repetition: 16070
>passed!
repetition: 16071
>passed!
repetition: 16072
>passed!
repetition: 16073
>passed!
repetition: 16074
>passed!
repetition: 16075
>passed!
repetition: 16076
>passed!
repetition: 16077
>passed!
repetition: 16078
>passed!
repetition: 16079
>passed!
repetition: 16080
>passed!
repetition: 16081
>passed!
repetition: 16082
>passed!
repetition: 16083
>passed!
repetition: 16084
>passed!
repetition: 16085
>passed!
repetition: 16086
>passed!
repetition: 16087
>passed!
repetition: 16088
>passed!
repetition: 16089
>passed!
repetition: 16090
>passed!
repetition: 16091
>passed!
repetition: 16092
>passed!
repetition: 16093
>passed!
repetition: 16094
>passed!
repetition: 16095
>passed!
repetition: 16096
>passed!
repetition: 16097
>passed!
repetition: 16098
>passed!
repetition: 16099
>passed!
repetition: 16100
>passed!
repetition: 16101
>passed!
repetition: 16102
>passed!
repetition: 16103
>passed!
repetition: 16104
>passed!
repetition: 16105
>passed!
repetition: 16106
>passed!
repetition: 16107
>passed!
repetition: 16108
>passed!
repetition: 16109
>passed!
repetition: 16110
>passed!
repetition: 16111
>passed!
repetition: 16112
>passed!
repetition: 16113
>passed!
repetition: 16114
>passed!
repetition: 16115
>passed!
repetition: 16116
>passed!
repetition: 16117
>passed!
repetition: 16118
>passed!
repetition: 16119
>passed!
repetition: 16120
>passed!
repetition: 16121
>passed!
repetition: 16122
>passed!
repetition: 16123
>passed!
repetition: 16124
>passed!
repetition: 16125
>passed!
repetition: 16126
>passed!
repetition: 16127
>passed!
repetition: 16128
>passed!
repetition: 16129
>passed!
repetition: 16130
>passed!
repetition: 16131
>passed!
repetition: 16132
>passed!
repetition: 16133
>passed!
repetition: 16134
>passed!
repetition: 16135
>passed!
repetition: 16136
>passed!
repetition: 16137
>passed!
repetition: 16138
>passed!
repetition: 16139
>passed!
repetition: 16140
>passed!
repetition: 16141
>passed!
repetition: 16142
>passed!
repetition: 16143
>passed!
repetition: 16144
>passed!
repetition: 16145
>passed!
repetition: 16146
>passed!
repetition: 16147
>passed!
repetition: 16148
>passed!
repetition: 16149
>passed!
repetition: 16150
>passed!
repetition: 16151
>passed!
repetition: 16152
>passed!
repetition: 16153
>passed!
repetition: 16154
>passed!
repetition: 16155
>passed!
repetition: 16156
>passed!
repetition: 16157
>passed!
repetition: 16158
>passed!
repetition: 16159
>passed!
repetition: 16160
>passed!
repetition: 16161
>passed!
repetition: 16162
>passed!
repetition: 16163
>passed!
repetition: 16164
>passed!
repetition: 16165
>passed!
repetition: 16166
>passed!
repetition: 16167
>passed!
repetition: 16168
>passed!
repetition: 16169
>passed!
repetition: 16170
>passed!
repetition: 16171
>passed!
repetition: 16172
>passed!
repetition: 16173
>passed!
repetition: 16174
>passed!
repetition: 16175
>passed!
repetition: 16176
>passed!
repetition: 16177
>passed!
repetition: 16178
>passed!
repetition: 16179
>passed!
repetition: 16180
>passed!
repetition: 16181
>passed!
repetition: 16182
>passed!
repetition: 16183
>passed!
repetition: 16184
>passed!
repetition: 16185
>passed!
repetition: 16186
>passed!
repetition: 16187
>passed!
repetition: 16188
>passed!
repetition: 16189
>passed!
repetition: 16190
>passed!
repetition: 16191
>passed!
repetition: 16192
>passed!
repetition: 16193
>passed!
repetition: 16194
>passed!
repetition: 16195
>passed!
repetition: 16196
>passed!
repetition: 16197
>passed!
repetition: 16198
>passed!
repetition: 16199
>passed!
repetition: 16200
>passed!
repetition: 16201
>passed!
repetition: 16202
>passed!
repetition: 16203
>passed!
repetition: 16204
>passed!
repetition: 16205
>passed!
repetition: 16206
>passed!
repetition: 16207
>passed!
repetition: 16208
>passed!
repetition: 16209
>passed!
repetition: 16210
>passed!
repetition: 16211
>passed!
repetition: 16212
>passed!
repetition: 16213
>passed!
repetition: 16214
>passed!
repetition: 16215
>passed!
repetition: 16216
>passed!
repetition: 16217
>passed!
repetition: 16218
>passed!
repetition: 16219
>passed!
repetition: 16220
>passed!
repetition: 16221
>passed!
repetition: 16222
>passed!
repetition: 16223
>passed!
repetition: 16224
>passed!
repetition: 16225
>passed!
repetition: 16226
>passed!
repetition: 16227
>passed!
repetition: 16228
>passed!
repetition: 16229
>passed!
repetition: 16230
>passed!
repetition: 16231
>passed!
repetition: 16232
>passed!
repetition: 16233
>passed!
repetition: 16234
>passed!
repetition: 16235
>passed!
repetition: 16236
>passed!
repetition: 16237
>passed!
repetition: 16238
>passed!
repetition: 16239
>passed!
repetition: 16240
>passed!
repetition: 16241
>passed!
repetition: 16242
>passed!
repetition: 16243
>passed!
repetition: 16244
>passed!
repetition: 16245
>passed!
repetition: 16246
>passed!
repetition: 16247
>passed!
repetition: 16248
>passed!
repetition: 16249
>passed!
repetition: 16250
>passed!
repetition: 16251
>passed!
repetition: 16252
>passed!
repetition: 16253
>passed!
repetition: 16254
>passed!
repetition: 16255
>passed!
repetition: 16256
>passed!
repetition: 16257
>passed!
repetition: 16258
>passed!
repetition: 16259
>passed!
repetition: 16260
>passed!
repetition: 16261
>passed!
repetition: 16262
>passed!
repetition: 16263
>passed!
repetition: 16264
>passed!
repetition: 16265
>passed!
repetition: 16266
>passed!
repetition: 16267
>passed!
repetition: 16268
>passed!
repetition: 16269
>passed!
repetition: 16270
>passed!
repetition: 16271
>passed!
repetition: 16272
>passed!
repetition: 16273
>passed!
repetition: 16274
>passed!
repetition: 16275
>passed!
repetition: 16276
>passed!
repetition: 16277
>passed!
repetition: 16278
>passed!
repetition: 16279
>passed!
repetition: 16280
>passed!
repetition: 16281
>passed!
repetition: 16282
>passed!
repetition: 16283
>passed!
repetition: 16284
>passed!
repetition: 16285
>passed!
repetition: 16286
>passed!
repetition: 16287
>passed!
repetition: 16288
>passed!
repetition: 16289
>passed!
repetition: 16290
>passed!
repetition: 16291
>passed!
repetition: 16292
>passed!
repetition: 16293
>passed!
repetition: 16294
>passed!
repetition: 16295
>passed!
repetition: 16296
>passed!
repetition: 16297
>passed!
repetition: 16298
>passed!
repetition: 16299
>passed!
repetition: 16300
>passed!
repetition: 16301
>passed!
repetition: 16302
>passed!
repetition: 16303
>passed!
repetition: 16304
>passed!
repetition: 16305
>passed!
repetition: 16306
>passed!
repetition: 16307
>passed!
repetition: 16308
>passed!
repetition: 16309
>passed!
repetition: 16310
>passed!
repetition: 16311
>passed!
repetition: 16312
>passed!
repetition: 16313
>passed!
repetition: 16314
>passed!
repetition: 16315
>passed!
repetition: 16316
>passed!
repetition: 16317
>passed!
repetition: 16318
>passed!
repetition: 16319
>passed!
repetition: 16320
>passed!
repetition: 16321
>passed!
repetition: 16322
>passed!
repetition: 16323
>passed!
repetition: 16324
>passed!
repetition: 16325
>passed!
repetition: 16326
>passed!
repetition: 16327
>passed!
repetition: 16328
>passed!
repetition: 16329
>passed!
repetition: 16330
>passed!
repetition: 16331
>passed!
repetition: 16332
>passed!
repetition: 16333
>passed!
repetition: 16334
>passed!
repetition: 16335
>passed!
repetition: 16336
>passed!
repetition: 16337
>passed!
repetition: 16338
>passed!
repetition: 16339
>passed!
repetition: 16340
>passed!
repetition: 16341
>passed!
repetition: 16342
>passed!
repetition: 16343
>passed!
repetition: 16344
>passed!
repetition: 16345
>passed!
repetition: 16346
>passed!
repetition: 16347
>passed!
repetition: 16348
>passed!
repetition: 16349
>passed!
repetition: 16350
>passed!
repetition: 16351
>passed!
repetition: 16352
>passed!
repetition: 16353
>passed!
repetition: 16354
>passed!
repetition: 16355
>passed!
repetition: 16356
>passed!
repetition: 16357
>passed!
repetition: 16358
>passed!
repetition: 16359
>passed!
repetition: 16360
>passed!
repetition: 16361
>passed!
repetition: 16362
>passed!
repetition: 16363
>passed!
repetition: 16364
>passed!
repetition: 16365
>passed!
repetition: 16366
>passed!
repetition: 16367
>passed!
repetition: 16368
>passed!
repetition: 16369
>passed!
repetition: 16370
>passed!
repetition: 16371
>passed!
repetition: 16372
>passed!
repetition: 16373
>passed!
repetition: 16374
>passed!
repetition: 16375
>passed!
repetition: 16376
>passed!
repetition: 16377
>passed!
repetition: 16378
>passed!
repetition: 16379
>passed!
repetition: 16380
>passed!
repetition: 16381
>passed!
repetition: 16382
>passed!
repetition: 16383
>passed!
repetition: 16384
>passed!
repetition: 16385
>passed!
repetition: 16386
>passed!
repetition: 16387
>passed!
repetition: 16388
>passed!
repetition: 16389
>passed!
repetition: 16390
>passed!
repetition: 16391
>passed!
repetition: 16392
>passed!
repetition: 16393
>passed!
repetition: 16394
>passed!
repetition: 16395
>passed!
repetition: 16396
>passed!
repetition: 16397
>passed!
repetition: 16398
>passed!
repetition: 16399
>passed!
repetition: 16400
>passed!
repetition: 16401
>passed!
repetition: 16402
>passed!
repetition: 16403
>passed!
repetition: 16404
>passed!
repetition: 16405
>passed!
repetition: 16406
>passed!
repetition: 16407
>passed!
repetition: 16408
>passed!
repetition: 16409
>passed!
repetition: 16410
>passed!
repetition: 16411
>passed!
repetition: 16412
>passed!
repetition: 16413
>passed!
repetition: 16414
>passed!
repetition: 16415
>passed!
repetition: 16416
>passed!
repetition: 16417
>passed!
repetition: 16418
>passed!
repetition: 16419
>passed!
repetition: 16420
>passed!
repetition: 16421
>passed!
repetition: 16422
>passed!
repetition: 16423
>passed!
repetition: 16424
>passed!
repetition: 16425
>passed!
repetition: 16426
>passed!
repetition: 16427
>passed!
repetition: 16428
>passed!
repetition: 16429
>passed!
repetition: 16430
>passed!
repetition: 16431
>passed!
repetition: 16432
>passed!
repetition: 16433
>passed!
repetition: 16434
>passed!
repetition: 16435
>passed!
repetition: 16436
>passed!
repetition: 16437
>passed!
repetition: 16438
>passed!
repetition: 16439
>passed!
repetition: 16440
>passed!
repetition: 16441
>passed!
repetition: 16442
>passed!
repetition: 16443
>passed!
repetition: 16444
>passed!
repetition: 16445
>passed!
repetition: 16446
>passed!
repetition: 16447
>passed!
repetition: 16448
>passed!
repetition: 16449
>passed!
repetition: 16450
>passed!
repetition: 16451
>passed!
repetition: 16452
>passed!
repetition: 16453
>passed!
repetition: 16454
>passed!
repetition: 16455
>passed!
repetition: 16456
>passed!
repetition: 16457
>passed!
repetition: 16458
>passed!
repetition: 16459
>passed!
repetition: 16460
>passed!
repetition: 16461
>passed!
repetition: 16462
>passed!
repetition: 16463
>passed!
repetition: 16464
>passed!
repetition: 16465
>passed!
repetition: 16466
>passed!
repetition: 16467
>passed!
repetition: 16468
>passed!
repetition: 16469
>passed!
repetition: 16470
>passed!
repetition: 16471
>passed!
repetition: 16472
>passed!
repetition: 16473
>passed!
repetition: 16474
>passed!
repetition: 16475
>passed!
repetition: 16476
>passed!
repetition: 16477
>passed!
repetition: 16478
>passed!
repetition: 16479
>passed!
repetition: 16480
>passed!
repetition: 16481
>passed!
repetition: 16482
>passed!
repetition: 16483
>passed!
repetition: 16484
>passed!
repetition: 16485
>passed!
repetition: 16486
>passed!
repetition: 16487
>passed!
repetition: 16488
>passed!
repetition: 16489
>passed!
repetition: 16490
>passed!
repetition: 16491
>passed!
repetition: 16492
>passed!
repetition: 16493
>passed!
repetition: 16494
>passed!
repetition: 16495
>passed!
repetition: 16496
>passed!
repetition: 16497
>passed!
repetition: 16498
>passed!
repetition: 16499
>passed!
repetition: 16500
>passed!
repetition: 16501
>passed!
repetition: 16502
>passed!
repetition: 16503
>passed!
repetition: 16504
>passed!
repetition: 16505
>passed!
repetition: 16506
>passed!
repetition: 16507
>passed!
repetition: 16508
>passed!
repetition: 16509
>passed!
repetition: 16510
>passed!
repetition: 16511
>passed!
repetition: 16512
>passed!
repetition: 16513
>passed!
repetition: 16514
>passed!
repetition: 16515
>passed!
repetition: 16516
>passed!
repetition: 16517
>passed!
repetition: 16518
>passed!
repetition: 16519
>passed!
repetition: 16520
>passed!
repetition: 16521
>passed!
repetition: 16522
>passed!
repetition: 16523
>passed!
repetition: 16524
>passed!
repetition: 16525
>passed!
repetition: 16526
>passed!
repetition: 16527
>passed!
repetition: 16528
>passed!
repetition: 16529
>passed!
repetition: 16530
>passed!
repetition: 16531
>passed!
repetition: 16532
>passed!
repetition: 16533
>passed!
repetition: 16534
>passed!
repetition: 16535
>passed!
repetition: 16536
>passed!
repetition: 16537
>passed!
repetition: 16538
>passed!
repetition: 16539
>passed!
repetition: 16540
>passed!
repetition: 16541
>passed!
repetition: 16542
>passed!
repetition: 16543
>passed!
repetition: 16544
>passed!
repetition: 16545
>passed!
repetition: 16546
>passed!
repetition: 16547
>passed!
repetition: 16548
>passed!
repetition: 16549
>passed!
repetition: 16550
>passed!
repetition: 16551
>passed!
repetition: 16552
>passed!
repetition: 16553
>passed!
repetition: 16554
>passed!
repetition: 16555
>passed!
repetition: 16556
>passed!
repetition: 16557
>passed!
repetition: 16558
>passed!
repetition: 16559
>passed!
repetition: 16560
>passed!
repetition: 16561
>passed!
repetition: 16562
>passed!
repetition: 16563
>passed!
repetition: 16564
>passed!
repetition: 16565
>passed!
repetition: 16566
>passed!
repetition: 16567
>passed!
repetition: 16568
>passed!
repetition: 16569
>passed!
repetition: 16570
>passed!
repetition: 16571
>passed!
repetition: 16572
>passed!
repetition: 16573
>passed!
repetition: 16574
>passed!
repetition: 16575
>passed!
repetition: 16576
>passed!
repetition: 16577
>passed!
repetition: 16578
>passed!
repetition: 16579
>passed!
repetition: 16580
>passed!
repetition: 16581
>passed!
repetition: 16582
>passed!
repetition: 16583
>passed!
repetition: 16584
>passed!
repetition: 16585
>passed!
repetition: 16586
>passed!
repetition: 16587
>passed!
repetition: 16588
>passed!
repetition: 16589
>passed!
repetition: 16590
>passed!
repetition: 16591
>passed!
repetition: 16592
>passed!
repetition: 16593
>passed!
repetition: 16594
>passed!
repetition: 16595
>passed!
repetition: 16596
>passed!
repetition: 16597
>passed!
repetition: 16598
>passed!
repetition: 16599
>passed!
repetition: 16600
>passed!
repetition: 16601
>passed!
repetition: 16602
>passed!
repetition: 16603
>passed!
repetition: 16604
>passed!
repetition: 16605
>passed!
repetition: 16606
>passed!
repetition: 16607
>passed!
repetition: 16608
>passed!
repetition: 16609
>passed!
repetition: 16610
>passed!
repetition: 16611
>passed!
repetition: 16612
>passed!
repetition: 16613
>passed!
repetition: 16614
>passed!
repetition: 16615
>passed!
repetition: 16616
>passed!
repetition: 16617
>passed!
repetition: 16618
>passed!
repetition: 16619
>passed!
repetition: 16620
>passed!
repetition: 16621
>passed!
repetition: 16622
>passed!
repetition: 16623
>passed!
repetition: 16624
>passed!
repetition: 16625
>passed!
repetition: 16626
>passed!
repetition: 16627
>passed!
repetition: 16628
>passed!
repetition: 16629
>passed!
repetition: 16630
>passed!
repetition: 16631
>passed!
repetition: 16632
>passed!
repetition: 16633
>passed!
repetition: 16634
>passed!
repetition: 16635
>passed!
repetition: 16636
>passed!
repetition: 16637
>passed!
repetition: 16638
>passed!
repetition: 16639
>passed!
repetition: 16640
>passed!
repetition: 16641
>passed!
repetition: 16642
>passed!
repetition: 16643
>passed!
repetition: 16644
>passed!
repetition: 16645
>passed!
repetition: 16646
>passed!
repetition: 16647
>passed!
repetition: 16648
>passed!
repetition: 16649
>passed!
repetition: 16650
>passed!
repetition: 16651
>passed!
repetition: 16652
>passed!
repetition: 16653
>passed!
repetition: 16654
>passed!
repetition: 16655
>passed!
repetition: 16656
>passed!
repetition: 16657
>passed!
repetition: 16658
>passed!
repetition: 16659
>passed!
repetition: 16660
>passed!
repetition: 16661
>passed!
repetition: 16662
>passed!
repetition: 16663
>passed!
repetition: 16664
>passed!
repetition: 16665
>passed!
repetition: 16666
>passed!
repetition: 16667
>passed!
repetition: 16668
>passed!
repetition: 16669
>passed!
repetition: 16670
>passed!
repetition: 16671
>passed!
repetition: 16672
>passed!
repetition: 16673
>passed!
repetition: 16674
>passed!
repetition: 16675
>passed!
repetition: 16676
>passed!
repetition: 16677
>passed!
repetition: 16678
>passed!
repetition: 16679
>passed!
repetition: 16680
>passed!
repetition: 16681
>passed!
repetition: 16682
>passed!
repetition: 16683
>passed!
repetition: 16684
>passed!
repetition: 16685
>passed!
repetition: 16686
>passed!
repetition: 16687
>passed!
repetition: 16688
>passed!
repetition: 16689
>passed!
repetition: 16690
>passed!
repetition: 16691
>passed!
repetition: 16692
>passed!
repetition: 16693
>passed!
repetition: 16694
>passed!
repetition: 16695
>passed!
repetition: 16696
>passed!
repetition: 16697
>passed!
repetition: 16698
>passed!
repetition: 16699
>passed!
repetition: 16700
>passed!
repetition: 16701
>passed!
repetition: 16702
>passed!
repetition: 16703
>passed!
repetition: 16704
>passed!
repetition: 16705
>passed!
repetition: 16706
>passed!
repetition: 16707
>passed!
repetition: 16708
>passed!
repetition: 16709
>passed!
repetition: 16710
>passed!
repetition: 16711
>passed!
repetition: 16712
>passed!
repetition: 16713
>passed!
repetition: 16714
>passed!
repetition: 16715
>passed!
repetition: 16716
>passed!
repetition: 16717
>passed!
repetition: 16718
>passed!
repetition: 16719
>passed!
repetition: 16720
>passed!
repetition: 16721
>passed!
repetition: 16722
>passed!
repetition: 16723
>passed!
repetition: 16724
>passed!
repetition: 16725
>passed!
repetition: 16726
>passed!
repetition: 16727
>passed!
repetition: 16728
>passed!
repetition: 16729
>passed!
repetition: 16730
>passed!
repetition: 16731
>passed!
repetition: 16732
>passed!
repetition: 16733
>passed!
repetition: 16734
>passed!
repetition: 16735
>passed!
repetition: 16736
>passed!
repetition: 16737
>passed!
repetition: 16738
>passed!
repetition: 16739
>passed!
repetition: 16740
>passed!
repetition: 16741
>passed!
repetition: 16742
>passed!
repetition: 16743
>passed!
repetition: 16744
>passed!
repetition: 16745
>passed!
repetition: 16746
>passed!
repetition: 16747
>passed!
repetition: 16748
>passed!
repetition: 16749
>passed!
repetition: 16750
>passed!
repetition: 16751
>passed!
repetition: 16752
>passed!
repetition: 16753
>passed!
repetition: 16754
>passed!
repetition: 16755
>passed!
repetition: 16756
>passed!
repetition: 16757
>passed!
repetition: 16758
>passed!
repetition: 16759
>passed!
repetition: 16760
>passed!
repetition: 16761
>passed!
repetition: 16762
>passed!
repetition: 16763
>passed!
repetition: 16764
>passed!
repetition: 16765
>passed!
repetition: 16766
>passed!
repetition: 16767
>passed!
repetition: 16768
>passed!
repetition: 16769
>passed!
repetition: 16770
>passed!
repetition: 16771
>passed!
repetition: 16772
>passed!
repetition: 16773
>passed!
repetition: 16774
>passed!
repetition: 16775
>passed!
repetition: 16776
>passed!
repetition: 16777
>passed!
repetition: 16778
>passed!
repetition: 16779
>passed!
repetition: 16780
>passed!
repetition: 16781
>passed!
repetition: 16782
>passed!
repetition: 16783
>passed!
repetition: 16784
>passed!
repetition: 16785
>passed!
repetition: 16786
>passed!
repetition: 16787
>passed!
repetition: 16788
>passed!
repetition: 16789
>passed!
repetition: 16790
>passed!
repetition: 16791
>passed!
repetition: 16792
>passed!
repetition: 16793
>passed!
repetition: 16794
>passed!
repetition: 16795
>passed!
repetition: 16796
>passed!
repetition: 16797
>passed!
repetition: 16798
>passed!
repetition: 16799
>passed!
repetition: 16800
>passed!
repetition: 16801
>passed!
repetition: 16802
>passed!
repetition: 16803
>passed!
repetition: 16804
>passed!
repetition: 16805
>passed!
repetition: 16806
>passed!
repetition: 16807
>passed!
repetition: 16808
>passed!
repetition: 16809
>passed!
repetition: 16810
>passed!
repetition: 16811
>passed!
repetition: 16812
>passed!
repetition: 16813
>passed!
repetition: 16814
>passed!
repetition: 16815
>passed!
repetition: 16816
>passed!
repetition: 16817
>passed!
repetition: 16818
>passed!
repetition: 16819
>passed!
repetition: 16820
>passed!
repetition: 16821
>passed!
repetition: 16822
>passed!
repetition: 16823
>passed!
repetition: 16824
>passed!
repetition: 16825
>passed!
repetition: 16826
>passed!
repetition: 16827
>passed!
repetition: 16828
>passed!
repetition: 16829
>passed!
repetition: 16830
>passed!
repetition: 16831
>passed!
repetition: 16832
>passed!
repetition: 16833
>passed!
repetition: 16834
>passed!
repetition: 16835
>passed!
repetition: 16836
>passed!
repetition: 16837
>passed!
repetition: 16838
>passed!
repetition: 16839
>passed!
repetition: 16840
>passed!
repetition: 16841
>passed!
repetition: 16842
>passed!
repetition: 16843
>passed!
repetition: 16844
>passed!
repetition: 16845
>passed!
repetition: 16846
>passed!
repetition: 16847
>passed!
repetition: 16848
>passed!
repetition: 16849
>passed!
repetition: 16850
>passed!
repetition: 16851
>passed!
repetition: 16852
>passed!
repetition: 16853
>passed!
repetition: 16854
>passed!
repetition: 16855
>passed!
repetition: 16856
>passed!
repetition: 16857
>passed!
repetition: 16858
>passed!
repetition: 16859
>passed!
repetition: 16860
>passed!
repetition: 16861
>passed!
repetition: 16862
>passed!
repetition: 16863
>passed!
repetition: 16864
>passed!
repetition: 16865
>passed!
repetition: 16866
>passed!
repetition: 16867
>passed!
repetition: 16868
>passed!
repetition: 16869
>passed!
repetition: 16870
>passed!
repetition: 16871
>passed!
repetition: 16872
>passed!
repetition: 16873
>passed!
repetition: 16874
>passed!
repetition: 16875
>passed!
repetition: 16876
>passed!
repetition: 16877
>passed!
repetition: 16878
>passed!
repetition: 16879
>passed!
repetition: 16880
>passed!
repetition: 16881
>passed!
repetition: 16882
>passed!
repetition: 16883
>passed!
repetition: 16884
>passed!
repetition: 16885
>passed!
repetition: 16886
>passed!
repetition: 16887
>passed!
repetition: 16888
>passed!
repetition: 16889
>passed!
repetition: 16890
>passed!
repetition: 16891
>passed!
repetition: 16892
>passed!
repetition: 16893
>passed!
repetition: 16894
>passed!
repetition: 16895
>passed!
repetition: 16896
>passed!
repetition: 16897
>passed!
repetition: 16898
>passed!
repetition: 16899
>passed!
repetition: 16900
>passed!
repetition: 16901
>passed!
repetition: 16902
>passed!
repetition: 16903
>passed!
repetition: 16904
>passed!
repetition: 16905
>passed!
repetition: 16906
>passed!
repetition: 16907
>passed!
repetition: 16908
>passed!
repetition: 16909
>passed!
repetition: 16910
>passed!
repetition: 16911
>passed!
repetition: 16912
>passed!
repetition: 16913
>passed!
repetition: 16914
>passed!
repetition: 16915
>passed!
repetition: 16916
>passed!
repetition: 16917
>passed!
repetition: 16918
>passed!
repetition: 16919
>passed!
repetition: 16920
>passed!
repetition: 16921
>passed!
repetition: 16922
>passed!
repetition: 16923
>passed!
repetition: 16924
>passed!
repetition: 16925
>passed!
repetition: 16926
>passed!
repetition: 16927
>passed!
repetition: 16928
>passed!
repetition: 16929
>passed!
repetition: 16930
>passed!
repetition: 16931
>passed!
repetition: 16932
>passed!
repetition: 16933
>passed!
repetition: 16934
>passed!
repetition: 16935
>passed!
repetition: 16936
>passed!
repetition: 16937
>passed!
repetition: 16938
>passed!
repetition: 16939
>passed!
repetition: 16940
>passed!
repetition: 16941
>passed!
repetition: 16942
>passed!
repetition: 16943
>passed!
repetition: 16944
>passed!
repetition: 16945
>passed!
repetition: 16946
>passed!
repetition: 16947
>passed!
repetition: 16948
>passed!
repetition: 16949
>passed!
repetition: 16950
>passed!
repetition: 16951
>passed!
repetition: 16952
>passed!
repetition: 16953
>passed!
repetition: 16954
>passed!
repetition: 16955
>passed!
repetition: 16956
>passed!
repetition: 16957
>passed!
repetition: 16958
>passed!
repetition: 16959
>passed!
repetition: 16960
>passed!
repetition: 16961
>passed!
repetition: 16962
>passed!
repetition: 16963
>passed!
repetition: 16964
>passed!
repetition: 16965
>passed!
repetition: 16966
>passed!
repetition: 16967
>passed!
repetition: 16968
>passed!
repetition: 16969
>passed!
repetition: 16970
>passed!
repetition: 16971
>passed!
repetition: 16972
>passed!
repetition: 16973
>passed!
repetition: 16974
>passed!
repetition: 16975
>passed!
repetition: 16976
>passed!
repetition: 16977
>passed!
repetition: 16978
>passed!
repetition: 16979
>passed!
repetition: 16980
>passed!
repetition: 16981
>passed!
repetition: 16982
>passed!
repetition: 16983
>passed!
repetition: 16984
>passed!
repetition: 16985
>passed!
repetition: 16986
>passed!
repetition: 16987
>passed!
repetition: 16988
>passed!
repetition: 16989
>passed!
repetition: 16990
>passed!
repetition: 16991
>passed!
repetition: 16992
>passed!
repetition: 16993
>passed!
repetition: 16994
>passed!
repetition: 16995
>passed!
repetition: 16996
>passed!
repetition: 16997
>passed!
repetition: 16998
>passed!
repetition: 16999
>passed!
repetition: 17000
>passed!
repetition: 17001
>passed!
repetition: 17002
>passed!
repetition: 17003
>passed!
repetition: 17004
>passed!
repetition: 17005
>passed!
repetition: 17006
>passed!
repetition: 17007
>passed!
repetition: 17008
>passed!
repetition: 17009
>passed!
repetition: 17010
>passed!
repetition: 17011
>passed!
repetition: 17012
>passed!
repetition: 17013
>passed!
repetition: 17014
>passed!
repetition: 17015
>passed!
repetition: 17016
>passed!
repetition: 17017
>passed!
repetition: 17018
>passed!
repetition: 17019
>passed!
repetition: 17020
>passed!
repetition: 17021
>passed!
repetition: 17022
>passed!
repetition: 17023
>passed!
repetition: 17024
>passed!
repetition: 17025
>passed!
repetition: 17026
>passed!
repetition: 17027
>passed!
repetition: 17028
>passed!
repetition: 17029
>passed!
repetition: 17030
>passed!
repetition: 17031
>passed!
repetition: 17032
>passed!
repetition: 17033
>passed!
repetition: 17034
>passed!
repetition: 17035
>passed!
repetition: 17036
>passed!
repetition: 17037
>passed!
repetition: 17038
>passed!
repetition: 17039
>passed!
repetition: 17040
>passed!
repetition: 17041
>passed!
repetition: 17042
>passed!
repetition: 17043
>passed!
repetition: 17044
>passed!
repetition: 17045
>passed!
repetition: 17046
>passed!
repetition: 17047
>passed!
repetition: 17048
>passed!
repetition: 17049
>passed!
repetition: 17050
>passed!
repetition: 17051
>passed!
repetition: 17052
>passed!
repetition: 17053
>passed!
repetition: 17054
>passed!
repetition: 17055
>passed!
repetition: 17056
>passed!
repetition: 17057
>passed!
repetition: 17058
>passed!
repetition: 17059
>passed!
repetition: 17060
>passed!
repetition: 17061
>passed!
repetition: 17062
>passed!
repetition: 17063
>passed!
repetition: 17064
>passed!
repetition: 17065
>passed!
repetition: 17066
>passed!
repetition: 17067
>passed!
repetition: 17068
>passed!
repetition: 17069
>passed!
repetition: 17070
>passed!
repetition: 17071
>passed!
repetition: 17072
>passed!
repetition: 17073
>passed!
repetition: 17074
>passed!
repetition: 17075
>passed!
repetition: 17076
>passed!
repetition: 17077
>passed!
repetition: 17078
>passed!
repetition: 17079
>passed!
repetition: 17080
>passed!
repetition: 17081
>passed!
repetition: 17082
>passed!
repetition: 17083
>passed!
repetition: 17084
>passed!
repetition: 17085
>passed!
repetition: 17086
>passed!
repetition: 17087
>passed!
repetition: 17088
>passed!
repetition: 17089
>passed!
repetition: 17090
>passed!
repetition: 17091
>passed!
repetition: 17092
>passed!
repetition: 17093
>passed!
repetition: 17094
>passed!
repetition: 17095
>passed!
repetition: 17096
>passed!
repetition: 17097
>passed!
repetition: 17098
>passed!
repetition: 17099
>passed!
repetition: 17100
>passed!
repetition: 17101
>passed!
repetition: 17102
>passed!
repetition: 17103
>passed!
repetition: 17104
>passed!
repetition: 17105
>passed!
repetition: 17106
>passed!
repetition: 17107
>passed!
repetition: 17108
>passed!
repetition: 17109
>passed!
repetition: 17110
>passed!
repetition: 17111
>passed!
repetition: 17112
>passed!
repetition: 17113
>passed!
repetition: 17114
>passed!
repetition: 17115
>passed!
repetition: 17116
>passed!
repetition: 17117
>passed!
repetition: 17118
>passed!
repetition: 17119
>passed!
repetition: 17120
>passed!
repetition: 17121
>passed!
repetition: 17122
>passed!
repetition: 17123
>passed!
repetition: 17124
>passed!
repetition: 17125
>passed!
repetition: 17126
>passed!
repetition: 17127
>passed!
repetition: 17128
>passed!
repetition: 17129
>passed!
repetition: 17130
>passed!
repetition: 17131
>passed!
repetition: 17132
>passed!
repetition: 17133
>passed!
repetition: 17134
>passed!
repetition: 17135
>passed!
repetition: 17136
>passed!
repetition: 17137
>passed!
repetition: 17138
>passed!
repetition: 17139
>passed!
repetition: 17140
>passed!
repetition: 17141
>passed!
repetition: 17142
>passed!
repetition: 17143
>passed!
repetition: 17144
>passed!
repetition: 17145
>passed!
repetition: 17146
>passed!
repetition: 17147
>passed!
repetition: 17148
>passed!
repetition: 17149
>passed!
repetition: 17150
>passed!
repetition: 17151
>passed!
repetition: 17152
>passed!
repetition: 17153
>passed!
repetition: 17154
>passed!
repetition: 17155
>passed!
repetition: 17156
>passed!
repetition: 17157
>passed!
repetition: 17158
>passed!
repetition: 17159
>passed!
repetition: 17160
>passed!
repetition: 17161
>passed!
repetition: 17162
>passed!
repetition: 17163
>passed!
repetition: 17164
>passed!
repetition: 17165
>passed!
repetition: 17166
>passed!
repetition: 17167
>passed!
repetition: 17168
>passed!
repetition: 17169
>passed!
repetition: 17170
>passed!
repetition: 17171
>passed!
repetition: 17172
>passed!
repetition: 17173
>passed!
repetition: 17174
>passed!
repetition: 17175
>passed!
repetition: 17176
>passed!
repetition: 17177
>passed!
repetition: 17178
>passed!
repetition: 17179
>passed!
repetition: 17180
>passed!
repetition: 17181
>passed!
repetition: 17182
>passed!
repetition: 17183
>passed!
repetition: 17184
>passed!
repetition: 17185
>passed!
repetition: 17186
>passed!
repetition: 17187
>passed!
repetition: 17188
>passed!
repetition: 17189
>passed!
repetition: 17190
>passed!
repetition: 17191
>passed!
repetition: 17192
>passed!
repetition: 17193
>passed!
repetition: 17194
>passed!
repetition: 17195
>passed!
repetition: 17196
>passed!
repetition: 17197
>passed!
repetition: 17198
>passed!
repetition: 17199
>passed!
repetition: 17200
>passed!
repetition: 17201
>passed!
repetition: 17202
>passed!
repetition: 17203
>passed!
repetition: 17204
>passed!
repetition: 17205
>passed!
repetition: 17206
>passed!
repetition: 17207
>passed!
repetition: 17208
>passed!
repetition: 17209
>passed!
repetition: 17210
>passed!
repetition: 17211
>passed!
repetition: 17212
>passed!
repetition: 17213
>passed!
repetition: 17214
>passed!
repetition: 17215
>passed!
repetition: 17216
>passed!
repetition: 17217
>passed!
repetition: 17218
>passed!
repetition: 17219
>passed!
repetition: 17220
>passed!
repetition: 17221
>passed!
repetition: 17222
>passed!
repetition: 17223
>passed!
repetition: 17224
>passed!
repetition: 17225
>passed!
repetition: 17226
>passed!
repetition: 17227
>passed!
repetition: 17228
>passed!
repetition: 17229
>passed!
repetition: 17230
>passed!
repetition: 17231
>passed!
repetition: 17232
>passed!
repetition: 17233
>passed!
repetition: 17234
>passed!
repetition: 17235
>passed!
repetition: 17236
>passed!
repetition: 17237
>passed!
repetition: 17238
>passed!
repetition: 17239
>passed!
repetition: 17240
>passed!
repetition: 17241
>passed!
repetition: 17242
>passed!
repetition: 17243
>passed!
repetition: 17244
>passed!
repetition: 17245
>passed!
repetition: 17246
>passed!
repetition: 17247
>passed!
repetition: 17248
>passed!
repetition: 17249
>passed!
repetition: 17250
>passed!
repetition: 17251
>passed!
repetition: 17252
>passed!
repetition: 17253
>passed!
repetition: 17254
>passed!
repetition: 17255
>passed!
repetition: 17256
>passed!
repetition: 17257
>passed!
repetition: 17258
>passed!
repetition: 17259
>passed!
repetition: 17260
>passed!
repetition: 17261
>passed!
repetition: 17262
>passed!
repetition: 17263
>passed!
repetition: 17264
>passed!
repetition: 17265
>passed!
repetition: 17266
>passed!
repetition: 17267
>passed!
repetition: 17268
>passed!
repetition: 17269
>passed!
repetition: 17270
>passed!
repetition: 17271
>passed!
repetition: 17272
>passed!
repetition: 17273
>passed!
repetition: 17274
>passed!
repetition: 17275
>passed!
repetition: 17276
>passed!
repetition: 17277
>passed!
repetition: 17278
>passed!
repetition: 17279
>passed!
repetition: 17280
>passed!
repetition: 17281
>passed!
repetition: 17282
>passed!
repetition: 17283
>passed!
repetition: 17284
>passed!
repetition: 17285
>passed!
repetition: 17286
>passed!
repetition: 17287
>passed!
repetition: 17288
>passed!
repetition: 17289
>passed!
repetition: 17290
>passed!
repetition: 17291
>passed!
repetition: 17292
>passed!
repetition: 17293
>passed!
repetition: 17294
>passed!
repetition: 17295
>passed!
repetition: 17296
>passed!
repetition: 17297
>passed!
repetition: 17298
>passed!
repetition: 17299
>passed!
repetition: 17300
>passed!
repetition: 17301
>passed!
repetition: 17302
>passed!
repetition: 17303
>passed!
repetition: 17304
>passed!
repetition: 17305
>passed!
repetition: 17306
>passed!
repetition: 17307
>passed!
repetition: 17308
>passed!
repetition: 17309
>passed!
repetition: 17310
>passed!
repetition: 17311
>passed!
repetition: 17312
>passed!
repetition: 17313
>passed!
repetition: 17314
>passed!
repetition: 17315
>passed!
repetition: 17316
>passed!
repetition: 17317
>passed!
repetition: 17318
>passed!
repetition: 17319
>passed!
repetition: 17320
>passed!
repetition: 17321
>passed!
repetition: 17322
>passed!
repetition: 17323
>passed!
repetition: 17324
>passed!
repetition: 17325
>passed!
repetition: 17326
>passed!
repetition: 17327
>passed!
repetition: 17328
>passed!
repetition: 17329
>passed!
repetition: 17330
>passed!
repetition: 17331
>passed!
repetition: 17332
>passed!
repetition: 17333
>passed!
repetition: 17334
>passed!
repetition: 17335
>passed!
repetition: 17336
>passed!
repetition: 17337
>passed!
repetition: 17338
>passed!
repetition: 17339
>passed!
repetition: 17340
>passed!
repetition: 17341
>passed!
repetition: 17342
>passed!
repetition: 17343
>passed!
repetition: 17344
>passed!
repetition: 17345
>passed!
repetition: 17346
>passed!
repetition: 17347
>passed!
repetition: 17348
>passed!
repetition: 17349
>passed!
repetition: 17350
>passed!
repetition: 17351
>passed!
repetition: 17352
>passed!
repetition: 17353
>passed!
repetition: 17354
>passed!
repetition: 17355
>passed!
repetition: 17356
>passed!
repetition: 17357
>passed!
repetition: 17358
>passed!
repetition: 17359
>passed!
repetition: 17360
>passed!
repetition: 17361
>passed!
repetition: 17362
>passed!
repetition: 17363
>passed!
repetition: 17364
>passed!
repetition: 17365
>passed!
repetition: 17366
>passed!
repetition: 17367
>passed!
repetition: 17368
>passed!
repetition: 17369
>passed!
repetition: 17370
>passed!
repetition: 17371
>passed!
repetition: 17372
>passed!
repetition: 17373
>passed!
repetition: 17374
>passed!
repetition: 17375
>passed!
repetition: 17376
>passed!
repetition: 17377
>passed!
repetition: 17378
>passed!
repetition: 17379
>passed!
repetition: 17380
>passed!
repetition: 17381
>passed!
repetition: 17382
>passed!
repetition: 17383
>passed!
repetition: 17384
>passed!
repetition: 17385
>passed!
repetition: 17386
>passed!
repetition: 17387
>passed!
repetition: 17388
>passed!
repetition: 17389
>passed!
repetition: 17390
>passed!
repetition: 17391
>passed!
repetition: 17392
>passed!
repetition: 17393
>passed!
repetition: 17394
>passed!
repetition: 17395
>passed!
repetition: 17396
>passed!
repetition: 17397
>passed!
repetition: 17398
>passed!
repetition: 17399
>passed!
repetition: 17400
>passed!
repetition: 17401
>passed!
repetition: 17402
>passed!
repetition: 17403
>passed!
repetition: 17404
>passed!
repetition: 17405
>passed!
repetition: 17406
>passed!
repetition: 17407
>passed!
repetition: 17408
>passed!
repetition: 17409
>passed!
repetition: 17410
>passed!
repetition: 17411
>passed!
repetition: 17412
>passed!
repetition: 17413
>passed!
repetition: 17414
>passed!
repetition: 17415
>passed!
repetition: 17416
>passed!
repetition: 17417
>passed!
repetition: 17418
>passed!
repetition: 17419
>passed!
repetition: 17420
>passed!
repetition: 17421
>passed!
repetition: 17422
>passed!
repetition: 17423
>passed!
repetition: 17424
>passed!
repetition: 17425
>passed!
repetition: 17426
>passed!
repetition: 17427
>passed!
repetition: 17428
>passed!
repetition: 17429
>passed!
repetition: 17430
>passed!
repetition: 17431
>passed!
repetition: 17432
>passed!
repetition: 17433
>passed!
repetition: 17434
>passed!
repetition: 17435
>passed!
repetition: 17436
>passed!
repetition: 17437
>passed!
repetition: 17438
>passed!
repetition: 17439
>passed!
repetition: 17440
>passed!
repetition: 17441
>passed!
repetition: 17442
>passed!
repetition: 17443
>passed!
repetition: 17444
>passed!
repetition: 17445
>passed!
repetition: 17446
>passed!
repetition: 17447
>passed!
repetition: 17448
>passed!
repetition: 17449
>passed!
repetition: 17450
>passed!
repetition: 17451
>passed!
repetition: 17452
>passed!
repetition: 17453
>passed!
repetition: 17454
>passed!
repetition: 17455
>passed!
repetition: 17456
>passed!
repetition: 17457
>passed!
repetition: 17458
>passed!
repetition: 17459
>passed!
repetition: 17460
>passed!
repetition: 17461
>passed!
repetition: 17462
>passed!
repetition: 17463
>passed!
repetition: 17464
>passed!
repetition: 17465
>passed!
repetition: 17466
>passed!
repetition: 17467
>passed!
repetition: 17468
>passed!
repetition: 17469
>passed!
repetition: 17470
>passed!
repetition: 17471
>passed!
repetition: 17472
>passed!
repetition: 17473
>passed!
repetition: 17474
>passed!
repetition: 17475
>passed!
repetition: 17476
>passed!
repetition: 17477
>passed!
repetition: 17478
>passed!
repetition: 17479
>passed!
repetition: 17480
>passed!
repetition: 17481
>passed!
repetition: 17482
>passed!
repetition: 17483
>passed!
repetition: 17484
>passed!
repetition: 17485
>passed!
repetition: 17486
>passed!
repetition: 17487
>passed!
repetition: 17488
>passed!
repetition: 17489
>passed!
repetition: 17490
>passed!
repetition: 17491
>passed!
repetition: 17492
>passed!
repetition: 17493
>passed!
repetition: 17494
>passed!
repetition: 17495
>passed!
repetition: 17496
>passed!
repetition: 17497
>passed!
repetition: 17498
>passed!
repetition: 17499
>passed!
repetition: 17500
>passed!
repetition: 17501
>passed!
repetition: 17502
>passed!
repetition: 17503
>passed!
repetition: 17504
>passed!
repetition: 17505
>passed!
repetition: 17506
>passed!
repetition: 17507
>passed!
repetition: 17508
>passed!
repetition: 17509
>passed!
repetition: 17510
>passed!
repetition: 17511
>passed!
repetition: 17512
>passed!
repetition: 17513
>passed!
repetition: 17514
>passed!
repetition: 17515
>passed!
repetition: 17516
>passed!
repetition: 17517
>passed!
repetition: 17518
>passed!
repetition: 17519
>passed!
repetition: 17520
>passed!
repetition: 17521
>passed!
repetition: 17522
>passed!
repetition: 17523
>passed!
repetition: 17524
>passed!
repetition: 17525
>passed!
repetition: 17526
>passed!
repetition: 17527
>passed!
repetition: 17528
>passed!
repetition: 17529
>passed!
repetition: 17530
>passed!
repetition: 17531
>passed!
repetition: 17532
>passed!
repetition: 17533
>passed!
repetition: 17534
>passed!
repetition: 17535
>passed!
repetition: 17536
>passed!
repetition: 17537
>passed!
repetition: 17538
>passed!
repetition: 17539
>passed!
repetition: 17540
>passed!
repetition: 17541
>passed!
repetition: 17542
>passed!
repetition: 17543
>passed!
repetition: 17544
>passed!
repetition: 17545
>passed!
repetition: 17546
>passed!
repetition: 17547
>passed!
repetition: 17548
>passed!
repetition: 17549
>passed!
repetition: 17550
>passed!
repetition: 17551
>passed!
repetition: 17552
>passed!
repetition: 17553
>passed!
repetition: 17554
>passed!
repetition: 17555
>passed!
repetition: 17556
>passed!
repetition: 17557
>passed!
repetition: 17558
>passed!
repetition: 17559
>passed!
repetition: 17560
>passed!
repetition: 17561
>passed!
repetition: 17562
>passed!
repetition: 17563
>passed!
repetition: 17564
>passed!
repetition: 17565
>passed!
repetition: 17566
>passed!
repetition: 17567
>passed!
repetition: 17568
>passed!
repetition: 17569
>passed!
repetition: 17570
>passed!
repetition: 17571
>passed!
repetition: 17572
>passed!
repetition: 17573
>passed!
repetition: 17574
>passed!
repetition: 17575
>passed!
repetition: 17576
>passed!
repetition: 17577
>passed!
repetition: 17578
>passed!
repetition: 17579
>passed!
repetition: 17580
>passed!
repetition: 17581
>passed!
repetition: 17582
>passed!
repetition: 17583
>passed!
repetition: 17584
>passed!
repetition: 17585
>passed!
repetition: 17586
>passed!
repetition: 17587
>passed!
repetition: 17588
>passed!
repetition: 17589
>passed!
repetition: 17590
>passed!
repetition: 17591
>passed!
repetition: 17592
>passed!
repetition: 17593
>passed!
repetition: 17594
>passed!
repetition: 17595
>passed!
repetition: 17596
>passed!
repetition: 17597
>passed!
repetition: 17598
>passed!
repetition: 17599
>passed!
repetition: 17600
>passed!
repetition: 17601
>passed!
repetition: 17602
>passed!
repetition: 17603
>passed!
repetition: 17604
>passed!
repetition: 17605
>passed!
repetition: 17606
>passed!
repetition: 17607
>passed!
repetition: 17608
>passed!
repetition: 17609
>passed!
repetition: 17610
>passed!
repetition: 17611
>passed!
repetition: 17612
>passed!
repetition: 17613
>passed!
repetition: 17614
>passed!
repetition: 17615
>passed!
repetition: 17616
>passed!
repetition: 17617
>passed!
repetition: 17618
>passed!
repetition: 17619
>passed!
repetition: 17620
>passed!
repetition: 17621
>passed!
repetition: 17622
>passed!
repetition: 17623
>passed!
repetition: 17624
>passed!
repetition: 17625
>passed!
repetition: 17626
>passed!
repetition: 17627
>passed!
repetition: 17628
>passed!
repetition: 17629
>passed!
repetition: 17630
>passed!
repetition: 17631
>passed!
repetition: 17632
>passed!
repetition: 17633
>passed!
repetition: 17634
>passed!
repetition: 17635
>passed!
repetition: 17636
>passed!
repetition: 17637
>passed!
repetition: 17638
>passed!
repetition: 17639
>passed!
repetition: 17640
>passed!
repetition: 17641
>passed!
repetition: 17642
>passed!
repetition: 17643
>passed!
repetition: 17644
>passed!
repetition: 17645
>passed!
repetition: 17646
>passed!
repetition: 17647
>passed!
repetition: 17648
>passed!
repetition: 17649
>passed!
repetition: 17650
>passed!
repetition: 17651
>passed!
repetition: 17652
>passed!
repetition: 17653
>passed!
repetition: 17654
>passed!
repetition: 17655
>passed!
repetition: 17656
>passed!
repetition: 17657
>passed!
repetition: 17658
>passed!
repetition: 17659
>passed!
repetition: 17660
>passed!
repetition: 17661
>passed!
repetition: 17662
>passed!
repetition: 17663
>passed!
repetition: 17664
>passed!
repetition: 17665
>passed!
repetition: 17666
>passed!
repetition: 17667
>passed!
repetition: 17668
>passed!
repetition: 17669
>passed!
repetition: 17670
>passed!
repetition: 17671
>passed!
repetition: 17672
>passed!
repetition: 17673
>passed!
repetition: 17674
>passed!
repetition: 17675
>passed!
repetition: 17676
>passed!
repetition: 17677
>passed!
repetition: 17678
>passed!
repetition: 17679
>passed!
repetition: 17680
>passed!
repetition: 17681
>passed!
repetition: 17682
>passed!
repetition: 17683
>passed!
repetition: 17684
>passed!
repetition: 17685
>passed!
repetition: 17686
>passed!
repetition: 17687
>passed!
repetition: 17688
>passed!
repetition: 17689
>passed!
repetition: 17690
>passed!
repetition: 17691
>passed!
repetition: 17692
>passed!
repetition: 17693
>passed!
repetition: 17694
>passed!
repetition: 17695
>passed!
repetition: 17696
>passed!
repetition: 17697
>passed!
repetition: 17698
>passed!
repetition: 17699
>passed!
repetition: 17700
>passed!
repetition: 17701
>passed!
repetition: 17702
>passed!
repetition: 17703
>passed!
repetition: 17704
>passed!
repetition: 17705
>passed!
repetition: 17706
>passed!
repetition: 17707
>passed!
repetition: 17708
>passed!
repetition: 17709
>passed!
repetition: 17710
>passed!
repetition: 17711
>passed!
repetition: 17712
>passed!
repetition: 17713
>passed!
repetition: 17714
>passed!
repetition: 17715
>passed!
repetition: 17716
>passed!
repetition: 17717
>passed!
repetition: 17718
>passed!
repetition: 17719
>passed!
repetition: 17720
>passed!
repetition: 17721
>passed!
repetition: 17722
>passed!
repetition: 17723
>passed!
repetition: 17724
>passed!
repetition: 17725
>passed!
repetition: 17726
>passed!
repetition: 17727
>passed!
repetition: 17728
>passed!
repetition: 17729
>passed!
repetition: 17730
>passed!
repetition: 17731
>passed!
repetition: 17732
>passed!
repetition: 17733
>passed!
repetition: 17734
>passed!
repetition: 17735
>passed!
repetition: 17736
>passed!
repetition: 17737
>passed!
repetition: 17738
>passed!
repetition: 17739
>passed!
repetition: 17740
>passed!
repetition: 17741
>passed!
repetition: 17742
>passed!
repetition: 17743
>passed!
repetition: 17744
>passed!
repetition: 17745
>passed!
repetition: 17746
>passed!
repetition: 17747
>passed!
repetition: 17748
>passed!
repetition: 17749
>passed!
repetition: 17750
>passed!
repetition: 17751
>passed!
repetition: 17752
>passed!
repetition: 17753
>passed!
repetition: 17754
>passed!
repetition: 17755
>passed!
repetition: 17756
>passed!
repetition: 17757
>passed!
repetition: 17758
>passed!
repetition: 17759
>passed!
repetition: 17760
>passed!
repetition: 17761
>passed!
repetition: 17762
>passed!
repetition: 17763
>passed!
repetition: 17764
>passed!
repetition: 17765
>passed!
repetition: 17766
>passed!
repetition: 17767
>passed!
repetition: 17768
>passed!
repetition: 17769
>passed!
repetition: 17770
>passed!
repetition: 17771
>passed!
repetition: 17772
>passed!
repetition: 17773
>passed!
repetition: 17774
>passed!
repetition: 17775
>passed!
repetition: 17776
>passed!
repetition: 17777
>passed!
repetition: 17778
>passed!
repetition: 17779
>passed!
repetition: 17780
>passed!
repetition: 17781
>passed!
repetition: 17782
>passed!
repetition: 17783
>passed!
repetition: 17784
>passed!
repetition: 17785
>passed!
repetition: 17786
>passed!
repetition: 17787
>passed!
repetition: 17788
>passed!
repetition: 17789
>passed!
repetition: 17790
>passed!
repetition: 17791
>passed!
repetition: 17792
>passed!
repetition: 17793
>passed!
repetition: 17794
>passed!
repetition: 17795
>passed!
repetition: 17796
>passed!
repetition: 17797
>passed!
repetition: 17798
>passed!
repetition: 17799
>passed!
repetition: 17800
>passed!
repetition: 17801
>passed!
repetition: 17802
>passed!
repetition: 17803
>passed!
repetition: 17804
>passed!
repetition: 17805
>passed!
repetition: 17806
>passed!
repetition: 17807
>passed!
repetition: 17808
>passed!
repetition: 17809
>passed!
repetition: 17810
>passed!
repetition: 17811
>passed!
repetition: 17812
>passed!
repetition: 17813
>passed!
repetition: 17814
>passed!
repetition: 17815
>passed!
repetition: 17816
>passed!
repetition: 17817
>passed!
repetition: 17818
>passed!
repetition: 17819
>passed!
repetition: 17820
>passed!
repetition: 17821
>passed!
repetition: 17822
>passed!
repetition: 17823
>passed!
repetition: 17824
>passed!
repetition: 17825
>passed!
repetition: 17826
>passed!
repetition: 17827
>passed!
repetition: 17828
>passed!
repetition: 17829
>passed!
repetition: 17830
>passed!
repetition: 17831
>passed!
repetition: 17832
>passed!
repetition: 17833
>passed!
repetition: 17834
>passed!
repetition: 17835
>passed!
repetition: 17836
>passed!
repetition: 17837
>passed!
repetition: 17838
>passed!
repetition: 17839
>passed!
repetition: 17840
>passed!
repetition: 17841
>passed!
repetition: 17842
>passed!
repetition: 17843
>passed!
repetition: 17844
>passed!
repetition: 17845
>passed!
repetition: 17846
>passed!
repetition: 17847
>passed!
repetition: 17848
>passed!
repetition: 17849
>passed!
repetition: 17850
>passed!
repetition: 17851
>passed!
repetition: 17852
>passed!
repetition: 17853
>passed!
repetition: 17854
>passed!
repetition: 17855
>passed!
repetition: 17856
>passed!
repetition: 17857
>passed!
repetition: 17858
>passed!
repetition: 17859
>passed!
repetition: 17860
>passed!
repetition: 17861
>passed!
repetition: 17862
>passed!
repetition: 17863
>passed!
repetition: 17864
>passed!
repetition: 17865
>passed!
repetition: 17866
>passed!
repetition: 17867
>passed!
repetition: 17868
>passed!
repetition: 17869
>passed!
repetition: 17870
>passed!
repetition: 17871
>passed!
repetition: 17872
>passed!
repetition: 17873
>passed!
repetition: 17874
>passed!
repetition: 17875
>passed!
repetition: 17876
>passed!
repetition: 17877
>passed!
repetition: 17878
>passed!
repetition: 17879
>passed!
repetition: 17880
>passed!
repetition: 17881
>passed!
repetition: 17882
>passed!
repetition: 17883
>passed!
repetition: 17884
>passed!
repetition: 17885
>passed!
repetition: 17886
>passed!
repetition: 17887
>passed!
repetition: 17888
>passed!
repetition: 17889
>passed!
repetition: 17890
>passed!
repetition: 17891
>passed!
repetition: 17892
>passed!
repetition: 17893
>passed!
repetition: 17894
>passed!
repetition: 17895
>passed!
repetition: 17896
>passed!
repetition: 17897
>passed!
repetition: 17898
>passed!
repetition: 17899
>passed!
repetition: 17900
>passed!
repetition: 17901
>passed!
repetition: 17902
>passed!
repetition: 17903
>passed!
repetition: 17904
>passed!
repetition: 17905
>passed!
repetition: 17906
>passed!
repetition: 17907
>passed!
repetition: 17908
>passed!
repetition: 17909
>passed!
repetition: 17910
>passed!
repetition: 17911
>passed!
repetition: 17912
>passed!
repetition: 17913
>passed!
repetition: 17914
>passed!
repetition: 17915
>passed!
repetition: 17916
>passed!
repetition: 17917
>passed!
repetition: 17918
>passed!
repetition: 17919
>passed!
repetition: 17920
>passed!
repetition: 17921
>passed!
repetition: 17922
>passed!
repetition: 17923
>passed!
repetition: 17924
>passed!
repetition: 17925
>passed!
repetition: 17926
>passed!
repetition: 17927
>passed!
repetition: 17928
>passed!
repetition: 17929
>passed!
repetition: 17930
>passed!
repetition: 17931
>passed!
repetition: 17932
>passed!
repetition: 17933
>passed!
repetition: 17934
>passed!
repetition: 17935
>passed!
repetition: 17936
>passed!
repetition: 17937
>passed!
repetition: 17938
>passed!
repetition: 17939
>passed!
repetition: 17940
>passed!
repetition: 17941
>passed!
repetition: 17942
>passed!
repetition: 17943
>passed!
repetition: 17944
>passed!
repetition: 17945
>passed!
repetition: 17946
>passed!
repetition: 17947
>passed!
repetition: 17948
>passed!
repetition: 17949
>passed!
repetition: 17950
>passed!
repetition: 17951
>passed!
repetition: 17952
>passed!
repetition: 17953
>passed!
repetition: 17954
>passed!
repetition: 17955
>passed!
repetition: 17956
>passed!
repetition: 17957
>passed!
repetition: 17958
>passed!
repetition: 17959
>passed!
repetition: 17960
>passed!
repetition: 17961
>passed!
repetition: 17962
>passed!
repetition: 17963
>passed!
repetition: 17964
>passed!
repetition: 17965
>passed!
repetition: 17966
>passed!
repetition: 17967
>passed!
repetition: 17968
>passed!
repetition: 17969
>passed!
repetition: 17970
>passed!
repetition: 17971
>passed!
repetition: 17972
>passed!
repetition: 17973
>passed!
repetition: 17974
>passed!
repetition: 17975
>passed!
repetition: 17976
>passed!
repetition: 17977
>passed!
repetition: 17978
>passed!
repetition: 17979
>passed!
repetition: 17980
>passed!
repetition: 17981
>passed!
repetition: 17982
>passed!
repetition: 17983
>passed!
repetition: 17984
>passed!
repetition: 17985
>passed!
repetition: 17986
>passed!
repetition: 17987
>passed!
repetition: 17988
>passed!
repetition: 17989
>passed!
repetition: 17990
>passed!
repetition: 17991
>passed!
repetition: 17992
>passed!
repetition: 17993
>passed!
repetition: 17994
>passed!
repetition: 17995
>passed!
repetition: 17996
>passed!
repetition: 17997
>passed!
repetition: 17998
>passed!
repetition: 17999
>passed!
repetition: 18000
>passed!
repetition: 18001
>passed!
repetition: 18002
>passed!
repetition: 18003
>passed!
repetition: 18004
>passed!
repetition: 18005
>passed!
repetition: 18006
>passed!
repetition: 18007
>passed!
repetition: 18008
>passed!
repetition: 18009
>passed!
repetition: 18010
>passed!
repetition: 18011
>passed!
repetition: 18012
>passed!
repetition: 18013
>passed!
repetition: 18014
>passed!
repetition: 18015
>passed!
repetition: 18016
>passed!
repetition: 18017
>passed!
repetition: 18018
>passed!
repetition: 18019
>passed!
repetition: 18020
>passed!
repetition: 18021
>passed!
repetition: 18022
>passed!
repetition: 18023
>passed!
repetition: 18024
>passed!
repetition: 18025
>passed!
repetition: 18026
>passed!
repetition: 18027
>passed!
repetition: 18028
>passed!
repetition: 18029
>passed!
repetition: 18030
>passed!
repetition: 18031
>passed!
repetition: 18032
>passed!
repetition: 18033
>passed!
repetition: 18034
>passed!
repetition: 18035
>passed!
repetition: 18036
>passed!
repetition: 18037
>passed!
repetition: 18038
>passed!
repetition: 18039
>passed!
repetition: 18040
>passed!
repetition: 18041
>passed!
repetition: 18042
>passed!
repetition: 18043
>passed!
repetition: 18044
>passed!
repetition: 18045
>passed!
repetition: 18046
>passed!
repetition: 18047
>passed!
repetition: 18048
>passed!
repetition: 18049
>passed!
repetition: 18050
>passed!
repetition: 18051
>passed!
repetition: 18052
>passed!
repetition: 18053
>passed!
repetition: 18054
>passed!
repetition: 18055
>passed!
repetition: 18056
>passed!
repetition: 18057
>passed!
repetition: 18058
>passed!
repetition: 18059
>passed!
repetition: 18060
>passed!
repetition: 18061
>passed!
repetition: 18062
>passed!
repetition: 18063
>passed!
repetition: 18064
>passed!
repetition: 18065
>passed!
repetition: 18066
>passed!
repetition: 18067
>passed!
repetition: 18068
>passed!
repetition: 18069
>passed!
repetition: 18070
>passed!
repetition: 18071
>passed!
repetition: 18072
>passed!
repetition: 18073
>passed!
repetition: 18074
>passed!
repetition: 18075
>passed!
repetition: 18076
>passed!
repetition: 18077
>passed!
repetition: 18078
>passed!
repetition: 18079
>passed!
repetition: 18080
>passed!
repetition: 18081
>passed!
repetition: 18082
>passed!
repetition: 18083
>passed!
repetition: 18084
>passed!
repetition: 18085
>passed!
repetition: 18086
>passed!
repetition: 18087
>passed!
repetition: 18088
>passed!
repetition: 18089
>passed!
repetition: 18090
>passed!
repetition: 18091
>passed!
repetition: 18092
>passed!
repetition: 18093
>passed!
repetition: 18094
>passed!
repetition: 18095
>passed!
repetition: 18096
>passed!
repetition: 18097
>passed!
repetition: 18098
>passed!
repetition: 18099
>passed!
repetition: 18100
>passed!
repetition: 18101
>passed!
repetition: 18102
>passed!
repetition: 18103
>passed!
repetition: 18104
>passed!
repetition: 18105
>passed!
repetition: 18106
>passed!
repetition: 18107
>passed!
repetition: 18108
>passed!
repetition: 18109
>passed!
repetition: 18110
>passed!
repetition: 18111
>passed!
repetition: 18112
>passed!
repetition: 18113
>passed!
repetition: 18114
>passed!
repetition: 18115
>passed!
repetition: 18116
>passed!
repetition: 18117
>passed!
repetition: 18118
>passed!
repetition: 18119
>passed!
repetition: 18120
>passed!
repetition: 18121
>passed!
repetition: 18122
>passed!
repetition: 18123
>passed!
repetition: 18124
>passed!
repetition: 18125
>passed!
repetition: 18126
>passed!
repetition: 18127
>passed!
repetition: 18128
>passed!
repetition: 18129
>passed!
repetition: 18130
>passed!
repetition: 18131
>passed!
repetition: 18132
>passed!
repetition: 18133
>passed!
repetition: 18134
>passed!
repetition: 18135
>passed!
repetition: 18136
>passed!
repetition: 18137
>passed!
repetition: 18138
>passed!
repetition: 18139
>passed!
repetition: 18140
>passed!
repetition: 18141
>passed!
repetition: 18142
>passed!
repetition: 18143
>passed!
repetition: 18144
>passed!
repetition: 18145
>passed!
repetition: 18146
>passed!
repetition: 18147
>passed!
repetition: 18148
>passed!
repetition: 18149
>passed!
repetition: 18150
>passed!
repetition: 18151
>passed!
repetition: 18152
>passed!
repetition: 18153
>passed!
repetition: 18154
>passed!
repetition: 18155
>passed!
repetition: 18156
>passed!
repetition: 18157
>passed!
repetition: 18158
>passed!
repetition: 18159
>passed!
repetition: 18160
>passed!
repetition: 18161
>passed!
repetition: 18162
>passed!
repetition: 18163
>passed!
repetition: 18164
>passed!
repetition: 18165
>passed!
repetition: 18166
>passed!
repetition: 18167
>passed!
repetition: 18168
>passed!
repetition: 18169
>passed!
repetition: 18170
>passed!
repetition: 18171
>passed!
repetition: 18172
>passed!
repetition: 18173
>passed!
repetition: 18174
>passed!
repetition: 18175
>passed!
repetition: 18176
>passed!
repetition: 18177
>passed!
repetition: 18178
>passed!
repetition: 18179
>passed!
repetition: 18180
>passed!
repetition: 18181
>passed!
repetition: 18182
>passed!
repetition: 18183
>passed!
repetition: 18184
>passed!
repetition: 18185
>passed!
repetition: 18186
>passed!
repetition: 18187
>passed!
repetition: 18188
>passed!
repetition: 18189
>passed!
repetition: 18190
>passed!
repetition: 18191
>passed!
repetition: 18192
>passed!
repetition: 18193
>passed!
repetition: 18194
>passed!
repetition: 18195
>passed!
repetition: 18196
>passed!
repetition: 18197
>passed!
repetition: 18198
>passed!
repetition: 18199
>passed!
repetition: 18200
>passed!
repetition: 18201
>passed!
repetition: 18202
>passed!
repetition: 18203
>passed!
repetition: 18204
>passed!
repetition: 18205
>passed!
repetition: 18206
>passed!
repetition: 18207
>passed!
repetition: 18208
>passed!
repetition: 18209
>passed!
repetition: 18210
>passed!
repetition: 18211
>passed!
repetition: 18212
>passed!
repetition: 18213
>passed!
repetition: 18214
>passed!
repetition: 18215
>passed!
repetition: 18216
>passed!
repetition: 18217
>passed!
repetition: 18218
>passed!
repetition: 18219
>passed!
repetition: 18220
>passed!
repetition: 18221
>passed!
repetition: 18222
>passed!
repetition: 18223
>passed!
repetition: 18224
>passed!
repetition: 18225
>passed!
repetition: 18226
>passed!
repetition: 18227
>passed!
repetition: 18228
>passed!
repetition: 18229
>passed!
repetition: 18230
>passed!
repetition: 18231
>passed!
repetition: 18232
>passed!
repetition: 18233
>passed!
repetition: 18234
>passed!
repetition: 18235
>passed!
repetition: 18236
>passed!
repetition: 18237
>passed!
repetition: 18238
>passed!
repetition: 18239
>passed!
repetition: 18240
>passed!
repetition: 18241
>passed!
repetition: 18242
>passed!
repetition: 18243
>passed!
repetition: 18244
>passed!
repetition: 18245
>passed!
repetition: 18246
>passed!
repetition: 18247
>passed!
repetition: 18248
>passed!
repetition: 18249
>passed!
repetition: 18250
>passed!
repetition: 18251
>passed!
repetition: 18252
>passed!
repetition: 18253
>passed!
repetition: 18254
>passed!
repetition: 18255
>passed!
repetition: 18256
>passed!
repetition: 18257
>passed!
repetition: 18258
>passed!
repetition: 18259
>passed!
repetition: 18260
>passed!
repetition: 18261
>passed!
repetition: 18262
>passed!
repetition: 18263
>passed!
repetition: 18264
>passed!
repetition: 18265
>passed!
repetition: 18266
>passed!
repetition: 18267
>passed!
repetition: 18268
>passed!
repetition: 18269
>passed!
repetition: 18270
>passed!
repetition: 18271
>passed!
repetition: 18272
>passed!
repetition: 18273
>passed!
repetition: 18274
>passed!
repetition: 18275
>passed!
repetition: 18276
>passed!
repetition: 18277
>passed!
repetition: 18278
>passed!
repetition: 18279
>passed!
repetition: 18280
>passed!
repetition: 18281
>passed!
repetition: 18282
>passed!
repetition: 18283
>passed!
repetition: 18284
>passed!
repetition: 18285
>passed!
repetition: 18286
>passed!
repetition: 18287
>passed!
repetition: 18288
>passed!
repetition: 18289
>passed!
repetition: 18290
>passed!
repetition: 18291
>passed!
repetition: 18292
>passed!
repetition: 18293
>passed!
repetition: 18294
>passed!
repetition: 18295
>passed!
repetition: 18296
>passed!
repetition: 18297
>passed!
repetition: 18298
>passed!
repetition: 18299
>passed!
repetition: 18300
>passed!
repetition: 18301
>passed!
repetition: 18302
>passed!
repetition: 18303
>passed!
repetition: 18304
>passed!
repetition: 18305
>passed!
repetition: 18306
>passed!
repetition: 18307
>passed!
repetition: 18308
>passed!
repetition: 18309
>passed!
repetition: 18310
>passed!
repetition: 18311
>passed!
repetition: 18312
>passed!
repetition: 18313
>passed!
repetition: 18314
>passed!
repetition: 18315
>passed!
repetition: 18316
>passed!
repetition: 18317
>passed!
repetition: 18318
>passed!
repetition: 18319
>passed!
repetition: 18320
>passed!
repetition: 18321
>passed!
repetition: 18322
>passed!
repetition: 18323
>passed!
repetition: 18324
>passed!
repetition: 18325
>passed!
repetition: 18326
>passed!
repetition: 18327
>passed!
repetition: 18328
>passed!
repetition: 18329
>passed!
repetition: 18330
>passed!
repetition: 18331
>passed!
repetition: 18332
>passed!
repetition: 18333
>passed!
repetition: 18334
>passed!
repetition: 18335
>passed!
repetition: 18336
>passed!
repetition: 18337
>passed!
repetition: 18338
>passed!
repetition: 18339
>passed!
repetition: 18340
>passed!
repetition: 18341
>passed!
repetition: 18342
>passed!
repetition: 18343
>passed!
repetition: 18344
>passed!
repetition: 18345
>passed!
repetition: 18346
>passed!
repetition: 18347
>passed!
repetition: 18348
>passed!
repetition: 18349
>passed!
repetition: 18350
>passed!
repetition: 18351
>passed!
repetition: 18352
>passed!
repetition: 18353
>passed!
repetition: 18354
>passed!
repetition: 18355
>passed!
repetition: 18356
>passed!
repetition: 18357
>passed!
repetition: 18358
>passed!
repetition: 18359
>passed!
repetition: 18360
>passed!
repetition: 18361
>passed!
repetition: 18362
>passed!
repetition: 18363
>passed!
repetition: 18364
>passed!
repetition: 18365
>passed!
repetition: 18366
>passed!
repetition: 18367
>passed!
repetition: 18368
>passed!
repetition: 18369
>passed!
repetition: 18370
>passed!
repetition: 18371
>passed!
repetition: 18372
>passed!
repetition: 18373
>passed!
repetition: 18374
>passed!
repetition: 18375
>passed!
repetition: 18376
>passed!
repetition: 18377
>passed!
repetition: 18378
>passed!
repetition: 18379
>passed!
repetition: 18380
>passed!
repetition: 18381
>passed!
repetition: 18382
>passed!
repetition: 18383
>passed!
repetition: 18384
>passed!
repetition: 18385
>passed!
repetition: 18386
>passed!
repetition: 18387
>passed!
repetition: 18388
>passed!
repetition: 18389
>passed!
repetition: 18390
>passed!
repetition: 18391
>passed!
repetition: 18392
>passed!
repetition: 18393
>passed!
repetition: 18394
>passed!
repetition: 18395
>passed!
repetition: 18396
>passed!
repetition: 18397
>passed!
repetition: 18398
>passed!
repetition: 18399
>passed!
repetition: 18400
>passed!
repetition: 18401
>passed!
repetition: 18402
>passed!
repetition: 18403
>passed!
repetition: 18404
>passed!
repetition: 18405
>passed!
repetition: 18406
>passed!
repetition: 18407
>passed!
repetition: 18408
>passed!
repetition: 18409
>passed!
repetition: 18410
>passed!
repetition: 18411
>passed!
repetition: 18412
>passed!
repetition: 18413
>passed!
repetition: 18414
>passed!
repetition: 18415
>passed!
repetition: 18416
>passed!
repetition: 18417
>passed!
repetition: 18418
>passed!
repetition: 18419
>passed!
repetition: 18420
>passed!
repetition: 18421
>passed!
repetition: 18422
>passed!
repetition: 18423
>passed!
repetition: 18424
>passed!
repetition: 18425
>passed!
repetition: 18426
>passed!
repetition: 18427
>passed!
repetition: 18428
>passed!
repetition: 18429
>passed!
repetition: 18430
>passed!
repetition: 18431
>passed!
repetition: 18432
>passed!
repetition: 18433
>passed!
repetition: 18434
>passed!
repetition: 18435
>passed!
repetition: 18436
>passed!
repetition: 18437
>passed!
repetition: 18438
>passed!
repetition: 18439
>passed!
repetition: 18440
>passed!
repetition: 18441
>passed!
repetition: 18442
>passed!
repetition: 18443
>passed!
repetition: 18444
>passed!
repetition: 18445
>passed!
repetition: 18446
>passed!
repetition: 18447
>passed!
repetition: 18448
>passed!
repetition: 18449
>passed!
repetition: 18450
>passed!
repetition: 18451
>passed!
repetition: 18452
>passed!
repetition: 18453
>passed!
repetition: 18454
>passed!
repetition: 18455
>passed!
repetition: 18456
>passed!
repetition: 18457
>passed!
repetition: 18458
>passed!
repetition: 18459
>passed!
repetition: 18460
>passed!
repetition: 18461
>passed!
repetition: 18462
>passed!
repetition: 18463
>passed!
repetition: 18464
>passed!
repetition: 18465
>passed!
repetition: 18466
>passed!
repetition: 18467
>passed!
repetition: 18468
>passed!
repetition: 18469
>passed!
repetition: 18470
>passed!
repetition: 18471
>passed!
repetition: 18472
>passed!
repetition: 18473
>passed!
repetition: 18474
>passed!
repetition: 18475
>passed!
repetition: 18476
>passed!
repetition: 18477
>passed!
repetition: 18478
>passed!
repetition: 18479
>passed!
repetition: 18480
>passed!
repetition: 18481
>passed!
repetition: 18482
>passed!
repetition: 18483
>passed!
repetition: 18484
>passed!
repetition: 18485
>passed!
repetition: 18486
>passed!
repetition: 18487
>passed!
repetition: 18488
>passed!
repetition: 18489
>passed!
repetition: 18490
>passed!
repetition: 18491
>passed!
repetition: 18492
>passed!
repetition: 18493
>passed!
repetition: 18494
>passed!
repetition: 18495
>passed!
repetition: 18496
>passed!
repetition: 18497
>passed!
repetition: 18498
>passed!
repetition: 18499
>passed!
repetition: 18500
>passed!
repetition: 18501
>passed!
repetition: 18502
>passed!
repetition: 18503
>passed!
repetition: 18504
>passed!
repetition: 18505
>passed!
repetition: 18506
>passed!
repetition: 18507
>passed!
repetition: 18508
>passed!
repetition: 18509
>passed!
repetition: 18510
>passed!
repetition: 18511
>passed!
repetition: 18512
>passed!
repetition: 18513
>passed!
repetition: 18514
>passed!
repetition: 18515
>passed!
repetition: 18516
>passed!
repetition: 18517
>passed!
repetition: 18518
>passed!
repetition: 18519
>passed!
repetition: 18520
>passed!
repetition: 18521
>passed!
repetition: 18522
>passed!
repetition: 18523
>passed!
repetition: 18524
>passed!
repetition: 18525
>passed!
repetition: 18526
>passed!
repetition: 18527
>passed!
repetition: 18528
>passed!
repetition: 18529
>passed!
repetition: 18530
>passed!
repetition: 18531
>passed!
repetition: 18532
>passed!
repetition: 18533
>passed!
repetition: 18534
>passed!
repetition: 18535
>passed!
repetition: 18536
>passed!
repetition: 18537
>passed!
repetition: 18538
>passed!
repetition: 18539
>passed!
repetition: 18540
>passed!
repetition: 18541
>passed!
repetition: 18542
>passed!
repetition: 18543
>passed!
repetition: 18544
>passed!
repetition: 18545
>passed!
repetition: 18546
>passed!
repetition: 18547
>passed!
repetition: 18548
>passed!
repetition: 18549
>passed!
repetition: 18550
>passed!
repetition: 18551
>passed!
repetition: 18552
>passed!
repetition: 18553
>passed!
repetition: 18554
>passed!
repetition: 18555
>passed!
repetition: 18556
>passed!
repetition: 18557
>passed!
repetition: 18558
>passed!
repetition: 18559
>passed!
repetition: 18560
>passed!
repetition: 18561
>passed!
repetition: 18562
>passed!
repetition: 18563
>passed!
repetition: 18564
>passed!
repetition: 18565
>passed!
repetition: 18566
>passed!
repetition: 18567
>passed!
repetition: 18568
>passed!
repetition: 18569
>passed!
repetition: 18570
>passed!
repetition: 18571
>passed!
repetition: 18572
>passed!
repetition: 18573
>passed!
repetition: 18574
>passed!
repetition: 18575
>passed!
repetition: 18576
>passed!
repetition: 18577
>passed!
repetition: 18578
>passed!
repetition: 18579
>passed!
repetition: 18580
>passed!
repetition: 18581
>passed!
repetition: 18582
>passed!
repetition: 18583
>passed!
repetition: 18584
>passed!
repetition: 18585
>passed!
repetition: 18586
>passed!
repetition: 18587
>passed!
repetition: 18588
>passed!
repetition: 18589
>passed!
repetition: 18590
>passed!
repetition: 18591
>passed!
repetition: 18592
>passed!
repetition: 18593
>passed!
repetition: 18594
>passed!
repetition: 18595
>passed!
repetition: 18596
>passed!
repetition: 18597
>passed!
repetition: 18598
>passed!
repetition: 18599
>passed!
repetition: 18600
>passed!
repetition: 18601
>passed!
repetition: 18602
>passed!
repetition: 18603
>passed!
repetition: 18604
>passed!
repetition: 18605
>passed!
repetition: 18606
>passed!
repetition: 18607
>passed!
repetition: 18608
>passed!
repetition: 18609
>passed!
repetition: 18610
>passed!
repetition: 18611
>passed!
repetition: 18612
>passed!
repetition: 18613
>passed!
repetition: 18614
>passed!
repetition: 18615
>passed!
repetition: 18616
>passed!
repetition: 18617
>passed!
repetition: 18618
>passed!
repetition: 18619
>passed!
repetition: 18620
>passed!
repetition: 18621
>passed!
repetition: 18622
>passed!
repetition: 18623
>passed!
repetition: 18624
>passed!
repetition: 18625
>passed!
repetition: 18626
>passed!
repetition: 18627
>passed!
repetition: 18628
>passed!
repetition: 18629
>passed!
repetition: 18630
>passed!
repetition: 18631
>passed!
repetition: 18632
>passed!
repetition: 18633
>passed!
repetition: 18634
>passed!
repetition: 18635
>passed!
repetition: 18636
>passed!
repetition: 18637
>passed!
repetition: 18638
>passed!
repetition: 18639
>passed!
repetition: 18640
>passed!
repetition: 18641
>passed!
repetition: 18642
>passed!
repetition: 18643
>passed!
repetition: 18644
>passed!
repetition: 18645
>passed!
repetition: 18646
>passed!
repetition: 18647
>passed!
repetition: 18648
>passed!
repetition: 18649
>passed!
repetition: 18650
>passed!
repetition: 18651
>passed!
repetition: 18652
>passed!
repetition: 18653
>passed!
repetition: 18654
>passed!
repetition: 18655
>passed!
repetition: 18656
>passed!
repetition: 18657
>passed!
repetition: 18658
>passed!
repetition: 18659
>passed!
repetition: 18660
>passed!
repetition: 18661
>passed!
repetition: 18662
>passed!
repetition: 18663
>passed!
repetition: 18664
>passed!
repetition: 18665
>passed!
repetition: 18666
>passed!
repetition: 18667
>passed!
repetition: 18668
>passed!
repetition: 18669
>passed!
repetition: 18670
>passed!
repetition: 18671
>passed!
repetition: 18672
>passed!
repetition: 18673
>passed!
repetition: 18674
>passed!
repetition: 18675
>passed!
repetition: 18676
>passed!
repetition: 18677
>passed!
repetition: 18678
>passed!
repetition: 18679
>passed!
repetition: 18680
>passed!
repetition: 18681
>passed!
repetition: 18682
>passed!
repetition: 18683
>passed!
repetition: 18684
>passed!
repetition: 18685
>passed!
repetition: 18686
>passed!
repetition: 18687
>passed!
repetition: 18688
>passed!
repetition: 18689
>passed!
repetition: 18690
>passed!
repetition: 18691
>passed!
repetition: 18692
>passed!
repetition: 18693
>passed!
repetition: 18694
>passed!
repetition: 18695
>passed!
repetition: 18696
>passed!
repetition: 18697
>passed!
repetition: 18698
>passed!
repetition: 18699
>passed!
repetition: 18700
>passed!
repetition: 18701
>passed!
repetition: 18702
>passed!
repetition: 18703
>passed!
repetition: 18704
>passed!
repetition: 18705
>passed!
repetition: 18706
>passed!
repetition: 18707
>passed!
repetition: 18708
>passed!
repetition: 18709
>passed!
repetition: 18710
>passed!
repetition: 18711
>passed!
repetition: 18712
>passed!
repetition: 18713
>passed!
repetition: 18714
>passed!
repetition: 18715
>passed!
repetition: 18716
>passed!
repetition: 18717
>passed!
repetition: 18718
>passed!
repetition: 18719
>passed!
repetition: 18720
>passed!
repetition: 18721
>passed!
repetition: 18722
>passed!
repetition: 18723
>passed!
repetition: 18724
>passed!
repetition: 18725
>passed!
repetition: 18726
>passed!
repetition: 18727
>passed!
repetition: 18728
>passed!
repetition: 18729
>passed!
repetition: 18730
>passed!
repetition: 18731
>passed!
repetition: 18732
>passed!
repetition: 18733
>passed!
repetition: 18734
>passed!
repetition: 18735
>passed!
repetition: 18736
>passed!
repetition: 18737
>passed!
repetition: 18738
>passed!
repetition: 18739
>passed!
repetition: 18740
>passed!
repetition: 18741
>passed!
repetition: 18742
>passed!
repetition: 18743
>passed!
repetition: 18744
>passed!
repetition: 18745
>passed!
repetition: 18746
>passed!
repetition: 18747
>passed!
repetition: 18748
>passed!
repetition: 18749
>passed!
repetition: 18750
>passed!
repetition: 18751
>passed!
repetition: 18752
>passed!
repetition: 18753
>passed!
repetition: 18754
>passed!
repetition: 18755
>passed!
repetition: 18756
>passed!
repetition: 18757
>passed!
repetition: 18758
>passed!
repetition: 18759
>passed!
repetition: 18760
>passed!
repetition: 18761
>passed!
repetition: 18762
>passed!
repetition: 18763
>passed!
repetition: 18764
>passed!
repetition: 18765
>passed!
repetition: 18766
>passed!
repetition: 18767
>passed!
repetition: 18768
>passed!
repetition: 18769
>passed!
repetition: 18770
>passed!
repetition: 18771
>passed!
repetition: 18772
>passed!
repetition: 18773
>passed!
repetition: 18774
>passed!
repetition: 18775
>passed!
repetition: 18776
>passed!
repetition: 18777
>passed!
repetition: 18778
>passed!
repetition: 18779
>passed!
repetition: 18780
>passed!
repetition: 18781
>passed!
repetition: 18782
>passed!
repetition: 18783
>passed!
repetition: 18784
>passed!
repetition: 18785
>passed!
repetition: 18786
>passed!
repetition: 18787
>passed!
repetition: 18788
>passed!
repetition: 18789
>passed!
repetition: 18790
>passed!
repetition: 18791
>passed!
repetition: 18792
>passed!
repetition: 18793
>passed!
repetition: 18794
>passed!
repetition: 18795
>passed!
repetition: 18796
>passed!
repetition: 18797
>passed!
repetition: 18798
>passed!
repetition: 18799
>passed!
repetition: 18800
>passed!
repetition: 18801
>passed!
repetition: 18802
>passed!
repetition: 18803
>passed!
repetition: 18804
>passed!
repetition: 18805
>passed!
repetition: 18806
>passed!
repetition: 18807
>passed!
repetition: 18808
>passed!
repetition: 18809
>passed!
repetition: 18810
>passed!
repetition: 18811
>passed!
repetition: 18812
>passed!
repetition: 18813
>passed!
repetition: 18814
>passed!
repetition: 18815
>passed!
repetition: 18816
>passed!
repetition: 18817
>passed!
repetition: 18818
>passed!
repetition: 18819
>passed!
repetition: 18820
>passed!
repetition: 18821
>passed!
repetition: 18822
>passed!
repetition: 18823
>passed!
repetition: 18824
>passed!
repetition: 18825
>passed!
repetition: 18826
>passed!
repetition: 18827
>passed!
repetition: 18828
>passed!
repetition: 18829
>passed!
repetition: 18830
>passed!
repetition: 18831
>passed!
repetition: 18832
>passed!
repetition: 18833
>passed!
repetition: 18834
>passed!
repetition: 18835
>passed!
repetition: 18836
>passed!
repetition: 18837
>passed!
repetition: 18838
>passed!
repetition: 18839
>passed!
repetition: 18840
>passed!
repetition: 18841
>passed!
repetition: 18842
>passed!
repetition: 18843
>passed!
repetition: 18844
>passed!
repetition: 18845
>passed!
repetition: 18846
>passed!
repetition: 18847
>passed!
repetition: 18848
>passed!
repetition: 18849
>passed!
repetition: 18850
>passed!
repetition: 18851
>passed!
repetition: 18852
>passed!
repetition: 18853
>passed!
repetition: 18854
>passed!
repetition: 18855
>passed!
repetition: 18856
>passed!
repetition: 18857
>passed!
repetition: 18858
>passed!
repetition: 18859
>passed!
repetition: 18860
>passed!
repetition: 18861
>passed!
repetition: 18862
>passed!
repetition: 18863
>passed!
repetition: 18864
>passed!
repetition: 18865
>passed!
repetition: 18866
>passed!
repetition: 18867
>passed!
repetition: 18868
>passed!
repetition: 18869
>passed!
repetition: 18870
>passed!
repetition: 18871
>passed!
repetition: 18872
>passed!
repetition: 18873
>passed!
repetition: 18874
>passed!
repetition: 18875
>passed!
repetition: 18876
>passed!
repetition: 18877
>passed!
repetition: 18878
>passed!
repetition: 18879
>passed!
repetition: 18880
>passed!
repetition: 18881
>passed!
repetition: 18882
>passed!
repetition: 18883
>passed!
repetition: 18884
>passed!
repetition: 18885
>passed!
repetition: 18886
>passed!
repetition: 18887
>passed!
repetition: 18888
>passed!
repetition: 18889
>passed!
repetition: 18890
>passed!
repetition: 18891
>passed!
repetition: 18892
>passed!
repetition: 18893
>passed!
repetition: 18894
>passed!
repetition: 18895
>passed!
repetition: 18896
>passed!
repetition: 18897
>passed!
repetition: 18898
>passed!
repetition: 18899
>passed!
repetition: 18900
>passed!
repetition: 18901
>passed!
repetition: 18902
>passed!
repetition: 18903
>passed!
repetition: 18904
>passed!
repetition: 18905
>passed!
repetition: 18906
>passed!
repetition: 18907
>passed!
repetition: 18908
>passed!
repetition: 18909
>passed!
repetition: 18910
>passed!
repetition: 18911
>passed!
repetition: 18912
>passed!
repetition: 18913
>passed!
repetition: 18914
>passed!
repetition: 18915
>passed!
repetition: 18916
>passed!
repetition: 18917
>passed!
repetition: 18918
>passed!
repetition: 18919
>passed!
repetition: 18920
>passed!
repetition: 18921
>passed!
repetition: 18922
>passed!
repetition: 18923
>passed!
repetition: 18924
>passed!
repetition: 18925
>passed!
repetition: 18926
>passed!
repetition: 18927
>passed!
repetition: 18928
>passed!
repetition: 18929
>passed!
repetition: 18930
>passed!
repetition: 18931
>passed!
repetition: 18932
>passed!
repetition: 18933
>passed!
repetition: 18934
>passed!
repetition: 18935
>passed!
repetition: 18936
>passed!
repetition: 18937
>passed!
repetition: 18938
>passed!
repetition: 18939
>passed!
repetition: 18940
>passed!
repetition: 18941
>passed!
repetition: 18942
>passed!
repetition: 18943
>passed!
repetition: 18944
>passed!
repetition: 18945
>passed!
repetition: 18946
>passed!
repetition: 18947
>passed!
repetition: 18948
>passed!
repetition: 18949
>passed!
repetition: 18950
>passed!
repetition: 18951
>passed!
repetition: 18952
>passed!
repetition: 18953
>passed!
repetition: 18954
>passed!
repetition: 18955
>passed!
repetition: 18956
>passed!
repetition: 18957
>passed!
repetition: 18958
>passed!
repetition: 18959
>passed!
repetition: 18960
>passed!
repetition: 18961
>passed!
repetition: 18962
>passed!
repetition: 18963
>passed!
repetition: 18964
>passed!
repetition: 18965
>passed!
repetition: 18966
>passed!
repetition: 18967
>passed!
repetition: 18968
>passed!
repetition: 18969
>passed!
repetition: 18970
>passed!
repetition: 18971
>passed!
repetition: 18972
>passed!
repetition: 18973
>passed!
repetition: 18974
>passed!
repetition: 18975
>passed!
repetition: 18976
>passed!
repetition: 18977
>passed!
repetition: 18978
>passed!
repetition: 18979
>passed!
repetition: 18980
>passed!
repetition: 18981
>passed!
repetition: 18982
>passed!
repetition: 18983
>passed!
repetition: 18984
>passed!
repetition: 18985
>passed!
repetition: 18986
>passed!
repetition: 18987
>passed!
repetition: 18988
>passed!
repetition: 18989
>passed!
repetition: 18990
>passed!
repetition: 18991
>passed!
repetition: 18992
>passed!
repetition: 18993
>passed!
repetition: 18994
>passed!
repetition: 18995
>passed!
repetition: 18996
>passed!
repetition: 18997
>passed!
repetition: 18998
>passed!
repetition: 18999
>passed!
repetition: 19000
>passed!
repetition: 19001
>passed!
repetition: 19002
>passed!
repetition: 19003
>passed!
repetition: 19004
>passed!
repetition: 19005
>passed!
repetition: 19006
>passed!
repetition: 19007
>passed!
repetition: 19008
>passed!
repetition: 19009
>passed!
repetition: 19010
>passed!
repetition: 19011
>passed!
repetition: 19012
>passed!
repetition: 19013
>passed!
repetition: 19014
>passed!
repetition: 19015
>passed!
repetition: 19016
>passed!
repetition: 19017
>passed!
repetition: 19018
>passed!
repetition: 19019
>passed!
repetition: 19020
>passed!
repetition: 19021
>passed!
repetition: 19022
>passed!
repetition: 19023
>passed!
repetition: 19024
>passed!
repetition: 19025
>passed!
repetition: 19026
>passed!
repetition: 19027
>passed!
repetition: 19028
>passed!
repetition: 19029
>passed!
repetition: 19030
>passed!
repetition: 19031
>passed!
repetition: 19032
>passed!
repetition: 19033
>passed!
repetition: 19034
>passed!
repetition: 19035
>passed!
repetition: 19036
>passed!
repetition: 19037
>passed!
repetition: 19038
>passed!
repetition: 19039
>passed!
repetition: 19040
>passed!
repetition: 19041
>passed!
repetition: 19042
>passed!
repetition: 19043
>passed!
repetition: 19044
>passed!
repetition: 19045
>passed!
repetition: 19046
>passed!
repetition: 19047
>passed!
repetition: 19048
>passed!
repetition: 19049
>passed!
repetition: 19050
>passed!
repetition: 19051
>passed!
repetition: 19052
>passed!
repetition: 19053
>passed!
repetition: 19054
>passed!
repetition: 19055
>passed!
repetition: 19056
>passed!
repetition: 19057
>passed!
repetition: 19058
>passed!
repetition: 19059
>passed!
repetition: 19060
>passed!
repetition: 19061
>passed!
repetition: 19062
>passed!
repetition: 19063
>passed!
repetition: 19064
>passed!
repetition: 19065
>passed!
repetition: 19066
>passed!
repetition: 19067
>passed!
repetition: 19068
>passed!
repetition: 19069
>passed!
repetition: 19070
>passed!
repetition: 19071
>passed!
repetition: 19072
>passed!
repetition: 19073
>passed!
repetition: 19074
>passed!
repetition: 19075
>passed!
repetition: 19076
>passed!
repetition: 19077
>passed!
repetition: 19078
>passed!
repetition: 19079
>passed!
repetition: 19080
>passed!
repetition: 19081
>passed!
repetition: 19082
>passed!
repetition: 19083
>passed!
repetition: 19084
>passed!
repetition: 19085
>passed!
repetition: 19086
>passed!
repetition: 19087
>passed!
repetition: 19088
>passed!
repetition: 19089
>passed!
repetition: 19090
>passed!
repetition: 19091
>passed!
repetition: 19092
>passed!
repetition: 19093
>passed!
repetition: 19094
>passed!
repetition: 19095
>passed!
repetition: 19096
>passed!
repetition: 19097
>passed!
repetition: 19098
>passed!
repetition: 19099
>passed!
repetition: 19100
>passed!
repetition: 19101
>passed!
repetition: 19102
>passed!
repetition: 19103
>passed!
repetition: 19104
>passed!
repetition: 19105
>passed!
repetition: 19106
>passed!
repetition: 19107
>passed!
repetition: 19108
>passed!
repetition: 19109
>passed!
repetition: 19110
>passed!
repetition: 19111
>passed!
repetition: 19112
>passed!
repetition: 19113
>passed!
repetition: 19114
>passed!
repetition: 19115
>passed!
repetition: 19116
>passed!
repetition: 19117
>passed!
repetition: 19118
>passed!
repetition: 19119
>passed!
repetition: 19120
>passed!
repetition: 19121
>passed!
repetition: 19122
>passed!
repetition: 19123
>passed!
repetition: 19124
>passed!
repetition: 19125
>passed!
repetition: 19126
>passed!
repetition: 19127
>passed!
repetition: 19128
>passed!
repetition: 19129
>passed!
repetition: 19130
>passed!
repetition: 19131
>passed!
repetition: 19132
>passed!
repetition: 19133
>passed!
repetition: 19134
>passed!
repetition: 19135
>passed!
repetition: 19136
>passed!
repetition: 19137
>passed!
repetition: 19138
>passed!
repetition: 19139
>passed!
repetition: 19140
>passed!
repetition: 19141
>passed!
repetition: 19142
>passed!
repetition: 19143
>passed!
repetition: 19144
>passed!
repetition: 19145
>passed!
repetition: 19146
>passed!
repetition: 19147
>passed!
repetition: 19148
>passed!
repetition: 19149
>passed!
repetition: 19150
>passed!
repetition: 19151
>passed!
repetition: 19152
>passed!
repetition: 19153
>passed!
repetition: 19154
>passed!
repetition: 19155
>passed!
repetition: 19156
>passed!
repetition: 19157
>passed!
repetition: 19158
>passed!
repetition: 19159
>passed!
repetition: 19160
>passed!
repetition: 19161
>passed!
repetition: 19162
>passed!
repetition: 19163
>passed!
repetition: 19164
>passed!
repetition: 19165
>passed!
repetition: 19166
>passed!
repetition: 19167
>passed!
repetition: 19168
>passed!
repetition: 19169
>passed!
repetition: 19170
>passed!
repetition: 19171
>passed!
repetition: 19172
>passed!
repetition: 19173
>passed!
repetition: 19174
>passed!
repetition: 19175
>passed!
repetition: 19176
>passed!
repetition: 19177
>passed!
repetition: 19178
>passed!
repetition: 19179
>passed!
repetition: 19180
>passed!
repetition: 19181
>passed!
repetition: 19182
>passed!
repetition: 19183
>passed!
repetition: 19184
>passed!
repetition: 19185
>passed!
repetition: 19186
>passed!
repetition: 19187
>passed!
repetition: 19188
>passed!
repetition: 19189
>passed!
repetition: 19190
>passed!
repetition: 19191
>passed!
repetition: 19192
>passed!
repetition: 19193
>passed!
repetition: 19194
>passed!
repetition: 19195
>passed!
repetition: 19196
>passed!
repetition: 19197
>passed!
repetition: 19198
>passed!
repetition: 19199
>passed!
repetition: 19200
>passed!
repetition: 19201
>passed!
repetition: 19202
>passed!
repetition: 19203
>passed!
repetition: 19204
>passed!
repetition: 19205
>passed!
repetition: 19206
>passed!
repetition: 19207
>passed!
repetition: 19208
>passed!
repetition: 19209
>passed!
repetition: 19210
>passed!
repetition: 19211
>passed!
repetition: 19212
>passed!
repetition: 19213
>passed!
repetition: 19214
>passed!
repetition: 19215
>passed!
repetition: 19216
>passed!
repetition: 19217
>passed!
repetition: 19218
>passed!
repetition: 19219
>passed!
repetition: 19220
>passed!
repetition: 19221
>passed!
repetition: 19222
>passed!
repetition: 19223
>passed!
repetition: 19224
>passed!
repetition: 19225
>passed!
repetition: 19226
>passed!
repetition: 19227
>passed!
repetition: 19228
>passed!
repetition: 19229
>passed!
repetition: 19230
>passed!
repetition: 19231
>passed!
repetition: 19232
>passed!
repetition: 19233
>passed!
repetition: 19234
>passed!
repetition: 19235
>passed!
repetition: 19236
>passed!
repetition: 19237
>passed!
repetition: 19238
>passed!
repetition: 19239
>passed!
repetition: 19240
>passed!
repetition: 19241
>passed!
repetition: 19242
>passed!
repetition: 19243
>passed!
repetition: 19244
>passed!
repetition: 19245
>passed!
repetition: 19246
>passed!
repetition: 19247
>passed!
repetition: 19248
>passed!
repetition: 19249
>passed!
repetition: 19250
>passed!
repetition: 19251
>passed!
repetition: 19252
>passed!
repetition: 19253
>passed!
repetition: 19254
>passed!
repetition: 19255
>passed!
repetition: 19256
>passed!
repetition: 19257
>passed!
repetition: 19258
>passed!
repetition: 19259
>passed!
repetition: 19260
>passed!
repetition: 19261
>passed!
repetition: 19262
>passed!
repetition: 19263
>passed!
repetition: 19264
>passed!
repetition: 19265
>passed!
repetition: 19266
>passed!
repetition: 19267
>passed!
repetition: 19268
>passed!
repetition: 19269
>passed!
repetition: 19270
>passed!
repetition: 19271
>passed!
repetition: 19272
>passed!
repetition: 19273
>passed!
repetition: 19274
>passed!
repetition: 19275
>passed!
repetition: 19276
>passed!
repetition: 19277
>passed!
repetition: 19278
>passed!
repetition: 19279
>passed!
repetition: 19280
>passed!
repetition: 19281
>passed!
repetition: 19282
>passed!
repetition: 19283
>passed!
repetition: 19284
>passed!
repetition: 19285
>passed!
repetition: 19286
>passed!
repetition: 19287
>passed!
repetition: 19288
>passed!
repetition: 19289
>passed!
repetition: 19290
>passed!
repetition: 19291
>passed!
repetition: 19292
>passed!
repetition: 19293
>passed!
repetition: 19294
>passed!
repetition: 19295
>passed!
repetition: 19296
>passed!
repetition: 19297
>passed!
repetition: 19298
>passed!
repetition: 19299
>passed!
repetition: 19300
>passed!
repetition: 19301
>passed!
repetition: 19302
>passed!
repetition: 19303
>passed!
repetition: 19304
>passed!
repetition: 19305
>passed!
repetition: 19306
>passed!
repetition: 19307
>passed!
repetition: 19308
>passed!
repetition: 19309
>passed!
repetition: 19310
>passed!
repetition: 19311
>passed!
repetition: 19312
>passed!
repetition: 19313
>passed!
repetition: 19314
>passed!
repetition: 19315
>passed!
repetition: 19316
>passed!
repetition: 19317
>passed!
repetition: 19318
>passed!
repetition: 19319
>passed!
repetition: 19320
>passed!
repetition: 19321
>passed!
repetition: 19322
>passed!
repetition: 19323
>passed!
repetition: 19324
>passed!
repetition: 19325
>passed!
repetition: 19326
>passed!
repetition: 19327
>passed!
repetition: 19328
>passed!
repetition: 19329
>passed!
repetition: 19330
>passed!
repetition: 19331
>passed!
repetition: 19332
>passed!
repetition: 19333
>passed!
repetition: 19334
>passed!
repetition: 19335
>passed!
repetition: 19336
>passed!
repetition: 19337
>passed!
repetition: 19338
>passed!
repetition: 19339
>passed!
repetition: 19340
>passed!
repetition: 19341
>passed!
repetition: 19342
>passed!
repetition: 19343
>passed!
repetition: 19344
>passed!
repetition: 19345
>passed!
repetition: 19346
>passed!
repetition: 19347
>passed!
repetition: 19348
>passed!
repetition: 19349
>passed!
repetition: 19350
>passed!
repetition: 19351
>passed!
repetition: 19352
>passed!
repetition: 19353
>passed!
repetition: 19354
>passed!
repetition: 19355
>passed!
repetition: 19356
>passed!
repetition: 19357
>passed!
repetition: 19358
>passed!
repetition: 19359
>passed!
repetition: 19360
>passed!
repetition: 19361
>passed!
repetition: 19362
>passed!
repetition: 19363
>passed!
repetition: 19364
>passed!
repetition: 19365
>passed!
repetition: 19366
>passed!
repetition: 19367
>passed!
repetition: 19368
>passed!
repetition: 19369
>passed!
repetition: 19370
>passed!
repetition: 19371
>passed!
repetition: 19372
>passed!
repetition: 19373
>passed!
repetition: 19374
>passed!
repetition: 19375
>passed!
repetition: 19376
>passed!
repetition: 19377
>passed!
repetition: 19378
>passed!
repetition: 19379
>passed!
repetition: 19380
>passed!
repetition: 19381
>passed!
repetition: 19382
>passed!
repetition: 19383
>passed!
repetition: 19384
>passed!
repetition: 19385
>passed!
repetition: 19386
>passed!
repetition: 19387
>passed!
repetition: 19388
>passed!
repetition: 19389
>passed!
repetition: 19390
>passed!
repetition: 19391
>passed!
repetition: 19392
>passed!
repetition: 19393
>passed!
repetition: 19394
>passed!
repetition: 19395
>passed!
repetition: 19396
>passed!
repetition: 19397
>passed!
repetition: 19398
>passed!
repetition: 19399
>passed!
repetition: 19400
>passed!
repetition: 19401
>passed!
repetition: 19402
>passed!
repetition: 19403
>passed!
repetition: 19404
>passed!
repetition: 19405
>passed!
repetition: 19406
>passed!
repetition: 19407
>passed!
repetition: 19408
>passed!
repetition: 19409
>passed!
repetition: 19410
>passed!
repetition: 19411
>passed!
repetition: 19412
>passed!
repetition: 19413
>passed!
repetition: 19414
>passed!
repetition: 19415
>passed!
repetition: 19416
>passed!
repetition: 19417
>passed!
repetition: 19418
>passed!
repetition: 19419
>passed!
repetition: 19420
>passed!
repetition: 19421
>passed!
repetition: 19422
>passed!
repetition: 19423
>passed!
repetition: 19424
>passed!
repetition: 19425
>passed!
repetition: 19426
>passed!
repetition: 19427
>passed!
repetition: 19428
>passed!
repetition: 19429
>passed!
repetition: 19430
>passed!
repetition: 19431
>passed!
repetition: 19432
>passed!
repetition: 19433
>passed!
repetition: 19434
>passed!
repetition: 19435
>passed!
repetition: 19436
>passed!
repetition: 19437
>passed!
repetition: 19438
>passed!
repetition: 19439
>passed!
repetition: 19440
>passed!
repetition: 19441
>passed!
repetition: 19442
>passed!
repetition: 19443
>passed!
repetition: 19444
>passed!
repetition: 19445
>passed!
repetition: 19446
>passed!
repetition: 19447
>passed!
repetition: 19448
>passed!
repetition: 19449
>passed!
repetition: 19450
>passed!
repetition: 19451
>passed!
repetition: 19452
>passed!
repetition: 19453
>passed!
repetition: 19454
>passed!
repetition: 19455
>passed!
repetition: 19456
>passed!
repetition: 19457
>passed!
repetition: 19458
>passed!
repetition: 19459
>passed!
repetition: 19460
>passed!
repetition: 19461
>passed!
repetition: 19462
>passed!
repetition: 19463
>passed!
repetition: 19464
>passed!
repetition: 19465
>passed!
repetition: 19466
>passed!
repetition: 19467
>passed!
repetition: 19468
>passed!
repetition: 19469
>passed!
repetition: 19470
>passed!
repetition: 19471
>passed!
repetition: 19472
>passed!
repetition: 19473
>passed!
repetition: 19474
>passed!
repetition: 19475
>passed!
repetition: 19476
>passed!
repetition: 19477
>passed!
repetition: 19478
>passed!
repetition: 19479
>passed!
repetition: 19480
>passed!
repetition: 19481
>passed!
repetition: 19482
>passed!
repetition: 19483
>passed!
repetition: 19484
>passed!
repetition: 19485
>passed!
repetition: 19486
>passed!
repetition: 19487
>passed!
repetition: 19488
>passed!
repetition: 19489
>passed!
repetition: 19490
>passed!
repetition: 19491
>passed!
repetition: 19492
>passed!
repetition: 19493
>passed!
repetition: 19494
>passed!
repetition: 19495
>passed!
repetition: 19496
>passed!
repetition: 19497
>passed!
repetition: 19498
>passed!
repetition: 19499
>passed!
repetition: 19500
>passed!
repetition: 19501
>passed!
repetition: 19502
>passed!
repetition: 19503
>passed!
repetition: 19504
>passed!
repetition: 19505
>passed!
repetition: 19506
>passed!
repetition: 19507
>passed!
repetition: 19508
>passed!
repetition: 19509
>passed!
repetition: 19510
>passed!
repetition: 19511
>passed!
repetition: 19512
>passed!
repetition: 19513
>passed!
repetition: 19514
>passed!
repetition: 19515
>passed!
repetition: 19516
>passed!
repetition: 19517
>passed!
repetition: 19518
>passed!
repetition: 19519
>passed!
repetition: 19520
>passed!
repetition: 19521
>passed!
repetition: 19522
>passed!
repetition: 19523
>passed!
repetition: 19524
>passed!
repetition: 19525
>passed!
repetition: 19526
>passed!
repetition: 19527
>passed!
repetition: 19528
>passed!
repetition: 19529
>passed!
repetition: 19530
>passed!
repetition: 19531
>passed!
repetition: 19532
>passed!
repetition: 19533
>passed!
repetition: 19534
>passed!
repetition: 19535
>passed!
repetition: 19536
>passed!
repetition: 19537
>passed!
repetition: 19538
>passed!
repetition: 19539
>passed!
repetition: 19540
>passed!
repetition: 19541
>passed!
repetition: 19542
>passed!
repetition: 19543
>passed!
repetition: 19544
>passed!
repetition: 19545
>passed!
repetition: 19546
>passed!
repetition: 19547
>passed!
repetition: 19548
>passed!
repetition: 19549
>passed!
repetition: 19550
>passed!
repetition: 19551
>passed!
repetition: 19552
>passed!
repetition: 19553
>passed!
repetition: 19554
>passed!
repetition: 19555
>passed!
repetition: 19556
>passed!
repetition: 19557
>passed!
repetition: 19558
>passed!
repetition: 19559
>passed!
repetition: 19560
>passed!
repetition: 19561
>passed!
repetition: 19562
>passed!
repetition: 19563
>passed!
repetition: 19564
>passed!
repetition: 19565
>passed!
repetition: 19566
>passed!
repetition: 19567
>passed!
repetition: 19568
>passed!
repetition: 19569
>passed!
repetition: 19570
>passed!
repetition: 19571
>passed!
repetition: 19572
>passed!
repetition: 19573
>passed!
repetition: 19574
>passed!
repetition: 19575
>passed!
repetition: 19576
>passed!
repetition: 19577
>passed!
repetition: 19578
>passed!
repetition: 19579
>passed!
repetition: 19580
>passed!
repetition: 19581
>passed!
repetition: 19582
>passed!
repetition: 19583
>passed!
repetition: 19584
>passed!
repetition: 19585
>passed!
repetition: 19586
>passed!
repetition: 19587
>passed!
repetition: 19588
>passed!
repetition: 19589
>passed!
repetition: 19590
>passed!
repetition: 19591
>passed!
repetition: 19592
>passed!
repetition: 19593
>passed!
repetition: 19594
>passed!
repetition: 19595
>passed!
repetition: 19596
>passed!
repetition: 19597
>passed!
repetition: 19598
>passed!
repetition: 19599
>passed!
repetition: 19600
>passed!
repetition: 19601
>passed!
repetition: 19602
>passed!
repetition: 19603
>passed!
repetition: 19604
>passed!
repetition: 19605
>passed!
repetition: 19606
>passed!
repetition: 19607
>passed!
repetition: 19608
>passed!
repetition: 19609
>passed!
repetition: 19610
>passed!
repetition: 19611
>passed!
repetition: 19612
>passed!
repetition: 19613
>passed!
repetition: 19614
>passed!
repetition: 19615
>passed!
repetition: 19616
>passed!
repetition: 19617
>passed!
repetition: 19618
>passed!
repetition: 19619
>passed!
repetition: 19620
>passed!
repetition: 19621
>passed!
repetition: 19622
>passed!
repetition: 19623
>passed!
repetition: 19624
>passed!
repetition: 19625
>passed!
repetition: 19626
>passed!
repetition: 19627
>passed!
repetition: 19628
>passed!
repetition: 19629
>passed!
repetition: 19630
>passed!
repetition: 19631
>passed!
repetition: 19632
>passed!
repetition: 19633
>passed!
repetition: 19634
>passed!
repetition: 19635
>passed!
repetition: 19636
>passed!
repetition: 19637
>passed!
repetition: 19638
>passed!
repetition: 19639
>passed!
repetition: 19640
>passed!
repetition: 19641
>passed!
repetition: 19642
>passed!
repetition: 19643
>passed!
repetition: 19644
>passed!
repetition: 19645
>passed!
repetition: 19646
>passed!
repetition: 19647
>passed!
repetition: 19648
>passed!
repetition: 19649
>passed!
repetition: 19650
>passed!
repetition: 19651
>passed!
repetition: 19652
>passed!
repetition: 19653
>passed!
repetition: 19654
>passed!
repetition: 19655
>passed!
repetition: 19656
>passed!
repetition: 19657
>passed!
repetition: 19658
>passed!
repetition: 19659
>passed!
repetition: 19660
>passed!
repetition: 19661
>passed!
repetition: 19662
>passed!
repetition: 19663
>passed!
repetition: 19664
>passed!
repetition: 19665
>passed!
repetition: 19666
>passed!
repetition: 19667
>passed!
repetition: 19668
>passed!
repetition: 19669
>passed!
repetition: 19670
>passed!
repetition: 19671
>passed!
repetition: 19672
>passed!
repetition: 19673
>passed!
repetition: 19674
>passed!
repetition: 19675
>passed!
repetition: 19676
>passed!
repetition: 19677
>passed!
repetition: 19678
>passed!
repetition: 19679
>passed!
repetition: 19680
>passed!
repetition: 19681
>passed!
repetition: 19682
>passed!
repetition: 19683
>passed!
repetition: 19684
>passed!
repetition: 19685
>passed!
repetition: 19686
>passed!
repetition: 19687
>passed!
repetition: 19688
>passed!
repetition: 19689
>passed!
repetition: 19690
>passed!
repetition: 19691
>passed!
repetition: 19692
>passed!
repetition: 19693
>passed!
repetition: 19694
>passed!
repetition: 19695
>passed!
repetition: 19696
>passed!
repetition: 19697
>passed!
repetition: 19698
>passed!
repetition: 19699
>passed!
repetition: 19700
>passed!
repetition: 19701
>passed!
repetition: 19702
>passed!
repetition: 19703
>passed!
repetition: 19704
>passed!
repetition: 19705
>passed!
repetition: 19706
>passed!
repetition: 19707
>passed!
repetition: 19708
>passed!
repetition: 19709
>passed!
repetition: 19710
>passed!
repetition: 19711
>passed!
repetition: 19712
>passed!
repetition: 19713
>passed!
repetition: 19714
>passed!
repetition: 19715
>passed!
repetition: 19716
>passed!
repetition: 19717
>passed!
repetition: 19718
>passed!
repetition: 19719
>passed!
repetition: 19720
>passed!
repetition: 19721
>passed!
repetition: 19722
>passed!
repetition: 19723
>passed!
repetition: 19724
>passed!
repetition: 19725
>passed!
repetition: 19726
>passed!
repetition: 19727
>passed!
repetition: 19728
>passed!
repetition: 19729
>passed!
repetition: 19730
>passed!
repetition: 19731
>passed!
repetition: 19732
>passed!
repetition: 19733
>passed!
repetition: 19734
>passed!
repetition: 19735
>passed!
repetition: 19736
>passed!
repetition: 19737
>passed!
repetition: 19738
>passed!
repetition: 19739
>passed!
repetition: 19740
>passed!
repetition: 19741
>passed!
repetition: 19742
>passed!
repetition: 19743
>passed!
repetition: 19744
>passed!
repetition: 19745
>passed!
repetition: 19746
>passed!
repetition: 19747
>passed!
repetition: 19748
>passed!
repetition: 19749
>passed!
repetition: 19750
>passed!
repetition: 19751
>passed!
repetition: 19752
>passed!
repetition: 19753
>passed!
repetition: 19754
>passed!
repetition: 19755
>passed!
repetition: 19756
>passed!
repetition: 19757
>passed!
repetition: 19758
>passed!
repetition: 19759
>passed!
repetition: 19760
>passed!
repetition: 19761
>passed!
repetition: 19762
>passed!
repetition: 19763
>passed!
repetition: 19764
>passed!
repetition: 19765
>passed!
repetition: 19766
>passed!
repetition: 19767
>passed!
repetition: 19768
>passed!
repetition: 19769
>passed!
repetition: 19770
>passed!
repetition: 19771
>passed!
repetition: 19772
>passed!
repetition: 19773
>passed!
repetition: 19774
>passed!
repetition: 19775
>passed!
repetition: 19776
>passed!
repetition: 19777
>passed!
repetition: 19778
>passed!
repetition: 19779
>passed!
repetition: 19780
>passed!
repetition: 19781
>passed!
repetition: 19782
>passed!
repetition: 19783
>passed!
repetition: 19784
>passed!
repetition: 19785
>passed!
repetition: 19786
>passed!
repetition: 19787
>passed!
repetition: 19788
>passed!
repetition: 19789
>passed!
repetition: 19790
>passed!
repetition: 19791
>passed!
repetition: 19792
>passed!
repetition: 19793
>passed!
repetition: 19794
>passed!
repetition: 19795
>passed!
repetition: 19796
>passed!
repetition: 19797
>passed!
repetition: 19798
>passed!
repetition: 19799
>passed!
repetition: 19800
>passed!
repetition: 19801
>passed!
repetition: 19802
>passed!
repetition: 19803
>passed!
repetition: 19804
>passed!
repetition: 19805
>passed!
repetition: 19806
>passed!
repetition: 19807
>passed!
repetition: 19808
>passed!
repetition: 19809
>passed!
repetition: 19810
>passed!
repetition: 19811
>passed!
repetition: 19812
>passed!
repetition: 19813
>passed!
repetition: 19814
>passed!
repetition: 19815
>passed!
repetition: 19816
>passed!
repetition: 19817
>passed!
repetition: 19818
>passed!
repetition: 19819
>passed!
repetition: 19820
>passed!
repetition: 19821
>passed!
repetition: 19822
>passed!
repetition: 19823
>passed!
repetition: 19824
>passed!
repetition: 19825
>passed!
repetition: 19826
>passed!
repetition: 19827
>passed!
repetition: 19828
>passed!
repetition: 19829
>passed!
repetition: 19830
>passed!
repetition: 19831
>passed!
repetition: 19832
>passed!
repetition: 19833
>passed!
repetition: 19834
>passed!
repetition: 19835
>passed!
repetition: 19836
>passed!
repetition: 19837
>passed!
repetition: 19838
>passed!
repetition: 19839
>passed!
repetition: 19840
>passed!
repetition: 19841
>passed!
repetition: 19842
>passed!
repetition: 19843
>passed!
repetition: 19844
>passed!
repetition: 19845
>passed!
repetition: 19846
>passed!
repetition: 19847
>passed!
repetition: 19848
>passed!
repetition: 19849
>passed!
repetition: 19850
>passed!
repetition: 19851
>passed!
repetition: 19852
>passed!
repetition: 19853
>passed!
repetition: 19854
>passed!
repetition: 19855
>passed!
repetition: 19856
>passed!
repetition: 19857
>passed!
repetition: 19858
>passed!
repetition: 19859
>passed!
repetition: 19860
>passed!
repetition: 19861
>passed!
repetition: 19862
>passed!
repetition: 19863
>passed!
repetition: 19864
>passed!
repetition: 19865
>passed!
repetition: 19866
>passed!
repetition: 19867
>passed!
repetition: 19868
>passed!
repetition: 19869
>passed!
repetition: 19870
>passed!
repetition: 19871
>passed!
repetition: 19872
>passed!
repetition: 19873
>passed!
repetition: 19874
>passed!
repetition: 19875
>passed!
repetition: 19876
>passed!
repetition: 19877
>passed!
repetition: 19878
>passed!
repetition: 19879
>passed!
repetition: 19880
>passed!
repetition: 19881
>passed!
repetition: 19882
>passed!
repetition: 19883
>passed!
repetition: 19884
>passed!
repetition: 19885
>passed!
repetition: 19886
>passed!
repetition: 19887
>passed!
repetition: 19888
>passed!
repetition: 19889
>passed!
repetition: 19890
>passed!
repetition: 19891
>passed!
repetition: 19892
>passed!
repetition: 19893
>passed!
repetition: 19894
>passed!
repetition: 19895
>passed!
repetition: 19896
>passed!
repetition: 19897
>passed!
repetition: 19898
>passed!
repetition: 19899
>passed!
repetition: 19900
>passed!
repetition: 19901
>passed!
repetition: 19902
>passed!
repetition: 19903
>passed!
repetition: 19904
>passed!
repetition: 19905
>passed!
repetition: 19906
>passed!
repetition: 19907
>passed!
repetition: 19908
>passed!
repetition: 19909
>passed!
repetition: 19910
>passed!
repetition: 19911
>passed!
repetition: 19912
>passed!
repetition: 19913
>passed!
repetition: 19914
>passed!
repetition: 19915
>passed!
repetition: 19916
>passed!
repetition: 19917
>passed!
repetition: 19918
>passed!
repetition: 19919
>passed!
repetition: 19920
>passed!
repetition: 19921
>passed!
repetition: 19922
>passed!
repetition: 19923
>passed!
repetition: 19924
>passed!
repetition: 19925
>passed!
repetition: 19926
>passed!
repetition: 19927
>passed!
repetition: 19928
>passed!
repetition: 19929
>passed!
repetition: 19930
>passed!
repetition: 19931
>passed!
repetition: 19932
>passed!
repetition: 19933
>passed!
repetition: 19934
>passed!
repetition: 19935
>passed!
repetition: 19936
>passed!
repetition: 19937
>passed!
repetition: 19938
>passed!
repetition: 19939
>passed!
repetition: 19940
>passed!
repetition: 19941
>passed!
repetition: 19942
>passed!
repetition: 19943
>passed!
repetition: 19944
>passed!
repetition: 19945
>passed!
repetition: 19946
>passed!
repetition: 19947
>passed!
repetition: 19948
>passed!
repetition: 19949
>passed!
repetition: 19950
>passed!
repetition: 19951
>passed!
repetition: 19952
>passed!
repetition: 19953
>passed!
repetition: 19954
>passed!
repetition: 19955
>passed!
repetition: 19956
>passed!
repetition: 19957
>passed!
repetition: 19958
>passed!
repetition: 19959
>passed!
repetition: 19960
>passed!
repetition: 19961
>passed!
repetition: 19962
>passed!
repetition: 19963
>passed!
repetition: 19964
>passed!
repetition: 19965
>passed!
repetition: 19966
>passed!
repetition: 19967
>passed!
repetition: 19968
>passed!
repetition: 19969
>passed!
repetition: 19970
>passed!
repetition: 19971
>passed!
repetition: 19972
>passed!
repetition: 19973
>passed!
repetition: 19974
>passed!
repetition: 19975
>passed!
repetition: 19976
>passed!
repetition: 19977
>passed!
repetition: 19978
>passed!
repetition: 19979
>passed!
repetition: 19980
>passed!
repetition: 19981
>passed!
repetition: 19982
>passed!
repetition: 19983
>passed!
repetition: 19984
>passed!
repetition: 19985
>passed!
repetition: 19986
>passed!
repetition: 19987
>passed!
repetition: 19988
>passed!
repetition: 19989
>passed!
repetition: 19990
>passed!
repetition: 19991
>passed!
repetition: 19992
>passed!
repetition: 19993
>passed!
repetition: 19994
>passed!
repetition: 19995
>passed!
repetition: 19996
>passed!
repetition: 19997
>passed!
repetition: 19998
>passed!
repetition: 19999
>passed!
repetition: 20000
>passed!
repetition: 20001
>passed!
repetition: 20002
>passed!
repetition: 20003
>passed!
repetition: 20004
>passed!
repetition: 20005
>passed!
repetition: 20006
>passed!
repetition: 20007
>passed!
repetition: 20008
>passed!
repetition: 20009
>passed!
repetition: 20010
>passed!
repetition: 20011
>passed!
repetition: 20012
>passed!
repetition: 20013
>passed!
repetition: 20014
>passed!
repetition: 20015
>passed!
repetition: 20016
>passed!
repetition: 20017
>passed!
repetition: 20018
>passed!
repetition: 20019
>passed!
repetition: 20020
>passed!
repetition: 20021
>passed!
repetition: 20022
>passed!
repetition: 20023
>passed!
repetition: 20024
>passed!
repetition: 20025
>passed!
repetition: 20026
>passed!
repetition: 20027
>passed!
repetition: 20028
>passed!
repetition: 20029
>passed!
repetition: 20030
>passed!
repetition: 20031
>passed!
repetition: 20032
>passed!
repetition: 20033
>passed!
repetition: 20034
>passed!
repetition: 20035
>passed!
repetition: 20036
>passed!
repetition: 20037
>passed!
repetition: 20038
>passed!
repetition: 20039
>passed!
repetition: 20040
>passed!
repetition: 20041
>passed!
repetition: 20042
>passed!
repetition: 20043
>passed!
repetition: 20044
>passed!
repetition: 20045
>passed!
repetition: 20046
>passed!
repetition: 20047
>passed!
repetition: 20048
>passed!
repetition: 20049
>passed!
repetition: 20050
>passed!
repetition: 20051
>passed!
repetition: 20052
>passed!
repetition: 20053
>passed!
repetition: 20054
>passed!
repetition: 20055
>passed!
repetition: 20056
>passed!
repetition: 20057
>passed!
repetition: 20058
>passed!
repetition: 20059
>passed!
repetition: 20060
>passed!
repetition: 20061
>passed!
repetition: 20062
>passed!
repetition: 20063
>passed!
repetition: 20064
>passed!
repetition: 20065
>passed!
repetition: 20066
>passed!
repetition: 20067
>passed!
repetition: 20068
>passed!
repetition: 20069
>passed!
repetition: 20070
>passed!
repetition: 20071
>passed!
repetition: 20072
>passed!
repetition: 20073
>passed!
repetition: 20074
>passed!
repetition: 20075
>passed!
repetition: 20076
>passed!
repetition: 20077
>passed!
repetition: 20078
>passed!
repetition: 20079
>passed!
repetition: 20080
>passed!
repetition: 20081
>passed!
repetition: 20082
>passed!
repetition: 20083
>passed!
repetition: 20084
>passed!
repetition: 20085
>passed!
repetition: 20086
>passed!
repetition: 20087
>passed!
repetition: 20088
>passed!
repetition: 20089
>passed!
repetition: 20090
>passed!
repetition: 20091
>passed!
repetition: 20092
>passed!
repetition: 20093
>passed!
repetition: 20094
>passed!
repetition: 20095
>passed!
repetition: 20096
>passed!
repetition: 20097
>passed!
repetition: 20098
>passed!
repetition: 20099
>passed!
repetition: 20100
>passed!
repetition: 20101
>passed!
repetition: 20102
>passed!
repetition: 20103
>passed!
repetition: 20104
>passed!
repetition: 20105
>passed!
repetition: 20106
>passed!
repetition: 20107
>passed!
repetition: 20108
>passed!
repetition: 20109
>passed!
repetition: 20110
>passed!
repetition: 20111
>passed!
repetition: 20112
>passed!
repetition: 20113
>passed!
repetition: 20114
>passed!
repetition: 20115
>passed!
repetition: 20116
>passed!
repetition: 20117
>passed!
repetition: 20118
>passed!
repetition: 20119
>passed!
repetition: 20120
>passed!
repetition: 20121
>passed!
repetition: 20122
>passed!
repetition: 20123
>passed!
repetition: 20124
>passed!
repetition: 20125
>passed!
repetition: 20126
>passed!
repetition: 20127
>passed!
repetition: 20128
>passed!
repetition: 20129
>passed!
repetition: 20130
>passed!
repetition: 20131
>passed!
repetition: 20132
>passed!
repetition: 20133
>passed!
repetition: 20134
>passed!
repetition: 20135
>passed!
repetition: 20136
>passed!
repetition: 20137
>passed!
repetition: 20138
>passed!
repetition: 20139
>passed!
repetition: 20140
>passed!
repetition: 20141
>passed!
repetition: 20142
>passed!
repetition: 20143
>passed!
repetition: 20144
>passed!
repetition: 20145
>passed!
repetition: 20146
>passed!
repetition: 20147
>passed!
repetition: 20148
>passed!
repetition: 20149
>passed!
repetition: 20150
>passed!
repetition: 20151
>passed!
repetition: 20152
>passed!
repetition: 20153
>passed!
repetition: 20154
>passed!
repetition: 20155
>passed!
repetition: 20156
>passed!
repetition: 20157
>passed!
repetition: 20158
>passed!
repetition: 20159
>passed!
repetition: 20160
>passed!
repetition: 20161
>passed!
repetition: 20162
>passed!
repetition: 20163
>passed!
repetition: 20164
>passed!
repetition: 20165
>passed!
repetition: 20166
>passed!
repetition: 20167
>passed!
repetition: 20168
>passed!
repetition: 20169
>passed!
repetition: 20170
>passed!
repetition: 20171
>passed!
repetition: 20172
>passed!
repetition: 20173
>passed!
repetition: 20174
>passed!
repetition: 20175
>passed!
repetition: 20176
>passed!
repetition: 20177
>passed!
repetition: 20178
>passed!
repetition: 20179
>passed!
repetition: 20180
>passed!
repetition: 20181
>passed!
repetition: 20182
>passed!
repetition: 20183
>passed!
repetition: 20184
>passed!
repetition: 20185
>passed!
repetition: 20186
>passed!
repetition: 20187
>passed!
repetition: 20188
>passed!
repetition: 20189
>passed!
repetition: 20190
>passed!
repetition: 20191
>passed!
repetition: 20192
>passed!
repetition: 20193
>passed!
repetition: 20194
>passed!
repetition: 20195
>passed!
repetition: 20196
>passed!
repetition: 20197
>passed!
repetition: 20198
>passed!
repetition: 20199
>passed!
repetition: 20200
>passed!
repetition: 20201
>passed!
repetition: 20202
>passed!
repetition: 20203
>passed!
repetition: 20204
>passed!
repetition: 20205
>passed!
repetition: 20206
>passed!
repetition: 20207
>passed!
repetition: 20208
>passed!
repetition: 20209
>passed!
repetition: 20210
>passed!
repetition: 20211
>passed!
repetition: 20212
>passed!
repetition: 20213
>passed!
repetition: 20214
>passed!
repetition: 20215
>passed!
repetition: 20216
>passed!
repetition: 20217
>passed!
repetition: 20218
>passed!
repetition: 20219
>passed!
repetition: 20220
>passed!
repetition: 20221
>passed!
repetition: 20222
>passed!
repetition: 20223
>passed!
repetition: 20224
>passed!
repetition: 20225
>passed!
repetition: 20226
>passed!
repetition: 20227
>passed!
repetition: 20228
>passed!
repetition: 20229
>passed!
repetition: 20230
>passed!
repetition: 20231
>passed!
repetition: 20232
>passed!
repetition: 20233
>passed!
repetition: 20234
>passed!
repetition: 20235
>passed!
repetition: 20236
>passed!
repetition: 20237
>passed!
repetition: 20238
>passed!
repetition: 20239
>passed!
repetition: 20240
>passed!
repetition: 20241
>passed!
repetition: 20242
>passed!
repetition: 20243
>passed!
repetition: 20244
>passed!
repetition: 20245
>passed!
repetition: 20246
>passed!
repetition: 20247
>passed!
repetition: 20248
>passed!
repetition: 20249
>passed!
repetition: 20250
>passed!
repetition: 20251
>passed!
repetition: 20252
>passed!
repetition: 20253
>passed!
repetition: 20254
>passed!
repetition: 20255
>passed!
repetition: 20256
>passed!
repetition: 20257
>passed!
repetition: 20258
>passed!
repetition: 20259
>passed!
repetition: 20260
>passed!
repetition: 20261
>passed!
repetition: 20262
>passed!
repetition: 20263
>passed!
repetition: 20264
>passed!
repetition: 20265
>passed!
repetition: 20266
>passed!
repetition: 20267
>passed!
repetition: 20268
>passed!
repetition: 20269
>passed!
repetition: 20270
>passed!
repetition: 20271
>passed!
repetition: 20272
>passed!
repetition: 20273
>passed!
repetition: 20274
>passed!
repetition: 20275
>passed!
repetition: 20276
>passed!
repetition: 20277
>passed!
repetition: 20278
>passed!
repetition: 20279
>passed!
repetition: 20280
>passed!
repetition: 20281
>passed!
repetition: 20282
>passed!
repetition: 20283
>passed!
repetition: 20284
>passed!
repetition: 20285
>passed!
repetition: 20286
>passed!
repetition: 20287
>passed!
repetition: 20288
>passed!
repetition: 20289
>passed!
repetition: 20290
>passed!
repetition: 20291
>passed!
repetition: 20292
>passed!
repetition: 20293
>passed!
repetition: 20294
>passed!
repetition: 20295
>passed!
repetition: 20296
>passed!
repetition: 20297
>passed!
repetition: 20298
>passed!
repetition: 20299
>passed!
repetition: 20300
>passed!
repetition: 20301
>passed!
repetition: 20302
>passed!
repetition: 20303
>passed!
repetition: 20304
>passed!
repetition: 20305
>passed!
repetition: 20306
>passed!
repetition: 20307
>passed!
repetition: 20308
>passed!
repetition: 20309
>passed!
repetition: 20310
>passed!
repetition: 20311
>passed!
repetition: 20312
>passed!
repetition: 20313
>passed!
repetition: 20314
>passed!
repetition: 20315
>passed!
repetition: 20316
>passed!
repetition: 20317
>passed!
repetition: 20318
>passed!
repetition: 20319
>passed!
repetition: 20320
>passed!
repetition: 20321
>passed!
repetition: 20322
>passed!
repetition: 20323
>passed!
repetition: 20324
>passed!
repetition: 20325
>passed!
repetition: 20326
>passed!
repetition: 20327
>passed!
repetition: 20328
>passed!
repetition: 20329
>passed!
repetition: 20330
>passed!
repetition: 20331
>passed!
repetition: 20332
>passed!
repetition: 20333
>passed!
repetition: 20334
>passed!
repetition: 20335
>passed!
repetition: 20336
>passed!
repetition: 20337
>passed!
repetition: 20338
>passed!
repetition: 20339
>passed!
repetition: 20340
>passed!
repetition: 20341
>passed!
repetition: 20342
>passed!
repetition: 20343
>passed!
repetition: 20344
>passed!
repetition: 20345
>passed!
repetition: 20346
>passed!
repetition: 20347
>passed!
repetition: 20348
>passed!
repetition: 20349
>passed!
repetition: 20350
>passed!
repetition: 20351
>passed!
repetition: 20352
>passed!
repetition: 20353
>passed!
repetition: 20354
>passed!
repetition: 20355
>passed!
repetition: 20356
>passed!
repetition: 20357
>passed!
repetition: 20358
>passed!
repetition: 20359
>passed!
repetition: 20360
>passed!
repetition: 20361
>passed!
repetition: 20362
>passed!
repetition: 20363
>passed!
repetition: 20364
>passed!
repetition: 20365
>passed!
repetition: 20366
>passed!
repetition: 20367
>passed!
repetition: 20368
>passed!
repetition: 20369
>passed!
repetition: 20370
>passed!
repetition: 20371
>passed!
repetition: 20372
>passed!
repetition: 20373
>passed!
repetition: 20374
>passed!
repetition: 20375
>passed!
repetition: 20376
>passed!
repetition: 20377
>passed!
repetition: 20378
>passed!
repetition: 20379
>passed!
repetition: 20380
>passed!
repetition: 20381
>passed!
repetition: 20382
>passed!
repetition: 20383
>passed!
repetition: 20384
>passed!
repetition: 20385
>passed!
repetition: 20386
>passed!
repetition: 20387
>passed!
repetition: 20388
>passed!
repetition: 20389
>passed!
repetition: 20390
>passed!
repetition: 20391
>passed!
repetition: 20392
>passed!
repetition: 20393
>passed!
repetition: 20394
>passed!
repetition: 20395
>passed!
repetition: 20396
>passed!
repetition: 20397
>passed!
repetition: 20398
>passed!
repetition: 20399
>passed!
repetition: 20400
>passed!
repetition: 20401
>passed!
repetition: 20402
>passed!
repetition: 20403
>passed!
repetition: 20404
>passed!
repetition: 20405
>passed!
repetition: 20406
>passed!
repetition: 20407
>passed!
repetition: 20408
>passed!
repetition: 20409
>passed!
repetition: 20410
>passed!
repetition: 20411
>passed!
repetition: 20412
>passed!
repetition: 20413
>passed!
repetition: 20414
>passed!
repetition: 20415
>passed!
repetition: 20416
>passed!
repetition: 20417
>passed!
repetition: 20418
>passed!
repetition: 20419
>passed!
repetition: 20420
>passed!
repetition: 20421
>passed!
repetition: 20422
>passed!
repetition: 20423
>passed!
repetition: 20424
>passed!
repetition: 20425
>passed!
repetition: 20426
>passed!
repetition: 20427
>passed!
repetition: 20428
>passed!
repetition: 20429
>passed!
repetition: 20430
>passed!
repetition: 20431
>passed!
repetition: 20432
>passed!
repetition: 20433
>passed!
repetition: 20434
>passed!
repetition: 20435
>passed!
repetition: 20436
>passed!
repetition: 20437
>passed!
repetition: 20438
>passed!
repetition: 20439
>passed!
repetition: 20440
>passed!
repetition: 20441
>passed!
repetition: 20442
>passed!
repetition: 20443
>passed!
repetition: 20444
>passed!
repetition: 20445
>passed!
repetition: 20446
>passed!
repetition: 20447
>passed!
repetition: 20448
>passed!
repetition: 20449
>passed!
repetition: 20450
>passed!
repetition: 20451
>passed!
repetition: 20452
>passed!
repetition: 20453
>passed!
repetition: 20454
>passed!
repetition: 20455
>passed!
repetition: 20456
>passed!
repetition: 20457
>passed!
repetition: 20458
>passed!
repetition: 20459
>passed!
repetition: 20460
>passed!
repetition: 20461
>passed!
repetition: 20462
>passed!
repetition: 20463
>passed!
repetition: 20464
>passed!
repetition: 20465
>passed!
repetition: 20466
>passed!
repetition: 20467
>passed!
repetition: 20468
>passed!
repetition: 20469
>passed!
repetition: 20470
>passed!
repetition: 20471
>passed!
repetition: 20472
>passed!
repetition: 20473
>passed!
repetition: 20474
>passed!
repetition: 20475
>passed!
repetition: 20476
>passed!
repetition: 20477
>passed!
repetition: 20478
>passed!
repetition: 20479
>passed!
repetition: 20480
>passed!
repetition: 20481
>passed!
repetition: 20482
>passed!
repetition: 20483
>passed!
repetition: 20484
>passed!
repetition: 20485
>passed!
repetition: 20486
>passed!
repetition: 20487
>passed!
repetition: 20488
>passed!
repetition: 20489
>passed!
repetition: 20490
>passed!
repetition: 20491
>passed!
repetition: 20492
>passed!
repetition: 20493
>passed!
repetition: 20494
>passed!
repetition: 20495
>passed!
repetition: 20496
>passed!
repetition: 20497
>passed!
repetition: 20498
>passed!
repetition: 20499
>passed!
repetition: 20500
>passed!
repetition: 20501
>passed!
repetition: 20502
>passed!
repetition: 20503
>passed!
repetition: 20504
>passed!
repetition: 20505
>passed!
repetition: 20506
>passed!
repetition: 20507
>passed!
repetition: 20508
>passed!
repetition: 20509
>passed!
repetition: 20510
>passed!
repetition: 20511
>passed!
repetition: 20512
>passed!
repetition: 20513
>passed!
repetition: 20514
>passed!
repetition: 20515
>passed!
repetition: 20516
>passed!
repetition: 20517
>passed!
repetition: 20518
>passed!
repetition: 20519
>passed!
repetition: 20520
>passed!
repetition: 20521
>passed!
repetition: 20522
>passed!
repetition: 20523
>passed!
repetition: 20524
>passed!
repetition: 20525
>passed!
repetition: 20526
>passed!
repetition: 20527
>passed!
repetition: 20528
>passed!
repetition: 20529
>passed!
repetition: 20530
>passed!
repetition: 20531
>passed!
repetition: 20532
>passed!
repetition: 20533
>passed!
repetition: 20534
>passed!
repetition: 20535
>passed!
repetition: 20536
>passed!
repetition: 20537
>passed!
repetition: 20538
>passed!
repetition: 20539
>passed!
repetition: 20540
>passed!
repetition: 20541
>passed!
repetition: 20542
>passed!
repetition: 20543
>passed!
repetition: 20544
>passed!
repetition: 20545
>passed!
repetition: 20546
>passed!
repetition: 20547
>passed!
repetition: 20548
>passed!
repetition: 20549
>passed!
repetition: 20550
>passed!
repetition: 20551
>passed!
repetition: 20552
>passed!
repetition: 20553
>passed!
repetition: 20554
>passed!
repetition: 20555
>passed!
repetition: 20556
>passed!
repetition: 20557
>passed!
repetition: 20558
>passed!
repetition: 20559
>passed!
repetition: 20560
>passed!
repetition: 20561
>passed!
repetition: 20562
>passed!
repetition: 20563
>passed!
repetition: 20564
>passed!
repetition: 20565
>passed!
repetition: 20566
>passed!
repetition: 20567
>passed!
repetition: 20568
>passed!
repetition: 20569
>passed!
repetition: 20570
>passed!
repetition: 20571
>passed!
repetition: 20572
>passed!
repetition: 20573
>passed!
repetition: 20574
>passed!
repetition: 20575
>passed!
repetition: 20576
>passed!
repetition: 20577
>passed!
repetition: 20578
>passed!
repetition: 20579
>passed!
repetition: 20580
>passed!
repetition: 20581
>passed!
repetition: 20582
>passed!
repetition: 20583
>passed!
repetition: 20584
>passed!
repetition: 20585
>passed!
repetition: 20586
>passed!
repetition: 20587
>passed!
repetition: 20588
>passed!
repetition: 20589
>passed!
repetition: 20590
>passed!
repetition: 20591
>passed!
repetition: 20592
>passed!
repetition: 20593
>passed!
repetition: 20594
>passed!
repetition: 20595
>passed!
repetition: 20596
>passed!
repetition: 20597
>passed!
repetition: 20598
>passed!
repetition: 20599
>passed!
repetition: 20600
>passed!
repetition: 20601
>passed!
repetition: 20602
>passed!
repetition: 20603
>passed!
repetition: 20604
>passed!
repetition: 20605
>passed!
repetition: 20606
>passed!
repetition: 20607
>passed!
repetition: 20608
>passed!
repetition: 20609
>passed!
repetition: 20610
>passed!
repetition: 20611
>passed!
repetition: 20612
>passed!
repetition: 20613
>passed!
repetition: 20614
>passed!
repetition: 20615
>passed!
repetition: 20616
>passed!
repetition: 20617
>passed!
repetition: 20618
>passed!
repetition: 20619
>passed!
repetition: 20620
>passed!
repetition: 20621
>passed!
repetition: 20622
>passed!
repetition: 20623
>passed!
repetition: 20624
>passed!
repetition: 20625
>passed!
repetition: 20626
>passed!
repetition: 20627
>passed!
repetition: 20628
>passed!
repetition: 20629
>passed!
repetition: 20630
>passed!
repetition: 20631
>passed!
repetition: 20632
>passed!
repetition: 20633
>passed!
repetition: 20634
>passed!
repetition: 20635
>passed!
repetition: 20636
>passed!
repetition: 20637
>passed!
repetition: 20638
>passed!
repetition: 20639
>passed!
repetition: 20640
>passed!
repetition: 20641
>passed!
repetition: 20642
>passed!
repetition: 20643
>passed!
repetition: 20644
>passed!
repetition: 20645
>passed!
repetition: 20646
>passed!
repetition: 20647
>passed!
repetition: 20648
>passed!
repetition: 20649
>passed!
repetition: 20650
>passed!
repetition: 20651
>passed!
repetition: 20652
>passed!
repetition: 20653
>passed!
repetition: 20654
>passed!
repetition: 20655
>passed!
repetition: 20656
>passed!
repetition: 20657
>passed!
repetition: 20658
>passed!
repetition: 20659
>passed!
repetition: 20660
>passed!
repetition: 20661
>passed!
repetition: 20662
>passed!
repetition: 20663
>passed!
repetition: 20664
>passed!
repetition: 20665
>passed!
repetition: 20666
>passed!
repetition: 20667
>passed!
repetition: 20668
>passed!
repetition: 20669
>passed!
repetition: 20670
>passed!
repetition: 20671
>passed!
repetition: 20672
>passed!
repetition: 20673
>passed!
repetition: 20674
>passed!
repetition: 20675
>passed!
repetition: 20676
>passed!
repetition: 20677
>passed!
repetition: 20678
>passed!
repetition: 20679
>passed!
repetition: 20680
>passed!
repetition: 20681
>passed!
repetition: 20682
>passed!
repetition: 20683
>passed!
repetition: 20684
>passed!
repetition: 20685
>passed!
repetition: 20686
>passed!
repetition: 20687
>passed!
repetition: 20688
>passed!
repetition: 20689
>passed!
repetition: 20690
>passed!
repetition: 20691
>passed!
repetition: 20692
>passed!
repetition: 20693
>passed!
repetition: 20694
>passed!
repetition: 20695
>passed!
repetition: 20696
>passed!
repetition: 20697
>passed!
repetition: 20698
>passed!
repetition: 20699
>passed!
repetition: 20700
>passed!
repetition: 20701
>passed!
repetition: 20702
>passed!
repetition: 20703
>passed!
repetition: 20704
>passed!
repetition: 20705
>passed!
repetition: 20706
>passed!
repetition: 20707
>passed!
repetition: 20708
>passed!
repetition: 20709
>passed!
repetition: 20710
>passed!
repetition: 20711
>passed!
repetition: 20712
>passed!
repetition: 20713
>passed!
repetition: 20714
>passed!
repetition: 20715
>passed!
repetition: 20716
>passed!
repetition: 20717
>passed!
repetition: 20718
>passed!
repetition: 20719
>passed!
repetition: 20720
>passed!
repetition: 20721
>passed!
repetition: 20722
>passed!
repetition: 20723
>passed!
repetition: 20724
>passed!
repetition: 20725
>passed!
repetition: 20726
>passed!
repetition: 20727
>passed!
repetition: 20728
>passed!
repetition: 20729
>passed!
repetition: 20730
>passed!
repetition: 20731
>passed!
repetition: 20732
>passed!
repetition: 20733
>passed!
repetition: 20734
>passed!
repetition: 20735
>passed!
repetition: 20736
>passed!
repetition: 20737
>passed!
repetition: 20738
>passed!
repetition: 20739
>passed!
repetition: 20740
>passed!
repetition: 20741
>passed!
repetition: 20742
>passed!
repetition: 20743
>passed!
repetition: 20744
>passed!
repetition: 20745
>passed!
repetition: 20746
>passed!
repetition: 20747
>passed!
repetition: 20748
>passed!
repetition: 20749
>passed!
repetition: 20750
>passed!
repetition: 20751
>passed!
repetition: 20752
>passed!
repetition: 20753
>passed!
repetition: 20754
>passed!
repetition: 20755
>passed!
repetition: 20756
>passed!
repetition: 20757
>passed!
repetition: 20758
>passed!
repetition: 20759
>passed!
repetition: 20760
>passed!
repetition: 20761
>passed!
repetition: 20762
>passed!
repetition: 20763
>passed!
repetition: 20764
>passed!
repetition: 20765
>passed!
repetition: 20766
>passed!
repetition: 20767
>passed!
repetition: 20768
>passed!
repetition: 20769
>passed!
repetition: 20770
>passed!
repetition: 20771
>passed!
repetition: 20772
>passed!
repetition: 20773
>passed!
repetition: 20774
>passed!
repetition: 20775
>passed!
repetition: 20776
>passed!
repetition: 20777
>passed!
repetition: 20778
>passed!
repetition: 20779
>passed!
repetition: 20780
>passed!
repetition: 20781
>passed!
repetition: 20782
>passed!
repetition: 20783
>passed!
repetition: 20784
>passed!
repetition: 20785
>passed!
repetition: 20786
>passed!
repetition: 20787
>passed!
repetition: 20788
>passed!
repetition: 20789
>passed!
repetition: 20790
>passed!
repetition: 20791
>passed!
repetition: 20792
>passed!
repetition: 20793
>passed!
repetition: 20794
>passed!
repetition: 20795
>passed!
repetition: 20796
>passed!
repetition: 20797
>passed!
repetition: 20798
>passed!
repetition: 20799
>passed!
repetition: 20800
>passed!
repetition: 20801
>passed!
repetition: 20802
>passed!
repetition: 20803
>passed!
repetition: 20804
>passed!
repetition: 20805
>passed!
repetition: 20806
>passed!
repetition: 20807
>passed!
repetition: 20808
>passed!
repetition: 20809
>passed!
repetition: 20810
>passed!
repetition: 20811
>passed!
repetition: 20812
>passed!
repetition: 20813
>passed!
repetition: 20814
>passed!
repetition: 20815
>passed!
repetition: 20816
>passed!
repetition: 20817
>passed!
repetition: 20818
>passed!
repetition: 20819
>passed!
repetition: 20820
>passed!
repetition: 20821
>passed!
repetition: 20822
>passed!
repetition: 20823
>passed!
repetition: 20824
>passed!
repetition: 20825
>passed!
repetition: 20826
>passed!
repetition: 20827
>passed!
repetition: 20828
>passed!
repetition: 20829
>passed!
repetition: 20830
>passed!
repetition: 20831
>passed!
repetition: 20832
>passed!
repetition: 20833
>passed!
repetition: 20834
>passed!
repetition: 20835
>passed!
repetition: 20836
>passed!
repetition: 20837
>passed!
repetition: 20838
>passed!
repetition: 20839
>passed!
repetition: 20840
>passed!
repetition: 20841
>passed!
repetition: 20842
>passed!
repetition: 20843
>passed!
repetition: 20844
>passed!
repetition: 20845
>passed!
repetition: 20846
>passed!
repetition: 20847
>passed!
repetition: 20848
>passed!
repetition: 20849
>passed!
repetition: 20850
>passed!
repetition: 20851
>passed!
repetition: 20852
>passed!
repetition: 20853
>passed!
repetition: 20854
>passed!
repetition: 20855
>passed!
repetition: 20856
>passed!
repetition: 20857
>passed!
repetition: 20858
>passed!
repetition: 20859
>passed!
repetition: 20860
>passed!
repetition: 20861
>passed!
repetition: 20862
>passed!
repetition: 20863
>passed!
repetition: 20864
>passed!
repetition: 20865
>passed!
repetition: 20866
>passed!
repetition: 20867
>passed!
repetition: 20868
>passed!
repetition: 20869
>passed!
repetition: 20870
>passed!
repetition: 20871
>passed!
repetition: 20872
>passed!
repetition: 20873
>passed!
repetition: 20874
>passed!
repetition: 20875
>passed!
repetition: 20876
>passed!
repetition: 20877
>passed!
repetition: 20878
>passed!
repetition: 20879
>passed!
repetition: 20880
>passed!
repetition: 20881
>passed!
repetition: 20882
>passed!
repetition: 20883
>passed!
repetition: 20884
>passed!
repetition: 20885
>passed!
repetition: 20886
>passed!
repetition: 20887
>passed!
repetition: 20888
>passed!
repetition: 20889
>passed!
repetition: 20890
>passed!
repetition: 20891
>passed!
repetition: 20892
>passed!
repetition: 20893
>passed!
repetition: 20894
>passed!
repetition: 20895
>passed!
repetition: 20896
>passed!
repetition: 20897
>passed!
repetition: 20898
>passed!
repetition: 20899
>passed!
repetition: 20900
>passed!
repetition: 20901
>passed!
repetition: 20902
>passed!
repetition: 20903
>passed!
repetition: 20904
>passed!
repetition: 20905
>passed!
repetition: 20906
>passed!
repetition: 20907
>passed!
repetition: 20908
>passed!
repetition: 20909
>passed!
repetition: 20910
>passed!
repetition: 20911
>passed!
repetition: 20912
>passed!
repetition: 20913
>passed!
repetition: 20914
>passed!
repetition: 20915
>passed!
repetition: 20916
>passed!
repetition: 20917
>passed!
repetition: 20918
>passed!
repetition: 20919
>passed!
repetition: 20920
>passed!
repetition: 20921
>passed!
repetition: 20922
>passed!
repetition: 20923
>passed!
repetition: 20924
>passed!
repetition: 20925
>passed!
repetition: 20926
>passed!
repetition: 20927
>passed!
repetition: 20928
>passed!
repetition: 20929
>passed!
repetition: 20930
>passed!
repetition: 20931
>passed!
repetition: 20932
>passed!
repetition: 20933
>passed!
repetition: 20934
>passed!
repetition: 20935
>passed!
repetition: 20936
>passed!
repetition: 20937
>passed!
repetition: 20938
>passed!
repetition: 20939
>passed!
repetition: 20940
>passed!
repetition: 20941
>passed!
repetition: 20942
>passed!
repetition: 20943
>passed!
repetition: 20944
>passed!
repetition: 20945
>passed!
repetition: 20946
>passed!
repetition: 20947
>passed!
repetition: 20948
>passed!
repetition: 20949
>passed!
repetition: 20950
>passed!
repetition: 20951
>passed!
repetition: 20952
>passed!
repetition: 20953
>passed!
repetition: 20954
>passed!
repetition: 20955
>passed!
repetition: 20956
>passed!
repetition: 20957
>passed!
repetition: 20958
>passed!
repetition: 20959
>passed!
repetition: 20960
>passed!
repetition: 20961
>passed!
repetition: 20962
>passed!
repetition: 20963
>passed!
repetition: 20964
>passed!
repetition: 20965
>passed!
repetition: 20966
>passed!
repetition: 20967
>passed!
repetition: 20968
>passed!
repetition: 20969
>passed!
repetition: 20970
>passed!
repetition: 20971
>passed!
repetition: 20972
>passed!
repetition: 20973
>passed!
repetition: 20974
>passed!
repetition: 20975
>passed!
repetition: 20976
>passed!
repetition: 20977
>passed!
repetition: 20978
>passed!
repetition: 20979
>passed!
repetition: 20980
>passed!
repetition: 20981
>passed!
repetition: 20982
>passed!
repetition: 20983
>passed!
repetition: 20984
>passed!
repetition: 20985
>passed!
repetition: 20986
>passed!
repetition: 20987
>passed!
repetition: 20988
>passed!
repetition: 20989
>passed!
repetition: 20990
>passed!
repetition: 20991
>passed!
repetition: 20992
>passed!
repetition: 20993
>passed!
repetition: 20994
>passed!
repetition: 20995
>passed!
repetition: 20996
>passed!
repetition: 20997
>passed!
repetition: 20998
>passed!
repetition: 20999
>passed!
repetition: 21000
>passed!
repetition: 21001
>passed!
repetition: 21002
>passed!
repetition: 21003
>passed!
repetition: 21004
>passed!
repetition: 21005
>passed!
repetition: 21006
>passed!
repetition: 21007
>passed!
repetition: 21008
>passed!
repetition: 21009
>passed!
repetition: 21010
>passed!
repetition: 21011
>passed!
repetition: 21012
>passed!
repetition: 21013
>passed!
repetition: 21014
>passed!
repetition: 21015
>passed!
repetition: 21016
>passed!
repetition: 21017
>passed!
repetition: 21018
>passed!
repetition: 21019
>passed!
repetition: 21020
>passed!
repetition: 21021
>passed!
repetition: 21022
>passed!
repetition: 21023
>passed!
repetition: 21024
>passed!
repetition: 21025
>passed!
repetition: 21026
>passed!
repetition: 21027
>passed!
repetition: 21028
>passed!
repetition: 21029
>passed!
repetition: 21030
>passed!
repetition: 21031
>passed!
repetition: 21032
>passed!
repetition: 21033
>passed!
repetition: 21034
>passed!
repetition: 21035
>passed!
repetition: 21036
>passed!
repetition: 21037
>passed!
repetition: 21038
>passed!
repetition: 21039
>passed!
repetition: 21040
>passed!
repetition: 21041
>passed!
repetition: 21042
>passed!
repetition: 21043
>passed!
repetition: 21044
>passed!
repetition: 21045
>passed!
repetition: 21046
>passed!
repetition: 21047
>passed!
repetition: 21048
>passed!
repetition: 21049
>passed!
repetition: 21050
>passed!
repetition: 21051
>passed!
repetition: 21052
>passed!
repetition: 21053
>passed!
repetition: 21054
>passed!
repetition: 21055
>passed!
repetition: 21056
>passed!
repetition: 21057
>passed!
repetition: 21058
>passed!
repetition: 21059
>passed!
repetition: 21060
>passed!
repetition: 21061
>passed!
repetition: 21062
>passed!
repetition: 21063
>passed!
repetition: 21064
>passed!
repetition: 21065
>passed!
repetition: 21066
>passed!
repetition: 21067
>passed!
repetition: 21068
>passed!
repetition: 21069
>passed!
repetition: 21070
>passed!
repetition: 21071
>passed!
repetition: 21072
>passed!
repetition: 21073
>passed!
repetition: 21074
>passed!
repetition: 21075
>passed!
repetition: 21076
>passed!
repetition: 21077
>passed!
repetition: 21078
>passed!
repetition: 21079
>passed!
repetition: 21080
>passed!
repetition: 21081
>passed!
repetition: 21082
>passed!
repetition: 21083
>passed!
repetition: 21084
>passed!
repetition: 21085
>passed!
repetition: 21086
>passed!
repetition: 21087
>passed!
repetition: 21088
>passed!
repetition: 21089
>passed!
repetition: 21090
>passed!
repetition: 21091
>passed!
repetition: 21092
>passed!
repetition: 21093
>passed!
repetition: 21094
>passed!
repetition: 21095
>passed!
repetition: 21096
>passed!
repetition: 21097
>passed!
repetition: 21098
>passed!
repetition: 21099
>passed!
repetition: 21100
>passed!
repetition: 21101
>passed!
repetition: 21102
>passed!
repetition: 21103
>passed!
repetition: 21104
>passed!
repetition: 21105
>passed!
repetition: 21106
>passed!
repetition: 21107
>passed!
repetition: 21108
>passed!
repetition: 21109
>passed!
repetition: 21110
>passed!
repetition: 21111
>passed!
repetition: 21112
>passed!
repetition: 21113
>passed!
repetition: 21114
>passed!
repetition: 21115
>passed!
repetition: 21116
>passed!
repetition: 21117
>passed!
repetition: 21118
>passed!
repetition: 21119
>passed!
repetition: 21120
>passed!
repetition: 21121
>passed!
repetition: 21122
>passed!
repetition: 21123
>passed!
repetition: 21124
>passed!
repetition: 21125
>passed!
repetition: 21126
>passed!
repetition: 21127
>passed!
repetition: 21128
>passed!
repetition: 21129
>passed!
repetition: 21130
>passed!
repetition: 21131
>passed!
repetition: 21132
>passed!
repetition: 21133
>passed!
repetition: 21134
>passed!
repetition: 21135
>passed!
repetition: 21136
>passed!
repetition: 21137
>passed!
repetition: 21138
>passed!
repetition: 21139
>passed!
repetition: 21140
>passed!
repetition: 21141
>passed!
repetition: 21142
>passed!
repetition: 21143
>passed!
repetition: 21144
>passed!
repetition: 21145
>passed!
repetition: 21146
>passed!
repetition: 21147
>passed!
repetition: 21148
>passed!
repetition: 21149
>passed!
repetition: 21150
>passed!
repetition: 21151
>passed!
repetition: 21152
>passed!
repetition: 21153
>passed!
repetition: 21154
>passed!
repetition: 21155
>passed!
repetition: 21156
>passed!
repetition: 21157
>passed!
repetition: 21158
>passed!
repetition: 21159
>passed!
repetition: 21160
>passed!
repetition: 21161
>passed!
repetition: 21162
>passed!
repetition: 21163
>passed!
repetition: 21164
>passed!
repetition: 21165
>passed!
repetition: 21166
>passed!
repetition: 21167
>passed!
repetition: 21168
>passed!
repetition: 21169
>passed!
repetition: 21170
>passed!
repetition: 21171
>passed!
repetition: 21172
>passed!
repetition: 21173
>passed!
repetition: 21174
>passed!
repetition: 21175
>passed!
repetition: 21176
>passed!
repetition: 21177
>passed!
repetition: 21178
>passed!
repetition: 21179
>passed!
repetition: 21180
>passed!
repetition: 21181
>passed!
repetition: 21182
>passed!
repetition: 21183
>passed!
repetition: 21184
>passed!
repetition: 21185
>passed!
repetition: 21186
>passed!
repetition: 21187
>passed!
repetition: 21188
>passed!
repetition: 21189
>passed!
repetition: 21190
>passed!
repetition: 21191
>passed!
repetition: 21192
>passed!
repetition: 21193
>passed!
repetition: 21194
>passed!
repetition: 21195
>passed!
repetition: 21196
>passed!
repetition: 21197
>passed!
repetition: 21198
>passed!
repetition: 21199
>passed!
repetition: 21200
>passed!
repetition: 21201
>passed!
repetition: 21202
>passed!
repetition: 21203
>passed!
repetition: 21204
>passed!
repetition: 21205
>passed!
repetition: 21206
>passed!
repetition: 21207
>passed!
repetition: 21208
>passed!
repetition: 21209
>passed!
repetition: 21210
>passed!
repetition: 21211
>passed!
repetition: 21212
>passed!
repetition: 21213
>passed!
repetition: 21214
>passed!
repetition: 21215
>passed!
repetition: 21216
>passed!
repetition: 21217
>passed!
repetition: 21218
>passed!
repetition: 21219
>passed!
repetition: 21220
>passed!
repetition: 21221
>passed!
repetition: 21222
>passed!
repetition: 21223
>passed!
repetition: 21224
>passed!
repetition: 21225
>passed!
repetition: 21226
>passed!
repetition: 21227
>passed!
repetition: 21228
>passed!
repetition: 21229
>passed!
repetition: 21230
>passed!
repetition: 21231
>passed!
repetition: 21232
>passed!
repetition: 21233
>passed!
repetition: 21234
>passed!
repetition: 21235
>passed!
repetition: 21236
>passed!
repetition: 21237
>passed!
repetition: 21238
>passed!
repetition: 21239
>passed!
repetition: 21240
>passed!
repetition: 21241
>passed!
repetition: 21242
>passed!
repetition: 21243
>passed!
repetition: 21244
>passed!
repetition: 21245
>passed!
repetition: 21246
>passed!
repetition: 21247
>passed!
repetition: 21248
>passed!
repetition: 21249
>passed!
repetition: 21250
>passed!
repetition: 21251
>passed!
repetition: 21252
>passed!
repetition: 21253
>passed!
repetition: 21254
>passed!
repetition: 21255
>passed!
repetition: 21256
>passed!
repetition: 21257
>passed!
repetition: 21258
>passed!
repetition: 21259
>passed!
repetition: 21260
>passed!
repetition: 21261
>passed!
repetition: 21262
>passed!
repetition: 21263
>passed!
repetition: 21264
>passed!
repetition: 21265
>passed!
repetition: 21266
>passed!
repetition: 21267
>passed!
repetition: 21268
>passed!
repetition: 21269
>passed!
repetition: 21270
>passed!
repetition: 21271
>passed!
repetition: 21272
>passed!
repetition: 21273
>passed!
repetition: 21274
>passed!
repetition: 21275
>passed!
repetition: 21276
>passed!
repetition: 21277
>passed!
repetition: 21278
>passed!
repetition: 21279
>passed!
repetition: 21280
>passed!
repetition: 21281
>passed!
repetition: 21282
>passed!
repetition: 21283
>passed!
repetition: 21284
>passed!
repetition: 21285
>passed!
repetition: 21286
>passed!
repetition: 21287
>passed!
repetition: 21288
>passed!
repetition: 21289
>passed!
repetition: 21290
>passed!
repetition: 21291
>passed!
repetition: 21292
>passed!
repetition: 21293
>passed!
repetition: 21294
>passed!
repetition: 21295
>passed!
repetition: 21296
>passed!
repetition: 21297
>passed!
repetition: 21298
>passed!
repetition: 21299
>passed!
repetition: 21300
>passed!
repetition: 21301
>passed!
repetition: 21302
>passed!
repetition: 21303
>passed!
repetition: 21304
>passed!
repetition: 21305
>passed!
repetition: 21306
>passed!
repetition: 21307
>passed!
repetition: 21308
>passed!
repetition: 21309
>passed!
repetition: 21310
>passed!
repetition: 21311
>passed!
repetition: 21312
>passed!
repetition: 21313
>passed!
repetition: 21314
>passed!
repetition: 21315
>passed!
repetition: 21316
>passed!
repetition: 21317
>passed!
repetition: 21318
>passed!
repetition: 21319
>passed!
repetition: 21320
>passed!
repetition: 21321
>passed!
repetition: 21322
>passed!
repetition: 21323
>passed!
repetition: 21324
>passed!
repetition: 21325
>passed!
repetition: 21326
>passed!
repetition: 21327
>passed!
repetition: 21328
>passed!
repetition: 21329
>passed!
repetition: 21330
>passed!
repetition: 21331
>passed!
repetition: 21332
>passed!
repetition: 21333
>passed!
repetition: 21334
>passed!
repetition: 21335
>passed!
repetition: 21336
>passed!
repetition: 21337
>passed!
repetition: 21338
>passed!
repetition: 21339
>passed!
repetition: 21340
>passed!
repetition: 21341
>passed!
repetition: 21342
>passed!
repetition: 21343
>passed!
repetition: 21344
>passed!
repetition: 21345
>passed!
repetition: 21346
>passed!
repetition: 21347
>passed!
repetition: 21348
>passed!
repetition: 21349
>passed!
repetition: 21350
>passed!
repetition: 21351
>passed!
repetition: 21352
>passed!
repetition: 21353
>passed!
repetition: 21354
>passed!
repetition: 21355
>passed!
repetition: 21356
>passed!
repetition: 21357
>passed!
repetition: 21358
>passed!
repetition: 21359
>passed!
repetition: 21360
>passed!
repetition: 21361
>passed!
repetition: 21362
>passed!
repetition: 21363
>passed!
repetition: 21364
>passed!
repetition: 21365
>passed!
repetition: 21366
>passed!
repetition: 21367
>passed!
repetition: 21368
>passed!
repetition: 21369
>passed!
repetition: 21370
>passed!
repetition: 21371
>passed!
repetition: 21372
>passed!
repetition: 21373
>passed!
repetition: 21374
>passed!
repetition: 21375
>passed!
repetition: 21376
>passed!
repetition: 21377
>passed!
repetition: 21378
>passed!
repetition: 21379
>passed!
repetition: 21380
>passed!
repetition: 21381
>passed!
repetition: 21382
>passed!
repetition: 21383
>passed!
repetition: 21384
>passed!
repetition: 21385
>passed!
repetition: 21386
>passed!
repetition: 21387
>passed!
repetition: 21388
>passed!
repetition: 21389
>passed!
repetition: 21390
>passed!
repetition: 21391
>passed!
repetition: 21392
>passed!
repetition: 21393
>passed!
repetition: 21394
>passed!
repetition: 21395
>passed!
repetition: 21396
>passed!
repetition: 21397
>passed!
repetition: 21398
>passed!
repetition: 21399
>passed!
repetition: 21400
>passed!
repetition: 21401
>passed!
repetition: 21402
>passed!
repetition: 21403
>passed!
repetition: 21404
>passed!
repetition: 21405
>passed!
repetition: 21406
>passed!
repetition: 21407
>passed!
repetition: 21408
>passed!
repetition: 21409
>passed!
repetition: 21410
>passed!
repetition: 21411
>passed!
repetition: 21412
>passed!
repetition: 21413
>passed!
repetition: 21414
>passed!
repetition: 21415
>passed!
repetition: 21416
>passed!
repetition: 21417
>passed!
repetition: 21418
>passed!
repetition: 21419
>passed!
repetition: 21420
>passed!
repetition: 21421
>passed!
repetition: 21422
>passed!
repetition: 21423
>passed!
repetition: 21424
>passed!
repetition: 21425
>passed!
repetition: 21426
>passed!
repetition: 21427
>passed!
repetition: 21428
>passed!
repetition: 21429
>passed!
repetition: 21430
>passed!
repetition: 21431
>passed!
repetition: 21432
>passed!
repetition: 21433
>passed!
repetition: 21434
>passed!
repetition: 21435
>passed!
repetition: 21436
>passed!
repetition: 21437
>passed!
repetition: 21438
>passed!
repetition: 21439
>passed!
repetition: 21440
>passed!
repetition: 21441
>passed!
repetition: 21442
>passed!
repetition: 21443
>passed!
repetition: 21444
>passed!
repetition: 21445
>passed!
repetition: 21446
>passed!
repetition: 21447
>passed!
repetition: 21448
>passed!
repetition: 21449
>passed!
repetition: 21450
>passed!
repetition: 21451
>passed!
repetition: 21452
>passed!
repetition: 21453
>passed!
repetition: 21454
>passed!
repetition: 21455
>passed!
repetition: 21456
>passed!
repetition: 21457
>passed!
repetition: 21458
>passed!
repetition: 21459
>passed!
repetition: 21460
>passed!
repetition: 21461
>passed!
repetition: 21462
>passed!
repetition: 21463
>passed!
repetition: 21464
>passed!
repetition: 21465
>passed!
repetition: 21466
>passed!
repetition: 21467
>passed!
repetition: 21468
>passed!
repetition: 21469
>passed!
repetition: 21470
>passed!
repetition: 21471
>passed!
repetition: 21472
>passed!
repetition: 21473
>passed!
repetition: 21474
>passed!
repetition: 21475
>passed!
repetition: 21476
>passed!
repetition: 21477
>passed!
repetition: 21478
>passed!
repetition: 21479
>passed!
repetition: 21480
>passed!
repetition: 21481
>passed!
repetition: 21482
>passed!
repetition: 21483
>passed!
repetition: 21484
>passed!
repetition: 21485
>passed!
repetition: 21486
>passed!
repetition: 21487
>passed!
repetition: 21488
>passed!
repetition: 21489
>passed!
repetition: 21490
>passed!
repetition: 21491
>passed!
repetition: 21492
>passed!
repetition: 21493
>passed!
repetition: 21494
>passed!
repetition: 21495
>passed!
repetition: 21496
>passed!
repetition: 21497
>passed!
repetition: 21498
>passed!
repetition: 21499
>passed!
repetition: 21500
>passed!
repetition: 21501
>passed!
repetition: 21502
>passed!
repetition: 21503
>passed!
repetition: 21504
>passed!
repetition: 21505
>passed!
repetition: 21506
>passed!
repetition: 21507
>passed!
repetition: 21508
>passed!
repetition: 21509
>passed!
repetition: 21510
>passed!
repetition: 21511
>passed!
repetition: 21512
>passed!
repetition: 21513
>passed!
repetition: 21514
>passed!
repetition: 21515
>passed!
repetition: 21516
>passed!
repetition: 21517
>passed!
repetition: 21518
>passed!
repetition: 21519
>passed!
repetition: 21520
>passed!
repetition: 21521
>passed!
repetition: 21522
>passed!
repetition: 21523
>passed!
repetition: 21524
>passed!
repetition: 21525
>passed!
repetition: 21526
>passed!
repetition: 21527
>passed!
repetition: 21528
>passed!
repetition: 21529
>passed!
repetition: 21530
>passed!
repetition: 21531
>passed!
repetition: 21532
>passed!
repetition: 21533
>passed!
repetition: 21534
>passed!
repetition: 21535
>passed!
repetition: 21536
>passed!
repetition: 21537
>passed!
repetition: 21538
>passed!
repetition: 21539
>passed!
repetition: 21540
>passed!
repetition: 21541
>passed!
repetition: 21542
>passed!
repetition: 21543
>passed!
repetition: 21544
>passed!
repetition: 21545
>passed!
repetition: 21546
>passed!
repetition: 21547
>passed!
repetition: 21548
>passed!
repetition: 21549
>passed!
repetition: 21550
>passed!
repetition: 21551
>passed!
repetition: 21552
>passed!
repetition: 21553
>passed!
repetition: 21554
>passed!
repetition: 21555
>passed!
repetition: 21556
>passed!
repetition: 21557
>passed!
repetition: 21558
>passed!
repetition: 21559
>passed!
repetition: 21560
>passed!
repetition: 21561
>passed!
repetition: 21562
>passed!
repetition: 21563
>passed!
repetition: 21564
>passed!
repetition: 21565
>passed!
repetition: 21566
>passed!
repetition: 21567
>passed!
repetition: 21568
>passed!
repetition: 21569
>passed!
repetition: 21570
>passed!
repetition: 21571
>passed!
repetition: 21572
>passed!
repetition: 21573
>passed!
repetition: 21574
>passed!
repetition: 21575
>passed!
repetition: 21576
>passed!
repetition: 21577
>passed!
repetition: 21578
>passed!
repetition: 21579
>passed!
repetition: 21580
>passed!
repetition: 21581
>passed!
repetition: 21582
>passed!
repetition: 21583
>passed!
repetition: 21584
>passed!
repetition: 21585
>passed!
repetition: 21586
>passed!
repetition: 21587
>passed!
repetition: 21588
>passed!
repetition: 21589
>passed!
repetition: 21590
>passed!
repetition: 21591
>passed!
repetition: 21592
>passed!
repetition: 21593
>passed!
repetition: 21594
>passed!
repetition: 21595
>passed!
repetition: 21596
>passed!
repetition: 21597
>passed!
repetition: 21598
>passed!
repetition: 21599
>passed!
repetition: 21600
>passed!
repetition: 21601
>passed!
repetition: 21602
>passed!
repetition: 21603
>passed!
repetition: 21604
>passed!
repetition: 21605
>passed!
repetition: 21606
>passed!
repetition: 21607
>passed!
repetition: 21608
>passed!
repetition: 21609
>passed!
repetition: 21610
>passed!
repetition: 21611
>passed!
repetition: 21612
>passed!
repetition: 21613
>passed!
repetition: 21614
>passed!
repetition: 21615
>passed!
repetition: 21616
>passed!
repetition: 21617
>passed!
repetition: 21618
>passed!
repetition: 21619
>passed!
repetition: 21620
>passed!
repetition: 21621
>passed!
repetition: 21622
>passed!
repetition: 21623
>passed!
repetition: 21624
>passed!
repetition: 21625
>passed!
repetition: 21626
>passed!
repetition: 21627
>passed!
repetition: 21628
>passed!
repetition: 21629
>passed!
repetition: 21630
>passed!
repetition: 21631
>passed!
repetition: 21632
>passed!
repetition: 21633
>passed!
repetition: 21634
>passed!
repetition: 21635
>passed!
repetition: 21636
>passed!
repetition: 21637
>passed!
repetition: 21638
>passed!
repetition: 21639
>passed!
repetition: 21640
>passed!
repetition: 21641
>passed!
repetition: 21642
>passed!
repetition: 21643
>passed!
repetition: 21644
>passed!
repetition: 21645
>passed!
repetition: 21646
>passed!
repetition: 21647
>passed!
repetition: 21648
>passed!
repetition: 21649
>passed!
repetition: 21650
>passed!
repetition: 21651
>passed!
repetition: 21652
>passed!
repetition: 21653
>passed!
repetition: 21654
>passed!
repetition: 21655
>passed!
repetition: 21656
>passed!
repetition: 21657
>passed!
repetition: 21658
>passed!
repetition: 21659
>passed!
repetition: 21660
>passed!
repetition: 21661
>passed!
repetition: 21662
>passed!
repetition: 21663
>passed!
repetition: 21664
>passed!
repetition: 21665
>passed!
repetition: 21666
>passed!
repetition: 21667
>passed!
repetition: 21668
>passed!
repetition: 21669
>passed!
repetition: 21670
>passed!
repetition: 21671
>passed!
repetition: 21672
>passed!
repetition: 21673
>passed!
repetition: 21674
>passed!
repetition: 21675
>passed!
repetition: 21676
>passed!
repetition: 21677
>passed!
repetition: 21678
>passed!
repetition: 21679
>passed!
repetition: 21680
>passed!
repetition: 21681
>passed!
repetition: 21682
>passed!
repetition: 21683
>passed!
repetition: 21684
>passed!
repetition: 21685
>passed!
repetition: 21686
>passed!
repetition: 21687
>passed!
repetition: 21688
>passed!
repetition: 21689
>passed!
repetition: 21690
>passed!
repetition: 21691
>passed!
repetition: 21692
>passed!
repetition: 21693
>passed!
repetition: 21694
>passed!
repetition: 21695
>passed!
repetition: 21696
>passed!
repetition: 21697
>passed!
repetition: 21698
>passed!
repetition: 21699
>passed!
repetition: 21700
>passed!
repetition: 21701
>passed!
repetition: 21702
>passed!
repetition: 21703
>passed!
repetition: 21704
>passed!
repetition: 21705
>passed!
repetition: 21706
>passed!
repetition: 21707
>passed!
repetition: 21708
>passed!
repetition: 21709
>passed!
repetition: 21710
>passed!
repetition: 21711
>passed!
repetition: 21712
>passed!
repetition: 21713
>passed!
repetition: 21714
>passed!
repetition: 21715
>passed!
repetition: 21716
>passed!
repetition: 21717
>passed!
repetition: 21718
>passed!
repetition: 21719
>passed!
repetition: 21720
>passed!
repetition: 21721
>passed!
repetition: 21722
>passed!
repetition: 21723
>passed!
repetition: 21724
>passed!
repetition: 21725
>passed!
repetition: 21726
>passed!
repetition: 21727
>passed!
repetition: 21728
>passed!
repetition: 21729
>passed!
repetition: 21730
>passed!
repetition: 21731
>passed!
repetition: 21732
>passed!
repetition: 21733
>passed!
repetition: 21734
>passed!
repetition: 21735
>passed!
repetition: 21736
>passed!
repetition: 21737
>passed!
repetition: 21738
>passed!
repetition: 21739
>passed!
repetition: 21740
>passed!
repetition: 21741
>passed!
repetition: 21742
>passed!
repetition: 21743
>passed!
repetition: 21744
>passed!
repetition: 21745
>passed!
repetition: 21746
>passed!
repetition: 21747
>passed!
repetition: 21748
>passed!
repetition: 21749
>passed!
repetition: 21750
>passed!
repetition: 21751
>passed!
repetition: 21752
>passed!
repetition: 21753
>passed!
repetition: 21754
>passed!
repetition: 21755
>passed!
repetition: 21756
>passed!
repetition: 21757
>passed!
repetition: 21758
>passed!
repetition: 21759
>passed!
repetition: 21760
>passed!
repetition: 21761
>passed!
repetition: 21762
>passed!
repetition: 21763
>passed!
repetition: 21764
>passed!
repetition: 21765
>passed!
repetition: 21766
>passed!
repetition: 21767
>passed!
repetition: 21768
>passed!
repetition: 21769
>passed!
repetition: 21770
>passed!
repetition: 21771
>passed!
repetition: 21772
>passed!
repetition: 21773
>passed!
repetition: 21774
>passed!
repetition: 21775
>passed!
repetition: 21776
>passed!
repetition: 21777
>passed!
repetition: 21778
>passed!
repetition: 21779
>passed!
repetition: 21780
>passed!
repetition: 21781
>passed!
repetition: 21782
>passed!
repetition: 21783
>passed!
repetition: 21784
>passed!
repetition: 21785
>passed!
repetition: 21786
>passed!
repetition: 21787
>passed!
repetition: 21788
>passed!
repetition: 21789
>passed!
repetition: 21790
>passed!
repetition: 21791
>passed!
repetition: 21792
>passed!
repetition: 21793
>passed!
repetition: 21794
>passed!
repetition: 21795
>passed!
repetition: 21796
>passed!
repetition: 21797
>passed!
repetition: 21798
>passed!
repetition: 21799
>passed!
repetition: 21800
>passed!
repetition: 21801
>passed!
repetition: 21802
>passed!
repetition: 21803
>passed!
repetition: 21804
>passed!
repetition: 21805
>passed!
repetition: 21806
>passed!
repetition: 21807
>passed!
repetition: 21808
>passed!
repetition: 21809
>passed!
repetition: 21810
>passed!
repetition: 21811
>passed!
repetition: 21812
>passed!
repetition: 21813
>passed!
repetition: 21814
>passed!
repetition: 21815
>passed!
repetition: 21816
>passed!
repetition: 21817
>passed!
repetition: 21818
>passed!
repetition: 21819
>passed!
repetition: 21820
>passed!
repetition: 21821
>passed!
repetition: 21822
>passed!
repetition: 21823
>passed!
repetition: 21824
>passed!
repetition: 21825
>passed!
repetition: 21826
>passed!
repetition: 21827
>passed!
repetition: 21828
>passed!
repetition: 21829
>passed!
repetition: 21830
>passed!
repetition: 21831
>passed!
repetition: 21832
>passed!
repetition: 21833
>passed!
repetition: 21834
>passed!
repetition: 21835
>passed!
repetition: 21836
>passed!
repetition: 21837
>passed!
repetition: 21838
>passed!
repetition: 21839
>passed!
repetition: 21840
>passed!
repetition: 21841
>passed!
repetition: 21842
>passed!
repetition: 21843
>passed!
repetition: 21844
>passed!
repetition: 21845
>passed!
repetition: 21846
>passed!
repetition: 21847
>passed!
repetition: 21848
>passed!
repetition: 21849
>passed!
repetition: 21850
>passed!
repetition: 21851
>passed!
repetition: 21852
>passed!
repetition: 21853
>passed!
repetition: 21854
>passed!
repetition: 21855
>passed!
repetition: 21856
>passed!
repetition: 21857
>passed!
repetition: 21858
>passed!
repetition: 21859
>passed!
repetition: 21860
>passed!
repetition: 21861
>passed!
repetition: 21862
>passed!
repetition: 21863
>passed!
repetition: 21864
>passed!
repetition: 21865
>passed!
repetition: 21866
>passed!
repetition: 21867
>passed!
repetition: 21868
>passed!
repetition: 21869
>passed!
repetition: 21870
>passed!
repetition: 21871
>passed!
repetition: 21872
>passed!
repetition: 21873
>passed!
repetition: 21874
>passed!
repetition: 21875
>passed!
repetition: 21876
>passed!
repetition: 21877
>passed!
repetition: 21878
>passed!
repetition: 21879
>passed!
repetition: 21880
>passed!
repetition: 21881
>passed!
repetition: 21882
>passed!
repetition: 21883
>passed!
repetition: 21884
>passed!
repetition: 21885
>passed!
repetition: 21886
>passed!
repetition: 21887
>passed!
repetition: 21888
>passed!
repetition: 21889
>passed!
repetition: 21890
>passed!
repetition: 21891
>passed!
repetition: 21892
>passed!
repetition: 21893
>passed!
repetition: 21894
>passed!
repetition: 21895
>passed!
repetition: 21896
>passed!
repetition: 21897
>passed!
repetition: 21898
>passed!
repetition: 21899
>passed!
repetition: 21900
>passed!
repetition: 21901
>passed!
repetition: 21902
>passed!
repetition: 21903
>passed!
repetition: 21904
>passed!
repetition: 21905
>passed!
repetition: 21906
>passed!
repetition: 21907
>passed!
repetition: 21908
>passed!
repetition: 21909
>passed!
repetition: 21910
>passed!
repetition: 21911
>passed!
repetition: 21912
>passed!
repetition: 21913
>passed!
repetition: 21914
>passed!
repetition: 21915
>passed!
repetition: 21916
>passed!
repetition: 21917
>passed!
repetition: 21918
>passed!
repetition: 21919
>passed!
repetition: 21920
>passed!
repetition: 21921
>passed!
repetition: 21922
>passed!
repetition: 21923
>passed!
repetition: 21924
>passed!
repetition: 21925
>passed!
repetition: 21926
>passed!
repetition: 21927
>passed!
repetition: 21928
>passed!
repetition: 21929
>passed!
repetition: 21930
>passed!
repetition: 21931
>passed!
repetition: 21932
>passed!
repetition: 21933
>passed!
repetition: 21934
>passed!
repetition: 21935
>passed!
repetition: 21936
>passed!
repetition: 21937
>passed!
repetition: 21938
>passed!
repetition: 21939
>passed!
repetition: 21940
>passed!
repetition: 21941
>passed!
repetition: 21942
>passed!
repetition: 21943
>passed!
repetition: 21944
>passed!
repetition: 21945
>passed!
repetition: 21946
>passed!
repetition: 21947
>passed!
repetition: 21948
>passed!
repetition: 21949
>passed!
repetition: 21950
>passed!
repetition: 21951
>passed!
repetition: 21952
>passed!
repetition: 21953
>passed!
repetition: 21954
>passed!
repetition: 21955
>passed!
repetition: 21956
>passed!
repetition: 21957
>passed!
repetition: 21958
>passed!
repetition: 21959
>passed!
repetition: 21960
>passed!
repetition: 21961
>passed!
repetition: 21962
>passed!
repetition: 21963
>passed!
repetition: 21964
>passed!
repetition: 21965
>passed!
repetition: 21966
>passed!
repetition: 21967
>passed!
repetition: 21968
>passed!
repetition: 21969
>passed!
repetition: 21970
>passed!
repetition: 21971
>passed!
repetition: 21972
>passed!
repetition: 21973
>passed!
repetition: 21974
>passed!
repetition: 21975
>passed!
repetition: 21976
>passed!
repetition: 21977
>passed!
repetition: 21978
>passed!
repetition: 21979
>passed!
repetition: 21980
>passed!
repetition: 21981
>passed!
repetition: 21982
>passed!
repetition: 21983
>passed!
repetition: 21984
>passed!
repetition: 21985
>passed!
repetition: 21986
>passed!
repetition: 21987
>passed!
repetition: 21988
>passed!
repetition: 21989
>passed!
repetition: 21990
>passed!
repetition: 21991
>passed!
repetition: 21992
>passed!
repetition: 21993
>passed!
repetition: 21994
>passed!
repetition: 21995
>passed!
repetition: 21996
>passed!
repetition: 21997
>passed!
repetition: 21998
>passed!
repetition: 21999
>passed!
repetition: 22000
>passed!
repetition: 22001
>passed!
repetition: 22002
>passed!
repetition: 22003
>passed!
repetition: 22004
>passed!
repetition: 22005
>passed!
repetition: 22006
>passed!
repetition: 22007
>passed!
repetition: 22008
>passed!
repetition: 22009
>passed!
repetition: 22010
>passed!
repetition: 22011
>passed!
repetition: 22012
>passed!
repetition: 22013
>passed!
repetition: 22014
>passed!
repetition: 22015
>passed!
repetition: 22016
>passed!
repetition: 22017
>passed!
repetition: 22018
>passed!
repetition: 22019
>passed!
repetition: 22020
>passed!
repetition: 22021
>passed!
repetition: 22022
>passed!
repetition: 22023
>passed!
repetition: 22024
>passed!
repetition: 22025
>passed!
repetition: 22026
>passed!
repetition: 22027
>passed!
repetition: 22028
>passed!
repetition: 22029
>passed!
repetition: 22030
>passed!
repetition: 22031
>passed!
repetition: 22032
>passed!
repetition: 22033
>passed!
repetition: 22034
>passed!
repetition: 22035
>passed!
repetition: 22036
>passed!
repetition: 22037
>passed!
repetition: 22038
>passed!
repetition: 22039
>passed!
repetition: 22040
>passed!
repetition: 22041
>passed!
repetition: 22042
>passed!
repetition: 22043
>passed!
repetition: 22044
>passed!
repetition: 22045
>passed!
repetition: 22046
>passed!
repetition: 22047
>passed!
repetition: 22048
>passed!
repetition: 22049
>passed!
repetition: 22050
>passed!
repetition: 22051
>passed!
repetition: 22052
>passed!
repetition: 22053
>passed!
repetition: 22054
>passed!
repetition: 22055
>passed!
repetition: 22056
>passed!
repetition: 22057
>passed!
repetition: 22058
>passed!
repetition: 22059
>passed!
repetition: 22060
>passed!
repetition: 22061
>passed!
repetition: 22062
>passed!
repetition: 22063
>passed!
repetition: 22064
>passed!
repetition: 22065
>passed!
repetition: 22066
>passed!
repetition: 22067
>passed!
repetition: 22068
>passed!
repetition: 22069
>passed!
repetition: 22070
>passed!
repetition: 22071
>passed!
repetition: 22072
>passed!
repetition: 22073
>passed!
repetition: 22074
>passed!
repetition: 22075
>passed!
repetition: 22076
>passed!
repetition: 22077
>passed!
repetition: 22078
>passed!
repetition: 22079
>passed!
repetition: 22080
>passed!
repetition: 22081
>passed!
repetition: 22082
>passed!
repetition: 22083
>passed!
repetition: 22084
>passed!
repetition: 22085
>passed!
repetition: 22086
>passed!
repetition: 22087
>passed!
repetition: 22088
>passed!
repetition: 22089
>passed!
repetition: 22090
>passed!
repetition: 22091
>passed!
repetition: 22092
>passed!
repetition: 22093
>passed!
repetition: 22094
>passed!
repetition: 22095
>passed!
repetition: 22096
>passed!
repetition: 22097
>passed!
repetition: 22098
>passed!
repetition: 22099
>passed!
repetition: 22100
>passed!
repetition: 22101
>passed!
repetition: 22102
>passed!
repetition: 22103
>passed!
repetition: 22104
>passed!
repetition: 22105
>passed!
repetition: 22106
>passed!
repetition: 22107
>passed!
repetition: 22108
>passed!
repetition: 22109
>passed!
repetition: 22110
>passed!
repetition: 22111
>passed!
repetition: 22112
>passed!
repetition: 22113
>passed!
repetition: 22114
>passed!
repetition: 22115
>passed!
repetition: 22116
>passed!
repetition: 22117
>passed!
repetition: 22118
>passed!
repetition: 22119
>passed!
repetition: 22120
>passed!
repetition: 22121
>passed!
repetition: 22122
>passed!
repetition: 22123
>passed!
repetition: 22124
>passed!
repetition: 22125
>passed!
repetition: 22126
>passed!
repetition: 22127
>passed!
repetition: 22128
>passed!
repetition: 22129
>passed!
repetition: 22130
>passed!
repetition: 22131
>passed!
repetition: 22132
>passed!
repetition: 22133
>passed!
repetition: 22134
>passed!
repetition: 22135
>passed!
repetition: 22136
>passed!
repetition: 22137
>passed!
repetition: 22138
>passed!
repetition: 22139
>passed!
repetition: 22140
>passed!
repetition: 22141
>passed!
repetition: 22142
>passed!
repetition: 22143
>passed!
repetition: 22144
>passed!
repetition: 22145
>passed!
repetition: 22146
>passed!
repetition: 22147
>passed!
repetition: 22148
>passed!
repetition: 22149
>passed!
repetition: 22150
>passed!
repetition: 22151
>passed!
repetition: 22152
>passed!
repetition: 22153
>passed!
repetition: 22154
>passed!
repetition: 22155
>passed!
repetition: 22156
>passed!
repetition: 22157
>passed!
repetition: 22158
>passed!
repetition: 22159
>passed!
repetition: 22160
>passed!
repetition: 22161
>passed!
repetition: 22162
>passed!
repetition: 22163
>passed!
repetition: 22164
>passed!
repetition: 22165
>passed!
repetition: 22166
>passed!
repetition: 22167
>passed!
repetition: 22168
>passed!
repetition: 22169
>passed!
repetition: 22170
>passed!
repetition: 22171
>passed!
repetition: 22172
>passed!
repetition: 22173
>passed!
repetition: 22174
>passed!
repetition: 22175
>passed!
repetition: 22176
>passed!
repetition: 22177
>passed!
repetition: 22178
>passed!
repetition: 22179
>passed!
repetition: 22180
>passed!
repetition: 22181
>passed!
repetition: 22182
>passed!
repetition: 22183
>passed!
repetition: 22184
>passed!
repetition: 22185
>passed!
repetition: 22186
>passed!
repetition: 22187
>passed!
repetition: 22188
>passed!
repetition: 22189
>passed!
repetition: 22190
>passed!
repetition: 22191
>passed!
repetition: 22192
>passed!
repetition: 22193
>passed!
repetition: 22194
>passed!
repetition: 22195
>passed!
repetition: 22196
>passed!
repetition: 22197
>passed!
repetition: 22198
>passed!
repetition: 22199
>passed!
repetition: 22200
>passed!
repetition: 22201
>passed!
repetition: 22202
>passed!
repetition: 22203
>passed!
repetition: 22204
>passed!
repetition: 22205
>passed!
repetition: 22206
>passed!
repetition: 22207
>passed!
repetition: 22208
>passed!
repetition: 22209
>passed!
repetition: 22210
>passed!
repetition: 22211
>passed!
repetition: 22212
>passed!
repetition: 22213
>passed!
repetition: 22214
>passed!
repetition: 22215
>passed!
repetition: 22216
>passed!
repetition: 22217
>passed!
repetition: 22218
>passed!
repetition: 22219
>passed!
repetition: 22220
>passed!
repetition: 22221
>passed!
repetition: 22222
>passed!
repetition: 22223
>passed!
repetition: 22224
>passed!
repetition: 22225
>passed!
repetition: 22226
>passed!
repetition: 22227
>passed!
repetition: 22228
>passed!
repetition: 22229
>passed!
repetition: 22230
>passed!
repetition: 22231
>passed!
repetition: 22232
>passed!
repetition: 22233
>passed!
repetition: 22234
>passed!
repetition: 22235
>passed!
repetition: 22236
>passed!
repetition: 22237
>passed!
repetition: 22238
>passed!
repetition: 22239
>passed!
repetition: 22240
>passed!
repetition: 22241
>passed!
repetition: 22242
>passed!
repetition: 22243
>passed!
repetition: 22244
>passed!
repetition: 22245
>passed!
repetition: 22246
>passed!
repetition: 22247
>passed!
repetition: 22248
>passed!
repetition: 22249
>passed!
repetition: 22250
>passed!
repetition: 22251
>passed!
repetition: 22252
>passed!
repetition: 22253
>passed!
repetition: 22254
>passed!
repetition: 22255
>passed!
repetition: 22256
>passed!
repetition: 22257
>passed!
repetition: 22258
>passed!
repetition: 22259
>passed!
repetition: 22260
>passed!
repetition: 22261
>passed!
repetition: 22262
>passed!
repetition: 22263
>passed!
repetition: 22264
>passed!
repetition: 22265
>passed!
repetition: 22266
>passed!
repetition: 22267
>passed!
repetition: 22268
>passed!
repetition: 22269
>passed!
repetition: 22270
>passed!
repetition: 22271
>passed!
repetition: 22272
>passed!
repetition: 22273
>passed!
repetition: 22274
>passed!
repetition: 22275
>passed!
repetition: 22276
>passed!
repetition: 22277
>passed!
repetition: 22278
>passed!
repetition: 22279
>passed!
repetition: 22280
>passed!
repetition: 22281
>passed!
repetition: 22282
>passed!
repetition: 22283
>passed!
repetition: 22284
>passed!
repetition: 22285
>passed!
repetition: 22286
>passed!
repetition: 22287
>passed!
repetition: 22288
>passed!
repetition: 22289
>passed!
repetition: 22290
>passed!
repetition: 22291
>passed!
repetition: 22292
>passed!
repetition: 22293
>passed!
repetition: 22294
>passed!
repetition: 22295
>passed!
repetition: 22296
>passed!
repetition: 22297
>passed!
repetition: 22298
>passed!
repetition: 22299
>passed!
repetition: 22300
>passed!
repetition: 22301
>passed!
repetition: 22302
>passed!
repetition: 22303
>passed!
repetition: 22304
>passed!
repetition: 22305
>passed!
repetition: 22306
>passed!
repetition: 22307
>passed!
repetition: 22308
>passed!
repetition: 22309
>passed!
repetition: 22310
>passed!
repetition: 22311
>passed!
repetition: 22312
>passed!
repetition: 22313
>passed!
repetition: 22314
>passed!
repetition: 22315
>passed!
repetition: 22316
>passed!
repetition: 22317
>passed!
repetition: 22318
>passed!
repetition: 22319
>passed!
repetition: 22320
>passed!
repetition: 22321
>passed!
repetition: 22322
>passed!
repetition: 22323
>passed!
repetition: 22324
>passed!
repetition: 22325
>passed!
repetition: 22326
>passed!
repetition: 22327
>passed!
repetition: 22328
>passed!
repetition: 22329
>passed!
repetition: 22330
>passed!
repetition: 22331
>passed!
repetition: 22332
>passed!
repetition: 22333
>passed!
repetition: 22334
>passed!
repetition: 22335
>passed!
repetition: 22336
>passed!
repetition: 22337
>passed!
repetition: 22338
>passed!
repetition: 22339
>passed!
repetition: 22340
>passed!
repetition: 22341
>passed!
repetition: 22342
>passed!
repetition: 22343
>passed!
repetition: 22344
>passed!
repetition: 22345
>passed!
repetition: 22346
>passed!
repetition: 22347
>passed!
repetition: 22348
>passed!
repetition: 22349
>passed!
repetition: 22350
>passed!
repetition: 22351
>passed!
repetition: 22352
>passed!
repetition: 22353
>passed!
repetition: 22354
>passed!
repetition: 22355
>passed!
repetition: 22356
>passed!
repetition: 22357
>passed!
repetition: 22358
>passed!
repetition: 22359
>passed!
repetition: 22360
>passed!
repetition: 22361
>passed!
repetition: 22362
>passed!
repetition: 22363
>passed!
repetition: 22364
>passed!
repetition: 22365
>passed!
repetition: 22366
>passed!
repetition: 22367
>passed!
repetition: 22368
>passed!
repetition: 22369
>passed!
repetition: 22370
>passed!
repetition: 22371
>passed!
repetition: 22372
>passed!
repetition: 22373
>passed!
repetition: 22374
>passed!
repetition: 22375
>passed!
repetition: 22376
>passed!
repetition: 22377
>passed!
repetition: 22378
>passed!
repetition: 22379
>passed!
repetition: 22380
>passed!
repetition: 22381
>passed!
repetition: 22382
>passed!
repetition: 22383
>passed!
repetition: 22384
>passed!
repetition: 22385
>passed!
repetition: 22386
>passed!
repetition: 22387
>passed!
repetition: 22388
>passed!
repetition: 22389
>passed!
repetition: 22390
>passed!
repetition: 22391
>passed!
repetition: 22392
>passed!
repetition: 22393
>passed!
repetition: 22394
>passed!
repetition: 22395
>passed!
repetition: 22396
>passed!
repetition: 22397
>passed!
repetition: 22398
>passed!
repetition: 22399
>passed!
repetition: 22400
>passed!
repetition: 22401
>passed!
repetition: 22402
>passed!
repetition: 22403
>passed!
repetition: 22404
>passed!
repetition: 22405
>passed!
repetition: 22406
>passed!
repetition: 22407
>passed!
repetition: 22408
>passed!
repetition: 22409
>passed!
repetition: 22410
>passed!
repetition: 22411
>passed!
repetition: 22412
>passed!
repetition: 22413
>passed!
repetition: 22414
>passed!
repetition: 22415
>passed!
repetition: 22416
>passed!
repetition: 22417
>passed!
repetition: 22418
>passed!
repetition: 22419
>passed!
repetition: 22420
>passed!
repetition: 22421
>passed!
repetition: 22422
>passed!
repetition: 22423
>passed!
repetition: 22424
>passed!
repetition: 22425
>passed!
repetition: 22426
>passed!
repetition: 22427
>passed!
repetition: 22428
>passed!
repetition: 22429
>passed!
repetition: 22430
>passed!
repetition: 22431
>passed!
repetition: 22432
>passed!
repetition: 22433
>passed!
repetition: 22434
>passed!
repetition: 22435
>passed!
repetition: 22436
>passed!
repetition: 22437
>passed!
repetition: 22438
>passed!
repetition: 22439
>passed!
repetition: 22440
>passed!
repetition: 22441
>passed!
repetition: 22442
>passed!
repetition: 22443
>passed!
repetition: 22444
>passed!
repetition: 22445
>passed!
repetition: 22446
>passed!
repetition: 22447
>passed!
repetition: 22448
>passed!
repetition: 22449
>passed!
repetition: 22450
>passed!
repetition: 22451
>passed!
repetition: 22452
>passed!
repetition: 22453
>passed!
repetition: 22454
>passed!
repetition: 22455
>passed!
repetition: 22456
>passed!
repetition: 22457
>passed!
repetition: 22458
>passed!
repetition: 22459
>passed!
repetition: 22460
>passed!
repetition: 22461
>passed!
repetition: 22462
>passed!
repetition: 22463
>passed!
repetition: 22464
>passed!
repetition: 22465
>passed!
repetition: 22466
>passed!
repetition: 22467
>passed!
repetition: 22468
>passed!
repetition: 22469
>passed!
repetition: 22470
>passed!
repetition: 22471
>passed!
repetition: 22472
>passed!
repetition: 22473
>passed!
repetition: 22474
>passed!
repetition: 22475
>passed!
repetition: 22476
>passed!
repetition: 22477
>passed!
repetition: 22478
>passed!
repetition: 22479
>passed!
repetition: 22480
>passed!
repetition: 22481
>passed!
repetition: 22482
>passed!
repetition: 22483
>passed!
repetition: 22484
>passed!
repetition: 22485
>passed!
repetition: 22486
>passed!
repetition: 22487
>passed!
repetition: 22488
>passed!
repetition: 22489
>passed!
repetition: 22490
>passed!
repetition: 22491
>passed!
repetition: 22492
>passed!
repetition: 22493
>passed!
repetition: 22494
>passed!
repetition: 22495
>passed!
repetition: 22496
>passed!
repetition: 22497
>passed!
repetition: 22498
>passed!
repetition: 22499
>passed!
repetition: 22500
>passed!
repetition: 22501
>passed!
repetition: 22502
>passed!
repetition: 22503
>passed!
repetition: 22504
>passed!
repetition: 22505
>passed!
repetition: 22506
>passed!
repetition: 22507
>passed!
repetition: 22508
>passed!
repetition: 22509
>passed!
repetition: 22510
>passed!
repetition: 22511
>passed!
repetition: 22512
>passed!
repetition: 22513
>passed!
repetition: 22514
>passed!
repetition: 22515
>passed!
repetition: 22516
>passed!
repetition: 22517
>passed!
repetition: 22518
>passed!
repetition: 22519
>passed!
repetition: 22520
>passed!
repetition: 22521
>passed!
repetition: 22522
>passed!
repetition: 22523
>passed!
repetition: 22524
>passed!
repetition: 22525
>passed!
repetition: 22526
>passed!
repetition: 22527
>passed!
repetition: 22528
>passed!
repetition: 22529
>passed!
repetition: 22530
>passed!
repetition: 22531
>passed!
repetition: 22532
>passed!
repetition: 22533
>passed!
repetition: 22534
>passed!
repetition: 22535
>passed!
repetition: 22536
>passed!
repetition: 22537
>passed!
repetition: 22538
>passed!
repetition: 22539
>passed!
repetition: 22540
>passed!
repetition: 22541
>passed!
repetition: 22542
>passed!
repetition: 22543
>passed!
repetition: 22544
>passed!
repetition: 22545
>passed!
repetition: 22546
>passed!
repetition: 22547
>passed!
repetition: 22548
>passed!
repetition: 22549
>passed!
repetition: 22550
>passed!
repetition: 22551
>passed!
repetition: 22552
>passed!
repetition: 22553
>passed!
repetition: 22554
>passed!
repetition: 22555
>passed!
repetition: 22556
>passed!
repetition: 22557
>passed!
repetition: 22558
>passed!
repetition: 22559
>passed!
repetition: 22560
>passed!
repetition: 22561
>passed!
repetition: 22562
>passed!
repetition: 22563
>passed!
repetition: 22564
>passed!
repetition: 22565
>passed!
repetition: 22566
>passed!
repetition: 22567
>passed!
repetition: 22568
>passed!
repetition: 22569
>passed!
repetition: 22570
>passed!
repetition: 22571
>passed!
repetition: 22572
>passed!
repetition: 22573
>passed!
repetition: 22574
>passed!
repetition: 22575
>passed!
repetition: 22576
>passed!
repetition: 22577
>passed!
repetition: 22578
>passed!
repetition: 22579
>passed!
repetition: 22580
>passed!
repetition: 22581
>passed!
repetition: 22582
>passed!
repetition: 22583
>passed!
repetition: 22584
>passed!
repetition: 22585
>passed!
repetition: 22586
>passed!
repetition: 22587
>passed!
repetition: 22588
>passed!
repetition: 22589
>passed!
repetition: 22590
>passed!
repetition: 22591
>passed!
repetition: 22592
>passed!
repetition: 22593
>passed!
repetition: 22594
>passed!
repetition: 22595
>passed!
repetition: 22596
>passed!
repetition: 22597
>passed!
repetition: 22598
>passed!
repetition: 22599
>passed!
repetition: 22600
>passed!
repetition: 22601
>passed!
repetition: 22602
>passed!
repetition: 22603
>passed!
repetition: 22604
>passed!
repetition: 22605
>passed!
repetition: 22606
>passed!
repetition: 22607
>passed!
repetition: 22608
>passed!
repetition: 22609
>passed!
repetition: 22610
>passed!
repetition: 22611
>passed!
repetition: 22612
>passed!
repetition: 22613
>passed!
repetition: 22614
>passed!
repetition: 22615
>passed!
repetition: 22616
>passed!
repetition: 22617
>passed!
repetition: 22618
>passed!
repetition: 22619
>passed!
repetition: 22620
>passed!
repetition: 22621
>passed!
repetition: 22622
>passed!
repetition: 22623
>passed!
repetition: 22624
>passed!
repetition: 22625
>passed!
repetition: 22626
>passed!
repetition: 22627
>passed!
repetition: 22628
>passed!
repetition: 22629
>passed!
repetition: 22630
>passed!
repetition: 22631
>passed!
repetition: 22632
>passed!
repetition: 22633
>passed!
repetition: 22634
>passed!
repetition: 22635
>passed!
repetition: 22636
>passed!
repetition: 22637
>passed!
repetition: 22638
>passed!
repetition: 22639
>passed!
repetition: 22640
>passed!
repetition: 22641
>passed!
repetition: 22642
>passed!
repetition: 22643
>passed!
repetition: 22644
>passed!
repetition: 22645
>passed!
repetition: 22646
>passed!
repetition: 22647
>passed!
repetition: 22648
>passed!
repetition: 22649
>passed!
repetition: 22650
>passed!
repetition: 22651
>passed!
repetition: 22652
>passed!
repetition: 22653
>passed!
repetition: 22654
>passed!
repetition: 22655
>passed!
repetition: 22656
>passed!
repetition: 22657
>passed!
repetition: 22658
>passed!
repetition: 22659
>passed!
repetition: 22660
>passed!
repetition: 22661
>passed!
repetition: 22662
>passed!
repetition: 22663
>passed!
repetition: 22664
>passed!
repetition: 22665
>passed!
repetition: 22666
>passed!
repetition: 22667
>passed!
repetition: 22668
>passed!
repetition: 22669
>passed!
repetition: 22670
>passed!
repetition: 22671
>passed!
repetition: 22672
>passed!
repetition: 22673
>passed!
repetition: 22674
>passed!
repetition: 22675
>passed!
repetition: 22676
>passed!
repetition: 22677
>passed!
repetition: 22678
>passed!
repetition: 22679
>passed!
repetition: 22680
>passed!
repetition: 22681
>passed!
repetition: 22682
>passed!
repetition: 22683
>passed!
repetition: 22684
>passed!
repetition: 22685
>passed!
repetition: 22686
>passed!
repetition: 22687
>passed!
repetition: 22688
>passed!
repetition: 22689
>passed!
repetition: 22690
>passed!
repetition: 22691
>passed!
repetition: 22692
>passed!
repetition: 22693
>passed!
repetition: 22694
>passed!
repetition: 22695
>passed!
repetition: 22696
>passed!
repetition: 22697
>passed!
repetition: 22698
>passed!
repetition: 22699
>passed!
repetition: 22700
>passed!
repetition: 22701
>passed!
repetition: 22702
>passed!
repetition: 22703
>passed!
repetition: 22704
>passed!
repetition: 22705
>passed!
repetition: 22706
>passed!
repetition: 22707
>passed!
repetition: 22708
>passed!
repetition: 22709
>passed!
repetition: 22710
>passed!
repetition: 22711
>passed!
repetition: 22712
>passed!
repetition: 22713
>passed!
repetition: 22714
>passed!
repetition: 22715
>passed!
repetition: 22716
>passed!
repetition: 22717
>passed!
repetition: 22718
>passed!
repetition: 22719
>passed!
repetition: 22720
>passed!
repetition: 22721
>passed!
repetition: 22722
>passed!
repetition: 22723
>passed!
repetition: 22724
>passed!
repetition: 22725
>passed!
repetition: 22726
>passed!
repetition: 22727
>passed!
repetition: 22728
>passed!
repetition: 22729
>passed!
repetition: 22730
>passed!
repetition: 22731
>passed!
repetition: 22732
>passed!
repetition: 22733
>passed!
repetition: 22734
>passed!
repetition: 22735
>passed!
repetition: 22736
>passed!
repetition: 22737
>passed!
repetition: 22738
>passed!
repetition: 22739
>passed!
repetition: 22740
>passed!
repetition: 22741
>passed!
repetition: 22742
>passed!
repetition: 22743
>passed!
repetition: 22744
>passed!
repetition: 22745
>passed!
repetition: 22746
>passed!
repetition: 22747
>passed!
repetition: 22748
>passed!
repetition: 22749
>passed!
repetition: 22750
>passed!
repetition: 22751
>passed!
repetition: 22752
>passed!
repetition: 22753
>passed!
repetition: 22754
>passed!
repetition: 22755
>passed!
repetition: 22756
>passed!
repetition: 22757
>passed!
repetition: 22758
>passed!
repetition: 22759
>passed!
repetition: 22760
>passed!
repetition: 22761
>passed!
repetition: 22762
>passed!
repetition: 22763
>passed!
repetition: 22764
>passed!
repetition: 22765
>passed!
repetition: 22766
>passed!
repetition: 22767
>passed!
repetition: 22768
>passed!
repetition: 22769
>passed!
repetition: 22770
>passed!
repetition: 22771
>passed!
repetition: 22772
>passed!
repetition: 22773
>passed!
repetition: 22774
>passed!
repetition: 22775
>passed!
repetition: 22776
>passed!
repetition: 22777
>passed!
repetition: 22778
>passed!
repetition: 22779
>passed!
repetition: 22780
>passed!
repetition: 22781
>passed!
repetition: 22782
>passed!
repetition: 22783
>passed!
repetition: 22784
>passed!
repetition: 22785
>passed!
repetition: 22786
>passed!
repetition: 22787
>passed!
repetition: 22788
>passed!
repetition: 22789
>passed!
repetition: 22790
>passed!
repetition: 22791
>passed!
repetition: 22792
>passed!
repetition: 22793
>passed!
repetition: 22794
>passed!
repetition: 22795
>passed!
repetition: 22796
>passed!
repetition: 22797
>passed!
repetition: 22798
>passed!
repetition: 22799
>passed!
repetition: 22800
>passed!
repetition: 22801
>passed!
repetition: 22802
>passed!
repetition: 22803
>passed!
repetition: 22804
>passed!
repetition: 22805
>passed!
repetition: 22806
>passed!
repetition: 22807
>passed!
repetition: 22808
>passed!
repetition: 22809
>passed!
repetition: 22810
>passed!
repetition: 22811
>passed!
repetition: 22812
>passed!
repetition: 22813
>passed!
repetition: 22814
>passed!
repetition: 22815
>passed!
repetition: 22816
>passed!
repetition: 22817
>passed!
repetition: 22818
>passed!
repetition: 22819
>passed!
repetition: 22820
>passed!
repetition: 22821
>passed!
repetition: 22822
>passed!
repetition: 22823
>passed!
repetition: 22824
>passed!
repetition: 22825
>passed!
repetition: 22826
>passed!
repetition: 22827
>passed!
repetition: 22828
>passed!
repetition: 22829
>passed!
repetition: 22830
>passed!
repetition: 22831
>passed!
repetition: 22832
>passed!
repetition: 22833
>passed!
repetition: 22834
>passed!
repetition: 22835
>passed!
repetition: 22836
>passed!
repetition: 22837
>passed!
repetition: 22838
>passed!
repetition: 22839
>passed!
repetition: 22840
>passed!
repetition: 22841
>passed!
repetition: 22842
>passed!
repetition: 22843
>passed!
repetition: 22844
>passed!
repetition: 22845
>passed!
repetition: 22846
>passed!
repetition: 22847
>passed!
repetition: 22848
>passed!
repetition: 22849
>passed!
repetition: 22850
>passed!
repetition: 22851
>passed!
repetition: 22852
>passed!
repetition: 22853
>passed!
repetition: 22854
>passed!
repetition: 22855
>passed!
repetition: 22856
>passed!
repetition: 22857
>passed!
repetition: 22858
>passed!
repetition: 22859
>passed!
repetition: 22860
>passed!
repetition: 22861
>passed!
repetition: 22862
>passed!
repetition: 22863
>passed!
repetition: 22864
>passed!
repetition: 22865
>passed!
repetition: 22866
>passed!
repetition: 22867
>passed!
repetition: 22868
>passed!
repetition: 22869
>passed!
repetition: 22870
>passed!
repetition: 22871
>passed!
repetition: 22872
>passed!
repetition: 22873
>passed!
repetition: 22874
>passed!
repetition: 22875
>passed!
repetition: 22876
>passed!
repetition: 22877
>passed!
repetition: 22878
>passed!
repetition: 22879
>passed!
repetition: 22880
>passed!
repetition: 22881
>passed!
repetition: 22882
>passed!
repetition: 22883
>passed!
repetition: 22884
>passed!
repetition: 22885
>passed!
repetition: 22886
>passed!
repetition: 22887
>passed!
repetition: 22888
>passed!
repetition: 22889
>passed!
repetition: 22890
>passed!
repetition: 22891
>passed!
repetition: 22892
>passed!
repetition: 22893
>passed!
repetition: 22894
>passed!
repetition: 22895
>passed!
repetition: 22896
>passed!
repetition: 22897
>passed!
repetition: 22898
>passed!
repetition: 22899
>passed!
repetition: 22900
>passed!
repetition: 22901
>passed!
repetition: 22902
>passed!
repetition: 22903
>passed!
repetition: 22904
>passed!
repetition: 22905
>passed!
repetition: 22906
>passed!
repetition: 22907
>passed!
repetition: 22908
>passed!
repetition: 22909
>passed!
repetition: 22910
>passed!
repetition: 22911
>passed!
repetition: 22912
>passed!
repetition: 22913
>passed!
repetition: 22914
>passed!
repetition: 22915
>passed!
repetition: 22916
>passed!
repetition: 22917
>passed!
repetition: 22918
>passed!
repetition: 22919
>passed!
repetition: 22920
>passed!
repetition: 22921
>passed!
repetition: 22922
>passed!
repetition: 22923
>passed!
repetition: 22924
>passed!
repetition: 22925
>passed!
repetition: 22926
>passed!
repetition: 22927
>passed!
repetition: 22928
>passed!
repetition: 22929
>passed!
repetition: 22930
>passed!
repetition: 22931
>passed!
repetition: 22932
>passed!
repetition: 22933
>passed!
repetition: 22934
>passed!
repetition: 22935
>passed!
repetition: 22936
>passed!
repetition: 22937
>passed!
repetition: 22938
>passed!
repetition: 22939
>passed!
repetition: 22940
>passed!
repetition: 22941
>passed!
repetition: 22942
>passed!
repetition: 22943
>passed!
repetition: 22944
>passed!
repetition: 22945
>passed!
repetition: 22946
>passed!
repetition: 22947
>passed!
repetition: 22948
>passed!
repetition: 22949
>passed!
repetition: 22950
>passed!
repetition: 22951
>passed!
repetition: 22952
>passed!
repetition: 22953
>passed!
repetition: 22954
>passed!
repetition: 22955
>passed!
repetition: 22956
>passed!
repetition: 22957
>passed!
repetition: 22958
>passed!
repetition: 22959
>passed!
repetition: 22960
>passed!
repetition: 22961
>passed!
repetition: 22962
>passed!
repetition: 22963
>passed!
repetition: 22964
>passed!
repetition: 22965
>passed!
repetition: 22966
>passed!
repetition: 22967
>passed!
repetition: 22968
>passed!
repetition: 22969
>passed!
repetition: 22970
>passed!
repetition: 22971
>passed!
repetition: 22972
>passed!
repetition: 22973
>passed!
repetition: 22974
>passed!
repetition: 22975
>passed!
repetition: 22976
>passed!
repetition: 22977
>passed!
repetition: 22978
>passed!
repetition: 22979
>passed!
repetition: 22980
>passed!
repetition: 22981
>passed!
repetition: 22982
>passed!
repetition: 22983
>passed!
repetition: 22984
>passed!
repetition: 22985
>passed!
repetition: 22986
>passed!
repetition: 22987
>passed!
repetition: 22988
>passed!
repetition: 22989
>passed!
repetition: 22990
>passed!
repetition: 22991
>passed!
repetition: 22992
>passed!
repetition: 22993
>passed!
repetition: 22994
>passed!
repetition: 22995
>passed!
repetition: 22996
>passed!
repetition: 22997
>passed!
repetition: 22998
>passed!
repetition: 22999
>passed!
repetition: 23000
>passed!
repetition: 23001
>passed!
repetition: 23002
>passed!
repetition: 23003
>passed!
repetition: 23004
>passed!
repetition: 23005
>passed!
repetition: 23006
>passed!
repetition: 23007
>passed!
repetition: 23008
>passed!
repetition: 23009
>passed!
repetition: 23010
>passed!
repetition: 23011
>passed!
repetition: 23012
>passed!
repetition: 23013
>passed!
repetition: 23014
>passed!
repetition: 23015
>passed!
repetition: 23016
>passed!
repetition: 23017
>passed!
repetition: 23018
>passed!
repetition: 23019
>passed!
repetition: 23020
>passed!
repetition: 23021
>passed!
repetition: 23022
>passed!
repetition: 23023
>passed!
repetition: 23024
>passed!
repetition: 23025
>passed!
repetition: 23026
>passed!
repetition: 23027
>passed!
repetition: 23028
>passed!
repetition: 23029
>passed!
repetition: 23030
>passed!
repetition: 23031
>passed!
repetition: 23032
>passed!
repetition: 23033
>passed!
repetition: 23034
>passed!
repetition: 23035
>passed!
repetition: 23036
>passed!
repetition: 23037
>passed!
repetition: 23038
>passed!
repetition: 23039
>passed!
repetition: 23040
>passed!
repetition: 23041
>passed!
repetition: 23042
>passed!
repetition: 23043
>passed!
repetition: 23044
>passed!
repetition: 23045
>passed!
repetition: 23046
>passed!
repetition: 23047
>passed!
repetition: 23048
>passed!
repetition: 23049
>passed!
repetition: 23050
>passed!
repetition: 23051
>passed!
repetition: 23052
>passed!
repetition: 23053
>passed!
repetition: 23054
>passed!
repetition: 23055
>passed!
repetition: 23056
>passed!
repetition: 23057
>passed!
repetition: 23058
>passed!
repetition: 23059
>passed!
repetition: 23060
>passed!
repetition: 23061
>passed!
repetition: 23062
>passed!
repetition: 23063
>passed!
repetition: 23064
>passed!
repetition: 23065
>passed!
repetition: 23066
>passed!
repetition: 23067
>passed!
repetition: 23068
>passed!
repetition: 23069
>passed!
repetition: 23070
>passed!
repetition: 23071
>passed!
repetition: 23072
>passed!
repetition: 23073
>passed!
repetition: 23074
>passed!
repetition: 23075
>passed!
repetition: 23076
>passed!
repetition: 23077
>passed!
repetition: 23078
>passed!
repetition: 23079
>passed!
repetition: 23080
>passed!
repetition: 23081
>passed!
repetition: 23082
>passed!
repetition: 23083
>passed!
repetition: 23084
>passed!
repetition: 23085
>passed!
repetition: 23086
>passed!
repetition: 23087
>passed!
repetition: 23088
>passed!
repetition: 23089
>passed!
repetition: 23090
>passed!
repetition: 23091
>passed!
repetition: 23092
>passed!
repetition: 23093
>passed!
repetition: 23094
>passed!
repetition: 23095
>passed!
repetition: 23096
>passed!
repetition: 23097
>passed!
repetition: 23098
>passed!
repetition: 23099
>passed!
repetition: 23100
>passed!
repetition: 23101
>passed!
repetition: 23102
>passed!
repetition: 23103
>passed!
repetition: 23104
>passed!
repetition: 23105
>passed!
repetition: 23106
>passed!
repetition: 23107
>passed!
repetition: 23108
>passed!
repetition: 23109
>passed!
repetition: 23110
>passed!
repetition: 23111
>passed!
repetition: 23112
>passed!
repetition: 23113
>passed!
repetition: 23114
>passed!
repetition: 23115
>passed!
repetition: 23116
>passed!
repetition: 23117
>passed!
repetition: 23118
>passed!
repetition: 23119
>passed!
repetition: 23120
>passed!
repetition: 23121
>passed!
repetition: 23122
>passed!
repetition: 23123
>passed!
repetition: 23124
>passed!
repetition: 23125
>passed!
repetition: 23126
>passed!
repetition: 23127
>passed!
repetition: 23128
>passed!
repetition: 23129
>passed!
repetition: 23130
>passed!
repetition: 23131
>passed!
repetition: 23132
>passed!
repetition: 23133
>passed!
repetition: 23134
>passed!
repetition: 23135
>passed!
repetition: 23136
>passed!
repetition: 23137
>passed!
repetition: 23138
>passed!
repetition: 23139
>passed!
repetition: 23140
>passed!
repetition: 23141
>passed!
repetition: 23142
>passed!
repetition: 23143
>passed!
repetition: 23144
>passed!
repetition: 23145
>passed!
repetition: 23146
>passed!
repetition: 23147
>passed!
repetition: 23148
>passed!
repetition: 23149
>passed!
repetition: 23150
>passed!
repetition: 23151
>passed!
repetition: 23152
>passed!
repetition: 23153
>passed!
repetition: 23154
>passed!
repetition: 23155
>passed!
repetition: 23156
>passed!
repetition: 23157
>passed!
repetition: 23158
>passed!
repetition: 23159
>passed!
repetition: 23160
>passed!
repetition: 23161
>passed!
repetition: 23162
>passed!
repetition: 23163
>passed!
repetition: 23164
>passed!
repetition: 23165
>passed!
repetition: 23166
>passed!
repetition: 23167
>passed!
repetition: 23168
>passed!
repetition: 23169
>passed!
repetition: 23170
>passed!
repetition: 23171
>passed!
repetition: 23172
>passed!
repetition: 23173
>passed!
repetition: 23174
>passed!
repetition: 23175
>passed!
repetition: 23176
>passed!
repetition: 23177
>passed!
repetition: 23178
>passed!
repetition: 23179
>passed!
repetition: 23180
>passed!
repetition: 23181
>passed!
repetition: 23182
>passed!
repetition: 23183
>passed!
repetition: 23184
>passed!
repetition: 23185
>passed!
repetition: 23186
>passed!
repetition: 23187
>passed!
repetition: 23188
>passed!
repetition: 23189
>passed!
repetition: 23190
>passed!
repetition: 23191
>passed!
repetition: 23192
>passed!
repetition: 23193
>passed!
repetition: 23194
>passed!
repetition: 23195
>passed!
repetition: 23196
>passed!
repetition: 23197
>passed!
repetition: 23198
>passed!
repetition: 23199
>passed!
repetition: 23200
>passed!
repetition: 23201
>passed!
repetition: 23202
>passed!
repetition: 23203
>passed!
repetition: 23204
>passed!
repetition: 23205
>passed!
repetition: 23206
>passed!
repetition: 23207
>passed!
repetition: 23208
>passed!
repetition: 23209
>passed!
repetition: 23210
>passed!
repetition: 23211
>passed!
repetition: 23212
>passed!
repetition: 23213
>passed!
repetition: 23214
>passed!
repetition: 23215
>passed!
repetition: 23216
>passed!
repetition: 23217
>passed!
repetition: 23218
>passed!
repetition: 23219
>passed!
repetition: 23220
>passed!
repetition: 23221
>passed!
repetition: 23222
>passed!
repetition: 23223
>passed!
repetition: 23224
>passed!
repetition: 23225
>passed!
repetition: 23226
>passed!
repetition: 23227
>passed!
repetition: 23228
>passed!
repetition: 23229
>passed!
repetition: 23230
>passed!
repetition: 23231
>passed!
repetition: 23232
>passed!
repetition: 23233
>passed!
repetition: 23234
>passed!
repetition: 23235
>passed!
repetition: 23236
>passed!
repetition: 23237
>passed!
repetition: 23238
>passed!
repetition: 23239
>passed!
repetition: 23240
>passed!
repetition: 23241
>passed!
repetition: 23242
>passed!
repetition: 23243
>passed!
repetition: 23244
>passed!
repetition: 23245
>passed!
repetition: 23246
>passed!
repetition: 23247
>passed!
repetition: 23248
>passed!
repetition: 23249
>passed!
repetition: 23250
>passed!
repetition: 23251
>passed!
repetition: 23252
>passed!
repetition: 23253
>passed!
repetition: 23254
>passed!
repetition: 23255
>passed!
repetition: 23256
>passed!
repetition: 23257
>passed!
repetition: 23258
>passed!
repetition: 23259
>passed!
repetition: 23260
>passed!
repetition: 23261
>passed!
repetition: 23262
>passed!
repetition: 23263
>passed!
repetition: 23264
>passed!
repetition: 23265
>passed!
repetition: 23266
>passed!
repetition: 23267
>passed!
repetition: 23268
>passed!
repetition: 23269
>passed!
repetition: 23270
>passed!
repetition: 23271
>passed!
repetition: 23272
>passed!
repetition: 23273
>passed!
repetition: 23274
>passed!
repetition: 23275
>passed!
repetition: 23276
>passed!
repetition: 23277
>passed!
repetition: 23278
>passed!
repetition: 23279
>passed!
repetition: 23280
>passed!
repetition: 23281
>passed!
repetition: 23282
>passed!
repetition: 23283
>passed!
repetition: 23284
>passed!
repetition: 23285
>passed!
repetition: 23286
>passed!
repetition: 23287
>passed!
repetition: 23288
>passed!
repetition: 23289
>passed!
repetition: 23290
>passed!
repetition: 23291
>passed!
repetition: 23292
>passed!
repetition: 23293
>passed!
repetition: 23294
>passed!
repetition: 23295
>passed!
repetition: 23296
>passed!
repetition: 23297
>passed!
repetition: 23298
>passed!
repetition: 23299
>passed!
repetition: 23300
>passed!
repetition: 23301
>passed!
repetition: 23302
>passed!
repetition: 23303
>passed!
repetition: 23304
>passed!
repetition: 23305
>passed!
repetition: 23306
>passed!
repetition: 23307
>passed!
repetition: 23308
>passed!
repetition: 23309
>passed!
repetition: 23310
>passed!
repetition: 23311
>passed!
repetition: 23312
>passed!
repetition: 23313
>passed!
repetition: 23314
>passed!
repetition: 23315
>passed!
repetition: 23316
>passed!
repetition: 23317
>passed!
repetition: 23318
>passed!
repetition: 23319
>passed!
repetition: 23320
>passed!
repetition: 23321
>passed!
repetition: 23322
>passed!
repetition: 23323
>passed!
repetition: 23324
>passed!
repetition: 23325
>passed!
repetition: 23326
>passed!
repetition: 23327
>passed!
repetition: 23328
>passed!
repetition: 23329
>passed!
repetition: 23330
>passed!
repetition: 23331
>passed!
repetition: 23332
>passed!
repetition: 23333
>passed!
repetition: 23334
>passed!
repetition: 23335
>passed!
repetition: 23336
>passed!
repetition: 23337
>passed!
repetition: 23338
>passed!
repetition: 23339
>passed!
repetition: 23340
>passed!
repetition: 23341
>passed!
repetition: 23342
>passed!
repetition: 23343
>passed!
repetition: 23344
>passed!
repetition: 23345
>passed!
repetition: 23346
>passed!
repetition: 23347
>passed!
repetition: 23348
>passed!
repetition: 23349
>passed!
repetition: 23350
>passed!
repetition: 23351
>passed!
repetition: 23352
>passed!
repetition: 23353
>passed!
repetition: 23354
>passed!
repetition: 23355
>passed!
repetition: 23356
>passed!
repetition: 23357
>passed!
repetition: 23358
>passed!
repetition: 23359
>passed!
repetition: 23360
>passed!
repetition: 23361
>passed!
repetition: 23362
>passed!
repetition: 23363
>passed!
repetition: 23364
>passed!
repetition: 23365
>passed!
repetition: 23366
>passed!
repetition: 23367
>passed!
repetition: 23368
>passed!
repetition: 23369
>passed!
repetition: 23370
>passed!
repetition: 23371
>passed!
repetition: 23372
>passed!
repetition: 23373
>passed!
repetition: 23374
>passed!
repetition: 23375
>passed!
repetition: 23376
>passed!
repetition: 23377
>passed!
repetition: 23378
>passed!
repetition: 23379
>passed!
repetition: 23380
>passed!
repetition: 23381
>passed!
repetition: 23382
>passed!
repetition: 23383
>passed!
repetition: 23384
>passed!
repetition: 23385
>passed!
repetition: 23386
>passed!
repetition: 23387
>passed!
repetition: 23388
>passed!
repetition: 23389
>passed!
repetition: 23390
>passed!
repetition: 23391
>passed!
repetition: 23392
>passed!
repetition: 23393
>passed!
repetition: 23394
>passed!
repetition: 23395
>passed!
repetition: 23396
>passed!
repetition: 23397
>passed!
repetition: 23398
>passed!
repetition: 23399
>passed!
repetition: 23400
>passed!
repetition: 23401
>passed!
repetition: 23402
>passed!
repetition: 23403
>passed!
repetition: 23404
>passed!
repetition: 23405
>passed!
repetition: 23406
>passed!
repetition: 23407
>passed!
repetition: 23408
>passed!
repetition: 23409
>passed!
repetition: 23410
>passed!
repetition: 23411
>passed!
repetition: 23412
>passed!
repetition: 23413
>passed!
repetition: 23414
>passed!
repetition: 23415
>passed!
repetition: 23416
>passed!
repetition: 23417
>passed!
repetition: 23418
>passed!
repetition: 23419
>passed!
repetition: 23420
>passed!
repetition: 23421
>passed!
repetition: 23422
>passed!
repetition: 23423
>passed!
repetition: 23424
>passed!
repetition: 23425
>passed!
repetition: 23426
>passed!
repetition: 23427
>passed!
repetition: 23428
>passed!
repetition: 23429
>passed!
repetition: 23430
>passed!
repetition: 23431
>passed!
repetition: 23432
>passed!
repetition: 23433
>passed!
repetition: 23434
>passed!
repetition: 23435
>passed!
repetition: 23436
>passed!
repetition: 23437
>passed!
repetition: 23438
>passed!
repetition: 23439
>passed!
repetition: 23440
>passed!
repetition: 23441
>passed!
repetition: 23442
>passed!
repetition: 23443
>passed!
repetition: 23444
>passed!
repetition: 23445
>passed!
repetition: 23446
>passed!
repetition: 23447
>passed!
repetition: 23448
>passed!
repetition: 23449
>passed!
repetition: 23450
>passed!
repetition: 23451
>passed!
repetition: 23452
>passed!
repetition: 23453
>passed!
repetition: 23454
>passed!
repetition: 23455
>passed!
repetition: 23456
>passed!
repetition: 23457
>passed!
repetition: 23458
>passed!
repetition: 23459
>passed!
repetition: 23460
>passed!
repetition: 23461
>passed!
repetition: 23462
>passed!
repetition: 23463
>passed!
repetition: 23464
>passed!
repetition: 23465
>passed!
repetition: 23466
>passed!
repetition: 23467
>passed!
repetition: 23468
>passed!
repetition: 23469
>passed!
repetition: 23470
>passed!
repetition: 23471
>passed!
repetition: 23472
>passed!
repetition: 23473
>passed!
repetition: 23474
>passed!
repetition: 23475
>passed!
repetition: 23476
>passed!
repetition: 23477
>passed!
repetition: 23478
>passed!
repetition: 23479
>passed!
repetition: 23480
>passed!
repetition: 23481
>passed!
repetition: 23482
>passed!
repetition: 23483
>passed!
repetition: 23484
>passed!
repetition: 23485
>passed!
repetition: 23486
>passed!
repetition: 23487
>passed!
repetition: 23488
>passed!
repetition: 23489
>passed!
repetition: 23490
>passed!
repetition: 23491
>passed!
repetition: 23492
>passed!
repetition: 23493
>passed!
repetition: 23494
>passed!
repetition: 23495
>passed!
repetition: 23496
>passed!
repetition: 23497
>passed!
repetition: 23498
>passed!
repetition: 23499
>passed!
repetition: 23500
>passed!
repetition: 23501
>passed!
repetition: 23502
>passed!
repetition: 23503
>passed!
repetition: 23504
>passed!
repetition: 23505
>passed!
repetition: 23506
>passed!
repetition: 23507
>passed!
repetition: 23508
>passed!
repetition: 23509
>passed!
repetition: 23510
>passed!
repetition: 23511
>passed!
repetition: 23512
>passed!
repetition: 23513
>passed!
repetition: 23514
>passed!
repetition: 23515
>passed!
repetition: 23516
>passed!
repetition: 23517
>passed!
repetition: 23518
>passed!
repetition: 23519
>passed!
repetition: 23520
>passed!
repetition: 23521
>passed!
repetition: 23522
>passed!
repetition: 23523
>passed!
repetition: 23524
>passed!
repetition: 23525
>passed!
repetition: 23526
>passed!
repetition: 23527
>passed!
repetition: 23528
>passed!
repetition: 23529
>passed!
repetition: 23530
>passed!
repetition: 23531
>passed!
repetition: 23532
>passed!
repetition: 23533
>passed!
repetition: 23534
>passed!
repetition: 23535
>passed!
repetition: 23536
>passed!
repetition: 23537
>passed!
repetition: 23538
>passed!
repetition: 23539
>passed!
repetition: 23540
>passed!
repetition: 23541
>passed!
repetition: 23542
>passed!
repetition: 23543
>passed!
repetition: 23544
>passed!
repetition: 23545
>passed!
repetition: 23546
>passed!
repetition: 23547
>passed!
repetition: 23548
>passed!
repetition: 23549
>passed!
repetition: 23550
>passed!
repetition: 23551
>passed!
repetition: 23552
>passed!
repetition: 23553
>passed!
repetition: 23554
>passed!
repetition: 23555
>passed!
repetition: 23556
>passed!
repetition: 23557
>passed!
repetition: 23558
>passed!
repetition: 23559
>passed!
repetition: 23560
>passed!
repetition: 23561
>passed!
repetition: 23562
>passed!
repetition: 23563
>passed!
repetition: 23564
>passed!
repetition: 23565
>passed!
repetition: 23566
>passed!
repetition: 23567
>passed!
repetition: 23568
>passed!
repetition: 23569
>passed!
repetition: 23570
>passed!
repetition: 23571
>passed!
repetition: 23572
>passed!
repetition: 23573
>passed!
repetition: 23574
>passed!
repetition: 23575
>passed!
repetition: 23576
>passed!
repetition: 23577
>passed!
repetition: 23578
>passed!
repetition: 23579
>passed!
repetition: 23580
>passed!
repetition: 23581
>passed!
repetition: 23582
>passed!
repetition: 23583
>passed!
repetition: 23584
>passed!
repetition: 23585
>passed!
repetition: 23586
>passed!
repetition: 23587
>passed!
repetition: 23588
>passed!
repetition: 23589
>passed!
repetition: 23590
>passed!
repetition: 23591
>passed!
repetition: 23592
>passed!
repetition: 23593
>passed!
repetition: 23594
>passed!
repetition: 23595
>passed!
repetition: 23596
>passed!
repetition: 23597
>passed!
repetition: 23598
>passed!
repetition: 23599
>passed!
repetition: 23600
>passed!
repetition: 23601
>passed!
repetition: 23602
>passed!
repetition: 23603
>passed!
repetition: 23604
>passed!
repetition: 23605
>passed!
repetition: 23606
>passed!
repetition: 23607
>passed!
repetition: 23608
>passed!
repetition: 23609
>passed!
repetition: 23610
>passed!
repetition: 23611
>passed!
repetition: 23612
>passed!
repetition: 23613
>passed!
repetition: 23614
>passed!
repetition: 23615
>passed!
repetition: 23616
>passed!
repetition: 23617
>passed!
repetition: 23618
>passed!
repetition: 23619
>passed!
repetition: 23620
>passed!
repetition: 23621
>passed!
repetition: 23622
>passed!
repetition: 23623
>passed!
repetition: 23624
>passed!
repetition: 23625
>passed!
repetition: 23626
>passed!
repetition: 23627
>passed!
repetition: 23628
>passed!
repetition: 23629
>passed!
repetition: 23630
>passed!
repetition: 23631
>passed!
repetition: 23632
>passed!
repetition: 23633
>passed!
repetition: 23634
>passed!
repetition: 23635
>passed!
repetition: 23636
>passed!
repetition: 23637
>passed!
repetition: 23638
>passed!
repetition: 23639
>passed!
repetition: 23640
>passed!
repetition: 23641
>passed!
repetition: 23642
>passed!
repetition: 23643
>passed!
repetition: 23644
>passed!
repetition: 23645
>passed!
repetition: 23646
>passed!
repetition: 23647
>passed!
repetition: 23648
>passed!
repetition: 23649
>passed!
repetition: 23650
>passed!
repetition: 23651
>passed!
repetition: 23652
>passed!
repetition: 23653
>passed!
repetition: 23654
>passed!
repetition: 23655
>passed!
repetition: 23656
>passed!
repetition: 23657
>passed!
repetition: 23658
>passed!
repetition: 23659
>passed!
repetition: 23660
>passed!
repetition: 23661
>passed!
repetition: 23662
>passed!
repetition: 23663
>passed!
repetition: 23664
>passed!
repetition: 23665
>passed!
repetition: 23666
>passed!
repetition: 23667
>passed!
repetition: 23668
>passed!
repetition: 23669
>passed!
repetition: 23670
>passed!
repetition: 23671
>passed!
repetition: 23672
>passed!
repetition: 23673
>passed!
repetition: 23674
>passed!
repetition: 23675
>passed!
repetition: 23676
>passed!
repetition: 23677
>passed!
repetition: 23678
>passed!
repetition: 23679
>passed!
repetition: 23680
>passed!
repetition: 23681
>passed!
repetition: 23682
>passed!
repetition: 23683
>passed!
repetition: 23684
>passed!
repetition: 23685
>passed!
repetition: 23686
>passed!
repetition: 23687
>passed!
repetition: 23688
>passed!
repetition: 23689
>passed!
repetition: 23690
>passed!
repetition: 23691
>passed!
repetition: 23692
>passed!
repetition: 23693
>passed!
repetition: 23694
>passed!
repetition: 23695
>passed!
repetition: 23696
>passed!
repetition: 23697
>passed!
repetition: 23698
>passed!
repetition: 23699
>passed!
repetition: 23700
>passed!
repetition: 23701
>passed!
repetition: 23702
>passed!
repetition: 23703
>passed!
repetition: 23704
>passed!
repetition: 23705
>passed!
repetition: 23706
>passed!
repetition: 23707
>passed!
repetition: 23708
>passed!
repetition: 23709
>passed!
repetition: 23710
>passed!
repetition: 23711
>passed!
repetition: 23712
>passed!
repetition: 23713
>passed!
repetition: 23714
>passed!
repetition: 23715
>passed!
repetition: 23716
>passed!
repetition: 23717
>passed!
repetition: 23718
>passed!
repetition: 23719
>passed!
repetition: 23720
>passed!
repetition: 23721
>passed!
repetition: 23722
>passed!
repetition: 23723
>passed!
repetition: 23724
>passed!
repetition: 23725
>passed!
repetition: 23726
>passed!
repetition: 23727
>passed!
repetition: 23728
>passed!
repetition: 23729
>passed!
repetition: 23730
>passed!
repetition: 23731
>passed!
repetition: 23732
>passed!
repetition: 23733
>passed!
repetition: 23734
>passed!
repetition: 23735
>passed!
repetition: 23736
>passed!
repetition: 23737
>passed!
repetition: 23738
>passed!
repetition: 23739
>passed!
repetition: 23740
>passed!
repetition: 23741
>passed!
repetition: 23742
>passed!
repetition: 23743
>passed!
repetition: 23744
>passed!
repetition: 23745
>passed!
repetition: 23746
>passed!
repetition: 23747
>passed!
repetition: 23748
>passed!
repetition: 23749
>passed!
repetition: 23750
>passed!
repetition: 23751
>passed!
repetition: 23752
>passed!
repetition: 23753
>passed!
repetition: 23754
>passed!
repetition: 23755
>passed!
repetition: 23756
>passed!
repetition: 23757
>passed!
repetition: 23758
>passed!
repetition: 23759
>passed!
repetition: 23760
>passed!
repetition: 23761
>passed!
repetition: 23762
>passed!
repetition: 23763
>passed!
repetition: 23764
>passed!
repetition: 23765
>passed!
repetition: 23766
>passed!
repetition: 23767
>passed!
repetition: 23768
>passed!
repetition: 23769
>passed!
repetition: 23770
>passed!
repetition: 23771
>passed!
repetition: 23772
>passed!
repetition: 23773
>passed!
repetition: 23774
>passed!
repetition: 23775
>passed!
repetition: 23776
>passed!
repetition: 23777
>passed!
repetition: 23778
>passed!
repetition: 23779
>passed!
repetition: 23780
>passed!
repetition: 23781
>passed!
repetition: 23782
>passed!
repetition: 23783
>passed!
repetition: 23784
>passed!
repetition: 23785
>passed!
repetition: 23786
>passed!
repetition: 23787
>passed!
repetition: 23788
>passed!
repetition: 23789
>passed!
repetition: 23790
>passed!
repetition: 23791
>passed!
repetition: 23792
>passed!
repetition: 23793
>passed!
repetition: 23794
>passed!
repetition: 23795
>passed!
repetition: 23796
>passed!
repetition: 23797
>passed!
repetition: 23798
>passed!
repetition: 23799
>passed!
repetition: 23800
>passed!
repetition: 23801
>passed!
repetition: 23802
>passed!
repetition: 23803
>passed!
repetition: 23804
>passed!
repetition: 23805
>passed!
repetition: 23806
>passed!
repetition: 23807
>passed!
repetition: 23808
>passed!
repetition: 23809
>passed!
repetition: 23810
>passed!
repetition: 23811
>passed!
repetition: 23812
>passed!
repetition: 23813
>passed!
repetition: 23814
>passed!
repetition: 23815
>passed!
repetition: 23816
>passed!
repetition: 23817
>passed!
repetition: 23818
>passed!
repetition: 23819
>passed!
repetition: 23820
>passed!
repetition: 23821
>passed!
repetition: 23822
>passed!
repetition: 23823
>passed!
repetition: 23824
>passed!
repetition: 23825
>passed!
repetition: 23826
>passed!
repetition: 23827
>passed!
repetition: 23828
>passed!
repetition: 23829
>passed!
repetition: 23830
>passed!
repetition: 23831
>passed!
repetition: 23832
>passed!
repetition: 23833
>passed!
repetition: 23834
>passed!
repetition: 23835
>passed!
repetition: 23836
>passed!
repetition: 23837
>passed!
repetition: 23838
>passed!
repetition: 23839
>passed!
repetition: 23840
>passed!
repetition: 23841
>passed!
repetition: 23842
>passed!
repetition: 23843
>passed!
repetition: 23844
>passed!
repetition: 23845
>passed!
repetition: 23846
>passed!
repetition: 23847
>passed!
repetition: 23848
>passed!
repetition: 23849
>passed!
repetition: 23850
>passed!
repetition: 23851
>passed!
repetition: 23852
>passed!
repetition: 23853
>passed!
repetition: 23854
>passed!
repetition: 23855
>passed!
repetition: 23856
>passed!
repetition: 23857
>passed!
repetition: 23858
>passed!
repetition: 23859
>passed!
repetition: 23860
>passed!
repetition: 23861
>passed!
repetition: 23862
>passed!
repetition: 23863
>passed!
repetition: 23864
>passed!
repetition: 23865
>passed!
repetition: 23866
>passed!
repetition: 23867
>passed!
repetition: 23868
>passed!
repetition: 23869
>passed!
repetition: 23870
>passed!
repetition: 23871
>passed!
repetition: 23872
>passed!
repetition: 23873
>passed!
repetition: 23874
>passed!
repetition: 23875
>passed!
repetition: 23876
>passed!
repetition: 23877
>passed!
repetition: 23878
>passed!
repetition: 23879
>passed!
repetition: 23880
>passed!
repetition: 23881
>passed!
repetition: 23882
>passed!
repetition: 23883
>passed!
repetition: 23884
>passed!
repetition: 23885
>passed!
repetition: 23886
>passed!
repetition: 23887
>passed!
repetition: 23888
>passed!
repetition: 23889
>passed!
repetition: 23890
>passed!
repetition: 23891
>passed!
repetition: 23892
>passed!
repetition: 23893
>passed!
repetition: 23894
>passed!
repetition: 23895
>passed!
repetition: 23896
>passed!
repetition: 23897
>passed!
repetition: 23898
>passed!
repetition: 23899
>passed!
repetition: 23900
>passed!
repetition: 23901
>passed!
repetition: 23902
>passed!
repetition: 23903
>passed!
repetition: 23904
>passed!
repetition: 23905
>passed!
repetition: 23906
>passed!
repetition: 23907
>passed!
repetition: 23908
>passed!
repetition: 23909
>passed!
repetition: 23910
>passed!
repetition: 23911
>passed!
repetition: 23912
>passed!
repetition: 23913
>passed!
repetition: 23914
>passed!
repetition: 23915
>passed!
repetition: 23916
>passed!
repetition: 23917
>passed!
repetition: 23918
>passed!
repetition: 23919
>passed!
repetition: 23920
>passed!
repetition: 23921
>passed!
repetition: 23922
>passed!
repetition: 23923
>passed!
repetition: 23924
>passed!
repetition: 23925
>passed!
repetition: 23926
>passed!
repetition: 23927
>passed!
repetition: 23928
>passed!
repetition: 23929
>passed!
repetition: 23930
>passed!
repetition: 23931
>passed!
repetition: 23932
>passed!
repetition: 23933
>passed!
repetition: 23934
>passed!
repetition: 23935
>passed!
repetition: 23936
>passed!
repetition: 23937
>passed!
repetition: 23938
>passed!
repetition: 23939
>passed!
repetition: 23940
>passed!
repetition: 23941
>passed!
repetition: 23942
>passed!
repetition: 23943
>passed!
repetition: 23944
>passed!
repetition: 23945
>passed!
repetition: 23946
>passed!
repetition: 23947
>passed!
repetition: 23948
>passed!
repetition: 23949
>passed!
repetition: 23950
>passed!
repetition: 23951
>passed!
repetition: 23952
>passed!
repetition: 23953
>passed!
repetition: 23954
>passed!
repetition: 23955
>passed!
repetition: 23956
>passed!
repetition: 23957
>passed!
repetition: 23958
>passed!
repetition: 23959
>passed!
repetition: 23960
>passed!
repetition: 23961
>passed!
repetition: 23962
>passed!
repetition: 23963
>passed!
repetition: 23964
>passed!
repetition: 23965
>passed!
repetition: 23966
>passed!
repetition: 23967
>passed!
repetition: 23968
>passed!
repetition: 23969
>passed!
repetition: 23970
>passed!
repetition: 23971
>passed!
repetition: 23972
>passed!
repetition: 23973
>passed!
repetition: 23974
>passed!
repetition: 23975
>passed!
repetition: 23976
>passed!
repetition: 23977
>passed!
repetition: 23978
>passed!
repetition: 23979
>passed!
repetition: 23980
>passed!
repetition: 23981
>passed!
repetition: 23982
>passed!
repetition: 23983
>passed!
repetition: 23984
>passed!
repetition: 23985
>passed!
repetition: 23986
>passed!
repetition: 23987
>passed!
repetition: 23988
>passed!
repetition: 23989
>passed!
repetition: 23990
>passed!
repetition: 23991
>passed!
repetition: 23992
>passed!
repetition: 23993
>passed!
repetition: 23994
>passed!
repetition: 23995
>passed!
repetition: 23996
>passed!
repetition: 23997
>passed!
repetition: 23998
>passed!
repetition: 23999
>passed!
repetition: 24000
>passed!
repetition: 24001
>passed!
repetition: 24002
>passed!
repetition: 24003
>passed!
repetition: 24004
>passed!
repetition: 24005
>passed!
repetition: 24006
>passed!
repetition: 24007
>passed!
repetition: 24008
>passed!
repetition: 24009
>passed!
repetition: 24010
>passed!
repetition: 24011
>passed!
repetition: 24012
>passed!
repetition: 24013
>passed!
repetition: 24014
>passed!
repetition: 24015
>passed!
repetition: 24016
>passed!
repetition: 24017
>passed!
repetition: 24018
>passed!
repetition: 24019
>passed!
repetition: 24020
>passed!
repetition: 24021
>passed!
repetition: 24022
>passed!
repetition: 24023
>passed!
repetition: 24024
>passed!
repetition: 24025
>passed!
repetition: 24026
>passed!
repetition: 24027
>passed!
repetition: 24028
>passed!
repetition: 24029
>passed!
repetition: 24030
>passed!
repetition: 24031
>passed!
repetition: 24032
>passed!
repetition: 24033
>passed!
repetition: 24034
>passed!
repetition: 24035
>passed!
repetition: 24036
>passed!
repetition: 24037
>passed!
repetition: 24038
>passed!
repetition: 24039
>passed!
repetition: 24040
>passed!
repetition: 24041
>passed!
repetition: 24042
>passed!
repetition: 24043
>passed!
repetition: 24044
>passed!
repetition: 24045
>passed!
repetition: 24046
>passed!
repetition: 24047
>passed!
repetition: 24048
>passed!
repetition: 24049
>passed!
repetition: 24050
>passed!
repetition: 24051
>passed!
repetition: 24052
>passed!
repetition: 24053
>passed!
repetition: 24054
>passed!
repetition: 24055
>passed!
repetition: 24056
>passed!
repetition: 24057
>passed!
repetition: 24058
>passed!
repetition: 24059
>passed!
repetition: 24060
>passed!
repetition: 24061
>passed!
repetition: 24062
>passed!
repetition: 24063
>passed!
repetition: 24064
>passed!
repetition: 24065
>passed!
repetition: 24066
>passed!
repetition: 24067
>passed!
repetition: 24068
>passed!
repetition: 24069
>passed!
repetition: 24070
>passed!
repetition: 24071
>passed!
repetition: 24072
>passed!
repetition: 24073
>passed!
repetition: 24074
>passed!
repetition: 24075
>passed!
repetition: 24076
>passed!
repetition: 24077
>passed!
repetition: 24078
>passed!
repetition: 24079
>passed!
repetition: 24080
>passed!
repetition: 24081
>passed!
repetition: 24082
>passed!
repetition: 24083
>passed!
repetition: 24084
>passed!
repetition: 24085
>passed!
repetition: 24086
>passed!
repetition: 24087
>passed!
repetition: 24088
>passed!
repetition: 24089
>passed!
repetition: 24090
>passed!
repetition: 24091
>passed!
repetition: 24092
>passed!
repetition: 24093
>passed!
repetition: 24094
>passed!
repetition: 24095
>passed!
repetition: 24096
>passed!
repetition: 24097
>passed!
repetition: 24098
>passed!
repetition: 24099
>passed!
repetition: 24100
>passed!
repetition: 24101
>passed!
repetition: 24102
>passed!
repetition: 24103
>passed!
repetition: 24104
>passed!
repetition: 24105
>passed!
repetition: 24106
>passed!
repetition: 24107
>passed!
repetition: 24108
>passed!
repetition: 24109
>passed!
repetition: 24110
>passed!
repetition: 24111
>passed!
repetition: 24112
>passed!
repetition: 24113
>passed!
repetition: 24114
>passed!
repetition: 24115
>passed!
repetition: 24116
>passed!
repetition: 24117
>passed!
repetition: 24118
>passed!
repetition: 24119
>passed!
repetition: 24120
>passed!
repetition: 24121
>passed!
repetition: 24122
>passed!
repetition: 24123
>passed!
repetition: 24124
>passed!
repetition: 24125
>passed!
repetition: 24126
>passed!
repetition: 24127
>passed!
repetition: 24128
>passed!
repetition: 24129
>passed!
repetition: 24130
>passed!
repetition: 24131
>passed!
repetition: 24132
>passed!
repetition: 24133
>passed!
repetition: 24134
>passed!
repetition: 24135
>passed!
repetition: 24136
>passed!
repetition: 24137
>passed!
repetition: 24138
>passed!
repetition: 24139
>passed!
repetition: 24140
>passed!
repetition: 24141
>passed!
repetition: 24142
>passed!
repetition: 24143
>passed!
repetition: 24144
>passed!
repetition: 24145
>passed!
repetition: 24146
>passed!
repetition: 24147
>passed!
repetition: 24148
>passed!
repetition: 24149
>passed!
repetition: 24150
>passed!
repetition: 24151
>passed!
repetition: 24152
>passed!
repetition: 24153
>passed!
repetition: 24154
>passed!
repetition: 24155
>passed!
repetition: 24156
>passed!
repetition: 24157
>passed!
repetition: 24158
>passed!
repetition: 24159
>passed!
repetition: 24160
>passed!
repetition: 24161
>passed!
repetition: 24162
>passed!
repetition: 24163
>passed!
repetition: 24164
>passed!
repetition: 24165
>passed!
repetition: 24166
>passed!
repetition: 24167
>passed!
repetition: 24168
>passed!
repetition: 24169
>passed!
repetition: 24170
>passed!
repetition: 24171
>passed!
repetition: 24172
>passed!
repetition: 24173
>passed!
repetition: 24174
>passed!
repetition: 24175
>passed!
repetition: 24176
>passed!
repetition: 24177
>passed!
repetition: 24178
>passed!
repetition: 24179
>passed!
repetition: 24180
>passed!
repetition: 24181
>passed!
repetition: 24182
>passed!
repetition: 24183
>passed!
repetition: 24184
>passed!
repetition: 24185
>passed!
repetition: 24186
>passed!
repetition: 24187
>passed!
repetition: 24188
>passed!
repetition: 24189
>passed!
repetition: 24190
>passed!
repetition: 24191
>passed!
repetition: 24192
>passed!
repetition: 24193
>passed!
repetition: 24194
>passed!
repetition: 24195
>passed!
repetition: 24196
>passed!
repetition: 24197
>passed!
repetition: 24198
>passed!
repetition: 24199
>passed!
repetition: 24200
>passed!
repetition: 24201
>passed!
repetition: 24202
>passed!
repetition: 24203
>passed!
repetition: 24204
>passed!
repetition: 24205
>passed!
repetition: 24206
>passed!
repetition: 24207
>passed!
repetition: 24208
>passed!
repetition: 24209
>passed!
repetition: 24210
>passed!
repetition: 24211
>passed!
repetition: 24212
>passed!
repetition: 24213
>passed!
repetition: 24214
>passed!
repetition: 24215
>passed!
repetition: 24216
>passed!
repetition: 24217
>passed!
repetition: 24218
>passed!
repetition: 24219
>passed!
repetition: 24220
>passed!
repetition: 24221
>passed!
repetition: 24222
>passed!
repetition: 24223
>passed!
repetition: 24224
>passed!
repetition: 24225
>passed!
repetition: 24226
>passed!
repetition: 24227
>passed!
repetition: 24228
>passed!
repetition: 24229
>passed!
repetition: 24230
>passed!
repetition: 24231
>passed!
repetition: 24232
>passed!
repetition: 24233
>passed!
repetition: 24234
>passed!
repetition: 24235
>passed!
repetition: 24236
>passed!
repetition: 24237
>passed!
repetition: 24238
>passed!
repetition: 24239
>passed!
repetition: 24240
>passed!
repetition: 24241
>passed!
repetition: 24242
>passed!
repetition: 24243
>passed!
repetition: 24244
>passed!
repetition: 24245
>passed!
repetition: 24246
>passed!
repetition: 24247
>passed!
repetition: 24248
>passed!
repetition: 24249
>passed!
repetition: 24250
>passed!
repetition: 24251
>passed!
repetition: 24252
>passed!
repetition: 24253
>passed!
repetition: 24254
>passed!
repetition: 24255
>passed!
repetition: 24256
>passed!
repetition: 24257
>passed!
repetition: 24258
>passed!
repetition: 24259
>passed!
repetition: 24260
>passed!
repetition: 24261
>passed!
repetition: 24262
>passed!
repetition: 24263
>passed!
repetition: 24264
>passed!
repetition: 24265
>passed!
repetition: 24266
>passed!
repetition: 24267
>passed!
repetition: 24268
>passed!
repetition: 24269
>passed!
repetition: 24270
>passed!
repetition: 24271
>passed!
repetition: 24272
>passed!
repetition: 24273
>passed!
repetition: 24274
>passed!
repetition: 24275
>passed!
repetition: 24276
>passed!
repetition: 24277
>passed!
repetition: 24278
>passed!
repetition: 24279
>passed!
repetition: 24280
>passed!
repetition: 24281
>passed!
repetition: 24282
>passed!
repetition: 24283
>passed!
repetition: 24284
>passed!
repetition: 24285
>passed!
repetition: 24286
>passed!
repetition: 24287
>passed!
repetition: 24288
>passed!
repetition: 24289
>passed!
repetition: 24290
>passed!
repetition: 24291
>passed!
repetition: 24292
>passed!
repetition: 24293
>passed!
repetition: 24294
>passed!
repetition: 24295
>passed!
repetition: 24296
>passed!
repetition: 24297
>passed!
repetition: 24298
>passed!
repetition: 24299
>passed!
repetition: 24300
>passed!
repetition: 24301
>passed!
repetition: 24302
>passed!
repetition: 24303
>passed!
repetition: 24304
>passed!
repetition: 24305
>passed!
repetition: 24306
>passed!
repetition: 24307
>passed!
repetition: 24308
>passed!
repetition: 24309
>passed!
repetition: 24310
>passed!
repetition: 24311
>passed!
repetition: 24312
>passed!
repetition: 24313
>passed!
repetition: 24314
>passed!
repetition: 24315
>passed!
repetition: 24316
>passed!
repetition: 24317
>passed!
repetition: 24318
>passed!
repetition: 24319
>passed!
repetition: 24320
>passed!
repetition: 24321
>passed!
repetition: 24322
>passed!
repetition: 24323
>passed!
repetition: 24324
>passed!
repetition: 24325
>passed!
repetition: 24326
>passed!
repetition: 24327
>passed!
repetition: 24328
>passed!
repetition: 24329
>passed!
repetition: 24330
>passed!
repetition: 24331
>passed!
repetition: 24332
>passed!
repetition: 24333
>passed!
repetition: 24334
>passed!
repetition: 24335
>passed!
repetition: 24336
>passed!
repetition: 24337
>passed!
repetition: 24338
>passed!
repetition: 24339
>passed!
repetition: 24340
>passed!
repetition: 24341
>passed!
repetition: 24342
>passed!
repetition: 24343
>passed!
repetition: 24344
>passed!
repetition: 24345
>passed!
repetition: 24346
>passed!
repetition: 24347
>passed!
repetition: 24348
>passed!
repetition: 24349
>passed!
repetition: 24350
>passed!
repetition: 24351
>passed!
repetition: 24352
>passed!
repetition: 24353
>passed!
repetition: 24354
>passed!
repetition: 24355
>passed!
repetition: 24356
>passed!
repetition: 24357
>passed!
repetition: 24358
>passed!
repetition: 24359
>passed!
repetition: 24360
>passed!
repetition: 24361
>passed!
repetition: 24362
>passed!
repetition: 24363
>passed!
repetition: 24364
>passed!
repetition: 24365
>passed!
repetition: 24366
>passed!
repetition: 24367
>passed!
repetition: 24368
>passed!
repetition: 24369
>passed!
repetition: 24370
>passed!
repetition: 24371
>passed!
repetition: 24372
>passed!
repetition: 24373
>passed!
repetition: 24374
>passed!
repetition: 24375
>passed!
repetition: 24376
>passed!
repetition: 24377
>passed!
repetition: 24378
>passed!
repetition: 24379
>passed!
repetition: 24380
>passed!
repetition: 24381
>passed!
repetition: 24382
>passed!
repetition: 24383
>passed!
repetition: 24384
>passed!
repetition: 24385
>passed!
repetition: 24386
>passed!
repetition: 24387
>passed!
repetition: 24388
>passed!
repetition: 24389
>passed!
repetition: 24390
>passed!
repetition: 24391
>passed!
repetition: 24392
>passed!
repetition: 24393
>passed!
repetition: 24394
>passed!
repetition: 24395
>passed!
repetition: 24396
>passed!
repetition: 24397
>passed!
repetition: 24398
>passed!
repetition: 24399
>passed!
repetition: 24400
>passed!
repetition: 24401
>passed!
repetition: 24402
>passed!
repetition: 24403
>passed!
repetition: 24404
>passed!
repetition: 24405
>passed!
repetition: 24406
>passed!
repetition: 24407
>passed!
repetition: 24408
>passed!
repetition: 24409
>passed!
repetition: 24410
>passed!
repetition: 24411
>passed!
repetition: 24412
>passed!
repetition: 24413
>passed!
repetition: 24414
>passed!
repetition: 24415
>passed!
repetition: 24416
>passed!
repetition: 24417
>passed!
repetition: 24418
>passed!
repetition: 24419
>passed!
repetition: 24420
>passed!
repetition: 24421
>passed!
repetition: 24422
>passed!
repetition: 24423
>passed!
repetition: 24424
>passed!
repetition: 24425
>passed!
repetition: 24426
>passed!
repetition: 24427
>passed!
repetition: 24428
>passed!
repetition: 24429
>passed!
repetition: 24430
>passed!
repetition: 24431
>passed!
repetition: 24432
>passed!
repetition: 24433
>passed!
repetition: 24434
>passed!
repetition: 24435
>passed!
repetition: 24436
>passed!
repetition: 24437
>passed!
repetition: 24438
>passed!
repetition: 24439
>passed!
repetition: 24440
>passed!
repetition: 24441
>passed!
repetition: 24442
>passed!
repetition: 24443
>passed!
repetition: 24444
>passed!
repetition: 24445
>passed!
repetition: 24446
>passed!
repetition: 24447
>passed!
repetition: 24448
>passed!
repetition: 24449
>passed!
repetition: 24450
>passed!
repetition: 24451
>passed!
repetition: 24452
>passed!
repetition: 24453
>passed!
repetition: 24454
>passed!
repetition: 24455
>passed!
repetition: 24456
>passed!
repetition: 24457
>passed!
repetition: 24458
>passed!
repetition: 24459
>passed!
repetition: 24460
>passed!
repetition: 24461
>passed!
repetition: 24462
>passed!
repetition: 24463
>passed!
repetition: 24464
>passed!
repetition: 24465
>passed!
repetition: 24466
>passed!
repetition: 24467
>passed!
repetition: 24468
>passed!
repetition: 24469
>passed!
repetition: 24470
>passed!
repetition: 24471
>passed!
repetition: 24472
>passed!
repetition: 24473
>passed!
repetition: 24474
>passed!
repetition: 24475
>passed!
repetition: 24476
>passed!
repetition: 24477
>passed!
repetition: 24478
>passed!
repetition: 24479
>passed!
repetition: 24480
>passed!
repetition: 24481
>passed!
repetition: 24482
>passed!
repetition: 24483
>passed!
repetition: 24484
>passed!
repetition: 24485
>passed!
repetition: 24486
>passed!
repetition: 24487
>passed!
repetition: 24488
>passed!
repetition: 24489
>passed!
repetition: 24490
>passed!
repetition: 24491
>passed!
repetition: 24492
>passed!
repetition: 24493
>passed!
repetition: 24494
>passed!
repetition: 24495
>passed!
repetition: 24496
>passed!
repetition: 24497
>passed!
repetition: 24498
>passed!
repetition: 24499
>passed!
repetition: 24500
>passed!
repetition: 24501
>passed!
repetition: 24502
>passed!
repetition: 24503
>passed!
repetition: 24504
>passed!
repetition: 24505
>passed!
repetition: 24506
>passed!
repetition: 24507
>passed!
repetition: 24508
>passed!
repetition: 24509
>passed!
repetition: 24510
>passed!
repetition: 24511
>passed!
repetition: 24512
>passed!
repetition: 24513
>passed!
repetition: 24514
>passed!
repetition: 24515
>passed!
repetition: 24516
>passed!
repetition: 24517
>passed!
repetition: 24518
>passed!
repetition: 24519
>passed!
repetition: 24520
>passed!
repetition: 24521
>passed!
repetition: 24522
>passed!
repetition: 24523
>passed!
repetition: 24524
>passed!
repetition: 24525
>passed!
repetition: 24526
>passed!
repetition: 24527
>passed!
repetition: 24528
>passed!
repetition: 24529
>passed!
repetition: 24530
>passed!
repetition: 24531
>passed!
repetition: 24532
>passed!
repetition: 24533
>passed!
repetition: 24534
>passed!
repetition: 24535
>passed!
repetition: 24536
>passed!
repetition: 24537
>passed!
repetition: 24538
>passed!
repetition: 24539
>passed!
repetition: 24540
>passed!
repetition: 24541
>passed!
repetition: 24542
>passed!
repetition: 24543
>passed!
repetition: 24544
>passed!
repetition: 24545
>passed!
repetition: 24546
>passed!
repetition: 24547
>passed!
repetition: 24548
>passed!
repetition: 24549
>passed!
repetition: 24550
>passed!
repetition: 24551
>passed!
repetition: 24552
>passed!
repetition: 24553
>passed!
repetition: 24554
>passed!
repetition: 24555
>passed!
repetition: 24556
>passed!
repetition: 24557
>passed!
repetition: 24558
>passed!
repetition: 24559
>passed!
repetition: 24560
>passed!
repetition: 24561
>passed!
repetition: 24562
>passed!
repetition: 24563
>passed!
repetition: 24564
>passed!
repetition: 24565
>passed!
repetition: 24566
>passed!
repetition: 24567
>passed!
repetition: 24568
>passed!
repetition: 24569
>passed!
repetition: 24570
>passed!
repetition: 24571
>passed!
repetition: 24572
>passed!
repetition: 24573
>passed!
repetition: 24574
>passed!
repetition: 24575
>passed!
repetition: 24576
>passed!
repetition: 24577
>passed!
repetition: 24578
>passed!
repetition: 24579
>passed!
repetition: 24580
>passed!
repetition: 24581
>passed!
repetition: 24582
>passed!
repetition: 24583
>passed!
repetition: 24584
>passed!
repetition: 24585
>passed!
repetition: 24586
>passed!
repetition: 24587
>passed!
repetition: 24588
>passed!
repetition: 24589
>passed!
repetition: 24590
>passed!
repetition: 24591
>passed!
repetition: 24592
>passed!
repetition: 24593
>passed!
repetition: 24594
>passed!
repetition: 24595
>passed!
repetition: 24596
>passed!
repetition: 24597
>passed!
repetition: 24598
>passed!
repetition: 24599
>passed!
repetition: 24600
>passed!
repetition: 24601
>passed!
repetition: 24602
>passed!
repetition: 24603
>passed!
repetition: 24604
>passed!
repetition: 24605
>passed!
repetition: 24606
>passed!
repetition: 24607
>passed!
repetition: 24608
>passed!
repetition: 24609
>passed!
repetition: 24610
>passed!
repetition: 24611
>passed!
repetition: 24612
>passed!
repetition: 24613
>passed!
repetition: 24614
>passed!
repetition: 24615
>passed!
repetition: 24616
>passed!
repetition: 24617
>passed!
repetition: 24618
>passed!
repetition: 24619
>passed!
repetition: 24620
>passed!
repetition: 24621
>passed!
repetition: 24622
>passed!
repetition: 24623
>passed!
repetition: 24624
>passed!
repetition: 24625
>passed!
repetition: 24626
>passed!
repetition: 24627
>passed!
repetition: 24628
>passed!
repetition: 24629
>passed!
repetition: 24630
>passed!
repetition: 24631
>passed!
repetition: 24632
>passed!
repetition: 24633
>passed!
repetition: 24634
>passed!
repetition: 24635
>passed!
repetition: 24636
>passed!
repetition: 24637
>passed!
repetition: 24638
>passed!
repetition: 24639
>passed!
repetition: 24640
>passed!
repetition: 24641
>passed!
repetition: 24642
>passed!
repetition: 24643
>passed!
repetition: 24644
>passed!
repetition: 24645
>passed!
repetition: 24646
>passed!
repetition: 24647
>passed!
repetition: 24648
>passed!
repetition: 24649
>passed!
repetition: 24650
>passed!
repetition: 24651
>passed!
repetition: 24652
>passed!
repetition: 24653
>passed!
repetition: 24654
>passed!
repetition: 24655
>passed!
repetition: 24656
>passed!
repetition: 24657
>passed!
repetition: 24658
>passed!
repetition: 24659
>passed!
repetition: 24660
>passed!
repetition: 24661
>passed!
repetition: 24662
>passed!
repetition: 24663
>passed!
repetition: 24664
>passed!
repetition: 24665
>passed!
repetition: 24666
>passed!
repetition: 24667
>passed!
repetition: 24668
>passed!
repetition: 24669
>passed!
repetition: 24670
>passed!
repetition: 24671
>passed!
repetition: 24672
>passed!
repetition: 24673
>passed!
repetition: 24674
>passed!
repetition: 24675
>passed!
repetition: 24676
>passed!
repetition: 24677
>passed!
repetition: 24678
>passed!
repetition: 24679
>passed!
repetition: 24680
>passed!
repetition: 24681
>passed!
repetition: 24682
>passed!
repetition: 24683
>passed!
repetition: 24684
>passed!
repetition: 24685
>passed!
repetition: 24686
>passed!
repetition: 24687
>passed!
repetition: 24688
>passed!
repetition: 24689
>passed!
repetition: 24690
>passed!
repetition: 24691
>passed!
repetition: 24692
>passed!
repetition: 24693
>passed!
repetition: 24694
>passed!
repetition: 24695
>passed!
repetition: 24696
>passed!
repetition: 24697
>passed!
repetition: 24698
>passed!
repetition: 24699
>passed!
repetition: 24700
>passed!
repetition: 24701
>passed!
repetition: 24702
>passed!
repetition: 24703
>passed!
repetition: 24704
>passed!
repetition: 24705
>passed!
repetition: 24706
>passed!
repetition: 24707
>passed!
repetition: 24708
>passed!
repetition: 24709
>passed!
repetition: 24710
>passed!
repetition: 24711
>passed!
repetition: 24712
>passed!
repetition: 24713
>passed!
repetition: 24714
>passed!
repetition: 24715
>passed!
repetition: 24716
>passed!
repetition: 24717
>passed!
repetition: 24718
>passed!
repetition: 24719
>passed!
repetition: 24720
>passed!
repetition: 24721
>passed!
repetition: 24722
>passed!
repetition: 24723
>passed!
repetition: 24724
>passed!
repetition: 24725
>passed!
repetition: 24726
>passed!
repetition: 24727
>passed!
repetition: 24728
>passed!
repetition: 24729
>passed!
repetition: 24730
>passed!
repetition: 24731
>passed!
repetition: 24732
>passed!
repetition: 24733
>passed!
repetition: 24734
>passed!
repetition: 24735
>passed!
repetition: 24736
>passed!
repetition: 24737
>passed!
repetition: 24738
>passed!
repetition: 24739
>passed!
repetition: 24740
>passed!
repetition: 24741
>passed!
repetition: 24742
>passed!
repetition: 24743
>passed!
repetition: 24744
>passed!
repetition: 24745
>passed!
repetition: 24746
>passed!
repetition: 24747
>passed!
repetition: 24748
>passed!
repetition: 24749
>passed!
repetition: 24750
>passed!
repetition: 24751
>passed!
repetition: 24752
>passed!
repetition: 24753
>passed!
repetition: 24754
>passed!
repetition: 24755
>passed!
repetition: 24756
>passed!
repetition: 24757
>passed!
repetition: 24758
>passed!
repetition: 24759
>passed!
repetition: 24760
>passed!
repetition: 24761
>passed!
repetition: 24762
>passed!
repetition: 24763
>passed!
repetition: 24764
>passed!
repetition: 24765
>passed!
repetition: 24766
>passed!
repetition: 24767
>passed!
repetition: 24768
>passed!
repetition: 24769
>passed!
repetition: 24770
>passed!
repetition: 24771
>passed!
repetition: 24772
>passed!
repetition: 24773
>passed!
repetition: 24774
>passed!
repetition: 24775
>passed!
repetition: 24776
>passed!
repetition: 24777
>passed!
repetition: 24778
>passed!
repetition: 24779
>passed!
repetition: 24780
>passed!
repetition: 24781
>passed!
repetition: 24782
>passed!
repetition: 24783
>passed!
repetition: 24784
>passed!
repetition: 24785
>passed!
repetition: 24786
>passed!
repetition: 24787
>passed!
repetition: 24788
>passed!
repetition: 24789
>passed!
repetition: 24790
>passed!
repetition: 24791
>passed!
repetition: 24792
>passed!
repetition: 24793
>passed!
repetition: 24794
>passed!
repetition: 24795
>passed!
repetition: 24796
>passed!
repetition: 24797
>passed!
repetition: 24798
>passed!
repetition: 24799
>passed!
repetition: 24800
>passed!
repetition: 24801
>passed!
repetition: 24802
>passed!
repetition: 24803
>passed!
repetition: 24804
>passed!
repetition: 24805
>passed!
repetition: 24806
>passed!
repetition: 24807
>passed!
repetition: 24808
>passed!
repetition: 24809
>passed!
repetition: 24810
>passed!
repetition: 24811
>passed!
repetition: 24812
>passed!
repetition: 24813
>passed!
repetition: 24814
>passed!
repetition: 24815
>passed!
repetition: 24816
>passed!
repetition: 24817
>passed!
repetition: 24818
>passed!
repetition: 24819
>passed!
repetition: 24820
>passed!
repetition: 24821
>passed!
repetition: 24822
>passed!
repetition: 24823
>passed!
repetition: 24824
>passed!
repetition: 24825
>passed!
repetition: 24826
>passed!
repetition: 24827
>passed!
repetition: 24828
>passed!
repetition: 24829
>passed!
repetition: 24830
>passed!
repetition: 24831
>passed!
repetition: 24832
>passed!
repetition: 24833
>passed!
repetition: 24834
>passed!
repetition: 24835
>passed!
repetition: 24836
>passed!
repetition: 24837
>passed!
repetition: 24838
>passed!
repetition: 24839
>passed!
repetition: 24840
>passed!
repetition: 24841
>passed!
repetition: 24842
>passed!
repetition: 24843
>passed!
repetition: 24844
>passed!
repetition: 24845
>passed!
repetition: 24846
>passed!
repetition: 24847
>passed!
repetition: 24848
>passed!
repetition: 24849
>passed!
repetition: 24850
>passed!
repetition: 24851
>passed!
repetition: 24852
>passed!
repetition: 24853
>passed!
repetition: 24854
>passed!
repetition: 24855
>passed!
repetition: 24856
>passed!
repetition: 24857
>passed!
repetition: 24858
>passed!
repetition: 24859
>passed!
repetition: 24860
>passed!
repetition: 24861
>passed!
repetition: 24862
>passed!
repetition: 24863
>passed!
repetition: 24864
>passed!
repetition: 24865
>passed!
repetition: 24866
>passed!
repetition: 24867
>passed!
repetition: 24868
>passed!
repetition: 24869
>passed!
repetition: 24870
>passed!
repetition: 24871
>passed!
repetition: 24872
>passed!
repetition: 24873
>passed!
repetition: 24874
>passed!
repetition: 24875
>passed!
repetition: 24876
>passed!
repetition: 24877
>passed!
repetition: 24878
>passed!
repetition: 24879
>passed!
repetition: 24880
>passed!
repetition: 24881
>passed!
repetition: 24882
>passed!
repetition: 24883
>passed!
repetition: 24884
>passed!
repetition: 24885
>passed!
repetition: 24886
>passed!
repetition: 24887
>passed!
repetition: 24888
>passed!
repetition: 24889
>passed!
repetition: 24890
>passed!
repetition: 24891
>passed!
repetition: 24892
>passed!
repetition: 24893
>passed!
repetition: 24894
>passed!
repetition: 24895
>passed!
repetition: 24896
>passed!
repetition: 24897
>passed!
repetition: 24898
>passed!
repetition: 24899
>passed!
repetition: 24900
>passed!
repetition: 24901
>passed!
repetition: 24902
>passed!
repetition: 24903
>passed!
repetition: 24904
>passed!
repetition: 24905
>passed!
repetition: 24906
>passed!
repetition: 24907
>passed!
repetition: 24908
>passed!
repetition: 24909
>passed!
repetition: 24910
>passed!
repetition: 24911
>passed!
repetition: 24912
>passed!
repetition: 24913
>passed!
repetition: 24914
>passed!
repetition: 24915
>passed!
repetition: 24916
>passed!
repetition: 24917
>passed!
repetition: 24918
>passed!
repetition: 24919
>passed!
repetition: 24920
>passed!
repetition: 24921
>passed!
repetition: 24922
>passed!
repetition: 24923
>passed!
repetition: 24924
>passed!
repetition: 24925
>passed!
repetition: 24926
>passed!
repetition: 24927
>passed!
repetition: 24928
>passed!
repetition: 24929
>passed!
repetition: 24930
>passed!
repetition: 24931
>passed!
repetition: 24932
>passed!
repetition: 24933
>passed!
repetition: 24934
>passed!
repetition: 24935
>passed!
repetition: 24936
>passed!
repetition: 24937
>passed!
repetition: 24938
>passed!
repetition: 24939
>passed!
repetition: 24940
>passed!
repetition: 24941
>passed!
repetition: 24942
>passed!
repetition: 24943
>passed!
repetition: 24944
>passed!
repetition: 24945
>passed!
repetition: 24946
>passed!
repetition: 24947
>passed!
repetition: 24948
>passed!
repetition: 24949
>passed!
repetition: 24950
>passed!
repetition: 24951
>passed!
repetition: 24952
>passed!
repetition: 24953
>passed!
repetition: 24954
>passed!
repetition: 24955
>passed!
repetition: 24956
>passed!
repetition: 24957
>passed!
repetition: 24958
>passed!
repetition: 24959
>passed!
repetition: 24960
>passed!
repetition: 24961
>passed!
repetition: 24962
>passed!
repetition: 24963
>passed!
repetition: 24964
>passed!
repetition: 24965
>passed!
repetition: 24966
>passed!
repetition: 24967
>passed!
repetition: 24968
>passed!
repetition: 24969
>passed!
repetition: 24970
>passed!
repetition: 24971
>passed!
repetition: 24972
>passed!
repetition: 24973
>passed!
repetition: 24974
>passed!
repetition: 24975
>passed!
repetition: 24976
>passed!
repetition: 24977
>passed!
repetition: 24978
>passed!
repetition: 24979
>passed!
repetition: 24980
>passed!
repetition: 24981
>passed!
repetition: 24982
>passed!
repetition: 24983
>passed!
repetition: 24984
>passed!
repetition: 24985
>passed!
repetition: 24986
>passed!
repetition: 24987
>passed!
repetition: 24988
>passed!
repetition: 24989
>passed!
repetition: 24990
>passed!
repetition: 24991
>passed!
repetition: 24992
>passed!
repetition: 24993
>passed!
repetition: 24994
>passed!
repetition: 24995
>passed!
repetition: 24996
>passed!
repetition: 24997
>passed!
repetition: 24998
>passed!
repetition: 24999
>passed!
repetition: 25000
>passed!
repetition: 25001
>passed!
repetition: 25002
>passed!
repetition: 25003
>passed!
repetition: 25004
>passed!
repetition: 25005
>passed!
repetition: 25006
>passed!
repetition: 25007
>passed!
repetition: 25008
>passed!
repetition: 25009
>passed!
repetition: 25010
>passed!
repetition: 25011
>passed!
repetition: 25012
>passed!
repetition: 25013
>passed!
repetition: 25014
>passed!
repetition: 25015
>passed!
repetition: 25016
>passed!
repetition: 25017
>passed!
repetition: 25018
>passed!
repetition: 25019
>passed!
repetition: 25020
>passed!
repetition: 25021
>passed!
repetition: 25022
>passed!
repetition: 25023
>passed!
repetition: 25024
>passed!
repetition: 25025
>passed!
repetition: 25026
>passed!
repetition: 25027
>passed!
repetition: 25028
>passed!
repetition: 25029
>passed!
repetition: 25030
>passed!
repetition: 25031
>passed!
repetition: 25032
>passed!
repetition: 25033
>passed!
repetition: 25034
>passed!
repetition: 25035
>passed!
repetition: 25036
>passed!
repetition: 25037
>passed!
repetition: 25038
>passed!
repetition: 25039
>passed!
repetition: 25040
>passed!
repetition: 25041
>passed!
repetition: 25042
>passed!
repetition: 25043
>passed!
repetition: 25044
>passed!
repetition: 25045
>passed!
repetition: 25046
>passed!
repetition: 25047
>passed!
repetition: 25048
>passed!
repetition: 25049
>passed!
repetition: 25050
>passed!
repetition: 25051
>passed!
repetition: 25052
>passed!
repetition: 25053
>passed!
repetition: 25054
>passed!
repetition: 25055
>passed!
repetition: 25056
>passed!
repetition: 25057
>passed!
repetition: 25058
>passed!
repetition: 25059
>passed!
repetition: 25060
>passed!
repetition: 25061
>passed!
repetition: 25062
>passed!
repetition: 25063
>passed!
repetition: 25064
>passed!
repetition: 25065
>passed!
repetition: 25066
>passed!
repetition: 25067
>passed!
repetition: 25068
>passed!
repetition: 25069
>passed!
repetition: 25070
>passed!
repetition: 25071
>passed!
repetition: 25072
>passed!
repetition: 25073
>passed!
repetition: 25074
>passed!
repetition: 25075
>passed!
repetition: 25076
>passed!
repetition: 25077
>passed!
repetition: 25078
>passed!
repetition: 25079
>passed!
repetition: 25080
>passed!
repetition: 25081
>passed!
repetition: 25082
>passed!
repetition: 25083
>passed!
repetition: 25084
>passed!
repetition: 25085
>passed!
repetition: 25086
>passed!
repetition: 25087
>passed!
repetition: 25088
>passed!
repetition: 25089
>passed!
repetition: 25090
>passed!
repetition: 25091
>passed!
repetition: 25092
>passed!
repetition: 25093
>passed!
repetition: 25094
>passed!
repetition: 25095
>passed!
repetition: 25096
>passed!
repetition: 25097
>passed!
repetition: 25098
>passed!
repetition: 25099
>passed!
repetition: 25100
>passed!
repetition: 25101
>passed!
repetition: 25102
>passed!
repetition: 25103
>passed!
repetition: 25104
>passed!
repetition: 25105
>passed!
repetition: 25106
>passed!
repetition: 25107
>passed!
repetition: 25108
>passed!
repetition: 25109
>passed!
repetition: 25110
>passed!
repetition: 25111
>passed!
repetition: 25112
>passed!
repetition: 25113
>passed!
repetition: 25114
>passed!
repetition: 25115
>passed!
repetition: 25116
>passed!
repetition: 25117
>passed!
repetition: 25118
>passed!
repetition: 25119
>passed!
repetition: 25120
>passed!
repetition: 25121
>passed!
repetition: 25122
>passed!
repetition: 25123
>passed!
repetition: 25124
>passed!
repetition: 25125
>passed!
repetition: 25126
>passed!
repetition: 25127
>passed!
repetition: 25128
>passed!
repetition: 25129
>passed!
repetition: 25130
>passed!
repetition: 25131
>passed!
repetition: 25132
>passed!
repetition: 25133
>passed!
repetition: 25134
>passed!
repetition: 25135
>passed!
repetition: 25136
>passed!
repetition: 25137
>passed!
repetition: 25138
>passed!
repetition: 25139
>passed!
repetition: 25140
>passed!
repetition: 25141
>passed!
repetition: 25142
>passed!
repetition: 25143
>passed!
repetition: 25144
>passed!
repetition: 25145
>passed!
repetition: 25146
>passed!
repetition: 25147
>passed!
repetition: 25148
>passed!
repetition: 25149
>passed!
repetition: 25150
>passed!
repetition: 25151
>passed!
repetition: 25152
>passed!
repetition: 25153
>passed!
repetition: 25154
>passed!
repetition: 25155
>passed!
repetition: 25156
>passed!
repetition: 25157
>passed!
repetition: 25158
>passed!
repetition: 25159
>passed!
repetition: 25160
>passed!
repetition: 25161
>passed!
repetition: 25162
>passed!
repetition: 25163
>passed!
repetition: 25164
>passed!
repetition: 25165
>passed!
repetition: 25166
>passed!
repetition: 25167
>passed!
repetition: 25168
>passed!
repetition: 25169
>passed!
repetition: 25170
>passed!
repetition: 25171
>passed!
repetition: 25172
>passed!
repetition: 25173
>passed!
repetition: 25174
>passed!
repetition: 25175
>passed!
repetition: 25176
>passed!
repetition: 25177
>passed!
repetition: 25178
>passed!
repetition: 25179
>passed!
repetition: 25180
>passed!
repetition: 25181
>passed!
repetition: 25182
>passed!
repetition: 25183
>passed!
repetition: 25184
>passed!
repetition: 25185
>passed!
repetition: 25186
>passed!
repetition: 25187
>passed!
repetition: 25188
>passed!
repetition: 25189
>passed!
repetition: 25190
>passed!
repetition: 25191
>passed!
repetition: 25192
>passed!
repetition: 25193
>passed!
repetition: 25194
>passed!
repetition: 25195
>passed!
repetition: 25196
>passed!
repetition: 25197
>passed!
repetition: 25198
>passed!
repetition: 25199
>passed!
repetition: 25200
>passed!
repetition: 25201
>passed!
repetition: 25202
>passed!
repetition: 25203
>passed!
repetition: 25204
>passed!
repetition: 25205
>passed!
repetition: 25206
>passed!
repetition: 25207
>passed!
repetition: 25208
>passed!
repetition: 25209
>passed!
repetition: 25210
>passed!
repetition: 25211
>passed!
repetition: 25212
>passed!
repetition: 25213
>passed!
repetition: 25214
>passed!
repetition: 25215
>passed!
repetition: 25216
>passed!
repetition: 25217
>passed!
repetition: 25218
>passed!
repetition: 25219
>passed!
repetition: 25220
>passed!
repetition: 25221
>passed!
repetition: 25222
>passed!
repetition: 25223
>passed!
repetition: 25224
>passed!
repetition: 25225
>passed!
repetition: 25226
>passed!
repetition: 25227
>passed!
repetition: 25228
>passed!
repetition: 25229
>passed!
repetition: 25230
>passed!
repetition: 25231
>passed!
repetition: 25232
>passed!
repetition: 25233
>passed!
repetition: 25234
>passed!
repetition: 25235
>passed!
repetition: 25236
>passed!
repetition: 25237
>passed!
repetition: 25238
>passed!
repetition: 25239
>passed!
repetition: 25240
>passed!
repetition: 25241
>passed!
repetition: 25242
>passed!
repetition: 25243
>passed!
repetition: 25244
>passed!
repetition: 25245
>passed!
repetition: 25246
>passed!
repetition: 25247
>passed!
repetition: 25248
>passed!
repetition: 25249
>passed!
repetition: 25250
>passed!
repetition: 25251
>passed!
repetition: 25252
>passed!
repetition: 25253
>passed!
repetition: 25254
>passed!
repetition: 25255
>passed!
repetition: 25256
>passed!
repetition: 25257
>passed!
repetition: 25258
>passed!
repetition: 25259
>passed!
repetition: 25260
>passed!
repetition: 25261
>passed!
repetition: 25262
>passed!
repetition: 25263
>passed!
repetition: 25264
>passed!
repetition: 25265
>passed!
repetition: 25266
>passed!
repetition: 25267
>passed!
repetition: 25268
>passed!
repetition: 25269
>passed!
repetition: 25270
>passed!
repetition: 25271
>passed!
repetition: 25272
>passed!
repetition: 25273
>passed!
repetition: 25274
>passed!
repetition: 25275
>passed!
repetition: 25276
>passed!
repetition: 25277
>passed!
repetition: 25278
>passed!
repetition: 25279
>passed!
repetition: 25280
>passed!
repetition: 25281
>passed!
repetition: 25282
>passed!
repetition: 25283
>passed!
repetition: 25284
>passed!
repetition: 25285
>passed!
repetition: 25286
>passed!
repetition: 25287
>passed!
repetition: 25288
>passed!
repetition: 25289
>passed!
repetition: 25290
>passed!
repetition: 25291
>passed!
repetition: 25292
>passed!
repetition: 25293
>passed!
repetition: 25294
>passed!
repetition: 25295
>passed!
repetition: 25296
>passed!
repetition: 25297
>passed!
repetition: 25298
>passed!
repetition: 25299
>passed!
repetition: 25300
>passed!
repetition: 25301
>passed!
repetition: 25302
>passed!
repetition: 25303
>passed!
repetition: 25304
>passed!
repetition: 25305
>passed!
repetition: 25306
>passed!
repetition: 25307
>passed!
repetition: 25308
>passed!
repetition: 25309
>passed!
repetition: 25310
>passed!
repetition: 25311
>passed!
repetition: 25312
>passed!
repetition: 25313
>passed!
repetition: 25314
>passed!
repetition: 25315
>passed!
repetition: 25316
>passed!
repetition: 25317
>passed!
repetition: 25318
>passed!
repetition: 25319
>passed!
repetition: 25320
>passed!
repetition: 25321
>passed!
repetition: 25322
>passed!
repetition: 25323
>passed!
repetition: 25324
>passed!
repetition: 25325
>passed!
repetition: 25326
>passed!
repetition: 25327
>passed!
repetition: 25328
>passed!
repetition: 25329
>passed!
repetition: 25330
>passed!
repetition: 25331
>passed!
repetition: 25332
>passed!
repetition: 25333
>passed!
repetition: 25334
>passed!
repetition: 25335
>passed!
repetition: 25336
>passed!
repetition: 25337
>passed!
repetition: 25338
>passed!
repetition: 25339
>passed!
repetition: 25340
>passed!
repetition: 25341
>passed!
repetition: 25342
>passed!
repetition: 25343
>passed!
repetition: 25344
>passed!
repetition: 25345
>passed!
repetition: 25346
>passed!
repetition: 25347
>passed!
repetition: 25348
>passed!
repetition: 25349
>passed!
repetition: 25350
>passed!
repetition: 25351
>passed!
repetition: 25352
>passed!
repetition: 25353
>passed!
repetition: 25354
>passed!
repetition: 25355
>passed!
repetition: 25356
>passed!
repetition: 25357
>passed!
repetition: 25358
>passed!
repetition: 25359
>passed!
repetition: 25360
>passed!
repetition: 25361
>passed!
repetition: 25362
>passed!
repetition: 25363
>passed!
repetition: 25364
>passed!
repetition: 25365
>passed!
repetition: 25366
>passed!
repetition: 25367
>passed!
repetition: 25368
>passed!
repetition: 25369
>passed!
repetition: 25370
>passed!
repetition: 25371
>passed!
repetition: 25372
>passed!
repetition: 25373
>passed!
repetition: 25374
>passed!
repetition: 25375
>passed!
repetition: 25376
>passed!
repetition: 25377
>passed!
repetition: 25378
>passed!
repetition: 25379
>passed!
repetition: 25380
>passed!
repetition: 25381
>passed!
repetition: 25382
>passed!
repetition: 25383
>passed!
repetition: 25384
>passed!
repetition: 25385
>passed!
repetition: 25386
>passed!
repetition: 25387
>passed!
repetition: 25388
>passed!
repetition: 25389
>passed!
repetition: 25390
>passed!
repetition: 25391
>passed!
repetition: 25392
>passed!
repetition: 25393
>passed!
repetition: 25394
>passed!
repetition: 25395
>passed!
repetition: 25396
>passed!
repetition: 25397
>passed!
repetition: 25398
>passed!
repetition: 25399
>passed!
repetition: 25400
>passed!
repetition: 25401
>passed!
repetition: 25402
>passed!
repetition: 25403
>passed!
repetition: 25404
>passed!
repetition: 25405
>passed!
repetition: 25406
>passed!
repetition: 25407
>passed!
repetition: 25408
>passed!
repetition: 25409
>passed!
repetition: 25410
>passed!
repetition: 25411
>passed!
repetition: 25412
>passed!
repetition: 25413
>passed!
repetition: 25414
>passed!
repetition: 25415
>passed!
repetition: 25416
>passed!
repetition: 25417
>passed!
repetition: 25418
>passed!
repetition: 25419
>passed!
repetition: 25420
>passed!
repetition: 25421
>passed!
repetition: 25422
>passed!
repetition: 25423
>passed!
repetition: 25424
>passed!
repetition: 25425
>passed!
repetition: 25426
>passed!
repetition: 25427
>passed!
repetition: 25428
>passed!
repetition: 25429
>passed!
repetition: 25430
>passed!
repetition: 25431
>passed!
repetition: 25432
>passed!
repetition: 25433
>passed!
repetition: 25434
>passed!
repetition: 25435
>passed!
repetition: 25436
>passed!
repetition: 25437
>passed!
repetition: 25438
>passed!
repetition: 25439
>passed!
repetition: 25440
>passed!
repetition: 25441
>passed!
repetition: 25442
>passed!
repetition: 25443
>passed!
repetition: 25444
>passed!
repetition: 25445
>passed!
repetition: 25446
>passed!
repetition: 25447
>passed!
repetition: 25448
>passed!
repetition: 25449
>passed!
repetition: 25450
>passed!
repetition: 25451
>passed!
repetition: 25452
>passed!
repetition: 25453
>passed!
repetition: 25454
>passed!
repetition: 25455
>passed!
repetition: 25456
>passed!
repetition: 25457
>passed!
repetition: 25458
>passed!
repetition: 25459
>passed!
repetition: 25460
>passed!
repetition: 25461
>passed!
repetition: 25462
>passed!
repetition: 25463
>passed!
repetition: 25464
>passed!
repetition: 25465
>passed!
repetition: 25466
>passed!
repetition: 25467
>passed!
repetition: 25468
>passed!
repetition: 25469
>passed!
repetition: 25470
>passed!
repetition: 25471
>passed!
repetition: 25472
>passed!
repetition: 25473
>passed!
repetition: 25474
>passed!
repetition: 25475
>passed!
repetition: 25476
>passed!
repetition: 25477
>passed!
repetition: 25478
>passed!
repetition: 25479
>passed!
repetition: 25480
>passed!
repetition: 25481
>passed!
repetition: 25482
>passed!
repetition: 25483
>passed!
repetition: 25484
>passed!
repetition: 25485
>passed!
repetition: 25486
>passed!
repetition: 25487
>passed!
repetition: 25488
>passed!
repetition: 25489
>passed!
repetition: 25490
>passed!
repetition: 25491
>passed!
repetition: 25492
>passed!
repetition: 25493
>passed!
repetition: 25494
>passed!
repetition: 25495
>passed!
repetition: 25496
>passed!
repetition: 25497
>passed!
repetition: 25498
>passed!
repetition: 25499
>passed!
repetition: 25500
>passed!
repetition: 25501
>passed!
repetition: 25502
>passed!
repetition: 25503
>passed!
repetition: 25504
>passed!
repetition: 25505
>passed!
repetition: 25506
>passed!
repetition: 25507
>passed!
repetition: 25508
>passed!
repetition: 25509
>passed!
repetition: 25510
>passed!
repetition: 25511
>passed!
repetition: 25512
>passed!
repetition: 25513
>passed!
repetition: 25514
>passed!
repetition: 25515
>passed!
repetition: 25516
>passed!
repetition: 25517
>passed!
repetition: 25518
>passed!
repetition: 25519
>passed!
repetition: 25520
>passed!
repetition: 25521
>passed!
repetition: 25522
>passed!
repetition: 25523
>passed!
repetition: 25524
>passed!
repetition: 25525
>passed!
repetition: 25526
>passed!
repetition: 25527
>passed!
repetition: 25528
>passed!
repetition: 25529
>passed!
repetition: 25530
>passed!
repetition: 25531
>passed!
repetition: 25532
>passed!
repetition: 25533
>passed!
repetition: 25534
>passed!
repetition: 25535
>passed!
repetition: 25536
>passed!
repetition: 25537
>passed!
repetition: 25538
>passed!
repetition: 25539
>passed!
repetition: 25540
>passed!
repetition: 25541
>passed!
repetition: 25542
>passed!
repetition: 25543
>passed!
repetition: 25544
>passed!
repetition: 25545
>passed!
repetition: 25546
>passed!
repetition: 25547
>passed!
repetition: 25548
>passed!
repetition: 25549
>passed!
repetition: 25550
>passed!
repetition: 25551
>passed!
repetition: 25552
>passed!
repetition: 25553
>passed!
repetition: 25554
>passed!
repetition: 25555
>passed!
repetition: 25556
>passed!
repetition: 25557
>passed!
repetition: 25558
>passed!
repetition: 25559
>passed!
repetition: 25560
>passed!
repetition: 25561
>passed!
repetition: 25562
>passed!
repetition: 25563
>passed!
repetition: 25564
>passed!
repetition: 25565
>passed!
repetition: 25566
>passed!
repetition: 25567
>passed!
repetition: 25568
>passed!
repetition: 25569
>passed!
repetition: 25570
>passed!
repetition: 25571
>passed!
repetition: 25572
>passed!
repetition: 25573
>passed!
repetition: 25574
>passed!
repetition: 25575
>passed!
repetition: 25576
>passed!
repetition: 25577
>passed!
repetition: 25578
>passed!
repetition: 25579
>passed!
repetition: 25580
>passed!
repetition: 25581
>passed!
repetition: 25582
>passed!
repetition: 25583
>passed!
repetition: 25584
>passed!
repetition: 25585
>passed!
repetition: 25586
>passed!
repetition: 25587
>passed!
repetition: 25588
>passed!
repetition: 25589
>passed!
repetition: 25590
>passed!
repetition: 25591
>passed!
repetition: 25592
>passed!
repetition: 25593
>passed!
repetition: 25594
>passed!
repetition: 25595
>passed!
repetition: 25596
>passed!
repetition: 25597
>passed!
repetition: 25598
>passed!
repetition: 25599
>passed!
repetition: 25600
>passed!
repetition: 25601
>passed!
repetition: 25602
>passed!
repetition: 25603
>passed!
repetition: 25604
>passed!
repetition: 25605
>passed!
repetition: 25606
>passed!
repetition: 25607
>passed!
repetition: 25608
>passed!
repetition: 25609
>passed!
repetition: 25610
>passed!
repetition: 25611
>passed!
repetition: 25612
>passed!
repetition: 25613
>passed!
repetition: 25614
>passed!
repetition: 25615
>passed!
repetition: 25616
>passed!
repetition: 25617
>passed!
repetition: 25618
>passed!
repetition: 25619
>passed!
repetition: 25620
>passed!
repetition: 25621
>passed!
repetition: 25622
>passed!
repetition: 25623
>passed!
repetition: 25624
>passed!
repetition: 25625
>passed!
repetition: 25626
>passed!
repetition: 25627
>passed!
repetition: 25628
>passed!
repetition: 25629
>passed!
repetition: 25630
>passed!
repetition: 25631
>passed!
repetition: 25632
>passed!
repetition: 25633
>passed!
repetition: 25634
>passed!
repetition: 25635
>passed!
repetition: 25636
>passed!
repetition: 25637
>passed!
repetition: 25638
>passed!
repetition: 25639
>passed!
repetition: 25640
>passed!
repetition: 25641
>passed!
repetition: 25642
>passed!
repetition: 25643
>passed!
repetition: 25644
>passed!
repetition: 25645
>passed!
repetition: 25646
>passed!
repetition: 25647
>passed!
repetition: 25648
>passed!
repetition: 25649
>passed!
repetition: 25650
>passed!
repetition: 25651
>passed!
repetition: 25652
>passed!
repetition: 25653
>passed!
repetition: 25654
>passed!
repetition: 25655
>passed!
repetition: 25656
>passed!
repetition: 25657
>passed!
repetition: 25658
>passed!
repetition: 25659
>passed!
repetition: 25660
>passed!
repetition: 25661
>passed!
repetition: 25662
>passed!
repetition: 25663
>passed!
repetition: 25664
>passed!
repetition: 25665
>passed!
repetition: 25666
>passed!
repetition: 25667
>passed!
repetition: 25668
>passed!
repetition: 25669
>passed!
repetition: 25670
>passed!
repetition: 25671
>passed!
repetition: 25672
>passed!
repetition: 25673
>passed!
repetition: 25674
>passed!
repetition: 25675
>passed!
repetition: 25676
>passed!
repetition: 25677
>passed!
repetition: 25678
>passed!
repetition: 25679
>passed!
repetition: 25680
>passed!
repetition: 25681
>passed!
repetition: 25682
>passed!
repetition: 25683
>passed!
repetition: 25684
>passed!
repetition: 25685
>passed!
repetition: 25686
>passed!
repetition: 25687
>passed!
repetition: 25688
>passed!
repetition: 25689
>passed!
repetition: 25690
>passed!
repetition: 25691
>passed!
repetition: 25692
>passed!
repetition: 25693
>passed!
repetition: 25694
>passed!
repetition: 25695
>passed!
repetition: 25696
>passed!
repetition: 25697
>passed!
repetition: 25698
>passed!
repetition: 25699
>passed!
repetition: 25700
>passed!
repetition: 25701
>passed!
repetition: 25702
>passed!
repetition: 25703
>passed!
repetition: 25704
>passed!
repetition: 25705
>passed!
repetition: 25706
>passed!
repetition: 25707
>passed!
repetition: 25708
>passed!
repetition: 25709
>passed!
repetition: 25710
>passed!
repetition: 25711
>passed!
repetition: 25712
>passed!
repetition: 25713
>passed!
repetition: 25714
>passed!
repetition: 25715
>passed!
repetition: 25716
>passed!
repetition: 25717
>passed!
repetition: 25718
>passed!
repetition: 25719
>passed!
repetition: 25720
>passed!
repetition: 25721
>passed!
repetition: 25722
>passed!
repetition: 25723
>passed!
repetition: 25724
>passed!
repetition: 25725
>passed!
repetition: 25726
>passed!
repetition: 25727
>passed!
repetition: 25728
>passed!
repetition: 25729
>passed!
repetition: 25730
>passed!
repetition: 25731
>passed!
repetition: 25732
>passed!
repetition: 25733
>passed!
repetition: 25734
>passed!
repetition: 25735
>passed!
repetition: 25736
>passed!
repetition: 25737
>passed!
repetition: 25738
>passed!
repetition: 25739
>passed!
repetition: 25740
>passed!
repetition: 25741
>passed!
repetition: 25742
>passed!
repetition: 25743
>passed!
repetition: 25744
>passed!
repetition: 25745
>passed!
repetition: 25746
>passed!
repetition: 25747
>passed!
repetition: 25748
>passed!
repetition: 25749
>passed!
repetition: 25750
>passed!
repetition: 25751
>passed!
repetition: 25752
>passed!
repetition: 25753
>passed!
repetition: 25754
>passed!
repetition: 25755
>passed!
repetition: 25756
>passed!
repetition: 25757
>passed!
repetition: 25758
>passed!
repetition: 25759
>passed!
repetition: 25760
>passed!
repetition: 25761
>passed!
repetition: 25762
>passed!
repetition: 25763
>passed!
repetition: 25764
>passed!
repetition: 25765
>passed!
repetition: 25766
>passed!
repetition: 25767
>passed!
repetition: 25768
>passed!
repetition: 25769
>passed!
repetition: 25770
>passed!
repetition: 25771
>passed!
repetition: 25772
>passed!
repetition: 25773
>passed!
repetition: 25774
>passed!
repetition: 25775
>passed!
repetition: 25776
>passed!
repetition: 25777
>passed!
repetition: 25778
>passed!
repetition: 25779
>passed!
repetition: 25780
>passed!
repetition: 25781
>passed!
repetition: 25782
>passed!
repetition: 25783
>passed!
repetition: 25784
>passed!
repetition: 25785
>passed!
repetition: 25786
>passed!
repetition: 25787
>passed!
repetition: 25788
>passed!
repetition: 25789
>passed!
repetition: 25790
>passed!
repetition: 25791
>passed!
repetition: 25792
>passed!
repetition: 25793
>passed!
repetition: 25794
>passed!
repetition: 25795
>passed!
repetition: 25796
>passed!
repetition: 25797
>passed!
repetition: 25798
>passed!
repetition: 25799
>passed!
repetition: 25800
>passed!
repetition: 25801
>passed!
repetition: 25802
>passed!
repetition: 25803
>passed!
repetition: 25804
>passed!
repetition: 25805
>passed!
repetition: 25806
>passed!
repetition: 25807
>passed!
repetition: 25808
>passed!
repetition: 25809
>passed!
repetition: 25810
>passed!
repetition: 25811
>passed!
repetition: 25812
>passed!
repetition: 25813
>passed!
repetition: 25814
>passed!
repetition: 25815
>passed!
repetition: 25816
>passed!
repetition: 25817
>passed!
repetition: 25818
>passed!
repetition: 25819
>passed!
repetition: 25820
>passed!
repetition: 25821
>passed!
repetition: 25822
>passed!
repetition: 25823
>passed!
repetition: 25824
>passed!
repetition: 25825
>passed!
repetition: 25826
>passed!
repetition: 25827
>passed!
repetition: 25828
>passed!
repetition: 25829
>passed!
repetition: 25830
>passed!
repetition: 25831
>passed!
repetition: 25832
>passed!
repetition: 25833
>passed!
repetition: 25834
>passed!
repetition: 25835
>passed!
repetition: 25836
>passed!
repetition: 25837
>passed!
repetition: 25838
>passed!
repetition: 25839
>passed!
repetition: 25840
>passed!
repetition: 25841
>passed!
repetition: 25842
>passed!
repetition: 25843
>passed!
repetition: 25844
>passed!
repetition: 25845
>passed!
repetition: 25846
>passed!
repetition: 25847
>passed!
repetition: 25848
>passed!
repetition: 25849
>passed!
repetition: 25850
>passed!
repetition: 25851
>passed!
repetition: 25852
>passed!
repetition: 25853
>passed!
repetition: 25854
>passed!
repetition: 25855
>passed!
repetition: 25856
>passed!
repetition: 25857
>passed!
repetition: 25858
>passed!
repetition: 25859
>passed!
repetition: 25860
>passed!
repetition: 25861
>passed!
repetition: 25862
>passed!
repetition: 25863
>passed!
repetition: 25864
>passed!
repetition: 25865
>passed!
repetition: 25866
>passed!
repetition: 25867
>passed!
repetition: 25868
>passed!
repetition: 25869
>passed!
repetition: 25870
>passed!
repetition: 25871
>passed!
repetition: 25872
>passed!
repetition: 25873
>passed!
repetition: 25874
>passed!
repetition: 25875
>passed!
repetition: 25876
>passed!
repetition: 25877
>passed!
repetition: 25878
>passed!
repetition: 25879
>passed!
repetition: 25880
>passed!
repetition: 25881
>passed!
repetition: 25882
>passed!
repetition: 25883
>passed!
repetition: 25884
>passed!
repetition: 25885
>passed!
repetition: 25886
>passed!
repetition: 25887
>passed!
repetition: 25888
>passed!
repetition: 25889
>passed!
repetition: 25890
>passed!
repetition: 25891
>passed!
repetition: 25892
>passed!
repetition: 25893
>passed!
repetition: 25894
>passed!
repetition: 25895
>passed!
repetition: 25896
>passed!
repetition: 25897
>passed!
repetition: 25898
>passed!
repetition: 25899
>passed!
repetition: 25900
>passed!
repetition: 25901
>passed!
repetition: 25902
>passed!
repetition: 25903
>passed!
repetition: 25904
>passed!
repetition: 25905
>passed!
repetition: 25906
>passed!
repetition: 25907
>passed!
repetition: 25908
>passed!
repetition: 25909
>passed!
repetition: 25910
>passed!
repetition: 25911
>passed!
repetition: 25912
>passed!
repetition: 25913
>passed!
repetition: 25914
>passed!
repetition: 25915
>passed!
repetition: 25916
>passed!
repetition: 25917
>passed!
repetition: 25918
>passed!
repetition: 25919
>passed!
repetition: 25920
>passed!
repetition: 25921
>passed!
repetition: 25922
>passed!
repetition: 25923
>passed!
repetition: 25924
>passed!
repetition: 25925
>passed!
repetition: 25926
>passed!
repetition: 25927
>passed!
repetition: 25928
>passed!
repetition: 25929
>passed!
repetition: 25930
>passed!
repetition: 25931
>passed!
repetition: 25932
>passed!
repetition: 25933
>passed!
repetition: 25934
>passed!
repetition: 25935
>passed!
repetition: 25936
>passed!
repetition: 25937
>passed!
repetition: 25938
>passed!
repetition: 25939
>passed!
repetition: 25940
>passed!
repetition: 25941
>passed!
repetition: 25942
>passed!
repetition: 25943
>passed!
repetition: 25944
>passed!
repetition: 25945
>passed!
repetition: 25946
>passed!
repetition: 25947
>passed!
repetition: 25948
>passed!
repetition: 25949
>passed!
repetition: 25950
>passed!
repetition: 25951
>passed!
repetition: 25952
>passed!
repetition: 25953
>passed!
repetition: 25954
>passed!
repetition: 25955
>passed!
repetition: 25956
>passed!
repetition: 25957
>passed!
repetition: 25958
>passed!
repetition: 25959
>passed!
repetition: 25960
>passed!
repetition: 25961
>passed!
repetition: 25962
>passed!
repetition: 25963
>passed!
repetition: 25964
>passed!
repetition: 25965
>passed!
repetition: 25966
>passed!
repetition: 25967
>passed!
repetition: 25968
>passed!
repetition: 25969
>passed!
repetition: 25970
>passed!
repetition: 25971
>passed!
repetition: 25972
>passed!
repetition: 25973
>passed!
repetition: 25974
>passed!
repetition: 25975
>passed!
repetition: 25976
>passed!
repetition: 25977
>passed!
repetition: 25978
>passed!
repetition: 25979
>passed!
repetition: 25980
>passed!
repetition: 25981
>passed!
repetition: 25982
>passed!
repetition: 25983
>passed!
repetition: 25984
>passed!
repetition: 25985
>passed!
repetition: 25986
>passed!
repetition: 25987
>passed!
repetition: 25988
>passed!
repetition: 25989
>passed!
repetition: 25990
>passed!
repetition: 25991
>passed!
repetition: 25992
>passed!
repetition: 25993
>passed!
repetition: 25994
>passed!
repetition: 25995
>passed!
repetition: 25996
>passed!
repetition: 25997
>passed!
repetition: 25998
>passed!
repetition: 25999
>passed!
repetition: 26000
>passed!
repetition: 26001
>passed!
repetition: 26002
>passed!
repetition: 26003
>passed!
repetition: 26004
>passed!
repetition: 26005
>passed!
repetition: 26006
>passed!
repetition: 26007
>passed!
repetition: 26008
>passed!
repetition: 26009
>passed!
repetition: 26010
>passed!
repetition: 26011
>passed!
repetition: 26012
>passed!
repetition: 26013
>passed!
repetition: 26014
>passed!
repetition: 26015
>passed!
repetition: 26016
>passed!
repetition: 26017
>passed!
repetition: 26018
>passed!
repetition: 26019
>passed!
repetition: 26020
>passed!
repetition: 26021
>passed!
repetition: 26022
>passed!
repetition: 26023
>passed!
repetition: 26024
>passed!
repetition: 26025
>passed!
repetition: 26026
>passed!
repetition: 26027
>passed!
repetition: 26028
>passed!
repetition: 26029
>passed!
repetition: 26030
>passed!
repetition: 26031
>passed!
repetition: 26032
>passed!
repetition: 26033
>passed!
repetition: 26034
>passed!
repetition: 26035
>passed!
repetition: 26036
>passed!
repetition: 26037
>passed!
repetition: 26038
>passed!
repetition: 26039
>passed!
repetition: 26040
>passed!
repetition: 26041
>passed!
repetition: 26042
>passed!
repetition: 26043
>passed!
repetition: 26044
>passed!
repetition: 26045
>passed!
repetition: 26046
>passed!
repetition: 26047
>passed!
repetition: 26048
>passed!
repetition: 26049
>passed!
repetition: 26050
>passed!
repetition: 26051
>passed!
repetition: 26052
>passed!
repetition: 26053
>passed!
repetition: 26054
>passed!
repetition: 26055
>passed!
repetition: 26056
>passed!
repetition: 26057
>passed!
repetition: 26058
>passed!
repetition: 26059
>passed!
repetition: 26060
>passed!
repetition: 26061
>passed!
repetition: 26062
>passed!
repetition: 26063
>passed!
repetition: 26064
>passed!
repetition: 26065
>passed!
repetition: 26066
>passed!
repetition: 26067
>passed!
repetition: 26068
>passed!
repetition: 26069
>passed!
repetition: 26070
>passed!
repetition: 26071
>passed!
repetition: 26072
>passed!
repetition: 26073
>passed!
repetition: 26074
>passed!
repetition: 26075
>passed!
repetition: 26076
>passed!
repetition: 26077
>passed!
repetition: 26078
>passed!
repetition: 26079
>passed!
repetition: 26080
>passed!
repetition: 26081
>passed!
repetition: 26082
>passed!
repetition: 26083
>passed!
repetition: 26084
>passed!
repetition: 26085
>passed!
repetition: 26086
>passed!
repetition: 26087
>passed!
repetition: 26088
>passed!
repetition: 26089
>passed!
repetition: 26090
>passed!
repetition: 26091
>passed!
repetition: 26092
>passed!
repetition: 26093
>passed!
repetition: 26094
>passed!
repetition: 26095
>passed!
repetition: 26096
>passed!
repetition: 26097
>passed!
repetition: 26098
>passed!
repetition: 26099
>passed!
repetition: 26100
>passed!
repetition: 26101
>passed!
repetition: 26102
>passed!
repetition: 26103
>passed!
repetition: 26104
>passed!
repetition: 26105
>passed!
repetition: 26106
>passed!
repetition: 26107
>passed!
repetition: 26108
>passed!
repetition: 26109
>passed!
repetition: 26110
>passed!
repetition: 26111
>passed!
repetition: 26112
>passed!
repetition: 26113
>passed!
repetition: 26114
>passed!
repetition: 26115
>passed!
repetition: 26116
>passed!
repetition: 26117
>passed!
repetition: 26118
>passed!
repetition: 26119
>passed!
repetition: 26120
>passed!
repetition: 26121
>passed!
repetition: 26122
>passed!
repetition: 26123
>passed!
repetition: 26124
>passed!
repetition: 26125
>passed!
repetition: 26126
>passed!
repetition: 26127
>passed!
repetition: 26128
>passed!
repetition: 26129
>passed!
repetition: 26130
>passed!
repetition: 26131
>passed!
repetition: 26132
>passed!
repetition: 26133
>passed!
repetition: 26134
>passed!
repetition: 26135
>passed!
repetition: 26136
>passed!
repetition: 26137
>passed!
repetition: 26138
>passed!
repetition: 26139
>passed!
repetition: 26140
>passed!
repetition: 26141
>passed!
repetition: 26142
>passed!
repetition: 26143
>passed!
repetition: 26144
>passed!
repetition: 26145
>passed!
repetition: 26146
>passed!
repetition: 26147
>passed!
repetition: 26148
>passed!
repetition: 26149
>passed!
repetition: 26150
>passed!
repetition: 26151
>passed!
repetition: 26152
>passed!
repetition: 26153
>passed!
repetition: 26154
>passed!
repetition: 26155
>passed!
repetition: 26156
>passed!
repetition: 26157
>passed!
repetition: 26158
>passed!
repetition: 26159
>passed!
repetition: 26160
>passed!
repetition: 26161
>passed!
repetition: 26162
>passed!
repetition: 26163
>passed!
repetition: 26164
>passed!
repetition: 26165
>passed!
repetition: 26166
>passed!
repetition: 26167
>passed!
repetition: 26168
>passed!
repetition: 26169
>passed!
repetition: 26170
>passed!
repetition: 26171
>passed!
repetition: 26172
>passed!
repetition: 26173
>passed!
repetition: 26174
>passed!
repetition: 26175
>passed!
repetition: 26176
>passed!
repetition: 26177
>passed!
repetition: 26178
>passed!
repetition: 26179
>passed!
repetition: 26180
>passed!
repetition: 26181
>passed!
repetition: 26182
>passed!
repetition: 26183
>passed!
repetition: 26184
>passed!
repetition: 26185
>passed!
repetition: 26186
>passed!
repetition: 26187
>passed!
repetition: 26188
>passed!
repetition: 26189
>passed!
repetition: 26190
>passed!
repetition: 26191
>passed!
repetition: 26192
>passed!
repetition: 26193
>passed!
repetition: 26194
>passed!
repetition: 26195
>passed!
repetition: 26196
>passed!
repetition: 26197
>passed!
repetition: 26198
>passed!
repetition: 26199
>passed!
repetition: 26200
>passed!
repetition: 26201
>passed!
repetition: 26202
>passed!
repetition: 26203
>passed!
repetition: 26204
>passed!
repetition: 26205
>passed!
repetition: 26206
>passed!
repetition: 26207
>passed!
repetition: 26208
>passed!
repetition: 26209
>passed!
repetition: 26210
>passed!
repetition: 26211
>passed!
repetition: 26212
>passed!
repetition: 26213
>passed!
repetition: 26214
>passed!
repetition: 26215
>passed!
repetition: 26216
>passed!
repetition: 26217
>passed!
repetition: 26218
>passed!
repetition: 26219
>passed!
repetition: 26220
>passed!
repetition: 26221
>passed!
repetition: 26222
>passed!
repetition: 26223
>passed!
repetition: 26224
>passed!
repetition: 26225
>passed!
repetition: 26226
>passed!
repetition: 26227
>passed!
repetition: 26228
>passed!
repetition: 26229
>passed!
repetition: 26230
>passed!
repetition: 26231
>passed!
repetition: 26232
>passed!
repetition: 26233
>passed!
repetition: 26234
>passed!
repetition: 26235
>passed!
repetition: 26236
>passed!
repetition: 26237
>passed!
repetition: 26238
>passed!
repetition: 26239
>passed!
repetition: 26240
>passed!
repetition: 26241
>passed!
repetition: 26242
>passed!
repetition: 26243
>passed!
repetition: 26244
>passed!
repetition: 26245
>passed!
repetition: 26246
>passed!
repetition: 26247
>passed!
repetition: 26248
>passed!
repetition: 26249
>passed!
repetition: 26250
>passed!
repetition: 26251
>passed!
repetition: 26252
>passed!
repetition: 26253
>passed!
repetition: 26254
>passed!
repetition: 26255
>passed!
repetition: 26256
>passed!
repetition: 26257
>passed!
repetition: 26258
>passed!
repetition: 26259
>passed!
repetition: 26260
>passed!
repetition: 26261
>passed!
repetition: 26262
>passed!
repetition: 26263
>passed!
repetition: 26264
>passed!
repetition: 26265
>passed!
repetition: 26266
>passed!
repetition: 26267
>passed!
repetition: 26268
>passed!
repetition: 26269
>passed!
repetition: 26270
>passed!
repetition: 26271
>passed!
repetition: 26272
>passed!
repetition: 26273
>passed!
repetition: 26274
>passed!
repetition: 26275
>passed!
repetition: 26276
>passed!
repetition: 26277
>passed!
repetition: 26278
>passed!
repetition: 26279
>passed!
repetition: 26280
>passed!
repetition: 26281
>passed!
repetition: 26282
>passed!
repetition: 26283
>passed!
repetition: 26284
>passed!
repetition: 26285
>passed!
repetition: 26286
>passed!
repetition: 26287
>passed!
repetition: 26288
>passed!
repetition: 26289
>passed!
repetition: 26290
>passed!
repetition: 26291
>passed!
repetition: 26292
>passed!
repetition: 26293
>passed!
repetition: 26294
>passed!
repetition: 26295
>passed!
repetition: 26296
>passed!
repetition: 26297
>passed!
repetition: 26298
>passed!
repetition: 26299
>passed!
repetition: 26300
>passed!
repetition: 26301
>passed!
repetition: 26302
>passed!
repetition: 26303
>passed!
repetition: 26304
>passed!
repetition: 26305
>passed!
repetition: 26306
>passed!
repetition: 26307
>passed!
repetition: 26308
>passed!
repetition: 26309
>passed!
repetition: 26310
>passed!
repetition: 26311
>passed!
repetition: 26312
>passed!
repetition: 26313
>passed!
repetition: 26314
>passed!
repetition: 26315
>passed!
repetition: 26316
>passed!
repetition: 26317
>passed!
repetition: 26318
>passed!
repetition: 26319
>passed!
repetition: 26320
>passed!
repetition: 26321
>passed!
repetition: 26322
>passed!
repetition: 26323
>passed!
repetition: 26324
>passed!
repetition: 26325
>passed!
repetition: 26326
>passed!
repetition: 26327
>passed!
repetition: 26328
>passed!
repetition: 26329
>passed!
repetition: 26330
>passed!
repetition: 26331
>passed!
repetition: 26332
>passed!
repetition: 26333
>passed!
repetition: 26334
>passed!
repetition: 26335
>passed!
repetition: 26336
>passed!
repetition: 26337
>passed!
repetition: 26338
>passed!
repetition: 26339
>passed!
repetition: 26340
>passed!
repetition: 26341
>passed!
repetition: 26342
>passed!
repetition: 26343
>passed!
repetition: 26344
>passed!
repetition: 26345
>passed!
repetition: 26346
>passed!
repetition: 26347
>passed!
repetition: 26348
>passed!
repetition: 26349
>passed!
repetition: 26350
>passed!
repetition: 26351
>passed!
repetition: 26352
>passed!
repetition: 26353
>passed!
repetition: 26354
>passed!
repetition: 26355
>passed!
repetition: 26356
>passed!
repetition: 26357
>passed!
repetition: 26358
>passed!
repetition: 26359
>passed!
repetition: 26360
>passed!
repetition: 26361
>passed!
repetition: 26362
>passed!
repetition: 26363
>passed!
repetition: 26364
>passed!
repetition: 26365
>passed!
repetition: 26366
>passed!
repetition: 26367
>passed!
repetition: 26368
>passed!
repetition: 26369
>passed!
repetition: 26370
>passed!
repetition: 26371
>passed!
repetition: 26372
>passed!
repetition: 26373
>passed!
repetition: 26374
>passed!
repetition: 26375
>passed!
repetition: 26376
>passed!
repetition: 26377
>passed!
repetition: 26378
>passed!
repetition: 26379
>passed!
repetition: 26380
>passed!
repetition: 26381
>passed!
repetition: 26382
>passed!
repetition: 26383
>passed!
repetition: 26384
>passed!
repetition: 26385
>passed!
repetition: 26386
>passed!
repetition: 26387
>passed!
repetition: 26388
>passed!
repetition: 26389
>passed!
repetition: 26390
>passed!
repetition: 26391
>passed!
repetition: 26392
>passed!
repetition: 26393
>passed!
repetition: 26394
>passed!
repetition: 26395
>passed!
repetition: 26396
>passed!
repetition: 26397
>passed!
repetition: 26398
>passed!
repetition: 26399
>passed!
repetition: 26400
>passed!
repetition: 26401
>passed!
repetition: 26402
>passed!
repetition: 26403
>passed!
repetition: 26404
>passed!
repetition: 26405
>passed!
repetition: 26406
>passed!
repetition: 26407
>passed!
repetition: 26408
>passed!
repetition: 26409
>passed!
repetition: 26410
>passed!
repetition: 26411
>passed!
repetition: 26412
>passed!
repetition: 26413
>passed!
repetition: 26414
>passed!
repetition: 26415
>passed!
repetition: 26416
>passed!
repetition: 26417
>passed!
repetition: 26418
>passed!
repetition: 26419
>passed!
repetition: 26420
>passed!
repetition: 26421
>passed!
repetition: 26422
>passed!
repetition: 26423
>passed!
repetition: 26424
>passed!
repetition: 26425
>passed!
repetition: 26426
>passed!
repetition: 26427
>passed!
repetition: 26428
>passed!
repetition: 26429
>passed!
repetition: 26430
>passed!
repetition: 26431
>passed!
repetition: 26432
>passed!
repetition: 26433
>passed!
repetition: 26434
>passed!
repetition: 26435
>passed!
repetition: 26436
>passed!
repetition: 26437
>passed!
repetition: 26438
>passed!
repetition: 26439
>passed!
repetition: 26440
>passed!
repetition: 26441
>passed!
repetition: 26442
>passed!
repetition: 26443
>passed!
repetition: 26444
>passed!
repetition: 26445
>passed!
repetition: 26446
>passed!
repetition: 26447
>passed!
repetition: 26448
>passed!
repetition: 26449
>passed!
repetition: 26450
>passed!
repetition: 26451
>passed!
repetition: 26452
>passed!
repetition: 26453
>passed!
repetition: 26454
>passed!
repetition: 26455
>passed!
repetition: 26456
>passed!
repetition: 26457
>passed!
repetition: 26458
>passed!
repetition: 26459
>passed!
repetition: 26460
>passed!
repetition: 26461
>passed!
repetition: 26462
>passed!
repetition: 26463
>passed!
repetition: 26464
>passed!
repetition: 26465
>passed!
repetition: 26466
>passed!
repetition: 26467
>passed!
repetition: 26468
>passed!
repetition: 26469
>passed!
repetition: 26470
>passed!
repetition: 26471
>passed!
repetition: 26472
>passed!
repetition: 26473
>passed!
repetition: 26474
>passed!
repetition: 26475
>passed!
repetition: 26476
>passed!
repetition: 26477
>passed!
repetition: 26478
>passed!
repetition: 26479
>passed!
repetition: 26480
>passed!
repetition: 26481
>passed!
repetition: 26482
>passed!
repetition: 26483
>passed!
repetition: 26484
>passed!
repetition: 26485
>passed!
repetition: 26486
>passed!
repetition: 26487
>passed!
repetition: 26488
>passed!
repetition: 26489
>passed!
repetition: 26490
>passed!
repetition: 26491
>passed!
repetition: 26492
>passed!
repetition: 26493
>passed!
repetition: 26494
>passed!
repetition: 26495
>passed!
repetition: 26496
>passed!
repetition: 26497
>passed!
repetition: 26498
>passed!
repetition: 26499
>passed!
repetition: 26500
>passed!
repetition: 26501
>passed!
repetition: 26502
>passed!
repetition: 26503
>passed!
repetition: 26504
>passed!
repetition: 26505
>passed!
repetition: 26506
>passed!
repetition: 26507
>passed!
repetition: 26508
>passed!
repetition: 26509
>passed!
repetition: 26510
>passed!
repetition: 26511
>passed!
repetition: 26512
>passed!
repetition: 26513
>passed!
repetition: 26514
>passed!
repetition: 26515
>passed!
repetition: 26516
>passed!
repetition: 26517
>passed!
repetition: 26518
>passed!
repetition: 26519
>passed!
repetition: 26520
>passed!
repetition: 26521
>passed!
repetition: 26522
>passed!
repetition: 26523
>passed!
repetition: 26524
>passed!
repetition: 26525
>passed!
repetition: 26526
>passed!
repetition: 26527
>passed!
repetition: 26528
>passed!
repetition: 26529
>passed!
repetition: 26530
>passed!
repetition: 26531
>passed!
repetition: 26532
>passed!
repetition: 26533
>passed!
repetition: 26534
>passed!
repetition: 26535
>passed!
repetition: 26536
>passed!
repetition: 26537
>passed!
repetition: 26538
>passed!
repetition: 26539
>passed!
repetition: 26540
>passed!
repetition: 26541
>passed!
repetition: 26542
>passed!
repetition: 26543
>passed!
repetition: 26544
>passed!
repetition: 26545
>passed!
repetition: 26546
>passed!
repetition: 26547
>passed!
repetition: 26548
>passed!
repetition: 26549
>passed!
repetition: 26550
>passed!
repetition: 26551
>passed!
repetition: 26552
>passed!
repetition: 26553
>passed!
repetition: 26554
>passed!
repetition: 26555
>passed!
repetition: 26556
>passed!
repetition: 26557
>passed!
repetition: 26558
>passed!
repetition: 26559
>passed!
repetition: 26560
>passed!
repetition: 26561
>passed!
repetition: 26562
>passed!
repetition: 26563
>passed!
repetition: 26564
>passed!
repetition: 26565
>passed!
repetition: 26566
>passed!
repetition: 26567
>passed!
repetition: 26568
>passed!
repetition: 26569
>passed!
repetition: 26570
>passed!
repetition: 26571
>passed!
repetition: 26572
>passed!
repetition: 26573
>passed!
repetition: 26574
>passed!
repetition: 26575
>passed!
repetition: 26576
>passed!
repetition: 26577
>passed!
repetition: 26578
>passed!
repetition: 26579
>passed!
repetition: 26580
>passed!
repetition: 26581
>passed!
repetition: 26582
>passed!
repetition: 26583
>passed!
repetition: 26584
>passed!
repetition: 26585
>passed!
repetition: 26586
>passed!
repetition: 26587
>passed!
repetition: 26588
>passed!
repetition: 26589
>passed!
repetition: 26590
>passed!
repetition: 26591
>passed!
repetition: 26592
>passed!
repetition: 26593
>passed!
repetition: 26594
>passed!
repetition: 26595
>passed!
repetition: 26596
>passed!
repetition: 26597
>passed!
repetition: 26598
>passed!
repetition: 26599
>passed!
repetition: 26600
>passed!
repetition: 26601
>passed!
repetition: 26602
>passed!
repetition: 26603
>passed!
repetition: 26604
>passed!
repetition: 26605
>passed!
repetition: 26606
>passed!
repetition: 26607
>passed!
repetition: 26608
>passed!
repetition: 26609
>passed!
repetition: 26610
>passed!
repetition: 26611
>passed!
repetition: 26612
>passed!
repetition: 26613
>passed!
repetition: 26614
>passed!
repetition: 26615
>passed!
repetition: 26616
>passed!
repetition: 26617
>passed!
repetition: 26618
>passed!
repetition: 26619
>passed!
repetition: 26620
>passed!
repetition: 26621
>passed!
repetition: 26622
>passed!
repetition: 26623
>passed!
repetition: 26624
>passed!
repetition: 26625
>passed!
repetition: 26626
>passed!
repetition: 26627
>passed!
repetition: 26628
>passed!
repetition: 26629
>passed!
repetition: 26630
>passed!
repetition: 26631
>passed!
repetition: 26632
>passed!
repetition: 26633
>passed!
repetition: 26634
>passed!
repetition: 26635
>passed!
repetition: 26636
>passed!
repetition: 26637
>passed!
repetition: 26638
>passed!
repetition: 26639
>passed!
repetition: 26640
>passed!
repetition: 26641
>passed!
repetition: 26642
>passed!
repetition: 26643
>passed!
repetition: 26644
>passed!
repetition: 26645
>passed!
repetition: 26646
>passed!
repetition: 26647
>passed!
repetition: 26648
>passed!
repetition: 26649
>passed!
repetition: 26650
>passed!
repetition: 26651
>passed!
repetition: 26652
>passed!
repetition: 26653
>passed!
repetition: 26654
>passed!
repetition: 26655
>passed!
repetition: 26656
>passed!
repetition: 26657
>passed!
repetition: 26658
>passed!
repetition: 26659
>passed!
repetition: 26660
>passed!
repetition: 26661
>passed!
repetition: 26662
>passed!
repetition: 26663
>passed!
repetition: 26664
>passed!
repetition: 26665
>passed!
repetition: 26666
>passed!
repetition: 26667
>passed!
repetition: 26668
>passed!
repetition: 26669
>passed!
repetition: 26670
>passed!
repetition: 26671
>passed!
repetition: 26672
>passed!
repetition: 26673
>passed!
repetition: 26674
>passed!
repetition: 26675
>passed!
repetition: 26676
>passed!
repetition: 26677
>passed!
repetition: 26678
>passed!
repetition: 26679
>passed!
repetition: 26680
>passed!
repetition: 26681
>passed!
repetition: 26682
>passed!
repetition: 26683
>passed!
repetition: 26684
>passed!
repetition: 26685
>passed!
repetition: 26686
>passed!
repetition: 26687
>passed!
repetition: 26688
>passed!
repetition: 26689
>passed!
repetition: 26690
>passed!
repetition: 26691
>passed!
repetition: 26692
>passed!
repetition: 26693
>passed!
repetition: 26694
>passed!
repetition: 26695
>passed!
repetition: 26696
>passed!
repetition: 26697
>passed!
repetition: 26698
>passed!
repetition: 26699
>passed!
repetition: 26700
>passed!
repetition: 26701
>passed!
repetition: 26702
>passed!
repetition: 26703
>passed!
repetition: 26704
>passed!
repetition: 26705
>passed!
repetition: 26706
>passed!
repetition: 26707
>passed!
repetition: 26708
>passed!
repetition: 26709
>passed!
repetition: 26710
>passed!
repetition: 26711
>passed!
repetition: 26712
>passed!
repetition: 26713
>passed!
repetition: 26714
>passed!
repetition: 26715
>passed!
repetition: 26716
>passed!
repetition: 26717
>passed!
repetition: 26718
>passed!
repetition: 26719
>passed!
repetition: 26720
>passed!
repetition: 26721
>passed!
repetition: 26722
>passed!
repetition: 26723
>passed!
repetition: 26724
>passed!
repetition: 26725
>passed!
repetition: 26726
>passed!
repetition: 26727
>passed!
repetition: 26728
>passed!
repetition: 26729
>passed!
repetition: 26730
>passed!
repetition: 26731
>passed!
repetition: 26732
>passed!
repetition: 26733
>passed!
repetition: 26734
>passed!
repetition: 26735
>passed!
repetition: 26736
>passed!
repetition: 26737
>passed!
repetition: 26738
>passed!
repetition: 26739
>passed!
repetition: 26740
>passed!
repetition: 26741
>passed!
repetition: 26742
>passed!
repetition: 26743
>passed!
repetition: 26744
>passed!
repetition: 26745
>passed!
repetition: 26746
>passed!
repetition: 26747
>passed!
repetition: 26748
>passed!
repetition: 26749
>passed!
repetition: 26750
>passed!
repetition: 26751
>passed!
repetition: 26752
>passed!
repetition: 26753
>passed!
repetition: 26754
>passed!
repetition: 26755
>passed!
repetition: 26756
>passed!
repetition: 26757
>passed!
repetition: 26758
>passed!
repetition: 26759
>passed!
repetition: 26760
>passed!
repetition: 26761
>passed!
repetition: 26762
>passed!
repetition: 26763
>passed!
repetition: 26764
>passed!
repetition: 26765
>passed!
repetition: 26766
>passed!
repetition: 26767
>passed!
repetition: 26768
>passed!
repetition: 26769
>passed!
repetition: 26770
>passed!
repetition: 26771
>passed!
repetition: 26772
>passed!
repetition: 26773
>passed!
repetition: 26774
>passed!
repetition: 26775
>passed!
repetition: 26776
>passed!
repetition: 26777
>passed!
repetition: 26778
>passed!
repetition: 26779
>passed!
repetition: 26780
>passed!
repetition: 26781
>passed!
repetition: 26782
>passed!
repetition: 26783
>passed!
repetition: 26784
>passed!
repetition: 26785
>passed!
repetition: 26786
>passed!
repetition: 26787
>passed!
repetition: 26788
>passed!
repetition: 26789
>passed!
repetition: 26790
>passed!
repetition: 26791
>passed!
repetition: 26792
>passed!
repetition: 26793
>passed!
repetition: 26794
>passed!
repetition: 26795
>passed!
repetition: 26796
>passed!
repetition: 26797
>passed!
repetition: 26798
>passed!
repetition: 26799
>passed!
repetition: 26800
>passed!
repetition: 26801
>passed!
repetition: 26802
>passed!
repetition: 26803
>passed!
repetition: 26804
>passed!
repetition: 26805
>passed!
repetition: 26806
>passed!
repetition: 26807
>passed!
repetition: 26808
>passed!
repetition: 26809
>passed!
repetition: 26810
>passed!
repetition: 26811
>passed!
repetition: 26812
>passed!
repetition: 26813
>passed!
repetition: 26814
>passed!
repetition: 26815
>passed!
repetition: 26816
>passed!
repetition: 26817
>passed!
repetition: 26818
>passed!
repetition: 26819
>passed!
repetition: 26820
>passed!
repetition: 26821
>passed!
repetition: 26822
>passed!
repetition: 26823
>passed!
repetition: 26824
>passed!
repetition: 26825
>passed!
repetition: 26826
>passed!
repetition: 26827
>passed!
repetition: 26828
>passed!
repetition: 26829
>passed!
repetition: 26830
>passed!
repetition: 26831
>passed!
repetition: 26832
>passed!
repetition: 26833
>passed!
repetition: 26834
>passed!
repetition: 26835
>passed!
repetition: 26836
>passed!
repetition: 26837
>passed!
repetition: 26838
>passed!
repetition: 26839
>passed!
repetition: 26840
>passed!
repetition: 26841
>passed!
repetition: 26842
>passed!
repetition: 26843
>passed!
repetition: 26844
>passed!
repetition: 26845
>passed!
repetition: 26846
>passed!
repetition: 26847
>passed!
repetition: 26848
>passed!
repetition: 26849
>passed!
repetition: 26850
>passed!
repetition: 26851
>passed!
repetition: 26852
>passed!
repetition: 26853
>passed!
repetition: 26854
>passed!
repetition: 26855
>passed!
repetition: 26856
>passed!
repetition: 26857
>passed!
repetition: 26858
>passed!
repetition: 26859
>passed!
repetition: 26860
>passed!
repetition: 26861
>passed!
repetition: 26862
>passed!
repetition: 26863
>passed!
repetition: 26864
>passed!
repetition: 26865
>passed!
repetition: 26866
>passed!
repetition: 26867
>passed!
repetition: 26868
>passed!
repetition: 26869
>passed!
repetition: 26870
>passed!
repetition: 26871
>passed!
repetition: 26872
>passed!
repetition: 26873
>passed!
repetition: 26874
>passed!
repetition: 26875
>passed!
repetition: 26876
>passed!
repetition: 26877
>passed!
repetition: 26878
>passed!
repetition: 26879
>passed!
repetition: 26880
>passed!
repetition: 26881
>passed!
repetition: 26882
>passed!
repetition: 26883
>passed!
repetition: 26884
>passed!
repetition: 26885
>passed!
repetition: 26886
>passed!
repetition: 26887
>passed!
repetition: 26888
>passed!
repetition: 26889
>passed!
repetition: 26890
>passed!
repetition: 26891
>passed!
repetition: 26892
>passed!
repetition: 26893
>passed!
repetition: 26894
>passed!
repetition: 26895
>passed!
repetition: 26896
>passed!
repetition: 26897
>passed!
repetition: 26898
>passed!
repetition: 26899
>passed!
repetition: 26900
>passed!
repetition: 26901
>passed!
repetition: 26902
>passed!
repetition: 26903
>passed!
repetition: 26904
>passed!
repetition: 26905
>passed!
repetition: 26906
>passed!
repetition: 26907
>passed!
repetition: 26908
>passed!
repetition: 26909
>passed!
repetition: 26910
>passed!
repetition: 26911
>passed!
repetition: 26912
>passed!
repetition: 26913
>passed!
repetition: 26914
>passed!
repetition: 26915
>passed!
repetition: 26916
>passed!
repetition: 26917
>passed!
repetition: 26918
>passed!
repetition: 26919
>passed!
repetition: 26920
>passed!
repetition: 26921
>passed!
repetition: 26922
>passed!
repetition: 26923
>passed!
repetition: 26924
>passed!
repetition: 26925
>passed!
repetition: 26926
>passed!
repetition: 26927
>passed!
repetition: 26928
>passed!
repetition: 26929
>passed!
repetition: 26930
>passed!
repetition: 26931
>passed!
repetition: 26932
>passed!
repetition: 26933
>passed!
repetition: 26934
>passed!
repetition: 26935
>passed!
repetition: 26936
>passed!
repetition: 26937
>passed!
repetition: 26938
>passed!
repetition: 26939
>passed!
repetition: 26940
>passed!
repetition: 26941
>passed!
repetition: 26942
>passed!
repetition: 26943
>passed!
repetition: 26944
>passed!
repetition: 26945
>passed!
repetition: 26946
>passed!
repetition: 26947
>passed!
repetition: 26948
>passed!
repetition: 26949
>passed!
repetition: 26950
>passed!
repetition: 26951
>passed!
repetition: 26952
>passed!
repetition: 26953
>passed!
repetition: 26954
>passed!
repetition: 26955
>passed!
repetition: 26956
>passed!
repetition: 26957
>passed!
repetition: 26958
>passed!
repetition: 26959
>passed!
repetition: 26960
>passed!
repetition: 26961
>passed!
repetition: 26962
>passed!
repetition: 26963
>passed!
repetition: 26964
>passed!
repetition: 26965
>passed!
repetition: 26966
>passed!
repetition: 26967
>passed!
repetition: 26968
>passed!
repetition: 26969
>passed!
repetition: 26970
>passed!
repetition: 26971
>passed!
repetition: 26972
>passed!
repetition: 26973
>passed!
repetition: 26974
>passed!
repetition: 26975
>passed!
repetition: 26976
>passed!
repetition: 26977
>passed!
repetition: 26978
>passed!
repetition: 26979
>passed!
repetition: 26980
>passed!
repetition: 26981
>passed!
repetition: 26982
>passed!
repetition: 26983
>passed!
repetition: 26984
>passed!
repetition: 26985
>passed!
repetition: 26986
>passed!
repetition: 26987
>passed!
repetition: 26988
>passed!
repetition: 26989
>passed!
repetition: 26990
>passed!
repetition: 26991
>passed!
repetition: 26992
>passed!
repetition: 26993
>passed!
repetition: 26994
>passed!
repetition: 26995
>passed!
repetition: 26996
>passed!
repetition: 26997
>passed!
repetition: 26998
>passed!
repetition: 26999
>passed!
repetition: 27000
>passed!
repetition: 27001
>passed!
repetition: 27002
>passed!
repetition: 27003
>passed!
repetition: 27004
>passed!
repetition: 27005
>passed!
repetition: 27006
>passed!
repetition: 27007
>passed!
repetition: 27008
>passed!
repetition: 27009
>passed!
repetition: 27010
>passed!
repetition: 27011
>passed!
repetition: 27012
>passed!
repetition: 27013
>passed!
repetition: 27014
>passed!
repetition: 27015
>passed!
repetition: 27016
>passed!
repetition: 27017
>passed!
repetition: 27018
>passed!
repetition: 27019
>passed!
repetition: 27020
>passed!
repetition: 27021
>passed!
repetition: 27022
>passed!
repetition: 27023
>passed!
repetition: 27024
>passed!
repetition: 27025
>passed!
repetition: 27026
>passed!
repetition: 27027
>passed!
repetition: 27028
>passed!
repetition: 27029
>passed!
repetition: 27030
>passed!
repetition: 27031
>passed!
repetition: 27032
>passed!
repetition: 27033
>passed!
repetition: 27034
>passed!
repetition: 27035
>passed!
repetition: 27036
>passed!
repetition: 27037
>passed!
repetition: 27038
>passed!
repetition: 27039
>passed!
repetition: 27040
>passed!
repetition: 27041
>passed!
repetition: 27042
>passed!
repetition: 27043
>passed!
repetition: 27044
>passed!
repetition: 27045
>passed!
repetition: 27046
>passed!
repetition: 27047
>passed!
repetition: 27048
>passed!
repetition: 27049
>passed!
repetition: 27050
>passed!
repetition: 27051
>passed!
repetition: 27052
>passed!
repetition: 27053
>passed!
repetition: 27054
>passed!
repetition: 27055
>passed!
repetition: 27056
>passed!
repetition: 27057
>passed!
repetition: 27058
>passed!
repetition: 27059
>passed!
repetition: 27060
>passed!
repetition: 27061
>passed!
repetition: 27062
>passed!
repetition: 27063
>passed!
repetition: 27064
>passed!
repetition: 27065
>passed!
repetition: 27066
>passed!
repetition: 27067
>passed!
repetition: 27068
>passed!
repetition: 27069
>passed!
repetition: 27070
>passed!
repetition: 27071
>passed!
repetition: 27072
>passed!
repetition: 27073
>passed!
repetition: 27074
>passed!
repetition: 27075
>passed!
repetition: 27076
>passed!
repetition: 27077
>passed!
repetition: 27078
>passed!
repetition: 27079
>passed!
repetition: 27080
>passed!
repetition: 27081
>passed!
repetition: 27082
>passed!
repetition: 27083
>passed!
repetition: 27084
>passed!
repetition: 27085
>passed!
repetition: 27086
>passed!
repetition: 27087
>passed!
repetition: 27088
>passed!
repetition: 27089
>passed!
repetition: 27090
>passed!
repetition: 27091
>passed!
repetition: 27092
>passed!
repetition: 27093
>passed!
repetition: 27094
>passed!
repetition: 27095
>passed!
repetition: 27096
>passed!
repetition: 27097
>passed!
repetition: 27098
>passed!
repetition: 27099
>passed!
repetition: 27100
>passed!
repetition: 27101
>passed!
repetition: 27102
>passed!
repetition: 27103
>passed!
repetition: 27104
>passed!
repetition: 27105
>passed!
repetition: 27106
>passed!
repetition: 27107
>passed!
repetition: 27108
>passed!
repetition: 27109
>passed!
repetition: 27110
>passed!
repetition: 27111
>passed!
repetition: 27112
>passed!
repetition: 27113
>passed!
repetition: 27114
>passed!
repetition: 27115
>passed!
repetition: 27116
>passed!
repetition: 27117
>passed!
repetition: 27118
>passed!
repetition: 27119
>passed!
repetition: 27120
>passed!
repetition: 27121
>passed!
repetition: 27122
>passed!
repetition: 27123
>passed!
repetition: 27124
>passed!
repetition: 27125
>passed!
repetition: 27126
>passed!
repetition: 27127
>passed!
repetition: 27128
>passed!
repetition: 27129
>passed!
repetition: 27130
>passed!
repetition: 27131
>passed!
repetition: 27132
>passed!
repetition: 27133
>passed!
repetition: 27134
>passed!
repetition: 27135
>passed!
repetition: 27136
>passed!
repetition: 27137
>passed!
repetition: 27138
>passed!
repetition: 27139
>passed!
repetition: 27140
>passed!
repetition: 27141
>passed!
repetition: 27142
>passed!
repetition: 27143
>passed!
repetition: 27144
>passed!
repetition: 27145
>passed!
repetition: 27146
>passed!
repetition: 27147
>passed!
repetition: 27148
>passed!
repetition: 27149
>passed!
repetition: 27150
>passed!
repetition: 27151
>passed!
repetition: 27152
>passed!
repetition: 27153
>passed!
repetition: 27154
>passed!
repetition: 27155
>passed!
repetition: 27156
>passed!
repetition: 27157
>passed!
repetition: 27158
>passed!
repetition: 27159
>passed!
repetition: 27160
>passed!
repetition: 27161
>passed!
repetition: 27162
>passed!
repetition: 27163
>passed!
repetition: 27164
>passed!
repetition: 27165
>passed!
repetition: 27166
>passed!
repetition: 27167
>passed!
repetition: 27168
>passed!
repetition: 27169
>passed!
repetition: 27170
>passed!
repetition: 27171
>passed!
repetition: 27172
>passed!
repetition: 27173
>passed!
repetition: 27174
>passed!
repetition: 27175
>passed!
repetition: 27176
>passed!
repetition: 27177
>passed!
repetition: 27178
>passed!
repetition: 27179
>passed!
repetition: 27180
>passed!
repetition: 27181
>passed!
repetition: 27182
>passed!
repetition: 27183
>passed!
repetition: 27184
>passed!
repetition: 27185
>passed!
repetition: 27186
>passed!
repetition: 27187
>passed!
repetition: 27188
>passed!
repetition: 27189
>passed!
repetition: 27190
>passed!
repetition: 27191
>passed!
repetition: 27192
>passed!
repetition: 27193
>passed!
repetition: 27194
>passed!
repetition: 27195
>passed!
repetition: 27196
>passed!
repetition: 27197
>passed!
repetition: 27198
>passed!
repetition: 27199
>passed!
repetition: 27200
>passed!
repetition: 27201
>passed!
repetition: 27202
>passed!
repetition: 27203
>passed!
repetition: 27204
>passed!
repetition: 27205
>passed!
repetition: 27206
>passed!
repetition: 27207
>passed!
repetition: 27208
>passed!
repetition: 27209
>passed!
repetition: 27210
>passed!
repetition: 27211
>passed!
repetition: 27212
>passed!
repetition: 27213
>passed!
repetition: 27214
>passed!
repetition: 27215
>passed!
repetition: 27216
>passed!
repetition: 27217
>passed!
repetition: 27218
>passed!
repetition: 27219
>passed!
repetition: 27220
>passed!
repetition: 27221
>passed!
repetition: 27222
>passed!
repetition: 27223
>passed!
repetition: 27224
>passed!
repetition: 27225
>passed!
repetition: 27226
>passed!
repetition: 27227
>passed!
repetition: 27228
>passed!
repetition: 27229
>passed!
repetition: 27230
>passed!
repetition: 27231
>passed!
repetition: 27232
>passed!
repetition: 27233
>passed!
repetition: 27234
>passed!
repetition: 27235
>passed!
repetition: 27236
>passed!
repetition: 27237
>passed!
repetition: 27238
>passed!
repetition: 27239
>passed!
repetition: 27240
>passed!
repetition: 27241
>passed!
repetition: 27242
>passed!
repetition: 27243
>passed!
repetition: 27244
>passed!
repetition: 27245
>passed!
repetition: 27246
>passed!
repetition: 27247
>passed!
repetition: 27248
>passed!
repetition: 27249
>passed!
repetition: 27250
>passed!
repetition: 27251
>passed!
repetition: 27252
>passed!
repetition: 27253
>passed!
repetition: 27254
>passed!
repetition: 27255
>passed!
repetition: 27256
>passed!
repetition: 27257
>passed!
repetition: 27258
>passed!
repetition: 27259
>passed!
repetition: 27260
>passed!
repetition: 27261
>passed!
repetition: 27262
>passed!
repetition: 27263
>passed!
repetition: 27264
>passed!
repetition: 27265
>passed!
repetition: 27266
>passed!
repetition: 27267
>passed!
repetition: 27268
>passed!
repetition: 27269
>passed!
repetition: 27270
>passed!
repetition: 27271
>passed!
repetition: 27272
>passed!
repetition: 27273
>passed!
repetition: 27274
>passed!
repetition: 27275
>passed!
repetition: 27276
>passed!
repetition: 27277
>passed!
repetition: 27278
>passed!
repetition: 27279
>passed!
repetition: 27280
>passed!
repetition: 27281
>passed!
repetition: 27282
>passed!
repetition: 27283
>passed!
repetition: 27284
>passed!
repetition: 27285
>passed!
repetition: 27286
>passed!
repetition: 27287
>passed!
repetition: 27288
>passed!
repetition: 27289
>passed!
repetition: 27290
>passed!
repetition: 27291
>passed!
repetition: 27292
>passed!
repetition: 27293
>passed!
repetition: 27294
>passed!
repetition: 27295
>passed!
repetition: 27296
>passed!
repetition: 27297
>passed!
repetition: 27298
>passed!
repetition: 27299
>passed!
repetition: 27300
>passed!
repetition: 27301
>passed!
repetition: 27302
>passed!
repetition: 27303
>passed!
repetition: 27304
>passed!
repetition: 27305
>passed!
repetition: 27306
>passed!
repetition: 27307
>passed!
repetition: 27308
>passed!
repetition: 27309
>passed!
repetition: 27310
>passed!
repetition: 27311
>passed!
repetition: 27312
>passed!
repetition: 27313
>passed!
repetition: 27314
>passed!
repetition: 27315
>passed!
repetition: 27316
>passed!
repetition: 27317
>passed!
repetition: 27318
>passed!
repetition: 27319
>passed!
repetition: 27320
>passed!
repetition: 27321
>passed!
repetition: 27322
>passed!
repetition: 27323
>passed!
repetition: 27324
>passed!
repetition: 27325
>passed!
repetition: 27326
>passed!
repetition: 27327
>passed!
repetition: 27328
>passed!
repetition: 27329
>passed!
repetition: 27330
>passed!
repetition: 27331
>passed!
repetition: 27332
>passed!
repetition: 27333
>passed!
repetition: 27334
>passed!
repetition: 27335
>passed!
repetition: 27336
>passed!
repetition: 27337
>passed!
repetition: 27338
>passed!
repetition: 27339
>passed!
repetition: 27340
>passed!
repetition: 27341
>passed!
repetition: 27342
>passed!
repetition: 27343
>passed!
repetition: 27344
>passed!
repetition: 27345
>passed!
repetition: 27346
>passed!
repetition: 27347
>passed!
repetition: 27348
>passed!
repetition: 27349
>passed!
repetition: 27350
>passed!
repetition: 27351
>passed!
repetition: 27352
>passed!
repetition: 27353
>passed!
repetition: 27354
>passed!
repetition: 27355
>passed!
repetition: 27356
>passed!
repetition: 27357
>passed!
repetition: 27358
>passed!
repetition: 27359
>passed!
repetition: 27360
>passed!
repetition: 27361
>passed!
repetition: 27362
>passed!
repetition: 27363
>passed!
repetition: 27364
>passed!
repetition: 27365
>passed!
repetition: 27366
>passed!
repetition: 27367
>passed!
repetition: 27368
>passed!
repetition: 27369
>passed!
repetition: 27370
>passed!
repetition: 27371
>passed!
repetition: 27372
>passed!
repetition: 27373
>passed!
repetition: 27374
>passed!
repetition: 27375
>passed!
repetition: 27376
>passed!
repetition: 27377
>passed!
repetition: 27378
>passed!
repetition: 27379
>passed!
repetition: 27380
>passed!
repetition: 27381
>passed!
repetition: 27382
>passed!
repetition: 27383
>passed!
repetition: 27384
>passed!
repetition: 27385
>passed!
repetition: 27386
>passed!
repetition: 27387
>passed!
repetition: 27388
>passed!
repetition: 27389
>passed!
repetition: 27390
>passed!
repetition: 27391
>passed!
repetition: 27392
>passed!
repetition: 27393
>passed!
repetition: 27394
>passed!
repetition: 27395
>passed!
repetition: 27396
>passed!
repetition: 27397
>passed!
repetition: 27398
>passed!
repetition: 27399
>passed!
repetition: 27400
>passed!
repetition: 27401
>passed!
repetition: 27402
>passed!
repetition: 27403
>passed!
repetition: 27404
>passed!
repetition: 27405
>passed!
repetition: 27406
>passed!
repetition: 27407
>passed!
repetition: 27408
>passed!
repetition: 27409
>passed!
repetition: 27410
>passed!
repetition: 27411
>passed!
repetition: 27412
>passed!
repetition: 27413
>passed!
repetition: 27414
>passed!
repetition: 27415
>passed!
repetition: 27416
>passed!
repetition: 27417
>passed!
repetition: 27418
>passed!
repetition: 27419
>passed!
repetition: 27420
>passed!
repetition: 27421
>passed!
repetition: 27422
>passed!
repetition: 27423
>passed!
repetition: 27424
>passed!
repetition: 27425
>passed!
repetition: 27426
>passed!
repetition: 27427
>passed!
repetition: 27428
>passed!
repetition: 27429
>passed!
repetition: 27430
>passed!
repetition: 27431
>passed!
repetition: 27432
>passed!
repetition: 27433
>passed!
repetition: 27434
>passed!
repetition: 27435
>passed!
repetition: 27436
>passed!
repetition: 27437
>passed!
repetition: 27438
>passed!
repetition: 27439
>passed!
repetition: 27440
>passed!
repetition: 27441
>passed!
repetition: 27442
>passed!
repetition: 27443
>passed!
repetition: 27444
>passed!
repetition: 27445
>passed!
repetition: 27446
>passed!
repetition: 27447
>passed!
repetition: 27448
>passed!
repetition: 27449
>passed!
repetition: 27450
>passed!
repetition: 27451
>passed!
repetition: 27452
>passed!
repetition: 27453
>passed!
repetition: 27454
>passed!
repetition: 27455
>passed!
repetition: 27456
>passed!
repetition: 27457
>passed!
repetition: 27458
>passed!
repetition: 27459
>passed!
repetition: 27460
>passed!
repetition: 27461
>passed!
repetition: 27462
>passed!
repetition: 27463
>passed!
repetition: 27464
>passed!
repetition: 27465
>passed!
repetition: 27466
>passed!
repetition: 27467
>passed!
repetition: 27468
>passed!
repetition: 27469
>passed!
repetition: 27470
>passed!
repetition: 27471
>passed!
repetition: 27472
>passed!
repetition: 27473
>passed!
repetition: 27474
>passed!
repetition: 27475
>passed!
repetition: 27476
>passed!
repetition: 27477
>passed!
repetition: 27478
>passed!
repetition: 27479
>passed!
repetition: 27480
>passed!
repetition: 27481
>passed!
repetition: 27482
>passed!
repetition: 27483
>passed!
repetition: 27484
>passed!
repetition: 27485
>passed!
repetition: 27486
>passed!
repetition: 27487
>passed!
repetition: 27488
>passed!
repetition: 27489
>passed!
repetition: 27490
>passed!
repetition: 27491
>passed!
repetition: 27492
>passed!
repetition: 27493
>passed!
repetition: 27494
>passed!
repetition: 27495
>passed!
repetition: 27496
>passed!
repetition: 27497
>passed!
repetition: 27498
>passed!
repetition: 27499
>passed!
repetition: 27500
>passed!
repetition: 27501
>passed!
repetition: 27502
>passed!
repetition: 27503
>passed!
repetition: 27504
>passed!
repetition: 27505
>passed!
repetition: 27506
>passed!
repetition: 27507
>passed!
repetition: 27508
>passed!
repetition: 27509
>passed!
repetition: 27510
>passed!
repetition: 27511
>passed!
repetition: 27512
>passed!
repetition: 27513
>passed!
repetition: 27514
>passed!
repetition: 27515
>passed!
repetition: 27516
>passed!
repetition: 27517
>passed!
repetition: 27518
>passed!
repetition: 27519
>passed!
repetition: 27520
>passed!
repetition: 27521
>passed!
repetition: 27522
>passed!
repetition: 27523
>passed!
repetition: 27524
>passed!
repetition: 27525
>passed!
repetition: 27526
>passed!
repetition: 27527
>passed!
repetition: 27528
>passed!
repetition: 27529
>passed!
repetition: 27530
>passed!
repetition: 27531
>passed!
repetition: 27532
>passed!
repetition: 27533
>passed!
repetition: 27534
>passed!
repetition: 27535
>passed!
repetition: 27536
>passed!
repetition: 27537
>passed!
repetition: 27538
>passed!
repetition: 27539
>passed!
repetition: 27540
>passed!
repetition: 27541
>passed!
repetition: 27542
>passed!
repetition: 27543
>passed!
repetition: 27544
>passed!
repetition: 27545
>passed!
repetition: 27546
>passed!
repetition: 27547
>passed!
repetition: 27548
>passed!
repetition: 27549
>passed!
repetition: 27550
>passed!
repetition: 27551
>passed!
repetition: 27552
>passed!
repetition: 27553
>passed!
repetition: 27554
>passed!
repetition: 27555
>passed!
repetition: 27556
>passed!
repetition: 27557
>passed!
repetition: 27558
>passed!
repetition: 27559
>passed!
repetition: 27560
>passed!
repetition: 27561
>passed!
repetition: 27562
>passed!
repetition: 27563
>passed!
repetition: 27564
>passed!
repetition: 27565
>passed!
repetition: 27566
>passed!
repetition: 27567
>passed!
repetition: 27568
>passed!
repetition: 27569
>passed!
repetition: 27570
>passed!
repetition: 27571
>passed!
repetition: 27572
>passed!
repetition: 27573
>passed!
repetition: 27574
>passed!
repetition: 27575
>passed!
repetition: 27576
>passed!
repetition: 27577
>passed!
repetition: 27578
>passed!
repetition: 27579
>passed!
repetition: 27580
>passed!
repetition: 27581
>passed!
repetition: 27582
>passed!
repetition: 27583
>passed!
repetition: 27584
>passed!
repetition: 27585
>passed!
repetition: 27586
>passed!
repetition: 27587
>passed!
repetition: 27588
>passed!
repetition: 27589
>passed!
repetition: 27590
>passed!
repetition: 27591
>passed!
repetition: 27592
>passed!
repetition: 27593
>passed!
repetition: 27594
>passed!
repetition: 27595
>passed!
repetition: 27596
>passed!
repetition: 27597
>passed!
repetition: 27598
>passed!
repetition: 27599
>passed!
repetition: 27600
>passed!
repetition: 27601
>passed!
repetition: 27602
>passed!
repetition: 27603
>passed!
repetition: 27604
>passed!
repetition: 27605
>passed!
repetition: 27606
>passed!
repetition: 27607
>passed!
repetition: 27608
>passed!
repetition: 27609
>passed!
repetition: 27610
>passed!
repetition: 27611
>passed!
repetition: 27612
>passed!
repetition: 27613
>passed!
repetition: 27614
>passed!
repetition: 27615
>passed!
repetition: 27616
>passed!
repetition: 27617
>passed!
repetition: 27618
>passed!
repetition: 27619
>passed!
repetition: 27620
>passed!
repetition: 27621
>passed!
repetition: 27622
>passed!
repetition: 27623
>passed!
repetition: 27624
>passed!
repetition: 27625
>passed!
repetition: 27626
>passed!
repetition: 27627
>passed!
repetition: 27628
>passed!
repetition: 27629
>passed!
repetition: 27630
>passed!
repetition: 27631
>passed!
repetition: 27632
>passed!
repetition: 27633
>passed!
repetition: 27634
>passed!
repetition: 27635
>passed!
repetition: 27636
>passed!
repetition: 27637
>passed!
repetition: 27638
>passed!
repetition: 27639
>passed!
repetition: 27640
>passed!
repetition: 27641
>passed!
repetition: 27642
>passed!
repetition: 27643
>passed!
repetition: 27644
>passed!
repetition: 27645
>passed!
repetition: 27646
>passed!
repetition: 27647
>passed!
repetition: 27648
>passed!
repetition: 27649
>passed!
repetition: 27650
>passed!
repetition: 27651
>passed!
repetition: 27652
>passed!
repetition: 27653
>passed!
repetition: 27654
>passed!
repetition: 27655
>passed!
repetition: 27656
>passed!
repetition: 27657
>passed!
repetition: 27658
>passed!
repetition: 27659
>passed!
repetition: 27660
>passed!
repetition: 27661
>passed!
repetition: 27662
>passed!
repetition: 27663
>passed!
repetition: 27664
>passed!
repetition: 27665
>passed!
repetition: 27666
>passed!
repetition: 27667
>passed!
repetition: 27668
>passed!
repetition: 27669
>passed!
repetition: 27670
>passed!
repetition: 27671
>passed!
repetition: 27672
>passed!
repetition: 27673
>passed!
repetition: 27674
>passed!
repetition: 27675
>passed!
repetition: 27676
>passed!
repetition: 27677
>passed!
repetition: 27678
>passed!
repetition: 27679
>passed!
repetition: 27680
>passed!
repetition: 27681
>passed!
repetition: 27682
>passed!
repetition: 27683
>passed!
repetition: 27684
>passed!
repetition: 27685
>passed!
repetition: 27686
>passed!
repetition: 27687
>passed!
repetition: 27688
>passed!
repetition: 27689
>passed!
repetition: 27690
>passed!
repetition: 27691
>passed!
repetition: 27692
>passed!
repetition: 27693
>passed!
repetition: 27694
>passed!
repetition: 27695
>passed!
repetition: 27696
>passed!
repetition: 27697
>passed!
repetition: 27698
>passed!
repetition: 27699
>passed!
repetition: 27700
>passed!
repetition: 27701
>passed!
repetition: 27702
>passed!
repetition: 27703
>passed!
repetition: 27704
>passed!
repetition: 27705
>passed!
repetition: 27706
>passed!
repetition: 27707
>passed!
repetition: 27708
>passed!
repetition: 27709
>passed!
repetition: 27710
>passed!
repetition: 27711
>passed!
repetition: 27712
>passed!
repetition: 27713
>passed!
repetition: 27714
>passed!
repetition: 27715
>passed!
repetition: 27716
>passed!
repetition: 27717
>passed!
repetition: 27718
>passed!
repetition: 27719
>passed!
repetition: 27720
>passed!
repetition: 27721
>passed!
repetition: 27722
>passed!
repetition: 27723
>passed!
repetition: 27724
>passed!
repetition: 27725
>passed!
repetition: 27726
>passed!
repetition: 27727
>passed!
repetition: 27728
>passed!
repetition: 27729
>passed!
repetition: 27730
>passed!
repetition: 27731
>passed!
repetition: 27732
>passed!
repetition: 27733
>passed!
repetition: 27734
>passed!
repetition: 27735
>passed!
repetition: 27736
>passed!
repetition: 27737
>passed!
repetition: 27738
>passed!
repetition: 27739
>passed!
repetition: 27740
>passed!
repetition: 27741
>passed!
repetition: 27742
>passed!
repetition: 27743
>passed!
repetition: 27744
>passed!
repetition: 27745
>passed!
repetition: 27746
>passed!
repetition: 27747
>passed!
repetition: 27748
>passed!
repetition: 27749
>passed!
repetition: 27750
>passed!
repetition: 27751
>passed!
repetition: 27752
>passed!
repetition: 27753
>passed!
repetition: 27754
>passed!
repetition: 27755
>passed!
repetition: 27756
>passed!
repetition: 27757
>passed!
repetition: 27758
>passed!
repetition: 27759
>passed!
repetition: 27760
>passed!
repetition: 27761
>passed!
repetition: 27762
>passed!
repetition: 27763
>passed!
repetition: 27764
>passed!
repetition: 27765
>passed!
repetition: 27766
>passed!
repetition: 27767
>passed!
repetition: 27768
>passed!
repetition: 27769
>passed!
repetition: 27770
>passed!
repetition: 27771
>passed!
repetition: 27772
>passed!
repetition: 27773
>passed!
repetition: 27774
>passed!
repetition: 27775
>passed!
repetition: 27776
>passed!
repetition: 27777
>passed!
repetition: 27778
>passed!
repetition: 27779
>passed!
repetition: 27780
>passed!
repetition: 27781
>passed!
repetition: 27782
>passed!
repetition: 27783
>passed!
repetition: 27784
>passed!
repetition: 27785
>passed!
repetition: 27786
>passed!
repetition: 27787
>passed!
repetition: 27788
>passed!
repetition: 27789
>passed!
repetition: 27790
>passed!
repetition: 27791
>passed!
repetition: 27792
>passed!
repetition: 27793
>passed!
repetition: 27794
>passed!
repetition: 27795
>passed!
repetition: 27796
>passed!
repetition: 27797
>passed!
repetition: 27798
>passed!
repetition: 27799
>passed!
repetition: 27800
>passed!
repetition: 27801
>passed!
repetition: 27802
>passed!
repetition: 27803
>passed!
repetition: 27804
>passed!
repetition: 27805
>passed!
repetition: 27806
>passed!
repetition: 27807
>passed!
repetition: 27808
>passed!
repetition: 27809
>passed!
repetition: 27810
>passed!
repetition: 27811
>passed!
repetition: 27812
>passed!
repetition: 27813
>passed!
repetition: 27814
>passed!
repetition: 27815
>passed!
repetition: 27816
>passed!
repetition: 27817
>passed!
repetition: 27818
>passed!
repetition: 27819
>passed!
repetition: 27820
>passed!
repetition: 27821
>passed!
repetition: 27822
>passed!
repetition: 27823
>passed!
repetition: 27824
>passed!
repetition: 27825
>passed!
repetition: 27826
>passed!
repetition: 27827
>passed!
repetition: 27828
>passed!
repetition: 27829
>passed!
repetition: 27830
>passed!
repetition: 27831
>passed!
repetition: 27832
>passed!
repetition: 27833
>passed!
repetition: 27834
>passed!
repetition: 27835
>passed!
repetition: 27836
>passed!
repetition: 27837
>passed!
repetition: 27838
>passed!
repetition: 27839
>passed!
repetition: 27840
>passed!
repetition: 27841
>passed!
repetition: 27842
>passed!
repetition: 27843
>passed!
repetition: 27844
>passed!
repetition: 27845
>passed!
repetition: 27846
>passed!
repetition: 27847
>passed!
repetition: 27848
>passed!
repetition: 27849
>passed!
repetition: 27850
>passed!
repetition: 27851
>passed!
repetition: 27852
>passed!
repetition: 27853
>passed!
repetition: 27854
>passed!
repetition: 27855
>passed!
repetition: 27856
>passed!
repetition: 27857
>passed!
repetition: 27858
>passed!
repetition: 27859
>passed!
repetition: 27860
>passed!
repetition: 27861
>passed!
repetition: 27862
>passed!
repetition: 27863
>passed!
repetition: 27864
>passed!
repetition: 27865
>passed!
repetition: 27866
>passed!
repetition: 27867
>passed!
repetition: 27868
>passed!
repetition: 27869
>passed!
repetition: 27870
>passed!
repetition: 27871
>passed!
repetition: 27872
>passed!
repetition: 27873
>passed!
repetition: 27874
>passed!
repetition: 27875
>passed!
repetition: 27876
>passed!
repetition: 27877
>passed!
repetition: 27878
>passed!
repetition: 27879
>passed!
repetition: 27880
>passed!
repetition: 27881
>passed!
repetition: 27882
>passed!
repetition: 27883
>passed!
repetition: 27884
>passed!
repetition: 27885
>passed!
repetition: 27886
>passed!
repetition: 27887
>passed!
repetition: 27888
>passed!
repetition: 27889
>passed!
repetition: 27890
>passed!
repetition: 27891
>passed!
repetition: 27892
>passed!
repetition: 27893
>passed!
repetition: 27894
>passed!
repetition: 27895
>passed!
repetition: 27896
>passed!
repetition: 27897
>passed!
repetition: 27898
>passed!
repetition: 27899
>passed!
repetition: 27900
>passed!
repetition: 27901
>passed!
repetition: 27902
>passed!
repetition: 27903
>passed!
repetition: 27904
>passed!
repetition: 27905
>passed!
repetition: 27906
>passed!
repetition: 27907
>passed!
repetition: 27908
>passed!
repetition: 27909
>passed!
repetition: 27910
>passed!
repetition: 27911
>passed!
repetition: 27912
>passed!
repetition: 27913
>passed!
repetition: 27914
>passed!
repetition: 27915
>passed!
repetition: 27916
>passed!
repetition: 27917
>passed!
repetition: 27918
>passed!
repetition: 27919
>passed!
repetition: 27920
>passed!
repetition: 27921
>passed!
repetition: 27922
>passed!
repetition: 27923
>passed!
repetition: 27924
>passed!
repetition: 27925
>passed!
repetition: 27926
>passed!
repetition: 27927
>passed!
repetition: 27928
>passed!
repetition: 27929
>passed!
repetition: 27930
>passed!
repetition: 27931
>passed!
repetition: 27932
>passed!
repetition: 27933
>passed!
repetition: 27934
>passed!
repetition: 27935
>passed!
repetition: 27936
>passed!
repetition: 27937
>passed!
repetition: 27938
>passed!
repetition: 27939
>passed!
repetition: 27940
>passed!
repetition: 27941
>passed!
repetition: 27942
>passed!
repetition: 27943
>passed!
repetition: 27944
>passed!
repetition: 27945
>passed!
repetition: 27946
>passed!
repetition: 27947
>passed!
repetition: 27948
>passed!
repetition: 27949
>passed!
repetition: 27950
>passed!
repetition: 27951
>passed!
repetition: 27952
>passed!
repetition: 27953
>passed!
repetition: 27954
>passed!
repetition: 27955
>passed!
repetition: 27956
>passed!
repetition: 27957
>passed!
repetition: 27958
>passed!
repetition: 27959
>passed!
repetition: 27960
>passed!
repetition: 27961
>passed!
repetition: 27962
>passed!
repetition: 27963
>passed!
repetition: 27964
>passed!
repetition: 27965
>passed!
repetition: 27966
>passed!
repetition: 27967
>passed!
repetition: 27968
>passed!
repetition: 27969
>passed!
repetition: 27970
>passed!
repetition: 27971
>passed!
repetition: 27972
>passed!
repetition: 27973
>passed!
repetition: 27974
>passed!
repetition: 27975
>passed!
repetition: 27976
>passed!
repetition: 27977
>passed!
repetition: 27978
>passed!
repetition: 27979
>passed!
repetition: 27980
>passed!
repetition: 27981
>passed!
repetition: 27982
>passed!
repetition: 27983
>passed!
repetition: 27984
>passed!
repetition: 27985
>passed!
repetition: 27986
>passed!
repetition: 27987
>passed!
repetition: 27988
>passed!
repetition: 27989
>passed!
repetition: 27990
>passed!
repetition: 27991
>passed!
repetition: 27992
>passed!
repetition: 27993
>passed!
repetition: 27994
>passed!
repetition: 27995
>passed!
repetition: 27996
>passed!
repetition: 27997
>passed!
repetition: 27998
>passed!
repetition: 27999
>passed!
repetition: 28000
>passed!
repetition: 28001
>passed!
repetition: 28002
>passed!
repetition: 28003
>passed!
repetition: 28004
>passed!
repetition: 28005
>passed!
repetition: 28006
>passed!
repetition: 28007
>passed!
repetition: 28008
>passed!
repetition: 28009
>passed!
repetition: 28010
>passed!
repetition: 28011
>passed!
repetition: 28012
>passed!
repetition: 28013
>passed!
repetition: 28014
>passed!
repetition: 28015
>passed!
repetition: 28016
>passed!
repetition: 28017
>passed!
repetition: 28018
>passed!
repetition: 28019
>passed!
repetition: 28020
>passed!
repetition: 28021
>passed!
repetition: 28022
>passed!
repetition: 28023
>passed!
repetition: 28024
>passed!
repetition: 28025
>passed!
repetition: 28026
>passed!
repetition: 28027
>passed!
repetition: 28028
>passed!
repetition: 28029
>passed!
repetition: 28030
>passed!
repetition: 28031
>passed!
repetition: 28032
>passed!
repetition: 28033
>passed!
repetition: 28034
>passed!
repetition: 28035
>passed!
repetition: 28036
>passed!
repetition: 28037
>passed!
repetition: 28038
>passed!
repetition: 28039
>passed!
repetition: 28040
>passed!
repetition: 28041
>passed!
repetition: 28042
>passed!
repetition: 28043
>passed!
repetition: 28044
>passed!
repetition: 28045
>passed!
repetition: 28046
>passed!
repetition: 28047
>passed!
repetition: 28048
>passed!
repetition: 28049
>passed!
repetition: 28050
>passed!
repetition: 28051
>passed!
repetition: 28052
>passed!
repetition: 28053
>passed!
repetition: 28054
>passed!
repetition: 28055
>passed!
repetition: 28056
>passed!
repetition: 28057
>passed!
repetition: 28058
>passed!
repetition: 28059
>passed!
repetition: 28060
>passed!
repetition: 28061
>passed!
repetition: 28062
>passed!
repetition: 28063
>passed!
repetition: 28064
>passed!
repetition: 28065
>passed!
repetition: 28066
>passed!
repetition: 28067
>passed!
repetition: 28068
>passed!
repetition: 28069
>passed!
repetition: 28070
>passed!
repetition: 28071
>passed!
repetition: 28072
>passed!
repetition: 28073
>passed!
repetition: 28074
>passed!
repetition: 28075
>passed!
repetition: 28076
>passed!
repetition: 28077
>passed!
repetition: 28078
>passed!
repetition: 28079
>passed!
repetition: 28080
>passed!
repetition: 28081
>passed!
repetition: 28082
>passed!
repetition: 28083
>passed!
repetition: 28084
>passed!
repetition: 28085
>passed!
repetition: 28086
>passed!
repetition: 28087
>passed!
repetition: 28088
>passed!
repetition: 28089
>passed!
repetition: 28090
>passed!
repetition: 28091
>passed!
repetition: 28092
>passed!
repetition: 28093
>passed!
repetition: 28094
>passed!
repetition: 28095
>passed!
repetition: 28096
>passed!
repetition: 28097
>passed!
repetition: 28098
>passed!
repetition: 28099
>passed!
repetition: 28100
>passed!
repetition: 28101
>passed!
repetition: 28102
>passed!
repetition: 28103
>passed!
repetition: 28104
>passed!
repetition: 28105
>passed!
repetition: 28106
>passed!
repetition: 28107
>passed!
repetition: 28108
>passed!
repetition: 28109
>passed!
repetition: 28110
>passed!
repetition: 28111
>passed!
repetition: 28112
>passed!
repetition: 28113
>passed!
repetition: 28114
>passed!
repetition: 28115
>passed!
repetition: 28116
>passed!
repetition: 28117
>passed!
repetition: 28118
>passed!
repetition: 28119
>passed!
repetition: 28120
>passed!
repetition: 28121
>passed!
repetition: 28122
>passed!
repetition: 28123
>passed!
repetition: 28124
>passed!
repetition: 28125
>passed!
repetition: 28126
>passed!
repetition: 28127
>passed!
repetition: 28128
>passed!
repetition: 28129
>passed!
repetition: 28130
>passed!
repetition: 28131
>passed!
repetition: 28132
>passed!
repetition: 28133
>passed!
repetition: 28134
>passed!
repetition: 28135
>passed!
repetition: 28136
>passed!
repetition: 28137
>passed!
repetition: 28138
>passed!
repetition: 28139
>passed!
repetition: 28140
>passed!
repetition: 28141
>passed!
repetition: 28142
>passed!
repetition: 28143
>passed!
repetition: 28144
>passed!
repetition: 28145
>passed!
repetition: 28146
>passed!
repetition: 28147
>passed!
repetition: 28148
>passed!
repetition: 28149
>passed!
repetition: 28150
>passed!
repetition: 28151
>passed!
repetition: 28152
>passed!
repetition: 28153
>passed!
repetition: 28154
>passed!
repetition: 28155
>passed!
repetition: 28156
>passed!
repetition: 28157
>passed!
repetition: 28158
>passed!
repetition: 28159
>passed!
repetition: 28160
>passed!
repetition: 28161
>passed!
repetition: 28162
>passed!
repetition: 28163
>passed!
repetition: 28164
>passed!
repetition: 28165
>passed!
repetition: 28166
>passed!
repetition: 28167
>passed!
repetition: 28168
>passed!
repetition: 28169
>passed!
repetition: 28170
>passed!
repetition: 28171
>passed!
repetition: 28172
>passed!
repetition: 28173
>passed!
repetition: 28174
>passed!
repetition: 28175
>passed!
repetition: 28176
>passed!
repetition: 28177
>passed!
repetition: 28178
>passed!
repetition: 28179
>passed!
repetition: 28180
>passed!
repetition: 28181
>passed!
repetition: 28182
>passed!
repetition: 28183
>passed!
repetition: 28184
>passed!
repetition: 28185
>passed!
repetition: 28186
>passed!
repetition: 28187
>passed!
repetition: 28188
>passed!
repetition: 28189
>passed!
repetition: 28190
>passed!
repetition: 28191
>passed!
repetition: 28192
>passed!
repetition: 28193
>passed!
repetition: 28194
>passed!
repetition: 28195
>passed!
repetition: 28196
>passed!
repetition: 28197
>passed!
repetition: 28198
>passed!
repetition: 28199
>passed!
repetition: 28200
>passed!
repetition: 28201
>passed!
repetition: 28202
>passed!
repetition: 28203
>passed!
repetition: 28204
>passed!
repetition: 28205
>passed!
repetition: 28206
>passed!
repetition: 28207
>passed!
repetition: 28208
>passed!
repetition: 28209
>passed!
repetition: 28210
>passed!
repetition: 28211
>passed!
repetition: 28212
>passed!
repetition: 28213
>passed!
repetition: 28214
>passed!
repetition: 28215
>passed!
repetition: 28216
>passed!
repetition: 28217
>passed!
repetition: 28218
>passed!
repetition: 28219
>passed!
repetition: 28220
>passed!
repetition: 28221
>passed!
repetition: 28222
>passed!
repetition: 28223
>passed!
repetition: 28224
>passed!
repetition: 28225
>passed!
repetition: 28226
>passed!
repetition: 28227
>passed!
repetition: 28228
>passed!
repetition: 28229
>passed!
repetition: 28230
>passed!
repetition: 28231
>passed!
repetition: 28232
>passed!
repetition: 28233
>passed!
repetition: 28234
>passed!
repetition: 28235
>passed!
repetition: 28236
>passed!
repetition: 28237
>passed!
repetition: 28238
>passed!
repetition: 28239
>passed!
repetition: 28240
>passed!
repetition: 28241
>passed!
repetition: 28242
>passed!
repetition: 28243
>passed!
repetition: 28244
>passed!
repetition: 28245
>passed!
repetition: 28246
>passed!
repetition: 28247
>passed!
repetition: 28248
>passed!
repetition: 28249
>passed!
repetition: 28250
>passed!
repetition: 28251
>passed!
repetition: 28252
>passed!
repetition: 28253
>passed!
repetition: 28254
>passed!
repetition: 28255
>passed!
repetition: 28256
>passed!
repetition: 28257
>passed!
repetition: 28258
>passed!
repetition: 28259
>passed!
repetition: 28260
>passed!
repetition: 28261
>passed!
repetition: 28262
>passed!
repetition: 28263
>passed!
repetition: 28264
>passed!
repetition: 28265
>passed!
repetition: 28266
>passed!
repetition: 28267
>passed!
repetition: 28268
>passed!
repetition: 28269
>passed!
repetition: 28270
>passed!
repetition: 28271
>passed!
repetition: 28272
>passed!
repetition: 28273
>passed!
repetition: 28274
>passed!
repetition: 28275
>passed!
repetition: 28276
>passed!
repetition: 28277
>passed!
repetition: 28278
>passed!
repetition: 28279
>passed!
repetition: 28280
>passed!
repetition: 28281
>passed!
repetition: 28282
>passed!
repetition: 28283
>passed!
repetition: 28284
>passed!
repetition: 28285
>passed!
repetition: 28286
>passed!
repetition: 28287
>passed!
repetition: 28288
>passed!
repetition: 28289
>passed!
repetition: 28290
>passed!
repetition: 28291
>passed!
repetition: 28292
>passed!
repetition: 28293
>passed!
repetition: 28294
>passed!
repetition: 28295
>passed!
repetition: 28296
>passed!
repetition: 28297
>passed!
repetition: 28298
>passed!
repetition: 28299
>passed!
repetition: 28300
>passed!
repetition: 28301
>passed!
repetition: 28302
>passed!
repetition: 28303
>passed!
repetition: 28304
>passed!
repetition: 28305
>passed!
repetition: 28306
>passed!
repetition: 28307
>passed!
repetition: 28308
>passed!
repetition: 28309
>passed!
repetition: 28310
>passed!
repetition: 28311
>passed!
repetition: 28312
>passed!
repetition: 28313
>passed!
repetition: 28314
>passed!
repetition: 28315
>passed!
repetition: 28316
>passed!
repetition: 28317
>passed!
repetition: 28318
>passed!
repetition: 28319
>passed!
repetition: 28320
>passed!
repetition: 28321
>passed!
repetition: 28322
>passed!
repetition: 28323
>passed!
repetition: 28324
>passed!
repetition: 28325
>passed!
repetition: 28326
>passed!
repetition: 28327
>passed!
repetition: 28328
>passed!
repetition: 28329
>passed!
repetition: 28330
>passed!
repetition: 28331
>passed!
repetition: 28332
>passed!
repetition: 28333
>passed!
repetition: 28334
>passed!
repetition: 28335
>passed!
repetition: 28336
>passed!
repetition: 28337
>passed!
repetition: 28338
>passed!
repetition: 28339
>passed!
repetition: 28340
>passed!
repetition: 28341
>passed!
repetition: 28342
>passed!
repetition: 28343
>passed!
repetition: 28344
>passed!
repetition: 28345
>passed!
repetition: 28346
>passed!
repetition: 28347
>passed!
repetition: 28348
>passed!
repetition: 28349
>passed!
repetition: 28350
>passed!
repetition: 28351
>passed!
repetition: 28352
>passed!
repetition: 28353
>passed!
repetition: 28354
>passed!
repetition: 28355
>passed!
repetition: 28356
>passed!
repetition: 28357
>passed!
repetition: 28358
>passed!
repetition: 28359
>passed!
repetition: 28360
>passed!
repetition: 28361
>passed!
repetition: 28362
>passed!
repetition: 28363
>passed!
repetition: 28364
>passed!
repetition: 28365
>passed!
repetition: 28366
>passed!
repetition: 28367
>passed!
repetition: 28368
>passed!
repetition: 28369
>passed!
repetition: 28370
>passed!
repetition: 28371
>passed!
repetition: 28372
>passed!
repetition: 28373
>passed!
repetition: 28374
>passed!
repetition: 28375
>passed!
repetition: 28376
>passed!
repetition: 28377
>passed!
repetition: 28378
>passed!
repetition: 28379
>passed!
repetition: 28380
>passed!
repetition: 28381
>passed!
repetition: 28382
>passed!
repetition: 28383
>passed!
repetition: 28384
>passed!
repetition: 28385
>passed!
repetition: 28386
>passed!
repetition: 28387
>passed!
repetition: 28388
>passed!
repetition: 28389
>passed!
repetition: 28390
>passed!
repetition: 28391
>passed!
repetition: 28392
>passed!
repetition: 28393
>passed!
repetition: 28394
>passed!
repetition: 28395
>passed!
repetition: 28396
>passed!
repetition: 28397
>passed!
repetition: 28398
>passed!
repetition: 28399
>passed!
repetition: 28400
>passed!
repetition: 28401
>passed!
repetition: 28402
>passed!
repetition: 28403
>passed!
repetition: 28404
>passed!
repetition: 28405
>passed!
repetition: 28406
>passed!
repetition: 28407
>passed!
repetition: 28408
>passed!
repetition: 28409
>passed!
repetition: 28410
>passed!
repetition: 28411
>passed!
repetition: 28412
>passed!
repetition: 28413
>passed!
repetition: 28414
>passed!
repetition: 28415
>passed!
repetition: 28416
>passed!
repetition: 28417
>passed!
repetition: 28418
>passed!
repetition: 28419
>passed!
repetition: 28420
>passed!
repetition: 28421
>passed!
repetition: 28422
>passed!
repetition: 28423
>passed!
repetition: 28424
>passed!
repetition: 28425
>passed!
repetition: 28426
>passed!
repetition: 28427
>passed!
repetition: 28428
>passed!
repetition: 28429
>passed!
repetition: 28430
>passed!
repetition: 28431
>passed!
repetition: 28432
>passed!
repetition: 28433
>passed!
repetition: 28434
>passed!
repetition: 28435
>passed!
repetition: 28436
>passed!
repetition: 28437
>passed!
repetition: 28438
>passed!
repetition: 28439
>passed!
repetition: 28440
>passed!
repetition: 28441
>passed!
repetition: 28442
>passed!
repetition: 28443
>passed!
repetition: 28444
>passed!
repetition: 28445
>passed!
repetition: 28446
>passed!
repetition: 28447
>passed!
repetition: 28448
>passed!
repetition: 28449
>passed!
repetition: 28450
>passed!
repetition: 28451
>passed!
repetition: 28452
>passed!
repetition: 28453
>passed!
repetition: 28454
>passed!
repetition: 28455
>passed!
repetition: 28456
>passed!
repetition: 28457
>passed!
repetition: 28458
>passed!
repetition: 28459
>passed!
repetition: 28460
>passed!
repetition: 28461
>passed!
repetition: 28462
>passed!
repetition: 28463
>passed!
repetition: 28464
>passed!
repetition: 28465
>passed!
repetition: 28466
>passed!
repetition: 28467
>passed!
repetition: 28468
>passed!
repetition: 28469
>passed!
repetition: 28470
>passed!
repetition: 28471
>passed!
repetition: 28472
>passed!
repetition: 28473
>passed!
repetition: 28474
>passed!
repetition: 28475
>passed!
repetition: 28476
>passed!
repetition: 28477
>passed!
repetition: 28478
>passed!
repetition: 28479
>passed!
repetition: 28480
>passed!
repetition: 28481
>passed!
repetition: 28482
>passed!
repetition: 28483
>passed!
repetition: 28484
>passed!
repetition: 28485
>passed!
repetition: 28486
>passed!
repetition: 28487
>passed!
repetition: 28488
>passed!
repetition: 28489
>passed!
repetition: 28490
>passed!
repetition: 28491
>passed!
repetition: 28492
>passed!
repetition: 28493
>passed!
repetition: 28494
>passed!
repetition: 28495
>passed!
repetition: 28496
>passed!
repetition: 28497
>passed!
repetition: 28498
>passed!
repetition: 28499
>passed!
repetition: 28500
>passed!
repetition: 28501
>passed!
repetition: 28502
>passed!
repetition: 28503
>passed!
repetition: 28504
>passed!
repetition: 28505
>passed!
repetition: 28506
>passed!
repetition: 28507
>passed!
repetition: 28508
>passed!
repetition: 28509
>passed!
repetition: 28510
>passed!
repetition: 28511
>passed!
repetition: 28512
>passed!
repetition: 28513
>passed!
repetition: 28514
>passed!
repetition: 28515
>passed!
repetition: 28516
>passed!
repetition: 28517
>passed!
repetition: 28518
>passed!
repetition: 28519
>passed!
repetition: 28520
>passed!
repetition: 28521
>passed!
repetition: 28522
>passed!
repetition: 28523
>passed!
repetition: 28524
>passed!
repetition: 28525
>passed!
repetition: 28526
>passed!
repetition: 28527
>passed!
repetition: 28528
>passed!
repetition: 28529
>passed!
repetition: 28530
>passed!
repetition: 28531
>passed!
repetition: 28532
>passed!
repetition: 28533
>passed!
repetition: 28534
>passed!
repetition: 28535
>passed!
repetition: 28536
>passed!
repetition: 28537
>passed!
repetition: 28538
>passed!
repetition: 28539
>passed!
repetition: 28540
>passed!
repetition: 28541
>passed!
repetition: 28542
>passed!
repetition: 28543
>passed!
repetition: 28544
>passed!
repetition: 28545
>passed!
repetition: 28546
>passed!
repetition: 28547
>passed!
repetition: 28548
>passed!
repetition: 28549
>passed!
repetition: 28550
>passed!
repetition: 28551
>passed!
repetition: 28552
>passed!
repetition: 28553
>passed!
repetition: 28554
>passed!
repetition: 28555
>passed!
repetition: 28556
>passed!
repetition: 28557
>passed!
repetition: 28558
>passed!
repetition: 28559
>passed!
repetition: 28560
>passed!
repetition: 28561
>passed!
repetition: 28562
>passed!
repetition: 28563
>passed!
repetition: 28564
>passed!
repetition: 28565
>passed!
repetition: 28566
>passed!
repetition: 28567
>passed!
repetition: 28568
>passed!
repetition: 28569
>passed!
repetition: 28570
>passed!
repetition: 28571
>passed!
repetition: 28572
>passed!
repetition: 28573
>passed!
repetition: 28574
>passed!
repetition: 28575
>passed!
repetition: 28576
>passed!
repetition: 28577
>passed!
repetition: 28578
>passed!
repetition: 28579
>passed!
repetition: 28580
>passed!
repetition: 28581
>passed!
repetition: 28582
>passed!
repetition: 28583
>passed!
repetition: 28584
>passed!
repetition: 28585
>passed!
repetition: 28586
>passed!
repetition: 28587
>passed!
repetition: 28588
>passed!
repetition: 28589
>passed!
repetition: 28590
>passed!
repetition: 28591
>passed!
repetition: 28592
>passed!
repetition: 28593
>passed!
repetition: 28594
>passed!
repetition: 28595
>passed!
repetition: 28596
>passed!
repetition: 28597
>passed!
repetition: 28598
>passed!
repetition: 28599
>passed!
repetition: 28600
>passed!
repetition: 28601
>passed!
repetition: 28602
>passed!
repetition: 28603
>passed!
repetition: 28604
>passed!
repetition: 28605
>passed!
repetition: 28606
>passed!
repetition: 28607
>passed!
repetition: 28608
>passed!
repetition: 28609
>passed!
repetition: 28610
>passed!
repetition: 28611
>passed!
repetition: 28612
>passed!
repetition: 28613
>passed!
repetition: 28614
>passed!
repetition: 28615
>passed!
repetition: 28616
>passed!
repetition: 28617
>passed!
repetition: 28618
>passed!
repetition: 28619
>passed!
repetition: 28620
>passed!
repetition: 28621
>passed!
repetition: 28622
>passed!
repetition: 28623
>passed!
repetition: 28624
>passed!
repetition: 28625
>passed!
repetition: 28626
>passed!
repetition: 28627
>passed!
repetition: 28628
>passed!
repetition: 28629
>passed!
repetition: 28630
>passed!
repetition: 28631
>passed!
repetition: 28632
>passed!
repetition: 28633
>passed!
repetition: 28634
>passed!
repetition: 28635
>passed!
repetition: 28636
>passed!
repetition: 28637
>passed!
repetition: 28638
>passed!
repetition: 28639
>passed!
repetition: 28640
>passed!
repetition: 28641
>passed!
repetition: 28642
>passed!
repetition: 28643
>passed!
repetition: 28644
>passed!
repetition: 28645
>passed!
repetition: 28646
>passed!
repetition: 28647
>passed!
repetition: 28648
>passed!
repetition: 28649
>passed!
repetition: 28650
>passed!
repetition: 28651
>passed!
repetition: 28652
>passed!
repetition: 28653
>passed!
repetition: 28654
>passed!
repetition: 28655
>passed!
repetition: 28656
>passed!
repetition: 28657
>passed!
repetition: 28658
>passed!
repetition: 28659
>passed!
repetition: 28660
>passed!
repetition: 28661
>passed!
repetition: 28662
>passed!
repetition: 28663
>passed!
repetition: 28664
>passed!
repetition: 28665
>passed!
repetition: 28666
>passed!
repetition: 28667
>passed!
repetition: 28668
>passed!
repetition: 28669
>passed!
repetition: 28670
>passed!
repetition: 28671
>passed!
repetition: 28672
>passed!
repetition: 28673
>passed!
repetition: 28674
>passed!
repetition: 28675
>passed!
repetition: 28676
>passed!
repetition: 28677
>passed!
repetition: 28678
>passed!
repetition: 28679
>passed!
repetition: 28680
>passed!
repetition: 28681
>passed!
repetition: 28682
>passed!
repetition: 28683
>passed!
repetition: 28684
>passed!
repetition: 28685
>passed!
repetition: 28686
>passed!
repetition: 28687
>passed!
repetition: 28688
>passed!
repetition: 28689
>passed!
repetition: 28690
>passed!
repetition: 28691
>passed!
repetition: 28692
>passed!
repetition: 28693
>passed!
repetition: 28694
>passed!
repetition: 28695
>passed!
repetition: 28696
>passed!
repetition: 28697
>passed!
repetition: 28698
>passed!
repetition: 28699
>passed!
repetition: 28700
>passed!
repetition: 28701
>passed!
repetition: 28702
>passed!
repetition: 28703
>passed!
repetition: 28704
>passed!
repetition: 28705
>passed!
repetition: 28706
>passed!
repetition: 28707
>passed!
repetition: 28708
>passed!
repetition: 28709
>passed!
repetition: 28710
>passed!
repetition: 28711
>passed!
repetition: 28712
>passed!
repetition: 28713
>passed!
repetition: 28714
>passed!
repetition: 28715
>passed!
repetition: 28716
>passed!
repetition: 28717
>passed!
repetition: 28718
>passed!
repetition: 28719
>passed!
repetition: 28720
>passed!
repetition: 28721
>passed!
repetition: 28722
>passed!
repetition: 28723
>passed!
repetition: 28724
>passed!
repetition: 28725
>passed!
repetition: 28726
>passed!
repetition: 28727
>passed!
repetition: 28728
>passed!
repetition: 28729
>passed!
repetition: 28730
>passed!
repetition: 28731
>passed!
repetition: 28732
>passed!
repetition: 28733
>passed!
repetition: 28734
>passed!
repetition: 28735
>passed!
repetition: 28736
>passed!
repetition: 28737
>passed!
repetition: 28738
>passed!
repetition: 28739
>passed!
repetition: 28740
>passed!
repetition: 28741
>passed!
repetition: 28742
>passed!
repetition: 28743
>passed!
repetition: 28744
>passed!
repetition: 28745
>passed!
repetition: 28746
>passed!
repetition: 28747
>passed!
repetition: 28748
>passed!
repetition: 28749
>passed!
repetition: 28750
>passed!
repetition: 28751
>passed!
repetition: 28752
>passed!
repetition: 28753
>passed!
repetition: 28754
>passed!
repetition: 28755
>passed!
repetition: 28756
>passed!
repetition: 28757
>passed!
repetition: 28758
>passed!
repetition: 28759
>passed!
repetition: 28760
>passed!
repetition: 28761
>passed!
repetition: 28762
>passed!
repetition: 28763
>passed!
repetition: 28764
>passed!
repetition: 28765
>passed!
repetition: 28766
>passed!
repetition: 28767
>passed!
repetition: 28768
>passed!
repetition: 28769
>passed!
repetition: 28770
>passed!
repetition: 28771
>passed!
repetition: 28772
>passed!
repetition: 28773
>passed!
repetition: 28774
>passed!
repetition: 28775
>passed!
repetition: 28776
>passed!
repetition: 28777
>passed!
repetition: 28778
>passed!
repetition: 28779
>passed!
repetition: 28780
>passed!
repetition: 28781
>passed!
repetition: 28782
>passed!
repetition: 28783
>passed!
repetition: 28784
>passed!
repetition: 28785
>passed!
repetition: 28786
>passed!
repetition: 28787
>passed!
repetition: 28788
>passed!
repetition: 28789
>passed!
repetition: 28790
>passed!
repetition: 28791
>passed!
repetition: 28792
>passed!
repetition: 28793
>passed!
repetition: 28794
>passed!
repetition: 28795
>passed!
repetition: 28796
>passed!
repetition: 28797
>passed!
repetition: 28798
>passed!
repetition: 28799
>passed!
repetition: 28800
>passed!
repetition: 28801
>passed!
repetition: 28802
>passed!
repetition: 28803
>passed!
repetition: 28804
>passed!
repetition: 28805
>passed!
repetition: 28806
>passed!
repetition: 28807
>passed!
repetition: 28808
>passed!
repetition: 28809
>passed!
repetition: 28810
>passed!
repetition: 28811
>passed!
repetition: 28812
>passed!
repetition: 28813
>passed!
repetition: 28814
>passed!
repetition: 28815
>passed!
repetition: 28816
>passed!
repetition: 28817
>passed!
repetition: 28818
>passed!
repetition: 28819
>passed!
repetition: 28820
>passed!
repetition: 28821
>passed!
repetition: 28822
>passed!
repetition: 28823
>passed!
repetition: 28824
>passed!
repetition: 28825
>passed!
repetition: 28826
>passed!
repetition: 28827
>passed!
repetition: 28828
>passed!
repetition: 28829
>passed!
repetition: 28830
>passed!
repetition: 28831
>passed!
repetition: 28832
>passed!
repetition: 28833
>passed!
repetition: 28834
>passed!
repetition: 28835
>passed!
repetition: 28836
>passed!
repetition: 28837
>passed!
repetition: 28838
>passed!
repetition: 28839
>passed!
repetition: 28840
>passed!
repetition: 28841
>passed!
repetition: 28842
>passed!
repetition: 28843
>passed!
repetition: 28844
>passed!
repetition: 28845
>passed!
repetition: 28846
>passed!
repetition: 28847
>passed!
repetition: 28848
>passed!
repetition: 28849
>passed!
repetition: 28850
>passed!
repetition: 28851
>passed!
repetition: 28852
>passed!
repetition: 28853
>passed!
repetition: 28854
>passed!
repetition: 28855
>passed!
repetition: 28856
>passed!
repetition: 28857
>passed!
repetition: 28858
>passed!
repetition: 28859
>passed!
repetition: 28860
>passed!
repetition: 28861
>passed!
repetition: 28862
>passed!
repetition: 28863
>passed!
repetition: 28864
>passed!
repetition: 28865
>passed!
repetition: 28866
>passed!
repetition: 28867
>passed!
repetition: 28868
>passed!
repetition: 28869
>passed!
repetition: 28870
>passed!
repetition: 28871
>passed!
repetition: 28872
>passed!
repetition: 28873
>passed!
repetition: 28874
>passed!
repetition: 28875
>passed!
repetition: 28876
>passed!
repetition: 28877
>passed!
repetition: 28878
>passed!
repetition: 28879
>passed!
repetition: 28880
>passed!
repetition: 28881
>passed!
repetition: 28882
>passed!
repetition: 28883
>passed!
repetition: 28884
>passed!
repetition: 28885
>passed!
repetition: 28886
>passed!
repetition: 28887
>passed!
repetition: 28888
>passed!
repetition: 28889
>passed!
repetition: 28890
>passed!
repetition: 28891
>passed!
repetition: 28892
>passed!
repetition: 28893
>passed!
repetition: 28894
>passed!
repetition: 28895
>passed!
repetition: 28896
>passed!
repetition: 28897
>passed!
repetition: 28898
>passed!
repetition: 28899
>passed!
repetition: 28900
>passed!
repetition: 28901
>passed!
repetition: 28902
>passed!
repetition: 28903
>passed!
repetition: 28904
>passed!
repetition: 28905
>passed!
repetition: 28906
>passed!
repetition: 28907
>passed!
repetition: 28908
>passed!
repetition: 28909
>passed!
repetition: 28910
>passed!
repetition: 28911
>passed!
repetition: 28912
>passed!
repetition: 28913
>passed!
repetition: 28914
>passed!
repetition: 28915
>passed!
repetition: 28916
>passed!
repetition: 28917
>passed!
repetition: 28918
>passed!
repetition: 28919
>passed!
repetition: 28920
>passed!
repetition: 28921
>passed!
repetition: 28922
>passed!
repetition: 28923
>passed!
repetition: 28924
>passed!
repetition: 28925
>passed!
repetition: 28926
>passed!
repetition: 28927
>passed!
repetition: 28928
>passed!
repetition: 28929
>passed!
repetition: 28930
>passed!
repetition: 28931
>passed!
repetition: 28932
>passed!
repetition: 28933
>passed!
repetition: 28934
>passed!
repetition: 28935
>passed!
repetition: 28936
>passed!
repetition: 28937
>passed!
repetition: 28938
>passed!
repetition: 28939
>passed!
repetition: 28940
>passed!
repetition: 28941
>passed!
repetition: 28942
>passed!
repetition: 28943
>passed!
repetition: 28944
>passed!
repetition: 28945
>passed!
repetition: 28946
>passed!
repetition: 28947
>passed!
repetition: 28948
>passed!
repetition: 28949
>passed!
repetition: 28950
>passed!
repetition: 28951
>passed!
repetition: 28952
>passed!
repetition: 28953
>passed!
repetition: 28954
>passed!
repetition: 28955
>passed!
repetition: 28956
>passed!
repetition: 28957
>passed!
repetition: 28958
>passed!
repetition: 28959
>passed!
repetition: 28960
>passed!
repetition: 28961
>passed!
repetition: 28962
>passed!
repetition: 28963
>passed!
repetition: 28964
>passed!
repetition: 28965
>passed!
repetition: 28966
>passed!
repetition: 28967
>passed!
repetition: 28968
>passed!
repetition: 28969
>passed!
repetition: 28970
>passed!
repetition: 28971
>passed!
repetition: 28972
>passed!
repetition: 28973
>passed!
repetition: 28974
>passed!
repetition: 28975
>passed!
repetition: 28976
>passed!
repetition: 28977
>passed!
repetition: 28978
>passed!
repetition: 28979
>passed!
repetition: 28980
>passed!
repetition: 28981
>passed!
repetition: 28982
>passed!
repetition: 28983
>passed!
repetition: 28984
>passed!
repetition: 28985
>passed!
repetition: 28986
>passed!
repetition: 28987
>passed!
repetition: 28988
>passed!
repetition: 28989
>passed!
repetition: 28990
>passed!
repetition: 28991
>passed!
repetition: 28992
>passed!
repetition: 28993
>passed!
repetition: 28994
>passed!
repetition: 28995
>passed!
repetition: 28996
>passed!
repetition: 28997
>passed!
repetition: 28998
>passed!
repetition: 28999
>passed!
repetition: 29000
>passed!
repetition: 29001
>passed!
repetition: 29002
>passed!
repetition: 29003
>passed!
repetition: 29004
>passed!
repetition: 29005
>passed!
repetition: 29006
>passed!
repetition: 29007
>passed!
repetition: 29008
>passed!
repetition: 29009
>passed!
repetition: 29010
>passed!
repetition: 29011
>passed!
repetition: 29012
>passed!
repetition: 29013
>passed!
repetition: 29014
>passed!
repetition: 29015
>passed!
repetition: 29016
>passed!
repetition: 29017
>passed!
repetition: 29018
>passed!
repetition: 29019
>passed!
repetition: 29020
>passed!
repetition: 29021
>passed!
repetition: 29022
>passed!
repetition: 29023
>passed!
repetition: 29024
>passed!
repetition: 29025
>passed!
repetition: 29026
>passed!
repetition: 29027
>passed!
repetition: 29028
>passed!
repetition: 29029
>passed!
repetition: 29030
>passed!
repetition: 29031
>passed!
repetition: 29032
>passed!
repetition: 29033
>passed!
repetition: 29034
>passed!
repetition: 29035
>passed!
repetition: 29036
>passed!
repetition: 29037
>passed!
repetition: 29038
>passed!
repetition: 29039
>passed!
repetition: 29040
>passed!
repetition: 29041
>passed!
repetition: 29042
>passed!
repetition: 29043
>passed!
repetition: 29044
>passed!
repetition: 29045
>passed!
repetition: 29046
>passed!
repetition: 29047
>passed!
repetition: 29048
>passed!
repetition: 29049
>passed!
repetition: 29050
>passed!
repetition: 29051
>passed!
repetition: 29052
>passed!
repetition: 29053
>passed!
repetition: 29054
>passed!
repetition: 29055
>passed!
repetition: 29056
>passed!
repetition: 29057
>passed!
repetition: 29058
>passed!
repetition: 29059
>passed!
repetition: 29060
>passed!
repetition: 29061
>passed!
repetition: 29062
>passed!
repetition: 29063
>passed!
repetition: 29064
>passed!
repetition: 29065
>passed!
repetition: 29066
>passed!
repetition: 29067
>passed!
repetition: 29068
>passed!
repetition: 29069
>passed!
repetition: 29070
>passed!
repetition: 29071
>passed!
repetition: 29072
>passed!
repetition: 29073
>passed!
repetition: 29074
>passed!
repetition: 29075
>passed!
repetition: 29076
>passed!
repetition: 29077
>passed!
repetition: 29078
>passed!
repetition: 29079
>passed!
repetition: 29080
>passed!
repetition: 29081
>passed!
repetition: 29082
>passed!
repetition: 29083
>passed!
repetition: 29084
>passed!
repetition: 29085
>passed!
repetition: 29086
>passed!
repetition: 29087
>passed!
repetition: 29088
>passed!
repetition: 29089
>passed!
repetition: 29090
>passed!
repetition: 29091
>passed!
repetition: 29092
>passed!
repetition: 29093
>passed!
repetition: 29094
>passed!
repetition: 29095
>passed!
repetition: 29096
>passed!
repetition: 29097
>passed!
repetition: 29098
>passed!
repetition: 29099
>passed!
repetition: 29100
>passed!
repetition: 29101
>passed!
repetition: 29102
>passed!
repetition: 29103
>passed!
repetition: 29104
>passed!
repetition: 29105
>passed!
repetition: 29106
>passed!
repetition: 29107
>passed!
repetition: 29108
>passed!
repetition: 29109
>passed!
repetition: 29110
>passed!
repetition: 29111
>passed!
repetition: 29112
>passed!
repetition: 29113
>passed!
repetition: 29114
>passed!
repetition: 29115
>passed!
repetition: 29116
>passed!
repetition: 29117
>passed!
repetition: 29118
>passed!
repetition: 29119
>passed!
repetition: 29120
>passed!
repetition: 29121
>passed!
repetition: 29122
>passed!
repetition: 29123
>passed!
repetition: 29124
>passed!
repetition: 29125
>passed!
repetition: 29126
>passed!
repetition: 29127
>passed!
repetition: 29128
>passed!
repetition: 29129
>passed!
repetition: 29130
>passed!
repetition: 29131
>passed!
repetition: 29132
>passed!
repetition: 29133
>passed!
repetition: 29134
>passed!
repetition: 29135
>passed!
repetition: 29136
>passed!
repetition: 29137
>passed!
repetition: 29138
>passed!
repetition: 29139
>passed!
repetition: 29140
>passed!
repetition: 29141
>passed!
repetition: 29142
>passed!
repetition: 29143
>passed!
repetition: 29144
>passed!
repetition: 29145
>passed!
repetition: 29146
>passed!
repetition: 29147
>passed!
repetition: 29148
>passed!
repetition: 29149
>passed!
repetition: 29150
>passed!
repetition: 29151
>passed!
repetition: 29152
>passed!
repetition: 29153
>passed!
repetition: 29154
>passed!
repetition: 29155
>passed!
repetition: 29156
>passed!
repetition: 29157
>passed!
repetition: 29158
>passed!
repetition: 29159
>passed!
repetition: 29160
>passed!
repetition: 29161
>passed!
repetition: 29162
>passed!
repetition: 29163
>passed!
repetition: 29164
>passed!
repetition: 29165
>passed!
repetition: 29166
>passed!
repetition: 29167
>passed!
repetition: 29168
>passed!
repetition: 29169
>passed!
repetition: 29170
>passed!
repetition: 29171
>passed!
repetition: 29172
>passed!
repetition: 29173
>passed!
repetition: 29174
>passed!
repetition: 29175
>passed!
repetition: 29176
>passed!
repetition: 29177
>passed!
repetition: 29178
>passed!
repetition: 29179
>passed!
repetition: 29180
>passed!
repetition: 29181
>passed!
repetition: 29182
>passed!
repetition: 29183
>passed!
repetition: 29184
>passed!
repetition: 29185
>passed!
repetition: 29186
>passed!
repetition: 29187
>passed!
repetition: 29188
>passed!
repetition: 29189
>passed!
repetition: 29190
>passed!
repetition: 29191
>passed!
repetition: 29192
>passed!
repetition: 29193
>passed!
repetition: 29194
>passed!
repetition: 29195
>passed!
repetition: 29196
>passed!
repetition: 29197
>passed!
repetition: 29198
>passed!
repetition: 29199
>passed!
repetition: 29200
>passed!
repetition: 29201
>passed!
repetition: 29202
>passed!
repetition: 29203
>passed!
repetition: 29204
>passed!
repetition: 29205
>passed!
repetition: 29206
>passed!
repetition: 29207
>passed!
repetition: 29208
>passed!
repetition: 29209
>passed!
repetition: 29210
>passed!
repetition: 29211
>passed!
repetition: 29212
>passed!
repetition: 29213
>passed!
repetition: 29214
>passed!
repetition: 29215
>passed!
repetition: 29216
>passed!
repetition: 29217
>passed!
repetition: 29218
>passed!
repetition: 29219
>passed!
repetition: 29220
>passed!
repetition: 29221
>passed!
repetition: 29222
>passed!
repetition: 29223
>passed!
repetition: 29224
>passed!
repetition: 29225
>passed!
repetition: 29226
>passed!
repetition: 29227
>passed!
repetition: 29228
>passed!
repetition: 29229
>passed!
repetition: 29230
>passed!
repetition: 29231
>passed!
repetition: 29232
>passed!
repetition: 29233
>passed!
repetition: 29234
>passed!
repetition: 29235
>passed!
repetition: 29236
>passed!
repetition: 29237
>passed!
repetition: 29238
>passed!
repetition: 29239
>passed!
repetition: 29240
>passed!
repetition: 29241
>passed!
repetition: 29242
>passed!
repetition: 29243
>passed!
repetition: 29244
>passed!
repetition: 29245
>passed!
repetition: 29246
>passed!
repetition: 29247
>passed!
repetition: 29248
>passed!
repetition: 29249
>passed!
repetition: 29250
>passed!
repetition: 29251
>passed!
repetition: 29252
>passed!
repetition: 29253
>passed!
repetition: 29254
>passed!
repetition: 29255
>passed!
repetition: 29256
>passed!
repetition: 29257
>passed!
repetition: 29258
>passed!
repetition: 29259
>passed!
repetition: 29260
>passed!
repetition: 29261
>passed!
repetition: 29262
>passed!
repetition: 29263
>passed!
repetition: 29264
>passed!
repetition: 29265
>passed!
repetition: 29266
>passed!
repetition: 29267
>passed!
repetition: 29268
>passed!
repetition: 29269
>passed!
repetition: 29270
>passed!
repetition: 29271
>passed!
repetition: 29272
>passed!
repetition: 29273
>passed!
repetition: 29274
>passed!
repetition: 29275
>passed!
repetition: 29276
>passed!
repetition: 29277
>passed!
repetition: 29278
>passed!
repetition: 29279
>passed!
repetition: 29280
>passed!
repetition: 29281
>passed!
repetition: 29282
>passed!
repetition: 29283
>passed!
repetition: 29284
>passed!
repetition: 29285
>passed!
repetition: 29286
>passed!
repetition: 29287
>passed!
repetition: 29288
>passed!
repetition: 29289
>passed!
repetition: 29290
>passed!
repetition: 29291
>passed!
repetition: 29292
>passed!
repetition: 29293
>passed!
repetition: 29294
>passed!
repetition: 29295
>passed!
repetition: 29296
>passed!
repetition: 29297
>passed!
repetition: 29298
>passed!
repetition: 29299
>passed!
repetition: 29300
>passed!
repetition: 29301
>passed!
repetition: 29302
>passed!
repetition: 29303
>passed!
repetition: 29304
>passed!
repetition: 29305
>passed!
repetition: 29306
>passed!
repetition: 29307
>passed!
repetition: 29308
>passed!
repetition: 29309
>passed!
repetition: 29310
>passed!
repetition: 29311
>passed!
repetition: 29312
>passed!
repetition: 29313
>passed!
repetition: 29314
>passed!
repetition: 29315
>passed!
repetition: 29316
>passed!
repetition: 29317
>passed!
repetition: 29318
>passed!
repetition: 29319
>passed!
repetition: 29320
>passed!
repetition: 29321
>passed!
repetition: 29322
>passed!
repetition: 29323
>passed!
repetition: 29324
>passed!
repetition: 29325
>passed!
repetition: 29326
>passed!
repetition: 29327
>passed!
repetition: 29328
>passed!
repetition: 29329
>passed!
repetition: 29330
>passed!
repetition: 29331
>passed!
repetition: 29332
>passed!
repetition: 29333
>passed!
repetition: 29334
>passed!
repetition: 29335
>passed!
repetition: 29336
>passed!
repetition: 29337
>passed!
repetition: 29338
>passed!
repetition: 29339
>passed!
repetition: 29340
>passed!
repetition: 29341
>passed!
repetition: 29342
>passed!
repetition: 29343
>passed!
repetition: 29344
>passed!
repetition: 29345
>passed!
repetition: 29346
>passed!
repetition: 29347
>passed!
repetition: 29348
>passed!
repetition: 29349
>passed!
repetition: 29350
>passed!
repetition: 29351
>passed!
repetition: 29352
>passed!
repetition: 29353
>passed!
repetition: 29354
>passed!
repetition: 29355
>passed!
repetition: 29356
>passed!
repetition: 29357
>passed!
repetition: 29358
>passed!
repetition: 29359
>passed!
repetition: 29360
>passed!
repetition: 29361
>passed!
repetition: 29362
>passed!
repetition: 29363
>passed!
repetition: 29364
>passed!
repetition: 29365
>passed!
repetition: 29366
>passed!
repetition: 29367
>passed!
repetition: 29368
>passed!
repetition: 29369
>passed!
repetition: 29370
>passed!
repetition: 29371
>passed!
repetition: 29372
>passed!
repetition: 29373
>passed!
repetition: 29374
>passed!
repetition: 29375
>passed!
repetition: 29376
>passed!
repetition: 29377
>passed!
repetition: 29378
>passed!
repetition: 29379
>passed!
repetition: 29380
>passed!
repetition: 29381
>passed!
repetition: 29382
>passed!
repetition: 29383
>passed!
repetition: 29384
>passed!
repetition: 29385
>passed!
repetition: 29386
>passed!
repetition: 29387
>passed!
repetition: 29388
>passed!
repetition: 29389
>passed!
repetition: 29390
>passed!
repetition: 29391
>passed!
repetition: 29392
>passed!
repetition: 29393
>passed!
repetition: 29394
>passed!
repetition: 29395
>passed!
repetition: 29396
>passed!
repetition: 29397
>passed!
repetition: 29398
>passed!
repetition: 29399
>passed!
repetition: 29400
>passed!
repetition: 29401
>passed!
repetition: 29402
>passed!
repetition: 29403
>passed!
repetition: 29404
>passed!
repetition: 29405
>passed!
repetition: 29406
>passed!
repetition: 29407
>passed!
repetition: 29408
>passed!
repetition: 29409
>passed!
repetition: 29410
>passed!
repetition: 29411
>passed!
repetition: 29412
>passed!
repetition: 29413
>passed!
repetition: 29414
>passed!
repetition: 29415
>passed!
repetition: 29416
>passed!
repetition: 29417
>passed!
repetition: 29418
>passed!
repetition: 29419
>passed!
repetition: 29420
>passed!
repetition: 29421
>passed!
repetition: 29422
>passed!
repetition: 29423
>passed!
repetition: 29424
>passed!
repetition: 29425
>passed!
repetition: 29426
>passed!
repetition: 29427
>passed!
repetition: 29428
>passed!
repetition: 29429
>passed!
repetition: 29430
>passed!
repetition: 29431
>passed!
repetition: 29432
>passed!
repetition: 29433
>passed!
repetition: 29434
>passed!
repetition: 29435
>passed!
repetition: 29436
>passed!
repetition: 29437
>passed!
repetition: 29438
>passed!
repetition: 29439
>passed!
repetition: 29440
>passed!
repetition: 29441
>passed!
repetition: 29442
>passed!
repetition: 29443
>passed!
repetition: 29444
>passed!
repetition: 29445
>passed!
repetition: 29446
>passed!
repetition: 29447
>passed!
repetition: 29448
>passed!
repetition: 29449
>passed!
repetition: 29450
>passed!
repetition: 29451
>passed!
repetition: 29452
>passed!
repetition: 29453
>passed!
repetition: 29454
>passed!
repetition: 29455
>passed!
repetition: 29456
>passed!
repetition: 29457
>passed!
repetition: 29458
>passed!
repetition: 29459
>passed!
repetition: 29460
>passed!
repetition: 29461
>passed!
repetition: 29462
>passed!
repetition: 29463
>passed!
repetition: 29464
>passed!
repetition: 29465
>passed!
repetition: 29466
>passed!
repetition: 29467
>passed!
repetition: 29468
>passed!
repetition: 29469
>passed!
repetition: 29470
>passed!
repetition: 29471
>passed!
repetition: 29472
>passed!
repetition: 29473
>passed!
repetition: 29474
>passed!
repetition: 29475
>passed!
repetition: 29476
>passed!
repetition: 29477
>passed!
repetition: 29478
>passed!
repetition: 29479
>passed!
repetition: 29480
>passed!
repetition: 29481
>passed!
repetition: 29482
>passed!
repetition: 29483
>passed!
repetition: 29484
>passed!
repetition: 29485
>passed!
repetition: 29486
>passed!
repetition: 29487
>passed!
repetition: 29488
>passed!
repetition: 29489
>passed!
repetition: 29490
>passed!
repetition: 29491
>passed!
repetition: 29492
>passed!
repetition: 29493
>passed!
repetition: 29494
>passed!
repetition: 29495
>passed!
repetition: 29496
>passed!
repetition: 29497
>passed!
repetition: 29498
>passed!
repetition: 29499
>passed!
repetition: 29500
>passed!
repetition: 29501
>passed!
repetition: 29502
>passed!
repetition: 29503
>passed!
repetition: 29504
>passed!
repetition: 29505
>passed!
repetition: 29506
>passed!
repetition: 29507
>passed!
repetition: 29508
>passed!
repetition: 29509
>passed!
repetition: 29510
>passed!
repetition: 29511
>passed!
repetition: 29512
>passed!
repetition: 29513
>passed!
repetition: 29514
>passed!
repetition: 29515
>passed!
repetition: 29516
>passed!
repetition: 29517
>passed!
repetition: 29518
>passed!
repetition: 29519
>passed!
repetition: 29520
>passed!
repetition: 29521
>passed!
repetition: 29522
>passed!
repetition: 29523
>passed!
repetition: 29524
>passed!
repetition: 29525
>passed!
repetition: 29526
>passed!
repetition: 29527
>passed!
repetition: 29528
>passed!
repetition: 29529
>passed!
repetition: 29530
>passed!
repetition: 29531
>passed!
repetition: 29532
>passed!
repetition: 29533
>passed!
repetition: 29534
>passed!
repetition: 29535
>passed!
repetition: 29536
>passed!
repetition: 29537
>passed!
repetition: 29538
>passed!
repetition: 29539
>passed!
repetition: 29540
>passed!
repetition: 29541
>passed!
repetition: 29542
>passed!
repetition: 29543
>passed!
repetition: 29544
>passed!
repetition: 29545
>passed!
repetition: 29546
>passed!
repetition: 29547
>passed!
repetition: 29548
>passed!
repetition: 29549
>passed!
repetition: 29550
>passed!
repetition: 29551
>passed!
repetition: 29552
>passed!
repetition: 29553
>passed!
repetition: 29554
>passed!
repetition: 29555
>passed!
repetition: 29556
>passed!
repetition: 29557
>passed!
repetition: 29558
>passed!
repetition: 29559
>passed!
repetition: 29560
>passed!
repetition: 29561
>passed!
repetition: 29562
>passed!
repetition: 29563
>passed!
repetition: 29564
>passed!
repetition: 29565
>passed!
repetition: 29566
>passed!
repetition: 29567
>passed!
repetition: 29568
>passed!
repetition: 29569
>passed!
repetition: 29570
>passed!
repetition: 29571
>passed!
repetition: 29572
>passed!
repetition: 29573
>passed!
repetition: 29574
>passed!
repetition: 29575
>passed!
repetition: 29576
>passed!
repetition: 29577
>passed!
repetition: 29578
>passed!
repetition: 29579
>passed!
repetition: 29580
>passed!
repetition: 29581
>passed!
repetition: 29582
>passed!
repetition: 29583
>passed!
repetition: 29584
>passed!
repetition: 29585
>passed!
repetition: 29586
>passed!
repetition: 29587
>passed!
repetition: 29588
>passed!
repetition: 29589
>passed!
repetition: 29590
>passed!
repetition: 29591
>passed!
repetition: 29592
>passed!
repetition: 29593
>passed!
repetition: 29594
>passed!
repetition: 29595
>passed!
repetition: 29596
>passed!
repetition: 29597
>passed!
repetition: 29598
>passed!
repetition: 29599
>passed!
repetition: 29600
>passed!
repetition: 29601
>passed!
repetition: 29602
>passed!
repetition: 29603
>passed!
repetition: 29604
>passed!
repetition: 29605
>passed!
repetition: 29606
>passed!
repetition: 29607
>passed!
repetition: 29608
>passed!
repetition: 29609
>passed!
repetition: 29610
>passed!
repetition: 29611
>passed!
repetition: 29612
>passed!
repetition: 29613
>passed!
repetition: 29614
>passed!
repetition: 29615
>passed!
repetition: 29616
>passed!
repetition: 29617
>passed!
repetition: 29618
>passed!
repetition: 29619
>passed!
repetition: 29620
>passed!
repetition: 29621
>passed!
repetition: 29622
>passed!
repetition: 29623
>passed!
repetition: 29624
>passed!
repetition: 29625
>passed!
repetition: 29626
>passed!
repetition: 29627
>passed!
repetition: 29628
>passed!
repetition: 29629
>passed!
repetition: 29630
>passed!
repetition: 29631
>passed!
repetition: 29632
>passed!
repetition: 29633
>passed!
repetition: 29634
>passed!
repetition: 29635
>passed!
repetition: 29636
>passed!
repetition: 29637
>passed!
repetition: 29638
>passed!
repetition: 29639
>passed!
repetition: 29640
>passed!
repetition: 29641
>passed!
repetition: 29642
>passed!
repetition: 29643
>passed!
repetition: 29644
>passed!
repetition: 29645
>passed!
repetition: 29646
>passed!
repetition: 29647
>passed!
repetition: 29648
>passed!
repetition: 29649
>passed!
repetition: 29650
>passed!
repetition: 29651
>passed!
repetition: 29652
>passed!
repetition: 29653
>passed!
repetition: 29654
>passed!
repetition: 29655
>passed!
repetition: 29656
>passed!
repetition: 29657
>passed!
repetition: 29658
>passed!
repetition: 29659
>passed!
repetition: 29660
>passed!
repetition: 29661
>passed!
repetition: 29662
>passed!
repetition: 29663
>passed!
repetition: 29664
>passed!
repetition: 29665
>passed!
repetition: 29666
>passed!
repetition: 29667
>passed!
repetition: 29668
>passed!
repetition: 29669
>passed!
repetition: 29670
>passed!
repetition: 29671
>passed!
repetition: 29672
>passed!
repetition: 29673
>passed!
repetition: 29674
>passed!
repetition: 29675
>passed!
repetition: 29676
>passed!
repetition: 29677
>passed!
repetition: 29678
>passed!
repetition: 29679
>passed!
repetition: 29680
>passed!
repetition: 29681
>passed!
repetition: 29682
>passed!
repetition: 29683
>passed!
repetition: 29684
>passed!
repetition: 29685
>passed!
repetition: 29686
>passed!
repetition: 29687
>passed!
repetition: 29688
>passed!
repetition: 29689
>passed!
repetition: 29690
>passed!
repetition: 29691
>passed!
repetition: 29692
>passed!
repetition: 29693
>passed!
repetition: 29694
>passed!
repetition: 29695
>passed!
repetition: 29696
>passed!
repetition: 29697
>passed!
repetition: 29698
>passed!
repetition: 29699
>passed!
repetition: 29700
>passed!
repetition: 29701
>passed!
repetition: 29702
>passed!
repetition: 29703
>passed!
repetition: 29704
>passed!
repetition: 29705
>passed!
repetition: 29706
>passed!
repetition: 29707
>passed!
repetition: 29708
>passed!
repetition: 29709
>passed!
repetition: 29710
>passed!
repetition: 29711
>passed!
repetition: 29712
>passed!
repetition: 29713
>passed!
repetition: 29714
>passed!
repetition: 29715
>passed!
repetition: 29716
>passed!
repetition: 29717
>passed!
repetition: 29718
>passed!
repetition: 29719
>passed!
repetition: 29720
>passed!
repetition: 29721
>passed!
repetition: 29722
>passed!
repetition: 29723
>passed!
repetition: 29724
>passed!
repetition: 29725
>passed!
repetition: 29726
>passed!
repetition: 29727
>passed!
repetition: 29728
>passed!
repetition: 29729
>passed!
repetition: 29730
>passed!
repetition: 29731
>passed!
repetition: 29732
>passed!
repetition: 29733
>passed!
repetition: 29734
>passed!
repetition: 29735
>passed!
repetition: 29736
>passed!
repetition: 29737
>passed!
repetition: 29738
>passed!
repetition: 29739
>passed!
repetition: 29740
>passed!
repetition: 29741
>passed!
repetition: 29742
>passed!
repetition: 29743
>passed!
repetition: 29744
>passed!
repetition: 29745
>passed!
repetition: 29746
>passed!
repetition: 29747
>passed!
repetition: 29748
>passed!
repetition: 29749
>passed!
repetition: 29750
>passed!
repetition: 29751
>passed!
repetition: 29752
>passed!
repetition: 29753
>passed!
repetition: 29754
>passed!
repetition: 29755
>passed!
repetition: 29756
>passed!
repetition: 29757
>passed!
repetition: 29758
>passed!
repetition: 29759
>passed!
repetition: 29760
>passed!
repetition: 29761
>passed!
repetition: 29762
>passed!
repetition: 29763
>passed!
repetition: 29764
>passed!
repetition: 29765
>passed!
repetition: 29766
>passed!
repetition: 29767
>passed!
repetition: 29768
>passed!
repetition: 29769
>passed!
repetition: 29770
>passed!
repetition: 29771
>passed!
repetition: 29772
>passed!
repetition: 29773
>passed!
repetition: 29774
>passed!
repetition: 29775
>passed!
repetition: 29776
>passed!
repetition: 29777
>passed!
repetition: 29778
>passed!
repetition: 29779
>passed!
repetition: 29780
>passed!
repetition: 29781
>passed!
repetition: 29782
>passed!
repetition: 29783
>passed!
repetition: 29784
>passed!
repetition: 29785
>passed!
repetition: 29786
>passed!
repetition: 29787
>passed!
repetition: 29788
>passed!
repetition: 29789
>passed!
repetition: 29790
>passed!
repetition: 29791
>passed!
repetition: 29792
>passed!
repetition: 29793
>passed!
repetition: 29794
>passed!
repetition: 29795
>passed!
repetition: 29796
>passed!
repetition: 29797
>passed!
repetition: 29798
>passed!
repetition: 29799
>passed!
repetition: 29800
>passed!
repetition: 29801
>passed!
repetition: 29802
>passed!
repetition: 29803
>passed!
repetition: 29804
>passed!
repetition: 29805
>passed!
repetition: 29806
>passed!
repetition: 29807
>passed!
repetition: 29808
>passed!
repetition: 29809
>passed!
repetition: 29810
>passed!
repetition: 29811
>passed!
repetition: 29812
>passed!
repetition: 29813
>passed!
repetition: 29814
>passed!
repetition: 29815
>passed!
repetition: 29816
>passed!
repetition: 29817
>passed!
repetition: 29818
>passed!
repetition: 29819
>passed!
repetition: 29820
>passed!
repetition: 29821
>passed!
repetition: 29822
>passed!
repetition: 29823
>passed!
repetition: 29824
>passed!
repetition: 29825
>passed!
repetition: 29826
>passed!
repetition: 29827
>passed!
repetition: 29828
>passed!
repetition: 29829
>passed!
repetition: 29830
>passed!
repetition: 29831
>passed!
repetition: 29832
>passed!
repetition: 29833
>passed!
repetition: 29834
>passed!
repetition: 29835
>passed!
repetition: 29836
>passed!
repetition: 29837
>passed!
repetition: 29838
>passed!
repetition: 29839
>passed!
repetition: 29840
>passed!
repetition: 29841
>passed!
repetition: 29842
>passed!
repetition: 29843
>passed!
repetition: 29844
>passed!
repetition: 29845
>passed!
repetition: 29846
>passed!
repetition: 29847
>passed!
repetition: 29848
>passed!
repetition: 29849
>passed!
repetition: 29850
>passed!
repetition: 29851
>passed!
repetition: 29852
>passed!
repetition: 29853
>passed!
repetition: 29854
>passed!
repetition: 29855
>passed!
repetition: 29856
>passed!
repetition: 29857
>passed!
repetition: 29858
>passed!
repetition: 29859
>passed!
repetition: 29860
>passed!
repetition: 29861
>passed!
repetition: 29862
>passed!
repetition: 29863
>passed!
repetition: 29864
>passed!
repetition: 29865
>passed!
repetition: 29866
>passed!
repetition: 29867
>passed!
repetition: 29868
>passed!
repetition: 29869
>passed!
repetition: 29870
>passed!
repetition: 29871
>passed!
repetition: 29872
>passed!
repetition: 29873
>passed!
repetition: 29874
>passed!
repetition: 29875
>passed!
repetition: 29876
>passed!
repetition: 29877
>passed!
repetition: 29878
>passed!
repetition: 29879
>passed!
repetition: 29880
>passed!
repetition: 29881
>passed!
repetition: 29882
>passed!
repetition: 29883
>passed!
repetition: 29884
>passed!
repetition: 29885
>passed!
repetition: 29886
>passed!
repetition: 29887
>passed!
repetition: 29888
>passed!
repetition: 29889
>passed!
repetition: 29890
>passed!
repetition: 29891
>passed!
repetition: 29892
>passed!
repetition: 29893
>passed!
repetition: 29894
>passed!
repetition: 29895
>passed!
repetition: 29896
>passed!
repetition: 29897
>passed!
repetition: 29898
>passed!
repetition: 29899
>passed!
repetition: 29900
>passed!
repetition: 29901
>passed!
repetition: 29902
>passed!
repetition: 29903
>passed!
repetition: 29904
>passed!
repetition: 29905
>passed!
repetition: 29906
>passed!
repetition: 29907
>passed!
repetition: 29908
>passed!
repetition: 29909
>passed!
repetition: 29910
>passed!
repetition: 29911
>passed!
repetition: 29912
>passed!
repetition: 29913
>passed!
repetition: 29914
>passed!
repetition: 29915
>passed!
repetition: 29916
>passed!
repetition: 29917
>passed!
repetition: 29918
>passed!
repetition: 29919
>passed!
repetition: 29920
>passed!
repetition: 29921
>passed!
repetition: 29922
>passed!
repetition: 29923
>passed!
repetition: 29924
>passed!
repetition: 29925
>passed!
repetition: 29926
>passed!
repetition: 29927
>passed!
repetition: 29928
>passed!
repetition: 29929
>passed!
repetition: 29930
>passed!
repetition: 29931
>passed!
repetition: 29932
>passed!
repetition: 29933
>passed!
repetition: 29934
>passed!
repetition: 29935
>passed!
repetition: 29936
>passed!
repetition: 29937
>passed!
repetition: 29938
>passed!
repetition: 29939
>passed!
repetition: 29940
>passed!
repetition: 29941
>passed!
repetition: 29942
>passed!
repetition: 29943
>passed!
repetition: 29944
>passed!
repetition: 29945
>passed!
repetition: 29946
>passed!
repetition: 29947
>passed!
repetition: 29948
>passed!
repetition: 29949
>passed!
repetition: 29950
>passed!
repetition: 29951
>passed!
repetition: 29952
>passed!
repetition: 29953
>passed!
repetition: 29954
>passed!
repetition: 29955
>passed!
repetition: 29956
>passed!
repetition: 29957
>passed!
repetition: 29958
>passed!
repetition: 29959
>passed!
repetition: 29960
>passed!
repetition: 29961
>passed!
repetition: 29962
>passed!
repetition: 29963
>passed!
repetition: 29964
>passed!
repetition: 29965
>passed!
repetition: 29966
>passed!
repetition: 29967
>passed!
repetition: 29968
>passed!
repetition: 29969
>passed!
repetition: 29970
>passed!
repetition: 29971
>passed!
repetition: 29972
>passed!
repetition: 29973
>passed!
repetition: 29974
>passed!
repetition: 29975
>passed!
repetition: 29976
>passed!
repetition: 29977
>passed!
repetition: 29978
>passed!
repetition: 29979
>passed!
repetition: 29980
>passed!
repetition: 29981
>passed!
repetition: 29982
>passed!
repetition: 29983
>passed!
repetition: 29984
>passed!
repetition: 29985
>passed!
repetition: 29986
>passed!
repetition: 29987
>passed!
repetition: 29988
>passed!
repetition: 29989
>passed!
repetition: 29990
>passed!
repetition: 29991
>passed!
repetition: 29992
>passed!
repetition: 29993
>passed!
repetition: 29994
>passed!
repetition: 29995
>passed!
repetition: 29996
>passed!
repetition: 29997
>passed!
repetition: 29998
>passed!
repetition: 29999
>passed!
repetition: 30000
>passed!
repetition: 30001
>passed!
repetition: 30002
>passed!
repetition: 30003
>passed!
repetition: 30004
>passed!
repetition: 30005
>passed!
repetition: 30006
>passed!
repetition: 30007
>passed!
repetition: 30008
>passed!
repetition: 30009
>passed!
repetition: 30010
>passed!
repetition: 30011
>passed!
repetition: 30012
>passed!
repetition: 30013
>passed!
repetition: 30014
>passed!
repetition: 30015
>passed!
repetition: 30016
>passed!
repetition: 30017
>passed!
repetition: 30018
>passed!
repetition: 30019
>passed!
repetition: 30020
>passed!
repetition: 30021
>passed!
repetition: 30022
>passed!
repetition: 30023
>passed!
repetition: 30024
>passed!
repetition: 30025
>passed!
repetition: 30026
>passed!
repetition: 30027
>passed!
repetition: 30028
>passed!
repetition: 30029
>passed!
repetition: 30030
>passed!
repetition: 30031
>passed!
repetition: 30032
>passed!
repetition: 30033
>passed!
repetition: 30034
>passed!
repetition: 30035
>passed!
repetition: 30036
>passed!
repetition: 30037
>passed!
repetition: 30038
>passed!
repetition: 30039
>passed!
repetition: 30040
>passed!
repetition: 30041
>passed!
repetition: 30042
>passed!
repetition: 30043
>passed!
repetition: 30044
>passed!
repetition: 30045
>passed!
repetition: 30046
>passed!
repetition: 30047
>passed!
repetition: 30048
>passed!
repetition: 30049
>passed!
repetition: 30050
>passed!
repetition: 30051
>passed!
repetition: 30052
>passed!
repetition: 30053
>passed!
repetition: 30054
>passed!
repetition: 30055
>passed!
repetition: 30056
>passed!
repetition: 30057
>passed!
repetition: 30058
>passed!
repetition: 30059
>passed!
repetition: 30060
>passed!
repetition: 30061
>passed!
repetition: 30062
>passed!
repetition: 30063
>passed!
repetition: 30064
>passed!
repetition: 30065
>passed!
repetition: 30066
>passed!
repetition: 30067
>passed!
repetition: 30068
>passed!
repetition: 30069
>passed!
repetition: 30070
>passed!
repetition: 30071
>passed!
repetition: 30072
>passed!
repetition: 30073
>passed!
repetition: 30074
>passed!
repetition: 30075
>passed!
repetition: 30076
>passed!
repetition: 30077
>passed!
repetition: 30078
>passed!
repetition: 30079
>passed!
repetition: 30080
>passed!
repetition: 30081
>passed!
repetition: 30082
>passed!
repetition: 30083
>passed!
repetition: 30084
>passed!
repetition: 30085
>passed!
repetition: 30086
>passed!
repetition: 30087
>passed!
repetition: 30088
>passed!
repetition: 30089
>passed!
repetition: 30090
>passed!
repetition: 30091
>passed!
repetition: 30092
>passed!
repetition: 30093
>passed!
repetition: 30094
>passed!
repetition: 30095
>passed!
repetition: 30096
>passed!
repetition: 30097
>passed!
repetition: 30098
>passed!
repetition: 30099
>passed!
repetition: 30100
>passed!
repetition: 30101
>passed!
repetition: 30102
>passed!
repetition: 30103
>passed!
repetition: 30104
>passed!
repetition: 30105
>passed!
repetition: 30106
>passed!
repetition: 30107
>passed!
repetition: 30108
>passed!
repetition: 30109
>passed!
repetition: 30110
>passed!
repetition: 30111
>passed!
repetition: 30112
>passed!
repetition: 30113
>passed!
repetition: 30114
>passed!
repetition: 30115
>passed!
repetition: 30116
>passed!
repetition: 30117
>passed!
repetition: 30118
>passed!
repetition: 30119
>passed!
repetition: 30120
>passed!
repetition: 30121
>passed!
repetition: 30122
>passed!
repetition: 30123
>passed!
repetition: 30124
>passed!
repetition: 30125
>passed!
repetition: 30126
>passed!
repetition: 30127
>passed!
repetition: 30128
>passed!
repetition: 30129
>passed!
repetition: 30130
>passed!
repetition: 30131
>passed!
repetition: 30132
>passed!
repetition: 30133
>passed!
repetition: 30134
>passed!
repetition: 30135
>passed!
repetition: 30136
>passed!
repetition: 30137
>passed!
repetition: 30138
>passed!
repetition: 30139
>passed!
repetition: 30140
>passed!
repetition: 30141
>passed!
repetition: 30142
>passed!
repetition: 30143
>passed!
repetition: 30144
>passed!
repetition: 30145
>passed!
repetition: 30146
>passed!
repetition: 30147
>passed!
repetition: 30148
>passed!
repetition: 30149
>passed!
repetition: 30150
>passed!
repetition: 30151
>passed!
repetition: 30152
>passed!
repetition: 30153
>passed!
repetition: 30154
>passed!
repetition: 30155
>passed!
repetition: 30156
>passed!
repetition: 30157
>passed!
repetition: 30158
>passed!
repetition: 30159
>passed!
repetition: 30160
>passed!
repetition: 30161
>passed!
repetition: 30162
>passed!
repetition: 30163
>passed!
repetition: 30164
>passed!
repetition: 30165
>passed!
repetition: 30166
>passed!
repetition: 30167
>passed!
repetition: 30168
>passed!
repetition: 30169
>passed!
repetition: 30170
>passed!
repetition: 30171
>passed!
repetition: 30172
>passed!
repetition: 30173
>passed!
repetition: 30174
>passed!
repetition: 30175
>passed!
repetition: 30176
>passed!
repetition: 30177
>passed!
repetition: 30178
>passed!
repetition: 30179
>passed!
repetition: 30180
>passed!
repetition: 30181
>passed!
repetition: 30182
>passed!
repetition: 30183
>passed!
repetition: 30184
>passed!
repetition: 30185
>passed!
repetition: 30186
>passed!
repetition: 30187
>passed!
repetition: 30188
>passed!
repetition: 30189
>passed!
repetition: 30190
>passed!
repetition: 30191
>passed!
repetition: 30192
>passed!
repetition: 30193
>passed!
repetition: 30194
>passed!
repetition: 30195
>passed!
repetition: 30196
>passed!
repetition: 30197
>passed!
repetition: 30198
>passed!
repetition: 30199
>passed!
repetition: 30200
>passed!
repetition: 30201
>passed!
repetition: 30202
>passed!
repetition: 30203
>passed!
repetition: 30204
>passed!
repetition: 30205
>passed!
repetition: 30206
>passed!
repetition: 30207
>passed!
repetition: 30208
>passed!
repetition: 30209
>passed!
repetition: 30210
>passed!
repetition: 30211
>passed!
repetition: 30212
>passed!
repetition: 30213
>passed!
repetition: 30214
>passed!
repetition: 30215
>passed!
repetition: 30216
>passed!
repetition: 30217
>passed!
repetition: 30218
>passed!
repetition: 30219
>passed!
repetition: 30220
>passed!
repetition: 30221
>passed!
repetition: 30222
>passed!
repetition: 30223
>passed!
repetition: 30224
>passed!
repetition: 30225
>passed!
repetition: 30226
>passed!
repetition: 30227
>passed!
repetition: 30228
>passed!
repetition: 30229
>passed!
repetition: 30230
>passed!
repetition: 30231
>passed!
repetition: 30232
>passed!
repetition: 30233
>passed!
repetition: 30234
>passed!
repetition: 30235
>passed!
repetition: 30236
>passed!
repetition: 30237
>passed!
repetition: 30238
>passed!
repetition: 30239
>passed!
repetition: 30240
>passed!
repetition: 30241
>passed!
repetition: 30242
>passed!
repetition: 30243
>passed!
repetition: 30244
>passed!
repetition: 30245
>passed!
repetition: 30246
>passed!
repetition: 30247
>passed!
repetition: 30248
>passed!
repetition: 30249
>passed!
repetition: 30250
>passed!
repetition: 30251
>passed!
repetition: 30252
>passed!
repetition: 30253
>passed!
repetition: 30254
>passed!
repetition: 30255
>passed!
repetition: 30256
>passed!
repetition: 30257
>passed!
repetition: 30258
>passed!
repetition: 30259
>passed!
repetition: 30260
>passed!
repetition: 30261
>passed!
repetition: 30262
>passed!
repetition: 30263
>passed!
repetition: 30264
>passed!
repetition: 30265
>passed!
repetition: 30266
>passed!
repetition: 30267
>passed!
repetition: 30268
>passed!
repetition: 30269
>passed!
repetition: 30270
>passed!
repetition: 30271
>passed!
repetition: 30272
>passed!
repetition: 30273
>passed!
repetition: 30274
>passed!
repetition: 30275
>passed!
repetition: 30276
>passed!
repetition: 30277
>passed!
repetition: 30278
>passed!
repetition: 30279
>passed!
repetition: 30280
>passed!
repetition: 30281
>passed!
repetition: 30282
>passed!
repetition: 30283
>passed!
repetition: 30284
>passed!
repetition: 30285
>passed!
repetition: 30286
>passed!
repetition: 30287
>passed!
repetition: 30288
>passed!
repetition: 30289
>passed!
repetition: 30290
>passed!
repetition: 30291
>passed!
repetition: 30292
>passed!
repetition: 30293
>passed!
repetition: 30294
>passed!
repetition: 30295
>passed!
repetition: 30296
>passed!
repetition: 30297
>passed!
repetition: 30298
>passed!
repetition: 30299
>passed!
repetition: 30300
>passed!
repetition: 30301
>passed!
repetition: 30302
>passed!
repetition: 30303
>passed!
repetition: 30304
>passed!
repetition: 30305
>passed!
repetition: 30306
>passed!
repetition: 30307
>passed!
repetition: 30308
>passed!
repetition: 30309
>passed!
repetition: 30310
>passed!
repetition: 30311
>passed!
repetition: 30312
>passed!
repetition: 30313
>passed!
repetition: 30314
>passed!
repetition: 30315
>passed!
repetition: 30316
>passed!
repetition: 30317
>passed!
repetition: 30318
>passed!
repetition: 30319
>passed!
repetition: 30320
>passed!
repetition: 30321
>passed!
repetition: 30322
>passed!
repetition: 30323
>passed!
repetition: 30324
>passed!
repetition: 30325
>passed!
repetition: 30326
>passed!
repetition: 30327
>passed!
repetition: 30328
>passed!
repetition: 30329
>passed!
repetition: 30330
>passed!
repetition: 30331
>passed!
repetition: 30332
>passed!
repetition: 30333
>passed!
repetition: 30334
>passed!
repetition: 30335
>passed!
repetition: 30336
>passed!
repetition: 30337
>passed!
repetition: 30338
>passed!
repetition: 30339
>passed!
repetition: 30340
>passed!
repetition: 30341
>passed!
repetition: 30342
>passed!
repetition: 30343
>passed!
repetition: 30344
>passed!
repetition: 30345
>passed!
repetition: 30346
>passed!
repetition: 30347
>passed!
repetition: 30348
>passed!
repetition: 30349
>passed!
repetition: 30350
>passed!
repetition: 30351
>passed!
repetition: 30352
>passed!
repetition: 30353
>passed!
repetition: 30354
>passed!
repetition: 30355
>passed!
repetition: 30356
>passed!
repetition: 30357
>passed!
repetition: 30358
>passed!
repetition: 30359
>passed!
repetition: 30360
>passed!
repetition: 30361
>passed!
repetition: 30362
>passed!
repetition: 30363
>passed!
repetition: 30364
>passed!
repetition: 30365
>passed!
repetition: 30366
>passed!
repetition: 30367
>passed!
repetition: 30368
>passed!
repetition: 30369
>passed!
repetition: 30370
>passed!
repetition: 30371
>passed!
repetition: 30372
>passed!
repetition: 30373
>passed!
repetition: 30374
>passed!
repetition: 30375
>passed!
repetition: 30376
>passed!
repetition: 30377
>passed!
repetition: 30378
>passed!
repetition: 30379
>passed!
repetition: 30380
>passed!
repetition: 30381
>passed!
repetition: 30382
>passed!
repetition: 30383
>passed!
repetition: 30384
>passed!
repetition: 30385
>passed!
repetition: 30386
>passed!
repetition: 30387
>passed!
repetition: 30388
>passed!
repetition: 30389
>passed!
repetition: 30390
>passed!
repetition: 30391
>passed!
repetition: 30392
>passed!
repetition: 30393
>passed!
repetition: 30394
>passed!
repetition: 30395
>passed!
repetition: 30396
>passed!
repetition: 30397
>passed!
repetition: 30398
>passed!
repetition: 30399
>passed!
repetition: 30400
>passed!
repetition: 30401
>passed!
repetition: 30402
>passed!
repetition: 30403
>passed!
repetition: 30404
>passed!
repetition: 30405
>passed!
repetition: 30406
>passed!
repetition: 30407
>passed!
repetition: 30408
>passed!
repetition: 30409
>passed!
repetition: 30410
>passed!
repetition: 30411
>passed!
repetition: 30412
>passed!
repetition: 30413
>passed!
repetition: 30414
>passed!
repetition: 30415
>passed!
repetition: 30416
>passed!
repetition: 30417
>passed!
repetition: 30418
>passed!
repetition: 30419
>passed!
repetition: 30420
>passed!
repetition: 30421
>passed!
repetition: 30422
>passed!
repetition: 30423
>passed!
repetition: 30424
>passed!
repetition: 30425
>passed!
repetition: 30426
>passed!
repetition: 30427
>passed!
repetition: 30428
>passed!
repetition: 30429
>passed!
repetition: 30430
>passed!
repetition: 30431
>passed!
repetition: 30432
>passed!
repetition: 30433
>passed!
repetition: 30434
>passed!
repetition: 30435
>passed!
repetition: 30436
>passed!
repetition: 30437
>passed!
repetition: 30438
>passed!
repetition: 30439
>passed!
repetition: 30440
>passed!
repetition: 30441
>passed!
repetition: 30442
>passed!
repetition: 30443
>passed!
repetition: 30444
>passed!
repetition: 30445
>passed!
repetition: 30446
>passed!
repetition: 30447
>passed!
repetition: 30448
>passed!
repetition: 30449
>passed!
repetition: 30450
>passed!
repetition: 30451
>passed!
repetition: 30452
>passed!
repetition: 30453
>passed!
repetition: 30454
>passed!
repetition: 30455
>passed!
repetition: 30456
>passed!
repetition: 30457
>passed!
repetition: 30458
>passed!
repetition: 30459
>passed!
repetition: 30460
>passed!
repetition: 30461
>passed!
repetition: 30462
>passed!
repetition: 30463
>passed!
repetition: 30464
>passed!
repetition: 30465
>passed!
repetition: 30466
>passed!
repetition: 30467
>passed!
repetition: 30468
>passed!
repetition: 30469
>passed!
repetition: 30470
>passed!
repetition: 30471
>passed!
repetition: 30472
>passed!
repetition: 30473
>passed!
repetition: 30474
>passed!
repetition: 30475
>passed!
repetition: 30476
>passed!
repetition: 30477
>passed!
repetition: 30478
>passed!
repetition: 30479
>passed!
repetition: 30480
>passed!
repetition: 30481
>passed!
repetition: 30482
>passed!
repetition: 30483
>passed!
repetition: 30484
>passed!
repetition: 30485
>passed!
repetition: 30486
>passed!
repetition: 30487
>passed!
repetition: 30488
>passed!
repetition: 30489
>passed!
repetition: 30490
>passed!
repetition: 30491
>passed!
repetition: 30492
>passed!
repetition: 30493
>passed!
repetition: 30494
>passed!
repetition: 30495
>passed!
repetition: 30496
>passed!
repetition: 30497
>passed!
repetition: 30498
>passed!
repetition: 30499
>passed!
repetition: 30500
>passed!
repetition: 30501
>passed!
repetition: 30502
>passed!
repetition: 30503
>passed!
repetition: 30504
>passed!
repetition: 30505
>passed!
repetition: 30506
>passed!
repetition: 30507
>passed!
repetition: 30508
>passed!
repetition: 30509
>passed!
repetition: 30510
>passed!
repetition: 30511
>passed!
repetition: 30512
>passed!
repetition: 30513
>passed!
repetition: 30514
>passed!
repetition: 30515
>passed!
repetition: 30516
>passed!
repetition: 30517
>passed!
repetition: 30518
>passed!
repetition: 30519
>passed!
repetition: 30520
>passed!
repetition: 30521
>passed!
repetition: 30522
>passed!
repetition: 30523
>passed!
repetition: 30524
>passed!
repetition: 30525
>passed!
repetition: 30526
>passed!
repetition: 30527
>passed!
repetition: 30528
>passed!
repetition: 30529
>passed!
repetition: 30530
>passed!
repetition: 30531
>passed!
repetition: 30532
>passed!
repetition: 30533
>passed!
repetition: 30534
>passed!
repetition: 30535
>passed!
repetition: 30536
>passed!
repetition: 30537
>passed!
repetition: 30538
>passed!
repetition: 30539
>passed!
repetition: 30540
>passed!
repetition: 30541
>passed!
repetition: 30542
>passed!
repetition: 30543
>passed!
repetition: 30544
>passed!
repetition: 30545
>passed!
repetition: 30546
>passed!
repetition: 30547
>passed!
repetition: 30548
>passed!
repetition: 30549
>passed!
repetition: 30550
>passed!
repetition: 30551
>passed!
repetition: 30552
>passed!
repetition: 30553
>passed!
repetition: 30554
>passed!
repetition: 30555
>passed!
repetition: 30556
>passed!
repetition: 30557
>passed!
repetition: 30558
>passed!
repetition: 30559
>passed!
repetition: 30560
>passed!
repetition: 30561
>passed!
repetition: 30562
>passed!
repetition: 30563
>passed!
repetition: 30564
>passed!
repetition: 30565
>passed!
repetition: 30566
>passed!
repetition: 30567
>passed!
repetition: 30568
>passed!
repetition: 30569
>passed!
repetition: 30570
>passed!
repetition: 30571
>passed!
repetition: 30572
>passed!
repetition: 30573
>passed!
repetition: 30574
>passed!
repetition: 30575
>passed!
repetition: 30576
>passed!
repetition: 30577
>passed!
repetition: 30578
>passed!
repetition: 30579
>passed!
repetition: 30580
>passed!
repetition: 30581
>passed!
repetition: 30582
>passed!
repetition: 30583
>passed!
repetition: 30584
>passed!
repetition: 30585
>passed!
repetition: 30586
>passed!
repetition: 30587
>passed!
repetition: 30588
>passed!
repetition: 30589
>passed!
repetition: 30590
>passed!
repetition: 30591
>passed!
repetition: 30592
>passed!
repetition: 30593
>passed!
repetition: 30594
>passed!
repetition: 30595
>passed!
repetition: 30596
>passed!
repetition: 30597
>passed!
repetition: 30598
>passed!
repetition: 30599
>passed!
repetition: 30600
>passed!
repetition: 30601
>passed!
repetition: 30602
>passed!
repetition: 30603
>passed!
repetition: 30604
>passed!
repetition: 30605
>passed!
repetition: 30606
>passed!
repetition: 30607
>passed!
repetition: 30608
>passed!
repetition: 30609
>passed!
repetition: 30610
>passed!
repetition: 30611
>passed!
repetition: 30612
>passed!
repetition: 30613
>passed!
repetition: 30614
>passed!
repetition: 30615
>passed!
repetition: 30616
>passed!
repetition: 30617
>passed!
repetition: 30618
>passed!
repetition: 30619
>passed!
repetition: 30620
>passed!
repetition: 30621
>passed!
repetition: 30622
>passed!
repetition: 30623
>passed!
repetition: 30624
>passed!
repetition: 30625
>passed!
repetition: 30626
>passed!
repetition: 30627
>passed!
repetition: 30628
>passed!
repetition: 30629
>passed!
repetition: 30630
>passed!
repetition: 30631
>passed!
repetition: 30632
>passed!
repetition: 30633
>passed!
repetition: 30634
>passed!
repetition: 30635
>passed!
repetition: 30636
>passed!
repetition: 30637
>passed!
repetition: 30638
>passed!
repetition: 30639
>passed!
repetition: 30640
>passed!
repetition: 30641
>passed!
repetition: 30642
>passed!
repetition: 30643
>passed!
repetition: 30644
>passed!
repetition: 30645
>passed!
repetition: 30646
>passed!
repetition: 30647
>passed!
repetition: 30648
>passed!
repetition: 30649
>passed!
repetition: 30650
>passed!
repetition: 30651
>passed!
repetition: 30652
>passed!
repetition: 30653
>passed!
repetition: 30654
>passed!
repetition: 30655
>passed!
repetition: 30656
>passed!
repetition: 30657
>passed!
repetition: 30658
>passed!
repetition: 30659
>passed!
repetition: 30660
>passed!
repetition: 30661
>passed!
repetition: 30662
>passed!
repetition: 30663
>passed!
repetition: 30664
>passed!
repetition: 30665
>passed!
repetition: 30666
>passed!
repetition: 30667
>passed!
repetition: 30668
>passed!
repetition: 30669
>passed!
repetition: 30670
>passed!
repetition: 30671
>passed!
repetition: 30672
>passed!
repetition: 30673
>passed!
repetition: 30674
>passed!
repetition: 30675
>passed!
repetition: 30676
>passed!
repetition: 30677
>passed!
repetition: 30678
>passed!
repetition: 30679
>passed!
repetition: 30680
>passed!
repetition: 30681
>passed!
repetition: 30682
>passed!
repetition: 30683
>passed!
repetition: 30684
>passed!
repetition: 30685
>passed!
repetition: 30686
>passed!
repetition: 30687
>passed!
repetition: 30688
>passed!
repetition: 30689
>passed!
repetition: 30690
>passed!
repetition: 30691
>passed!
repetition: 30692
>passed!
repetition: 30693
>passed!
repetition: 30694
>passed!
repetition: 30695
>passed!
repetition: 30696
>passed!
repetition: 30697
>passed!
repetition: 30698
>passed!
repetition: 30699
>passed!
repetition: 30700
>passed!
repetition: 30701
>passed!
repetition: 30702
>passed!
repetition: 30703
>passed!
repetition: 30704
>passed!
repetition: 30705
>passed!
repetition: 30706
>passed!
repetition: 30707
>passed!
repetition: 30708
>passed!
repetition: 30709
>passed!
repetition: 30710
>passed!
repetition: 30711
>passed!
repetition: 30712
>passed!
repetition: 30713
>passed!
repetition: 30714
>passed!
repetition: 30715
>passed!
repetition: 30716
>passed!
repetition: 30717
>passed!
repetition: 30718
>passed!
repetition: 30719
>passed!
repetition: 30720
>passed!
repetition: 30721
>passed!
repetition: 30722
>passed!
repetition: 30723
>passed!
repetition: 30724
>passed!
repetition: 30725
>passed!
repetition: 30726
>passed!
repetition: 30727
>passed!
repetition: 30728
>passed!
repetition: 30729
>passed!
repetition: 30730
>passed!
repetition: 30731
>passed!
repetition: 30732
>passed!
repetition: 30733
>passed!
repetition: 30734
>passed!
repetition: 30735
>passed!
repetition: 30736
>passed!
repetition: 30737
>passed!
repetition: 30738
>passed!
repetition: 30739
>passed!
repetition: 30740
>passed!
repetition: 30741
>passed!
repetition: 30742
>passed!
repetition: 30743
>passed!
repetition: 30744
>passed!
repetition: 30745
>passed!
repetition: 30746
>passed!
repetition: 30747
>passed!
repetition: 30748
>passed!
repetition: 30749
>passed!
repetition: 30750
>passed!
repetition: 30751
>passed!
repetition: 30752
>passed!
repetition: 30753
>passed!
repetition: 30754
>passed!
repetition: 30755
>passed!
repetition: 30756
>passed!
repetition: 30757
>passed!
repetition: 30758
>passed!
repetition: 30759
>passed!
repetition: 30760
>passed!
repetition: 30761
>passed!
repetition: 30762
>passed!
repetition: 30763
>passed!
repetition: 30764
>passed!
repetition: 30765
>passed!
repetition: 30766
>passed!
repetition: 30767
>passed!
repetition: 30768
>passed!
repetition: 30769
>passed!
repetition: 30770
>passed!
repetition: 30771
>passed!
repetition: 30772
>passed!
repetition: 30773
>passed!
repetition: 30774
>passed!
repetition: 30775
>passed!
repetition: 30776
>passed!
repetition: 30777
>passed!
repetition: 30778
>passed!
repetition: 30779
>passed!
repetition: 30780
>passed!
repetition: 30781
>passed!
repetition: 30782
>passed!
repetition: 30783
>passed!
repetition: 30784
>passed!
repetition: 30785
>passed!
repetition: 30786
>passed!
repetition: 30787
>passed!
repetition: 30788
>passed!
repetition: 30789
>passed!
repetition: 30790
>passed!
repetition: 30791
>passed!
repetition: 30792
>passed!
repetition: 30793
>passed!
repetition: 30794
>passed!
repetition: 30795
>passed!
repetition: 30796
>passed!
repetition: 30797
>passed!
repetition: 30798
>passed!
repetition: 30799
>passed!
repetition: 30800
>passed!
repetition: 30801
>passed!
repetition: 30802
>passed!
repetition: 30803
>passed!
repetition: 30804
>passed!
repetition: 30805
>passed!
repetition: 30806
>passed!
repetition: 30807
>passed!
repetition: 30808
>passed!
repetition: 30809
>passed!
repetition: 30810
>passed!
repetition: 30811
>passed!
repetition: 30812
>passed!
repetition: 30813
>passed!
repetition: 30814
>passed!
repetition: 30815
>passed!
repetition: 30816
>passed!
repetition: 30817
>passed!
repetition: 30818
>passed!
repetition: 30819
>passed!
repetition: 30820
>passed!
repetition: 30821
>passed!
repetition: 30822
>passed!
repetition: 30823
>passed!
repetition: 30824
>passed!
repetition: 30825
>passed!
repetition: 30826
>passed!
repetition: 30827
>passed!
repetition: 30828
>passed!
repetition: 30829
>passed!
repetition: 30830
>passed!
repetition: 30831
>passed!
repetition: 30832
>passed!
repetition: 30833
>passed!
repetition: 30834
>passed!
repetition: 30835
>passed!
repetition: 30836
>passed!
repetition: 30837
>passed!
repetition: 30838
>passed!
repetition: 30839
>passed!
repetition: 30840
>passed!
repetition: 30841
>passed!
repetition: 30842
>passed!
repetition: 30843
>passed!
repetition: 30844
>passed!
repetition: 30845
>passed!
repetition: 30846
>passed!
repetition: 30847
>passed!
repetition: 30848
>passed!
repetition: 30849
>passed!
repetition: 30850
>passed!
repetition: 30851
>passed!
repetition: 30852
>passed!
repetition: 30853
>passed!
repetition: 30854
>passed!
repetition: 30855
>passed!
repetition: 30856
>passed!
repetition: 30857
>passed!
repetition: 30858
>passed!
repetition: 30859
>passed!
repetition: 30860
>passed!
repetition: 30861
>passed!
repetition: 30862
>passed!
repetition: 30863
>passed!
repetition: 30864
>passed!
repetition: 30865
>passed!
repetition: 30866
>passed!
repetition: 30867
>passed!
repetition: 30868
>passed!
repetition: 30869
>passed!
repetition: 30870
>passed!
repetition: 30871
>passed!
repetition: 30872
>passed!
repetition: 30873
>passed!
repetition: 30874
>passed!
repetition: 30875
>passed!
repetition: 30876
>passed!
repetition: 30877
>passed!
repetition: 30878
>passed!
repetition: 30879
>passed!
repetition: 30880
>passed!
repetition: 30881
>passed!
repetition: 30882
>passed!
repetition: 30883
>passed!
repetition: 30884
>passed!
repetition: 30885
>passed!
repetition: 30886
>passed!
repetition: 30887
>passed!
repetition: 30888
>passed!
repetition: 30889
>passed!
repetition: 30890
>passed!
repetition: 30891
>passed!
repetition: 30892
>passed!
repetition: 30893
>passed!
repetition: 30894
>passed!
repetition: 30895
>passed!
repetition: 30896
>passed!
repetition: 30897
>passed!
repetition: 30898
>passed!
repetition: 30899
>passed!
repetition: 30900
>passed!
repetition: 30901
>passed!
repetition: 30902
>passed!
repetition: 30903
>passed!
repetition: 30904
>passed!
repetition: 30905
>passed!
repetition: 30906
>passed!
repetition: 30907
>passed!
repetition: 30908
>passed!
repetition: 30909
>passed!
repetition: 30910
>passed!
repetition: 30911
>passed!
repetition: 30912
>passed!
repetition: 30913
>passed!
repetition: 30914
>passed!
repetition: 30915
>passed!
repetition: 30916
>passed!
repetition: 30917
>passed!
repetition: 30918
>passed!
repetition: 30919
>passed!
repetition: 30920
>passed!
repetition: 30921
>passed!
repetition: 30922
>passed!
repetition: 30923
>passed!
repetition: 30924
>passed!
repetition: 30925
>passed!
repetition: 30926
>passed!
repetition: 30927
>passed!
repetition: 30928
>passed!
repetition: 30929
>passed!
repetition: 30930
>passed!
repetition: 30931
>passed!
repetition: 30932
>passed!
repetition: 30933
>passed!
repetition: 30934
>passed!
repetition: 30935
>passed!
repetition: 30936
>passed!
repetition: 30937
>passed!
repetition: 30938
>passed!
repetition: 30939
>passed!
repetition: 30940
>passed!
repetition: 30941
>passed!
repetition: 30942
>passed!
repetition: 30943
>passed!
repetition: 30944
>passed!
repetition: 30945
>passed!
repetition: 30946
>passed!
repetition: 30947
>passed!
repetition: 30948
>passed!
repetition: 30949
>passed!
repetition: 30950
>passed!
repetition: 30951
>passed!
repetition: 30952
>passed!
repetition: 30953
>passed!
repetition: 30954
>passed!
repetition: 30955
>passed!
repetition: 30956
>passed!
repetition: 30957
>passed!
repetition: 30958
>passed!
repetition: 30959
>passed!
repetition: 30960
>passed!
repetition: 30961
>passed!
repetition: 30962
>passed!
repetition: 30963
>passed!
repetition: 30964
>passed!
repetition: 30965
>passed!
repetition: 30966
>passed!
repetition: 30967
>passed!
repetition: 30968
>passed!
repetition: 30969
>passed!
repetition: 30970
>passed!
repetition: 30971
>passed!
repetition: 30972
>passed!
repetition: 30973
>passed!
repetition: 30974
>passed!
repetition: 30975
>passed!
repetition: 30976
>passed!
repetition: 30977
>passed!
repetition: 30978
>passed!
repetition: 30979
>passed!
repetition: 30980
>passed!
repetition: 30981
>passed!
repetition: 30982
>passed!
repetition: 30983
>passed!
repetition: 30984
>passed!
repetition: 30985
>passed!
repetition: 30986
>passed!
repetition: 30987
>passed!
repetition: 30988
>passed!
repetition: 30989
>passed!
repetition: 30990
>passed!
repetition: 30991
>passed!
repetition: 30992
>passed!
repetition: 30993
>passed!
repetition: 30994
>passed!
repetition: 30995
>passed!
repetition: 30996
>passed!
repetition: 30997
>passed!
repetition: 30998
>passed!
repetition: 30999
>passed!
repetition: 31000
>passed!
repetition: 31001
>passed!
repetition: 31002
>passed!
repetition: 31003
>passed!
repetition: 31004
>passed!
repetition: 31005
>passed!
repetition: 31006
>passed!
repetition: 31007
>passed!
repetition: 31008
>passed!
repetition: 31009
>passed!
repetition: 31010
>passed!
repetition: 31011
>passed!
repetition: 31012
>passed!
repetition: 31013
>passed!
repetition: 31014
>passed!
repetition: 31015
>passed!
repetition: 31016
>passed!
repetition: 31017
>passed!
repetition: 31018
>passed!
repetition: 31019
>passed!
repetition: 31020
>passed!
repetition: 31021
>passed!
repetition: 31022
>passed!
repetition: 31023
>passed!
repetition: 31024
>passed!
repetition: 31025
>passed!
repetition: 31026
>passed!
repetition: 31027
>passed!
repetition: 31028
>passed!
repetition: 31029
>passed!
repetition: 31030
>passed!
repetition: 31031
>passed!
repetition: 31032
>passed!
repetition: 31033
>passed!
repetition: 31034
>passed!
repetition: 31035
>passed!
repetition: 31036
>passed!
repetition: 31037
>passed!
repetition: 31038
>passed!
repetition: 31039
>passed!
repetition: 31040
>passed!
repetition: 31041
>passed!
repetition: 31042
>passed!
repetition: 31043
>passed!
repetition: 31044
>passed!
repetition: 31045
>passed!
repetition: 31046
>passed!
repetition: 31047
>passed!
repetition: 31048
>passed!
repetition: 31049
>passed!
repetition: 31050
>passed!
repetition: 31051
>passed!
repetition: 31052
>passed!
repetition: 31053
>passed!
repetition: 31054
>passed!
repetition: 31055
>passed!
repetition: 31056
>passed!
repetition: 31057
>passed!
repetition: 31058
>passed!
repetition: 31059
>passed!
repetition: 31060
>passed!
repetition: 31061
>passed!
repetition: 31062
>passed!
repetition: 31063
>passed!
repetition: 31064
>passed!
repetition: 31065
>passed!
repetition: 31066
>passed!
repetition: 31067
>passed!
repetition: 31068
>passed!
repetition: 31069
>passed!
repetition: 31070
>passed!
repetition: 31071
>passed!
repetition: 31072
>passed!
repetition: 31073
>passed!
repetition: 31074
>passed!
repetition: 31075
>passed!
repetition: 31076
>passed!
repetition: 31077
>passed!
repetition: 31078
>passed!
repetition: 31079
>passed!
repetition: 31080
>passed!
repetition: 31081
>passed!
repetition: 31082
>passed!
repetition: 31083
>passed!
repetition: 31084
>passed!
repetition: 31085
>passed!
repetition: 31086
>passed!
repetition: 31087
>passed!
repetition: 31088
>passed!
repetition: 31089
>passed!
repetition: 31090
>passed!
repetition: 31091
>passed!
repetition: 31092
>passed!
repetition: 31093
>passed!
repetition: 31094
>passed!
repetition: 31095
>passed!
repetition: 31096
>passed!
repetition: 31097
>passed!
repetition: 31098
>passed!
repetition: 31099
>passed!
repetition: 31100
>passed!
repetition: 31101
>passed!
repetition: 31102
>passed!
repetition: 31103
>passed!
repetition: 31104
>passed!
repetition: 31105
>passed!
repetition: 31106
>passed!
repetition: 31107
>passed!
repetition: 31108
>passed!
repetition: 31109
>passed!
repetition: 31110
>passed!
repetition: 31111
>passed!
repetition: 31112
>passed!
repetition: 31113
>passed!
repetition: 31114
>passed!
repetition: 31115
>passed!
repetition: 31116
>passed!
repetition: 31117
>passed!
repetition: 31118
>passed!
repetition: 31119
>passed!
repetition: 31120
>passed!
repetition: 31121
>passed!
repetition: 31122
>passed!
repetition: 31123
>passed!
repetition: 31124
>passed!
repetition: 31125
>passed!
repetition: 31126
>passed!
repetition: 31127
>passed!
repetition: 31128
>passed!
repetition: 31129
>passed!
repetition: 31130
>passed!
repetition: 31131
>passed!
repetition: 31132
>passed!
repetition: 31133
>passed!
repetition: 31134
>passed!
repetition: 31135
>passed!
repetition: 31136
>passed!
repetition: 31137
>passed!
repetition: 31138
>passed!
repetition: 31139
>passed!
repetition: 31140
>passed!
repetition: 31141
>passed!
repetition: 31142
>passed!
repetition: 31143
>passed!
repetition: 31144
>passed!
repetition: 31145
>passed!
repetition: 31146
>passed!
repetition: 31147
>passed!
repetition: 31148
>passed!
repetition: 31149
>passed!
repetition: 31150
>passed!
repetition: 31151
>passed!
repetition: 31152
>passed!
repetition: 31153
>passed!
repetition: 31154
>passed!
repetition: 31155
>passed!
repetition: 31156
>passed!
repetition: 31157
>passed!
repetition: 31158
>passed!
repetition: 31159
>passed!
repetition: 31160
>passed!
repetition: 31161
>passed!
repetition: 31162
>passed!
repetition: 31163
>passed!
repetition: 31164
>passed!
repetition: 31165
>passed!
repetition: 31166
>passed!
repetition: 31167
>passed!
repetition: 31168
>passed!
repetition: 31169
>passed!
repetition: 31170
>passed!
repetition: 31171
>passed!
repetition: 31172
>passed!
repetition: 31173
>passed!
repetition: 31174
>passed!
repetition: 31175
>passed!
repetition: 31176
>passed!
repetition: 31177
>passed!
repetition: 31178
>passed!
repetition: 31179
>passed!
repetition: 31180
>passed!
repetition: 31181
>passed!
repetition: 31182
>passed!
repetition: 31183
>passed!
repetition: 31184
>passed!
repetition: 31185
>passed!
repetition: 31186
>passed!
repetition: 31187
>passed!
repetition: 31188
>passed!
repetition: 31189
>passed!
repetition: 31190
>passed!
repetition: 31191
>passed!
repetition: 31192
>passed!
repetition: 31193
>passed!
repetition: 31194
>passed!
repetition: 31195
>passed!
repetition: 31196
>passed!
repetition: 31197
>passed!
repetition: 31198
>passed!
repetition: 31199
>passed!
repetition: 31200
>passed!
repetition: 31201
>passed!
repetition: 31202
>passed!
repetition: 31203
>passed!
repetition: 31204
>passed!
repetition: 31205
>passed!
repetition: 31206
>passed!
repetition: 31207
>passed!
repetition: 31208
>passed!
repetition: 31209
>passed!
repetition: 31210
>passed!
repetition: 31211
>passed!
repetition: 31212
>passed!
repetition: 31213
>passed!
repetition: 31214
>passed!
repetition: 31215
>passed!
repetition: 31216
>passed!
repetition: 31217
>passed!
repetition: 31218
>passed!
repetition: 31219
>passed!
repetition: 31220
>passed!
repetition: 31221
>passed!
repetition: 31222
>passed!
repetition: 31223
>passed!
repetition: 31224
>passed!
repetition: 31225
>passed!
repetition: 31226
>passed!
repetition: 31227
>passed!
repetition: 31228
>passed!
repetition: 31229
>passed!
repetition: 31230
>passed!
repetition: 31231
>passed!
repetition: 31232
>passed!
repetition: 31233
>passed!
repetition: 31234
>passed!
repetition: 31235
>passed!
repetition: 31236
>passed!
repetition: 31237
>passed!
repetition: 31238
>passed!
repetition: 31239
>passed!
repetition: 31240
>passed!
repetition: 31241
>passed!
repetition: 31242
>passed!
repetition: 31243
>passed!
repetition: 31244
>passed!
repetition: 31245
>passed!
repetition: 31246
>passed!
repetition: 31247
>passed!
repetition: 31248
>passed!
repetition: 31249
>passed!
repetition: 31250
>passed!
repetition: 31251
>passed!
repetition: 31252
>passed!
repetition: 31253
>passed!
repetition: 31254
>passed!
repetition: 31255
>passed!
repetition: 31256
>passed!
repetition: 31257
>passed!
repetition: 31258
>passed!
repetition: 31259
>passed!
repetition: 31260
>passed!
repetition: 31261
>passed!
repetition: 31262
>passed!
repetition: 31263
>passed!
repetition: 31264
>passed!
repetition: 31265
>passed!
repetition: 31266
>passed!
repetition: 31267
>passed!
repetition: 31268
>passed!
repetition: 31269
>passed!
repetition: 31270
>passed!
repetition: 31271
>passed!
repetition: 31272
>passed!
repetition: 31273
>passed!
repetition: 31274
>passed!
repetition: 31275
>passed!
repetition: 31276
>passed!
repetition: 31277
>passed!
repetition: 31278
>passed!
repetition: 31279
>passed!
repetition: 31280
>passed!
repetition: 31281
>passed!
repetition: 31282
>passed!
repetition: 31283
>passed!
repetition: 31284
>passed!
repetition: 31285
>passed!
repetition: 31286
>passed!
repetition: 31287
>passed!
repetition: 31288
>passed!
repetition: 31289
>passed!
repetition: 31290
>passed!
repetition: 31291
>passed!
repetition: 31292
>passed!
repetition: 31293
>passed!
repetition: 31294
>passed!
repetition: 31295
>passed!
repetition: 31296
>passed!
repetition: 31297
>passed!
repetition: 31298
>passed!
repetition: 31299
>passed!
repetition: 31300
>passed!
repetition: 31301
>passed!
repetition: 31302
>passed!
repetition: 31303
>passed!
repetition: 31304
>passed!
repetition: 31305
>passed!
repetition: 31306
>passed!
repetition: 31307
>passed!
repetition: 31308
>passed!
repetition: 31309
>passed!
repetition: 31310
>passed!
repetition: 31311
>passed!
repetition: 31312
>passed!
repetition: 31313
>passed!
repetition: 31314
>passed!
repetition: 31315
>passed!
repetition: 31316
>passed!
repetition: 31317
>passed!
repetition: 31318
>passed!
repetition: 31319
>passed!
repetition: 31320
>passed!
repetition: 31321
>passed!
repetition: 31322
>passed!
repetition: 31323
>passed!
repetition: 31324
>passed!
repetition: 31325
>passed!
repetition: 31326
>passed!
repetition: 31327
>passed!
repetition: 31328
>passed!
repetition: 31329
>passed!
repetition: 31330
>passed!
repetition: 31331
>passed!
repetition: 31332
>passed!
repetition: 31333
>passed!
repetition: 31334
>passed!
repetition: 31335
>passed!
repetition: 31336
>passed!
repetition: 31337
>passed!
repetition: 31338
>passed!
repetition: 31339
>passed!
repetition: 31340
>passed!
repetition: 31341
>passed!
repetition: 31342
>passed!
repetition: 31343
>passed!
repetition: 31344
>passed!
repetition: 31345
>passed!
repetition: 31346
>passed!
repetition: 31347
>passed!
repetition: 31348
>passed!
repetition: 31349
>passed!
repetition: 31350
>passed!
repetition: 31351
>passed!
repetition: 31352
>passed!
repetition: 31353
>passed!
repetition: 31354
>passed!
repetition: 31355
>passed!
repetition: 31356
>passed!
repetition: 31357
>passed!
repetition: 31358
>passed!
repetition: 31359
>passed!
repetition: 31360
>passed!
repetition: 31361
>passed!
repetition: 31362
>passed!
repetition: 31363
>passed!
repetition: 31364
>passed!
repetition: 31365
>passed!
repetition: 31366
>passed!
repetition: 31367
>passed!
repetition: 31368
>passed!
repetition: 31369
>passed!
repetition: 31370
>passed!
repetition: 31371
>passed!
repetition: 31372
>passed!
repetition: 31373
>passed!
repetition: 31374
>passed!
repetition: 31375
>passed!
repetition: 31376
>passed!
repetition: 31377
>passed!
repetition: 31378
>passed!
repetition: 31379
>passed!
repetition: 31380
>passed!
repetition: 31381
>passed!
repetition: 31382
>passed!
repetition: 31383
>passed!
repetition: 31384
>passed!
repetition: 31385
>passed!
repetition: 31386
>passed!
repetition: 31387
>passed!
repetition: 31388
>passed!
repetition: 31389
>passed!
repetition: 31390
>passed!
repetition: 31391
>passed!
repetition: 31392
>passed!
repetition: 31393
>passed!
repetition: 31394
>passed!
repetition: 31395
>passed!
repetition: 31396
>passed!
repetition: 31397
>passed!
repetition: 31398
>passed!
repetition: 31399
>passed!
repetition: 31400
>passed!
repetition: 31401
>passed!
repetition: 31402
>passed!
repetition: 31403
>passed!
repetition: 31404
>passed!
repetition: 31405
>passed!
repetition: 31406
>passed!
repetition: 31407
>passed!
repetition: 31408
>passed!
repetition: 31409
>passed!
repetition: 31410
>passed!
repetition: 31411
>passed!
repetition: 31412
>passed!
repetition: 31413
>passed!
repetition: 31414
>passed!
repetition: 31415
>passed!
repetition: 31416
>passed!
repetition: 31417
>passed!
repetition: 31418
>passed!
repetition: 31419
>passed!
repetition: 31420
>passed!
repetition: 31421
>passed!
repetition: 31422
>passed!
repetition: 31423
>passed!
repetition: 31424
>passed!
repetition: 31425
>passed!
repetition: 31426
>passed!
repetition: 31427
>passed!
repetition: 31428
>passed!
repetition: 31429
>passed!
repetition: 31430
>passed!
repetition: 31431
>passed!
repetition: 31432
>passed!
repetition: 31433
>passed!
repetition: 31434
>passed!
repetition: 31435
>passed!
repetition: 31436
>passed!
repetition: 31437
>passed!
repetition: 31438
>passed!
repetition: 31439
>passed!
repetition: 31440
>passed!
repetition: 31441
>passed!
repetition: 31442
>passed!
repetition: 31443
>passed!
repetition: 31444
>passed!
repetition: 31445
>passed!
repetition: 31446
>passed!
repetition: 31447
>passed!
repetition: 31448
>passed!
repetition: 31449
>passed!
repetition: 31450
>passed!
repetition: 31451
>passed!
repetition: 31452
>passed!
repetition: 31453
>passed!
repetition: 31454
>passed!
repetition: 31455
>passed!
repetition: 31456
>passed!
repetition: 31457
>passed!
repetition: 31458
>passed!
repetition: 31459
>passed!
repetition: 31460
>passed!
repetition: 31461
>passed!
repetition: 31462
>passed!
repetition: 31463
>passed!
repetition: 31464
>passed!
repetition: 31465
>passed!
repetition: 31466
>passed!
repetition: 31467
>passed!
repetition: 31468
>passed!
repetition: 31469
>passed!
repetition: 31470
>passed!
repetition: 31471
>passed!
repetition: 31472
>passed!
repetition: 31473
>passed!
repetition: 31474
>passed!
repetition: 31475
>passed!
repetition: 31476
>passed!
repetition: 31477
>passed!
repetition: 31478
>passed!
repetition: 31479
>passed!
repetition: 31480
>passed!
repetition: 31481
>passed!
repetition: 31482
>passed!
repetition: 31483
>passed!
repetition: 31484
>passed!
repetition: 31485
>passed!
repetition: 31486
>passed!
repetition: 31487
>passed!
repetition: 31488
>passed!
repetition: 31489
>passed!
repetition: 31490
>passed!
repetition: 31491
>passed!
repetition: 31492
>passed!
repetition: 31493
>passed!
repetition: 31494
>passed!
repetition: 31495
>passed!
repetition: 31496
>passed!
repetition: 31497
>passed!
repetition: 31498
>passed!
repetition: 31499
>passed!
repetition: 31500
>passed!
repetition: 31501
>passed!
repetition: 31502
>passed!
repetition: 31503
>passed!
repetition: 31504
>passed!
repetition: 31505
>passed!
repetition: 31506
>passed!
repetition: 31507
>passed!
repetition: 31508
>passed!
repetition: 31509
>passed!
repetition: 31510
>passed!
repetition: 31511
>passed!
repetition: 31512
>passed!
repetition: 31513
>passed!
repetition: 31514
>passed!
repetition: 31515
>passed!
repetition: 31516
>passed!
repetition: 31517
>passed!
repetition: 31518
>passed!
repetition: 31519
>passed!
repetition: 31520
>passed!
repetition: 31521
>passed!
repetition: 31522
>passed!
repetition: 31523
>passed!
repetition: 31524
>passed!
repetition: 31525
>passed!
repetition: 31526
>passed!
repetition: 31527
>passed!
repetition: 31528
>passed!
repetition: 31529
>passed!
repetition: 31530
>passed!
repetition: 31531
>passed!
repetition: 31532
>passed!
repetition: 31533
>passed!
repetition: 31534
>passed!
repetition: 31535
>passed!
repetition: 31536
>passed!
repetition: 31537
>passed!
repetition: 31538
>passed!
repetition: 31539
>passed!
repetition: 31540
>passed!
repetition: 31541
>passed!
repetition: 31542
>passed!
repetition: 31543
>passed!
repetition: 31544
>passed!
repetition: 31545
>passed!
repetition: 31546
>passed!
repetition: 31547
>passed!
repetition: 31548
>passed!
repetition: 31549
>passed!
repetition: 31550
>passed!
repetition: 31551
>passed!
repetition: 31552
>passed!
repetition: 31553
>passed!
repetition: 31554
>passed!
repetition: 31555
>passed!
repetition: 31556
>passed!
repetition: 31557
>passed!
repetition: 31558
>passed!
repetition: 31559
>passed!
repetition: 31560
>passed!
repetition: 31561
>passed!
repetition: 31562
>passed!
repetition: 31563
>passed!
repetition: 31564
>passed!
repetition: 31565
>passed!
repetition: 31566
>passed!
repetition: 31567
>passed!
repetition: 31568
>passed!
repetition: 31569
>passed!
repetition: 31570
>passed!
repetition: 31571
>passed!
repetition: 31572
>passed!
repetition: 31573
>passed!
repetition: 31574
>passed!
repetition: 31575
>passed!
repetition: 31576
>passed!
repetition: 31577
>passed!
repetition: 31578
>passed!
repetition: 31579
>passed!
repetition: 31580
>passed!
repetition: 31581
>passed!
repetition: 31582
>passed!
repetition: 31583
>passed!
repetition: 31584
>passed!
repetition: 31585
>passed!
repetition: 31586
>passed!
repetition: 31587
>passed!
repetition: 31588
>passed!
repetition: 31589
>passed!
repetition: 31590
>passed!
repetition: 31591
>passed!
repetition: 31592
>passed!
repetition: 31593
>passed!
repetition: 31594
>passed!
repetition: 31595
>passed!
repetition: 31596
>passed!
repetition: 31597
>passed!
repetition: 31598
>passed!
repetition: 31599
>passed!
repetition: 31600
>passed!
repetition: 31601
>passed!
repetition: 31602
>passed!
repetition: 31603
>passed!
repetition: 31604
>passed!
repetition: 31605
>passed!
repetition: 31606
>passed!
repetition: 31607
>passed!
repetition: 31608
>passed!
repetition: 31609
>passed!
repetition: 31610
>passed!
repetition: 31611
>passed!
repetition: 31612
>passed!
repetition: 31613
>passed!
repetition: 31614
>passed!
repetition: 31615
>passed!
repetition: 31616
>passed!
repetition: 31617
>passed!
repetition: 31618
>passed!
repetition: 31619
>passed!
repetition: 31620
>passed!
repetition: 31621
>passed!
repetition: 31622
>passed!
repetition: 31623
>passed!
repetition: 31624
>passed!
repetition: 31625
>passed!
repetition: 31626
>passed!
repetition: 31627
>passed!
repetition: 31628
>passed!
repetition: 31629
>passed!
repetition: 31630
>passed!
repetition: 31631
>passed!
repetition: 31632
>passed!
repetition: 31633
>passed!
repetition: 31634
>passed!
repetition: 31635
>passed!
repetition: 31636
>passed!
repetition: 31637
>passed!
repetition: 31638
>passed!
repetition: 31639
>passed!
repetition: 31640
>passed!
repetition: 31641
>passed!
repetition: 31642
>passed!
repetition: 31643
>passed!
repetition: 31644
>passed!
repetition: 31645
>passed!
repetition: 31646
>passed!
repetition: 31647
>passed!
repetition: 31648
>passed!
repetition: 31649
>passed!
repetition: 31650
>passed!
repetition: 31651
>passed!
repetition: 31652
>passed!
repetition: 31653
>passed!
repetition: 31654
>passed!
repetition: 31655
>passed!
repetition: 31656
>passed!
repetition: 31657
>passed!
repetition: 31658
>passed!
repetition: 31659
>passed!
repetition: 31660
>passed!
repetition: 31661
>passed!
repetition: 31662
>passed!
repetition: 31663
>passed!
repetition: 31664
>passed!
repetition: 31665
>passed!
repetition: 31666
>passed!
repetition: 31667
>passed!
repetition: 31668
>passed!
repetition: 31669
>passed!
repetition: 31670
>passed!
repetition: 31671
>passed!
repetition: 31672
>passed!
repetition: 31673
>passed!
repetition: 31674
>passed!
repetition: 31675
>passed!
repetition: 31676
>passed!
repetition: 31677
>passed!
repetition: 31678
>passed!
repetition: 31679
>passed!
repetition: 31680
>passed!
repetition: 31681
>passed!
repetition: 31682
>passed!
repetition: 31683
>passed!
repetition: 31684
>passed!
repetition: 31685
>passed!
repetition: 31686
>passed!
repetition: 31687
>passed!
repetition: 31688
>passed!
repetition: 31689
>passed!
repetition: 31690
>passed!
repetition: 31691
>passed!
repetition: 31692
>passed!
repetition: 31693
>passed!
repetition: 31694
>passed!
repetition: 31695
>passed!
repetition: 31696
>passed!
repetition: 31697
>passed!
repetition: 31698
>passed!
repetition: 31699
>passed!
repetition: 31700
>passed!
repetition: 31701
>passed!
repetition: 31702
>passed!
repetition: 31703
>passed!
repetition: 31704
>passed!
repetition: 31705
>passed!
repetition: 31706
>passed!
repetition: 31707
>passed!
repetition: 31708
>passed!
repetition: 31709
>passed!
repetition: 31710
>passed!
repetition: 31711
>passed!
repetition: 31712
>passed!
repetition: 31713
>passed!
repetition: 31714
>passed!
repetition: 31715
>passed!
repetition: 31716
>passed!
repetition: 31717
>passed!
repetition: 31718
>passed!
repetition: 31719
>passed!
repetition: 31720
>passed!
repetition: 31721
>passed!
repetition: 31722
>passed!
repetition: 31723
>passed!
repetition: 31724
>passed!
repetition: 31725
>passed!
repetition: 31726
>passed!
repetition: 31727
>passed!
repetition: 31728
>passed!
repetition: 31729
>passed!
repetition: 31730
>passed!
repetition: 31731
>passed!
repetition: 31732
>passed!
repetition: 31733
>passed!
repetition: 31734
>passed!
repetition: 31735
>passed!
repetition: 31736
>passed!
repetition: 31737
>passed!
repetition: 31738
>passed!
repetition: 31739
>passed!
repetition: 31740
>passed!
repetition: 31741
>passed!
repetition: 31742
>passed!
repetition: 31743
>passed!
repetition: 31744
>passed!
repetition: 31745
>passed!
repetition: 31746
>passed!
repetition: 31747
>passed!
repetition: 31748
>passed!
repetition: 31749
>passed!
repetition: 31750
>passed!
repetition: 31751
>passed!
repetition: 31752
>passed!
repetition: 31753
>passed!
repetition: 31754
>passed!
repetition: 31755
>passed!
repetition: 31756
>passed!
repetition: 31757
>passed!
repetition: 31758
>passed!
repetition: 31759
>passed!
repetition: 31760
>passed!
repetition: 31761
>passed!
repetition: 31762
>passed!
repetition: 31763
>passed!
repetition: 31764
>passed!
repetition: 31765
>passed!
repetition: 31766
>passed!
repetition: 31767
>passed!
repetition: 31768
>passed!
repetition: 31769
>passed!
repetition: 31770
>passed!
repetition: 31771
>passed!
repetition: 31772
>passed!
repetition: 31773
>passed!
repetition: 31774
>passed!
repetition: 31775
>passed!
repetition: 31776
>passed!
repetition: 31777
>passed!
repetition: 31778
>passed!
repetition: 31779
>passed!
repetition: 31780
>passed!
repetition: 31781
>passed!
repetition: 31782
>passed!
repetition: 31783
>passed!
repetition: 31784
>passed!
repetition: 31785
>passed!
repetition: 31786
>passed!
repetition: 31787
>passed!
repetition: 31788
>passed!
repetition: 31789
>passed!
repetition: 31790
>passed!
repetition: 31791
>passed!
repetition: 31792
>passed!
repetition: 31793
>passed!
repetition: 31794
>passed!
repetition: 31795
>passed!
repetition: 31796
>passed!
repetition: 31797
>passed!
repetition: 31798
>passed!
repetition: 31799
>passed!
repetition: 31800
>passed!
repetition: 31801
>passed!
repetition: 31802
>passed!
repetition: 31803
>passed!
repetition: 31804
>passed!
repetition: 31805
>passed!
repetition: 31806
>passed!
repetition: 31807
>passed!
repetition: 31808
>passed!
repetition: 31809
>passed!
repetition: 31810
>passed!
repetition: 31811
>passed!
repetition: 31812
>passed!
repetition: 31813
>passed!
repetition: 31814
>passed!
repetition: 31815
>passed!
repetition: 31816
>passed!
repetition: 31817
>passed!
repetition: 31818
>passed!
repetition: 31819
>passed!
repetition: 31820
>passed!
repetition: 31821
>passed!
repetition: 31822
>passed!
repetition: 31823
>passed!
repetition: 31824
>passed!
repetition: 31825
>passed!
repetition: 31826
>passed!
repetition: 31827
>passed!
repetition: 31828
>passed!
repetition: 31829
>passed!
repetition: 31830
>passed!
repetition: 31831
>passed!
repetition: 31832
>passed!
repetition: 31833
>passed!
repetition: 31834
>passed!
repetition: 31835
>passed!
repetition: 31836
>passed!
repetition: 31837
>passed!
repetition: 31838
>passed!
repetition: 31839
>passed!
repetition: 31840
>passed!
repetition: 31841
>passed!
repetition: 31842
>passed!
repetition: 31843
>passed!
repetition: 31844
>passed!
repetition: 31845
>passed!
repetition: 31846
>passed!
repetition: 31847
>passed!
repetition: 31848
>passed!
repetition: 31849
>passed!
repetition: 31850
>passed!
repetition: 31851
>passed!
repetition: 31852
>passed!
repetition: 31853
>passed!
repetition: 31854
>passed!
repetition: 31855
>passed!
repetition: 31856
>passed!
repetition: 31857
>passed!
repetition: 31858
>passed!
repetition: 31859
>passed!
repetition: 31860
>passed!
repetition: 31861
>passed!
repetition: 31862
>passed!
repetition: 31863
>passed!
repetition: 31864
>passed!
repetition: 31865
>passed!
repetition: 31866
>passed!
repetition: 31867
>passed!
repetition: 31868
>passed!
repetition: 31869
>passed!
repetition: 31870
>passed!
repetition: 31871
>passed!
repetition: 31872
>passed!
repetition: 31873
>passed!
repetition: 31874
>passed!
repetition: 31875
>passed!
repetition: 31876
>passed!
repetition: 31877
>passed!
repetition: 31878
>passed!
repetition: 31879
>passed!
repetition: 31880
>passed!
repetition: 31881
>passed!
repetition: 31882
>passed!
repetition: 31883
>passed!
repetition: 31884
>passed!
repetition: 31885
>passed!
repetition: 31886
>passed!
repetition: 31887
>passed!
repetition: 31888
>passed!
repetition: 31889
>passed!
repetition: 31890
>passed!
repetition: 31891
>passed!
repetition: 31892
>passed!
repetition: 31893
>passed!
repetition: 31894
>passed!
repetition: 31895
>passed!
repetition: 31896
>passed!
repetition: 31897
>passed!
repetition: 31898
>passed!
repetition: 31899
>passed!
repetition: 31900
>passed!
repetition: 31901
>passed!
repetition: 31902
>passed!
repetition: 31903
>passed!
repetition: 31904
>passed!
repetition: 31905
>passed!
repetition: 31906
>passed!
repetition: 31907
>passed!
repetition: 31908
>passed!
repetition: 31909
>passed!
repetition: 31910
>passed!
repetition: 31911
>passed!
repetition: 31912
>passed!
repetition: 31913
>passed!
repetition: 31914
>passed!
repetition: 31915
>passed!
repetition: 31916
>passed!
repetition: 31917
>passed!
repetition: 31918
>passed!
repetition: 31919
>passed!
repetition: 31920
>passed!
repetition: 31921
>passed!
repetition: 31922
>passed!
repetition: 31923
>passed!
repetition: 31924
>passed!
repetition: 31925
>passed!
repetition: 31926
>passed!
repetition: 31927
>passed!
repetition: 31928
>passed!
repetition: 31929
>passed!
repetition: 31930
>passed!
repetition: 31931
>passed!
repetition: 31932
>passed!
repetition: 31933
>passed!
repetition: 31934
>passed!
repetition: 31935
>passed!
repetition: 31936
>passed!
repetition: 31937
>passed!
repetition: 31938
>passed!
repetition: 31939
>passed!
repetition: 31940
>passed!
repetition: 31941
>passed!
repetition: 31942
>passed!
repetition: 31943
>passed!
repetition: 31944
>passed!
repetition: 31945
>passed!
repetition: 31946
>passed!
repetition: 31947
>passed!
repetition: 31948
>passed!
repetition: 31949
>passed!
repetition: 31950
>passed!
repetition: 31951
>passed!
repetition: 31952
>passed!
repetition: 31953
>passed!
repetition: 31954
>passed!
repetition: 31955
>passed!
repetition: 31956
>passed!
repetition: 31957
>passed!
repetition: 31958
>passed!
repetition: 31959
>passed!
repetition: 31960
>passed!
repetition: 31961
>passed!
repetition: 31962
>passed!
repetition: 31963
>passed!
repetition: 31964
>passed!
repetition: 31965
>passed!
repetition: 31966
>passed!
repetition: 31967
>passed!
repetition: 31968
>passed!
repetition: 31969
>passed!
repetition: 31970
>passed!
repetition: 31971
>passed!
repetition: 31972
>passed!
repetition: 31973
>passed!
repetition: 31974
>passed!
repetition: 31975
>passed!
repetition: 31976
>passed!
repetition: 31977
>passed!
repetition: 31978
>passed!
repetition: 31979
>passed!
repetition: 31980
>passed!
repetition: 31981
>passed!
repetition: 31982
>passed!
repetition: 31983
>passed!
repetition: 31984
>passed!
repetition: 31985
>passed!
repetition: 31986
>passed!
repetition: 31987
>passed!
repetition: 31988
>passed!
repetition: 31989
>passed!
repetition: 31990
>passed!
repetition: 31991
>passed!
repetition: 31992
>passed!
repetition: 31993
>passed!
repetition: 31994
>passed!
repetition: 31995
>passed!
repetition: 31996
>passed!
repetition: 31997
>passed!
repetition: 31998
>passed!
repetition: 31999
>passed!
repetition: 32000
>passed!
repetition: 32001
>passed!
repetition: 32002
>passed!
repetition: 32003
>passed!
repetition: 32004
>passed!
repetition: 32005
>passed!
repetition: 32006
>passed!
repetition: 32007
>passed!
repetition: 32008
>passed!
repetition: 32009
>passed!
repetition: 32010
>passed!
repetition: 32011
>passed!
repetition: 32012
>passed!
repetition: 32013
>passed!
repetition: 32014
>passed!
repetition: 32015
>passed!
repetition: 32016
>passed!
repetition: 32017
>passed!
repetition: 32018
>passed!
repetition: 32019
>passed!
repetition: 32020
>passed!
repetition: 32021
>passed!
repetition: 32022
>passed!
repetition: 32023
>passed!
repetition: 32024
>passed!
repetition: 32025
>passed!
repetition: 32026
>passed!
repetition: 32027
>passed!
repetition: 32028
>passed!
repetition: 32029
>passed!
repetition: 32030
>passed!
repetition: 32031
>passed!
repetition: 32032
>passed!
repetition: 32033
>passed!
repetition: 32034
>passed!
repetition: 32035
>passed!
repetition: 32036
>passed!
repetition: 32037
>passed!
repetition: 32038
>passed!
repetition: 32039
>passed!
repetition: 32040
>passed!
repetition: 32041
>passed!
repetition: 32042
>passed!
repetition: 32043
>passed!
repetition: 32044
>passed!
repetition: 32045
>passed!
repetition: 32046
>passed!
repetition: 32047
>passed!
repetition: 32048
>passed!
repetition: 32049
>passed!
repetition: 32050
>passed!
repetition: 32051
>passed!
repetition: 32052
>passed!
repetition: 32053
>passed!
repetition: 32054
>passed!
repetition: 32055
>passed!
repetition: 32056
>passed!
repetition: 32057
>passed!
repetition: 32058
>passed!
repetition: 32059
>passed!
repetition: 32060
>passed!
repetition: 32061
>passed!
repetition: 32062
>passed!
repetition: 32063
>passed!
repetition: 32064
>passed!
repetition: 32065
>passed!
repetition: 32066
>passed!
repetition: 32067
>passed!
repetition: 32068
>passed!
repetition: 32069
>passed!
repetition: 32070
>passed!
repetition: 32071
>passed!
repetition: 32072
>passed!
repetition: 32073
>passed!
repetition: 32074
>passed!
repetition: 32075
>passed!
repetition: 32076
>passed!
repetition: 32077
>passed!
repetition: 32078
>passed!
repetition: 32079
>passed!
repetition: 32080
>passed!
repetition: 32081
>passed!
repetition: 32082
>passed!
repetition: 32083
>passed!
repetition: 32084
>passed!
repetition: 32085
>passed!
repetition: 32086
>passed!
repetition: 32087
>passed!
repetition: 32088
>passed!
repetition: 32089
>passed!
repetition: 32090
>passed!
repetition: 32091
>passed!
repetition: 32092
>passed!
repetition: 32093
>passed!
repetition: 32094
>passed!
repetition: 32095
>passed!
repetition: 32096
>passed!
repetition: 32097
>passed!
repetition: 32098
>passed!
repetition: 32099
>passed!
repetition: 32100
>passed!
repetition: 32101
>passed!
repetition: 32102
>passed!
repetition: 32103
>passed!
repetition: 32104
>passed!
repetition: 32105
>passed!
repetition: 32106
>passed!
repetition: 32107
>passed!
repetition: 32108
>passed!
repetition: 32109
>passed!
repetition: 32110
>passed!
repetition: 32111
>passed!
repetition: 32112
>passed!
repetition: 32113
>passed!
repetition: 32114
>passed!
repetition: 32115
>passed!
repetition: 32116
>passed!
repetition: 32117
>passed!
repetition: 32118
>passed!
repetition: 32119
>passed!
repetition: 32120
>passed!
repetition: 32121
>passed!
repetition: 32122
>passed!
repetition: 32123
>passed!
repetition: 32124
>passed!
repetition: 32125
>passed!
repetition: 32126
>passed!
repetition: 32127
>passed!
repetition: 32128
>passed!
repetition: 32129
>passed!
repetition: 32130
>passed!
repetition: 32131
>passed!
repetition: 32132
>passed!
repetition: 32133
>passed!
repetition: 32134
>passed!
repetition: 32135
>passed!
repetition: 32136
>passed!
repetition: 32137
>passed!
repetition: 32138
>passed!
repetition: 32139
>passed!
repetition: 32140
>passed!
repetition: 32141
>passed!
repetition: 32142
>passed!
repetition: 32143
>passed!
repetition: 32144
>passed!
repetition: 32145
>passed!
repetition: 32146
>passed!
repetition: 32147
>passed!
repetition: 32148
>passed!
repetition: 32149
>passed!
repetition: 32150
>passed!
repetition: 32151
>passed!
repetition: 32152
>passed!
repetition: 32153
>passed!
repetition: 32154
>passed!
repetition: 32155
>passed!
repetition: 32156
>passed!
repetition: 32157
>passed!
repetition: 32158
>passed!
repetition: 32159
>passed!
repetition: 32160
>passed!
repetition: 32161
>passed!
repetition: 32162
>passed!
repetition: 32163
>passed!
repetition: 32164
>passed!
repetition: 32165
>passed!
repetition: 32166
>passed!
repetition: 32167
>passed!
repetition: 32168
>passed!
repetition: 32169
>passed!
repetition: 32170
>passed!
repetition: 32171
>passed!
repetition: 32172
>passed!
repetition: 32173
>passed!
repetition: 32174
>passed!
repetition: 32175
>passed!
repetition: 32176
>passed!
repetition: 32177
>passed!
repetition: 32178
>passed!
repetition: 32179
>passed!
repetition: 32180
>passed!
repetition: 32181
>passed!
repetition: 32182
>passed!
repetition: 32183
>passed!
repetition: 32184
>passed!
repetition: 32185
>passed!
repetition: 32186
>passed!
repetition: 32187
>passed!
repetition: 32188
>passed!
repetition: 32189
>passed!
repetition: 32190
>passed!
repetition: 32191
>passed!
repetition: 32192
>passed!
repetition: 32193
>passed!
repetition: 32194
>passed!
repetition: 32195
>passed!
repetition: 32196
>passed!
repetition: 32197
>passed!
repetition: 32198
>passed!
repetition: 32199
>passed!
repetition: 32200
>passed!
repetition: 32201
>passed!
repetition: 32202
>passed!
repetition: 32203
>passed!
repetition: 32204
>passed!
repetition: 32205
>passed!
repetition: 32206
>passed!
repetition: 32207
>passed!
repetition: 32208
>passed!
repetition: 32209
>passed!
repetition: 32210
>passed!
repetition: 32211
>passed!
repetition: 32212
>passed!
repetition: 32213
>passed!
repetition: 32214
>passed!
repetition: 32215
>passed!
repetition: 32216
>passed!
repetition: 32217
>passed!
repetition: 32218
>passed!
repetition: 32219
>passed!
repetition: 32220
>passed!
repetition: 32221
>passed!
repetition: 32222
>passed!
repetition: 32223
>passed!
repetition: 32224
>passed!
repetition: 32225
>passed!
repetition: 32226
>passed!
repetition: 32227
>passed!
repetition: 32228
>passed!
repetition: 32229
>passed!
repetition: 32230
>passed!
repetition: 32231
>passed!
repetition: 32232
>passed!
repetition: 32233
>passed!
repetition: 32234
>passed!
repetition: 32235
>passed!
repetition: 32236
>passed!
repetition: 32237
>passed!
repetition: 32238
>passed!
repetition: 32239
>passed!
repetition: 32240
>passed!
repetition: 32241
>passed!
repetition: 32242
>passed!
repetition: 32243
>passed!
repetition: 32244
>passed!
repetition: 32245
>passed!
repetition: 32246
>passed!
repetition: 32247
>passed!
repetition: 32248
>passed!
repetition: 32249
>passed!
repetition: 32250
>passed!
repetition: 32251
>passed!
repetition: 32252
>passed!
repetition: 32253
>passed!
repetition: 32254
>passed!
repetition: 32255
>passed!
repetition: 32256
>passed!
repetition: 32257
>passed!
repetition: 32258
>passed!
repetition: 32259
>passed!
repetition: 32260
>passed!
repetition: 32261
>passed!
repetition: 32262
>passed!
repetition: 32263
>passed!
repetition: 32264
>passed!
repetition: 32265
>passed!
repetition: 32266
>passed!
repetition: 32267
>passed!
repetition: 32268
>passed!
repetition: 32269
>passed!
repetition: 32270
>passed!
repetition: 32271
>passed!
repetition: 32272
>passed!
repetition: 32273
>passed!
repetition: 32274
>passed!
repetition: 32275
>passed!
repetition: 32276
>passed!
repetition: 32277
>passed!
repetition: 32278
>passed!
repetition: 32279
>passed!
repetition: 32280
>passed!
repetition: 32281
>passed!
repetition: 32282
>passed!
repetition: 32283
>passed!
repetition: 32284
>passed!
repetition: 32285
>passed!
repetition: 32286
>passed!
repetition: 32287
>passed!
repetition: 32288
>passed!
repetition: 32289
>passed!
repetition: 32290
>passed!
repetition: 32291
>passed!
repetition: 32292
>passed!
repetition: 32293
>passed!
repetition: 32294
>passed!
repetition: 32295
>passed!
repetition: 32296
>passed!
repetition: 32297
>passed!
repetition: 32298
>passed!
repetition: 32299
>passed!
repetition: 32300
>passed!
repetition: 32301
>passed!
repetition: 32302
>passed!
repetition: 32303
>passed!
repetition: 32304
>passed!
repetition: 32305
>passed!
repetition: 32306
>passed!
repetition: 32307
>passed!
repetition: 32308
>passed!
repetition: 32309
>passed!
repetition: 32310
>passed!
repetition: 32311
>passed!
repetition: 32312
>passed!
repetition: 32313
>passed!
repetition: 32314
>passed!
repetition: 32315
>passed!
repetition: 32316
>passed!
repetition: 32317
>passed!
repetition: 32318
>passed!
repetition: 32319
>passed!
repetition: 32320
>passed!
repetition: 32321
>passed!
repetition: 32322
>passed!
repetition: 32323
>passed!
repetition: 32324
>passed!
repetition: 32325
>passed!
repetition: 32326
>passed!
repetition: 32327
>passed!
repetition: 32328
>passed!
repetition: 32329
>passed!
repetition: 32330
>passed!
repetition: 32331
>passed!
repetition: 32332
>passed!
repetition: 32333
>passed!
repetition: 32334
>passed!
repetition: 32335
>passed!
repetition: 32336
>passed!
repetition: 32337
>passed!
repetition: 32338
>passed!
repetition: 32339
>passed!
repetition: 32340
>passed!
repetition: 32341
>passed!
repetition: 32342
>passed!
repetition: 32343
>passed!
repetition: 32344
>passed!
repetition: 32345
>passed!
repetition: 32346
>passed!
repetition: 32347
>passed!
repetition: 32348
>passed!
repetition: 32349
>passed!
repetition: 32350
>passed!
repetition: 32351
>passed!
repetition: 32352
>passed!
repetition: 32353
>passed!
repetition: 32354
>passed!
repetition: 32355
>passed!
repetition: 32356
>passed!
repetition: 32357
>passed!
repetition: 32358
>passed!
repetition: 32359
>passed!
repetition: 32360
>passed!
repetition: 32361
>passed!
repetition: 32362
>passed!
repetition: 32363
>passed!
repetition: 32364
>passed!
repetition: 32365
>passed!
repetition: 32366
>passed!
repetition: 32367
>passed!
repetition: 32368
>passed!
repetition: 32369
>passed!
repetition: 32370
>passed!
repetition: 32371
>passed!
repetition: 32372
>passed!
repetition: 32373
>passed!
repetition: 32374
>passed!
repetition: 32375
>passed!
repetition: 32376
>passed!
repetition: 32377
>passed!
repetition: 32378
>passed!
repetition: 32379
>passed!
repetition: 32380
>passed!
repetition: 32381
>passed!
repetition: 32382
>passed!
repetition: 32383
>passed!
repetition: 32384
>passed!
repetition: 32385
>passed!
repetition: 32386
>passed!
repetition: 32387
>passed!
repetition: 32388
>passed!
repetition: 32389
>passed!
repetition: 32390
>passed!
repetition: 32391
>passed!
repetition: 32392
>passed!
repetition: 32393
>passed!
repetition: 32394
>passed!
repetition: 32395
>passed!
repetition: 32396
>passed!
repetition: 32397
>passed!
repetition: 32398
>passed!
repetition: 32399
>passed!
repetition: 32400
>passed!
repetition: 32401
>passed!
repetition: 32402
>passed!
repetition: 32403
>passed!
repetition: 32404
>passed!
repetition: 32405
>passed!
repetition: 32406
>passed!
repetition: 32407
>passed!
repetition: 32408
>passed!
repetition: 32409
>passed!
repetition: 32410
>passed!
repetition: 32411
>passed!
repetition: 32412
>passed!
repetition: 32413
>passed!
repetition: 32414
>passed!
repetition: 32415
>passed!
repetition: 32416
>passed!
repetition: 32417
>passed!
repetition: 32418
>passed!
repetition: 32419
>passed!
repetition: 32420
>passed!
repetition: 32421
>passed!
repetition: 32422
>passed!
repetition: 32423
>passed!
repetition: 32424
>passed!
repetition: 32425
>passed!
repetition: 32426
>passed!
repetition: 32427
>passed!
repetition: 32428
>passed!
repetition: 32429
>passed!
repetition: 32430
>passed!
repetition: 32431
>passed!
repetition: 32432
>passed!
repetition: 32433
>passed!
repetition: 32434
>passed!
repetition: 32435
>passed!
repetition: 32436
>passed!
repetition: 32437
>passed!
repetition: 32438
>passed!
repetition: 32439
>passed!
repetition: 32440
>passed!
repetition: 32441
>passed!
repetition: 32442
>passed!
repetition: 32443
>passed!
repetition: 32444
>passed!
repetition: 32445
>passed!
repetition: 32446
>passed!
repetition: 32447
>passed!
repetition: 32448
>passed!
repetition: 32449
>passed!
repetition: 32450
>passed!
repetition: 32451
>passed!
repetition: 32452
>passed!
repetition: 32453
>passed!
repetition: 32454
>passed!
repetition: 32455
>passed!
repetition: 32456
>passed!
repetition: 32457
>passed!
repetition: 32458
>passed!
repetition: 32459
>passed!
repetition: 32460
>passed!
repetition: 32461
>passed!
repetition: 32462
>passed!
repetition: 32463
>passed!
repetition: 32464
>passed!
repetition: 32465
>passed!
repetition: 32466
>passed!
repetition: 32467
>passed!
repetition: 32468
>passed!
repetition: 32469
>passed!
repetition: 32470
>passed!
repetition: 32471
>passed!
repetition: 32472
>passed!
repetition: 32473
>passed!
repetition: 32474
>passed!
repetition: 32475
>passed!
repetition: 32476
>passed!
repetition: 32477
>passed!
repetition: 32478
>passed!
repetition: 32479
>passed!
repetition: 32480
>passed!
repetition: 32481
>passed!
repetition: 32482
>passed!
repetition: 32483
>passed!
repetition: 32484
>passed!
repetition: 32485
>passed!
repetition: 32486
>passed!
repetition: 32487
>passed!
repetition: 32488
>passed!
repetition: 32489
>passed!
repetition: 32490
>passed!
repetition: 32491
>passed!
repetition: 32492
>passed!
repetition: 32493
>passed!
repetition: 32494
>passed!
repetition: 32495
>passed!
repetition: 32496
>passed!
repetition: 32497
>passed!
repetition: 32498
>passed!
repetition: 32499
>passed!
repetition: 32500
>passed!
repetition: 32501
>passed!
repetition: 32502
>passed!
repetition: 32503
>passed!
repetition: 32504
>passed!
repetition: 32505
>passed!
repetition: 32506
>passed!
repetition: 32507
>passed!
repetition: 32508
>passed!
repetition: 32509
>passed!
repetition: 32510
>passed!
repetition: 32511
>passed!
repetition: 32512
>passed!
repetition: 32513
>passed!
repetition: 32514
>passed!
repetition: 32515
>passed!
repetition: 32516
>passed!
repetition: 32517
>passed!
repetition: 32518
>passed!
repetition: 32519
>passed!
repetition: 32520
>passed!
repetition: 32521
>passed!
repetition: 32522
>passed!
repetition: 32523
>passed!
repetition: 32524
>passed!
repetition: 32525
>passed!
repetition: 32526
>passed!
repetition: 32527
>passed!
repetition: 32528
>passed!
repetition: 32529
>passed!
repetition: 32530
>passed!
repetition: 32531
>passed!
repetition: 32532
>passed!
repetition: 32533
>passed!
repetition: 32534
>passed!
repetition: 32535
>passed!
repetition: 32536
>passed!
repetition: 32537
>passed!
repetition: 32538
>passed!
repetition: 32539
>passed!
repetition: 32540
>passed!
repetition: 32541
>passed!
repetition: 32542
>passed!
repetition: 32543
>passed!
repetition: 32544
>passed!
repetition: 32545
>passed!
repetition: 32546
>passed!
repetition: 32547
>passed!
repetition: 32548
>passed!
repetition: 32549
>passed!
repetition: 32550
>passed!
repetition: 32551
>passed!
repetition: 32552
>passed!
repetition: 32553
>passed!
repetition: 32554
>passed!
repetition: 32555
>passed!
repetition: 32556
>passed!
repetition: 32557
>passed!
repetition: 32558
>passed!
repetition: 32559
>passed!
repetition: 32560
>passed!
repetition: 32561
>passed!
repetition: 32562
>passed!
repetition: 32563
>passed!
repetition: 32564
>passed!
repetition: 32565
>passed!
repetition: 32566
>passed!
repetition: 32567
>passed!
repetition: 32568
>passed!
repetition: 32569
>passed!
repetition: 32570
>passed!
repetition: 32571
>passed!
repetition: 32572
>passed!
repetition: 32573
>passed!
repetition: 32574
>passed!
repetition: 32575
>passed!
repetition: 32576
>passed!
repetition: 32577
>passed!
repetition: 32578
>passed!
repetition: 32579
>passed!
repetition: 32580
>passed!
repetition: 32581
>passed!
repetition: 32582
>passed!
repetition: 32583
>passed!
repetition: 32584
>passed!
repetition: 32585
>passed!
repetition: 32586
>passed!
repetition: 32587
>passed!
repetition: 32588
>passed!
repetition: 32589
>passed!
repetition: 32590
>passed!
repetition: 32591
>passed!
repetition: 32592
>passed!
repetition: 32593
>passed!
repetition: 32594
>passed!
repetition: 32595
>passed!
repetition: 32596
>passed!
repetition: 32597
>passed!
repetition: 32598
>passed!
repetition: 32599
>passed!
repetition: 32600
>passed!
repetition: 32601
>passed!
repetition: 32602
>passed!
repetition: 32603
>passed!
repetition: 32604
>passed!
repetition: 32605
>passed!
repetition: 32606
>passed!
repetition: 32607
>passed!
repetition: 32608
>passed!
repetition: 32609
>passed!
repetition: 32610
>passed!
repetition: 32611
>passed!
repetition: 32612
>passed!
repetition: 32613
>passed!
repetition: 32614
>passed!
repetition: 32615
>passed!
repetition: 32616
>passed!
repetition: 32617
>passed!
repetition: 32618
>passed!
repetition: 32619
>passed!
repetition: 32620
>passed!
repetition: 32621
>passed!
repetition: 32622
>passed!
repetition: 32623
>passed!
repetition: 32624
>passed!
repetition: 32625
>passed!
repetition: 32626
>passed!
repetition: 32627
>passed!
repetition: 32628
>passed!
repetition: 32629
>passed!
repetition: 32630
>passed!
repetition: 32631
>passed!
repetition: 32632
>passed!
repetition: 32633
>passed!
repetition: 32634
>passed!
repetition: 32635
>passed!
repetition: 32636
>passed!
repetition: 32637
>passed!
repetition: 32638
>passed!
repetition: 32639
>passed!
repetition: 32640
>passed!
repetition: 32641
>passed!
repetition: 32642
>passed!
repetition: 32643
>passed!
repetition: 32644
>passed!
repetition: 32645
>passed!
repetition: 32646
>passed!
repetition: 32647
>passed!
repetition: 32648
>passed!
repetition: 32649
>passed!
repetition: 32650
>passed!
repetition: 32651
>passed!
repetition: 32652
>passed!
repetition: 32653
>passed!
repetition: 32654
>passed!
repetition: 32655
>passed!
repetition: 32656
>passed!
repetition: 32657
>passed!
repetition: 32658
>passed!
repetition: 32659
>passed!
repetition: 32660
>passed!
repetition: 32661
>passed!
repetition: 32662
>passed!
repetition: 32663
>passed!
repetition: 32664
>passed!
repetition: 32665
>passed!
repetition: 32666
>passed!
repetition: 32667
>passed!
repetition: 32668
>passed!
repetition: 32669
>passed!
repetition: 32670
>passed!
repetition: 32671
>passed!
repetition: 32672
>passed!
repetition: 32673
>passed!
repetition: 32674
>passed!
repetition: 32675
>passed!
repetition: 32676
>passed!
repetition: 32677
>passed!
repetition: 32678
>passed!
repetition: 32679
>passed!
repetition: 32680
>passed!
repetition: 32681
>passed!
repetition: 32682
>passed!
repetition: 32683
>passed!
repetition: 32684
>passed!
repetition: 32685
>passed!
repetition: 32686
>passed!
repetition: 32687
>passed!
repetition: 32688
>passed!
repetition: 32689
>passed!
repetition: 32690
>passed!
repetition: 32691
>passed!
repetition: 32692
>passed!
repetition: 32693
>passed!
repetition: 32694
>passed!
repetition: 32695
>passed!
repetition: 32696
>passed!
repetition: 32697
>passed!
repetition: 32698
>passed!
repetition: 32699
>passed!
repetition: 32700
>passed!
repetition: 32701
>passed!
repetition: 32702
>passed!
repetition: 32703
>passed!
repetition: 32704
>passed!
repetition: 32705
>passed!
repetition: 32706
>passed!
repetition: 32707
>passed!
repetition: 32708
>passed!
repetition: 32709
>passed!
repetition: 32710
>passed!
repetition: 32711
>passed!
repetition: 32712
>passed!
repetition: 32713
>passed!
repetition: 32714
>passed!
repetition: 32715
>passed!
repetition: 32716
>passed!
repetition: 32717
>passed!
repetition: 32718
>passed!
repetition: 32719
>passed!
repetition: 32720
>passed!
repetition: 32721
>passed!
repetition: 32722
>passed!
repetition: 32723
>passed!
repetition: 32724
>passed!
repetition: 32725
>passed!
repetition: 32726
>passed!
repetition: 32727
>passed!
repetition: 32728
>passed!
repetition: 32729
>passed!
repetition: 32730
>passed!
repetition: 32731
>passed!
repetition: 32732
>passed!
repetition: 32733
>passed!
repetition: 32734
>passed!
repetition: 32735
>passed!
repetition: 32736
>passed!
repetition: 32737
>passed!
repetition: 32738
>passed!
repetition: 32739
>passed!
repetition: 32740
>passed!
repetition: 32741
>passed!
repetition: 32742
>passed!
repetition: 32743
>passed!
repetition: 32744
>passed!
repetition: 32745
>passed!
repetition: 32746
>passed!
repetition: 32747
>passed!
repetition: 32748
>passed!
repetition: 32749
>passed!
repetition: 32750
>passed!
repetition: 32751
>passed!
repetition: 32752
>passed!
repetition: 32753
>passed!
repetition: 32754
>passed!
repetition: 32755
>passed!
repetition: 32756
>passed!
repetition: 32757
>passed!
repetition: 32758
>passed!
repetition: 32759
>passed!
repetition: 32760
>passed!
repetition: 32761
>passed!
repetition: 32762
>passed!
repetition: 32763
>passed!
repetition: 32764
>passed!
repetition: 32765
>passed!
repetition: 32766
>passed!
repetition: 32767
>passed!
repetition: 32768
>passed!
repetition: 32769
>passed!
repetition: 32770
>passed!
repetition: 32771
>passed!
repetition: 32772
>passed!
repetition: 32773
>passed!
repetition: 32774
>passed!
repetition: 32775
>passed!
repetition: 32776
>passed!
repetition: 32777
>passed!
repetition: 32778
>passed!
repetition: 32779
>passed!
repetition: 32780
>passed!
repetition: 32781
>passed!
repetition: 32782
>passed!
repetition: 32783
>passed!
repetition: 32784
>passed!
repetition: 32785
>passed!
repetition: 32786
>passed!
repetition: 32787
>passed!
repetition: 32788
>passed!
repetition: 32789
>passed!
repetition: 32790
>passed!
repetition: 32791
>passed!
repetition: 32792
>passed!
repetition: 32793
>passed!
repetition: 32794
>passed!
repetition: 32795
>passed!
repetition: 32796
>passed!
repetition: 32797
>passed!
repetition: 32798
>passed!
repetition: 32799
>passed!
repetition: 32800
>passed!
repetition: 32801
>passed!
repetition: 32802
>passed!
repetition: 32803
>passed!
repetition: 32804
>passed!
repetition: 32805
>passed!
repetition: 32806
>passed!
repetition: 32807
>passed!
repetition: 32808
>passed!
repetition: 32809
>passed!
repetition: 32810
>passed!
repetition: 32811
>passed!
repetition: 32812
>passed!
repetition: 32813
>passed!
repetition: 32814
>passed!
repetition: 32815
>passed!
repetition: 32816
>passed!
repetition: 32817
>passed!
repetition: 32818
>passed!
repetition: 32819
>passed!
repetition: 32820
>passed!
repetition: 32821
>passed!
repetition: 32822
>passed!
repetition: 32823
>passed!
repetition: 32824
>passed!
repetition: 32825
>passed!
repetition: 32826
>passed!
repetition: 32827
>passed!
repetition: 32828
>passed!
repetition: 32829
>passed!
repetition: 32830
>passed!
repetition: 32831
>passed!
repetition: 32832
>passed!
repetition: 32833
>passed!
repetition: 32834
>passed!
repetition: 32835
>passed!
repetition: 32836
>passed!
repetition: 32837
>passed!
repetition: 32838
>passed!
repetition: 32839
>passed!
repetition: 32840
>passed!
repetition: 32841
>passed!
repetition: 32842
>passed!
repetition: 32843
>passed!
repetition: 32844
>passed!
repetition: 32845
>passed!
repetition: 32846
>passed!
repetition: 32847
>passed!
repetition: 32848
>passed!
repetition: 32849
>passed!
repetition: 32850
>passed!
repetition: 32851
>passed!
repetition: 32852
>passed!
repetition: 32853
>passed!
repetition: 32854
>passed!
repetition: 32855
>passed!
repetition: 32856
>passed!
repetition: 32857
>passed!
repetition: 32858
>passed!
repetition: 32859
>passed!
repetition: 32860
>passed!
repetition: 32861
>passed!
repetition: 32862
>passed!
repetition: 32863
>passed!
repetition: 32864
>passed!
repetition: 32865
>passed!
repetition: 32866
>passed!
repetition: 32867
>passed!
repetition: 32868
>passed!
repetition: 32869
>passed!
repetition: 32870
>passed!
repetition: 32871
>passed!
repetition: 32872
>passed!
repetition: 32873
>passed!
repetition: 32874
>passed!
repetition: 32875
>passed!
repetition: 32876
>passed!
repetition: 32877
>passed!
repetition: 32878
>passed!
repetition: 32879
>passed!
repetition: 32880
>passed!
repetition: 32881
>passed!
repetition: 32882
>passed!
repetition: 32883
>passed!
repetition: 32884
>passed!
repetition: 32885
>passed!
repetition: 32886
>passed!
repetition: 32887
>passed!
repetition: 32888
>passed!
repetition: 32889
>passed!
repetition: 32890
>passed!
repetition: 32891
>passed!
repetition: 32892
>passed!
repetition: 32893
>passed!
repetition: 32894
>passed!
repetition: 32895
>passed!
repetition: 32896
>passed!
repetition: 32897
>passed!
repetition: 32898
>passed!
repetition: 32899
>passed!
repetition: 32900
>passed!
repetition: 32901
>passed!
repetition: 32902
>passed!
repetition: 32903
>passed!
repetition: 32904
>passed!
repetition: 32905
>passed!
repetition: 32906
>passed!
repetition: 32907
>passed!
repetition: 32908
>passed!
repetition: 32909
>passed!
repetition: 32910
>passed!
repetition: 32911
>passed!
repetition: 32912
>passed!
repetition: 32913
>passed!
repetition: 32914
>passed!
repetition: 32915
>passed!
repetition: 32916
>passed!
repetition: 32917
>passed!
repetition: 32918
>passed!
repetition: 32919
>passed!
repetition: 32920
>passed!
repetition: 32921
>passed!
repetition: 32922
>passed!
repetition: 32923
>passed!
repetition: 32924
>passed!
repetition: 32925
>passed!
repetition: 32926
>passed!
repetition: 32927
>passed!
repetition: 32928
>passed!
repetition: 32929
>passed!
repetition: 32930
>passed!
repetition: 32931
>passed!
repetition: 32932
>passed!
repetition: 32933
>passed!
repetition: 32934
>passed!
repetition: 32935
>passed!
repetition: 32936
>passed!
repetition: 32937
>passed!
repetition: 32938
>passed!
repetition: 32939
>passed!
repetition: 32940
>passed!
repetition: 32941
>passed!
repetition: 32942
>passed!
repetition: 32943
>passed!
repetition: 32944
>passed!
repetition: 32945
>passed!
repetition: 32946
>passed!
repetition: 32947
>passed!
repetition: 32948
>passed!
repetition: 32949
>passed!
repetition: 32950
>passed!
repetition: 32951
>passed!
repetition: 32952
>passed!
repetition: 32953
>passed!
repetition: 32954
>passed!
repetition: 32955
>passed!
repetition: 32956
>passed!
repetition: 32957
>passed!
repetition: 32958
>passed!
repetition: 32959
>passed!
repetition: 32960
>passed!
repetition: 32961
>passed!
repetition: 32962
>passed!
repetition: 32963
>passed!
repetition: 32964
>passed!
repetition: 32965
>passed!
repetition: 32966
>passed!
repetition: 32967
>passed!
repetition: 32968
>passed!
repetition: 32969
>passed!
repetition: 32970
>passed!
repetition: 32971
>passed!
repetition: 32972
>passed!
repetition: 32973
>passed!
repetition: 32974
>passed!
repetition: 32975
>passed!
repetition: 32976
>passed!
repetition: 32977
>passed!
repetition: 32978
>passed!
repetition: 32979
>passed!
repetition: 32980
>passed!
repetition: 32981
>passed!
repetition: 32982
>passed!
repetition: 32983
>passed!
repetition: 32984
>passed!
repetition: 32985
>passed!
repetition: 32986
>passed!
repetition: 32987
>passed!
repetition: 32988
>passed!
repetition: 32989
>passed!
repetition: 32990
>passed!
repetition: 32991
>passed!
repetition: 32992
>passed!
repetition: 32993
>passed!
repetition: 32994
>passed!
repetition: 32995
>passed!
repetition: 32996
>passed!
repetition: 32997
>passed!
repetition: 32998
>passed!
repetition: 32999
>passed!
repetition: 33000
>passed!
repetition: 33001
>passed!
repetition: 33002
>passed!
repetition: 33003
>passed!
repetition: 33004
>passed!
repetition: 33005
>passed!
repetition: 33006
>passed!
repetition: 33007
>passed!
repetition: 33008
>passed!
repetition: 33009
>passed!
repetition: 33010
>passed!
repetition: 33011
>passed!
repetition: 33012
>passed!
repetition: 33013
>passed!
repetition: 33014
>passed!
repetition: 33015
>passed!
repetition: 33016
>passed!
repetition: 33017
>passed!
repetition: 33018
>passed!
repetition: 33019
>passed!
repetition: 33020
>passed!
repetition: 33021
>passed!
repetition: 33022
>passed!
repetition: 33023
>passed!
repetition: 33024
>passed!
repetition: 33025
>passed!
repetition: 33026
>passed!
repetition: 33027
>passed!
repetition: 33028
>passed!
repetition: 33029
>passed!
repetition: 33030
>passed!
repetition: 33031
>passed!
repetition: 33032
>passed!
repetition: 33033
>passed!
repetition: 33034
>passed!
repetition: 33035
>passed!
repetition: 33036
>passed!
repetition: 33037
>passed!
repetition: 33038
>passed!
repetition: 33039
>passed!
repetition: 33040
>passed!
repetition: 33041
>passed!
repetition: 33042
>passed!
repetition: 33043
>passed!
repetition: 33044
>passed!
repetition: 33045
>passed!
repetition: 33046
>passed!
repetition: 33047
>passed!
repetition: 33048
>passed!
repetition: 33049
>passed!
repetition: 33050
>passed!
repetition: 33051
>passed!
repetition: 33052
>passed!
repetition: 33053
>passed!
repetition: 33054
>passed!
repetition: 33055
>passed!
repetition: 33056
>passed!
repetition: 33057
>passed!
repetition: 33058
>passed!
repetition: 33059
>passed!
repetition: 33060
>passed!
repetition: 33061
>passed!
repetition: 33062
>passed!
repetition: 33063
>passed!
repetition: 33064
>passed!
repetition: 33065
>passed!
repetition: 33066
>passed!
repetition: 33067
>passed!
repetition: 33068
>passed!
repetition: 33069
>passed!
repetition: 33070
>passed!
repetition: 33071
>passed!
repetition: 33072
>passed!
repetition: 33073
>passed!
repetition: 33074
>passed!
repetition: 33075
>passed!
repetition: 33076
>passed!
repetition: 33077
>passed!
repetition: 33078
>passed!
repetition: 33079
>passed!
repetition: 33080
>passed!
repetition: 33081
>passed!
repetition: 33082
>passed!
repetition: 33083
>passed!
repetition: 33084
>passed!
repetition: 33085
>passed!
repetition: 33086
>passed!
repetition: 33087
>passed!
repetition: 33088
>passed!
repetition: 33089
>passed!
repetition: 33090
>passed!
repetition: 33091
>passed!
repetition: 33092
>passed!
repetition: 33093
>passed!
repetition: 33094
>passed!
repetition: 33095
>passed!
repetition: 33096
>passed!
repetition: 33097
>passed!
repetition: 33098
>passed!
repetition: 33099
>passed!
repetition: 33100
>passed!
repetition: 33101
>passed!
repetition: 33102
>passed!
repetition: 33103
>passed!
repetition: 33104
>passed!
repetition: 33105
>passed!
repetition: 33106
>passed!
repetition: 33107
>passed!
repetition: 33108
>passed!
repetition: 33109
>passed!
repetition: 33110
>passed!
repetition: 33111
>passed!
repetition: 33112
>passed!
repetition: 33113
>passed!
repetition: 33114
>passed!
repetition: 33115
>passed!
repetition: 33116
>passed!
repetition: 33117
>passed!
repetition: 33118
>passed!
repetition: 33119
>passed!
repetition: 33120
>passed!
repetition: 33121
>passed!
repetition: 33122
>passed!
repetition: 33123
>passed!
repetition: 33124
>passed!
repetition: 33125
>passed!
repetition: 33126
>passed!
repetition: 33127
>passed!
repetition: 33128
>passed!
repetition: 33129
>passed!
repetition: 33130
>passed!
repetition: 33131
>passed!
repetition: 33132
>passed!
repetition: 33133
>passed!
repetition: 33134
>passed!
repetition: 33135
>passed!
repetition: 33136
>passed!
repetition: 33137
>passed!
repetition: 33138
>passed!
repetition: 33139
>passed!
repetition: 33140
>passed!
repetition: 33141
>passed!
repetition: 33142
>passed!
repetition: 33143
>passed!
repetition: 33144
>passed!
repetition: 33145
>passed!
repetition: 33146
>passed!
repetition: 33147
>passed!
repetition: 33148
>passed!
repetition: 33149
>passed!
repetition: 33150
>passed!
repetition: 33151
>passed!
repetition: 33152
>passed!
repetition: 33153
>passed!
repetition: 33154
>passed!
repetition: 33155
>passed!
repetition: 33156
>passed!
repetition: 33157
>passed!
repetition: 33158
>passed!
repetition: 33159
>passed!
repetition: 33160
>passed!
repetition: 33161
>passed!
repetition: 33162
>passed!
repetition: 33163
>passed!
repetition: 33164
>passed!
repetition: 33165
>passed!
repetition: 33166
>passed!
repetition: 33167
>passed!
repetition: 33168
>passed!
repetition: 33169
>passed!
repetition: 33170
>passed!
repetition: 33171
>passed!
repetition: 33172
>passed!
repetition: 33173
>passed!
repetition: 33174
>passed!
repetition: 33175
>passed!
repetition: 33176
>passed!
repetition: 33177
>passed!
repetition: 33178
>passed!
repetition: 33179
>passed!
repetition: 33180
>passed!
repetition: 33181
>passed!
repetition: 33182
>passed!
repetition: 33183
>passed!
repetition: 33184
>passed!
repetition: 33185
>passed!
repetition: 33186
>passed!
repetition: 33187
>passed!
repetition: 33188
>passed!
repetition: 33189
>passed!
repetition: 33190
>passed!
repetition: 33191
>passed!
repetition: 33192
>passed!
repetition: 33193
>passed!
repetition: 33194
>passed!
repetition: 33195
>passed!
repetition: 33196
>passed!
repetition: 33197
>passed!
repetition: 33198
>passed!
repetition: 33199
>passed!
repetition: 33200
>passed!
repetition: 33201
>passed!
repetition: 33202
>passed!
repetition: 33203
>passed!
repetition: 33204
>passed!
repetition: 33205
>passed!
repetition: 33206
>passed!
repetition: 33207
>passed!
repetition: 33208
>passed!
repetition: 33209
>passed!
repetition: 33210
>passed!
repetition: 33211
>passed!
repetition: 33212
>passed!
repetition: 33213
>passed!
repetition: 33214
>passed!
repetition: 33215
>passed!
repetition: 33216
>passed!
repetition: 33217
>passed!
repetition: 33218
>passed!
repetition: 33219
>passed!
repetition: 33220
>passed!
repetition: 33221
>passed!
repetition: 33222
>passed!
repetition: 33223
>passed!
repetition: 33224
>passed!
repetition: 33225
>passed!
repetition: 33226
>passed!
repetition: 33227
>passed!
repetition: 33228
>passed!
repetition: 33229
>passed!
repetition: 33230
>passed!
repetition: 33231
>passed!
repetition: 33232
>passed!
repetition: 33233
>passed!
repetition: 33234
>passed!
repetition: 33235
>passed!
repetition: 33236
>passed!
repetition: 33237
>passed!
repetition: 33238
>passed!
repetition: 33239
>passed!
repetition: 33240
>passed!
repetition: 33241
>passed!
repetition: 33242
>passed!
repetition: 33243
>passed!
repetition: 33244
>passed!
repetition: 33245
>passed!
repetition: 33246
>passed!
repetition: 33247
>passed!
repetition: 33248
>passed!
repetition: 33249
>passed!
repetition: 33250
>passed!
repetition: 33251
>passed!
repetition: 33252
>passed!
repetition: 33253
>passed!
repetition: 33254
>passed!
repetition: 33255
>passed!
repetition: 33256
>passed!
repetition: 33257
>passed!
repetition: 33258
>passed!
repetition: 33259
>passed!
repetition: 33260
>passed!
repetition: 33261
>passed!
repetition: 33262
>passed!
repetition: 33263
>passed!
repetition: 33264
>passed!
repetition: 33265
>passed!
repetition: 33266
>passed!
repetition: 33267
>passed!
repetition: 33268
>passed!
repetition: 33269
>passed!
repetition: 33270
>passed!
repetition: 33271
>passed!
repetition: 33272
>passed!
repetition: 33273
>passed!
repetition: 33274
>passed!
repetition: 33275
>passed!
repetition: 33276
>passed!
repetition: 33277
>passed!
repetition: 33278
>passed!
repetition: 33279
>passed!
repetition: 33280
>passed!
repetition: 33281
>passed!
repetition: 33282
>passed!
repetition: 33283
>passed!
repetition: 33284
>passed!
repetition: 33285
>passed!
repetition: 33286
>passed!
repetition: 33287
>passed!
repetition: 33288
>passed!
repetition: 33289
>passed!
repetition: 33290
>passed!
repetition: 33291
>passed!
repetition: 33292
>passed!
repetition: 33293
>passed!
repetition: 33294
>passed!
repetition: 33295
>passed!
repetition: 33296
>passed!
repetition: 33297
>passed!
repetition: 33298
>passed!
repetition: 33299
>passed!
repetition: 33300
>passed!
repetition: 33301
>passed!
repetition: 33302
>passed!
repetition: 33303
>passed!
repetition: 33304
>passed!
repetition: 33305
>passed!
repetition: 33306
>passed!
repetition: 33307
>passed!
repetition: 33308
>passed!
repetition: 33309
>passed!
repetition: 33310
>passed!
repetition: 33311
>passed!
repetition: 33312
>passed!
repetition: 33313
>passed!
repetition: 33314
>passed!
repetition: 33315
>passed!
repetition: 33316
>passed!
repetition: 33317
>passed!
repetition: 33318
>passed!
repetition: 33319
>passed!
repetition: 33320
>passed!
repetition: 33321
>passed!
repetition: 33322
>passed!
repetition: 33323
>passed!
repetition: 33324
>passed!
repetition: 33325
>passed!
repetition: 33326
>passed!
repetition: 33327
>passed!
repetition: 33328
>passed!
repetition: 33329
>passed!
repetition: 33330
>passed!
repetition: 33331
>passed!
repetition: 33332
>passed!
repetition: 33333
>passed!
repetition: 33334
>passed!
repetition: 33335
>passed!
repetition: 33336
>passed!
repetition: 33337
>passed!
repetition: 33338
>passed!
repetition: 33339
>passed!
repetition: 33340
>passed!
repetition: 33341
>passed!
repetition: 33342
>passed!
repetition: 33343
>passed!
repetition: 33344
>passed!
repetition: 33345
>passed!
repetition: 33346
>passed!
repetition: 33347
>passed!
repetition: 33348
>passed!
repetition: 33349
>passed!
repetition: 33350
>passed!
repetition: 33351
>passed!
repetition: 33352
>passed!
repetition: 33353
>passed!
repetition: 33354
>passed!
repetition: 33355
>passed!
repetition: 33356
>passed!
repetition: 33357
>passed!
repetition: 33358
>passed!
repetition: 33359
>passed!
repetition: 33360
>passed!
repetition: 33361
>passed!
repetition: 33362
>passed!
repetition: 33363
>passed!
repetition: 33364
>passed!
repetition: 33365
>passed!
repetition: 33366
>passed!
repetition: 33367
>passed!
repetition: 33368
>passed!
repetition: 33369
>passed!
repetition: 33370
>passed!
repetition: 33371
>passed!
repetition: 33372
>passed!
repetition: 33373
>passed!
repetition: 33374
>passed!
repetition: 33375
>passed!
repetition: 33376
>passed!
repetition: 33377
>passed!
repetition: 33378
>passed!
repetition: 33379
>passed!
repetition: 33380
>passed!
repetition: 33381
>passed!
repetition: 33382
>passed!
repetition: 33383
>passed!
repetition: 33384
>passed!
repetition: 33385
>passed!
repetition: 33386
>passed!
repetition: 33387
>passed!
repetition: 33388
>passed!
repetition: 33389
>passed!
repetition: 33390
>passed!
repetition: 33391
>passed!
repetition: 33392
>passed!
repetition: 33393
>passed!
repetition: 33394
>passed!
repetition: 33395
>passed!
repetition: 33396
>passed!
repetition: 33397
>passed!
repetition: 33398
>passed!
repetition: 33399
>passed!
repetition: 33400
>passed!
repetition: 33401
>passed!
repetition: 33402
>passed!
repetition: 33403
>passed!
repetition: 33404
>passed!
repetition: 33405
>passed!
repetition: 33406
>passed!
repetition: 33407
>passed!
repetition: 33408
>passed!
repetition: 33409
>passed!
repetition: 33410
>passed!
repetition: 33411
>passed!
repetition: 33412
>passed!
repetition: 33413
>passed!
repetition: 33414
>passed!
repetition: 33415
>passed!
repetition: 33416
>passed!
repetition: 33417
>passed!
repetition: 33418
>passed!
repetition: 33419
>passed!
repetition: 33420
>passed!
repetition: 33421
>passed!
repetition: 33422
>passed!
repetition: 33423
>passed!
repetition: 33424
>passed!
repetition: 33425
>passed!
repetition: 33426
>passed!
repetition: 33427
>passed!
repetition: 33428
>passed!
repetition: 33429
>passed!
repetition: 33430
>passed!
repetition: 33431
>passed!
repetition: 33432
>passed!
repetition: 33433
>passed!
repetition: 33434
>passed!
repetition: 33435
>passed!
repetition: 33436
>passed!
repetition: 33437
>passed!
repetition: 33438
>passed!
repetition: 33439
>passed!
repetition: 33440
>passed!
repetition: 33441
>passed!
repetition: 33442
>passed!
repetition: 33443
>passed!
repetition: 33444
>passed!
repetition: 33445
>passed!
repetition: 33446
>passed!
repetition: 33447
>passed!
repetition: 33448
>passed!
repetition: 33449
>passed!
repetition: 33450
>passed!
repetition: 33451
>passed!
repetition: 33452
>passed!
repetition: 33453
>passed!
repetition: 33454
>passed!
repetition: 33455
>passed!
repetition: 33456
>passed!
repetition: 33457
>passed!
repetition: 33458
>passed!
repetition: 33459
>passed!
repetition: 33460
>passed!
repetition: 33461
>passed!
repetition: 33462
>passed!
repetition: 33463
>passed!
repetition: 33464
>passed!
repetition: 33465
>passed!
repetition: 33466
>passed!
repetition: 33467
>passed!
repetition: 33468
>passed!
repetition: 33469
>passed!
repetition: 33470
>passed!
repetition: 33471
>passed!
repetition: 33472
>passed!
repetition: 33473
>passed!
repetition: 33474
>passed!
repetition: 33475
>passed!
repetition: 33476
>passed!
repetition: 33477
>passed!
repetition: 33478
>passed!
repetition: 33479
>passed!
repetition: 33480
>passed!
repetition: 33481
>passed!
repetition: 33482
>passed!
repetition: 33483
>passed!
repetition: 33484
>passed!
repetition: 33485
>passed!
repetition: 33486
>passed!
repetition: 33487
>passed!
repetition: 33488
>passed!
repetition: 33489
>passed!
repetition: 33490
>passed!
repetition: 33491
>passed!
repetition: 33492
>passed!
repetition: 33493
>passed!
repetition: 33494
>passed!
repetition: 33495
>passed!
repetition: 33496
>passed!
repetition: 33497
>passed!
repetition: 33498
>passed!
repetition: 33499
>passed!
repetition: 33500
>passed!
repetition: 33501
>passed!
repetition: 33502
>passed!
repetition: 33503
>passed!
repetition: 33504
>passed!
repetition: 33505
>passed!
repetition: 33506
>passed!
repetition: 33507
>passed!
repetition: 33508
>passed!
repetition: 33509
>passed!
repetition: 33510
>passed!
repetition: 33511
>passed!
repetition: 33512
>passed!
repetition: 33513
>passed!
repetition: 33514
>passed!
repetition: 33515
>passed!
repetition: 33516
>passed!
repetition: 33517
>passed!
repetition: 33518
>passed!
repetition: 33519
>passed!
repetition: 33520
>passed!
repetition: 33521
>passed!
repetition: 33522
>passed!
repetition: 33523
>passed!
repetition: 33524
>passed!
repetition: 33525
>passed!
repetition: 33526
>passed!
repetition: 33527
>passed!
repetition: 33528
>passed!
repetition: 33529
>passed!
repetition: 33530
>passed!
repetition: 33531
>passed!
repetition: 33532
>passed!
repetition: 33533
>passed!
repetition: 33534
>passed!
repetition: 33535
>passed!
repetition: 33536
>passed!
repetition: 33537
>passed!
repetition: 33538
>passed!
repetition: 33539
>passed!
repetition: 33540
>passed!
repetition: 33541
>passed!
repetition: 33542
>passed!
repetition: 33543
>passed!
repetition: 33544
>passed!
repetition: 33545
>passed!
repetition: 33546
>passed!
repetition: 33547
>passed!
repetition: 33548
>passed!
repetition: 33549
>passed!
repetition: 33550
>passed!
repetition: 33551
>passed!
repetition: 33552
>passed!
repetition: 33553
>passed!
repetition: 33554
>passed!
repetition: 33555
>passed!
repetition: 33556
>passed!
repetition: 33557
>passed!
repetition: 33558
>passed!
repetition: 33559
>passed!
repetition: 33560
>passed!
repetition: 33561
>passed!
repetition: 33562
>passed!
repetition: 33563
>passed!
repetition: 33564
>passed!
repetition: 33565
>passed!
repetition: 33566
>passed!
repetition: 33567
>passed!
repetition: 33568
>passed!
repetition: 33569
>passed!
repetition: 33570
>passed!
repetition: 33571
>passed!
repetition: 33572
>passed!
repetition: 33573
>passed!
repetition: 33574
>passed!
repetition: 33575
>passed!
repetition: 33576
>passed!
repetition: 33577
>passed!
repetition: 33578
>passed!
repetition: 33579
>passed!
repetition: 33580
>passed!
repetition: 33581
>passed!
repetition: 33582
>passed!
repetition: 33583
>passed!
repetition: 33584
>passed!
repetition: 33585
>passed!
repetition: 33586
>passed!
repetition: 33587
>passed!
repetition: 33588
>passed!
repetition: 33589
>passed!
repetition: 33590
>passed!
repetition: 33591
>passed!
repetition: 33592
>passed!
repetition: 33593
>passed!
repetition: 33594
>passed!
repetition: 33595
>passed!
repetition: 33596
>passed!
repetition: 33597
>passed!
repetition: 33598
>passed!
repetition: 33599
>passed!
repetition: 33600
>passed!
repetition: 33601
>passed!
repetition: 33602
>passed!
repetition: 33603
>passed!
repetition: 33604
>passed!
repetition: 33605
>passed!
repetition: 33606
>passed!
repetition: 33607
>passed!
repetition: 33608
>passed!
repetition: 33609
>passed!
repetition: 33610
>passed!
repetition: 33611
>passed!
repetition: 33612
>passed!
repetition: 33613
>passed!
repetition: 33614
>passed!
repetition: 33615
>passed!
repetition: 33616
>passed!
repetition: 33617
>passed!
repetition: 33618
>passed!
repetition: 33619
>passed!
repetition: 33620
>passed!
repetition: 33621
>passed!
repetition: 33622
>passed!
repetition: 33623
>passed!
repetition: 33624
>passed!
repetition: 33625
>passed!
repetition: 33626
>passed!
repetition: 33627
>passed!
repetition: 33628
>passed!
repetition: 33629
>passed!
repetition: 33630
>passed!
repetition: 33631
>passed!
repetition: 33632
>passed!
repetition: 33633
>passed!
repetition: 33634
>passed!
repetition: 33635
>passed!
repetition: 33636
>passed!
repetition: 33637
>passed!
repetition: 33638
>passed!
repetition: 33639
>passed!
repetition: 33640
>passed!
repetition: 33641
>passed!
repetition: 33642
>passed!
repetition: 33643
>passed!
repetition: 33644
>passed!
repetition: 33645
>passed!
repetition: 33646
>passed!
repetition: 33647
>passed!
repetition: 33648
>passed!
repetition: 33649
>passed!
repetition: 33650
>passed!
repetition: 33651
>passed!
repetition: 33652
>passed!
repetition: 33653
>passed!
repetition: 33654
>passed!
repetition: 33655
>passed!
repetition: 33656
>passed!
repetition: 33657
>passed!
repetition: 33658
>passed!
repetition: 33659
>passed!
repetition: 33660
>passed!
repetition: 33661
>passed!
repetition: 33662
>passed!
repetition: 33663
>passed!
repetition: 33664
>passed!
repetition: 33665
>passed!
repetition: 33666
>passed!
repetition: 33667
>passed!
repetition: 33668
>passed!
repetition: 33669
>passed!
repetition: 33670
>passed!
repetition: 33671
>passed!
repetition: 33672
>passed!
repetition: 33673
>passed!
repetition: 33674
>passed!
repetition: 33675
>passed!
repetition: 33676
>passed!
repetition: 33677
>passed!
repetition: 33678
>passed!
repetition: 33679
>passed!
repetition: 33680
>passed!
repetition: 33681
>passed!
repetition: 33682
>passed!
repetition: 33683
>passed!
repetition: 33684
>passed!
repetition: 33685
>passed!
repetition: 33686
>passed!
repetition: 33687
>passed!
repetition: 33688
>passed!
repetition: 33689
>passed!
repetition: 33690
>passed!
repetition: 33691
>passed!
repetition: 33692
>passed!
repetition: 33693
>passed!
repetition: 33694
>passed!
repetition: 33695
>passed!
repetition: 33696
>passed!
repetition: 33697
>passed!
repetition: 33698
>passed!
repetition: 33699
>passed!
repetition: 33700
>passed!
repetition: 33701
>passed!
repetition: 33702
>passed!
repetition: 33703
>passed!
repetition: 33704
>passed!
repetition: 33705
>passed!
repetition: 33706
>passed!
repetition: 33707
>passed!
repetition: 33708
>passed!
repetition: 33709
>passed!
repetition: 33710
>passed!
repetition: 33711
>passed!
repetition: 33712
>passed!
repetition: 33713
>passed!
repetition: 33714
>passed!
repetition: 33715
>passed!
repetition: 33716
>passed!
repetition: 33717
>passed!
repetition: 33718
>passed!
repetition: 33719
>passed!
repetition: 33720
>passed!
repetition: 33721
>passed!
repetition: 33722
>passed!
repetition: 33723
>passed!
repetition: 33724
>passed!
repetition: 33725
>passed!
repetition: 33726
>passed!
repetition: 33727
>passed!
repetition: 33728
>passed!
repetition: 33729
>passed!
repetition: 33730
>passed!
repetition: 33731
>passed!
repetition: 33732
>passed!
repetition: 33733
>passed!
repetition: 33734
>passed!
repetition: 33735
>passed!
repetition: 33736
>passed!
repetition: 33737
>passed!
repetition: 33738
>passed!
repetition: 33739
>passed!
repetition: 33740
>passed!
repetition: 33741
>passed!
repetition: 33742
>passed!
repetition: 33743
>passed!
repetition: 33744
>passed!
repetition: 33745
>passed!
repetition: 33746
>passed!
repetition: 33747
>passed!
repetition: 33748
>passed!
repetition: 33749
>passed!
repetition: 33750
>passed!
repetition: 33751
>passed!
repetition: 33752
>passed!
repetition: 33753
>passed!
repetition: 33754
>passed!
repetition: 33755
>passed!
repetition: 33756
>passed!
repetition: 33757
>passed!
repetition: 33758
>passed!
repetition: 33759
>passed!
repetition: 33760
>passed!
repetition: 33761
>passed!
repetition: 33762
>passed!
repetition: 33763
>passed!
repetition: 33764
>passed!
repetition: 33765
>passed!
repetition: 33766
>passed!
repetition: 33767
>passed!
repetition: 33768
>passed!
repetition: 33769
>passed!
repetition: 33770
>passed!
repetition: 33771
>passed!
repetition: 33772
>passed!
repetition: 33773
>passed!
repetition: 33774
>passed!
repetition: 33775
>passed!
repetition: 33776
>passed!
repetition: 33777
>passed!
repetition: 33778
>passed!
repetition: 33779
>passed!
repetition: 33780
>passed!
repetition: 33781
>passed!
repetition: 33782
>passed!
repetition: 33783
>passed!
repetition: 33784
>passed!
repetition: 33785
>passed!
repetition: 33786
>passed!
repetition: 33787
>passed!
repetition: 33788
>passed!
repetition: 33789
>passed!
repetition: 33790
>passed!
repetition: 33791
>passed!
repetition: 33792
>passed!
repetition: 33793
>passed!
repetition: 33794
>passed!
repetition: 33795
>passed!
repetition: 33796
>passed!
repetition: 33797
>passed!
repetition: 33798
>passed!
repetition: 33799
>passed!
repetition: 33800
>passed!
repetition: 33801
>passed!
repetition: 33802
>passed!
repetition: 33803
>passed!
repetition: 33804
>passed!
repetition: 33805
>passed!
repetition: 33806
>passed!
repetition: 33807
>passed!
repetition: 33808
>passed!
repetition: 33809
>passed!
repetition: 33810
>passed!
repetition: 33811
>passed!
repetition: 33812
>passed!
repetition: 33813
>passed!
repetition: 33814
>passed!
repetition: 33815
>passed!
repetition: 33816
>passed!
repetition: 33817
>passed!
repetition: 33818
>passed!
repetition: 33819
>passed!
repetition: 33820
>passed!
repetition: 33821
>passed!
repetition: 33822
>passed!
repetition: 33823
>passed!
repetition: 33824
>passed!
repetition: 33825
>passed!
repetition: 33826
>passed!
repetition: 33827
>passed!
repetition: 33828
>passed!
repetition: 33829
>passed!
repetition: 33830
>passed!
repetition: 33831
>passed!
repetition: 33832
>passed!
repetition: 33833
>passed!
repetition: 33834
>passed!
repetition: 33835
>passed!
repetition: 33836
>passed!
repetition: 33837
>passed!
repetition: 33838
>passed!
repetition: 33839
>passed!
repetition: 33840
>passed!
repetition: 33841
>passed!
repetition: 33842
>passed!
repetition: 33843
>passed!
repetition: 33844
>passed!
repetition: 33845
>passed!
repetition: 33846
>passed!
repetition: 33847
>passed!
repetition: 33848
>passed!
repetition: 33849
>passed!
repetition: 33850
>passed!
repetition: 33851
>passed!
repetition: 33852
>passed!
repetition: 33853
>passed!
repetition: 33854
>passed!
repetition: 33855
>passed!
repetition: 33856
>passed!
repetition: 33857
>passed!
repetition: 33858
>passed!
repetition: 33859
>passed!
repetition: 33860
>passed!
repetition: 33861
>passed!
repetition: 33862
>passed!
repetition: 33863
>passed!
repetition: 33864
>passed!
repetition: 33865
>passed!
repetition: 33866
>passed!
repetition: 33867
>passed!
repetition: 33868
>passed!
repetition: 33869
>passed!
repetition: 33870
>passed!
repetition: 33871
>passed!
repetition: 33872
>passed!
repetition: 33873
>passed!
repetition: 33874
>passed!
repetition: 33875
>passed!
repetition: 33876
>passed!
repetition: 33877
>passed!
repetition: 33878
>passed!
repetition: 33879
>passed!
repetition: 33880
>passed!
repetition: 33881
>passed!
repetition: 33882
>passed!
repetition: 33883
>passed!
repetition: 33884
>passed!
repetition: 33885
>passed!
repetition: 33886
>passed!
repetition: 33887
>passed!
repetition: 33888
>passed!
repetition: 33889
>passed!
repetition: 33890
>passed!
repetition: 33891
>passed!
repetition: 33892
>passed!
repetition: 33893
>passed!
repetition: 33894
>passed!
repetition: 33895
>passed!
repetition: 33896
>passed!
repetition: 33897
>passed!
repetition: 33898
>passed!
repetition: 33899
>passed!
repetition: 33900
>passed!
repetition: 33901
>passed!
repetition: 33902
>passed!
repetition: 33903
>passed!
repetition: 33904
>passed!
repetition: 33905
>passed!
repetition: 33906
>passed!
repetition: 33907
>passed!
repetition: 33908
>passed!
repetition: 33909
>passed!
repetition: 33910
>passed!
repetition: 33911
>passed!
repetition: 33912
>passed!
repetition: 33913
>passed!
repetition: 33914
>passed!
repetition: 33915
>passed!
repetition: 33916
>passed!
repetition: 33917
>passed!
repetition: 33918
>passed!
repetition: 33919
>passed!
repetition: 33920
>passed!
repetition: 33921
>passed!
repetition: 33922
>passed!
repetition: 33923
>passed!
repetition: 33924
>passed!
repetition: 33925
>passed!
repetition: 33926
>passed!
repetition: 33927
>passed!
repetition: 33928
>passed!
repetition: 33929
>passed!
repetition: 33930
>passed!
repetition: 33931
>passed!
repetition: 33932
>passed!
repetition: 33933
>passed!
repetition: 33934
>passed!
repetition: 33935
>passed!
repetition: 33936
>passed!
repetition: 33937
>passed!
repetition: 33938
>passed!
repetition: 33939
>passed!
repetition: 33940
>passed!
repetition: 33941
>passed!
repetition: 33942
>passed!
repetition: 33943
>passed!
repetition: 33944
>passed!
repetition: 33945
>passed!
repetition: 33946
>passed!
repetition: 33947
>passed!
repetition: 33948
>passed!
repetition: 33949
>passed!
repetition: 33950
>passed!
repetition: 33951
>passed!
repetition: 33952
>passed!
repetition: 33953
>passed!
repetition: 33954
>passed!
repetition: 33955
>passed!
repetition: 33956
>passed!
repetition: 33957
>passed!
repetition: 33958
>passed!
repetition: 33959
>passed!
repetition: 33960
>passed!
repetition: 33961
>passed!
repetition: 33962
>passed!
repetition: 33963
>passed!
repetition: 33964
>passed!
repetition: 33965
>passed!
repetition: 33966
>passed!
repetition: 33967
>passed!
repetition: 33968
>passed!
repetition: 33969
>passed!
repetition: 33970
>passed!
repetition: 33971
>passed!
repetition: 33972
>passed!
repetition: 33973
>passed!
repetition: 33974
>passed!
repetition: 33975
>passed!
repetition: 33976
>passed!
repetition: 33977
>passed!
repetition: 33978
>passed!
repetition: 33979
>passed!
repetition: 33980
>passed!
repetition: 33981
>passed!
repetition: 33982
>passed!
repetition: 33983
>passed!
repetition: 33984
>passed!
repetition: 33985
>passed!
repetition: 33986
>passed!
repetition: 33987
>passed!
repetition: 33988
>passed!
repetition: 33989
>passed!
repetition: 33990
>passed!
repetition: 33991
>passed!
repetition: 33992
>passed!
repetition: 33993
>passed!
repetition: 33994
>passed!
repetition: 33995
>passed!
repetition: 33996
>passed!
repetition: 33997
>passed!
repetition: 33998
>passed!
repetition: 33999
>passed!
repetition: 34000
>passed!
repetition: 34001
>passed!
repetition: 34002
>passed!
repetition: 34003
>passed!
repetition: 34004
>passed!
repetition: 34005
>passed!
repetition: 34006
>passed!
repetition: 34007
>passed!
repetition: 34008
>passed!
repetition: 34009
>passed!
repetition: 34010
>passed!
repetition: 34011
>passed!
repetition: 34012
>passed!
repetition: 34013
>passed!
repetition: 34014
>passed!
repetition: 34015
>passed!
repetition: 34016
>passed!
repetition: 34017
>passed!
repetition: 34018
>passed!
repetition: 34019
>passed!
repetition: 34020
>passed!
repetition: 34021
>passed!
repetition: 34022
>passed!
repetition: 34023
>passed!
repetition: 34024
>passed!
repetition: 34025
>passed!
repetition: 34026
>passed!
repetition: 34027
>passed!
repetition: 34028
>passed!
repetition: 34029
>passed!
repetition: 34030
>passed!
repetition: 34031
>passed!
repetition: 34032
>passed!
repetition: 34033
>passed!
repetition: 34034
>passed!
repetition: 34035
>passed!
repetition: 34036
>passed!
repetition: 34037
>passed!
repetition: 34038
>passed!
repetition: 34039
>passed!
repetition: 34040
>passed!
repetition: 34041
>passed!
repetition: 34042
>passed!
repetition: 34043
>passed!
repetition: 34044
>passed!
repetition: 34045
>passed!
repetition: 34046
>passed!
repetition: 34047
>passed!
repetition: 34048
>passed!
repetition: 34049
>passed!
repetition: 34050
>passed!
repetition: 34051
>passed!
repetition: 34052
>passed!
repetition: 34053
>passed!
repetition: 34054
>passed!
repetition: 34055
>passed!
repetition: 34056
>passed!
repetition: 34057
>passed!
repetition: 34058
>passed!
repetition: 34059
>passed!
repetition: 34060
>passed!
repetition: 34061
>passed!
repetition: 34062
>passed!
repetition: 34063
>passed!
repetition: 34064
>passed!
repetition: 34065
>passed!
repetition: 34066
>passed!
repetition: 34067
>passed!
repetition: 34068
>passed!
repetition: 34069
>passed!
repetition: 34070
>passed!
repetition: 34071
>passed!
repetition: 34072
>passed!
repetition: 34073
>passed!
repetition: 34074
>passed!
repetition: 34075
>passed!
repetition: 34076
>passed!
repetition: 34077
>passed!
repetition: 34078
>passed!
repetition: 34079
>passed!
repetition: 34080
>passed!
repetition: 34081
>passed!
repetition: 34082
>passed!
repetition: 34083
>passed!
repetition: 34084
>passed!
repetition: 34085
>passed!
repetition: 34086
>passed!
repetition: 34087
>passed!
repetition: 34088
>passed!
repetition: 34089
>passed!
repetition: 34090
>passed!
repetition: 34091
>passed!
repetition: 34092
>passed!
repetition: 34093
>passed!
repetition: 34094
>passed!
repetition: 34095
>passed!
repetition: 34096
>passed!
repetition: 34097
>passed!
repetition: 34098
>passed!
repetition: 34099
>passed!
repetition: 34100
>passed!
repetition: 34101
>passed!
repetition: 34102
>passed!
repetition: 34103
>passed!
repetition: 34104
>passed!
repetition: 34105
>passed!
repetition: 34106
>passed!
repetition: 34107
>passed!
repetition: 34108
>passed!
repetition: 34109
>passed!
repetition: 34110
>passed!
repetition: 34111
>passed!
repetition: 34112
>passed!
repetition: 34113
>passed!
repetition: 34114
>passed!
repetition: 34115
>passed!
repetition: 34116
>passed!
repetition: 34117
>passed!
repetition: 34118
>passed!
repetition: 34119
>passed!
repetition: 34120
>passed!
repetition: 34121
>passed!
repetition: 34122
>passed!
repetition: 34123
>passed!
repetition: 34124
>passed!
repetition: 34125
>passed!
repetition: 34126
>passed!
repetition: 34127
>passed!
repetition: 34128
>passed!
repetition: 34129
>passed!
repetition: 34130
>passed!
repetition: 34131
>passed!
repetition: 34132
>passed!
repetition: 34133
>passed!
repetition: 34134
>passed!
repetition: 34135
>passed!
repetition: 34136
>passed!
repetition: 34137
>passed!
repetition: 34138
>passed!
repetition: 34139
>passed!
repetition: 34140
>passed!
repetition: 34141
>passed!
repetition: 34142
>passed!
repetition: 34143
>passed!
repetition: 34144
>passed!
repetition: 34145
>passed!
repetition: 34146
>passed!
repetition: 34147
>passed!
repetition: 34148
>passed!
repetition: 34149
>passed!
repetition: 34150
>passed!
repetition: 34151
>passed!
repetition: 34152
>passed!
repetition: 34153
>passed!
repetition: 34154
>passed!
repetition: 34155
>passed!
repetition: 34156
>passed!
repetition: 34157
>passed!
repetition: 34158
>passed!
repetition: 34159
>passed!
repetition: 34160
>passed!
repetition: 34161
>passed!
repetition: 34162
>passed!
repetition: 34163
>passed!
repetition: 34164
>passed!
repetition: 34165
>passed!
repetition: 34166
>passed!
repetition: 34167
>passed!
repetition: 34168
>passed!
repetition: 34169
>passed!
repetition: 34170
>passed!
repetition: 34171
>passed!
repetition: 34172
>passed!
repetition: 34173
>passed!
repetition: 34174
>passed!
repetition: 34175
>passed!
repetition: 34176
>passed!
repetition: 34177
>passed!
repetition: 34178
>passed!
repetition: 34179
>passed!
repetition: 34180
>passed!
repetition: 34181
>passed!
repetition: 34182
>passed!
repetition: 34183
>passed!
repetition: 34184
>passed!
repetition: 34185
>passed!
repetition: 34186
>passed!
repetition: 34187
>passed!
repetition: 34188
>passed!
repetition: 34189
>passed!
repetition: 34190
>passed!
repetition: 34191
>passed!
repetition: 34192
>passed!
repetition: 34193
>passed!
repetition: 34194
>passed!
repetition: 34195
>passed!
repetition: 34196
>passed!
repetition: 34197
>passed!
repetition: 34198
>passed!
repetition: 34199
>passed!
repetition: 34200
>passed!
repetition: 34201
>passed!
repetition: 34202
>passed!
repetition: 34203
>passed!
repetition: 34204
>passed!
repetition: 34205
>passed!
repetition: 34206
>passed!
repetition: 34207
>passed!
repetition: 34208
>passed!
repetition: 34209
>passed!
repetition: 34210
>passed!
repetition: 34211
>passed!
repetition: 34212
>passed!
repetition: 34213
>passed!
repetition: 34214
>passed!
repetition: 34215
>passed!
repetition: 34216
>passed!
repetition: 34217
>passed!
repetition: 34218
>passed!
repetition: 34219
>passed!
repetition: 34220
>passed!
repetition: 34221
>passed!
repetition: 34222
>passed!
repetition: 34223
>passed!
repetition: 34224
>passed!
repetition: 34225
>passed!
repetition: 34226
>passed!
repetition: 34227
>passed!
repetition: 34228
>passed!
repetition: 34229
>passed!
repetition: 34230
>passed!
repetition: 34231
>passed!
repetition: 34232
>passed!
repetition: 34233
>passed!
repetition: 34234
>passed!
repetition: 34235
>passed!
repetition: 34236
>passed!
repetition: 34237
>passed!
repetition: 34238
>passed!
repetition: 34239
>passed!
repetition: 34240
>passed!
repetition: 34241
>passed!
repetition: 34242
>passed!
repetition: 34243
>passed!
repetition: 34244
>passed!
repetition: 34245
>passed!
repetition: 34246
>passed!
repetition: 34247
>passed!
repetition: 34248
>passed!
repetition: 34249
>passed!
repetition: 34250
>passed!
repetition: 34251
>passed!
repetition: 34252
>passed!
repetition: 34253
>passed!
repetition: 34254
>passed!
repetition: 34255
>passed!
repetition: 34256
>passed!
repetition: 34257
>passed!
repetition: 34258
>passed!
repetition: 34259
>passed!
repetition: 34260
>passed!
repetition: 34261
>passed!
repetition: 34262
>passed!
repetition: 34263
>passed!
repetition: 34264
>passed!
repetition: 34265
>passed!
repetition: 34266
>passed!
repetition: 34267
>passed!
repetition: 34268
>passed!
repetition: 34269
>passed!
repetition: 34270
>passed!
repetition: 34271
>passed!
repetition: 34272
>passed!
repetition: 34273
>passed!
repetition: 34274
>passed!
repetition: 34275
>passed!
repetition: 34276
>passed!
repetition: 34277
>passed!
repetition: 34278
>passed!
repetition: 34279
>passed!
repetition: 34280
>passed!
repetition: 34281
>passed!
repetition: 34282
>passed!
repetition: 34283
>passed!
repetition: 34284
>passed!
repetition: 34285
>passed!
repetition: 34286
>passed!
repetition: 34287
>passed!
repetition: 34288
>passed!
repetition: 34289
>passed!
repetition: 34290
>passed!
repetition: 34291
>passed!
repetition: 34292
>passed!
repetition: 34293
>passed!
repetition: 34294
>passed!
repetition: 34295
>passed!
repetition: 34296
>passed!
repetition: 34297
>passed!
repetition: 34298
>passed!
repetition: 34299
>passed!
repetition: 34300
>passed!
repetition: 34301
>passed!
repetition: 34302
>passed!
repetition: 34303
>passed!
repetition: 34304
>passed!
repetition: 34305
>passed!
repetition: 34306
>passed!
repetition: 34307
>passed!
repetition: 34308
>passed!
repetition: 34309
>passed!
repetition: 34310
>passed!
repetition: 34311
>passed!
repetition: 34312
>passed!
repetition: 34313
>passed!
repetition: 34314
>passed!
repetition: 34315
>passed!
repetition: 34316
>passed!
repetition: 34317
>passed!
repetition: 34318
>passed!
repetition: 34319
>passed!
repetition: 34320
>passed!
repetition: 34321
>passed!
repetition: 34322
>passed!
repetition: 34323
>passed!
repetition: 34324
>passed!
repetition: 34325
>passed!
repetition: 34326
>passed!
repetition: 34327
>passed!
repetition: 34328
>passed!
repetition: 34329
>passed!
repetition: 34330
>passed!
repetition: 34331
>passed!
repetition: 34332
>passed!
repetition: 34333
>passed!
repetition: 34334
>passed!
repetition: 34335
>passed!
repetition: 34336
>passed!
repetition: 34337
>passed!
repetition: 34338
>passed!
repetition: 34339
>passed!
repetition: 34340
>passed!
repetition: 34341
>passed!
repetition: 34342
>passed!
repetition: 34343
>passed!
repetition: 34344
>passed!
repetition: 34345
>passed!
repetition: 34346
>passed!
repetition: 34347
>passed!
repetition: 34348
>passed!
repetition: 34349
>passed!
repetition: 34350
>passed!
repetition: 34351
>passed!
repetition: 34352
>passed!
repetition: 34353
>passed!
repetition: 34354
>passed!
repetition: 34355
>passed!
repetition: 34356
>passed!
repetition: 34357
>passed!
repetition: 34358
>passed!
repetition: 34359
>passed!
repetition: 34360
>passed!
repetition: 34361
>passed!
repetition: 34362
>passed!
repetition: 34363
>passed!
repetition: 34364
>passed!
repetition: 34365
>passed!
repetition: 34366
>passed!
repetition: 34367
>passed!
repetition: 34368
>passed!
repetition: 34369
>passed!
repetition: 34370
>passed!
repetition: 34371
>passed!
repetition: 34372
>passed!
repetition: 34373
>passed!
repetition: 34374
>passed!
repetition: 34375
>passed!
repetition: 34376
>passed!
repetition: 34377
>passed!
repetition: 34378
>passed!
repetition: 34379
>passed!
repetition: 34380
>passed!
repetition: 34381
>passed!
repetition: 34382
>passed!
repetition: 34383
>passed!
repetition: 34384
>passed!
repetition: 34385
>passed!
repetition: 34386
>passed!
repetition: 34387
>passed!
repetition: 34388
>passed!
repetition: 34389
>passed!
repetition: 34390
>passed!
repetition: 34391
>passed!
repetition: 34392
>passed!
repetition: 34393
>passed!
repetition: 34394
>passed!
repetition: 34395
>passed!
repetition: 34396
>passed!
repetition: 34397
>passed!
repetition: 34398
>passed!
repetition: 34399
>passed!
repetition: 34400
>passed!
repetition: 34401
>passed!
repetition: 34402
>passed!
repetition: 34403
>passed!
repetition: 34404
>passed!
repetition: 34405
>passed!
repetition: 34406
>passed!
repetition: 34407
>passed!
repetition: 34408
>passed!
repetition: 34409
>passed!
repetition: 34410
>passed!
repetition: 34411
>passed!
repetition: 34412
>passed!
repetition: 34413
>passed!
repetition: 34414
>passed!
repetition: 34415
>passed!
repetition: 34416
>passed!
repetition: 34417
>passed!
repetition: 34418
>passed!
repetition: 34419
>passed!
repetition: 34420
>passed!
repetition: 34421
>passed!
repetition: 34422
>passed!
repetition: 34423
>passed!
repetition: 34424
>passed!
repetition: 34425
>passed!
repetition: 34426
>passed!
repetition: 34427
>passed!
repetition: 34428
>passed!
repetition: 34429
>passed!
repetition: 34430
>passed!
repetition: 34431
>passed!
repetition: 34432
>passed!
repetition: 34433
>passed!
repetition: 34434
>passed!
repetition: 34435
>passed!
repetition: 34436
>passed!
repetition: 34437
>passed!
repetition: 34438
>passed!
repetition: 34439
>passed!
repetition: 34440
>passed!
repetition: 34441
>passed!
repetition: 34442
>passed!
repetition: 34443
>passed!
repetition: 34444
>passed!
repetition: 34445
>passed!
repetition: 34446
>passed!
repetition: 34447
>passed!
repetition: 34448
>passed!
repetition: 34449
>passed!
repetition: 34450
>passed!
repetition: 34451
>passed!
repetition: 34452
>passed!
repetition: 34453
>passed!
repetition: 34454
>passed!
repetition: 34455
>passed!
repetition: 34456
>passed!
repetition: 34457
>passed!
repetition: 34458
>passed!
repetition: 34459
>passed!
repetition: 34460
>passed!
repetition: 34461
>passed!
repetition: 34462
>passed!
repetition: 34463
>passed!
repetition: 34464
>passed!
repetition: 34465
>passed!
repetition: 34466
>passed!
repetition: 34467
>passed!
repetition: 34468
>passed!
repetition: 34469
>passed!
repetition: 34470
>passed!
repetition: 34471
>passed!
repetition: 34472
>passed!
repetition: 34473
>passed!
repetition: 34474
>passed!
repetition: 34475
>passed!
repetition: 34476
>passed!
repetition: 34477
>passed!
repetition: 34478
>passed!
repetition: 34479
>passed!
repetition: 34480
>passed!
repetition: 34481
>passed!
repetition: 34482
>passed!
repetition: 34483
>passed!
repetition: 34484
>passed!
repetition: 34485
>passed!
repetition: 34486
>passed!
repetition: 34487
>passed!
repetition: 34488
>passed!
repetition: 34489
>passed!
repetition: 34490
>passed!
repetition: 34491
>passed!
repetition: 34492
>passed!
repetition: 34493
>passed!
repetition: 34494
>passed!
repetition: 34495
>passed!
repetition: 34496
>passed!
repetition: 34497
>passed!
repetition: 34498
>passed!
repetition: 34499
>passed!
repetition: 34500
>passed!
repetition: 34501
>passed!
repetition: 34502
>passed!
repetition: 34503
>passed!
repetition: 34504
>passed!
repetition: 34505
>passed!
repetition: 34506
>passed!
repetition: 34507
>passed!
repetition: 34508
>passed!
repetition: 34509
>passed!
repetition: 34510
>passed!
repetition: 34511
>passed!
repetition: 34512
>passed!
repetition: 34513
>passed!
repetition: 34514
>passed!
repetition: 34515
>passed!
repetition: 34516
>passed!
repetition: 34517
>passed!
repetition: 34518
>passed!
repetition: 34519
>passed!
repetition: 34520
>passed!
repetition: 34521
>passed!
repetition: 34522
>passed!
repetition: 34523
>passed!
repetition: 34524
>passed!
repetition: 34525
>passed!
repetition: 34526
>passed!
repetition: 34527
>passed!
repetition: 34528
>passed!
repetition: 34529
>passed!
repetition: 34530
>passed!
repetition: 34531
>passed!
repetition: 34532
>passed!
repetition: 34533
>passed!
repetition: 34534
>passed!
repetition: 34535
>passed!
repetition: 34536
>passed!
repetition: 34537
>passed!
repetition: 34538
>passed!
repetition: 34539
>passed!
repetition: 34540
>passed!
repetition: 34541
>passed!
repetition: 34542
>passed!
repetition: 34543
>passed!
repetition: 34544
>passed!
repetition: 34545
>passed!
repetition: 34546
>passed!
repetition: 34547
>passed!
repetition: 34548
>passed!
repetition: 34549
>passed!
repetition: 34550
>passed!
repetition: 34551
>passed!
repetition: 34552
>passed!
repetition: 34553
>passed!
repetition: 34554
>passed!
repetition: 34555
>passed!
repetition: 34556
>passed!
repetition: 34557
>passed!
repetition: 34558
>passed!
repetition: 34559
>passed!
repetition: 34560
>passed!
repetition: 34561
>passed!
repetition: 34562
>passed!
repetition: 34563
>passed!
repetition: 34564
>passed!
repetition: 34565
>passed!
repetition: 34566
>passed!
repetition: 34567
>passed!
repetition: 34568
>passed!
repetition: 34569
>passed!
repetition: 34570
>passed!
repetition: 34571
>passed!
repetition: 34572
>passed!
repetition: 34573
>passed!
repetition: 34574
>passed!
repetition: 34575
>passed!
repetition: 34576
>passed!
repetition: 34577
>passed!
repetition: 34578
>passed!
repetition: 34579
>passed!
repetition: 34580
>passed!
repetition: 34581
>passed!
repetition: 34582
>passed!
repetition: 34583
>passed!
repetition: 34584
>passed!
repetition: 34585
>passed!
repetition: 34586
>passed!
repetition: 34587
>passed!
repetition: 34588
>passed!
repetition: 34589
>passed!
repetition: 34590
>passed!
repetition: 34591
>passed!
repetition: 34592
>passed!
repetition: 34593
>passed!
repetition: 34594
>passed!
repetition: 34595
>passed!
repetition: 34596
>passed!
repetition: 34597
>passed!
repetition: 34598
>passed!
repetition: 34599
>passed!
repetition: 34600
>passed!
repetition: 34601
>passed!
repetition: 34602
>passed!
repetition: 34603
>passed!
repetition: 34604
>passed!
repetition: 34605
>passed!
repetition: 34606
>passed!
repetition: 34607
>passed!
repetition: 34608
>passed!
repetition: 34609
>passed!
repetition: 34610
>passed!
repetition: 34611
>passed!
repetition: 34612
>passed!
repetition: 34613
>passed!
repetition: 34614
>passed!
repetition: 34615
>passed!
repetition: 34616
>passed!
repetition: 34617
>passed!
repetition: 34618
>passed!
repetition: 34619
>passed!
repetition: 34620
>passed!
repetition: 34621
>passed!
repetition: 34622
>passed!
repetition: 34623
>passed!
repetition: 34624
>passed!
repetition: 34625
>passed!
repetition: 34626
>passed!
repetition: 34627
>passed!
repetition: 34628
>passed!
repetition: 34629
>passed!
repetition: 34630
>passed!
repetition: 34631
>passed!
repetition: 34632
>passed!
repetition: 34633
>passed!
repetition: 34634
>passed!
repetition: 34635
>passed!
repetition: 34636
>passed!
repetition: 34637
>passed!
repetition: 34638
>passed!
repetition: 34639
>passed!
repetition: 34640
>passed!
repetition: 34641
>passed!
repetition: 34642
>passed!
repetition: 34643
>passed!
repetition: 34644
>passed!
repetition: 34645
>passed!
repetition: 34646
>passed!
repetition: 34647
>passed!
repetition: 34648
>passed!
repetition: 34649
>passed!
repetition: 34650
>passed!
repetition: 34651
>passed!
repetition: 34652
>passed!
repetition: 34653
>passed!
repetition: 34654
>passed!
repetition: 34655
>passed!
repetition: 34656
>passed!
repetition: 34657
>passed!
repetition: 34658
>passed!
repetition: 34659
>passed!
repetition: 34660
>passed!
repetition: 34661
>passed!
repetition: 34662
>passed!
repetition: 34663
>passed!
repetition: 34664
>passed!
repetition: 34665
>passed!
repetition: 34666
>passed!
repetition: 34667
>passed!
repetition: 34668
>passed!
repetition: 34669
>passed!
repetition: 34670
>passed!
repetition: 34671
>passed!
repetition: 34672
>passed!
repetition: 34673
>passed!
repetition: 34674
>passed!
repetition: 34675
>passed!
repetition: 34676
>passed!
repetition: 34677
>passed!
repetition: 34678
>passed!
repetition: 34679
>passed!
repetition: 34680
>passed!
repetition: 34681
>passed!
repetition: 34682
>passed!
repetition: 34683
>passed!
repetition: 34684
>passed!
repetition: 34685
>passed!
repetition: 34686
>passed!
repetition: 34687
>passed!
repetition: 34688
>passed!
repetition: 34689
>passed!
repetition: 34690
>passed!
repetition: 34691
>passed!
repetition: 34692
>passed!
repetition: 34693
>passed!
repetition: 34694
>passed!
repetition: 34695
>passed!
repetition: 34696
>passed!
repetition: 34697
>passed!
repetition: 34698
>passed!
repetition: 34699
>passed!
repetition: 34700
>passed!
repetition: 34701
>passed!
repetition: 34702
>passed!
repetition: 34703
>passed!
repetition: 34704
>passed!
repetition: 34705
>passed!
repetition: 34706
>passed!
repetition: 34707
>passed!
repetition: 34708
>passed!
repetition: 34709
>passed!
repetition: 34710
>passed!
repetition: 34711
>passed!
repetition: 34712
>passed!
repetition: 34713
>passed!
repetition: 34714
>passed!
repetition: 34715
>passed!
repetition: 34716
>passed!
repetition: 34717
>passed!
repetition: 34718
>passed!
repetition: 34719
>passed!
repetition: 34720
>passed!
repetition: 34721
>passed!
repetition: 34722
>passed!
repetition: 34723
>passed!
repetition: 34724
>passed!
repetition: 34725
>passed!
repetition: 34726
>passed!
repetition: 34727
>passed!
repetition: 34728
>passed!
repetition: 34729
>passed!
repetition: 34730
>passed!
repetition: 34731
>passed!
repetition: 34732
>passed!
repetition: 34733
>passed!
repetition: 34734
>passed!
repetition: 34735
>passed!
repetition: 34736
>passed!
repetition: 34737
>passed!
repetition: 34738
>passed!
repetition: 34739
>passed!
repetition: 34740
>passed!
repetition: 34741
>passed!
repetition: 34742
>passed!
repetition: 34743
>passed!
repetition: 34744
>passed!
repetition: 34745
>passed!
repetition: 34746
>passed!
repetition: 34747
>passed!
repetition: 34748
>passed!
repetition: 34749
>passed!
repetition: 34750
>passed!
repetition: 34751
>passed!
repetition: 34752
>passed!
repetition: 34753
>passed!
repetition: 34754
>passed!
repetition: 34755
>passed!
repetition: 34756
>passed!
repetition: 34757
>passed!
repetition: 34758
>passed!
repetition: 34759
>passed!
repetition: 34760
>passed!
repetition: 34761
>passed!
repetition: 34762
>passed!
repetition: 34763
>passed!
repetition: 34764
>passed!
repetition: 34765
>passed!
repetition: 34766
>passed!
repetition: 34767
>passed!
repetition: 34768
>passed!
repetition: 34769
>passed!
repetition: 34770
>passed!
repetition: 34771
>passed!
repetition: 34772
>passed!
repetition: 34773
>passed!
repetition: 34774
>passed!
repetition: 34775
>passed!
repetition: 34776
>passed!
repetition: 34777
>passed!
repetition: 34778
>passed!
repetition: 34779
>passed!
repetition: 34780
>passed!
repetition: 34781
>passed!
repetition: 34782
>passed!
repetition: 34783
>passed!
repetition: 34784
>passed!
repetition: 34785
>passed!
repetition: 34786
>passed!
repetition: 34787
>passed!
repetition: 34788
>passed!
repetition: 34789
>passed!
repetition: 34790
>passed!
repetition: 34791
>passed!
repetition: 34792
>passed!
repetition: 34793
>passed!
repetition: 34794
>passed!
repetition: 34795
>passed!
repetition: 34796
>passed!
repetition: 34797
>passed!
repetition: 34798
>passed!
repetition: 34799
>passed!
repetition: 34800
>passed!
repetition: 34801
>passed!
repetition: 34802
>passed!
repetition: 34803
>passed!
repetition: 34804
>passed!
repetition: 34805
>passed!
repetition: 34806
>passed!
repetition: 34807
>passed!
repetition: 34808
>passed!
repetition: 34809
>passed!
repetition: 34810
>passed!
repetition: 34811
>passed!
repetition: 34812
>passed!
repetition: 34813
>passed!
repetition: 34814
>passed!
repetition: 34815
>passed!
repetition: 34816
>passed!
repetition: 34817
>passed!
repetition: 34818
>passed!
repetition: 34819
>passed!
repetition: 34820
>passed!
repetition: 34821
>passed!
repetition: 34822
>passed!
repetition: 34823
>passed!
repetition: 34824
>passed!
repetition: 34825
>passed!
repetition: 34826
>passed!
repetition: 34827
>passed!
repetition: 34828
>passed!
repetition: 34829
>passed!
repetition: 34830
>passed!
repetition: 34831
>passed!
repetition: 34832
>passed!
repetition: 34833
>passed!
repetition: 34834
>passed!
repetition: 34835
>passed!
repetition: 34836
>passed!
repetition: 34837
>passed!
repetition: 34838
>passed!
repetition: 34839
>passed!
repetition: 34840
>passed!
repetition: 34841
>passed!
repetition: 34842
>passed!
repetition: 34843
>passed!
repetition: 34844
>passed!
repetition: 34845
>passed!
repetition: 34846
>passed!
repetition: 34847
>passed!
repetition: 34848
>passed!
repetition: 34849
>passed!
repetition: 34850
>passed!
repetition: 34851
>passed!
repetition: 34852
>passed!
repetition: 34853
>passed!
repetition: 34854
>passed!
repetition: 34855
>passed!
repetition: 34856
>passed!
repetition: 34857
>passed!
repetition: 34858
>passed!
repetition: 34859
>passed!
repetition: 34860
>passed!
repetition: 34861
>passed!
repetition: 34862
>passed!
repetition: 34863
>passed!
repetition: 34864
>passed!
repetition: 34865
>passed!
repetition: 34866
>passed!
repetition: 34867
>passed!
repetition: 34868
>passed!
repetition: 34869
>passed!
repetition: 34870
>passed!
repetition: 34871
>passed!
repetition: 34872
>passed!
repetition: 34873
>passed!
repetition: 34874
>passed!
repetition: 34875
>passed!
repetition: 34876
>passed!
repetition: 34877
>passed!
repetition: 34878
>passed!
repetition: 34879
>passed!
repetition: 34880
>passed!
repetition: 34881
>passed!
repetition: 34882
>passed!
repetition: 34883
>passed!
repetition: 34884
>passed!
repetition: 34885
>passed!
repetition: 34886
>passed!
repetition: 34887
>passed!
repetition: 34888
>passed!
repetition: 34889
>passed!
repetition: 34890
>passed!
repetition: 34891
>passed!
repetition: 34892
>passed!
repetition: 34893
>passed!
repetition: 34894
>passed!
repetition: 34895
>passed!
repetition: 34896
>passed!
repetition: 34897
>passed!
repetition: 34898
>passed!
repetition: 34899
>passed!
repetition: 34900
>passed!
repetition: 34901
>passed!
repetition: 34902
>passed!
repetition: 34903
>passed!
repetition: 34904
>passed!
repetition: 34905
>passed!
repetition: 34906
>passed!
repetition: 34907
>passed!
repetition: 34908
>passed!
repetition: 34909
>passed!
repetition: 34910
>passed!
repetition: 34911
>passed!
repetition: 34912
>passed!
repetition: 34913
>passed!
repetition: 34914
>passed!
repetition: 34915
>passed!
repetition: 34916
>passed!
repetition: 34917
>passed!
repetition: 34918
>passed!
repetition: 34919
>passed!
repetition: 34920
>passed!
repetition: 34921
>passed!
repetition: 34922
>passed!
repetition: 34923
>passed!
repetition: 34924
>passed!
repetition: 34925
>passed!
repetition: 34926
>passed!
repetition: 34927
>passed!
repetition: 34928
>passed!
repetition: 34929
>passed!
repetition: 34930
>passed!
repetition: 34931
>passed!
repetition: 34932
>passed!
repetition: 34933
>passed!
repetition: 34934
>passed!
repetition: 34935
>passed!
repetition: 34936
>passed!
repetition: 34937
>passed!
repetition: 34938
>passed!
repetition: 34939
>passed!
repetition: 34940
>passed!
repetition: 34941
>passed!
repetition: 34942
>passed!
repetition: 34943
>passed!
repetition: 34944
>passed!
repetition: 34945
>passed!
repetition: 34946
>passed!
repetition: 34947
>passed!
repetition: 34948
>passed!
repetition: 34949
>passed!
repetition: 34950
>passed!
repetition: 34951
>passed!
repetition: 34952
>passed!
repetition: 34953
>passed!
repetition: 34954
>passed!
repetition: 34955
>passed!
repetition: 34956
>passed!
repetition: 34957
>passed!
repetition: 34958
>passed!
repetition: 34959
>passed!
repetition: 34960
>passed!
repetition: 34961
>passed!
repetition: 34962
>passed!
repetition: 34963
>passed!
repetition: 34964
>passed!
repetition: 34965
>passed!
repetition: 34966
>passed!
repetition: 34967
>passed!
repetition: 34968
>passed!
repetition: 34969
>passed!
repetition: 34970
>passed!
repetition: 34971
>passed!
repetition: 34972
>passed!
repetition: 34973
>passed!
repetition: 34974
>passed!
repetition: 34975
>passed!
repetition: 34976
>passed!
repetition: 34977
>passed!
repetition: 34978
>passed!
repetition: 34979
>passed!
repetition: 34980
>passed!
repetition: 34981
>passed!
repetition: 34982
>passed!
repetition: 34983
>passed!
repetition: 34984
>passed!
repetition: 34985
>passed!
repetition: 34986
>passed!
repetition: 34987
>passed!
repetition: 34988
>passed!
repetition: 34989
>passed!
repetition: 34990
>passed!
repetition: 34991
>passed!
repetition: 34992
>passed!
repetition: 34993
>passed!
repetition: 34994
>passed!
repetition: 34995
>passed!
repetition: 34996
>passed!
repetition: 34997
>passed!
repetition: 34998
>passed!
repetition: 34999
>passed!
repetition: 35000
>passed!
repetition: 35001
>passed!
repetition: 35002
>passed!
repetition: 35003
>passed!
repetition: 35004
>passed!
repetition: 35005
>passed!
repetition: 35006
>passed!
repetition: 35007
>passed!
repetition: 35008
>passed!
repetition: 35009
>passed!
repetition: 35010
>passed!
repetition: 35011
>passed!
repetition: 35012
>passed!
repetition: 35013
>passed!
repetition: 35014
>passed!
repetition: 35015
>passed!
repetition: 35016
>passed!
repetition: 35017
>passed!
repetition: 35018
>passed!
repetition: 35019
>passed!
repetition: 35020
>passed!
repetition: 35021
>passed!
repetition: 35022
>passed!
repetition: 35023
>passed!
repetition: 35024
>passed!
repetition: 35025
>passed!
repetition: 35026
>passed!
repetition: 35027
>passed!
repetition: 35028
>passed!
repetition: 35029
>passed!
repetition: 35030
>passed!
repetition: 35031
>passed!
repetition: 35032
>passed!
repetition: 35033
>passed!
repetition: 35034
>passed!
repetition: 35035
>passed!
repetition: 35036
>passed!
repetition: 35037
>passed!
repetition: 35038
>passed!
repetition: 35039
>passed!
repetition: 35040
>passed!
repetition: 35041
>passed!
repetition: 35042
>passed!
repetition: 35043
>passed!
repetition: 35044
>passed!
repetition: 35045
>passed!
repetition: 35046
>passed!
repetition: 35047
>passed!
repetition: 35048
>passed!
repetition: 35049
>passed!
repetition: 35050
>passed!
repetition: 35051
>passed!
repetition: 35052
>passed!
repetition: 35053
>passed!
repetition: 35054
>passed!
repetition: 35055
>passed!
repetition: 35056
>passed!
repetition: 35057
>passed!
repetition: 35058
>passed!
repetition: 35059
>passed!
repetition: 35060
>passed!
repetition: 35061
>passed!
repetition: 35062
>passed!
repetition: 35063
>passed!
repetition: 35064
>passed!
repetition: 35065
>passed!
repetition: 35066
>passed!
repetition: 35067
>passed!
repetition: 35068
>passed!
repetition: 35069
>passed!
repetition: 35070
>passed!
repetition: 35071
>passed!
repetition: 35072
>passed!
repetition: 35073
>passed!
repetition: 35074
>passed!
repetition: 35075
>passed!
repetition: 35076
>passed!
repetition: 35077
>passed!
repetition: 35078
>passed!
repetition: 35079
>passed!
repetition: 35080
>passed!
repetition: 35081
>passed!
repetition: 35082
>passed!
repetition: 35083
>passed!
repetition: 35084
>passed!
repetition: 35085
>passed!
repetition: 35086
>passed!
repetition: 35087
>passed!
repetition: 35088
>passed!
repetition: 35089
>passed!
repetition: 35090
>passed!
repetition: 35091
>passed!
repetition: 35092
>passed!
repetition: 35093
>passed!
repetition: 35094
>passed!
repetition: 35095
>passed!
repetition: 35096
>passed!
repetition: 35097
>passed!
repetition: 35098
>passed!
repetition: 35099
>passed!
repetition: 35100
>passed!
repetition: 35101
>passed!
repetition: 35102
>passed!
repetition: 35103
>passed!
repetition: 35104
>passed!
repetition: 35105
>passed!
repetition: 35106
>passed!
repetition: 35107
>passed!
repetition: 35108
>passed!
repetition: 35109
>passed!
repetition: 35110
>passed!
repetition: 35111
>passed!
repetition: 35112
>passed!
repetition: 35113
>passed!
repetition: 35114
>passed!
repetition: 35115
>passed!
repetition: 35116
>passed!
repetition: 35117
>passed!
repetition: 35118
>passed!
repetition: 35119
>passed!
repetition: 35120
>passed!
repetition: 35121
>passed!
repetition: 35122
>passed!
repetition: 35123
>passed!
repetition: 35124
>passed!
repetition: 35125
>passed!
repetition: 35126
>passed!
repetition: 35127
>passed!
repetition: 35128
>passed!
repetition: 35129
>passed!
repetition: 35130
>passed!
repetition: 35131
>passed!
repetition: 35132
>passed!
repetition: 35133
>passed!
repetition: 35134
>passed!
repetition: 35135
>passed!
repetition: 35136
>passed!
repetition: 35137
>passed!
repetition: 35138
>passed!
repetition: 35139
>passed!
repetition: 35140
>passed!
repetition: 35141
>passed!
repetition: 35142
>passed!
repetition: 35143
>passed!
repetition: 35144
>passed!
repetition: 35145
>passed!
repetition: 35146
>passed!
repetition: 35147
>passed!
repetition: 35148
>passed!
repetition: 35149
>passed!
repetition: 35150
>passed!
repetition: 35151
>passed!
repetition: 35152
>passed!
repetition: 35153
>passed!
repetition: 35154
>passed!
repetition: 35155
>passed!
repetition: 35156
>passed!
repetition: 35157
>passed!
repetition: 35158
>passed!
repetition: 35159
>passed!
repetition: 35160
>passed!
repetition: 35161
>passed!
repetition: 35162
>passed!
repetition: 35163
>passed!
repetition: 35164
>passed!
repetition: 35165
>passed!
repetition: 35166
>passed!
repetition: 35167
>passed!
repetition: 35168
>passed!
repetition: 35169
>passed!
repetition: 35170
>passed!
repetition: 35171
>passed!
repetition: 35172
>passed!
repetition: 35173
>passed!
repetition: 35174
>passed!
repetition: 35175
>passed!
repetition: 35176
>passed!
repetition: 35177
>passed!
repetition: 35178
>passed!
repetition: 35179
>passed!
repetition: 35180
>passed!
repetition: 35181
>passed!
repetition: 35182
>passed!
repetition: 35183
>passed!
repetition: 35184
>passed!
repetition: 35185
>passed!
repetition: 35186
>passed!
repetition: 35187
>passed!
repetition: 35188
>passed!
repetition: 35189
>passed!
repetition: 35190
>passed!
repetition: 35191
>passed!
repetition: 35192
>passed!
repetition: 35193
>passed!
repetition: 35194
>passed!
repetition: 35195
>passed!
repetition: 35196
>passed!
repetition: 35197
>passed!
repetition: 35198
>passed!
repetition: 35199
>passed!
repetition: 35200
>passed!
repetition: 35201
>passed!
repetition: 35202
>passed!
repetition: 35203
>passed!
repetition: 35204
>passed!
repetition: 35205
>passed!
repetition: 35206
>passed!
repetition: 35207
>passed!
repetition: 35208
>passed!
repetition: 35209
>passed!
repetition: 35210
>passed!
repetition: 35211
>passed!
repetition: 35212
>passed!
repetition: 35213
>passed!
repetition: 35214
>passed!
repetition: 35215
>passed!
repetition: 35216
>passed!
repetition: 35217
>passed!
repetition: 35218
>passed!
repetition: 35219
>passed!
repetition: 35220
>passed!
repetition: 35221
>passed!
repetition: 35222
>passed!
repetition: 35223
>passed!
repetition: 35224
>passed!
repetition: 35225
>passed!
repetition: 35226
>passed!
repetition: 35227
>passed!
repetition: 35228
>passed!
repetition: 35229
>passed!
repetition: 35230
>passed!
repetition: 35231
>passed!
repetition: 35232
>passed!
repetition: 35233
>passed!
repetition: 35234
>passed!
repetition: 35235
>passed!
repetition: 35236
>passed!
repetition: 35237
>passed!
repetition: 35238
>passed!
repetition: 35239
>passed!
repetition: 35240
>passed!
repetition: 35241
>passed!
repetition: 35242
>passed!
repetition: 35243
>passed!
repetition: 35244
>passed!
repetition: 35245
>passed!
repetition: 35246
>passed!
repetition: 35247
>passed!
repetition: 35248
>passed!
repetition: 35249
>passed!
repetition: 35250
>passed!
repetition: 35251
>passed!
repetition: 35252
>passed!
repetition: 35253
>passed!
repetition: 35254
>passed!
repetition: 35255
>passed!
repetition: 35256
>passed!
repetition: 35257
>passed!
repetition: 35258
>passed!
repetition: 35259
>passed!
repetition: 35260
>passed!
repetition: 35261
>passed!
repetition: 35262
>passed!
repetition: 35263
>passed!
repetition: 35264
>passed!
repetition: 35265
>passed!
repetition: 35266
>passed!
repetition: 35267
>passed!
repetition: 35268
>passed!
repetition: 35269
>passed!
repetition: 35270
>passed!
repetition: 35271
>passed!
repetition: 35272
>passed!
repetition: 35273
>passed!
repetition: 35274
>passed!
repetition: 35275
>passed!
repetition: 35276
>passed!
repetition: 35277
>passed!
repetition: 35278
>passed!
repetition: 35279
>passed!
repetition: 35280
>passed!
repetition: 35281
>passed!
repetition: 35282
>passed!
repetition: 35283
>passed!
repetition: 35284
>passed!
repetition: 35285
>passed!
repetition: 35286
>passed!
repetition: 35287
>passed!
repetition: 35288
>passed!
repetition: 35289
>passed!
repetition: 35290
>passed!
repetition: 35291
>passed!
repetition: 35292
>passed!
repetition: 35293
>passed!
repetition: 35294
>passed!
repetition: 35295
>passed!
repetition: 35296
>passed!
repetition: 35297
>passed!
repetition: 35298
>passed!
repetition: 35299
>passed!
repetition: 35300
>passed!
repetition: 35301
>passed!
repetition: 35302
>passed!
repetition: 35303
>passed!
repetition: 35304
>passed!
repetition: 35305
>passed!
repetition: 35306
>passed!
repetition: 35307
>passed!
repetition: 35308
>passed!
repetition: 35309
>passed!
repetition: 35310
>passed!
repetition: 35311
>passed!
repetition: 35312
>passed!
repetition: 35313
>passed!
repetition: 35314
>passed!
repetition: 35315
>passed!
repetition: 35316
>passed!
repetition: 35317
>passed!
repetition: 35318
>passed!
repetition: 35319
>passed!
repetition: 35320
>passed!
repetition: 35321
>passed!
repetition: 35322
>passed!
repetition: 35323
>passed!
repetition: 35324
>passed!
repetition: 35325
>passed!
repetition: 35326
>passed!
repetition: 35327
>passed!
repetition: 35328
>passed!
repetition: 35329
>passed!
repetition: 35330
>passed!
repetition: 35331
>passed!
repetition: 35332
>passed!
repetition: 35333
>passed!
repetition: 35334
>passed!
repetition: 35335
>passed!
repetition: 35336
>passed!
repetition: 35337
>passed!
repetition: 35338
>passed!
repetition: 35339
>passed!
repetition: 35340
>passed!
repetition: 35341
>passed!
repetition: 35342
>passed!
repetition: 35343
>passed!
repetition: 35344
>passed!
repetition: 35345
>passed!
repetition: 35346
>passed!
repetition: 35347
>passed!
repetition: 35348
>passed!
repetition: 35349
>passed!
repetition: 35350
>passed!
repetition: 35351
>passed!
repetition: 35352
>passed!
repetition: 35353
>passed!
repetition: 35354
>passed!
repetition: 35355
>passed!
repetition: 35356
>passed!
repetition: 35357
>passed!
repetition: 35358
>passed!
repetition: 35359
>passed!
repetition: 35360
>passed!
repetition: 35361
>passed!
repetition: 35362
>passed!
repetition: 35363
>passed!
repetition: 35364
>passed!
repetition: 35365
>passed!
repetition: 35366
>passed!
repetition: 35367
>passed!
repetition: 35368
>passed!
repetition: 35369
>passed!
repetition: 35370
>passed!
repetition: 35371
>passed!
repetition: 35372
>passed!
repetition: 35373
>passed!
repetition: 35374
>passed!
repetition: 35375
>passed!
repetition: 35376
>passed!
repetition: 35377
>passed!
repetition: 35378
>passed!
repetition: 35379
>passed!
repetition: 35380
>passed!
repetition: 35381
>passed!
repetition: 35382
>passed!
repetition: 35383
>passed!
repetition: 35384
>passed!
repetition: 35385
>passed!
repetition: 35386
>passed!
repetition: 35387
>passed!
repetition: 35388
>passed!
repetition: 35389
>passed!
repetition: 35390
>passed!
repetition: 35391
>passed!
repetition: 35392
>passed!
repetition: 35393
>passed!
repetition: 35394
>passed!
repetition: 35395
>passed!
repetition: 35396
>passed!
repetition: 35397
>passed!
repetition: 35398
>passed!
repetition: 35399
>passed!
repetition: 35400
>passed!
repetition: 35401
>passed!
repetition: 35402
>passed!
repetition: 35403
>passed!
repetition: 35404
>passed!
repetition: 35405
>passed!
repetition: 35406
>passed!
repetition: 35407
>passed!
repetition: 35408
>passed!
repetition: 35409
>passed!
repetition: 35410
>passed!
repetition: 35411
>passed!
repetition: 35412
>passed!
repetition: 35413
>passed!
repetition: 35414
>passed!
repetition: 35415
>passed!
repetition: 35416
>passed!
repetition: 35417
>passed!
repetition: 35418
>passed!
repetition: 35419
>passed!
repetition: 35420
>passed!
repetition: 35421
>passed!
repetition: 35422
>passed!
repetition: 35423
>passed!
repetition: 35424
>passed!
repetition: 35425
>passed!
repetition: 35426
>passed!
repetition: 35427
>passed!
repetition: 35428
>passed!
repetition: 35429
>passed!
repetition: 35430
>passed!
repetition: 35431
>passed!
repetition: 35432
>passed!
repetition: 35433
>passed!
repetition: 35434
>passed!
repetition: 35435
>passed!
repetition: 35436
>passed!
repetition: 35437
>passed!
repetition: 35438
>passed!
repetition: 35439
>passed!
repetition: 35440
>passed!
repetition: 35441
>passed!
repetition: 35442
>passed!
repetition: 35443
>passed!
repetition: 35444
>passed!
repetition: 35445
>passed!
repetition: 35446
>passed!
repetition: 35447
>passed!
repetition: 35448
>passed!
repetition: 35449
>passed!
repetition: 35450
>passed!
repetition: 35451
>passed!
repetition: 35452
>passed!
repetition: 35453
>passed!
repetition: 35454
>passed!
repetition: 35455
>passed!
repetition: 35456
>passed!
repetition: 35457
>passed!
repetition: 35458
>passed!
repetition: 35459
>passed!
repetition: 35460
>passed!
repetition: 35461
>passed!
repetition: 35462
>passed!
repetition: 35463
>passed!
repetition: 35464
>passed!
repetition: 35465
>passed!
repetition: 35466
>passed!
repetition: 35467
>passed!
repetition: 35468
>passed!
repetition: 35469
>passed!
repetition: 35470
>passed!
repetition: 35471
>passed!
repetition: 35472
>passed!
repetition: 35473
>passed!
repetition: 35474
>passed!
repetition: 35475
>passed!
repetition: 35476
>passed!
repetition: 35477
>passed!
repetition: 35478
>passed!
repetition: 35479
>passed!
repetition: 35480
>passed!
repetition: 35481
>passed!
repetition: 35482
>passed!
repetition: 35483
>passed!
repetition: 35484
>passed!
repetition: 35485
>passed!
repetition: 35486
>passed!
repetition: 35487
>passed!
repetition: 35488
>passed!
repetition: 35489
>passed!
repetition: 35490
>passed!
repetition: 35491
>passed!
repetition: 35492
>passed!
repetition: 35493
>passed!
repetition: 35494
>passed!
repetition: 35495
>passed!
repetition: 35496
>passed!
repetition: 35497
>passed!
repetition: 35498
>passed!
repetition: 35499
>passed!
repetition: 35500
>passed!
repetition: 35501
>passed!
repetition: 35502
>passed!
repetition: 35503
>passed!
repetition: 35504
>passed!
repetition: 35505
>passed!
repetition: 35506
>passed!
repetition: 35507
>passed!
repetition: 35508
>passed!
repetition: 35509
>passed!
repetition: 35510
>passed!
repetition: 35511
>passed!
repetition: 35512
>passed!
repetition: 35513
>passed!
repetition: 35514
>passed!
repetition: 35515
>passed!
repetition: 35516
>passed!
repetition: 35517
>passed!
repetition: 35518
>passed!
repetition: 35519
>passed!
repetition: 35520
>passed!
repetition: 35521
>passed!
repetition: 35522
>passed!
repetition: 35523
>passed!
repetition: 35524
>passed!
repetition: 35525
>passed!
repetition: 35526
>passed!
repetition: 35527
>passed!
repetition: 35528
>passed!
repetition: 35529
>passed!
repetition: 35530
>passed!
repetition: 35531
>passed!
repetition: 35532
>passed!
repetition: 35533
>passed!
repetition: 35534
>passed!
repetition: 35535
>passed!
repetition: 35536
>passed!
repetition: 35537
>passed!
repetition: 35538
>passed!
repetition: 35539
>passed!
repetition: 35540
>passed!
repetition: 35541
>passed!
repetition: 35542
>passed!
repetition: 35543
>passed!
repetition: 35544
>passed!
repetition: 35545
>passed!
repetition: 35546
>passed!
repetition: 35547
>passed!
repetition: 35548
>passed!
repetition: 35549
>passed!
repetition: 35550
>passed!
repetition: 35551
>passed!
repetition: 35552
>passed!
repetition: 35553
>passed!
repetition: 35554
>passed!
repetition: 35555
>passed!
repetition: 35556
>passed!
repetition: 35557
>passed!
repetition: 35558
>passed!
repetition: 35559
>passed!
repetition: 35560
>passed!
repetition: 35561
>passed!
repetition: 35562
>passed!
repetition: 35563
>passed!
repetition: 35564
>passed!
repetition: 35565
>passed!
repetition: 35566
>passed!
repetition: 35567
>passed!
repetition: 35568
>passed!
repetition: 35569
>passed!
repetition: 35570
>passed!
repetition: 35571
>passed!
repetition: 35572
>passed!
repetition: 35573
>passed!
repetition: 35574
>passed!
repetition: 35575
>passed!
repetition: 35576
>passed!
repetition: 35577
>passed!
repetition: 35578
>passed!
repetition: 35579
>passed!
repetition: 35580
>passed!
repetition: 35581
>passed!
repetition: 35582
>passed!
repetition: 35583
>passed!
repetition: 35584
>passed!
repetition: 35585
>passed!
repetition: 35586
>passed!
repetition: 35587
>passed!
repetition: 35588
>passed!
repetition: 35589
>passed!
repetition: 35590
>passed!
repetition: 35591
>passed!
repetition: 35592
>passed!
repetition: 35593
>passed!
repetition: 35594
>passed!
repetition: 35595
>passed!
repetition: 35596
>passed!
repetition: 35597
>passed!
repetition: 35598
>passed!
repetition: 35599
>passed!
repetition: 35600
>passed!
repetition: 35601
>passed!
repetition: 35602
>passed!
repetition: 35603
>passed!
repetition: 35604
>passed!
repetition: 35605
>passed!
repetition: 35606
>passed!
repetition: 35607
>passed!
repetition: 35608
>passed!
repetition: 35609
>passed!
repetition: 35610
>passed!
repetition: 35611
>passed!
repetition: 35612
>passed!
repetition: 35613
>passed!
repetition: 35614
>passed!
repetition: 35615
>passed!
repetition: 35616
>passed!
repetition: 35617
>passed!
repetition: 35618
>passed!
repetition: 35619
>passed!
repetition: 35620
>passed!
repetition: 35621
>passed!
repetition: 35622
>passed!
repetition: 35623
>passed!
repetition: 35624
>passed!
repetition: 35625
>passed!
repetition: 35626
>passed!
repetition: 35627
>passed!
repetition: 35628
>passed!
repetition: 35629
>passed!
repetition: 35630
>passed!
repetition: 35631
>passed!
repetition: 35632
>passed!
repetition: 35633
>passed!
repetition: 35634
>passed!
repetition: 35635
>passed!
repetition: 35636
>passed!
repetition: 35637
>passed!
repetition: 35638
>passed!
repetition: 35639
>passed!
repetition: 35640
>passed!
repetition: 35641
>passed!
repetition: 35642
>passed!
repetition: 35643
>passed!
repetition: 35644
>passed!
repetition: 35645
>passed!
repetition: 35646
>passed!
repetition: 35647
>passed!
repetition: 35648
>passed!
repetition: 35649
>passed!
repetition: 35650
>passed!
repetition: 35651
>passed!
repetition: 35652
>passed!
repetition: 35653
>passed!
repetition: 35654
>passed!
repetition: 35655
>passed!
repetition: 35656
>passed!
repetition: 35657
>passed!
repetition: 35658
>passed!
repetition: 35659
>passed!
repetition: 35660
>passed!
repetition: 35661
>passed!
repetition: 35662
>passed!
repetition: 35663
>passed!
repetition: 35664
>passed!
repetition: 35665
>passed!
repetition: 35666
>passed!
repetition: 35667
>passed!
repetition: 35668
>passed!
repetition: 35669
>passed!
repetition: 35670
>passed!
repetition: 35671
>passed!
repetition: 35672
>passed!
repetition: 35673
>passed!
repetition: 35674
>passed!
repetition: 35675
>passed!
repetition: 35676
>passed!
repetition: 35677
>passed!
repetition: 35678
>passed!
repetition: 35679
>passed!
repetition: 35680
>passed!
repetition: 35681
>passed!
repetition: 35682
>passed!
repetition: 35683
>passed!
repetition: 35684
>passed!
repetition: 35685
>passed!
repetition: 35686
>passed!
repetition: 35687
>passed!
repetition: 35688
>passed!
repetition: 35689
>passed!
repetition: 35690
>passed!
repetition: 35691
>passed!
repetition: 35692
>passed!
repetition: 35693
>passed!
repetition: 35694
>passed!
repetition: 35695
>passed!
repetition: 35696
>passed!
repetition: 35697
>passed!
repetition: 35698
>passed!
repetition: 35699
>passed!
repetition: 35700
>passed!
repetition: 35701
>passed!
repetition: 35702
>passed!
repetition: 35703
>passed!
repetition: 35704
>passed!
repetition: 35705
>passed!
repetition: 35706
>passed!
repetition: 35707
>passed!
repetition: 35708
>passed!
repetition: 35709
>passed!
repetition: 35710
>passed!
repetition: 35711
>passed!
repetition: 35712
>passed!
repetition: 35713
>passed!
repetition: 35714
>passed!
repetition: 35715
>passed!
repetition: 35716
>passed!
repetition: 35717
>passed!
repetition: 35718
>passed!
repetition: 35719
>passed!
repetition: 35720
>passed!
repetition: 35721
>passed!
repetition: 35722
>passed!
repetition: 35723
>passed!
repetition: 35724
>passed!
repetition: 35725
>passed!
repetition: 35726
>passed!
repetition: 35727
>passed!
repetition: 35728
>passed!
repetition: 35729
>passed!
repetition: 35730
>passed!
repetition: 35731
>passed!
repetition: 35732
>passed!
repetition: 35733
>passed!
repetition: 35734
>passed!
repetition: 35735
>passed!
repetition: 35736
>passed!
repetition: 35737
>passed!
repetition: 35738
>passed!
repetition: 35739
>passed!
repetition: 35740
>passed!
repetition: 35741
>passed!
repetition: 35742
>passed!
repetition: 35743
>passed!
repetition: 35744
>passed!
repetition: 35745
>passed!
repetition: 35746
>passed!
repetition: 35747
>passed!
repetition: 35748
>passed!
repetition: 35749
>passed!
repetition: 35750
>passed!
repetition: 35751
>passed!
repetition: 35752
>passed!
repetition: 35753
>passed!
repetition: 35754
>passed!
repetition: 35755
>passed!
repetition: 35756
>passed!
repetition: 35757
>passed!
repetition: 35758
>passed!
repetition: 35759
>passed!
repetition: 35760
>passed!
repetition: 35761
>passed!
repetition: 35762
>passed!
repetition: 35763
>passed!
repetition: 35764
>passed!
repetition: 35765
>passed!
repetition: 35766
>passed!
repetition: 35767
>passed!
repetition: 35768
>passed!
repetition: 35769
>passed!
repetition: 35770
>passed!
repetition: 35771
>passed!
repetition: 35772
>passed!
repetition: 35773
>passed!
repetition: 35774
>passed!
repetition: 35775
>passed!
repetition: 35776
>passed!
repetition: 35777
>passed!
repetition: 35778
>passed!
repetition: 35779
>passed!
repetition: 35780
>passed!
repetition: 35781
>passed!
repetition: 35782
>passed!
repetition: 35783
>passed!
repetition: 35784
>passed!
repetition: 35785
>passed!
repetition: 35786
>passed!
repetition: 35787
>passed!
repetition: 35788
>passed!
repetition: 35789
>passed!
repetition: 35790
>passed!
repetition: 35791
>passed!
repetition: 35792
>passed!
repetition: 35793
>passed!
repetition: 35794
>passed!
repetition: 35795
>passed!
repetition: 35796
>passed!
repetition: 35797
>passed!
repetition: 35798
>passed!
repetition: 35799
>passed!
repetition: 35800
>passed!
repetition: 35801
>passed!
repetition: 35802
>passed!
repetition: 35803
>passed!
repetition: 35804
>passed!
repetition: 35805
>passed!
repetition: 35806
>passed!
repetition: 35807
>passed!
repetition: 35808
>passed!
repetition: 35809
>passed!
repetition: 35810
>passed!
repetition: 35811
>passed!
repetition: 35812
>passed!
repetition: 35813
>passed!
repetition: 35814
>passed!
repetition: 35815
>passed!
repetition: 35816
>passed!
repetition: 35817
>passed!
repetition: 35818
>passed!
repetition: 35819
>passed!
repetition: 35820
>passed!
repetition: 35821
>passed!
repetition: 35822
>passed!
repetition: 35823
>passed!
repetition: 35824
>passed!
repetition: 35825
>passed!
repetition: 35826
>passed!
repetition: 35827
>passed!
repetition: 35828
>passed!
repetition: 35829
>passed!
repetition: 35830
>passed!
repetition: 35831
>passed!
repetition: 35832
>passed!
repetition: 35833
>passed!
repetition: 35834
>passed!
repetition: 35835
>passed!
repetition: 35836
>passed!
repetition: 35837
>passed!
repetition: 35838
>passed!
repetition: 35839
>passed!
repetition: 35840
>passed!
repetition: 35841
>passed!
repetition: 35842
>passed!
repetition: 35843
>passed!
repetition: 35844
>passed!
repetition: 35845
>passed!
repetition: 35846
>passed!
repetition: 35847
>passed!
repetition: 35848
>passed!
repetition: 35849
>passed!
repetition: 35850
>passed!
repetition: 35851
>passed!
repetition: 35852
>passed!
repetition: 35853
>passed!
repetition: 35854
>passed!
repetition: 35855
>passed!
repetition: 35856
>passed!
repetition: 35857
>passed!
repetition: 35858
>passed!
repetition: 35859
>passed!
repetition: 35860
>passed!
repetition: 35861
>passed!
repetition: 35862
>passed!
repetition: 35863
>passed!
repetition: 35864
>passed!
repetition: 35865
>passed!
repetition: 35866
>passed!
repetition: 35867
>passed!
repetition: 35868
>passed!
repetition: 35869
>passed!
repetition: 35870
>passed!
repetition: 35871
>passed!
repetition: 35872
>passed!
repetition: 35873
>passed!
repetition: 35874
>passed!
repetition: 35875
>passed!
repetition: 35876
>passed!
repetition: 35877
>passed!
repetition: 35878
>passed!
repetition: 35879
>passed!
repetition: 35880
>passed!
repetition: 35881
>passed!
repetition: 35882
>passed!
repetition: 35883
>passed!
repetition: 35884
>passed!
repetition: 35885
>passed!
repetition: 35886
>passed!
repetition: 35887
>passed!
repetition: 35888
>passed!
repetition: 35889
>passed!
repetition: 35890
>passed!
repetition: 35891
>passed!
repetition: 35892
>passed!
repetition: 35893
>passed!
repetition: 35894
>passed!
repetition: 35895
>passed!
repetition: 35896
>passed!
repetition: 35897
>passed!
repetition: 35898
>passed!
repetition: 35899
>passed!
repetition: 35900
>passed!
repetition: 35901
>passed!
repetition: 35902
>passed!
repetition: 35903
>passed!
repetition: 35904
>passed!
repetition: 35905
>passed!
repetition: 35906
>passed!
repetition: 35907
>passed!
repetition: 35908
>passed!
repetition: 35909
>passed!
repetition: 35910
>passed!
repetition: 35911
>passed!
repetition: 35912
>passed!
repetition: 35913
>passed!
repetition: 35914
>passed!
repetition: 35915
>passed!
repetition: 35916
>passed!
repetition: 35917
>passed!
repetition: 35918
>passed!
repetition: 35919
>passed!
repetition: 35920
>passed!
repetition: 35921
>passed!
repetition: 35922
>passed!
repetition: 35923
>passed!
repetition: 35924
>passed!
repetition: 35925
>passed!
repetition: 35926
>passed!
repetition: 35927
>passed!
repetition: 35928
>passed!
repetition: 35929
>passed!
repetition: 35930
>passed!
repetition: 35931
>passed!
repetition: 35932
>passed!
repetition: 35933
>passed!
repetition: 35934
>passed!
repetition: 35935
>passed!
repetition: 35936
>passed!
repetition: 35937
>passed!
repetition: 35938
>passed!
repetition: 35939
>passed!
repetition: 35940
>passed!
repetition: 35941
>passed!
repetition: 35942
>passed!
repetition: 35943
>passed!
repetition: 35944
>passed!
repetition: 35945
>passed!
repetition: 35946
>passed!
repetition: 35947
>passed!
repetition: 35948
>passed!
repetition: 35949
>passed!
repetition: 35950
>passed!
repetition: 35951
>passed!
repetition: 35952
>passed!
repetition: 35953
>passed!
repetition: 35954
>passed!
repetition: 35955
>passed!
repetition: 35956
>passed!
repetition: 35957
>passed!
repetition: 35958
>passed!
repetition: 35959
>passed!
repetition: 35960
>passed!
repetition: 35961
>passed!
repetition: 35962
>passed!
repetition: 35963
>passed!
repetition: 35964
>passed!
repetition: 35965
>passed!
repetition: 35966
>passed!
repetition: 35967
>passed!
repetition: 35968
>passed!
repetition: 35969
>passed!
repetition: 35970
>passed!
repetition: 35971
>passed!
repetition: 35972
>passed!
repetition: 35973
>passed!
repetition: 35974
>passed!
repetition: 35975
>passed!
repetition: 35976
>passed!
repetition: 35977
>passed!
repetition: 35978
>passed!
repetition: 35979
>passed!
repetition: 35980
>passed!
repetition: 35981
>passed!
repetition: 35982
>passed!
repetition: 35983
>passed!
repetition: 35984
>passed!
repetition: 35985
>passed!
repetition: 35986
>passed!
repetition: 35987
>passed!
repetition: 35988
>passed!
repetition: 35989
>passed!
repetition: 35990
>passed!
repetition: 35991
>passed!
repetition: 35992
>passed!
repetition: 35993
>passed!
repetition: 35994
>passed!
repetition: 35995
>passed!
repetition: 35996
>passed!
repetition: 35997
>passed!
repetition: 35998
>passed!
repetition: 35999
>passed!
repetition: 36000
>passed!
repetition: 36001
>passed!
repetition: 36002
>passed!
repetition: 36003
>passed!
repetition: 36004
>passed!
repetition: 36005
>passed!
repetition: 36006
>passed!
repetition: 36007
>passed!
repetition: 36008
>passed!
repetition: 36009
>passed!
repetition: 36010
>passed!
repetition: 36011
>passed!
repetition: 36012
>passed!
repetition: 36013
>passed!
repetition: 36014
>passed!
repetition: 36015
>passed!
repetition: 36016
>passed!
repetition: 36017
>passed!
repetition: 36018
>passed!
repetition: 36019
>passed!
repetition: 36020
>passed!
repetition: 36021
>passed!
repetition: 36022
>passed!
repetition: 36023
>passed!
repetition: 36024
>passed!
repetition: 36025
>passed!
repetition: 36026
>passed!
repetition: 36027
>passed!
repetition: 36028
>passed!
repetition: 36029
>passed!
repetition: 36030
>passed!
repetition: 36031
>passed!
repetition: 36032
>passed!
repetition: 36033
>passed!
repetition: 36034
>passed!
repetition: 36035
>passed!
repetition: 36036
>passed!
repetition: 36037
>passed!
repetition: 36038
>passed!
repetition: 36039
>passed!
repetition: 36040
>passed!
repetition: 36041
>passed!
repetition: 36042
>passed!
repetition: 36043
>passed!
repetition: 36044
>passed!
repetition: 36045
>passed!
repetition: 36046
>passed!
repetition: 36047
>passed!
repetition: 36048
>passed!
repetition: 36049
>passed!
repetition: 36050
>passed!
repetition: 36051
>passed!
repetition: 36052
>passed!
repetition: 36053
>passed!
repetition: 36054
>passed!
repetition: 36055
>passed!
repetition: 36056
>passed!
repetition: 36057
>passed!
repetition: 36058
>passed!
repetition: 36059
>passed!
repetition: 36060
>passed!
repetition: 36061
>passed!
repetition: 36062
>passed!
repetition: 36063
>passed!
repetition: 36064
>passed!
repetition: 36065
>passed!
repetition: 36066
>passed!
repetition: 36067
>passed!
repetition: 36068
>passed!
repetition: 36069
>passed!
repetition: 36070
>passed!
repetition: 36071
>passed!
repetition: 36072
>passed!
repetition: 36073
>passed!
repetition: 36074
>passed!
repetition: 36075
>passed!
repetition: 36076
>passed!
repetition: 36077
>passed!
repetition: 36078
>passed!
repetition: 36079
>passed!
repetition: 36080
>passed!
repetition: 36081
>passed!
repetition: 36082
>passed!
repetition: 36083
>passed!
repetition: 36084
>passed!
repetition: 36085
>passed!
repetition: 36086
>passed!
repetition: 36087
>passed!
repetition: 36088
>passed!
repetition: 36089
>passed!
repetition: 36090
>passed!
repetition: 36091
>passed!
repetition: 36092
>passed!
repetition: 36093
>passed!
repetition: 36094
>passed!
repetition: 36095
>passed!
repetition: 36096
>passed!
repetition: 36097
>passed!
repetition: 36098
>passed!
repetition: 36099
>passed!
repetition: 36100
>passed!
repetition: 36101
>passed!
repetition: 36102
>passed!
repetition: 36103
>passed!
repetition: 36104
>passed!
repetition: 36105
>passed!
repetition: 36106
>passed!
repetition: 36107
>passed!
repetition: 36108
>passed!
repetition: 36109
>passed!
repetition: 36110
>passed!
repetition: 36111
>passed!
repetition: 36112
>passed!
repetition: 36113
>passed!
repetition: 36114
>passed!
repetition: 36115
>passed!
repetition: 36116
>passed!
repetition: 36117
>passed!
repetition: 36118
>passed!
repetition: 36119
>passed!
repetition: 36120
>passed!
repetition: 36121
>passed!
repetition: 36122
>passed!
repetition: 36123
>passed!
repetition: 36124
>passed!
repetition: 36125
>passed!
repetition: 36126
>passed!
repetition: 36127
>passed!
repetition: 36128
>passed!
repetition: 36129
>passed!
repetition: 36130
>passed!
repetition: 36131
>passed!
repetition: 36132
>passed!
repetition: 36133
>passed!
repetition: 36134
>passed!
repetition: 36135
>passed!
repetition: 36136
>passed!
repetition: 36137
>passed!
repetition: 36138
>passed!
repetition: 36139
>passed!
repetition: 36140
>passed!
repetition: 36141
>passed!
repetition: 36142
>passed!
repetition: 36143
>passed!
repetition: 36144
>passed!
repetition: 36145
>passed!
repetition: 36146
>passed!
repetition: 36147
>passed!
repetition: 36148
>passed!
repetition: 36149
>passed!
repetition: 36150
>passed!
repetition: 36151
>passed!
repetition: 36152
>passed!
repetition: 36153
>passed!
repetition: 36154
>passed!
repetition: 36155
>passed!
repetition: 36156
>passed!
repetition: 36157
>passed!
repetition: 36158
>passed!
repetition: 36159
>passed!
repetition: 36160
>passed!
repetition: 36161
>passed!
repetition: 36162
>passed!
repetition: 36163
>passed!
repetition: 36164
>passed!
repetition: 36165
>passed!
repetition: 36166
>passed!
repetition: 36167
>passed!
repetition: 36168
>passed!
repetition: 36169
>passed!
repetition: 36170
>passed!
repetition: 36171
>passed!
repetition: 36172
>passed!
repetition: 36173
>passed!
repetition: 36174
>passed!
repetition: 36175
>passed!
repetition: 36176
>passed!
repetition: 36177
>passed!
repetition: 36178
>passed!
repetition: 36179
>passed!
repetition: 36180
>passed!
repetition: 36181
>passed!
repetition: 36182
>passed!
repetition: 36183
>passed!
repetition: 36184
>passed!
repetition: 36185
>passed!
repetition: 36186
>passed!
repetition: 36187
>passed!
repetition: 36188
>passed!
repetition: 36189
>passed!
repetition: 36190
>passed!
repetition: 36191
>passed!
repetition: 36192
>passed!
repetition: 36193
>passed!
repetition: 36194
>passed!
repetition: 36195
>passed!
repetition: 36196
>passed!
repetition: 36197
>passed!
repetition: 36198
>passed!
repetition: 36199
>passed!
repetition: 36200
>passed!
repetition: 36201
>passed!
repetition: 36202
>passed!
repetition: 36203
>passed!
repetition: 36204
>passed!
repetition: 36205
>passed!
repetition: 36206
>passed!
repetition: 36207
>passed!
repetition: 36208
>passed!
repetition: 36209
>passed!
repetition: 36210
>passed!
repetition: 36211
>passed!
repetition: 36212
>passed!
repetition: 36213
>passed!
repetition: 36214
>passed!
repetition: 36215
>passed!
repetition: 36216
>passed!
repetition: 36217
>passed!
repetition: 36218
>passed!
repetition: 36219
>passed!
repetition: 36220
>passed!
repetition: 36221
>passed!
repetition: 36222
>passed!
repetition: 36223
>passed!
repetition: 36224
>passed!
repetition: 36225
>passed!
repetition: 36226
>passed!
repetition: 36227
>passed!
repetition: 36228
>passed!
repetition: 36229
>passed!
repetition: 36230
>passed!
repetition: 36231
>passed!
repetition: 36232
>passed!
repetition: 36233
>passed!
repetition: 36234
>passed!
repetition: 36235
>passed!
repetition: 36236
>passed!
repetition: 36237
>passed!
repetition: 36238
>passed!
repetition: 36239
>passed!
repetition: 36240
>passed!
repetition: 36241
>passed!
repetition: 36242
>passed!
repetition: 36243
>passed!
repetition: 36244
>passed!
repetition: 36245
>passed!
repetition: 36246
>passed!
repetition: 36247
>passed!
repetition: 36248
>passed!
repetition: 36249
>passed!
repetition: 36250
>passed!
repetition: 36251
>passed!
repetition: 36252
>passed!
repetition: 36253
>passed!
repetition: 36254
>passed!
repetition: 36255
>passed!
repetition: 36256
>passed!
repetition: 36257
>passed!
repetition: 36258
>passed!
repetition: 36259
>passed!
repetition: 36260
>passed!
repetition: 36261
>passed!
repetition: 36262
>passed!
repetition: 36263
>passed!
repetition: 36264
>passed!
repetition: 36265
>passed!
repetition: 36266
>passed!
repetition: 36267
>passed!
repetition: 36268
>passed!
repetition: 36269
>passed!
repetition: 36270
>passed!
repetition: 36271
>passed!
repetition: 36272
>passed!
repetition: 36273
>passed!
repetition: 36274
>passed!
repetition: 36275
>passed!
repetition: 36276
>passed!
repetition: 36277
>passed!
repetition: 36278
>passed!
repetition: 36279
>passed!
repetition: 36280
>passed!
repetition: 36281
>passed!
repetition: 36282
>passed!
repetition: 36283
>passed!
repetition: 36284
>passed!
repetition: 36285
>passed!
repetition: 36286
>passed!
repetition: 36287
>passed!
repetition: 36288
>passed!
repetition: 36289
>passed!
repetition: 36290
>passed!
repetition: 36291
>passed!
repetition: 36292
>passed!
repetition: 36293
>passed!
repetition: 36294
>passed!
repetition: 36295
>passed!
repetition: 36296
>passed!
repetition: 36297
>passed!
repetition: 36298
>passed!
repetition: 36299
>passed!
repetition: 36300
>passed!
repetition: 36301
>passed!
repetition: 36302
>passed!
repetition: 36303
>passed!
repetition: 36304
>passed!
repetition: 36305
>passed!
repetition: 36306
>passed!
repetition: 36307
>passed!
repetition: 36308
>passed!
repetition: 36309
>passed!
repetition: 36310
>passed!
repetition: 36311
>passed!
repetition: 36312
>passed!
repetition: 36313
>passed!
repetition: 36314
>passed!
repetition: 36315
>passed!
repetition: 36316
>passed!
repetition: 36317
>passed!
repetition: 36318
>passed!
repetition: 36319
>passed!
repetition: 36320
>passed!
repetition: 36321
>passed!
repetition: 36322
>passed!
repetition: 36323
>passed!
repetition: 36324
>passed!
repetition: 36325
>passed!
repetition: 36326
>passed!
repetition: 36327
>passed!
repetition: 36328
>passed!
repetition: 36329
>passed!
repetition: 36330
>passed!
repetition: 36331
>passed!
repetition: 36332
>passed!
repetition: 36333
>passed!
repetition: 36334
>passed!
repetition: 36335
>passed!
repetition: 36336
>passed!
repetition: 36337
>passed!
repetition: 36338
>passed!
repetition: 36339
>passed!
repetition: 36340
>passed!
repetition: 36341
>passed!
repetition: 36342
>passed!
repetition: 36343
>passed!
repetition: 36344
>passed!
repetition: 36345
>passed!
repetition: 36346
>passed!
repetition: 36347
>passed!
repetition: 36348
>passed!
repetition: 36349
>passed!
repetition: 36350
>passed!
repetition: 36351
>passed!
repetition: 36352
>passed!
repetition: 36353
>passed!
repetition: 36354
>passed!
repetition: 36355
>passed!
repetition: 36356
>passed!
repetition: 36357
>passed!
repetition: 36358
>passed!
repetition: 36359
>passed!
repetition: 36360
>passed!
repetition: 36361
>passed!
repetition: 36362
>passed!
repetition: 36363
>passed!
repetition: 36364
>passed!
repetition: 36365
>passed!
repetition: 36366
>passed!
repetition: 36367
>passed!
repetition: 36368
>passed!
repetition: 36369
>passed!
repetition: 36370
>passed!
repetition: 36371
>passed!
repetition: 36372
>passed!
repetition: 36373
>passed!
repetition: 36374
>passed!
repetition: 36375
>passed!
repetition: 36376
>passed!
repetition: 36377
>passed!
repetition: 36378
>passed!
repetition: 36379
>passed!
repetition: 36380
>passed!
repetition: 36381
>passed!
repetition: 36382
>passed!
repetition: 36383
>passed!
repetition: 36384
>passed!
repetition: 36385
>passed!
repetition: 36386
>passed!
repetition: 36387
>passed!
repetition: 36388
>passed!
repetition: 36389
>passed!
repetition: 36390
>passed!
repetition: 36391
>passed!
repetition: 36392
>passed!
repetition: 36393
>passed!
repetition: 36394
>passed!
repetition: 36395
>passed!
repetition: 36396
>passed!
repetition: 36397
>passed!
repetition: 36398
>passed!
repetition: 36399
>passed!
repetition: 36400
>passed!
repetition: 36401
>passed!
repetition: 36402
>passed!
repetition: 36403
>passed!
repetition: 36404
>passed!
repetition: 36405
>passed!
repetition: 36406
>passed!
repetition: 36407
>passed!
repetition: 36408
>passed!
repetition: 36409
>passed!
repetition: 36410
>passed!
repetition: 36411
>passed!
repetition: 36412
>passed!
repetition: 36413
>passed!
repetition: 36414
>passed!
repetition: 36415
>passed!
repetition: 36416
>passed!
repetition: 36417
>passed!
repetition: 36418
>passed!
repetition: 36419
>passed!
repetition: 36420
>passed!
repetition: 36421
>passed!
repetition: 36422
>passed!
repetition: 36423
>passed!
repetition: 36424
>passed!
repetition: 36425
>passed!
repetition: 36426
>passed!
repetition: 36427
>passed!
repetition: 36428
>passed!
repetition: 36429
>passed!
repetition: 36430
>passed!
repetition: 36431
>passed!
repetition: 36432
>passed!
repetition: 36433
>passed!
repetition: 36434
>passed!
repetition: 36435
>passed!
repetition: 36436
>passed!
repetition: 36437
>passed!
repetition: 36438
>passed!
repetition: 36439
>passed!
repetition: 36440
>passed!
repetition: 36441
>passed!
repetition: 36442
>passed!
repetition: 36443
>passed!
repetition: 36444
>passed!
repetition: 36445
>passed!
repetition: 36446
>passed!
repetition: 36447
>passed!
repetition: 36448
>passed!
repetition: 36449
>passed!
repetition: 36450
>passed!
repetition: 36451
>passed!
repetition: 36452
>passed!
repetition: 36453
>passed!
repetition: 36454
>passed!
repetition: 36455
>passed!
repetition: 36456
>passed!
repetition: 36457
>passed!
repetition: 36458
>passed!
repetition: 36459
>passed!
repetition: 36460
>passed!
repetition: 36461
>passed!
repetition: 36462
>passed!
repetition: 36463
>passed!
repetition: 36464
>passed!
repetition: 36465
>passed!
repetition: 36466
>passed!
repetition: 36467
>passed!
repetition: 36468
>passed!
repetition: 36469
>passed!
repetition: 36470
>passed!
repetition: 36471
>passed!
repetition: 36472
>passed!
repetition: 36473
>passed!
repetition: 36474
>passed!
repetition: 36475
>passed!
repetition: 36476
>passed!
repetition: 36477
>passed!
repetition: 36478
>passed!
repetition: 36479
>passed!
repetition: 36480
>passed!
repetition: 36481
>passed!
repetition: 36482
>passed!
repetition: 36483
>passed!
repetition: 36484
>passed!
repetition: 36485
>passed!
repetition: 36486
>passed!
repetition: 36487
>passed!
repetition: 36488
>passed!
repetition: 36489
>passed!
repetition: 36490
>passed!
repetition: 36491
>passed!
repetition: 36492
>passed!
repetition: 36493
>passed!
repetition: 36494
>passed!
repetition: 36495
>passed!
repetition: 36496
>passed!
repetition: 36497
>passed!
repetition: 36498
>passed!
repetition: 36499
>passed!
repetition: 36500
>passed!
repetition: 36501
>passed!
repetition: 36502
>passed!
repetition: 36503
>passed!
repetition: 36504
>passed!
repetition: 36505
>passed!
repetition: 36506
>passed!
repetition: 36507
>passed!
repetition: 36508
>passed!
repetition: 36509
>passed!
repetition: 36510
>passed!
repetition: 36511
>passed!
repetition: 36512
>passed!
repetition: 36513
>passed!
repetition: 36514
>passed!
repetition: 36515
>passed!
repetition: 36516
>passed!
repetition: 36517
>passed!
repetition: 36518
>passed!
repetition: 36519
>passed!
repetition: 36520
>passed!
repetition: 36521
>passed!
repetition: 36522
>passed!
repetition: 36523
>passed!
repetition: 36524
>passed!
repetition: 36525
>passed!
repetition: 36526
>passed!
repetition: 36527
>passed!
repetition: 36528
>passed!
repetition: 36529
>passed!
repetition: 36530
>passed!
repetition: 36531
>passed!
repetition: 36532
>passed!
repetition: 36533
>passed!
repetition: 36534
>passed!
repetition: 36535
>passed!
repetition: 36536
>passed!
repetition: 36537
>passed!
repetition: 36538
>passed!
repetition: 36539
>passed!
repetition: 36540
>passed!
repetition: 36541
>passed!
repetition: 36542
>passed!
repetition: 36543
>passed!
repetition: 36544
>passed!
repetition: 36545
>passed!
repetition: 36546
>passed!
repetition: 36547
>passed!
repetition: 36548
>passed!
repetition: 36549
>passed!
repetition: 36550
>passed!
repetition: 36551
>passed!
repetition: 36552
>passed!
repetition: 36553
>passed!
repetition: 36554
>passed!
repetition: 36555
>passed!
repetition: 36556
>passed!
repetition: 36557
>passed!
repetition: 36558
>passed!
repetition: 36559
>passed!
repetition: 36560
>passed!
repetition: 36561
>passed!
repetition: 36562
>passed!
repetition: 36563
>passed!
repetition: 36564
>passed!
repetition: 36565
>passed!
repetition: 36566
>passed!
repetition: 36567
>passed!
repetition: 36568
>passed!
repetition: 36569
>passed!
repetition: 36570
>passed!
repetition: 36571
>passed!
repetition: 36572
>passed!
repetition: 36573
>passed!
repetition: 36574
>passed!
repetition: 36575
>passed!
repetition: 36576
>passed!
repetition: 36577
>passed!
repetition: 36578
>passed!
repetition: 36579
>passed!
repetition: 36580
>passed!
repetition: 36581
>passed!
repetition: 36582
>passed!
repetition: 36583
>passed!
repetition: 36584
>passed!
repetition: 36585
>passed!
repetition: 36586
>passed!
repetition: 36587
>passed!
repetition: 36588
>passed!
repetition: 36589
>passed!
repetition: 36590
>passed!
repetition: 36591
>passed!
repetition: 36592
>passed!
repetition: 36593
>passed!
repetition: 36594
>passed!
repetition: 36595
>passed!
repetition: 36596
>passed!
repetition: 36597
>passed!
repetition: 36598
>passed!
repetition: 36599
>passed!
repetition: 36600
>passed!
repetition: 36601
>passed!
repetition: 36602
>passed!
repetition: 36603
>passed!
repetition: 36604
>passed!
repetition: 36605
>passed!
repetition: 36606
>passed!
repetition: 36607
>passed!
repetition: 36608
>passed!
repetition: 36609
>passed!
repetition: 36610
>passed!
repetition: 36611
>passed!
repetition: 36612
>passed!
repetition: 36613
>passed!
repetition: 36614
>passed!
repetition: 36615
>passed!
repetition: 36616
>passed!
repetition: 36617
>passed!
repetition: 36618
>passed!
repetition: 36619
>passed!
repetition: 36620
>passed!
repetition: 36621
>passed!
repetition: 36622
>passed!
repetition: 36623
>passed!
repetition: 36624
>passed!
repetition: 36625
>passed!
repetition: 36626
>passed!
repetition: 36627
>passed!
repetition: 36628
>passed!
repetition: 36629
>passed!
repetition: 36630
>passed!
repetition: 36631
>passed!
repetition: 36632
>passed!
repetition: 36633
>passed!
repetition: 36634
>passed!
repetition: 36635
>passed!
repetition: 36636
>passed!
repetition: 36637
>passed!
repetition: 36638
>passed!
repetition: 36639
>passed!
repetition: 36640
>passed!
repetition: 36641
>passed!
repetition: 36642
>passed!
repetition: 36643
>passed!
repetition: 36644
>passed!
repetition: 36645
>passed!
repetition: 36646
>passed!
repetition: 36647
>passed!
repetition: 36648
>passed!
repetition: 36649
>passed!
repetition: 36650
>passed!
repetition: 36651
>passed!
repetition: 36652
>passed!
repetition: 36653
>passed!
repetition: 36654
>passed!
repetition: 36655
>passed!
repetition: 36656
>passed!
repetition: 36657
>passed!
repetition: 36658
>passed!
repetition: 36659
>passed!
repetition: 36660
>passed!
repetition: 36661
>passed!
repetition: 36662
>passed!
repetition: 36663
>passed!
repetition: 36664
>passed!
repetition: 36665
>passed!
repetition: 36666
>passed!
repetition: 36667
>passed!
repetition: 36668
>passed!
repetition: 36669
>passed!
repetition: 36670
>passed!
repetition: 36671
>passed!
repetition: 36672
>passed!
repetition: 36673
>passed!
repetition: 36674
>passed!
repetition: 36675
>passed!
repetition: 36676
>passed!
repetition: 36677
>passed!
repetition: 36678
>passed!
repetition: 36679
>passed!
repetition: 36680
>passed!
repetition: 36681
>passed!
repetition: 36682
>passed!
repetition: 36683
>passed!
repetition: 36684
>passed!
repetition: 36685
>passed!
repetition: 36686
>passed!
repetition: 36687
>passed!
repetition: 36688
>passed!
repetition: 36689
>passed!
repetition: 36690
>passed!
repetition: 36691
>passed!
repetition: 36692
>passed!
repetition: 36693
>passed!
repetition: 36694
>passed!
repetition: 36695
>passed!
repetition: 36696
>passed!
repetition: 36697
>passed!
repetition: 36698
>passed!
repetition: 36699
>passed!
repetition: 36700
>passed!
repetition: 36701
>passed!
repetition: 36702
>passed!
repetition: 36703
>passed!
repetition: 36704
>passed!
repetition: 36705
>passed!
repetition: 36706
>passed!
repetition: 36707
>passed!
repetition: 36708
>passed!
repetition: 36709
>passed!
repetition: 36710
>passed!
repetition: 36711
>passed!
repetition: 36712
>passed!
repetition: 36713
>passed!
repetition: 36714
>passed!
repetition: 36715
>passed!
repetition: 36716
>passed!
repetition: 36717
>passed!
repetition: 36718
>passed!
repetition: 36719
>passed!
repetition: 36720
>passed!
repetition: 36721
>passed!
repetition: 36722
>passed!
repetition: 36723
>passed!
repetition: 36724
>passed!
repetition: 36725
>passed!
repetition: 36726
>passed!
repetition: 36727
>passed!
repetition: 36728
>passed!
repetition: 36729
>passed!
repetition: 36730
>passed!
repetition: 36731
>passed!
repetition: 36732
>passed!
repetition: 36733
>passed!
repetition: 36734
>passed!
repetition: 36735
>passed!
repetition: 36736
>passed!
repetition: 36737
>passed!
repetition: 36738
>passed!
repetition: 36739
>passed!
repetition: 36740
>passed!
repetition: 36741
>passed!
repetition: 36742
>passed!
repetition: 36743
>passed!
repetition: 36744
>passed!
repetition: 36745
>passed!
repetition: 36746
>passed!
repetition: 36747
>passed!
repetition: 36748
>passed!
repetition: 36749
>passed!
repetition: 36750
>passed!
repetition: 36751
>passed!
repetition: 36752
>passed!
repetition: 36753
>passed!
repetition: 36754
>passed!
repetition: 36755
>passed!
repetition: 36756
>passed!
repetition: 36757
>passed!
repetition: 36758
>passed!
repetition: 36759
>passed!
repetition: 36760
>passed!
repetition: 36761
>passed!
repetition: 36762
>passed!
repetition: 36763
>passed!
repetition: 36764
>passed!
repetition: 36765
>passed!
repetition: 36766
>passed!
repetition: 36767
>passed!
repetition: 36768
>passed!
repetition: 36769
>passed!
repetition: 36770
>passed!
repetition: 36771
>passed!
repetition: 36772
>passed!
repetition: 36773
>passed!
repetition: 36774
>passed!
repetition: 36775
>passed!
repetition: 36776
>passed!
repetition: 36777
>passed!
repetition: 36778
>passed!
repetition: 36779
>passed!
repetition: 36780
>passed!
repetition: 36781
>passed!
repetition: 36782
>passed!
repetition: 36783
>passed!
repetition: 36784
>passed!
repetition: 36785
>passed!
repetition: 36786
>passed!
repetition: 36787
>passed!
repetition: 36788
>passed!
repetition: 36789
>passed!
repetition: 36790
>passed!
repetition: 36791
>passed!
repetition: 36792
>passed!
repetition: 36793
>passed!
repetition: 36794
>passed!
repetition: 36795
>passed!
repetition: 36796
>passed!
repetition: 36797
>passed!
repetition: 36798
>passed!
repetition: 36799
>passed!
repetition: 36800
>passed!
repetition: 36801
>passed!
repetition: 36802
>passed!
repetition: 36803
>passed!
repetition: 36804
>passed!
repetition: 36805
>passed!
repetition: 36806
>passed!
repetition: 36807
>passed!
repetition: 36808
>passed!
repetition: 36809
>passed!
repetition: 36810
>passed!
repetition: 36811
>passed!
repetition: 36812
>passed!
repetition: 36813
>passed!
repetition: 36814
>passed!
repetition: 36815
>passed!
repetition: 36816
>passed!
repetition: 36817
>passed!
repetition: 36818
>passed!
repetition: 36819
>passed!
repetition: 36820
>passed!
repetition: 36821
>passed!
repetition: 36822
>passed!
repetition: 36823
>passed!
repetition: 36824
>passed!
repetition: 36825
>passed!
repetition: 36826
>passed!
repetition: 36827
>passed!
repetition: 36828
>passed!
repetition: 36829
>passed!
repetition: 36830
>passed!
repetition: 36831
>passed!
repetition: 36832
>passed!
repetition: 36833
>passed!
repetition: 36834
>passed!
repetition: 36835
>passed!
repetition: 36836
>passed!
repetition: 36837
>passed!
repetition: 36838
>passed!
repetition: 36839
>passed!
repetition: 36840
>passed!
repetition: 36841
>passed!
repetition: 36842
>passed!
repetition: 36843
>passed!
repetition: 36844
>passed!
repetition: 36845
>passed!
repetition: 36846
>passed!
repetition: 36847
>passed!
repetition: 36848
>passed!
repetition: 36849
>passed!
repetition: 36850
>passed!
repetition: 36851
>passed!
repetition: 36852
>passed!
repetition: 36853
>passed!
repetition: 36854
>passed!
repetition: 36855
>passed!
repetition: 36856
>passed!
repetition: 36857
>passed!
repetition: 36858
>passed!
repetition: 36859
>passed!
repetition: 36860
>passed!
repetition: 36861
>passed!
repetition: 36862
>passed!
repetition: 36863
>passed!
repetition: 36864
>passed!
repetition: 36865
>passed!
repetition: 36866
>passed!
repetition: 36867
>passed!
repetition: 36868
>passed!
repetition: 36869
>passed!
repetition: 36870
>passed!
repetition: 36871
>passed!
repetition: 36872
>passed!
repetition: 36873
>passed!
repetition: 36874
>passed!
repetition: 36875
>passed!
repetition: 36876
>passed!
repetition: 36877
>passed!
repetition: 36878
>passed!
repetition: 36879
>passed!
repetition: 36880
>passed!
repetition: 36881
>passed!
repetition: 36882
>passed!
repetition: 36883
>passed!
repetition: 36884
>passed!
repetition: 36885
>passed!
repetition: 36886
>passed!
repetition: 36887
>passed!
repetition: 36888
>passed!
repetition: 36889
>passed!
repetition: 36890
>passed!
repetition: 36891
>passed!
repetition: 36892
>passed!
repetition: 36893
>passed!
repetition: 36894
>passed!
repetition: 36895
>passed!
repetition: 36896
>passed!
repetition: 36897
>passed!
repetition: 36898
>passed!
repetition: 36899
>passed!
repetition: 36900
>passed!
repetition: 36901
>passed!
repetition: 36902
>passed!
repetition: 36903
>passed!
repetition: 36904
>passed!
repetition: 36905
>passed!
repetition: 36906
>passed!
repetition: 36907
>passed!
repetition: 36908
>passed!
repetition: 36909
>passed!
repetition: 36910
>passed!
repetition: 36911
>passed!
repetition: 36912
>passed!
repetition: 36913
>passed!
repetition: 36914
>passed!
repetition: 36915
>passed!
repetition: 36916
>passed!
repetition: 36917
>passed!
repetition: 36918
>passed!
repetition: 36919
>passed!
repetition: 36920
>passed!
repetition: 36921
>passed!
repetition: 36922
>passed!
repetition: 36923
>passed!
repetition: 36924
>passed!
repetition: 36925
>passed!
repetition: 36926
>passed!
repetition: 36927
>passed!
repetition: 36928
>passed!
repetition: 36929
>passed!
repetition: 36930
>passed!
repetition: 36931
>passed!
repetition: 36932
>passed!
repetition: 36933
>passed!
repetition: 36934
>passed!
repetition: 36935
>passed!
repetition: 36936
>passed!
repetition: 36937
>passed!
repetition: 36938
>passed!
repetition: 36939
>passed!
repetition: 36940
>passed!
repetition: 36941
>passed!
repetition: 36942
>passed!
repetition: 36943
>passed!
repetition: 36944
>passed!
repetition: 36945
>passed!
repetition: 36946
>passed!
repetition: 36947
>passed!
repetition: 36948
>passed!
repetition: 36949
>passed!
repetition: 36950
>passed!
repetition: 36951
>passed!
repetition: 36952
>passed!
repetition: 36953
>passed!
repetition: 36954
>passed!
repetition: 36955
>passed!
repetition: 36956
>passed!
repetition: 36957
>passed!
repetition: 36958
>passed!
repetition: 36959
>passed!
repetition: 36960
>passed!
repetition: 36961
>passed!
repetition: 36962
>passed!
repetition: 36963
>passed!
repetition: 36964
>passed!
repetition: 36965
>passed!
repetition: 36966
>passed!
repetition: 36967
>passed!
repetition: 36968
>passed!
repetition: 36969
>passed!
repetition: 36970
>passed!
repetition: 36971
>passed!
repetition: 36972
>passed!
repetition: 36973
>passed!
repetition: 36974
>passed!
repetition: 36975
>passed!
repetition: 36976
>passed!
repetition: 36977
>passed!
repetition: 36978
>passed!
repetition: 36979
>passed!
repetition: 36980
>passed!
repetition: 36981
>passed!
repetition: 36982
>passed!
repetition: 36983
>passed!
repetition: 36984
>passed!
repetition: 36985
>passed!
repetition: 36986
>passed!
repetition: 36987
>passed!
repetition: 36988
>passed!
repetition: 36989
>passed!
repetition: 36990
>passed!
repetition: 36991
>passed!
repetition: 36992
>passed!
repetition: 36993
>passed!
repetition: 36994
>passed!
repetition: 36995
>passed!
repetition: 36996
>passed!
repetition: 36997
>passed!
repetition: 36998
>passed!
repetition: 36999
>passed!
repetition: 37000
>passed!
repetition: 37001
>passed!
repetition: 37002
>passed!
repetition: 37003
>passed!
repetition: 37004
>passed!
repetition: 37005
>passed!
repetition: 37006
>passed!
repetition: 37007
>passed!
repetition: 37008
>passed!
repetition: 37009
>passed!
repetition: 37010
>passed!
repetition: 37011
>passed!
repetition: 37012
>passed!
repetition: 37013
>passed!
repetition: 37014
>passed!
repetition: 37015
>passed!
repetition: 37016
>passed!
repetition: 37017
>passed!
repetition: 37018
>passed!
repetition: 37019
>passed!
repetition: 37020
>passed!
repetition: 37021
>passed!
repetition: 37022
>passed!
repetition: 37023
>passed!
repetition: 37024
>passed!
repetition: 37025
>passed!
repetition: 37026
>passed!
repetition: 37027
>passed!
repetition: 37028
>passed!
repetition: 37029
>passed!
repetition: 37030
>passed!
repetition: 37031
>passed!
repetition: 37032
>passed!
repetition: 37033
>passed!
repetition: 37034
>passed!
repetition: 37035
>passed!
repetition: 37036
>passed!
repetition: 37037
>passed!
repetition: 37038
>passed!
repetition: 37039
>passed!
repetition: 37040
>passed!
repetition: 37041
>passed!
repetition: 37042
>passed!
repetition: 37043
>passed!
repetition: 37044
>passed!
repetition: 37045
>passed!
repetition: 37046
>passed!
repetition: 37047
>passed!
repetition: 37048
>passed!
repetition: 37049
>passed!
repetition: 37050
>passed!
repetition: 37051
>passed!
repetition: 37052
>passed!
repetition: 37053
>passed!
repetition: 37054
>passed!
repetition: 37055
>passed!
repetition: 37056
>passed!
repetition: 37057
>passed!
repetition: 37058
>passed!
repetition: 37059
>passed!
repetition: 37060
>passed!
repetition: 37061
>passed!
repetition: 37062
>passed!
repetition: 37063
>passed!
repetition: 37064
>passed!
repetition: 37065
>passed!
repetition: 37066
>passed!
repetition: 37067
>passed!
repetition: 37068
>passed!
repetition: 37069
>passed!
repetition: 37070
>passed!
repetition: 37071
>passed!
repetition: 37072
>passed!
repetition: 37073
>passed!
repetition: 37074
>passed!
repetition: 37075
>passed!
repetition: 37076
>passed!
repetition: 37077
>passed!
repetition: 37078
>passed!
repetition: 37079
>passed!
repetition: 37080
>passed!
repetition: 37081
>passed!
repetition: 37082
>passed!
repetition: 37083
>passed!
repetition: 37084
>passed!
repetition: 37085
>passed!
repetition: 37086
>passed!
repetition: 37087
>passed!
repetition: 37088
>passed!
repetition: 37089
>passed!
repetition: 37090
>passed!
repetition: 37091
>passed!
repetition: 37092
>passed!
repetition: 37093
>passed!
repetition: 37094
>passed!
repetition: 37095
>passed!
repetition: 37096
>passed!
repetition: 37097
>passed!
repetition: 37098
>passed!
repetition: 37099
>passed!
repetition: 37100
>passed!
repetition: 37101
>passed!
repetition: 37102
>passed!
repetition: 37103
>passed!
repetition: 37104
>passed!
repetition: 37105
>passed!
repetition: 37106
>passed!
repetition: 37107
>passed!
repetition: 37108
>passed!
repetition: 37109
>passed!
repetition: 37110
>passed!
repetition: 37111
>passed!
repetition: 37112
>passed!
repetition: 37113
>passed!
repetition: 37114
>passed!
repetition: 37115
>passed!
repetition: 37116
>passed!
repetition: 37117
>passed!
repetition: 37118
>passed!
repetition: 37119
>passed!
repetition: 37120
>passed!
repetition: 37121
>passed!
repetition: 37122
>passed!
repetition: 37123
>passed!
repetition: 37124
>passed!
repetition: 37125
>passed!
repetition: 37126
>passed!
repetition: 37127
>passed!
repetition: 37128
>passed!
repetition: 37129
>passed!
repetition: 37130
>passed!
repetition: 37131
>passed!
repetition: 37132
>passed!
repetition: 37133
>passed!
repetition: 37134
>passed!
repetition: 37135
>passed!
repetition: 37136
>passed!
repetition: 37137
>passed!
repetition: 37138
>passed!
repetition: 37139
>passed!
repetition: 37140
>passed!
repetition: 37141
>passed!
repetition: 37142
>passed!
repetition: 37143
>passed!
repetition: 37144
>passed!
repetition: 37145
>passed!
repetition: 37146
>passed!
repetition: 37147
>passed!
repetition: 37148
>passed!
repetition: 37149
>passed!
repetition: 37150
>passed!
repetition: 37151
>passed!
repetition: 37152
>passed!
repetition: 37153
>passed!
repetition: 37154
>passed!
repetition: 37155
>passed!
repetition: 37156
>passed!
repetition: 37157
>passed!
repetition: 37158
>passed!
repetition: 37159
>passed!
repetition: 37160
>passed!
repetition: 37161
>passed!
repetition: 37162
>passed!
repetition: 37163
>passed!
repetition: 37164
>passed!
repetition: 37165
>passed!
repetition: 37166
>passed!
repetition: 37167
>passed!
repetition: 37168
>passed!
repetition: 37169
>passed!
repetition: 37170
>passed!
repetition: 37171
>passed!
repetition: 37172
>passed!
repetition: 37173
>passed!
repetition: 37174
>passed!
repetition: 37175
>passed!
repetition: 37176
>passed!
repetition: 37177
>passed!
repetition: 37178
>passed!
repetition: 37179
>passed!
repetition: 37180
>passed!
repetition: 37181
>passed!
repetition: 37182
>passed!
repetition: 37183
>passed!
repetition: 37184
>passed!
repetition: 37185
>passed!
repetition: 37186
>passed!
repetition: 37187
>passed!
repetition: 37188
>passed!
repetition: 37189
>passed!
repetition: 37190
>passed!
repetition: 37191
>passed!
repetition: 37192
>passed!
repetition: 37193
>passed!
repetition: 37194
>passed!
repetition: 37195
>passed!
repetition: 37196
>passed!
repetition: 37197
>passed!
repetition: 37198
>passed!
repetition: 37199
>passed!
repetition: 37200
>passed!
repetition: 37201
>passed!
repetition: 37202
>passed!
repetition: 37203
>passed!
repetition: 37204
>passed!
repetition: 37205
>passed!
repetition: 37206
>passed!
repetition: 37207
>passed!
repetition: 37208
>passed!
repetition: 37209
>passed!
repetition: 37210
>passed!
repetition: 37211
>passed!
repetition: 37212
>passed!
repetition: 37213
>passed!
repetition: 37214
>passed!
repetition: 37215
>passed!
repetition: 37216
>passed!
repetition: 37217
>passed!
repetition: 37218
>passed!
repetition: 37219
>passed!
repetition: 37220
>passed!
repetition: 37221
>passed!
repetition: 37222
>passed!
repetition: 37223
>passed!
repetition: 37224
>passed!
repetition: 37225
>passed!
repetition: 37226
>passed!
repetition: 37227
>passed!
repetition: 37228
>passed!
repetition: 37229
>passed!
repetition: 37230
>passed!
repetition: 37231
>passed!
repetition: 37232
>passed!
repetition: 37233
>passed!
repetition: 37234
>passed!
repetition: 37235
>passed!
repetition: 37236
>passed!
repetition: 37237
>passed!
repetition: 37238
>passed!
repetition: 37239
>passed!
repetition: 37240
>passed!
repetition: 37241
>passed!
repetition: 37242
>passed!
repetition: 37243
>passed!
repetition: 37244
>passed!
repetition: 37245
>passed!
repetition: 37246
>passed!
repetition: 37247
>passed!
repetition: 37248
>passed!
repetition: 37249
>passed!
repetition: 37250
>passed!
repetition: 37251
>passed!
repetition: 37252
>passed!
repetition: 37253
>passed!
repetition: 37254
>passed!
repetition: 37255
>passed!
repetition: 37256
>passed!
repetition: 37257
>passed!
repetition: 37258
>passed!
repetition: 37259
>passed!
repetition: 37260
>passed!
repetition: 37261
>passed!
repetition: 37262
>passed!
repetition: 37263
>passed!
repetition: 37264
>passed!
repetition: 37265
>passed!
repetition: 37266
>passed!
repetition: 37267
>passed!
repetition: 37268
>passed!
repetition: 37269
>passed!
repetition: 37270
>passed!
repetition: 37271
>passed!
repetition: 37272
>passed!
repetition: 37273
>passed!
repetition: 37274
>passed!
repetition: 37275
>passed!
repetition: 37276
>passed!
repetition: 37277
>passed!
repetition: 37278
>passed!
repetition: 37279
>passed!
repetition: 37280
>passed!
repetition: 37281
>passed!
repetition: 37282
>passed!
repetition: 37283
>passed!
repetition: 37284
>passed!
repetition: 37285
>passed!
repetition: 37286
>passed!
repetition: 37287
>passed!
repetition: 37288
>passed!
repetition: 37289
>passed!
repetition: 37290
>passed!
repetition: 37291
>passed!
repetition: 37292
>passed!
repetition: 37293
>passed!
repetition: 37294
>passed!
repetition: 37295
>passed!
repetition: 37296
>passed!
repetition: 37297
>passed!
repetition: 37298
>passed!
repetition: 37299
>passed!
repetition: 37300
>passed!
repetition: 37301
>passed!
repetition: 37302
>passed!
repetition: 37303
>passed!
repetition: 37304
>passed!
repetition: 37305
>passed!
repetition: 37306
>passed!
repetition: 37307
>passed!
repetition: 37308
>passed!
repetition: 37309
>passed!
repetition: 37310
>passed!
repetition: 37311
>passed!
repetition: 37312
>passed!
repetition: 37313
>passed!
repetition: 37314
>passed!
repetition: 37315
>passed!
repetition: 37316
>passed!
repetition: 37317
>passed!
repetition: 37318
>passed!
repetition: 37319
>passed!
repetition: 37320
>passed!
repetition: 37321
>passed!
repetition: 37322
>passed!
repetition: 37323
>passed!
repetition: 37324
>passed!
repetition: 37325
>passed!
repetition: 37326
>passed!
repetition: 37327
>passed!
repetition: 37328
>passed!
repetition: 37329
>passed!
repetition: 37330
>passed!
repetition: 37331
>passed!
repetition: 37332
>passed!
repetition: 37333
>passed!
repetition: 37334
>passed!
repetition: 37335
>passed!
repetition: 37336
>passed!
repetition: 37337
>passed!
repetition: 37338
>passed!
repetition: 37339
>passed!
repetition: 37340
>passed!
repetition: 37341
>passed!
repetition: 37342
>passed!
repetition: 37343
>passed!
repetition: 37344
>passed!
repetition: 37345
>passed!
repetition: 37346
>passed!
repetition: 37347
>passed!
repetition: 37348
>passed!
repetition: 37349
>passed!
repetition: 37350
>passed!
repetition: 37351
>passed!
repetition: 37352
>passed!
repetition: 37353
>passed!
repetition: 37354
>passed!
repetition: 37355
>passed!
repetition: 37356
>passed!
repetition: 37357
>passed!
repetition: 37358
>passed!
repetition: 37359
>passed!
repetition: 37360
>passed!
repetition: 37361
>passed!
repetition: 37362
>passed!
repetition: 37363
>passed!
repetition: 37364
>passed!
repetition: 37365
>passed!
repetition: 37366
>passed!
repetition: 37367
>passed!
repetition: 37368
>passed!
repetition: 37369
>passed!
repetition: 37370
>passed!
repetition: 37371
>passed!
repetition: 37372
>passed!
repetition: 37373
>passed!
repetition: 37374
>passed!
repetition: 37375
>passed!
repetition: 37376
>passed!
repetition: 37377
>passed!
repetition: 37378
>passed!
repetition: 37379
>passed!
repetition: 37380
>passed!
repetition: 37381
>passed!
repetition: 37382
>passed!
repetition: 37383
>passed!
repetition: 37384
>passed!
repetition: 37385
>passed!
repetition: 37386
>passed!
repetition: 37387
>passed!
repetition: 37388
>passed!
repetition: 37389
>passed!
repetition: 37390
>passed!
repetition: 37391
>passed!
repetition: 37392
>passed!
repetition: 37393
>passed!
repetition: 37394
>passed!
repetition: 37395
>passed!
repetition: 37396
>passed!
repetition: 37397
>passed!
repetition: 37398
>passed!
repetition: 37399
>passed!
repetition: 37400
>passed!
repetition: 37401
>passed!
repetition: 37402
>passed!
repetition: 37403
>passed!
repetition: 37404
>passed!
repetition: 37405
>passed!
repetition: 37406
>passed!
repetition: 37407
>passed!
repetition: 37408
>passed!
repetition: 37409
>passed!
repetition: 37410
>passed!
repetition: 37411
>passed!
repetition: 37412
>passed!
repetition: 37413
>passed!
repetition: 37414
>passed!
repetition: 37415
>passed!
repetition: 37416
>passed!
repetition: 37417
>passed!
repetition: 37418
>passed!
repetition: 37419
>passed!
repetition: 37420
>passed!
repetition: 37421
>passed!
repetition: 37422
>passed!
repetition: 37423
>passed!
repetition: 37424
>passed!
repetition: 37425
>passed!
repetition: 37426
>passed!
repetition: 37427
>passed!
repetition: 37428
>passed!
repetition: 37429
>passed!
repetition: 37430
>passed!
repetition: 37431
>passed!
repetition: 37432
>passed!
repetition: 37433
>passed!
repetition: 37434
>passed!
repetition: 37435
>passed!
repetition: 37436
>passed!
repetition: 37437
>passed!
repetition: 37438
>passed!
repetition: 37439
>passed!
repetition: 37440
>passed!
repetition: 37441
>passed!
repetition: 37442
>passed!
repetition: 37443
>passed!
repetition: 37444
>passed!
repetition: 37445
>passed!
repetition: 37446
>passed!
repetition: 37447
>passed!
repetition: 37448
>passed!
repetition: 37449
>passed!
repetition: 37450
>passed!
repetition: 37451
>passed!
repetition: 37452
>passed!
repetition: 37453
>passed!
repetition: 37454
>passed!
repetition: 37455
>passed!
repetition: 37456
>passed!
repetition: 37457
>passed!
repetition: 37458
>passed!
repetition: 37459
>passed!
repetition: 37460
>passed!
repetition: 37461
>passed!
repetition: 37462
>passed!
repetition: 37463
>passed!
repetition: 37464
>passed!
repetition: 37465
>passed!
repetition: 37466
>passed!
repetition: 37467
>passed!
repetition: 37468
>passed!
repetition: 37469
>passed!
repetition: 37470
>passed!
repetition: 37471
>passed!
repetition: 37472
>passed!
repetition: 37473
>passed!
repetition: 37474
>passed!
repetition: 37475
>passed!
repetition: 37476
>passed!
repetition: 37477
>passed!
repetition: 37478
>passed!
repetition: 37479
>passed!
repetition: 37480
>passed!
repetition: 37481
>passed!
repetition: 37482
>passed!
repetition: 37483
>passed!
repetition: 37484
>passed!
repetition: 37485
>passed!
repetition: 37486
>passed!
repetition: 37487
>passed!
repetition: 37488
>passed!
repetition: 37489
>passed!
repetition: 37490
>passed!
repetition: 37491
>passed!
repetition: 37492
>passed!
repetition: 37493
>passed!
repetition: 37494
>passed!
repetition: 37495
>passed!
repetition: 37496
>passed!
repetition: 37497
>passed!
repetition: 37498
>passed!
repetition: 37499
>passed!
repetition: 37500
>passed!
repetition: 37501
>passed!
repetition: 37502
>passed!
repetition: 37503
>passed!
repetition: 37504
>passed!
repetition: 37505
>passed!
repetition: 37506
>passed!
repetition: 37507
>passed!
repetition: 37508
>passed!
repetition: 37509
>passed!
repetition: 37510
>passed!
repetition: 37511
>passed!
repetition: 37512
>passed!
repetition: 37513
>passed!
repetition: 37514
>passed!
repetition: 37515
>passed!
repetition: 37516
>passed!
repetition: 37517
>passed!
repetition: 37518
>passed!
repetition: 37519
>passed!
repetition: 37520
>passed!
repetition: 37521
>passed!
repetition: 37522
>passed!
repetition: 37523
>passed!
repetition: 37524
>passed!
repetition: 37525
>passed!
repetition: 37526
>passed!
repetition: 37527
>passed!
repetition: 37528
>passed!
repetition: 37529
>passed!
repetition: 37530
>passed!
repetition: 37531
>passed!
repetition: 37532
>passed!
repetition: 37533
>passed!
repetition: 37534
>passed!
repetition: 37535
>passed!
repetition: 37536
>passed!
repetition: 37537
>passed!
repetition: 37538
>passed!
repetition: 37539
>passed!
repetition: 37540
>passed!
repetition: 37541
>passed!
repetition: 37542
>passed!
repetition: 37543
>passed!
repetition: 37544
>passed!
repetition: 37545
>passed!
repetition: 37546
>passed!
repetition: 37547
>passed!
repetition: 37548
>passed!
repetition: 37549
>passed!
repetition: 37550
>passed!
repetition: 37551
>passed!
repetition: 37552
>passed!
repetition: 37553
>passed!
repetition: 37554
>passed!
repetition: 37555
>passed!
repetition: 37556
>passed!
repetition: 37557
>passed!
repetition: 37558
>passed!
repetition: 37559
>passed!
repetition: 37560
>passed!
repetition: 37561
>passed!
repetition: 37562
>passed!
repetition: 37563
>passed!
repetition: 37564
>passed!
repetition: 37565
>passed!
repetition: 37566
>passed!
repetition: 37567
>passed!
repetition: 37568
>passed!
repetition: 37569
>passed!
repetition: 37570
>passed!
repetition: 37571
>passed!
repetition: 37572
>passed!
repetition: 37573
>passed!
repetition: 37574
>passed!
repetition: 37575
>passed!
repetition: 37576
>passed!
repetition: 37577
>passed!
repetition: 37578
>passed!
repetition: 37579
>passed!
repetition: 37580
>passed!
repetition: 37581
>passed!
repetition: 37582
>passed!
repetition: 37583
>passed!
repetition: 37584
>passed!
repetition: 37585
>passed!
repetition: 37586
>passed!
repetition: 37587
>passed!
repetition: 37588
>passed!
repetition: 37589
>passed!
repetition: 37590
>passed!
repetition: 37591
>passed!
repetition: 37592
>passed!
repetition: 37593
>passed!
repetition: 37594
>passed!
repetition: 37595
>passed!
repetition: 37596
>passed!
repetition: 37597
>passed!
repetition: 37598
>passed!
repetition: 37599
>passed!
repetition: 37600
>passed!
repetition: 37601
>passed!
repetition: 37602
>passed!
repetition: 37603
>passed!
repetition: 37604
>passed!
repetition: 37605
>passed!
repetition: 37606
>passed!
repetition: 37607
>passed!
repetition: 37608
>passed!
repetition: 37609
>passed!
repetition: 37610
>passed!
repetition: 37611
>passed!
repetition: 37612
>passed!
repetition: 37613
>passed!
repetition: 37614
>passed!
repetition: 37615
>passed!
repetition: 37616
>passed!
repetition: 37617
>passed!
repetition: 37618
>passed!
repetition: 37619
>passed!
repetition: 37620
>passed!
repetition: 37621
>passed!
repetition: 37622
>passed!
repetition: 37623
>passed!
repetition: 37624
>passed!
repetition: 37625
>passed!
repetition: 37626
>passed!
repetition: 37627
>passed!
repetition: 37628
>passed!
repetition: 37629
>passed!
repetition: 37630
>passed!
repetition: 37631
>passed!
repetition: 37632
>passed!
repetition: 37633
>passed!
repetition: 37634
>passed!
repetition: 37635
>passed!
repetition: 37636
>passed!
repetition: 37637
>passed!
repetition: 37638
>passed!
repetition: 37639
>passed!
repetition: 37640
>passed!
repetition: 37641
>passed!
repetition: 37642
>passed!
repetition: 37643
>passed!
repetition: 37644
>passed!
repetition: 37645
>passed!
repetition: 37646
>passed!
repetition: 37647
>passed!
repetition: 37648
>passed!
repetition: 37649
>passed!
repetition: 37650
>passed!
repetition: 37651
>passed!
repetition: 37652
>passed!
repetition: 37653
>passed!
repetition: 37654
>passed!
repetition: 37655
>passed!
repetition: 37656
>passed!
repetition: 37657
>passed!
repetition: 37658
>passed!
repetition: 37659
>passed!
repetition: 37660
>passed!
repetition: 37661
>passed!
repetition: 37662
>passed!
repetition: 37663
>passed!
repetition: 37664
>passed!
repetition: 37665
>passed!
repetition: 37666
>passed!
repetition: 37667
>passed!
repetition: 37668
>passed!
repetition: 37669
>passed!
repetition: 37670
>passed!
repetition: 37671
>passed!
repetition: 37672
>passed!
repetition: 37673
>passed!
repetition: 37674
>passed!
repetition: 37675
>passed!
repetition: 37676
>passed!
repetition: 37677
>passed!
repetition: 37678
>passed!
repetition: 37679
>passed!
repetition: 37680
>passed!
repetition: 37681
>passed!
repetition: 37682
>passed!
repetition: 37683
>passed!
repetition: 37684
>passed!
repetition: 37685
>passed!
repetition: 37686
>passed!
repetition: 37687
>passed!
repetition: 37688
>passed!
repetition: 37689
>passed!
repetition: 37690
>passed!
repetition: 37691
>passed!
repetition: 37692
>passed!
repetition: 37693
>passed!
repetition: 37694
>passed!
repetition: 37695
>passed!
repetition: 37696
>passed!
repetition: 37697
>passed!
repetition: 37698
>passed!
repetition: 37699
>passed!
repetition: 37700
>passed!
repetition: 37701
>passed!
repetition: 37702
>passed!
repetition: 37703
>passed!
repetition: 37704
>passed!
repetition: 37705
>passed!
repetition: 37706
>passed!
repetition: 37707
>passed!
repetition: 37708
>passed!
repetition: 37709
>passed!
repetition: 37710
>passed!
repetition: 37711
>passed!
repetition: 37712
>passed!
repetition: 37713
>passed!
repetition: 37714
>passed!
repetition: 37715
>passed!
repetition: 37716
>passed!
repetition: 37717
>passed!
repetition: 37718
>passed!
repetition: 37719
>passed!
repetition: 37720
>passed!
repetition: 37721
>passed!
repetition: 37722
>passed!
repetition: 37723
>passed!
repetition: 37724
>passed!
repetition: 37725
>passed!
repetition: 37726
>passed!
repetition: 37727
>passed!
repetition: 37728
>passed!
repetition: 37729
>passed!
repetition: 37730
>passed!
repetition: 37731
>passed!
repetition: 37732
>passed!
repetition: 37733
>passed!
repetition: 37734
>passed!
repetition: 37735
>passed!
repetition: 37736
>passed!
repetition: 37737
>passed!
repetition: 37738
>passed!
repetition: 37739
>passed!
repetition: 37740
>passed!
repetition: 37741
>passed!
repetition: 37742
>passed!
repetition: 37743
>passed!
repetition: 37744
>passed!
repetition: 37745
>passed!
repetition: 37746
>passed!
repetition: 37747
>passed!
repetition: 37748
>passed!
repetition: 37749
>passed!
repetition: 37750
>passed!
repetition: 37751
>passed!
repetition: 37752
>passed!
repetition: 37753
>passed!
repetition: 37754
>passed!
repetition: 37755
>passed!
repetition: 37756
>passed!
repetition: 37757
>passed!
repetition: 37758
>passed!
repetition: 37759
>passed!
repetition: 37760
>passed!
repetition: 37761
>passed!
repetition: 37762
>passed!
repetition: 37763
>passed!
repetition: 37764
>passed!
repetition: 37765
>passed!
repetition: 37766
>passed!
repetition: 37767
>passed!
repetition: 37768
>passed!
repetition: 37769
>passed!
repetition: 37770
>passed!
repetition: 37771
>passed!
repetition: 37772
>passed!
repetition: 37773
>passed!
repetition: 37774
>passed!
repetition: 37775
>passed!
repetition: 37776
>passed!
repetition: 37777
>passed!
repetition: 37778
>passed!
repetition: 37779
>passed!
repetition: 37780
>passed!
repetition: 37781
>passed!
repetition: 37782
>passed!
repetition: 37783
>passed!
repetition: 37784
>passed!
repetition: 37785
>passed!
repetition: 37786
>passed!
repetition: 37787
>passed!
repetition: 37788
>passed!
repetition: 37789
>passed!
repetition: 37790
>passed!
repetition: 37791
>passed!
repetition: 37792
>passed!
repetition: 37793
>passed!
repetition: 37794
>passed!
repetition: 37795
>passed!
repetition: 37796
>passed!
repetition: 37797
>passed!
repetition: 37798
>passed!
repetition: 37799
>passed!
repetition: 37800
>passed!
repetition: 37801
>passed!
repetition: 37802
>passed!
repetition: 37803
>passed!
repetition: 37804
>passed!
repetition: 37805
>passed!
repetition: 37806
>passed!
repetition: 37807
>passed!
repetition: 37808
>passed!
repetition: 37809
>passed!
repetition: 37810
>passed!
repetition: 37811
>passed!
repetition: 37812
>passed!
repetition: 37813
>passed!
repetition: 37814
>passed!
repetition: 37815
>passed!
repetition: 37816
>passed!
repetition: 37817
>passed!
repetition: 37818
>passed!
repetition: 37819
>passed!
repetition: 37820
>passed!
repetition: 37821
>passed!
repetition: 37822
>passed!
repetition: 37823
>passed!
repetition: 37824
>passed!
repetition: 37825
>passed!
repetition: 37826
>passed!
repetition: 37827
>passed!
repetition: 37828
>passed!
repetition: 37829
>passed!
repetition: 37830
>passed!
repetition: 37831
>passed!
repetition: 37832
>passed!
repetition: 37833
>passed!
repetition: 37834
>passed!
repetition: 37835
>passed!
repetition: 37836
>passed!
repetition: 37837
>passed!
repetition: 37838
>passed!
repetition: 37839
>passed!
repetition: 37840
>passed!
repetition: 37841
>passed!
repetition: 37842
>passed!
repetition: 37843
>passed!
repetition: 37844
>passed!
repetition: 37845
>passed!
repetition: 37846
>passed!
repetition: 37847
>passed!
repetition: 37848
>passed!
repetition: 37849
>passed!
repetition: 37850
>passed!
repetition: 37851
>passed!
repetition: 37852
>passed!
repetition: 37853
>passed!
repetition: 37854
>passed!
repetition: 37855
>passed!
repetition: 37856
>passed!
repetition: 37857
>passed!
repetition: 37858
>passed!
repetition: 37859
>passed!
repetition: 37860
>passed!
repetition: 37861
>passed!
repetition: 37862
>passed!
repetition: 37863
>passed!
repetition: 37864
>passed!
repetition: 37865
>passed!
repetition: 37866
>passed!
repetition: 37867
>passed!
repetition: 37868
>passed!
repetition: 37869
>passed!
repetition: 37870
>passed!
repetition: 37871
>passed!
repetition: 37872
>passed!
repetition: 37873
>passed!
repetition: 37874
>passed!
repetition: 37875
>passed!
repetition: 37876
>passed!
repetition: 37877
>passed!
repetition: 37878
>passed!
repetition: 37879
>passed!
repetition: 37880
>passed!
repetition: 37881
>passed!
repetition: 37882
>passed!
repetition: 37883
>passed!
repetition: 37884
>passed!
repetition: 37885
>passed!
repetition: 37886
>passed!
repetition: 37887
>passed!
repetition: 37888
>passed!
repetition: 37889
>passed!
repetition: 37890
>passed!
repetition: 37891
>passed!
repetition: 37892
>passed!
repetition: 37893
>passed!
repetition: 37894
>passed!
repetition: 37895
>passed!
repetition: 37896
>passed!
repetition: 37897
>passed!
repetition: 37898
>passed!
repetition: 37899
>passed!
repetition: 37900
>passed!
repetition: 37901
>passed!
repetition: 37902
>passed!
repetition: 37903
>passed!
repetition: 37904
>passed!
repetition: 37905
>passed!
repetition: 37906
>passed!
repetition: 37907
>passed!
repetition: 37908
>passed!
repetition: 37909
>passed!
repetition: 37910
>passed!
repetition: 37911
>passed!
repetition: 37912
>passed!
repetition: 37913
>passed!
repetition: 37914
>passed!
repetition: 37915
>passed!
repetition: 37916
>passed!
repetition: 37917
>passed!
repetition: 37918
>passed!
repetition: 37919
>passed!
repetition: 37920
>passed!
repetition: 37921
>passed!
repetition: 37922
>passed!
repetition: 37923
>passed!
repetition: 37924
>passed!
repetition: 37925
>passed!
repetition: 37926
>passed!
repetition: 37927
>passed!
repetition: 37928
>passed!
repetition: 37929
>passed!
repetition: 37930
>passed!
repetition: 37931
>passed!
repetition: 37932
>passed!
repetition: 37933
>passed!
repetition: 37934
>passed!
repetition: 37935
>passed!
repetition: 37936
>passed!
repetition: 37937
>passed!
repetition: 37938
>passed!
repetition: 37939
>passed!
repetition: 37940
>passed!
repetition: 37941
>passed!
repetition: 37942
>passed!
repetition: 37943
>passed!
repetition: 37944
>passed!
repetition: 37945
>passed!
repetition: 37946
>passed!
repetition: 37947
>passed!
repetition: 37948
>passed!
repetition: 37949
>passed!
repetition: 37950
>passed!
repetition: 37951
>passed!
repetition: 37952
>passed!
repetition: 37953
>passed!
repetition: 37954
>passed!
repetition: 37955
>passed!
repetition: 37956
>passed!
repetition: 37957
>passed!
repetition: 37958
>passed!
repetition: 37959
>passed!
repetition: 37960
>passed!
repetition: 37961
>passed!
repetition: 37962
>passed!
repetition: 37963
>passed!
repetition: 37964
>passed!
repetition: 37965
>passed!
repetition: 37966
>passed!
repetition: 37967
>passed!
repetition: 37968
>passed!
repetition: 37969
>passed!
repetition: 37970
>passed!
repetition: 37971
>passed!
repetition: 37972
>passed!
repetition: 37973
>passed!
repetition: 37974
>passed!
repetition: 37975
>passed!
repetition: 37976
>passed!
repetition: 37977
>passed!
repetition: 37978
>passed!
repetition: 37979
>passed!
repetition: 37980
>passed!
repetition: 37981
>passed!
repetition: 37982
>passed!
repetition: 37983
>passed!
repetition: 37984
>passed!
repetition: 37985
>passed!
repetition: 37986
>passed!
repetition: 37987
>passed!
repetition: 37988
>passed!
repetition: 37989
>passed!
repetition: 37990
>passed!
repetition: 37991
>passed!
repetition: 37992
>passed!
repetition: 37993
>passed!
repetition: 37994
>passed!
repetition: 37995
>passed!
repetition: 37996
>passed!
repetition: 37997
>passed!
repetition: 37998
>passed!
repetition: 37999
>passed!
repetition: 38000
>passed!
repetition: 38001
>passed!
repetition: 38002
>passed!
repetition: 38003
>passed!
repetition: 38004
>passed!
repetition: 38005
>passed!
repetition: 38006
>passed!
repetition: 38007
>passed!
repetition: 38008
>passed!
repetition: 38009
>passed!
repetition: 38010
>passed!
repetition: 38011
>passed!
repetition: 38012
>passed!
repetition: 38013
>passed!
repetition: 38014
>passed!
repetition: 38015
>passed!
repetition: 38016
>passed!
repetition: 38017
>passed!
repetition: 38018
>passed!
repetition: 38019
>passed!
repetition: 38020
>passed!
repetition: 38021
>passed!
repetition: 38022
>passed!
repetition: 38023
>passed!
repetition: 38024
>passed!
repetition: 38025
>passed!
repetition: 38026
>passed!
repetition: 38027
>passed!
repetition: 38028
>passed!
repetition: 38029
>passed!
repetition: 38030
>passed!
repetition: 38031
>passed!
repetition: 38032
>passed!
repetition: 38033
>passed!
repetition: 38034
>passed!
repetition: 38035
>passed!
repetition: 38036
>passed!
repetition: 38037
>passed!
repetition: 38038
>passed!
repetition: 38039
>passed!
repetition: 38040
>passed!
repetition: 38041
>passed!
repetition: 38042
>passed!
repetition: 38043
>passed!
repetition: 38044
>passed!
repetition: 38045
>passed!
repetition: 38046
>passed!
repetition: 38047
>passed!
repetition: 38048
>passed!
repetition: 38049
>passed!
repetition: 38050
>passed!
repetition: 38051
>passed!
repetition: 38052
>passed!
repetition: 38053
>passed!
repetition: 38054
>passed!
repetition: 38055
>passed!
repetition: 38056
>passed!
repetition: 38057
>passed!
repetition: 38058
>passed!
repetition: 38059
>passed!
repetition: 38060
>passed!
repetition: 38061
>passed!
repetition: 38062
>passed!
repetition: 38063
>passed!
repetition: 38064
>passed!
repetition: 38065
>passed!
repetition: 38066
>passed!
repetition: 38067
>passed!
repetition: 38068
>passed!
repetition: 38069
>passed!
repetition: 38070
>passed!
repetition: 38071
>passed!
repetition: 38072
>passed!
repetition: 38073
>passed!
repetition: 38074
>passed!
repetition: 38075
>passed!
repetition: 38076
>passed!
repetition: 38077
>passed!
repetition: 38078
>passed!
repetition: 38079
>passed!
repetition: 38080
>passed!
repetition: 38081
>passed!
repetition: 38082
>passed!
repetition: 38083
>passed!
repetition: 38084
>passed!
repetition: 38085
>passed!
repetition: 38086
>passed!
repetition: 38087
>passed!
repetition: 38088
>passed!
repetition: 38089
>passed!
repetition: 38090
>passed!
repetition: 38091
>passed!
repetition: 38092
>passed!
repetition: 38093
>passed!
repetition: 38094
>passed!
repetition: 38095
>passed!
repetition: 38096
>passed!
repetition: 38097
>passed!
repetition: 38098
>passed!
repetition: 38099
>passed!
repetition: 38100
>passed!
repetition: 38101
>passed!
repetition: 38102
>passed!
repetition: 38103
>passed!
repetition: 38104
>passed!
repetition: 38105
>passed!
repetition: 38106
>passed!
repetition: 38107
>passed!
repetition: 38108
>passed!
repetition: 38109
>passed!
repetition: 38110
>passed!
repetition: 38111
>passed!
repetition: 38112
>passed!
repetition: 38113
>passed!
repetition: 38114
>passed!
repetition: 38115
>passed!
repetition: 38116
>passed!
repetition: 38117
>passed!
repetition: 38118
>passed!
repetition: 38119
>passed!
repetition: 38120
>passed!
repetition: 38121
>passed!
repetition: 38122
>passed!
repetition: 38123
>passed!
repetition: 38124
>passed!
repetition: 38125
>passed!
repetition: 38126
>passed!
repetition: 38127
>passed!
repetition: 38128
>passed!
repetition: 38129
>passed!
repetition: 38130
>passed!
repetition: 38131
>passed!
repetition: 38132
>passed!
repetition: 38133
>passed!
repetition: 38134
>passed!
repetition: 38135
>passed!
repetition: 38136
>passed!
repetition: 38137
>passed!
repetition: 38138
>passed!
repetition: 38139
>passed!
repetition: 38140
>passed!
repetition: 38141
>passed!
repetition: 38142
>passed!
repetition: 38143
>passed!
repetition: 38144
>passed!
repetition: 38145
>passed!
repetition: 38146
>passed!
repetition: 38147
>passed!
repetition: 38148
>passed!
repetition: 38149
>passed!
repetition: 38150
>passed!
repetition: 38151
>passed!
repetition: 38152
>passed!
repetition: 38153
>passed!
repetition: 38154
>passed!
repetition: 38155
>passed!
repetition: 38156
>passed!
repetition: 38157
>passed!
repetition: 38158
>passed!
repetition: 38159
>passed!
repetition: 38160
>passed!
repetition: 38161
>passed!
repetition: 38162
>passed!
repetition: 38163
>passed!
repetition: 38164
>passed!
repetition: 38165
>passed!
repetition: 38166
>passed!
repetition: 38167
>passed!
repetition: 38168
>passed!
repetition: 38169
>passed!
repetition: 38170
>passed!
repetition: 38171
>passed!
repetition: 38172
>passed!
repetition: 38173
>passed!
repetition: 38174
>passed!
repetition: 38175
>passed!
repetition: 38176
>passed!
repetition: 38177
>passed!
repetition: 38178
>passed!
repetition: 38179
>passed!
repetition: 38180
>passed!
repetition: 38181
>passed!
repetition: 38182
>passed!
repetition: 38183
>passed!
repetition: 38184
>passed!
repetition: 38185
>passed!
repetition: 38186
>passed!
repetition: 38187
>passed!
repetition: 38188
>passed!
repetition: 38189
>passed!
repetition: 38190
>passed!
repetition: 38191
>passed!
repetition: 38192
>passed!
repetition: 38193
>passed!
repetition: 38194
>passed!
repetition: 38195
>passed!
repetition: 38196
>passed!
repetition: 38197
>passed!
repetition: 38198
>passed!
repetition: 38199
>passed!
repetition: 38200
>passed!
repetition: 38201
>passed!
repetition: 38202
>passed!
repetition: 38203
>passed!
repetition: 38204
>passed!
repetition: 38205
>passed!
repetition: 38206
>passed!
repetition: 38207
>passed!
repetition: 38208
>passed!
repetition: 38209
>passed!
repetition: 38210
>passed!
repetition: 38211
>passed!
repetition: 38212
>passed!
repetition: 38213
>passed!
repetition: 38214
>passed!
repetition: 38215
>passed!
repetition: 38216
>passed!
repetition: 38217
>passed!
repetition: 38218
>passed!
repetition: 38219
>passed!
repetition: 38220
>passed!
repetition: 38221
>passed!
repetition: 38222
>passed!
repetition: 38223
>passed!
repetition: 38224
>passed!
repetition: 38225
>passed!
repetition: 38226
>passed!
repetition: 38227
>passed!
repetition: 38228
>passed!
repetition: 38229
>passed!
repetition: 38230
>passed!
repetition: 38231
>passed!
repetition: 38232
>passed!
repetition: 38233
>passed!
repetition: 38234
>passed!
repetition: 38235
>passed!
repetition: 38236
>passed!
repetition: 38237
>passed!
repetition: 38238
>passed!
repetition: 38239
>passed!
repetition: 38240
>passed!
repetition: 38241
>passed!
repetition: 38242
>passed!
repetition: 38243
>passed!
repetition: 38244
>passed!
repetition: 38245
>passed!
repetition: 38246
>passed!
repetition: 38247
>passed!
repetition: 38248
>passed!
repetition: 38249
>passed!
repetition: 38250
>passed!
repetition: 38251
>passed!
repetition: 38252
>passed!
repetition: 38253
>passed!
repetition: 38254
>passed!
repetition: 38255
>passed!
repetition: 38256
>passed!
repetition: 38257
>passed!
repetition: 38258
>passed!
repetition: 38259
>passed!
repetition: 38260
>passed!
repetition: 38261
>passed!
repetition: 38262
>passed!
repetition: 38263
>passed!
repetition: 38264
>passed!
repetition: 38265
>passed!
repetition: 38266
>passed!
repetition: 38267
>passed!
repetition: 38268
>passed!
repetition: 38269
>passed!
repetition: 38270
>passed!
repetition: 38271
>passed!
repetition: 38272
>passed!
repetition: 38273
>passed!
repetition: 38274
>passed!
repetition: 38275
>passed!
repetition: 38276
>passed!
repetition: 38277
>passed!
repetition: 38278
>passed!
repetition: 38279
>passed!
repetition: 38280
>passed!
repetition: 38281
>passed!
repetition: 38282
>passed!
repetition: 38283
>passed!
repetition: 38284
>passed!
repetition: 38285
>passed!
repetition: 38286
>passed!
repetition: 38287
>passed!
repetition: 38288
>passed!
repetition: 38289
>passed!
repetition: 38290
>passed!
repetition: 38291
>passed!
repetition: 38292
>passed!
repetition: 38293
>passed!
repetition: 38294
>passed!
repetition: 38295
>passed!
repetition: 38296
>passed!
repetition: 38297
>passed!
repetition: 38298
>passed!
repetition: 38299
>passed!
repetition: 38300
>passed!
repetition: 38301
>passed!
repetition: 38302
>passed!
repetition: 38303
>passed!
repetition: 38304
>passed!
repetition: 38305
>passed!
repetition: 38306
>passed!
repetition: 38307
>passed!
repetition: 38308
>passed!
repetition: 38309
>passed!
repetition: 38310
>passed!
repetition: 38311
>passed!
repetition: 38312
>passed!
repetition: 38313
>passed!
repetition: 38314
>passed!
repetition: 38315
>passed!
repetition: 38316
>passed!
repetition: 38317
>passed!
repetition: 38318
>passed!
repetition: 38319
>passed!
repetition: 38320
>passed!
repetition: 38321
>passed!
repetition: 38322
>passed!
repetition: 38323
>passed!
repetition: 38324
>passed!
repetition: 38325
>passed!
repetition: 38326
>passed!
repetition: 38327
>passed!
repetition: 38328
>passed!
repetition: 38329
>passed!
repetition: 38330
>passed!
repetition: 38331
>passed!
repetition: 38332
>passed!
repetition: 38333
>passed!
repetition: 38334
>passed!
repetition: 38335
>passed!
repetition: 38336
>passed!
repetition: 38337
>passed!
repetition: 38338
>passed!
repetition: 38339
>passed!
repetition: 38340
>passed!
repetition: 38341
>passed!
repetition: 38342
>passed!
repetition: 38343
>passed!
repetition: 38344
>passed!
repetition: 38345
>passed!
repetition: 38346
>passed!
repetition: 38347
>passed!
repetition: 38348
>passed!
repetition: 38349
>passed!
repetition: 38350
>passed!
repetition: 38351
>passed!
repetition: 38352
>passed!
repetition: 38353
>passed!
repetition: 38354
>passed!
repetition: 38355
>passed!
repetition: 38356
>passed!
repetition: 38357
>passed!
repetition: 38358
>passed!
repetition: 38359
>passed!
repetition: 38360
>passed!
repetition: 38361
>passed!
repetition: 38362
>passed!
repetition: 38363
>passed!
repetition: 38364
>passed!
repetition: 38365
>passed!
repetition: 38366
>passed!
repetition: 38367
>passed!
repetition: 38368
>passed!
repetition: 38369
>passed!
repetition: 38370
>passed!
repetition: 38371
>passed!
repetition: 38372
>passed!
repetition: 38373
>passed!
repetition: 38374
>passed!
repetition: 38375
>passed!
repetition: 38376
>passed!
repetition: 38377
>passed!
repetition: 38378
>passed!
repetition: 38379
>passed!
repetition: 38380
>passed!
repetition: 38381
>passed!
repetition: 38382
>passed!
repetition: 38383
>passed!
repetition: 38384
>passed!
repetition: 38385
>passed!
repetition: 38386
>passed!
repetition: 38387
>passed!
repetition: 38388
>passed!
repetition: 38389
>passed!
repetition: 38390
>passed!
repetition: 38391
>passed!
repetition: 38392
>passed!
repetition: 38393
>passed!
repetition: 38394
>passed!
repetition: 38395
>passed!
repetition: 38396
>passed!
repetition: 38397
>passed!
repetition: 38398
>passed!
repetition: 38399
>passed!
repetition: 38400
>passed!
repetition: 38401
>passed!
repetition: 38402
>passed!
repetition: 38403
>passed!
repetition: 38404
>passed!
repetition: 38405
>passed!
repetition: 38406
>passed!
repetition: 38407
>passed!
repetition: 38408
>passed!
repetition: 38409
>passed!
repetition: 38410
>passed!
repetition: 38411
>passed!
repetition: 38412
>passed!
repetition: 38413
>passed!
repetition: 38414
>passed!
repetition: 38415
>passed!
repetition: 38416
>passed!
repetition: 38417
>passed!
repetition: 38418
>passed!
repetition: 38419
>passed!
repetition: 38420
>passed!
repetition: 38421
>passed!
repetition: 38422
>passed!
repetition: 38423
>passed!
repetition: 38424
>passed!
repetition: 38425
>passed!
repetition: 38426
>passed!
repetition: 38427
>passed!
repetition: 38428
>passed!
repetition: 38429
>passed!
repetition: 38430
>passed!
repetition: 38431
>passed!
repetition: 38432
>passed!
repetition: 38433
>passed!
repetition: 38434
>passed!
repetition: 38435
>passed!
repetition: 38436
>passed!
repetition: 38437
>passed!
repetition: 38438
>passed!
repetition: 38439
>passed!
repetition: 38440
>passed!
repetition: 38441
>passed!
repetition: 38442
>passed!
repetition: 38443
>passed!
repetition: 38444
>passed!
repetition: 38445
>passed!
repetition: 38446
>passed!
repetition: 38447
>passed!
repetition: 38448
>passed!
repetition: 38449
>passed!
repetition: 38450
>passed!
repetition: 38451
>passed!
repetition: 38452
>passed!
repetition: 38453
>passed!
repetition: 38454
>passed!
repetition: 38455
>passed!
repetition: 38456
>passed!
repetition: 38457
>passed!
repetition: 38458
>passed!
repetition: 38459
>passed!
repetition: 38460
>passed!
repetition: 38461
>passed!
repetition: 38462
>passed!
repetition: 38463
>passed!
repetition: 38464
>passed!
repetition: 38465
>passed!
repetition: 38466
>passed!
repetition: 38467
>passed!
repetition: 38468
>passed!
repetition: 38469
>passed!
repetition: 38470
>passed!
repetition: 38471
>passed!
repetition: 38472
>passed!
repetition: 38473
>passed!
repetition: 38474
>passed!
repetition: 38475
>passed!
repetition: 38476
>passed!
repetition: 38477
>passed!
repetition: 38478
>passed!
repetition: 38479
>passed!
repetition: 38480
>passed!
repetition: 38481
>passed!
repetition: 38482
>passed!
repetition: 38483
>passed!
repetition: 38484
>passed!
repetition: 38485
>passed!
repetition: 38486
>passed!
repetition: 38487
>passed!
repetition: 38488
>passed!
repetition: 38489
>passed!
repetition: 38490
>passed!
repetition: 38491
>passed!
repetition: 38492
>passed!
repetition: 38493
>passed!
repetition: 38494
>passed!
repetition: 38495
>passed!
repetition: 38496
>passed!
repetition: 38497
>passed!
repetition: 38498
>passed!
repetition: 38499
>passed!
repetition: 38500
>passed!
repetition: 38501
>passed!
repetition: 38502
>passed!
repetition: 38503
>passed!
repetition: 38504
>passed!
repetition: 38505
>passed!
repetition: 38506
>passed!
repetition: 38507
>passed!
repetition: 38508
>passed!
repetition: 38509
>passed!
repetition: 38510
>passed!
repetition: 38511
>passed!
repetition: 38512
>passed!
repetition: 38513
>passed!
repetition: 38514
>passed!
repetition: 38515
>passed!
repetition: 38516
>passed!
repetition: 38517
>passed!
repetition: 38518
>passed!
repetition: 38519
>passed!
repetition: 38520
>passed!
repetition: 38521
>passed!
repetition: 38522
>passed!
repetition: 38523
>passed!
repetition: 38524
>passed!
repetition: 38525
>passed!
repetition: 38526
>passed!
repetition: 38527
>passed!
repetition: 38528
>passed!
repetition: 38529
>passed!
repetition: 38530
>passed!
repetition: 38531
>passed!
repetition: 38532
>passed!
repetition: 38533
>passed!
repetition: 38534
>passed!
repetition: 38535
>passed!
repetition: 38536
>passed!
repetition: 38537
>passed!
repetition: 38538
>passed!
repetition: 38539
>passed!
repetition: 38540
>passed!
repetition: 38541
>passed!
repetition: 38542
>passed!
repetition: 38543
>passed!
repetition: 38544
>passed!
repetition: 38545
>passed!
repetition: 38546
>passed!
repetition: 38547
>passed!
repetition: 38548
>passed!
repetition: 38549
>passed!
repetition: 38550
>passed!
repetition: 38551
>passed!
repetition: 38552
>passed!
repetition: 38553
>passed!
repetition: 38554
>passed!
repetition: 38555
>passed!
repetition: 38556
>passed!
repetition: 38557
>passed!
repetition: 38558
>passed!
repetition: 38559
>passed!
repetition: 38560
>passed!
repetition: 38561
>passed!
repetition: 38562
>passed!
repetition: 38563
>passed!
repetition: 38564
>passed!
repetition: 38565
>passed!
repetition: 38566
>passed!
repetition: 38567
>passed!
repetition: 38568
>passed!
repetition: 38569
>passed!
repetition: 38570
>passed!
repetition: 38571
>passed!
repetition: 38572
>passed!
repetition: 38573
>passed!
repetition: 38574
>passed!
repetition: 38575
>passed!
repetition: 38576
>passed!
repetition: 38577
>passed!
repetition: 38578
>passed!
repetition: 38579
>passed!
repetition: 38580
>passed!
repetition: 38581
>passed!
repetition: 38582
>passed!
repetition: 38583
>passed!
repetition: 38584
>passed!
repetition: 38585
>passed!
repetition: 38586
>passed!
repetition: 38587
>passed!
repetition: 38588
>passed!
repetition: 38589
>passed!
repetition: 38590
>passed!
repetition: 38591
>passed!
repetition: 38592
>passed!
repetition: 38593
>passed!
repetition: 38594
>passed!
repetition: 38595
>passed!
repetition: 38596
>passed!
repetition: 38597
>passed!
repetition: 38598
>passed!
repetition: 38599
>passed!
repetition: 38600
>passed!
repetition: 38601
>passed!
repetition: 38602
>passed!
repetition: 38603
>passed!
repetition: 38604
>passed!
repetition: 38605
>passed!
repetition: 38606
>passed!
repetition: 38607
>passed!
repetition: 38608
>passed!
repetition: 38609
>passed!
repetition: 38610
>passed!
repetition: 38611
>passed!
repetition: 38612
>passed!
repetition: 38613
>passed!
repetition: 38614
>passed!
repetition: 38615
>passed!
repetition: 38616
>passed!
repetition: 38617
>passed!
repetition: 38618
>passed!
repetition: 38619
>passed!
repetition: 38620
>passed!
repetition: 38621
>passed!
repetition: 38622
>passed!
repetition: 38623
>passed!
repetition: 38624
>passed!
repetition: 38625
>passed!
repetition: 38626
>passed!
repetition: 38627
>passed!
repetition: 38628
>passed!
repetition: 38629
>passed!
repetition: 38630
>passed!
repetition: 38631
>passed!
repetition: 38632
>passed!
repetition: 38633
>passed!
repetition: 38634
>passed!
repetition: 38635
>passed!
repetition: 38636
>passed!
repetition: 38637
>passed!
repetition: 38638
>passed!
repetition: 38639
>passed!
repetition: 38640
>passed!
repetition: 38641
>passed!
repetition: 38642
>passed!
repetition: 38643
>passed!
repetition: 38644
>passed!
repetition: 38645
>passed!
repetition: 38646
>passed!
repetition: 38647
>passed!
repetition: 38648
>passed!
repetition: 38649
>passed!
repetition: 38650
>passed!
repetition: 38651
>passed!
repetition: 38652
>passed!
repetition: 38653
>passed!
repetition: 38654
>passed!
repetition: 38655
>passed!
repetition: 38656
>passed!
repetition: 38657
>passed!
repetition: 38658
>passed!
repetition: 38659
>passed!
repetition: 38660
>passed!
repetition: 38661
>passed!
repetition: 38662
>passed!
repetition: 38663
>passed!
repetition: 38664
>passed!
repetition: 38665
>passed!
repetition: 38666
>passed!
repetition: 38667
>passed!
repetition: 38668
>passed!
repetition: 38669
>passed!
repetition: 38670
>passed!
repetition: 38671
>passed!
repetition: 38672
>passed!
repetition: 38673
>passed!
repetition: 38674
>passed!
repetition: 38675
>passed!
repetition: 38676
>passed!
repetition: 38677
>passed!
repetition: 38678
>passed!
repetition: 38679
>passed!
repetition: 38680
>passed!
repetition: 38681
>passed!
repetition: 38682
>passed!
repetition: 38683
>passed!
repetition: 38684
>passed!
repetition: 38685
>passed!
repetition: 38686
>passed!
repetition: 38687
>passed!
repetition: 38688
>passed!
repetition: 38689
>passed!
repetition: 38690
>passed!
repetition: 38691
>passed!
repetition: 38692
>passed!
repetition: 38693
>passed!
repetition: 38694
>passed!
repetition: 38695
>passed!
repetition: 38696
>passed!
repetition: 38697
>passed!
repetition: 38698
>passed!
repetition: 38699
>passed!
repetition: 38700
>passed!
repetition: 38701
>passed!
repetition: 38702
>passed!
repetition: 38703
>passed!
repetition: 38704
>passed!
repetition: 38705
>passed!
repetition: 38706
>passed!
repetition: 38707
>passed!
repetition: 38708
>passed!
repetition: 38709
>passed!
repetition: 38710
>passed!
repetition: 38711
>passed!
repetition: 38712
>passed!
repetition: 38713
>passed!
repetition: 38714
>passed!
repetition: 38715
>passed!
repetition: 38716
>passed!
repetition: 38717
>passed!
repetition: 38718
>passed!
repetition: 38719
>passed!
repetition: 38720
>passed!
repetition: 38721
>passed!
repetition: 38722
>passed!
repetition: 38723
>passed!
repetition: 38724
>passed!
repetition: 38725
>passed!
repetition: 38726
>passed!
repetition: 38727
>passed!
repetition: 38728
>passed!
repetition: 38729
>passed!
repetition: 38730
>passed!
repetition: 38731
>passed!
repetition: 38732
>passed!
repetition: 38733
>passed!
repetition: 38734
>passed!
repetition: 38735
>passed!
repetition: 38736
>passed!
repetition: 38737
>passed!
repetition: 38738
>passed!
repetition: 38739
>passed!
repetition: 38740
>passed!
repetition: 38741
>passed!
repetition: 38742
>passed!
repetition: 38743
>passed!
repetition: 38744
>passed!
repetition: 38745
>passed!
repetition: 38746
>passed!
repetition: 38747
>passed!
repetition: 38748
>passed!
repetition: 38749
>passed!
repetition: 38750
>passed!
repetition: 38751
>passed!
repetition: 38752
>passed!
repetition: 38753
>passed!
repetition: 38754
>passed!
repetition: 38755
>passed!
repetition: 38756
>passed!
repetition: 38757
>passed!
repetition: 38758
>passed!
repetition: 38759
>passed!
repetition: 38760
>passed!
repetition: 38761
>passed!
repetition: 38762
>passed!
repetition: 38763
>passed!
repetition: 38764
>passed!
repetition: 38765
>passed!
repetition: 38766
>passed!
repetition: 38767
>passed!
repetition: 38768
>passed!
repetition: 38769
>passed!
repetition: 38770
>passed!
repetition: 38771
>passed!
repetition: 38772
>passed!
repetition: 38773
>passed!
repetition: 38774
>passed!
repetition: 38775
>passed!
repetition: 38776
>passed!
repetition: 38777
>passed!
repetition: 38778
>passed!
repetition: 38779
>passed!
repetition: 38780
>passed!
repetition: 38781
>passed!
repetition: 38782
>passed!
repetition: 38783
>passed!
repetition: 38784
>passed!
repetition: 38785
>passed!
repetition: 38786
>passed!
repetition: 38787
>passed!
repetition: 38788
>passed!
repetition: 38789
>passed!
repetition: 38790
>passed!
repetition: 38791
>passed!
repetition: 38792
>passed!
repetition: 38793
>passed!
repetition: 38794
>passed!
repetition: 38795
>passed!
repetition: 38796
>passed!
repetition: 38797
>passed!
repetition: 38798
>passed!
repetition: 38799
>passed!
repetition: 38800
>passed!
repetition: 38801
>passed!
repetition: 38802
>passed!
repetition: 38803
>passed!
repetition: 38804
>passed!
repetition: 38805
>passed!
repetition: 38806
>passed!
repetition: 38807
>passed!
repetition: 38808
>passed!
repetition: 38809
>passed!
repetition: 38810
>passed!
repetition: 38811
>passed!
repetition: 38812
>passed!
repetition: 38813
>passed!
repetition: 38814
>passed!
repetition: 38815
>passed!
repetition: 38816
>passed!
repetition: 38817
>passed!
repetition: 38818
>passed!
repetition: 38819
>passed!
repetition: 38820
>passed!
repetition: 38821
>passed!
repetition: 38822
>passed!
repetition: 38823
>passed!
repetition: 38824
>passed!
repetition: 38825
>passed!
repetition: 38826
>passed!
repetition: 38827
>passed!
repetition: 38828
>passed!
repetition: 38829
>passed!
repetition: 38830
>passed!
repetition: 38831
>passed!
repetition: 38832
>passed!
repetition: 38833
>passed!
repetition: 38834
>passed!
repetition: 38835
>passed!
repetition: 38836
>passed!
repetition: 38837
>passed!
repetition: 38838
>passed!
repetition: 38839
>passed!
repetition: 38840
>passed!
repetition: 38841
>passed!
repetition: 38842
>passed!
repetition: 38843
>passed!
repetition: 38844
>passed!
repetition: 38845
>passed!
repetition: 38846
>passed!
repetition: 38847
>passed!
repetition: 38848
>passed!
repetition: 38849
>passed!
repetition: 38850
>passed!
repetition: 38851
>passed!
repetition: 38852
>passed!
repetition: 38853
>passed!
repetition: 38854
>passed!
repetition: 38855
>passed!
repetition: 38856
>passed!
repetition: 38857
>passed!
repetition: 38858
>passed!
repetition: 38859
>passed!
repetition: 38860
>passed!
repetition: 38861
>passed!
repetition: 38862
>passed!
repetition: 38863
>passed!
repetition: 38864
>passed!
repetition: 38865
>passed!
repetition: 38866
>passed!
repetition: 38867
>passed!
repetition: 38868
>passed!
repetition: 38869
>passed!
repetition: 38870
>passed!
repetition: 38871
>passed!
repetition: 38872
>passed!
repetition: 38873
>passed!
repetition: 38874
>passed!
repetition: 38875
>passed!
repetition: 38876
>passed!
repetition: 38877
>passed!
repetition: 38878
>passed!
repetition: 38879
>passed!
repetition: 38880
>passed!
repetition: 38881
>passed!
repetition: 38882
>passed!
repetition: 38883
>passed!
repetition: 38884
>passed!
repetition: 38885
>passed!
repetition: 38886
>passed!
repetition: 38887
>passed!
repetition: 38888
>passed!
repetition: 38889
>passed!
repetition: 38890
>passed!
repetition: 38891
>passed!
repetition: 38892
>passed!
repetition: 38893
>passed!
repetition: 38894
>passed!
repetition: 38895
>passed!
repetition: 38896
>passed!
repetition: 38897
>passed!
repetition: 38898
>passed!
repetition: 38899
>passed!
repetition: 38900
>passed!
repetition: 38901
>passed!
repetition: 38902
>passed!
repetition: 38903
>passed!
repetition: 38904
>passed!
repetition: 38905
>passed!
repetition: 38906
>passed!
repetition: 38907
>passed!
repetition: 38908
>passed!
repetition: 38909
>passed!
repetition: 38910
>passed!
repetition: 38911
>passed!
repetition: 38912
>passed!
repetition: 38913
>passed!
repetition: 38914
>passed!
repetition: 38915
>passed!
repetition: 38916
>passed!
repetition: 38917
>passed!
repetition: 38918
>passed!
repetition: 38919
>passed!
repetition: 38920
>passed!
repetition: 38921
>passed!
repetition: 38922
>passed!
repetition: 38923
>passed!
repetition: 38924
>passed!
repetition: 38925
>passed!
repetition: 38926
>passed!
repetition: 38927
>passed!
repetition: 38928
>passed!
repetition: 38929
>passed!
repetition: 38930
>passed!
repetition: 38931
>passed!
repetition: 38932
>passed!
repetition: 38933
>passed!
repetition: 38934
>passed!
repetition: 38935
>passed!
repetition: 38936
>passed!
repetition: 38937
>passed!
repetition: 38938
>passed!
repetition: 38939
>passed!
repetition: 38940
>passed!
repetition: 38941
>passed!
repetition: 38942
>passed!
repetition: 38943
>passed!
repetition: 38944
>passed!
repetition: 38945
>passed!
repetition: 38946
>passed!
repetition: 38947
>passed!
repetition: 38948
>passed!
repetition: 38949
>passed!
repetition: 38950
>passed!
repetition: 38951
>passed!
repetition: 38952
>passed!
repetition: 38953
>passed!
repetition: 38954
>passed!
repetition: 38955
>passed!
repetition: 38956
>passed!
repetition: 38957
>passed!
repetition: 38958
>passed!
repetition: 38959
>passed!
repetition: 38960
>passed!
repetition: 38961
>passed!
repetition: 38962
>passed!
repetition: 38963
>passed!
repetition: 38964
>passed!
repetition: 38965
>passed!
repetition: 38966
>passed!
repetition: 38967
>passed!
repetition: 38968
>passed!
repetition: 38969
>passed!
repetition: 38970
>passed!
repetition: 38971
>passed!
repetition: 38972
>passed!
repetition: 38973
>passed!
repetition: 38974
>passed!
repetition: 38975
>passed!
repetition: 38976
>passed!
repetition: 38977
>passed!
repetition: 38978
>passed!
repetition: 38979
>passed!
repetition: 38980
>passed!
repetition: 38981
>passed!
repetition: 38982
>passed!
repetition: 38983
>passed!
repetition: 38984
>passed!
repetition: 38985
>passed!
repetition: 38986
>passed!
repetition: 38987
>passed!
repetition: 38988
>passed!
repetition: 38989
>passed!
repetition: 38990
>passed!
repetition: 38991
>passed!
repetition: 38992
>passed!
repetition: 38993
>passed!
repetition: 38994
>passed!
repetition: 38995
>passed!
repetition: 38996
>passed!
repetition: 38997
>passed!
repetition: 38998
>passed!
repetition: 38999
>passed!
repetition: 39000
>passed!
repetition: 39001
>passed!
repetition: 39002
>passed!
repetition: 39003
>passed!
repetition: 39004
>passed!
repetition: 39005
>passed!
repetition: 39006
>passed!
repetition: 39007
>passed!
repetition: 39008
>passed!
repetition: 39009
>passed!
repetition: 39010
>passed!
repetition: 39011
>passed!
repetition: 39012
>passed!
repetition: 39013
>passed!
repetition: 39014
>passed!
repetition: 39015
>passed!
repetition: 39016
>passed!
repetition: 39017
>passed!
repetition: 39018
>passed!
repetition: 39019
>passed!
repetition: 39020
>passed!
repetition: 39021
>passed!
repetition: 39022
>passed!
repetition: 39023
>passed!
repetition: 39024
>passed!
repetition: 39025
>passed!
repetition: 39026
>passed!
repetition: 39027
>passed!
repetition: 39028
>passed!
repetition: 39029
>passed!
repetition: 39030
>passed!
repetition: 39031
>passed!
repetition: 39032
>passed!
repetition: 39033
>passed!
repetition: 39034
>passed!
repetition: 39035
>passed!
repetition: 39036
>passed!
repetition: 39037
>passed!
repetition: 39038
>passed!
repetition: 39039
>passed!
repetition: 39040
>passed!
repetition: 39041
>passed!
repetition: 39042
>passed!
repetition: 39043
>passed!
repetition: 39044
>passed!
repetition: 39045
>passed!
repetition: 39046
>passed!
repetition: 39047
>passed!
repetition: 39048
>passed!
repetition: 39049
>passed!
repetition: 39050
>passed!
repetition: 39051
>passed!
repetition: 39052
>passed!
repetition: 39053
>passed!
repetition: 39054
>passed!
repetition: 39055
>passed!
repetition: 39056
>passed!
repetition: 39057
>passed!
repetition: 39058
>passed!
repetition: 39059
>passed!
repetition: 39060
>passed!
repetition: 39061
>passed!
repetition: 39062
>passed!
repetition: 39063
>passed!
repetition: 39064
>passed!
repetition: 39065
>passed!
repetition: 39066
>passed!
repetition: 39067
>passed!
repetition: 39068
>passed!
repetition: 39069
>passed!
repetition: 39070
>passed!
repetition: 39071
>passed!
repetition: 39072
>passed!
repetition: 39073
>passed!
repetition: 39074
>passed!
repetition: 39075
>passed!
repetition: 39076
>passed!
repetition: 39077
>passed!
repetition: 39078
>passed!
repetition: 39079
>passed!
repetition: 39080
>passed!
repetition: 39081
>passed!
repetition: 39082
>passed!
repetition: 39083
>passed!
repetition: 39084
>passed!
repetition: 39085
>passed!
repetition: 39086
>passed!
repetition: 39087
>passed!
repetition: 39088
>passed!
repetition: 39089
>passed!
repetition: 39090
>passed!
repetition: 39091
>passed!
repetition: 39092
>passed!
repetition: 39093
>passed!
repetition: 39094
>passed!
repetition: 39095
>passed!
repetition: 39096
>passed!
repetition: 39097
>passed!
repetition: 39098
>passed!
repetition: 39099
>passed!
repetition: 39100
>passed!
repetition: 39101
>passed!
repetition: 39102
>passed!
repetition: 39103
>passed!
repetition: 39104
>passed!
repetition: 39105
>passed!
repetition: 39106
>passed!
repetition: 39107
>passed!
repetition: 39108
>passed!
repetition: 39109
>passed!
repetition: 39110
>passed!
repetition: 39111
>passed!
repetition: 39112
>passed!
repetition: 39113
>passed!
repetition: 39114
>passed!
repetition: 39115
>passed!
repetition: 39116
>passed!
repetition: 39117
>passed!
repetition: 39118
>passed!
repetition: 39119
>passed!
repetition: 39120
>passed!
repetition: 39121
>passed!
repetition: 39122
>passed!
repetition: 39123
>passed!
repetition: 39124
>passed!
repetition: 39125
>passed!
repetition: 39126
>passed!
repetition: 39127
>passed!
repetition: 39128
>passed!
repetition: 39129
>passed!
repetition: 39130
>passed!
repetition: 39131
>passed!
repetition: 39132
>passed!
repetition: 39133
>passed!
repetition: 39134
>passed!
repetition: 39135
>passed!
repetition: 39136
>passed!
repetition: 39137
>passed!
repetition: 39138
>passed!
repetition: 39139
>passed!
repetition: 39140
>passed!
repetition: 39141
>passed!
repetition: 39142
>passed!
repetition: 39143
>passed!
repetition: 39144
>passed!
repetition: 39145
>passed!
repetition: 39146
>passed!
repetition: 39147
>passed!
repetition: 39148
>passed!
repetition: 39149
>passed!
repetition: 39150
>passed!
repetition: 39151
>passed!
repetition: 39152
>passed!
repetition: 39153
>passed!
repetition: 39154
>passed!
repetition: 39155
>passed!
repetition: 39156
>passed!
repetition: 39157
>passed!
repetition: 39158
>passed!
repetition: 39159
>passed!
repetition: 39160
>passed!
repetition: 39161
>passed!
repetition: 39162
>passed!
repetition: 39163
>passed!
repetition: 39164
>passed!
repetition: 39165
>passed!
repetition: 39166
>passed!
repetition: 39167
>passed!
repetition: 39168
>passed!
repetition: 39169
>passed!
repetition: 39170
>passed!
repetition: 39171
>passed!
repetition: 39172
>passed!
repetition: 39173
>passed!
repetition: 39174
>passed!
repetition: 39175
>passed!
repetition: 39176
>passed!
repetition: 39177
>passed!
repetition: 39178
>passed!
repetition: 39179
>passed!
repetition: 39180
>passed!
repetition: 39181
>passed!
repetition: 39182
>passed!
repetition: 39183
>passed!
repetition: 39184
>passed!
repetition: 39185
>passed!
repetition: 39186
>passed!
repetition: 39187
>passed!
repetition: 39188
>passed!
repetition: 39189
>passed!
repetition: 39190
>passed!
repetition: 39191
>passed!
repetition: 39192
>passed!
repetition: 39193
>passed!
repetition: 39194
>passed!
repetition: 39195
>passed!
repetition: 39196
>passed!
repetition: 39197
>passed!
repetition: 39198
>passed!
repetition: 39199
>passed!
repetition: 39200
>passed!
repetition: 39201
>passed!
repetition: 39202
>passed!
repetition: 39203
>passed!
repetition: 39204
>passed!
repetition: 39205
>passed!
repetition: 39206
>passed!
repetition: 39207
>passed!
repetition: 39208
>passed!
repetition: 39209
>passed!
repetition: 39210
>passed!
repetition: 39211
>passed!
repetition: 39212
>passed!
repetition: 39213
>passed!
repetition: 39214
>passed!
repetition: 39215
>passed!
repetition: 39216
>passed!
repetition: 39217
>passed!
repetition: 39218
>passed!
repetition: 39219
>passed!
repetition: 39220
>passed!
repetition: 39221
>passed!
repetition: 39222
>passed!
repetition: 39223
>passed!
repetition: 39224
>passed!
repetition: 39225
>passed!
repetition: 39226
>passed!
repetition: 39227
>passed!
repetition: 39228
>passed!
repetition: 39229
>passed!
repetition: 39230
>passed!
repetition: 39231
>passed!
repetition: 39232
>passed!
repetition: 39233
>passed!
repetition: 39234
>passed!
repetition: 39235
>passed!
repetition: 39236
>passed!
repetition: 39237
>passed!
repetition: 39238
>passed!
repetition: 39239
>passed!
repetition: 39240
>passed!
repetition: 39241
>passed!
repetition: 39242
>passed!
repetition: 39243
>passed!
repetition: 39244
>passed!
repetition: 39245
>passed!
repetition: 39246
>passed!
repetition: 39247
>passed!
repetition: 39248
>passed!
repetition: 39249
>passed!
repetition: 39250
>passed!
repetition: 39251
>passed!
repetition: 39252
>passed!
repetition: 39253
>passed!
repetition: 39254
>passed!
repetition: 39255
>passed!
repetition: 39256
>passed!
repetition: 39257
>passed!
repetition: 39258
>passed!
repetition: 39259
>passed!
repetition: 39260
>passed!
repetition: 39261
>passed!
repetition: 39262
>passed!
repetition: 39263
>passed!
repetition: 39264
>passed!
repetition: 39265
>passed!
repetition: 39266
>passed!
repetition: 39267
>passed!
repetition: 39268
>passed!
repetition: 39269
>passed!
repetition: 39270
>passed!
repetition: 39271
>passed!
repetition: 39272
>passed!
repetition: 39273
>passed!
repetition: 39274
>passed!
repetition: 39275
>passed!
repetition: 39276
>passed!
repetition: 39277
>passed!
repetition: 39278
>passed!
repetition: 39279
>passed!
repetition: 39280
>passed!
repetition: 39281
>passed!
repetition: 39282
>passed!
repetition: 39283
>passed!
repetition: 39284
>passed!
repetition: 39285
>passed!
repetition: 39286
>passed!
repetition: 39287
>passed!
repetition: 39288
>passed!
repetition: 39289
>passed!
repetition: 39290
>passed!
repetition: 39291
>passed!
repetition: 39292
>passed!
repetition: 39293
>passed!
repetition: 39294
>passed!
repetition: 39295
>passed!
repetition: 39296
>passed!
repetition: 39297
>passed!
repetition: 39298
>passed!
repetition: 39299
>passed!
repetition: 39300
>passed!
repetition: 39301
>passed!
repetition: 39302
>passed!
repetition: 39303
>passed!
repetition: 39304
>passed!
repetition: 39305
>passed!
repetition: 39306
>passed!
repetition: 39307
>passed!
repetition: 39308
>passed!
repetition: 39309
>passed!
repetition: 39310
>passed!
repetition: 39311
>passed!
repetition: 39312
>passed!
repetition: 39313
>passed!
repetition: 39314
>passed!
repetition: 39315
>passed!
repetition: 39316
>passed!
repetition: 39317
>passed!
repetition: 39318
>passed!
repetition: 39319
>passed!
repetition: 39320
>passed!
repetition: 39321
>passed!
repetition: 39322
>passed!
repetition: 39323
>passed!
repetition: 39324
>passed!
repetition: 39325
>passed!
repetition: 39326
>passed!
repetition: 39327
>passed!
repetition: 39328
>passed!
repetition: 39329
>passed!
repetition: 39330
>passed!
repetition: 39331
>passed!
repetition: 39332
>passed!
repetition: 39333
>passed!
repetition: 39334
>passed!
repetition: 39335
>passed!
repetition: 39336
>passed!
repetition: 39337
>passed!
repetition: 39338
>passed!
repetition: 39339
>passed!
repetition: 39340
>passed!
repetition: 39341
>passed!
repetition: 39342
>passed!
repetition: 39343
>passed!
repetition: 39344
>passed!
repetition: 39345
>passed!
repetition: 39346
>passed!
repetition: 39347
>passed!
repetition: 39348
>passed!
repetition: 39349
>passed!
repetition: 39350
>passed!
repetition: 39351
>passed!
repetition: 39352
>passed!
repetition: 39353
>passed!
repetition: 39354
>passed!
repetition: 39355
>passed!
repetition: 39356
>passed!
repetition: 39357
>passed!
repetition: 39358
>passed!
repetition: 39359
>passed!
repetition: 39360
>passed!
repetition: 39361
>passed!
repetition: 39362
>passed!
repetition: 39363
>passed!
repetition: 39364
>passed!
repetition: 39365
>passed!
repetition: 39366
>passed!
repetition: 39367
>passed!
repetition: 39368
>passed!
repetition: 39369
>passed!
repetition: 39370
>passed!
repetition: 39371
>passed!
repetition: 39372
>passed!
repetition: 39373
>passed!
repetition: 39374
>passed!
repetition: 39375
>passed!
repetition: 39376
>passed!
repetition: 39377
>passed!
repetition: 39378
>passed!
repetition: 39379
>passed!
repetition: 39380
>passed!
repetition: 39381
>passed!
repetition: 39382
>passed!
repetition: 39383
>passed!
repetition: 39384
>passed!
repetition: 39385
>passed!
repetition: 39386
>passed!
repetition: 39387
>passed!
repetition: 39388
>passed!
repetition: 39389
>passed!
repetition: 39390
>passed!
repetition: 39391
>passed!
repetition: 39392
>passed!
repetition: 39393
>passed!
repetition: 39394
>passed!
repetition: 39395
>passed!
repetition: 39396
>passed!
repetition: 39397
>passed!
repetition: 39398
>passed!
repetition: 39399
>passed!
repetition: 39400
>passed!
repetition: 39401
>passed!
repetition: 39402
>passed!
repetition: 39403
>passed!
repetition: 39404
>passed!
repetition: 39405
>passed!
repetition: 39406
>passed!
repetition: 39407
>passed!
repetition: 39408
>passed!
repetition: 39409
>passed!
repetition: 39410
>passed!
repetition: 39411
>passed!
repetition: 39412
>passed!
repetition: 39413
>passed!
repetition: 39414
>passed!
repetition: 39415
>passed!
repetition: 39416
>passed!
repetition: 39417
>passed!
repetition: 39418
>passed!
repetition: 39419
>passed!
repetition: 39420
>passed!
repetition: 39421
>passed!
repetition: 39422
>passed!
repetition: 39423
>passed!
repetition: 39424
>passed!
repetition: 39425
>passed!
repetition: 39426
>passed!
repetition: 39427
>passed!
repetition: 39428
>passed!
repetition: 39429
>passed!
repetition: 39430
>passed!
repetition: 39431
>passed!
repetition: 39432
>passed!
repetition: 39433
>passed!
repetition: 39434
>passed!
repetition: 39435
>passed!
repetition: 39436
>passed!
repetition: 39437
>passed!
repetition: 39438
>passed!
repetition: 39439
>passed!
repetition: 39440
>passed!
repetition: 39441
>passed!
repetition: 39442
>passed!
repetition: 39443
>passed!
repetition: 39444
>passed!
repetition: 39445
>passed!
repetition: 39446
>passed!
repetition: 39447
>passed!
repetition: 39448
>passed!
repetition: 39449
>passed!
repetition: 39450
>passed!
repetition: 39451
>passed!
repetition: 39452
>passed!
repetition: 39453
>passed!
repetition: 39454
>passed!
repetition: 39455
>passed!
repetition: 39456
>passed!
repetition: 39457
>passed!
repetition: 39458
>passed!
repetition: 39459
>passed!
repetition: 39460
>passed!
repetition: 39461
>passed!
repetition: 39462
>passed!
repetition: 39463
>passed!
repetition: 39464
>passed!
repetition: 39465
>passed!
repetition: 39466
>passed!
repetition: 39467
>passed!
repetition: 39468
>passed!
repetition: 39469
>passed!
repetition: 39470
>passed!
repetition: 39471
>passed!
repetition: 39472
>passed!
repetition: 39473
>passed!
repetition: 39474
>passed!
repetition: 39475
>passed!
repetition: 39476
>passed!
repetition: 39477
>passed!
repetition: 39478
>passed!
repetition: 39479
>passed!
repetition: 39480
>passed!
repetition: 39481
>passed!
repetition: 39482
>passed!
repetition: 39483
>passed!
repetition: 39484
>passed!
repetition: 39485
>passed!
repetition: 39486
>passed!
repetition: 39487
>passed!
repetition: 39488
>passed!
repetition: 39489
>passed!
repetition: 39490
>passed!
repetition: 39491
>passed!
repetition: 39492
>passed!
repetition: 39493
>passed!
repetition: 39494
>passed!
repetition: 39495
>passed!
repetition: 39496
>passed!
repetition: 39497
>passed!
repetition: 39498
>passed!
repetition: 39499
>passed!
repetition: 39500
>passed!
repetition: 39501
>passed!
repetition: 39502
>passed!
repetition: 39503
>passed!
repetition: 39504
>passed!
repetition: 39505
>passed!
repetition: 39506
>passed!
repetition: 39507
>passed!
repetition: 39508
>passed!
repetition: 39509
>passed!
repetition: 39510
>passed!
repetition: 39511
>passed!
repetition: 39512
>passed!
repetition: 39513
>passed!
repetition: 39514
>passed!
repetition: 39515
>passed!
repetition: 39516
>passed!
repetition: 39517
>passed!
repetition: 39518
>passed!
repetition: 39519
>passed!
repetition: 39520
>passed!
repetition: 39521
>passed!
repetition: 39522
>passed!
repetition: 39523
>passed!
repetition: 39524
>passed!
repetition: 39525
>passed!
repetition: 39526
>passed!
repetition: 39527
>passed!
repetition: 39528
>passed!
repetition: 39529
>passed!
repetition: 39530
>passed!
repetition: 39531
>passed!
repetition: 39532
>passed!
repetition: 39533
>passed!
repetition: 39534
>passed!
repetition: 39535
>passed!
repetition: 39536
>passed!
repetition: 39537
>passed!
repetition: 39538
>passed!
repetition: 39539
>passed!
repetition: 39540
>passed!
repetition: 39541
>passed!
repetition: 39542
>passed!
repetition: 39543
>passed!
repetition: 39544
>passed!
repetition: 39545
>passed!
repetition: 39546
>passed!
repetition: 39547
>passed!
repetition: 39548
>passed!
repetition: 39549
>passed!
repetition: 39550
>passed!
repetition: 39551
>passed!
repetition: 39552
>passed!
repetition: 39553
>passed!
repetition: 39554
>passed!
repetition: 39555
>passed!
repetition: 39556
>passed!
repetition: 39557
>passed!
repetition: 39558
>passed!
repetition: 39559
>passed!
repetition: 39560
>passed!
repetition: 39561
>passed!
repetition: 39562
>passed!
repetition: 39563
>passed!
repetition: 39564
>passed!
repetition: 39565
>passed!
repetition: 39566
>passed!
repetition: 39567
>passed!
repetition: 39568
>passed!
repetition: 39569
>passed!
repetition: 39570
>passed!
repetition: 39571
>passed!
repetition: 39572
>passed!
repetition: 39573
>passed!
repetition: 39574
>passed!
repetition: 39575
>passed!
repetition: 39576
>passed!
repetition: 39577
>passed!
repetition: 39578
>passed!
repetition: 39579
>passed!
repetition: 39580
>passed!
repetition: 39581
>passed!
repetition: 39582
>passed!
repetition: 39583
>passed!
repetition: 39584
>passed!
repetition: 39585
>passed!
repetition: 39586
>passed!
repetition: 39587
>passed!
repetition: 39588
>passed!
repetition: 39589
>passed!
repetition: 39590
>passed!
repetition: 39591
>passed!
repetition: 39592
>passed!
repetition: 39593
>passed!
repetition: 39594
>passed!
repetition: 39595
>passed!
repetition: 39596
>passed!
repetition: 39597
>passed!
repetition: 39598
>passed!
repetition: 39599
>passed!
repetition: 39600
>passed!
repetition: 39601
>passed!
repetition: 39602
>passed!
repetition: 39603
>passed!
repetition: 39604
>passed!
repetition: 39605
>passed!
repetition: 39606
>passed!
repetition: 39607
>passed!
repetition: 39608
>passed!
repetition: 39609
>passed!
repetition: 39610
>passed!
repetition: 39611
>passed!
repetition: 39612
>passed!
repetition: 39613
>passed!
repetition: 39614
>passed!
repetition: 39615
>passed!
repetition: 39616
>passed!
repetition: 39617
>passed!
repetition: 39618
>passed!
repetition: 39619
>passed!
repetition: 39620
>passed!
repetition: 39621
>passed!
repetition: 39622
>passed!
repetition: 39623
>passed!
repetition: 39624
>passed!
repetition: 39625
>passed!
repetition: 39626
>passed!
repetition: 39627
>passed!
repetition: 39628
>passed!
repetition: 39629
>passed!
repetition: 39630
>passed!
repetition: 39631
>passed!
repetition: 39632
>passed!
repetition: 39633
>passed!
repetition: 39634
>passed!
repetition: 39635
>passed!
repetition: 39636
>passed!
repetition: 39637
>passed!
repetition: 39638
>passed!
repetition: 39639
>passed!
repetition: 39640
>passed!
repetition: 39641
>passed!
repetition: 39642
>passed!
repetition: 39643
>passed!
repetition: 39644
>passed!
repetition: 39645
>passed!
repetition: 39646
>passed!
repetition: 39647
>passed!
repetition: 39648
>passed!
repetition: 39649
>passed!
repetition: 39650
>passed!
repetition: 39651
>passed!
repetition: 39652
>passed!
repetition: 39653
>passed!
repetition: 39654
>passed!
repetition: 39655
>passed!
repetition: 39656
>passed!
repetition: 39657
>passed!
repetition: 39658
>passed!
repetition: 39659
>passed!
repetition: 39660
>passed!
repetition: 39661
>passed!
repetition: 39662
>passed!
repetition: 39663
>passed!
repetition: 39664
>passed!
repetition: 39665
>passed!
repetition: 39666
>passed!
repetition: 39667
>passed!
repetition: 39668
>passed!
repetition: 39669
>passed!
repetition: 39670
>passed!
repetition: 39671
>passed!
repetition: 39672
>passed!
repetition: 39673
>passed!
repetition: 39674
>passed!
repetition: 39675
>passed!
repetition: 39676
>passed!
repetition: 39677
>passed!
repetition: 39678
>passed!
repetition: 39679
>passed!
repetition: 39680
>passed!
repetition: 39681
>passed!
repetition: 39682
>passed!
repetition: 39683
>passed!
repetition: 39684
>passed!
repetition: 39685
>passed!
repetition: 39686
>passed!
repetition: 39687
>passed!
repetition: 39688
>passed!
repetition: 39689
>passed!
repetition: 39690
>passed!
repetition: 39691
>passed!
repetition: 39692
>passed!
repetition: 39693
>passed!
repetition: 39694
>passed!
repetition: 39695
>passed!
repetition: 39696
>passed!
repetition: 39697
>passed!
repetition: 39698
>passed!
repetition: 39699
>passed!
repetition: 39700
>passed!
repetition: 39701
>passed!
repetition: 39702
>passed!
repetition: 39703
>passed!
repetition: 39704
>passed!
repetition: 39705
>passed!
repetition: 39706
>passed!
repetition: 39707
>passed!
repetition: 39708
>passed!
repetition: 39709
>passed!
repetition: 39710
>passed!
repetition: 39711
>passed!
repetition: 39712
>passed!
repetition: 39713
>passed!
repetition: 39714
>passed!
repetition: 39715
>passed!
repetition: 39716
>passed!
repetition: 39717
>passed!
repetition: 39718
>passed!
repetition: 39719
>passed!
repetition: 39720
>passed!
repetition: 39721
>passed!
repetition: 39722
>passed!
repetition: 39723
>passed!
repetition: 39724
>passed!
repetition: 39725
>passed!
repetition: 39726
>passed!
repetition: 39727
>passed!
repetition: 39728
>passed!
repetition: 39729
>passed!
repetition: 39730
>passed!
repetition: 39731
>passed!
repetition: 39732
>passed!
repetition: 39733
>passed!
repetition: 39734
>passed!
repetition: 39735
>passed!
repetition: 39736
>passed!
repetition: 39737
>passed!
repetition: 39738
>passed!
repetition: 39739
>passed!
repetition: 39740
>passed!
repetition: 39741
>passed!
repetition: 39742
>passed!
repetition: 39743
>passed!
repetition: 39744
>passed!
repetition: 39745
>passed!
repetition: 39746
>passed!
repetition: 39747
>passed!
repetition: 39748
>passed!
repetition: 39749
>passed!
repetition: 39750
>passed!
repetition: 39751
>passed!
repetition: 39752
>passed!
repetition: 39753
>passed!
repetition: 39754
>passed!
repetition: 39755
>passed!
repetition: 39756
>passed!
repetition: 39757
>passed!
repetition: 39758
>passed!
repetition: 39759
>passed!
repetition: 39760
>passed!
repetition: 39761
>passed!
repetition: 39762
>passed!
repetition: 39763
>passed!
repetition: 39764
>passed!
repetition: 39765
>passed!
repetition: 39766
>passed!
repetition: 39767
>passed!
repetition: 39768
>passed!
repetition: 39769
>passed!
repetition: 39770
>passed!
repetition: 39771
>passed!
repetition: 39772
>passed!
repetition: 39773
>passed!
repetition: 39774
>passed!
repetition: 39775
>passed!
repetition: 39776
>passed!
repetition: 39777
>passed!
repetition: 39778
>passed!
repetition: 39779
>passed!
repetition: 39780
>passed!
repetition: 39781
>passed!
repetition: 39782
>passed!
repetition: 39783
>passed!
repetition: 39784
>passed!
repetition: 39785
>passed!
repetition: 39786
>passed!
repetition: 39787
>passed!
repetition: 39788
>passed!
repetition: 39789
>passed!
repetition: 39790
>passed!
repetition: 39791
>passed!
repetition: 39792
>passed!
repetition: 39793
>passed!
repetition: 39794
>passed!
repetition: 39795
>passed!
repetition: 39796
>passed!
repetition: 39797
>passed!
repetition: 39798
>passed!
repetition: 39799
>passed!
repetition: 39800
>passed!
repetition: 39801
>passed!
repetition: 39802
>passed!
repetition: 39803
>passed!
repetition: 39804
>passed!
repetition: 39805
>passed!
repetition: 39806
>passed!
repetition: 39807
>passed!
repetition: 39808
>passed!
repetition: 39809
>passed!
repetition: 39810
>passed!
repetition: 39811
>passed!
repetition: 39812
>passed!
repetition: 39813
>passed!
repetition: 39814
>passed!
repetition: 39815
>passed!
repetition: 39816
>passed!
repetition: 39817
>passed!
repetition: 39818
>passed!
repetition: 39819
>passed!
repetition: 39820
>passed!
repetition: 39821
>passed!
repetition: 39822
>passed!
repetition: 39823
>passed!
repetition: 39824
>passed!
repetition: 39825
>passed!
repetition: 39826
>passed!
repetition: 39827
>passed!
repetition: 39828
>passed!
repetition: 39829
>passed!
repetition: 39830
>passed!
repetition: 39831
>passed!
repetition: 39832
>passed!
repetition: 39833
>passed!
repetition: 39834
>passed!
repetition: 39835
>passed!
repetition: 39836
>passed!
repetition: 39837
>passed!
repetition: 39838
>passed!
repetition: 39839
>passed!
repetition: 39840
>passed!
repetition: 39841
>passed!
repetition: 39842
>passed!
repetition: 39843
>passed!
repetition: 39844
>passed!
repetition: 39845
>passed!
repetition: 39846
>passed!
repetition: 39847
>passed!
repetition: 39848
>passed!
repetition: 39849
>passed!
repetition: 39850
>passed!
repetition: 39851
>passed!
repetition: 39852
>passed!
repetition: 39853
>passed!
repetition: 39854
>passed!
repetition: 39855
>passed!
repetition: 39856
>passed!
repetition: 39857
>passed!
repetition: 39858
>passed!
repetition: 39859
>passed!
repetition: 39860
>passed!
repetition: 39861
>passed!
repetition: 39862
>passed!
repetition: 39863
>passed!
repetition: 39864
>passed!
repetition: 39865
>passed!
repetition: 39866
>passed!
repetition: 39867
>passed!
repetition: 39868
>passed!
repetition: 39869
>passed!
repetition: 39870
>passed!
repetition: 39871
>passed!
repetition: 39872
>passed!
repetition: 39873
>passed!
repetition: 39874
>passed!
repetition: 39875
>passed!
repetition: 39876
>passed!
repetition: 39877
>passed!
repetition: 39878
>passed!
repetition: 39879
>passed!
repetition: 39880
>passed!
repetition: 39881
>passed!
repetition: 39882
>passed!
repetition: 39883
>passed!
repetition: 39884
>passed!
repetition: 39885
>passed!
repetition: 39886
>passed!
repetition: 39887
>passed!
repetition: 39888
>passed!
repetition: 39889
>passed!
repetition: 39890
>passed!
repetition: 39891
>passed!
repetition: 39892
>passed!
repetition: 39893
>passed!
repetition: 39894
>passed!
repetition: 39895
>passed!
repetition: 39896
>passed!
repetition: 39897
>passed!
repetition: 39898
>passed!
repetition: 39899
>passed!
repetition: 39900
>passed!
repetition: 39901
>passed!
repetition: 39902
>passed!
repetition: 39903
>passed!
repetition: 39904
>passed!
repetition: 39905
>passed!
repetition: 39906
>passed!
repetition: 39907
>passed!
repetition: 39908
>passed!
repetition: 39909
>passed!
repetition: 39910
>passed!
repetition: 39911
>passed!
repetition: 39912
>passed!
repetition: 39913
>passed!
repetition: 39914
>passed!
repetition: 39915
>passed!
repetition: 39916
>passed!
repetition: 39917
>passed!
repetition: 39918
>passed!
repetition: 39919
>passed!
repetition: 39920
>passed!
repetition: 39921
>passed!
repetition: 39922
>passed!
repetition: 39923
>passed!
repetition: 39924
>passed!
repetition: 39925
>passed!
repetition: 39926
>passed!
repetition: 39927
>passed!
repetition: 39928
>passed!
repetition: 39929
>passed!
repetition: 39930
>passed!
repetition: 39931
>passed!
repetition: 39932
>passed!
repetition: 39933
>passed!
repetition: 39934
>passed!
repetition: 39935
>passed!
repetition: 39936
>passed!
repetition: 39937
>passed!
repetition: 39938
>passed!
repetition: 39939
>passed!
repetition: 39940
>passed!
repetition: 39941
>passed!
repetition: 39942
>passed!
repetition: 39943
>passed!
repetition: 39944
>passed!
repetition: 39945
>passed!
repetition: 39946
>passed!
repetition: 39947
>passed!
repetition: 39948
>passed!
repetition: 39949
>passed!
repetition: 39950
>passed!
repetition: 39951
>passed!
repetition: 39952
>passed!
repetition: 39953
>passed!
repetition: 39954
>passed!
repetition: 39955
>passed!
repetition: 39956
>passed!
repetition: 39957
>passed!
repetition: 39958
>passed!
repetition: 39959
>passed!
repetition: 39960
>passed!
repetition: 39961
>passed!
repetition: 39962
>passed!
repetition: 39963
>passed!
repetition: 39964
>passed!
repetition: 39965
>passed!
repetition: 39966
>passed!
repetition: 39967
>passed!
repetition: 39968
>passed!
repetition: 39969
>passed!
repetition: 39970
>passed!
repetition: 39971
>passed!
repetition: 39972
>passed!
repetition: 39973
>passed!
repetition: 39974
>passed!
repetition: 39975
>passed!
repetition: 39976
>passed!
repetition: 39977
>passed!
repetition: 39978
>passed!
repetition: 39979
>passed!
repetition: 39980
>passed!
repetition: 39981
>passed!
repetition: 39982
>passed!
repetition: 39983
>passed!
repetition: 39984
>passed!
repetition: 39985
>passed!
repetition: 39986
>passed!
repetition: 39987
>passed!
repetition: 39988
>passed!
repetition: 39989
>passed!
repetition: 39990
>passed!
repetition: 39991
>passed!
repetition: 39992
>passed!
repetition: 39993
>passed!
repetition: 39994
>passed!
repetition: 39995
>passed!
repetition: 39996
>passed!
repetition: 39997
>passed!
repetition: 39998
>passed!
repetition: 39999
>passed!
repetition: 40000
>passed!
repetition: 40001
>passed!
repetition: 40002
>passed!
repetition: 40003
>passed!
repetition: 40004
>passed!
repetition: 40005
>passed!
repetition: 40006
>passed!
repetition: 40007
>passed!
repetition: 40008
>passed!
repetition: 40009
>passed!
repetition: 40010
>passed!
repetition: 40011
>passed!
repetition: 40012
>passed!
repetition: 40013
>passed!
repetition: 40014
>passed!
repetition: 40015
>passed!
repetition: 40016
>passed!
repetition: 40017
>passed!
repetition: 40018
>passed!
repetition: 40019
>passed!
repetition: 40020
>passed!
repetition: 40021
>passed!
repetition: 40022
>passed!
repetition: 40023
>passed!
repetition: 40024
>passed!
repetition: 40025
>passed!
repetition: 40026
>passed!
repetition: 40027
>passed!
repetition: 40028
>passed!
repetition: 40029
>passed!
repetition: 40030
>passed!
repetition: 40031
>passed!
repetition: 40032
>passed!
repetition: 40033
>passed!
repetition: 40034
>passed!
repetition: 40035
>passed!
repetition: 40036
>passed!
repetition: 40037
>passed!
repetition: 40038
>passed!
repetition: 40039
>passed!
repetition: 40040
>passed!
repetition: 40041
>passed!
repetition: 40042
>passed!
repetition: 40043
>passed!
repetition: 40044
>passed!
repetition: 40045
>passed!
repetition: 40046
>passed!
repetition: 40047
>passed!
repetition: 40048
>passed!
repetition: 40049
>passed!
repetition: 40050
>passed!
repetition: 40051
>passed!
repetition: 40052
>passed!
repetition: 40053
>passed!
repetition: 40054
>passed!
repetition: 40055
>passed!
repetition: 40056
>passed!
repetition: 40057
>passed!
repetition: 40058
>passed!
repetition: 40059
>passed!
repetition: 40060
>passed!
repetition: 40061
>passed!
repetition: 40062
>passed!
repetition: 40063
>passed!
repetition: 40064
>passed!
repetition: 40065
>passed!
repetition: 40066
>passed!
repetition: 40067
>passed!
repetition: 40068
>passed!
repetition: 40069
>passed!
repetition: 40070
>passed!
repetition: 40071
>passed!
repetition: 40072
>passed!
repetition: 40073
>passed!
repetition: 40074
>passed!
repetition: 40075
>passed!
repetition: 40076
>passed!
repetition: 40077
>passed!
repetition: 40078
>passed!
repetition: 40079
>passed!
repetition: 40080
>passed!
repetition: 40081
>passed!
repetition: 40082
>passed!
repetition: 40083
>passed!
repetition: 40084
>passed!
repetition: 40085
>passed!
repetition: 40086
>passed!
repetition: 40087
>passed!
repetition: 40088
>passed!
repetition: 40089
>passed!
repetition: 40090
>passed!
repetition: 40091
>passed!
repetition: 40092
>passed!
repetition: 40093
>passed!
repetition: 40094
>passed!
repetition: 40095
>passed!
repetition: 40096
>passed!
repetition: 40097
>passed!
repetition: 40098
>passed!
repetition: 40099
>passed!
repetition: 40100
>passed!
repetition: 40101
>passed!
repetition: 40102
>passed!
repetition: 40103
>passed!
repetition: 40104
>passed!
repetition: 40105
>passed!
repetition: 40106
>passed!
repetition: 40107
>passed!
repetition: 40108
>passed!
repetition: 40109
>passed!
repetition: 40110
>passed!
repetition: 40111
>passed!
repetition: 40112
>passed!
repetition: 40113
>passed!
repetition: 40114
>passed!
repetition: 40115
>passed!
repetition: 40116
>passed!
repetition: 40117
>passed!
repetition: 40118
>passed!
repetition: 40119
>passed!
repetition: 40120
>passed!
repetition: 40121
>passed!
repetition: 40122
>passed!
repetition: 40123
>passed!
repetition: 40124
>passed!
repetition: 40125
>passed!
repetition: 40126
>passed!
repetition: 40127
>passed!
repetition: 40128
>passed!
repetition: 40129
>passed!
repetition: 40130
>passed!
repetition: 40131
>passed!
repetition: 40132
>passed!
repetition: 40133
>passed!
repetition: 40134
>passed!
repetition: 40135
>passed!
repetition: 40136
>passed!
repetition: 40137
>passed!
repetition: 40138
>passed!
repetition: 40139
>passed!
repetition: 40140
>passed!
repetition: 40141
>passed!
repetition: 40142
>passed!
repetition: 40143
>passed!
repetition: 40144
>passed!
repetition: 40145
>passed!
repetition: 40146
>passed!
repetition: 40147
>passed!
repetition: 40148
>passed!
repetition: 40149
>passed!
repetition: 40150
>passed!
repetition: 40151
>passed!
repetition: 40152
>passed!
repetition: 40153
>passed!
repetition: 40154
>passed!
repetition: 40155
>passed!
repetition: 40156
>passed!
repetition: 40157
>passed!
repetition: 40158
>passed!
repetition: 40159
>passed!
repetition: 40160
>passed!
repetition: 40161
>passed!
repetition: 40162
>passed!
repetition: 40163
>passed!
repetition: 40164
>passed!
repetition: 40165
>passed!
repetition: 40166
>passed!
repetition: 40167
>passed!
repetition: 40168
>passed!
repetition: 40169
>passed!
repetition: 40170
>passed!
repetition: 40171
>passed!
repetition: 40172
>passed!
repetition: 40173
>passed!
repetition: 40174
>passed!
repetition: 40175
>passed!
repetition: 40176
>passed!
repetition: 40177
>passed!
repetition: 40178
>passed!
repetition: 40179
>passed!
repetition: 40180
>passed!
repetition: 40181
>passed!
repetition: 40182
>passed!
repetition: 40183
>passed!
repetition: 40184
>passed!
repetition: 40185
>passed!
repetition: 40186
>passed!
repetition: 40187
>passed!
repetition: 40188
>passed!
repetition: 40189
>passed!
repetition: 40190
>passed!
repetition: 40191
>passed!
repetition: 40192
>passed!
repetition: 40193
>passed!
repetition: 40194
>passed!
repetition: 40195
>passed!
repetition: 40196
>passed!
repetition: 40197
>passed!
repetition: 40198
>passed!
repetition: 40199
>passed!
repetition: 40200
>passed!
repetition: 40201
>passed!
repetition: 40202
>passed!
repetition: 40203
>passed!
repetition: 40204
>passed!
repetition: 40205
>passed!
repetition: 40206
>passed!
repetition: 40207
>passed!
repetition: 40208
>passed!
repetition: 40209
>passed!
repetition: 40210
>passed!
repetition: 40211
>passed!
repetition: 40212
>passed!
repetition: 40213
>passed!
repetition: 40214
>passed!
repetition: 40215
>passed!
repetition: 40216
>passed!
repetition: 40217
>passed!
repetition: 40218
>passed!
repetition: 40219
>passed!
repetition: 40220
>passed!
repetition: 40221
>passed!
repetition: 40222
>passed!
repetition: 40223
>passed!
repetition: 40224
>passed!
repetition: 40225
>passed!
repetition: 40226
>passed!
repetition: 40227
>passed!
repetition: 40228
>passed!
repetition: 40229
>passed!
repetition: 40230
>passed!
repetition: 40231
>passed!
repetition: 40232
>passed!
repetition: 40233
>passed!
repetition: 40234
>passed!
repetition: 40235
>passed!
repetition: 40236
>passed!
repetition: 40237
>passed!
repetition: 40238
>passed!
repetition: 40239
>passed!
repetition: 40240
>passed!
repetition: 40241
>passed!
repetition: 40242
>passed!
repetition: 40243
>passed!
repetition: 40244
>passed!
repetition: 40245
>passed!
repetition: 40246
>passed!
repetition: 40247
>passed!
repetition: 40248
>passed!
repetition: 40249
>passed!
repetition: 40250
>passed!
repetition: 40251
>passed!
repetition: 40252
>passed!
repetition: 40253
>passed!
repetition: 40254
>passed!
repetition: 40255
>passed!
repetition: 40256
>passed!
repetition: 40257
>passed!
repetition: 40258
>passed!
repetition: 40259
>passed!
repetition: 40260
>passed!
repetition: 40261
>passed!
repetition: 40262
>passed!
repetition: 40263
>passed!
repetition: 40264
>passed!
repetition: 40265
>passed!
repetition: 40266
>passed!
repetition: 40267
>passed!
repetition: 40268
>passed!
repetition: 40269
>passed!
repetition: 40270
>passed!
repetition: 40271
>passed!
repetition: 40272
>passed!
repetition: 40273
>passed!
repetition: 40274
>passed!
repetition: 40275
>passed!
repetition: 40276
>passed!
repetition: 40277
>passed!
repetition: 40278
>passed!
repetition: 40279
>passed!
repetition: 40280
>passed!
repetition: 40281
>passed!
repetition: 40282
>passed!
repetition: 40283
>passed!
repetition: 40284
>passed!
repetition: 40285
>passed!
repetition: 40286
>passed!
repetition: 40287
>passed!
repetition: 40288
>passed!
repetition: 40289
>passed!
repetition: 40290
>passed!
repetition: 40291
>passed!
repetition: 40292
>passed!
repetition: 40293
>passed!
repetition: 40294
>passed!
repetition: 40295
>passed!
repetition: 40296
>passed!
repetition: 40297
>passed!
repetition: 40298
>passed!
repetition: 40299
>passed!
repetition: 40300
>passed!
repetition: 40301
>passed!
repetition: 40302
>passed!
repetition: 40303
>passed!
repetition: 40304
>passed!
repetition: 40305
>passed!
repetition: 40306
>passed!
repetition: 40307
>passed!
repetition: 40308
>passed!
repetition: 40309
>passed!
repetition: 40310
>passed!
repetition: 40311
>passed!
repetition: 40312
>passed!
repetition: 40313
>passed!
repetition: 40314
>passed!
repetition: 40315
>passed!
repetition: 40316
>passed!
repetition: 40317
>passed!
repetition: 40318
>passed!
repetition: 40319
>passed!
repetition: 40320
>passed!
repetition: 40321
>passed!
repetition: 40322
>passed!
repetition: 40323
>passed!
repetition: 40324
>passed!
repetition: 40325
>passed!
repetition: 40326
>passed!
repetition: 40327
>passed!
repetition: 40328
>passed!
repetition: 40329
>passed!
repetition: 40330
>passed!
repetition: 40331
>passed!
repetition: 40332
>passed!
repetition: 40333
>passed!
repetition: 40334
>passed!
repetition: 40335
>passed!
repetition: 40336
>passed!
repetition: 40337
>passed!
repetition: 40338
>passed!
repetition: 40339
>passed!
repetition: 40340
>passed!
repetition: 40341
>passed!
repetition: 40342
>passed!
repetition: 40343
>passed!
repetition: 40344
>passed!
repetition: 40345
>passed!
repetition: 40346
>passed!
repetition: 40347
>passed!
repetition: 40348
>passed!
repetition: 40349
>passed!
repetition: 40350
>passed!
repetition: 40351
>passed!
repetition: 40352
>passed!
repetition: 40353
>passed!
repetition: 40354
>passed!
repetition: 40355
>passed!
repetition: 40356
>passed!
repetition: 40357
>passed!
repetition: 40358
>passed!
repetition: 40359
>passed!
repetition: 40360
>passed!
repetition: 40361
>passed!
repetition: 40362
>passed!
repetition: 40363
>passed!
repetition: 40364
>passed!
repetition: 40365
>passed!
repetition: 40366
>passed!
repetition: 40367
>passed!
repetition: 40368
>passed!
repetition: 40369
>passed!
repetition: 40370
>passed!
repetition: 40371
>passed!
repetition: 40372
>passed!
repetition: 40373
>passed!
repetition: 40374
>passed!
repetition: 40375
>passed!
repetition: 40376
>passed!
repetition: 40377
>passed!
repetition: 40378
>passed!
repetition: 40379
>passed!
repetition: 40380
>passed!
repetition: 40381
>passed!
repetition: 40382
>passed!
repetition: 40383
>passed!
repetition: 40384
>passed!
repetition: 40385
>passed!
repetition: 40386
>passed!
repetition: 40387
>passed!
repetition: 40388
>passed!
repetition: 40389
>passed!
repetition: 40390
>passed!
repetition: 40391
>passed!
repetition: 40392
>passed!
repetition: 40393
>passed!
repetition: 40394
>passed!
repetition: 40395
>passed!
repetition: 40396
>passed!
repetition: 40397
>passed!
repetition: 40398
>passed!
repetition: 40399
>passed!
repetition: 40400
>passed!
repetition: 40401
>passed!
repetition: 40402
>passed!
repetition: 40403
>passed!
repetition: 40404
>passed!
repetition: 40405
>passed!
repetition: 40406
>passed!
repetition: 40407
>passed!
repetition: 40408
>passed!
repetition: 40409
>passed!
repetition: 40410
>passed!
repetition: 40411
>passed!
repetition: 40412
>passed!
repetition: 40413
>passed!
repetition: 40414
>passed!
repetition: 40415
>passed!
repetition: 40416
>passed!
repetition: 40417
>passed!
repetition: 40418
>passed!
repetition: 40419
>passed!
repetition: 40420
>passed!
repetition: 40421
>passed!
repetition: 40422
>passed!
repetition: 40423
>passed!
repetition: 40424
>passed!
repetition: 40425
>passed!
repetition: 40426
>passed!
repetition: 40427
>passed!
repetition: 40428
>passed!
repetition: 40429
>passed!
repetition: 40430
>passed!
repetition: 40431
>passed!
repetition: 40432
>passed!
repetition: 40433
>passed!
repetition: 40434
>passed!
repetition: 40435
>passed!
repetition: 40436
>passed!
repetition: 40437
>passed!
repetition: 40438
>passed!
repetition: 40439
>passed!
repetition: 40440
>passed!
repetition: 40441
>passed!
repetition: 40442
>passed!
repetition: 40443
>passed!
repetition: 40444
>passed!
repetition: 40445
>passed!
repetition: 40446
>passed!
repetition: 40447
>passed!
repetition: 40448
>passed!
repetition: 40449
>passed!
repetition: 40450
>passed!
repetition: 40451
>passed!
repetition: 40452
>passed!
repetition: 40453
>passed!
repetition: 40454
>passed!
repetition: 40455
>passed!
repetition: 40456
>passed!
repetition: 40457
>passed!
repetition: 40458
>passed!
repetition: 40459
>passed!
repetition: 40460
>passed!
repetition: 40461
>passed!
repetition: 40462
>passed!
repetition: 40463
>passed!
repetition: 40464
>passed!
repetition: 40465
>passed!
repetition: 40466
>passed!
repetition: 40467
>passed!
repetition: 40468
>passed!
repetition: 40469
>passed!
repetition: 40470
>passed!
repetition: 40471
>passed!
repetition: 40472
>passed!
repetition: 40473
>passed!
repetition: 40474
>passed!
repetition: 40475
>passed!
repetition: 40476
>passed!
repetition: 40477
>passed!
repetition: 40478
>passed!
repetition: 40479
>passed!
repetition: 40480
>passed!
repetition: 40481
>passed!
repetition: 40482
>passed!
repetition: 40483
>passed!
repetition: 40484
>passed!
repetition: 40485
>passed!
repetition: 40486
>passed!
repetition: 40487
>passed!
repetition: 40488
>passed!
repetition: 40489
>passed!
repetition: 40490
>passed!
repetition: 40491
>passed!
repetition: 40492
>passed!
repetition: 40493
>passed!
repetition: 40494
>passed!
repetition: 40495
>passed!
repetition: 40496
>passed!
repetition: 40497
>passed!
repetition: 40498
>passed!
repetition: 40499
>passed!
repetition: 40500
>passed!
repetition: 40501
>passed!
repetition: 40502
>passed!
repetition: 40503
>passed!
repetition: 40504
>passed!
repetition: 40505
>passed!
repetition: 40506
>passed!
repetition: 40507
>passed!
repetition: 40508
>passed!
repetition: 40509
>passed!
repetition: 40510
>passed!
repetition: 40511
>passed!
repetition: 40512
>passed!
repetition: 40513
>passed!
repetition: 40514
>passed!
repetition: 40515
>passed!
repetition: 40516
>passed!
repetition: 40517
>passed!
repetition: 40518
>passed!
repetition: 40519
>passed!
repetition: 40520
>passed!
repetition: 40521
>passed!
repetition: 40522
>passed!
repetition: 40523
>passed!
repetition: 40524
>passed!
repetition: 40525
>passed!
repetition: 40526
>passed!
repetition: 40527
>passed!
repetition: 40528
>passed!
repetition: 40529
>passed!
repetition: 40530
>passed!
repetition: 40531
>passed!
repetition: 40532
>passed!
repetition: 40533
>passed!
repetition: 40534
>passed!
repetition: 40535
>passed!
repetition: 40536
>passed!
repetition: 40537
>passed!
repetition: 40538
>passed!
repetition: 40539
>passed!
repetition: 40540
>passed!
repetition: 40541
>passed!
repetition: 40542
>passed!
repetition: 40543
>passed!
repetition: 40544
>passed!
repetition: 40545
>passed!
repetition: 40546
>passed!
repetition: 40547
>passed!
repetition: 40548
>passed!
repetition: 40549
>passed!
repetition: 40550
>passed!
repetition: 40551
>passed!
repetition: 40552
>passed!
repetition: 40553
>passed!
repetition: 40554
>passed!
repetition: 40555
>passed!
repetition: 40556
>passed!
repetition: 40557
>passed!
repetition: 40558
>passed!
repetition: 40559
>passed!
repetition: 40560
>passed!
repetition: 40561
>passed!
repetition: 40562
>passed!
repetition: 40563
>passed!
repetition: 40564
>passed!
repetition: 40565
>passed!
repetition: 40566
>passed!
repetition: 40567
>passed!
repetition: 40568
>passed!
repetition: 40569
>passed!
repetition: 40570
>passed!
repetition: 40571
>passed!
repetition: 40572
>passed!
repetition: 40573
>passed!
repetition: 40574
>passed!
repetition: 40575
>passed!
repetition: 40576
>passed!
repetition: 40577
>passed!
repetition: 40578
>passed!
repetition: 40579
>passed!
repetition: 40580
>passed!
repetition: 40581
>passed!
repetition: 40582
>passed!
repetition: 40583
>passed!
repetition: 40584
>passed!
repetition: 40585
>passed!
repetition: 40586
>passed!
repetition: 40587
>passed!
repetition: 40588
>passed!
repetition: 40589
>passed!
repetition: 40590
>passed!
repetition: 40591
>passed!
repetition: 40592
>passed!
repetition: 40593
>passed!
repetition: 40594
>passed!
repetition: 40595
>passed!
repetition: 40596
>passed!
repetition: 40597
>passed!
repetition: 40598
>passed!
repetition: 40599
>passed!
repetition: 40600
>passed!
repetition: 40601
>passed!
repetition: 40602
>passed!
repetition: 40603
>passed!
repetition: 40604
>passed!
repetition: 40605
>passed!
repetition: 40606
>passed!
repetition: 40607
>passed!
repetition: 40608
>passed!
repetition: 40609
>passed!
repetition: 40610
>passed!
repetition: 40611
>passed!
repetition: 40612
>passed!
repetition: 40613
>passed!
repetition: 40614
>passed!
repetition: 40615
>passed!
repetition: 40616
>passed!
repetition: 40617
>passed!
repetition: 40618
>passed!
repetition: 40619
>passed!
repetition: 40620
>passed!
repetition: 40621
>passed!
repetition: 40622
>passed!
repetition: 40623
>passed!
repetition: 40624
>passed!
repetition: 40625
>passed!
repetition: 40626
>passed!
repetition: 40627
>passed!
repetition: 40628
>passed!
repetition: 40629
>passed!
repetition: 40630
>passed!
repetition: 40631
>passed!
repetition: 40632
>passed!
repetition: 40633
>passed!
repetition: 40634
>passed!
repetition: 40635
>passed!
repetition: 40636
>passed!
repetition: 40637
>passed!
repetition: 40638
>passed!
repetition: 40639
>passed!
repetition: 40640
>passed!
repetition: 40641
>passed!
repetition: 40642
>passed!
repetition: 40643
>passed!
repetition: 40644
>passed!
repetition: 40645
>passed!
repetition: 40646
>passed!
repetition: 40647
>passed!
repetition: 40648
>passed!
repetition: 40649
>passed!
repetition: 40650
>passed!
repetition: 40651
>passed!
repetition: 40652
>passed!
repetition: 40653
>passed!
repetition: 40654
>passed!
repetition: 40655
>passed!
repetition: 40656
>passed!
repetition: 40657
>passed!
repetition: 40658
>passed!
repetition: 40659
>passed!
repetition: 40660
>passed!
repetition: 40661
>passed!
repetition: 40662
>passed!
repetition: 40663
>passed!
repetition: 40664
>passed!
repetition: 40665
>passed!
repetition: 40666
>passed!
repetition: 40667
>passed!
repetition: 40668
>passed!
repetition: 40669
>passed!
repetition: 40670
>passed!
repetition: 40671
>passed!
repetition: 40672
>passed!
repetition: 40673
>passed!
repetition: 40674
>passed!
repetition: 40675
>passed!
repetition: 40676
>passed!
repetition: 40677
>passed!
repetition: 40678
>passed!
repetition: 40679
>passed!
repetition: 40680
>passed!
repetition: 40681
>passed!
repetition: 40682
>passed!
repetition: 40683
>passed!
repetition: 40684
>passed!
repetition: 40685
>passed!
repetition: 40686
>passed!
repetition: 40687
>passed!
repetition: 40688
>passed!
repetition: 40689
>passed!
repetition: 40690
>passed!
repetition: 40691
>passed!
repetition: 40692
>passed!
repetition: 40693
>passed!
repetition: 40694
>passed!
repetition: 40695
>passed!
repetition: 40696
>passed!
repetition: 40697
>passed!
repetition: 40698
>passed!
repetition: 40699
>passed!
repetition: 40700
>passed!
repetition: 40701
>passed!
repetition: 40702
>passed!
repetition: 40703
>passed!
repetition: 40704
>passed!
repetition: 40705
>passed!
repetition: 40706
>passed!
repetition: 40707
>passed!
repetition: 40708
>passed!
repetition: 40709
>passed!
repetition: 40710
>passed!
repetition: 40711
>passed!
repetition: 40712
>passed!
repetition: 40713
>passed!
repetition: 40714
>passed!
repetition: 40715
>passed!
repetition: 40716
>passed!
repetition: 40717
>passed!
repetition: 40718
>passed!
repetition: 40719
>passed!
repetition: 40720
>passed!
repetition: 40721
>passed!
repetition: 40722
>passed!
repetition: 40723
>passed!
repetition: 40724
>passed!
repetition: 40725
>passed!
repetition: 40726
>passed!
repetition: 40727
>passed!
repetition: 40728
>passed!
repetition: 40729
>passed!
repetition: 40730
>passed!
repetition: 40731
>passed!
repetition: 40732
>passed!
repetition: 40733
>passed!
repetition: 40734
>passed!
repetition: 40735
>passed!
repetition: 40736
>passed!
repetition: 40737
>passed!
repetition: 40738
>passed!
repetition: 40739
>passed!
repetition: 40740
>passed!
repetition: 40741
>passed!
repetition: 40742
>passed!
repetition: 40743
>passed!
repetition: 40744
>passed!
repetition: 40745
>passed!
repetition: 40746
>passed!
repetition: 40747
>passed!
repetition: 40748
>passed!
repetition: 40749
>passed!
repetition: 40750
>passed!
repetition: 40751
>passed!
repetition: 40752
>passed!
repetition: 40753
>passed!
repetition: 40754
>passed!
repetition: 40755
>passed!
repetition: 40756
>passed!
repetition: 40757
>passed!
repetition: 40758
>passed!
repetition: 40759
>passed!
repetition: 40760
>passed!
repetition: 40761
>passed!
repetition: 40762
>passed!
repetition: 40763
>passed!
repetition: 40764
>passed!
repetition: 40765
>passed!
repetition: 40766
>passed!
repetition: 40767
>passed!
repetition: 40768
>passed!
repetition: 40769
>passed!
repetition: 40770
>passed!
repetition: 40771
>passed!
repetition: 40772
>passed!
repetition: 40773
>passed!
repetition: 40774
>passed!
repetition: 40775
>passed!
repetition: 40776
>passed!
repetition: 40777
>passed!
repetition: 40778
>passed!
repetition: 40779
>passed!
repetition: 40780
>passed!
repetition: 40781
>passed!
repetition: 40782
>passed!
repetition: 40783
>passed!
repetition: 40784
>passed!
repetition: 40785
>passed!
repetition: 40786
>passed!
repetition: 40787
>passed!
repetition: 40788
>passed!
repetition: 40789
>passed!
repetition: 40790
>passed!
repetition: 40791
>passed!
repetition: 40792
>passed!
repetition: 40793
>passed!
repetition: 40794
>passed!
repetition: 40795
>passed!
repetition: 40796
>passed!
repetition: 40797
>passed!
repetition: 40798
>passed!
repetition: 40799
>passed!
repetition: 40800
>passed!
repetition: 40801
>passed!
repetition: 40802
>passed!
repetition: 40803
>passed!
repetition: 40804
>passed!
repetition: 40805
>passed!
repetition: 40806
>passed!
repetition: 40807
>passed!
repetition: 40808
>passed!
repetition: 40809
>passed!
repetition: 40810
>passed!
repetition: 40811
>passed!
repetition: 40812
>passed!
repetition: 40813
>passed!
repetition: 40814
>passed!
repetition: 40815
>passed!
repetition: 40816
>passed!
repetition: 40817
>passed!
repetition: 40818
>passed!
repetition: 40819
>passed!
repetition: 40820
>passed!
repetition: 40821
>passed!
repetition: 40822
>passed!
repetition: 40823
>passed!
repetition: 40824
>passed!
repetition: 40825
>passed!
repetition: 40826
>passed!
repetition: 40827
>passed!
repetition: 40828
>passed!
repetition: 40829
>passed!
repetition: 40830
>passed!
repetition: 40831
>passed!
repetition: 40832
>passed!
repetition: 40833
>passed!
repetition: 40834
>passed!
repetition: 40835
>passed!
repetition: 40836
>passed!
repetition: 40837
>passed!
repetition: 40838
>passed!
repetition: 40839
>passed!
repetition: 40840
>passed!
repetition: 40841
>passed!
repetition: 40842
>passed!
repetition: 40843
>passed!
repetition: 40844
>passed!
repetition: 40845
>passed!
repetition: 40846
>passed!
repetition: 40847
>passed!
repetition: 40848
>passed!
repetition: 40849
>passed!
repetition: 40850
>passed!
repetition: 40851
>passed!
repetition: 40852
>passed!
repetition: 40853
>passed!
repetition: 40854
>passed!
repetition: 40855
>passed!
repetition: 40856
>passed!
repetition: 40857
>passed!
repetition: 40858
>passed!
repetition: 40859
>passed!
repetition: 40860
>passed!
repetition: 40861
>passed!
repetition: 40862
>passed!
repetition: 40863
>passed!
repetition: 40864
>passed!
repetition: 40865
>passed!
repetition: 40866
>passed!
repetition: 40867
>passed!
repetition: 40868
>passed!
repetition: 40869
>passed!
repetition: 40870
>passed!
repetition: 40871
>passed!
repetition: 40872
>passed!
repetition: 40873
>passed!
repetition: 40874
>passed!
repetition: 40875
>passed!
repetition: 40876
>passed!
repetition: 40877
>passed!
repetition: 40878
>passed!
repetition: 40879
>passed!
repetition: 40880
>passed!
repetition: 40881
>passed!
repetition: 40882
>passed!
repetition: 40883
>passed!
repetition: 40884
>passed!
repetition: 40885
>passed!
repetition: 40886
>passed!
repetition: 40887
>passed!
repetition: 40888
>passed!
repetition: 40889
>passed!
repetition: 40890
>passed!
repetition: 40891
>passed!
repetition: 40892
>passed!
repetition: 40893
>passed!
repetition: 40894
>passed!
repetition: 40895
>passed!
repetition: 40896
>passed!
repetition: 40897
>passed!
repetition: 40898
>passed!
repetition: 40899
>passed!
repetition: 40900
>passed!
repetition: 40901
>passed!
repetition: 40902
>passed!
repetition: 40903
>passed!
repetition: 40904
>passed!
repetition: 40905
>passed!
repetition: 40906
>passed!
repetition: 40907
>passed!
repetition: 40908
>passed!
repetition: 40909
>passed!
repetition: 40910
>passed!
repetition: 40911
>passed!
repetition: 40912
>passed!
repetition: 40913
>passed!
repetition: 40914
>passed!
repetition: 40915
>passed!
repetition: 40916
>passed!
repetition: 40917
>passed!
repetition: 40918
>passed!
repetition: 40919
>passed!
repetition: 40920
>passed!
repetition: 40921
>passed!
repetition: 40922
>passed!
repetition: 40923
>passed!
repetition: 40924
>passed!
repetition: 40925
>passed!
repetition: 40926
>passed!
repetition: 40927
>passed!
repetition: 40928
>passed!
repetition: 40929
>passed!
repetition: 40930
>passed!
repetition: 40931
>passed!
repetition: 40932
>passed!
repetition: 40933
>passed!
repetition: 40934
>passed!
repetition: 40935
>passed!
repetition: 40936
>passed!
repetition: 40937
>passed!
repetition: 40938
>passed!
repetition: 40939
>passed!
repetition: 40940
>passed!
repetition: 40941
>passed!
repetition: 40942
>passed!
repetition: 40943
>passed!
repetition: 40944
>passed!
repetition: 40945
>passed!
repetition: 40946
>passed!
repetition: 40947
>passed!
repetition: 40948
>passed!
repetition: 40949
>passed!
repetition: 40950
>passed!
repetition: 40951
>passed!
repetition: 40952
>passed!
repetition: 40953
>passed!
repetition: 40954
>passed!
repetition: 40955
>passed!
repetition: 40956
>passed!
repetition: 40957
>passed!
repetition: 40958
>passed!
repetition: 40959
>passed!
repetition: 40960
>passed!
repetition: 40961
>passed!
repetition: 40962
>passed!
repetition: 40963
>passed!
repetition: 40964
>passed!
repetition: 40965
>passed!
repetition: 40966
>passed!
repetition: 40967
>passed!
repetition: 40968
>passed!
repetition: 40969
>passed!
repetition: 40970
>passed!
repetition: 40971
>passed!
repetition: 40972
>passed!
repetition: 40973
>passed!
repetition: 40974
>passed!
repetition: 40975
>passed!
repetition: 40976
>passed!
repetition: 40977
>passed!
repetition: 40978
>passed!
repetition: 40979
>passed!
repetition: 40980
>passed!
repetition: 40981
>passed!
repetition: 40982
>passed!
repetition: 40983
>passed!
repetition: 40984
>passed!
repetition: 40985
>passed!
repetition: 40986
>passed!
repetition: 40987
>passed!
repetition: 40988
>passed!
repetition: 40989
>passed!
repetition: 40990
>passed!
repetition: 40991
>passed!
repetition: 40992
>passed!
repetition: 40993
>passed!
repetition: 40994
>passed!
repetition: 40995
>passed!
repetition: 40996
>passed!
repetition: 40997
>passed!
repetition: 40998
>passed!
repetition: 40999
>passed!
repetition: 41000
>passed!
repetition: 41001
>passed!
repetition: 41002
>passed!
repetition: 41003
>passed!
repetition: 41004
>passed!
repetition: 41005
>passed!
repetition: 41006
>passed!
repetition: 41007
>passed!
repetition: 41008
>passed!
repetition: 41009
>passed!
repetition: 41010
>passed!
repetition: 41011
>passed!
repetition: 41012
>passed!
repetition: 41013
>passed!
repetition: 41014
>passed!
repetition: 41015
>passed!
repetition: 41016
>passed!
repetition: 41017
>passed!
repetition: 41018
>passed!
repetition: 41019
>passed!
repetition: 41020
>passed!
repetition: 41021
>passed!
repetition: 41022
>passed!
repetition: 41023
>passed!
repetition: 41024
>passed!
repetition: 41025
>passed!
repetition: 41026
>passed!
repetition: 41027
>passed!
repetition: 41028
>passed!
repetition: 41029
>passed!
repetition: 41030
>passed!
repetition: 41031
>passed!
repetition: 41032
>passed!
repetition: 41033
>passed!
repetition: 41034
>passed!
repetition: 41035
>passed!
repetition: 41036
>passed!
repetition: 41037
>passed!
repetition: 41038
>passed!
repetition: 41039
>passed!
repetition: 41040
>passed!
repetition: 41041
>passed!
repetition: 41042
>passed!
repetition: 41043
>passed!
repetition: 41044
>passed!
repetition: 41045
>passed!
repetition: 41046
>passed!
repetition: 41047
>passed!
repetition: 41048
>passed!
repetition: 41049
>passed!
repetition: 41050
>passed!
repetition: 41051
>passed!
repetition: 41052
>passed!
repetition: 41053
>passed!
repetition: 41054
>passed!
repetition: 41055
>passed!
repetition: 41056
>passed!
repetition: 41057
>passed!
repetition: 41058
>passed!
repetition: 41059
>passed!
repetition: 41060
>passed!
repetition: 41061
>passed!
repetition: 41062
>passed!
repetition: 41063
>passed!
repetition: 41064
>passed!
repetition: 41065
>passed!
repetition: 41066
>passed!
repetition: 41067
>passed!
repetition: 41068
>passed!
repetition: 41069
>passed!
repetition: 41070
>passed!
repetition: 41071
>passed!
repetition: 41072
>passed!
repetition: 41073
>passed!
repetition: 41074
>passed!
repetition: 41075
>passed!
repetition: 41076
>passed!
repetition: 41077
>passed!
repetition: 41078
>passed!
repetition: 41079
>passed!
repetition: 41080
>passed!
repetition: 41081
>passed!
repetition: 41082
>passed!
repetition: 41083
>passed!
repetition: 41084
>passed!
repetition: 41085
>passed!
repetition: 41086
>passed!
repetition: 41087
>passed!
repetition: 41088
>passed!
repetition: 41089
>passed!
repetition: 41090
>passed!
repetition: 41091
>passed!
repetition: 41092
>passed!
repetition: 41093
>passed!
repetition: 41094
>passed!
repetition: 41095
>passed!
repetition: 41096
>passed!
repetition: 41097
>passed!
repetition: 41098
>passed!
repetition: 41099
>passed!
repetition: 41100
>passed!
repetition: 41101
>passed!
repetition: 41102
>passed!
repetition: 41103
>passed!
repetition: 41104
>passed!
repetition: 41105
>passed!
repetition: 41106
>passed!
repetition: 41107
>passed!
repetition: 41108
>passed!
repetition: 41109
>passed!
repetition: 41110
>passed!
repetition: 41111
>passed!
repetition: 41112
>passed!
repetition: 41113
>passed!
repetition: 41114
>passed!
repetition: 41115
>passed!
repetition: 41116
>passed!
repetition: 41117
>passed!
repetition: 41118
>passed!
repetition: 41119
>passed!
repetition: 41120
>passed!
repetition: 41121
>passed!
repetition: 41122
>passed!
repetition: 41123
>passed!
repetition: 41124
>passed!
repetition: 41125
>passed!
repetition: 41126
>passed!
repetition: 41127
>passed!
repetition: 41128
>passed!
repetition: 41129
>passed!
repetition: 41130
>passed!
repetition: 41131
>passed!
repetition: 41132
>passed!
repetition: 41133
>passed!
repetition: 41134
>passed!
repetition: 41135
>passed!
repetition: 41136
>passed!
repetition: 41137
>passed!
repetition: 41138
>passed!
repetition: 41139
>passed!
repetition: 41140
>passed!
repetition: 41141
>passed!
repetition: 41142
>passed!
repetition: 41143
>passed!
repetition: 41144
>passed!
repetition: 41145
>passed!
repetition: 41146
>passed!
repetition: 41147
>passed!
repetition: 41148
>passed!
repetition: 41149
>passed!
repetition: 41150
>passed!
repetition: 41151
>passed!
repetition: 41152
>passed!
repetition: 41153
>passed!
repetition: 41154
>passed!
repetition: 41155
>passed!
repetition: 41156
>passed!
repetition: 41157
>passed!
repetition: 41158
>passed!
repetition: 41159
>passed!
repetition: 41160
>passed!
repetition: 41161
>passed!
repetition: 41162
>passed!
repetition: 41163
>passed!
repetition: 41164
>passed!
repetition: 41165
>passed!
repetition: 41166
>passed!
repetition: 41167
>passed!
repetition: 41168
>passed!
repetition: 41169
>passed!
repetition: 41170
>passed!
repetition: 41171
>passed!
repetition: 41172
>passed!
repetition: 41173
>passed!
repetition: 41174
>passed!
repetition: 41175
>passed!
repetition: 41176
>passed!
repetition: 41177
>passed!
repetition: 41178
>passed!
repetition: 41179
>passed!
repetition: 41180
>passed!
repetition: 41181
>passed!
repetition: 41182
>passed!
repetition: 41183
>passed!
repetition: 41184
>passed!
repetition: 41185
>passed!
repetition: 41186
>passed!
repetition: 41187
>passed!
repetition: 41188
>passed!
repetition: 41189
>passed!
repetition: 41190
>passed!
repetition: 41191
>passed!
repetition: 41192
>passed!
repetition: 41193
>passed!
repetition: 41194
>passed!
repetition: 41195
>passed!
repetition: 41196
>passed!
repetition: 41197
>passed!
repetition: 41198
>passed!
repetition: 41199
>passed!
repetition: 41200
>passed!
repetition: 41201
>passed!
repetition: 41202
>passed!
repetition: 41203
>passed!
repetition: 41204
>passed!
repetition: 41205
>passed!
repetition: 41206
>passed!
repetition: 41207
>passed!
repetition: 41208
>passed!
repetition: 41209
>passed!
repetition: 41210
>passed!
repetition: 41211
>passed!
repetition: 41212
>passed!
repetition: 41213
>passed!
repetition: 41214
>passed!
repetition: 41215
>passed!
repetition: 41216
>passed!
repetition: 41217
>passed!
repetition: 41218
>passed!
repetition: 41219
>passed!
repetition: 41220
>passed!
repetition: 41221
>passed!
repetition: 41222
>passed!
repetition: 41223
>passed!
repetition: 41224
>passed!
repetition: 41225
>passed!
repetition: 41226
>passed!
repetition: 41227
>passed!
repetition: 41228
>passed!
repetition: 41229
>passed!
repetition: 41230
>passed!
repetition: 41231
>passed!
repetition: 41232
>passed!
repetition: 41233
>passed!
repetition: 41234
>passed!
repetition: 41235
>passed!
repetition: 41236
>passed!
repetition: 41237
>passed!
repetition: 41238
>passed!
repetition: 41239
>passed!
repetition: 41240
>passed!
repetition: 41241
>passed!
repetition: 41242
>passed!
repetition: 41243
>passed!
repetition: 41244
>passed!
repetition: 41245
>passed!
repetition: 41246
>passed!
repetition: 41247
>passed!
repetition: 41248
>passed!
repetition: 41249
>passed!
repetition: 41250
>passed!
repetition: 41251
>passed!
repetition: 41252
>passed!
repetition: 41253
>passed!
repetition: 41254
>passed!
repetition: 41255
>passed!
repetition: 41256
>passed!
repetition: 41257
>passed!
repetition: 41258
>passed!
repetition: 41259
>passed!
repetition: 41260
>passed!
repetition: 41261
>passed!
repetition: 41262
>passed!
repetition: 41263
>passed!
repetition: 41264
>passed!
repetition: 41265
>passed!
repetition: 41266
>passed!
repetition: 41267
>passed!
repetition: 41268
>passed!
repetition: 41269
>passed!
repetition: 41270
>passed!
repetition: 41271
>passed!
repetition: 41272
>passed!
repetition: 41273
>passed!
repetition: 41274
>passed!
repetition: 41275
>passed!
repetition: 41276
>passed!
repetition: 41277
>passed!
repetition: 41278
>passed!
repetition: 41279
>passed!
repetition: 41280
>passed!
repetition: 41281
>passed!
repetition: 41282
>passed!
repetition: 41283
>passed!
repetition: 41284
>passed!
repetition: 41285
>passed!
repetition: 41286
>passed!
repetition: 41287
>passed!
repetition: 41288
>passed!
repetition: 41289
>passed!
repetition: 41290
>passed!
repetition: 41291
>passed!
repetition: 41292
>passed!
repetition: 41293
>passed!
repetition: 41294
>passed!
repetition: 41295
>passed!
repetition: 41296
>passed!
repetition: 41297
>passed!
repetition: 41298
>passed!
repetition: 41299
>passed!
repetition: 41300
>passed!
repetition: 41301
>passed!
repetition: 41302
>passed!
repetition: 41303
>passed!
repetition: 41304
>passed!
repetition: 41305
>passed!
repetition: 41306
>passed!
repetition: 41307
>passed!
repetition: 41308
>passed!
repetition: 41309
>passed!
repetition: 41310
>passed!
repetition: 41311
>passed!
repetition: 41312
>passed!
repetition: 41313
>passed!
repetition: 41314
>passed!
repetition: 41315
>passed!
repetition: 41316
>passed!
repetition: 41317
>passed!
repetition: 41318
>passed!
repetition: 41319
>passed!
repetition: 41320
>passed!
repetition: 41321
>passed!
repetition: 41322
>passed!
repetition: 41323
>passed!
repetition: 41324
>passed!
repetition: 41325
>passed!
repetition: 41326
>passed!
repetition: 41327
>passed!
repetition: 41328
>passed!
repetition: 41329
>passed!
repetition: 41330
>passed!
repetition: 41331
>passed!
repetition: 41332
>passed!
repetition: 41333
>passed!
repetition: 41334
>passed!
repetition: 41335
>passed!
repetition: 41336
>passed!
repetition: 41337
>passed!
repetition: 41338
>passed!
repetition: 41339
>passed!
repetition: 41340
>passed!
repetition: 41341
>passed!
repetition: 41342
>passed!
repetition: 41343
>passed!
repetition: 41344
>passed!
repetition: 41345
>passed!
repetition: 41346
>passed!
repetition: 41347
>passed!
repetition: 41348
>passed!
repetition: 41349
>passed!
repetition: 41350
>passed!
repetition: 41351
>passed!
repetition: 41352
>passed!
repetition: 41353
>passed!
repetition: 41354
>passed!
repetition: 41355
>passed!
repetition: 41356
>passed!
repetition: 41357
>passed!
repetition: 41358
>passed!
repetition: 41359
>passed!
repetition: 41360
>passed!
repetition: 41361
>passed!
repetition: 41362
>passed!
repetition: 41363
>passed!
repetition: 41364
>passed!
repetition: 41365
>passed!
repetition: 41366
>passed!
repetition: 41367
>passed!
repetition: 41368
>passed!
repetition: 41369
>passed!
repetition: 41370
>passed!
repetition: 41371
>passed!
repetition: 41372
>passed!
repetition: 41373
>passed!
repetition: 41374
>passed!
repetition: 41375
>passed!
repetition: 41376
>passed!
repetition: 41377
>passed!
repetition: 41378
>passed!
repetition: 41379
>passed!
repetition: 41380
>passed!
repetition: 41381
>passed!
repetition: 41382
>passed!
repetition: 41383
>passed!
repetition: 41384
>passed!
repetition: 41385
>passed!
repetition: 41386
>passed!
repetition: 41387
>passed!
repetition: 41388
>passed!
repetition: 41389
>passed!
repetition: 41390
>passed!
repetition: 41391
>passed!
repetition: 41392
>passed!
repetition: 41393
>passed!
repetition: 41394
>passed!
repetition: 41395
>passed!
repetition: 41396
>passed!
repetition: 41397
>passed!
repetition: 41398
>passed!
repetition: 41399
>passed!
repetition: 41400
>passed!
repetition: 41401
>passed!
repetition: 41402
>passed!
repetition: 41403
>passed!
repetition: 41404
>passed!
repetition: 41405
>passed!
repetition: 41406
>passed!
repetition: 41407
>passed!
repetition: 41408
>passed!
repetition: 41409
>passed!
repetition: 41410
>passed!
repetition: 41411
>passed!
repetition: 41412
>passed!
repetition: 41413
>passed!
repetition: 41414
>passed!
repetition: 41415
>passed!
repetition: 41416
>passed!
repetition: 41417
>passed!
repetition: 41418
>passed!
repetition: 41419
>passed!
repetition: 41420
>passed!
repetition: 41421
>passed!
repetition: 41422
>passed!
repetition: 41423
>passed!
repetition: 41424
>passed!
repetition: 41425
>passed!
repetition: 41426
>passed!
repetition: 41427
>passed!
repetition: 41428
>passed!
repetition: 41429
>passed!
repetition: 41430
>passed!
repetition: 41431
>passed!
repetition: 41432
>passed!
repetition: 41433
>passed!
repetition: 41434
>passed!
repetition: 41435
>passed!
repetition: 41436
>passed!
repetition: 41437
>passed!
repetition: 41438
>passed!
repetition: 41439
>passed!
repetition: 41440
>passed!
repetition: 41441
>passed!
repetition: 41442
>passed!
repetition: 41443
>passed!
repetition: 41444
>passed!
repetition: 41445
>passed!
repetition: 41446
>passed!
repetition: 41447
>passed!
repetition: 41448
>passed!
repetition: 41449
>passed!
repetition: 41450
>passed!
repetition: 41451
>passed!
repetition: 41452
>passed!
repetition: 41453
>passed!
repetition: 41454
>passed!
repetition: 41455
>passed!
repetition: 41456
>passed!
repetition: 41457
>passed!
repetition: 41458
>passed!
repetition: 41459
>passed!
repetition: 41460
>passed!
repetition: 41461
>passed!
repetition: 41462
>passed!
repetition: 41463
>passed!
repetition: 41464
>passed!
repetition: 41465
>passed!
repetition: 41466
>passed!
repetition: 41467
>passed!
repetition: 41468
>passed!
repetition: 41469
>passed!
repetition: 41470
>passed!
repetition: 41471
>passed!
repetition: 41472
>passed!
repetition: 41473
>passed!
repetition: 41474
>passed!
repetition: 41475
>passed!
repetition: 41476
>passed!
repetition: 41477
>passed!
repetition: 41478
>passed!
repetition: 41479
>passed!
repetition: 41480
>passed!
repetition: 41481
>passed!
repetition: 41482
>passed!
repetition: 41483
>passed!
repetition: 41484
>passed!
repetition: 41485
>passed!
repetition: 41486
>passed!
repetition: 41487
>passed!
repetition: 41488
>passed!
repetition: 41489
>passed!
repetition: 41490
>passed!
repetition: 41491
>passed!
repetition: 41492
>passed!
repetition: 41493
>passed!
repetition: 41494
>passed!
repetition: 41495
>passed!
repetition: 41496
>passed!
repetition: 41497
>passed!
repetition: 41498
>passed!
repetition: 41499
>passed!
repetition: 41500
>passed!
repetition: 41501
>passed!
repetition: 41502
>passed!
repetition: 41503
>passed!
repetition: 41504
>passed!
repetition: 41505
>passed!
repetition: 41506
>passed!
repetition: 41507
>passed!
repetition: 41508
>passed!
repetition: 41509
>passed!
repetition: 41510
>passed!
repetition: 41511
>passed!
repetition: 41512
>passed!
repetition: 41513
>passed!
repetition: 41514
>passed!
repetition: 41515
>passed!
repetition: 41516
>passed!
repetition: 41517
>passed!
repetition: 41518
>passed!
repetition: 41519
>passed!
repetition: 41520
>passed!
repetition: 41521
>passed!
repetition: 41522
>passed!
repetition: 41523
>passed!
repetition: 41524
>passed!
repetition: 41525
>passed!
repetition: 41526
>passed!
repetition: 41527
>passed!
repetition: 41528
>passed!
repetition: 41529
>passed!
repetition: 41530
>passed!
repetition: 41531
>passed!
repetition: 41532
>passed!
repetition: 41533
>passed!
repetition: 41534
>passed!
repetition: 41535
>passed!
repetition: 41536
>passed!
repetition: 41537
>passed!
repetition: 41538
>passed!
repetition: 41539
>passed!
repetition: 41540
>passed!
repetition: 41541
>passed!
repetition: 41542
>passed!
repetition: 41543
>passed!
repetition: 41544
>passed!
repetition: 41545
>passed!
repetition: 41546
>passed!
repetition: 41547
>passed!
repetition: 41548
>passed!
repetition: 41549
>passed!
repetition: 41550
>passed!
repetition: 41551
>passed!
repetition: 41552
>passed!
repetition: 41553
>passed!
repetition: 41554
>passed!
repetition: 41555
>passed!
repetition: 41556
>passed!
repetition: 41557
>passed!
repetition: 41558
>passed!
repetition: 41559
>passed!
repetition: 41560
>passed!
repetition: 41561
>passed!
repetition: 41562
>passed!
repetition: 41563
>passed!
repetition: 41564
>passed!
repetition: 41565
>passed!
repetition: 41566
>passed!
repetition: 41567
>passed!
repetition: 41568
>passed!
repetition: 41569
>passed!
repetition: 41570
>passed!
repetition: 41571
>passed!
repetition: 41572
>passed!
repetition: 41573
>passed!
repetition: 41574
>passed!
repetition: 41575
>passed!
repetition: 41576
>passed!
repetition: 41577
>passed!
repetition: 41578
>passed!
repetition: 41579
>passed!
repetition: 41580
>passed!
repetition: 41581
>passed!
repetition: 41582
>passed!
repetition: 41583
>passed!
repetition: 41584
>passed!
repetition: 41585
>passed!
repetition: 41586
>passed!
repetition: 41587
>passed!
repetition: 41588
>passed!
repetition: 41589
>passed!
repetition: 41590
>passed!
repetition: 41591
>passed!
repetition: 41592
>passed!
repetition: 41593
>passed!
repetition: 41594
>passed!
repetition: 41595
>passed!
repetition: 41596
>passed!
repetition: 41597
>passed!
repetition: 41598
>passed!
repetition: 41599
>passed!
repetition: 41600
>passed!
repetition: 41601
>passed!
repetition: 41602
>passed!
repetition: 41603
>passed!
repetition: 41604
>passed!
repetition: 41605
>passed!
repetition: 41606
>passed!
repetition: 41607
>passed!
repetition: 41608
>passed!
repetition: 41609
>passed!
repetition: 41610
>passed!
repetition: 41611
>passed!
repetition: 41612
>passed!
repetition: 41613
>passed!
repetition: 41614
>passed!
repetition: 41615
>passed!
repetition: 41616
>passed!
repetition: 41617
>passed!
repetition: 41618
>passed!
repetition: 41619
>passed!
repetition: 41620
>passed!
repetition: 41621
>passed!
repetition: 41622
>passed!
repetition: 41623
>passed!
repetition: 41624
>passed!
repetition: 41625
>passed!
repetition: 41626
>passed!
repetition: 41627
>passed!
repetition: 41628
>passed!
repetition: 41629
>passed!
repetition: 41630
>passed!
repetition: 41631
>passed!
repetition: 41632
>passed!
repetition: 41633
>passed!
repetition: 41634
>passed!
repetition: 41635
>passed!
repetition: 41636
>passed!
repetition: 41637
>passed!
repetition: 41638
>passed!
repetition: 41639
>passed!
repetition: 41640
>passed!
repetition: 41641
>passed!
repetition: 41642
>passed!
repetition: 41643
>passed!
repetition: 41644
>passed!
repetition: 41645
>passed!
repetition: 41646
>passed!
repetition: 41647
>passed!
repetition: 41648
>passed!
repetition: 41649
>passed!
repetition: 41650
>passed!
repetition: 41651
>passed!
repetition: 41652
>passed!
repetition: 41653
>passed!
repetition: 41654
>passed!
repetition: 41655
>passed!
repetition: 41656
>passed!
repetition: 41657
>passed!
repetition: 41658
>passed!
repetition: 41659
>passed!
repetition: 41660
>passed!
repetition: 41661
>passed!
repetition: 41662
>passed!
repetition: 41663
>passed!
repetition: 41664
>passed!
repetition: 41665
>passed!
repetition: 41666
>passed!
repetition: 41667
>passed!
repetition: 41668
>passed!
repetition: 41669
>passed!
repetition: 41670
>passed!
repetition: 41671
>passed!
repetition: 41672
>passed!
repetition: 41673
>passed!
repetition: 41674
>passed!
repetition: 41675
>passed!
repetition: 41676
>passed!
repetition: 41677
>passed!
repetition: 41678
>passed!
repetition: 41679
>passed!
repetition: 41680
>passed!
repetition: 41681
>passed!
repetition: 41682
>passed!
repetition: 41683
>passed!
repetition: 41684
>passed!
repetition: 41685
>passed!
repetition: 41686
>passed!
repetition: 41687
>passed!
repetition: 41688
>passed!
repetition: 41689
>passed!
repetition: 41690
>passed!
repetition: 41691
>passed!
repetition: 41692
>passed!
repetition: 41693
>passed!
repetition: 41694
>passed!
repetition: 41695
>passed!
repetition: 41696
>passed!
repetition: 41697
>passed!
repetition: 41698
>passed!
repetition: 41699
>passed!
repetition: 41700
>passed!
repetition: 41701
>passed!
repetition: 41702
>passed!
repetition: 41703
>passed!
repetition: 41704
>passed!
repetition: 41705
>passed!
repetition: 41706
>passed!
repetition: 41707
>passed!
repetition: 41708
>passed!
repetition: 41709
>passed!
repetition: 41710
>passed!
repetition: 41711
>passed!
repetition: 41712
>passed!
repetition: 41713
>passed!
repetition: 41714
>passed!
repetition: 41715
>passed!
repetition: 41716
>passed!
repetition: 41717
>passed!
repetition: 41718
>passed!
repetition: 41719
>passed!
repetition: 41720
>passed!
repetition: 41721
>passed!
repetition: 41722
>passed!
repetition: 41723
>passed!
repetition: 41724
>passed!
repetition: 41725
>passed!
repetition: 41726
>passed!
repetition: 41727
>passed!
repetition: 41728
>passed!
repetition: 41729
>passed!
repetition: 41730
>passed!
repetition: 41731
>passed!
repetition: 41732
>passed!
repetition: 41733
>passed!
repetition: 41734
>passed!
repetition: 41735
>passed!
repetition: 41736
>passed!
repetition: 41737
>passed!
repetition: 41738
>passed!
repetition: 41739
>passed!
repetition: 41740
>passed!
repetition: 41741
>passed!
repetition: 41742
>passed!
repetition: 41743
>passed!
repetition: 41744
>passed!
repetition: 41745
>passed!
repetition: 41746
>passed!
repetition: 41747
>passed!
repetition: 41748
>passed!
repetition: 41749
>passed!
repetition: 41750
>passed!
repetition: 41751
>passed!
repetition: 41752
>passed!
repetition: 41753
>passed!
repetition: 41754
>passed!
repetition: 41755
>passed!
repetition: 41756
>passed!
repetition: 41757
>passed!
repetition: 41758
>passed!
repetition: 41759
>passed!
repetition: 41760
>passed!
repetition: 41761
>passed!
repetition: 41762
>passed!
repetition: 41763
>passed!
repetition: 41764
>passed!
repetition: 41765
>passed!
repetition: 41766
>passed!
repetition: 41767
>passed!
repetition: 41768
>passed!
repetition: 41769
>passed!
repetition: 41770
>passed!
repetition: 41771
>passed!
repetition: 41772
>passed!
repetition: 41773
>passed!
repetition: 41774
>passed!
repetition: 41775
>passed!
repetition: 41776
>passed!
repetition: 41777
>passed!
repetition: 41778
>passed!
repetition: 41779
>passed!
repetition: 41780
>passed!
repetition: 41781
>passed!
repetition: 41782
>passed!
repetition: 41783
>passed!
repetition: 41784
>passed!
repetition: 41785
>passed!
repetition: 41786
>passed!
repetition: 41787
>passed!
repetition: 41788
>passed!
repetition: 41789
>passed!
repetition: 41790
>passed!
repetition: 41791
>passed!
repetition: 41792
>passed!
repetition: 41793
>passed!
repetition: 41794
>passed!
repetition: 41795
>passed!
repetition: 41796
>passed!
repetition: 41797
>passed!
repetition: 41798
>passed!
repetition: 41799
>passed!
repetition: 41800
>passed!
repetition: 41801
>passed!
repetition: 41802
>passed!
repetition: 41803
>passed!
repetition: 41804
>passed!
repetition: 41805
>passed!
repetition: 41806
>passed!
repetition: 41807
>passed!
repetition: 41808
>passed!
repetition: 41809
>passed!
repetition: 41810
>passed!
repetition: 41811
>passed!
repetition: 41812
>passed!
repetition: 41813
>passed!
repetition: 41814
>passed!
repetition: 41815
>passed!
repetition: 41816
>passed!
repetition: 41817
>passed!
repetition: 41818
>passed!
repetition: 41819
>passed!
repetition: 41820
>passed!
repetition: 41821
>passed!
repetition: 41822
>passed!
repetition: 41823
>passed!
repetition: 41824
>passed!
repetition: 41825
>passed!
repetition: 41826
>passed!
repetition: 41827
>passed!
repetition: 41828
>passed!
repetition: 41829
>passed!
repetition: 41830
>passed!
repetition: 41831
>passed!
repetition: 41832
>passed!
repetition: 41833
>passed!
repetition: 41834
>passed!
repetition: 41835
>passed!
repetition: 41836
>passed!
repetition: 41837
>passed!
repetition: 41838
>passed!
repetition: 41839
>passed!
repetition: 41840
>passed!
repetition: 41841
>passed!
repetition: 41842
>passed!
repetition: 41843
>passed!
repetition: 41844
>passed!
repetition: 41845
>passed!
repetition: 41846
>passed!
repetition: 41847
>passed!
repetition: 41848
>passed!
repetition: 41849
>passed!
repetition: 41850
>passed!
repetition: 41851
>passed!
repetition: 41852
>passed!
repetition: 41853
>passed!
repetition: 41854
>passed!
repetition: 41855
>passed!
repetition: 41856
>passed!
repetition: 41857
>passed!
repetition: 41858
>passed!
repetition: 41859
>passed!
repetition: 41860
>passed!
repetition: 41861
>passed!
repetition: 41862
>passed!
repetition: 41863
>passed!
repetition: 41864
>passed!
repetition: 41865
>passed!
repetition: 41866
>passed!
repetition: 41867
>passed!
repetition: 41868
>passed!
repetition: 41869
>passed!
repetition: 41870
>passed!
repetition: 41871
>passed!
repetition: 41872
>passed!
repetition: 41873
>passed!
repetition: 41874
>passed!
repetition: 41875
>passed!
repetition: 41876
>passed!
repetition: 41877
>passed!
repetition: 41878
>passed!
repetition: 41879
>passed!
repetition: 41880
>passed!
repetition: 41881
>passed!
repetition: 41882
>passed!
repetition: 41883
>passed!
repetition: 41884
>passed!
repetition: 41885
>passed!
repetition: 41886
>passed!
repetition: 41887
>passed!
repetition: 41888
>passed!
repetition: 41889
>passed!
repetition: 41890
>passed!
repetition: 41891
>passed!
repetition: 41892
>passed!
repetition: 41893
>passed!
repetition: 41894
>passed!
repetition: 41895
>passed!
repetition: 41896
>passed!
repetition: 41897
>passed!
repetition: 41898
>passed!
repetition: 41899
>passed!
repetition: 41900
>passed!
repetition: 41901
>passed!
repetition: 41902
>passed!
repetition: 41903
>passed!
repetition: 41904
>passed!
repetition: 41905
>passed!
repetition: 41906
>passed!
repetition: 41907
>passed!
repetition: 41908
>passed!
repetition: 41909
>passed!
repetition: 41910
>passed!
repetition: 41911
>passed!
repetition: 41912
>passed!
repetition: 41913
>passed!
repetition: 41914
>passed!
repetition: 41915
>passed!
repetition: 41916
>passed!
repetition: 41917
>passed!
repetition: 41918
>passed!
repetition: 41919
>passed!
repetition: 41920
>passed!
repetition: 41921
>passed!
repetition: 41922
>passed!
repetition: 41923
>passed!
repetition: 41924
>passed!
repetition: 41925
>passed!
repetition: 41926
>passed!
repetition: 41927
>passed!
repetition: 41928
>passed!
repetition: 41929
>passed!
repetition: 41930
>passed!
repetition: 41931
>passed!
repetition: 41932
>passed!
repetition: 41933
>passed!
repetition: 41934
>passed!
repetition: 41935
>passed!
repetition: 41936
>passed!
repetition: 41937
>passed!
repetition: 41938
>passed!
repetition: 41939
>passed!
repetition: 41940
>passed!
repetition: 41941
>passed!
repetition: 41942
>passed!
repetition: 41943
>passed!
repetition: 41944
>passed!
repetition: 41945
>passed!
repetition: 41946
>passed!
repetition: 41947
>passed!
repetition: 41948
>passed!
repetition: 41949
>passed!
repetition: 41950
>passed!
repetition: 41951
>passed!
repetition: 41952
>passed!
repetition: 41953
>passed!
repetition: 41954
>passed!
repetition: 41955
>passed!
repetition: 41956
>passed!
repetition: 41957
>passed!
repetition: 41958
>passed!
repetition: 41959
>passed!
repetition: 41960
>passed!
repetition: 41961
>passed!
repetition: 41962
>passed!
repetition: 41963
>passed!
repetition: 41964
>passed!
repetition: 41965
>passed!
repetition: 41966
>passed!
repetition: 41967
>passed!
repetition: 41968
>passed!
repetition: 41969
>passed!
repetition: 41970
>passed!
repetition: 41971
>passed!
repetition: 41972
>passed!
repetition: 41973
>passed!
repetition: 41974
>passed!
repetition: 41975
>passed!
repetition: 41976
>passed!
repetition: 41977
>passed!
repetition: 41978
>passed!
repetition: 41979
>passed!
repetition: 41980
>passed!
repetition: 41981
>passed!
repetition: 41982
>passed!
repetition: 41983
>passed!
repetition: 41984
>passed!
repetition: 41985
>passed!
repetition: 41986
>passed!
repetition: 41987
>passed!
repetition: 41988
>passed!
repetition: 41989
>passed!
repetition: 41990
>passed!
repetition: 41991
>passed!
repetition: 41992
>passed!
repetition: 41993
>passed!
repetition: 41994
>passed!
repetition: 41995
>passed!
repetition: 41996
>passed!
repetition: 41997
>passed!
repetition: 41998
>passed!
repetition: 41999
>passed!
repetition: 42000
>passed!
repetition: 42001
>passed!
repetition: 42002
>passed!
repetition: 42003
>passed!
repetition: 42004
>passed!
repetition: 42005
>passed!
repetition: 42006
>passed!
repetition: 42007
>passed!
repetition: 42008
>passed!
repetition: 42009
>passed!
repetition: 42010
>passed!
repetition: 42011
>passed!
repetition: 42012
>passed!
repetition: 42013
>passed!
repetition: 42014
>passed!
repetition: 42015
>passed!
repetition: 42016
>passed!
repetition: 42017
>passed!
repetition: 42018
>passed!
repetition: 42019
>passed!
repetition: 42020
>passed!
repetition: 42021
>passed!
repetition: 42022
>passed!
repetition: 42023
>passed!
repetition: 42024
>passed!
repetition: 42025
>passed!
repetition: 42026
>passed!
repetition: 42027
>passed!
repetition: 42028
>passed!
repetition: 42029
>passed!
repetition: 42030
>passed!
repetition: 42031
>passed!
repetition: 42032
>passed!
repetition: 42033
>passed!
repetition: 42034
>passed!
repetition: 42035
>passed!
repetition: 42036
>passed!
repetition: 42037
>passed!
repetition: 42038
>passed!
repetition: 42039
>passed!
repetition: 42040
>passed!
repetition: 42041
>passed!
repetition: 42042
>passed!
repetition: 42043
>passed!
repetition: 42044
>passed!
repetition: 42045
>passed!
repetition: 42046
>passed!
repetition: 42047
>passed!
repetition: 42048
>passed!
repetition: 42049
>passed!
repetition: 42050
>passed!
repetition: 42051
>passed!
repetition: 42052
>passed!
repetition: 42053
>passed!
repetition: 42054
>passed!
repetition: 42055
>passed!
repetition: 42056
>passed!
repetition: 42057
>passed!
repetition: 42058
>passed!
repetition: 42059
>passed!
repetition: 42060
>passed!
repetition: 42061
>passed!
repetition: 42062
>passed!
repetition: 42063
>passed!
repetition: 42064
>passed!
repetition: 42065
>passed!
repetition: 42066
>passed!
repetition: 42067
>passed!
repetition: 42068
>passed!
repetition: 42069
>passed!
repetition: 42070
>passed!
repetition: 42071
>passed!
repetition: 42072
>passed!
repetition: 42073
>passed!
repetition: 42074
>passed!
repetition: 42075
>passed!
repetition: 42076
>passed!
repetition: 42077
>passed!
repetition: 42078
>passed!
repetition: 42079
>passed!
repetition: 42080
>passed!
repetition: 42081
>passed!
repetition: 42082
>passed!
repetition: 42083
>passed!
repetition: 42084
>passed!
repetition: 42085
>passed!
repetition: 42086
>passed!
repetition: 42087
>passed!
repetition: 42088
>passed!
repetition: 42089
>passed!
repetition: 42090
>passed!
repetition: 42091
>passed!
repetition: 42092
>passed!
repetition: 42093
>passed!
repetition: 42094
>passed!
repetition: 42095
>passed!
repetition: 42096
>passed!
repetition: 42097
>passed!
repetition: 42098
>passed!
repetition: 42099
>passed!
repetition: 42100
>passed!
repetition: 42101
>passed!
repetition: 42102
>passed!
repetition: 42103
>passed!
repetition: 42104
>passed!
repetition: 42105
>passed!
repetition: 42106
>passed!
repetition: 42107
>passed!
repetition: 42108
>passed!
repetition: 42109
>passed!
repetition: 42110
>passed!
repetition: 42111
>passed!
repetition: 42112
>passed!
repetition: 42113
>passed!
repetition: 42114
>passed!
repetition: 42115
>passed!
repetition: 42116
>passed!
repetition: 42117
>passed!
repetition: 42118
>passed!
repetition: 42119
>passed!
repetition: 42120
>passed!
repetition: 42121
>passed!
repetition: 42122
>passed!
repetition: 42123
>passed!
repetition: 42124
>passed!
repetition: 42125
>passed!
repetition: 42126
>passed!
repetition: 42127
>passed!
repetition: 42128
>passed!
repetition: 42129
>passed!
repetition: 42130
>passed!
repetition: 42131
>passed!
repetition: 42132
>passed!
repetition: 42133
>passed!
repetition: 42134
>passed!
repetition: 42135
>passed!
repetition: 42136
>passed!
repetition: 42137
>passed!
repetition: 42138
>passed!
repetition: 42139
>passed!
repetition: 42140
>passed!
repetition: 42141
>passed!
repetition: 42142
>passed!
repetition: 42143
>passed!
repetition: 42144
>passed!
repetition: 42145
>passed!
repetition: 42146
>passed!
repetition: 42147
>passed!
repetition: 42148
>passed!
repetition: 42149
>passed!
repetition: 42150
>passed!
repetition: 42151
>passed!
repetition: 42152
>passed!
repetition: 42153
>passed!
repetition: 42154
>passed!
repetition: 42155
>passed!
repetition: 42156
>passed!
repetition: 42157
>passed!
repetition: 42158
>passed!
repetition: 42159
>passed!
repetition: 42160
>passed!
repetition: 42161
>passed!
repetition: 42162
>passed!
repetition: 42163
>passed!
repetition: 42164
>passed!
repetition: 42165
>passed!
repetition: 42166
>passed!
repetition: 42167
>passed!
repetition: 42168
>passed!
repetition: 42169
>passed!
repetition: 42170
>passed!
repetition: 42171
>passed!
repetition: 42172
>passed!
repetition: 42173
>passed!
repetition: 42174
>passed!
repetition: 42175
>passed!
repetition: 42176
>passed!
repetition: 42177
>passed!
repetition: 42178
>passed!
repetition: 42179
>passed!
repetition: 42180
>passed!
repetition: 42181
>passed!
repetition: 42182
>passed!
repetition: 42183
>passed!
repetition: 42184
>passed!
repetition: 42185
>passed!
repetition: 42186
>passed!
repetition: 42187
>passed!
repetition: 42188
>passed!
repetition: 42189
>passed!
repetition: 42190
>passed!
repetition: 42191
>passed!
repetition: 42192
>passed!
repetition: 42193
>passed!
repetition: 42194
>passed!
repetition: 42195
>passed!
repetition: 42196
>passed!
repetition: 42197
>passed!
repetition: 42198
>passed!
repetition: 42199
>passed!
repetition: 42200
>passed!
repetition: 42201
>passed!
repetition: 42202
>passed!
repetition: 42203
>passed!
repetition: 42204
>passed!
repetition: 42205
>passed!
repetition: 42206
>passed!
repetition: 42207
>passed!
repetition: 42208
>passed!
repetition: 42209
>passed!
repetition: 42210
>passed!
repetition: 42211
>passed!
repetition: 42212
>passed!
repetition: 42213
>passed!
repetition: 42214
>passed!
repetition: 42215
>passed!
repetition: 42216
>passed!
repetition: 42217
>passed!
repetition: 42218
>passed!
repetition: 42219
>passed!
repetition: 42220
>passed!
repetition: 42221
>passed!
repetition: 42222
>passed!
repetition: 42223
>passed!
repetition: 42224
>passed!
repetition: 42225
>passed!
repetition: 42226
>passed!
repetition: 42227
>passed!
repetition: 42228
>passed!
repetition: 42229
>passed!
repetition: 42230
>passed!
repetition: 42231
>passed!
repetition: 42232
>passed!
repetition: 42233
>passed!
repetition: 42234
>passed!
repetition: 42235
>passed!
repetition: 42236
>passed!
repetition: 42237
>passed!
repetition: 42238
>passed!
repetition: 42239
>passed!
repetition: 42240
>passed!
repetition: 42241
>passed!
repetition: 42242
>passed!
repetition: 42243
>passed!
repetition: 42244
>passed!
repetition: 42245
>passed!
repetition: 42246
>passed!
repetition: 42247
>passed!
repetition: 42248
>passed!
repetition: 42249
>passed!
repetition: 42250
>passed!
repetition: 42251
>passed!
repetition: 42252
>passed!
repetition: 42253
>passed!
repetition: 42254
>passed!
repetition: 42255
>passed!
repetition: 42256
>passed!
repetition: 42257
>passed!
repetition: 42258
>passed!
repetition: 42259
>passed!
repetition: 42260
>passed!
repetition: 42261
>passed!
repetition: 42262
>passed!
repetition: 42263
>passed!
repetition: 42264
>passed!
repetition: 42265
>passed!
repetition: 42266
>passed!
repetition: 42267
>passed!
repetition: 42268
>passed!
repetition: 42269
>passed!
repetition: 42270
>passed!
repetition: 42271
>passed!
repetition: 42272
>passed!
repetition: 42273
>passed!
repetition: 42274
>passed!
repetition: 42275
>passed!
repetition: 42276
>passed!
repetition: 42277
>passed!
repetition: 42278
>passed!
repetition: 42279
>passed!
repetition: 42280
>passed!
repetition: 42281
>passed!
repetition: 42282
>passed!
repetition: 42283
>passed!
repetition: 42284
>passed!
repetition: 42285
>passed!
repetition: 42286
>passed!
repetition: 42287
>passed!
repetition: 42288
>passed!
repetition: 42289
>passed!
repetition: 42290
>passed!
repetition: 42291
>passed!
repetition: 42292
>passed!
repetition: 42293
>passed!
repetition: 42294
>passed!
repetition: 42295
>passed!
repetition: 42296
>passed!
repetition: 42297
>passed!
repetition: 42298
>passed!
repetition: 42299
>passed!
repetition: 42300
>passed!
repetition: 42301
>passed!
repetition: 42302
>passed!
repetition: 42303
>passed!
repetition: 42304
>passed!
repetition: 42305
>passed!
repetition: 42306
>passed!
repetition: 42307
>passed!
repetition: 42308
>passed!
repetition: 42309
>passed!
repetition: 42310
>passed!
repetition: 42311
>passed!
repetition: 42312
>passed!
repetition: 42313
>passed!
repetition: 42314
>passed!
repetition: 42315
>passed!
repetition: 42316
>passed!
repetition: 42317
>passed!
repetition: 42318
>passed!
repetition: 42319
>passed!
repetition: 42320
>passed!
repetition: 42321
>passed!
repetition: 42322
>passed!
repetition: 42323
>passed!
repetition: 42324
>passed!
repetition: 42325
>passed!
repetition: 42326
>passed!
repetition: 42327
>passed!
repetition: 42328
>passed!
repetition: 42329
>passed!
repetition: 42330
>passed!
repetition: 42331
>passed!
repetition: 42332
>passed!
repetition: 42333
>passed!
repetition: 42334
>passed!
repetition: 42335
>passed!
repetition: 42336
>passed!
repetition: 42337
>passed!
repetition: 42338
>passed!
repetition: 42339
>passed!
repetition: 42340
>passed!
repetition: 42341
>passed!
repetition: 42342
>passed!
repetition: 42343
>passed!
repetition: 42344
>passed!
repetition: 42345
>passed!
repetition: 42346
>passed!
repetition: 42347
>passed!
repetition: 42348
>passed!
repetition: 42349
>passed!
repetition: 42350
>passed!
repetition: 42351
>passed!
repetition: 42352
>passed!
repetition: 42353
>passed!
repetition: 42354
>passed!
repetition: 42355
>passed!
repetition: 42356
>passed!
repetition: 42357
>passed!
repetition: 42358
>passed!
repetition: 42359
>passed!
repetition: 42360
>passed!
repetition: 42361
>passed!
repetition: 42362
>passed!
repetition: 42363
>passed!
repetition: 42364
>passed!
repetition: 42365
>passed!
repetition: 42366
>passed!
repetition: 42367
>passed!
repetition: 42368
>passed!
repetition: 42369
>passed!
repetition: 42370
>passed!
repetition: 42371
>passed!
repetition: 42372
>passed!
repetition: 42373
>passed!
repetition: 42374
>passed!
repetition: 42375
>passed!
repetition: 42376
>passed!
repetition: 42377
>passed!
repetition: 42378
>passed!
repetition: 42379
>passed!
repetition: 42380
>passed!
repetition: 42381
>passed!
repetition: 42382
>passed!
repetition: 42383
>passed!
repetition: 42384
>passed!
repetition: 42385
>passed!
repetition: 42386
>passed!
repetition: 42387
>passed!
repetition: 42388
>passed!
repetition: 42389
>passed!
repetition: 42390
>passed!
repetition: 42391
>passed!
repetition: 42392
>passed!
repetition: 42393
>passed!
repetition: 42394
>passed!
repetition: 42395
>passed!
repetition: 42396
>passed!
repetition: 42397
>passed!
repetition: 42398
>passed!
repetition: 42399
>passed!
repetition: 42400
>passed!
repetition: 42401
>passed!
repetition: 42402
>passed!
repetition: 42403
>passed!
repetition: 42404
>passed!
repetition: 42405
>passed!
repetition: 42406
>passed!
repetition: 42407
>passed!
repetition: 42408
>passed!
repetition: 42409
>passed!
repetition: 42410
>passed!
repetition: 42411
>passed!
repetition: 42412
>passed!
repetition: 42413
>passed!
repetition: 42414
>passed!
repetition: 42415
>passed!
repetition: 42416
>passed!
repetition: 42417
>passed!
repetition: 42418
>passed!
repetition: 42419
>passed!
repetition: 42420
>passed!
repetition: 42421
>passed!
repetition: 42422
>passed!
repetition: 42423
>passed!
repetition: 42424
>passed!
repetition: 42425
>passed!
repetition: 42426
>passed!
repetition: 42427
>passed!
repetition: 42428
>passed!
repetition: 42429
>passed!
repetition: 42430
>passed!
repetition: 42431
>passed!
repetition: 42432
>passed!
repetition: 42433
>passed!
repetition: 42434
>passed!
repetition: 42435
>passed!
repetition: 42436
>passed!
repetition: 42437
>passed!
repetition: 42438
>passed!
repetition: 42439
>passed!
repetition: 42440
>passed!
repetition: 42441
>passed!
repetition: 42442
>passed!
repetition: 42443
>passed!
repetition: 42444
>passed!
repetition: 42445
>passed!
repetition: 42446
>passed!
repetition: 42447
>passed!
repetition: 42448
>passed!
repetition: 42449
>passed!
repetition: 42450
>passed!
repetition: 42451
>passed!
repetition: 42452
>passed!
repetition: 42453
>passed!
repetition: 42454
>passed!
repetition: 42455
>passed!
repetition: 42456
>passed!
repetition: 42457
>passed!
repetition: 42458
>passed!
repetition: 42459
>passed!
repetition: 42460
>passed!
repetition: 42461
>passed!
repetition: 42462
>passed!
repetition: 42463
>passed!
repetition: 42464
>passed!
repetition: 42465
>passed!
repetition: 42466
>passed!
repetition: 42467
>passed!
repetition: 42468
>passed!
repetition: 42469
>passed!
repetition: 42470
>passed!
repetition: 42471
>passed!
repetition: 42472
>passed!
repetition: 42473
>passed!
repetition: 42474
>passed!
repetition: 42475
>passed!
repetition: 42476
>passed!
repetition: 42477
>passed!
repetition: 42478
>passed!
repetition: 42479
>passed!
repetition: 42480
>passed!
repetition: 42481
>passed!
repetition: 42482
>passed!
repetition: 42483
>passed!
repetition: 42484
>passed!
repetition: 42485
>passed!
repetition: 42486
>passed!
repetition: 42487
>passed!
repetition: 42488
>passed!
repetition: 42489
>passed!
repetition: 42490
>passed!
repetition: 42491
>passed!
repetition: 42492
>passed!
repetition: 42493
>passed!
repetition: 42494
>passed!
repetition: 42495
>passed!
repetition: 42496
>passed!
repetition: 42497
>passed!
repetition: 42498
>passed!
repetition: 42499
>passed!
repetition: 42500
>passed!
repetition: 42501
>passed!
repetition: 42502
>passed!
repetition: 42503
>passed!
repetition: 42504
>passed!
repetition: 42505
>passed!
repetition: 42506
>passed!
repetition: 42507
>passed!
repetition: 42508
>passed!
repetition: 42509
>passed!
repetition: 42510
>passed!
repetition: 42511
>passed!
repetition: 42512
>passed!
repetition: 42513
>passed!
repetition: 42514
>passed!
repetition: 42515
>passed!
repetition: 42516
>passed!
repetition: 42517
>passed!
repetition: 42518
>passed!
repetition: 42519
>passed!
repetition: 42520
>passed!
repetition: 42521
>passed!
repetition: 42522
>passed!
repetition: 42523
>passed!
repetition: 42524
>passed!
repetition: 42525
>passed!
repetition: 42526
>passed!
repetition: 42527
>passed!
repetition: 42528
>passed!
repetition: 42529
>passed!
repetition: 42530
>passed!
repetition: 42531
>passed!
repetition: 42532
>passed!
repetition: 42533
>passed!
repetition: 42534
>passed!
repetition: 42535
>passed!
repetition: 42536
>passed!
repetition: 42537
>passed!
repetition: 42538
>passed!
repetition: 42539
>passed!
repetition: 42540
>passed!
repetition: 42541
>passed!
repetition: 42542
>passed!
repetition: 42543
>passed!
repetition: 42544
>passed!
repetition: 42545
>passed!
repetition: 42546
>passed!
repetition: 42547
>passed!
repetition: 42548
>passed!
repetition: 42549
>passed!
repetition: 42550
>passed!
repetition: 42551
>passed!
repetition: 42552
>passed!
repetition: 42553
>passed!
repetition: 42554
>passed!
repetition: 42555
>passed!
repetition: 42556
>passed!
repetition: 42557
>passed!
repetition: 42558
>passed!
repetition: 42559
>passed!
repetition: 42560
>passed!
repetition: 42561
>passed!
repetition: 42562
>passed!
repetition: 42563
>passed!
repetition: 42564
>passed!
repetition: 42565
>passed!
repetition: 42566
>passed!
repetition: 42567
>passed!
repetition: 42568
>passed!
repetition: 42569
>passed!
repetition: 42570
>passed!
repetition: 42571
>passed!
repetition: 42572
>passed!
repetition: 42573
>passed!
repetition: 42574
>passed!
repetition: 42575
>passed!
repetition: 42576
>passed!
repetition: 42577
>passed!
repetition: 42578
>passed!
repetition: 42579
>passed!
repetition: 42580
>passed!
repetition: 42581
>passed!
repetition: 42582
>passed!
repetition: 42583
>passed!
repetition: 42584
>passed!
repetition: 42585
>passed!
repetition: 42586
>passed!
repetition: 42587
>passed!
repetition: 42588
>passed!
repetition: 42589
>passed!
repetition: 42590
>passed!
repetition: 42591
>passed!
repetition: 42592
>passed!
repetition: 42593
>passed!
repetition: 42594
>passed!
repetition: 42595
>passed!
repetition: 42596
>passed!
repetition: 42597
>passed!
repetition: 42598
>passed!
repetition: 42599
>passed!
repetition: 42600
>passed!
repetition: 42601
>passed!
repetition: 42602
>passed!
repetition: 42603
>passed!
repetition: 42604
>passed!
repetition: 42605
>passed!
repetition: 42606
>passed!
repetition: 42607
>passed!
repetition: 42608
>passed!
repetition: 42609
>passed!
repetition: 42610
>passed!
repetition: 42611
>passed!
repetition: 42612
>passed!
repetition: 42613
>passed!
repetition: 42614
>passed!
repetition: 42615
>passed!
repetition: 42616
>passed!
repetition: 42617
>passed!
repetition: 42618
>passed!
repetition: 42619
>passed!
repetition: 42620
>passed!
repetition: 42621
>passed!
repetition: 42622
>passed!
repetition: 42623
>passed!
repetition: 42624
>passed!
repetition: 42625
>passed!
repetition: 42626
>passed!
repetition: 42627
>passed!
repetition: 42628
>passed!
repetition: 42629
>passed!
repetition: 42630
>passed!
repetition: 42631
>passed!
repetition: 42632
>passed!
repetition: 42633
>passed!
repetition: 42634
>passed!
repetition: 42635
>passed!
repetition: 42636
>passed!
repetition: 42637
>passed!
repetition: 42638
>passed!
repetition: 42639
>passed!
repetition: 42640
>passed!
repetition: 42641
>passed!
repetition: 42642
>passed!
repetition: 42643
>passed!
repetition: 42644
>passed!
repetition: 42645
>passed!
repetition: 42646
>passed!
repetition: 42647
>passed!
repetition: 42648
>passed!
repetition: 42649
>passed!
repetition: 42650
>passed!
repetition: 42651
>passed!
repetition: 42652
>passed!
repetition: 42653
>passed!
repetition: 42654
>passed!
repetition: 42655
>passed!
repetition: 42656
>passed!
repetition: 42657
>passed!
repetition: 42658
>passed!
repetition: 42659
>passed!
repetition: 42660
>passed!
repetition: 42661
>passed!
repetition: 42662
>passed!
repetition: 42663
>passed!
repetition: 42664
>passed!
repetition: 42665
>passed!
repetition: 42666
>passed!
repetition: 42667
>passed!
repetition: 42668
>passed!
repetition: 42669
>passed!
repetition: 42670
>passed!
repetition: 42671
>passed!
repetition: 42672
>passed!
repetition: 42673
>passed!
repetition: 42674
>passed!
repetition: 42675
>passed!
repetition: 42676
>passed!
repetition: 42677
>passed!
repetition: 42678
>passed!
repetition: 42679
>passed!
repetition: 42680
>passed!
repetition: 42681
>passed!
repetition: 42682
>passed!
repetition: 42683
>passed!
repetition: 42684
>passed!
repetition: 42685
>passed!
repetition: 42686
>passed!
repetition: 42687
>passed!
repetition: 42688
>passed!
repetition: 42689
>passed!
repetition: 42690
>passed!
repetition: 42691
>passed!
repetition: 42692
>passed!
repetition: 42693
>passed!
repetition: 42694
>passed!
repetition: 42695
>passed!
repetition: 42696
>passed!
repetition: 42697
>passed!
repetition: 42698
>passed!
repetition: 42699
>passed!
repetition: 42700
>passed!
repetition: 42701
>passed!
repetition: 42702
>passed!
repetition: 42703
>passed!
repetition: 42704
>passed!
repetition: 42705
>passed!
repetition: 42706
>passed!
repetition: 42707
>passed!
repetition: 42708
>passed!
repetition: 42709
>passed!
repetition: 42710
>passed!
repetition: 42711
>passed!
repetition: 42712
>passed!
repetition: 42713
>passed!
repetition: 42714
>passed!
repetition: 42715
>passed!
repetition: 42716
>passed!
repetition: 42717
>passed!
repetition: 42718
>passed!
repetition: 42719
>passed!
repetition: 42720
>passed!
repetition: 42721
>passed!
repetition: 42722
>passed!
repetition: 42723
>passed!
repetition: 42724
>passed!
repetition: 42725
>passed!
repetition: 42726
>passed!
repetition: 42727
>passed!
repetition: 42728
>passed!
repetition: 42729
>passed!
repetition: 42730
>passed!
repetition: 42731
>passed!
repetition: 42732
>passed!
repetition: 42733
>passed!
repetition: 42734
>passed!
repetition: 42735
>passed!
repetition: 42736
>passed!
repetition: 42737
>passed!
repetition: 42738
>passed!
repetition: 42739
>passed!
repetition: 42740
>passed!
repetition: 42741
>passed!
repetition: 42742
>passed!
repetition: 42743
>passed!
repetition: 42744
>passed!
repetition: 42745
>passed!
repetition: 42746
>passed!
repetition: 42747
>passed!
repetition: 42748
>passed!
repetition: 42749
>passed!
repetition: 42750
>passed!
repetition: 42751
>passed!
repetition: 42752
>passed!
repetition: 42753
>passed!
repetition: 42754
>passed!
repetition: 42755
>passed!
repetition: 42756
>passed!
repetition: 42757
>passed!
repetition: 42758
>passed!
repetition: 42759
>passed!
repetition: 42760
>passed!
repetition: 42761
>passed!
repetition: 42762
>passed!
repetition: 42763
>passed!
repetition: 42764
>passed!
repetition: 42765
>passed!
repetition: 42766
>passed!
repetition: 42767
>passed!
repetition: 42768
>passed!
repetition: 42769
>passed!
repetition: 42770
>passed!
repetition: 42771
>passed!
repetition: 42772
>passed!
repetition: 42773
>passed!
repetition: 42774
>passed!
repetition: 42775
>passed!
repetition: 42776
>passed!
repetition: 42777
>passed!
repetition: 42778
>passed!
repetition: 42779
>passed!
repetition: 42780
>passed!
repetition: 42781
>passed!
repetition: 42782
>passed!
repetition: 42783
>passed!
repetition: 42784
>passed!
repetition: 42785
>passed!
repetition: 42786
>passed!
repetition: 42787
>passed!
repetition: 42788
>passed!
repetition: 42789
>passed!
repetition: 42790
>passed!
repetition: 42791
>passed!
repetition: 42792
>passed!
repetition: 42793
>passed!
repetition: 42794
>passed!
repetition: 42795
>passed!
repetition: 42796
>passed!
repetition: 42797
>passed!
repetition: 42798
>passed!
repetition: 42799
>passed!
repetition: 42800
>passed!
repetition: 42801
>passed!
repetition: 42802
>passed!
repetition: 42803
>passed!
repetition: 42804
>passed!
repetition: 42805
>passed!
repetition: 42806
>passed!
repetition: 42807
>passed!
repetition: 42808
>passed!
repetition: 42809
>passed!
repetition: 42810
>passed!
repetition: 42811
>passed!
repetition: 42812
>passed!
repetition: 42813
>passed!
repetition: 42814
>passed!
repetition: 42815
>passed!
repetition: 42816
>passed!
repetition: 42817
>passed!
repetition: 42818
>passed!
repetition: 42819
>passed!
repetition: 42820
>passed!
repetition: 42821
>passed!
repetition: 42822
>passed!
repetition: 42823
>passed!
repetition: 42824
>passed!
repetition: 42825
>passed!
repetition: 42826
>passed!
repetition: 42827
>passed!
repetition: 42828
>passed!
repetition: 42829
>passed!
repetition: 42830
>passed!
repetition: 42831
>passed!
repetition: 42832
>passed!
repetition: 42833
>passed!
repetition: 42834
>passed!
repetition: 42835
>passed!
repetition: 42836
>passed!
repetition: 42837
>passed!
repetition: 42838
>passed!
repetition: 42839
>passed!
repetition: 42840
>passed!
repetition: 42841
>passed!
repetition: 42842
>passed!
repetition: 42843
>passed!
repetition: 42844
>passed!
repetition: 42845
>passed!
repetition: 42846
>passed!
repetition: 42847
>passed!
repetition: 42848
>passed!
repetition: 42849
>passed!
repetition: 42850
>passed!
repetition: 42851
>passed!
repetition: 42852
>passed!
repetition: 42853
>passed!
repetition: 42854
>passed!
repetition: 42855
>passed!
repetition: 42856
>passed!
repetition: 42857
>passed!
repetition: 42858
>passed!
repetition: 42859
>passed!
repetition: 42860
>passed!
repetition: 42861
>passed!
repetition: 42862
>passed!
repetition: 42863
>passed!
repetition: 42864
>passed!
repetition: 42865
>passed!
repetition: 42866
>passed!
repetition: 42867
>passed!
repetition: 42868
>passed!
repetition: 42869
>passed!
repetition: 42870
>passed!
repetition: 42871
>passed!
repetition: 42872
>passed!
repetition: 42873
>passed!
repetition: 42874
>passed!
repetition: 42875
>passed!
repetition: 42876
>passed!
repetition: 42877
>passed!
repetition: 42878
>passed!
repetition: 42879
>passed!
repetition: 42880
>passed!
repetition: 42881
>passed!
repetition: 42882
>passed!
repetition: 42883
>passed!
repetition: 42884
>passed!
repetition: 42885
>passed!
repetition: 42886
>passed!
repetition: 42887
>passed!
repetition: 42888
>passed!
repetition: 42889
>passed!
repetition: 42890
>passed!
repetition: 42891
>passed!
repetition: 42892
>passed!
repetition: 42893
>passed!
repetition: 42894
>passed!
repetition: 42895
>passed!
repetition: 42896
>passed!
repetition: 42897
>passed!
repetition: 42898
>passed!
repetition: 42899
>passed!
repetition: 42900
>passed!
repetition: 42901
>passed!
repetition: 42902
>passed!
repetition: 42903
>passed!
repetition: 42904
>passed!
repetition: 42905
>passed!
repetition: 42906
>passed!
repetition: 42907
>passed!
repetition: 42908
>passed!
repetition: 42909
>passed!
repetition: 42910
>passed!
repetition: 42911
>passed!
repetition: 42912
>passed!
repetition: 42913
>passed!
repetition: 42914
>passed!
repetition: 42915
>passed!
repetition: 42916
>passed!
repetition: 42917
>passed!
repetition: 42918
>passed!
repetition: 42919
>passed!
repetition: 42920
>passed!
repetition: 42921
>passed!
repetition: 42922
>passed!
repetition: 42923
>passed!
repetition: 42924
>passed!
repetition: 42925
>passed!
repetition: 42926
>passed!
repetition: 42927
>passed!
repetition: 42928
>passed!
repetition: 42929
>passed!
repetition: 42930
>passed!
repetition: 42931
>passed!
repetition: 42932
>passed!
repetition: 42933
>passed!
repetition: 42934
>passed!
repetition: 42935
>passed!
repetition: 42936
>passed!
repetition: 42937
>passed!
repetition: 42938
>passed!
repetition: 42939
>passed!
repetition: 42940
>passed!
repetition: 42941
>passed!
repetition: 42942
>passed!
repetition: 42943
>passed!
repetition: 42944
>passed!
repetition: 42945
>passed!
repetition: 42946
>passed!
repetition: 42947
>passed!
repetition: 42948
>passed!
repetition: 42949
>passed!
repetition: 42950
>passed!
repetition: 42951
>passed!
repetition: 42952
>passed!
repetition: 42953
>passed!
repetition: 42954
>passed!
repetition: 42955
>passed!
repetition: 42956
>passed!
repetition: 42957
>passed!
repetition: 42958
>passed!
repetition: 42959
>passed!
repetition: 42960
>passed!
repetition: 42961
>passed!
repetition: 42962
>passed!
repetition: 42963
>passed!
repetition: 42964
>passed!
repetition: 42965
>passed!
repetition: 42966
>passed!
repetition: 42967
>passed!
repetition: 42968
>passed!
repetition: 42969
>passed!
repetition: 42970
>passed!
repetition: 42971
>passed!
repetition: 42972
>passed!
repetition: 42973
>passed!
repetition: 42974
>passed!
repetition: 42975
>passed!
repetition: 42976
>passed!
repetition: 42977
>passed!
repetition: 42978
>passed!
repetition: 42979
>passed!
repetition: 42980
>passed!
repetition: 42981
>passed!
repetition: 42982
>passed!
repetition: 42983
>passed!
repetition: 42984
>passed!
repetition: 42985
>passed!
repetition: 42986
>passed!
repetition: 42987
>passed!
repetition: 42988
>passed!
repetition: 42989
>passed!
repetition: 42990
>passed!
repetition: 42991
>passed!
repetition: 42992
>passed!
repetition: 42993
>passed!
repetition: 42994
>passed!
repetition: 42995
>passed!
repetition: 42996
>passed!
repetition: 42997
>passed!
repetition: 42998
>passed!
repetition: 42999
>passed!
repetition: 43000
>passed!
repetition: 43001
>passed!
repetition: 43002
>passed!
repetition: 43003
>passed!
repetition: 43004
>passed!
repetition: 43005
>passed!
repetition: 43006
>passed!
repetition: 43007
>passed!
repetition: 43008
>passed!
repetition: 43009
>passed!
repetition: 43010
>passed!
repetition: 43011
>passed!
repetition: 43012
>passed!
repetition: 43013
>passed!
repetition: 43014
>passed!
repetition: 43015
>passed!
repetition: 43016
>passed!
repetition: 43017
>passed!
repetition: 43018
>passed!
repetition: 43019
>passed!
repetition: 43020
>passed!
repetition: 43021
>passed!
repetition: 43022
>passed!
repetition: 43023
>passed!
repetition: 43024
>passed!
repetition: 43025
>passed!
repetition: 43026
>passed!
repetition: 43027
>passed!
repetition: 43028
>passed!
repetition: 43029
>passed!
repetition: 43030
>passed!
repetition: 43031
>passed!
repetition: 43032
>passed!
repetition: 43033
>passed!
repetition: 43034
>passed!
repetition: 43035
>passed!
repetition: 43036
>passed!
repetition: 43037
>passed!
repetition: 43038
>passed!
repetition: 43039
>passed!
repetition: 43040
>passed!
repetition: 43041
>passed!
repetition: 43042
>passed!
repetition: 43043
>passed!
repetition: 43044
>passed!
repetition: 43045
>passed!
repetition: 43046
>passed!
repetition: 43047
>passed!
repetition: 43048
>passed!
repetition: 43049
>passed!
repetition: 43050
>passed!
repetition: 43051
>passed!
repetition: 43052
>passed!
repetition: 43053
>passed!
repetition: 43054
>passed!
repetition: 43055
>passed!
repetition: 43056
>passed!
repetition: 43057
>passed!
repetition: 43058
>passed!
repetition: 43059
>passed!
repetition: 43060
>passed!
repetition: 43061
>passed!
repetition: 43062
>passed!
repetition: 43063
>passed!
repetition: 43064
>passed!
repetition: 43065
>passed!
repetition: 43066
>passed!
repetition: 43067
>passed!
repetition: 43068
>passed!
repetition: 43069
>passed!
repetition: 43070
>passed!
repetition: 43071
>passed!
repetition: 43072
>passed!
repetition: 43073
>passed!
repetition: 43074
>passed!
repetition: 43075
>passed!
repetition: 43076
>passed!
repetition: 43077
>passed!
repetition: 43078
>passed!
repetition: 43079
>passed!
repetition: 43080
>passed!
repetition: 43081
>passed!
repetition: 43082
>passed!
repetition: 43083
>passed!
repetition: 43084
>passed!
repetition: 43085
>passed!
repetition: 43086
>passed!
repetition: 43087
>passed!
repetition: 43088
>passed!
repetition: 43089
>passed!
repetition: 43090
>passed!
repetition: 43091
>passed!
repetition: 43092
>passed!
repetition: 43093
>passed!
repetition: 43094
>passed!
repetition: 43095
>passed!
repetition: 43096
>passed!
repetition: 43097
>passed!
repetition: 43098
>passed!
repetition: 43099
>passed!
repetition: 43100
>passed!
repetition: 43101
>passed!
repetition: 43102
>passed!
repetition: 43103
>passed!
repetition: 43104
>passed!
repetition: 43105
>passed!
repetition: 43106
>passed!
repetition: 43107
>passed!
repetition: 43108
>passed!
repetition: 43109
>passed!
repetition: 43110
>passed!
repetition: 43111
>passed!
repetition: 43112
>passed!
repetition: 43113
>passed!
repetition: 43114
>passed!
repetition: 43115
>passed!
repetition: 43116
>passed!
repetition: 43117
>passed!
repetition: 43118
>passed!
repetition: 43119
>passed!
repetition: 43120
>passed!
repetition: 43121
>passed!
repetition: 43122
>passed!
repetition: 43123
>passed!
repetition: 43124
>passed!
repetition: 43125
>passed!
repetition: 43126
>passed!
repetition: 43127
>passed!
repetition: 43128
>passed!
repetition: 43129
>passed!
repetition: 43130
>passed!
repetition: 43131
>passed!
repetition: 43132
>passed!
repetition: 43133
>passed!
repetition: 43134
>passed!
repetition: 43135
>passed!
repetition: 43136
>passed!
repetition: 43137
>passed!
repetition: 43138
>passed!
repetition: 43139
>passed!
repetition: 43140
>passed!
repetition: 43141
>passed!
repetition: 43142
>passed!
repetition: 43143
>passed!
repetition: 43144
>passed!
repetition: 43145
>passed!
repetition: 43146
>passed!
repetition: 43147
>passed!
repetition: 43148
>passed!
repetition: 43149
>passed!
repetition: 43150
>passed!
repetition: 43151
>passed!
repetition: 43152
>passed!
repetition: 43153
>passed!
repetition: 43154
>passed!
repetition: 43155
>passed!
repetition: 43156
>passed!
repetition: 43157
>passed!
repetition: 43158
>passed!
repetition: 43159
>passed!
repetition: 43160
>passed!
repetition: 43161
>passed!
repetition: 43162
>passed!
repetition: 43163
>passed!
repetition: 43164
>passed!
repetition: 43165
>passed!
repetition: 43166
>passed!
repetition: 43167
>passed!
repetition: 43168
>passed!
repetition: 43169
>passed!
repetition: 43170
>passed!
repetition: 43171
>passed!
repetition: 43172
>passed!
repetition: 43173
>passed!
repetition: 43174
>passed!
repetition: 43175
>passed!
repetition: 43176
>passed!
repetition: 43177
>passed!
repetition: 43178
>passed!
repetition: 43179
>passed!
repetition: 43180
>passed!
repetition: 43181
>passed!
repetition: 43182
>passed!
repetition: 43183
>passed!
repetition: 43184
>passed!
repetition: 43185
>passed!
repetition: 43186
>passed!
repetition: 43187
>passed!
repetition: 43188
>passed!
repetition: 43189
>passed!
repetition: 43190
>passed!
repetition: 43191
>passed!
repetition: 43192
>passed!
repetition: 43193
>passed!
repetition: 43194
>passed!
repetition: 43195
>passed!
repetition: 43196
>passed!
repetition: 43197
>passed!
repetition: 43198
>passed!
repetition: 43199
>passed!
repetition: 43200
>passed!
repetition: 43201
>passed!
repetition: 43202
>passed!
repetition: 43203
>passed!
repetition: 43204
>passed!
repetition: 43205
>passed!
repetition: 43206
>passed!
repetition: 43207
>passed!
repetition: 43208
>passed!
repetition: 43209
>passed!
repetition: 43210
>passed!
repetition: 43211
>passed!
repetition: 43212
>passed!
repetition: 43213
>passed!
repetition: 43214
>passed!
repetition: 43215
>passed!
repetition: 43216
>passed!
repetition: 43217
>passed!
repetition: 43218
>passed!
repetition: 43219
>passed!
repetition: 43220
>passed!
repetition: 43221
>passed!
repetition: 43222
>passed!
repetition: 43223
>passed!
repetition: 43224
>passed!
repetition: 43225
>passed!
repetition: 43226
>passed!
repetition: 43227
>passed!
repetition: 43228
>passed!
repetition: 43229
>passed!
repetition: 43230
>passed!
repetition: 43231
>passed!
repetition: 43232
>passed!
repetition: 43233
>passed!
repetition: 43234
>passed!
repetition: 43235
>passed!
repetition: 43236
>passed!
repetition: 43237
>passed!
repetition: 43238
>passed!
repetition: 43239
>passed!
repetition: 43240
>passed!
repetition: 43241
>passed!
repetition: 43242
>passed!
repetition: 43243
>passed!
repetition: 43244
>passed!
repetition: 43245
>passed!
repetition: 43246
>passed!
repetition: 43247
>passed!
repetition: 43248
>passed!
repetition: 43249
>passed!
repetition: 43250
>passed!
repetition: 43251
>passed!
repetition: 43252
>passed!
repetition: 43253
>passed!
repetition: 43254
>passed!
repetition: 43255
>passed!
repetition: 43256
>passed!
repetition: 43257
>passed!
repetition: 43258
>passed!
repetition: 43259
>passed!
repetition: 43260
>passed!
repetition: 43261
>passed!
repetition: 43262
>passed!
repetition: 43263
>passed!
repetition: 43264
>passed!
repetition: 43265
>passed!
repetition: 43266
>passed!
repetition: 43267
>passed!
repetition: 43268
>passed!
repetition: 43269
>passed!
repetition: 43270
>passed!
repetition: 43271
>passed!
repetition: 43272
>passed!
repetition: 43273
>passed!
repetition: 43274
>passed!
repetition: 43275
>passed!
repetition: 43276
>passed!
repetition: 43277
>passed!
repetition: 43278
>passed!
repetition: 43279
>passed!
repetition: 43280
>passed!
repetition: 43281
>passed!
repetition: 43282
>passed!
repetition: 43283
>passed!
repetition: 43284
>passed!
repetition: 43285
>passed!
repetition: 43286
>passed!
repetition: 43287
>passed!
repetition: 43288
>passed!
repetition: 43289
>passed!
repetition: 43290
>passed!
repetition: 43291
>passed!
repetition: 43292
>passed!
repetition: 43293
>passed!
repetition: 43294
>passed!
repetition: 43295
>passed!
repetition: 43296
>passed!
repetition: 43297
>passed!
repetition: 43298
>passed!
repetition: 43299
>passed!
repetition: 43300
>passed!
repetition: 43301
>passed!
repetition: 43302
>passed!
repetition: 43303
>passed!
repetition: 43304
>passed!
repetition: 43305
>passed!
repetition: 43306
>passed!
repetition: 43307
>passed!
repetition: 43308
>passed!
repetition: 43309
>passed!
repetition: 43310
>passed!
repetition: 43311
>passed!
repetition: 43312
>passed!
repetition: 43313
>passed!
repetition: 43314
>passed!
repetition: 43315
>passed!
repetition: 43316
>passed!
repetition: 43317
>passed!
repetition: 43318
>passed!
repetition: 43319
>passed!
repetition: 43320
>passed!
repetition: 43321
>passed!
repetition: 43322
>passed!
repetition: 43323
>passed!
repetition: 43324
>passed!
repetition: 43325
>passed!
repetition: 43326
>passed!
repetition: 43327
>passed!
repetition: 43328
>passed!
repetition: 43329
>passed!
repetition: 43330
>passed!
repetition: 43331
>passed!
repetition: 43332
>passed!
repetition: 43333
>passed!
repetition: 43334
>passed!
repetition: 43335
>passed!
repetition: 43336
>passed!
repetition: 43337
>passed!
repetition: 43338
>passed!
repetition: 43339
>passed!
repetition: 43340
>passed!
repetition: 43341
>passed!
repetition: 43342
>passed!
repetition: 43343
>passed!
repetition: 43344
>passed!
repetition: 43345
>passed!
repetition: 43346
>passed!
repetition: 43347
>passed!
repetition: 43348
>passed!
repetition: 43349
>passed!
repetition: 43350
>passed!
repetition: 43351
>passed!
repetition: 43352
>passed!
repetition: 43353
>passed!
repetition: 43354
>passed!
repetition: 43355
>passed!
repetition: 43356
>passed!
repetition: 43357
>passed!
repetition: 43358
>passed!
repetition: 43359
>passed!
repetition: 43360
>passed!
repetition: 43361
>passed!
repetition: 43362
>passed!
repetition: 43363
>passed!
repetition: 43364
>passed!
repetition: 43365
>passed!
repetition: 43366
>passed!
repetition: 43367
>passed!
repetition: 43368
>passed!
repetition: 43369
>passed!
repetition: 43370
>passed!
repetition: 43371
>passed!
repetition: 43372
>passed!
repetition: 43373
>passed!
repetition: 43374
>passed!
repetition: 43375
>passed!
repetition: 43376
>passed!
repetition: 43377
>passed!
repetition: 43378
>passed!
repetition: 43379
>passed!
repetition: 43380
>passed!
repetition: 43381
>passed!
repetition: 43382
>passed!
repetition: 43383
>passed!
repetition: 43384
>passed!
repetition: 43385
>passed!
repetition: 43386
>passed!
repetition: 43387
>passed!
repetition: 43388
>passed!
repetition: 43389
>passed!
repetition: 43390
>passed!
repetition: 43391
>passed!
repetition: 43392
>passed!
repetition: 43393
>passed!
repetition: 43394
>passed!
repetition: 43395
>passed!
repetition: 43396
>passed!
repetition: 43397
>passed!
repetition: 43398
>passed!
repetition: 43399
>passed!
repetition: 43400
>passed!
repetition: 43401
>passed!
repetition: 43402
>passed!
repetition: 43403
>passed!
repetition: 43404
>passed!
repetition: 43405
>passed!
repetition: 43406
>passed!
repetition: 43407
>passed!
repetition: 43408
>passed!
repetition: 43409
>passed!
repetition: 43410
>passed!
repetition: 43411
>passed!
repetition: 43412
>passed!
repetition: 43413
>passed!
repetition: 43414
>passed!
repetition: 43415
>passed!
repetition: 43416
>passed!
repetition: 43417
>passed!
repetition: 43418
>passed!
repetition: 43419
>passed!
repetition: 43420
>passed!
repetition: 43421
>passed!
repetition: 43422
>passed!
repetition: 43423
>passed!
repetition: 43424
>passed!
repetition: 43425
>passed!
repetition: 43426
>passed!
repetition: 43427
>passed!
repetition: 43428
>passed!
repetition: 43429
>passed!
repetition: 43430
>passed!
repetition: 43431
>passed!
repetition: 43432
>passed!
repetition: 43433
>passed!
repetition: 43434
>passed!
repetition: 43435
>passed!
repetition: 43436
>passed!
repetition: 43437
>passed!
repetition: 43438
>passed!
repetition: 43439
>passed!
repetition: 43440
>passed!
repetition: 43441
>passed!
repetition: 43442
>passed!
repetition: 43443
>passed!
repetition: 43444
>passed!
repetition: 43445
>passed!
repetition: 43446
>passed!
repetition: 43447
>passed!
repetition: 43448
>passed!
repetition: 43449
>passed!
repetition: 43450
>passed!
repetition: 43451
>passed!
repetition: 43452
>passed!
repetition: 43453
>passed!
repetition: 43454
>passed!
repetition: 43455
>passed!
repetition: 43456
>passed!
repetition: 43457
>passed!
repetition: 43458
>passed!
repetition: 43459
>passed!
repetition: 43460
>passed!
repetition: 43461
>passed!
repetition: 43462
>passed!
repetition: 43463
>passed!
repetition: 43464
>passed!
repetition: 43465
>passed!
repetition: 43466
>passed!
repetition: 43467
>passed!
repetition: 43468
>passed!
repetition: 43469
>passed!
repetition: 43470
>passed!
repetition: 43471
>passed!
repetition: 43472
>passed!
repetition: 43473
>passed!
repetition: 43474
>passed!
repetition: 43475
>passed!
repetition: 43476
>passed!
repetition: 43477
>passed!
repetition: 43478
>passed!
repetition: 43479
>passed!
repetition: 43480
>passed!
repetition: 43481
>passed!
repetition: 43482
>passed!
repetition: 43483
>passed!
repetition: 43484
>passed!
repetition: 43485
>passed!
repetition: 43486
>passed!
repetition: 43487
>passed!
repetition: 43488
>passed!
repetition: 43489
>passed!
repetition: 43490
>passed!
repetition: 43491
>passed!
repetition: 43492
>passed!
repetition: 43493
>passed!
repetition: 43494
>passed!
repetition: 43495
>passed!
repetition: 43496
>passed!
repetition: 43497
>passed!
repetition: 43498
>passed!
repetition: 43499
>passed!
repetition: 43500
>passed!
repetition: 43501
>passed!
repetition: 43502
>passed!
repetition: 43503
>passed!
repetition: 43504
>passed!
repetition: 43505
>passed!
repetition: 43506
>passed!
repetition: 43507
>passed!
repetition: 43508
>passed!
repetition: 43509
>passed!
repetition: 43510
>passed!
repetition: 43511
>passed!
repetition: 43512
>passed!
repetition: 43513
>passed!
repetition: 43514
>passed!
repetition: 43515
>passed!
repetition: 43516
>passed!
repetition: 43517
>passed!
repetition: 43518
>passed!
repetition: 43519
>passed!
repetition: 43520
>passed!
repetition: 43521
>passed!
repetition: 43522
>passed!
repetition: 43523
>passed!
repetition: 43524
>passed!
repetition: 43525
>passed!
repetition: 43526
>passed!
repetition: 43527
>passed!
repetition: 43528
>passed!
repetition: 43529
>passed!
repetition: 43530
>passed!
repetition: 43531
>passed!
repetition: 43532
>passed!
repetition: 43533
>passed!
repetition: 43534
>passed!
repetition: 43535
>passed!
repetition: 43536
>passed!
repetition: 43537
>passed!
repetition: 43538
>passed!
repetition: 43539
>passed!
repetition: 43540
>passed!
repetition: 43541
>passed!
repetition: 43542
>passed!
repetition: 43543
>passed!
repetition: 43544
>passed!
repetition: 43545
>passed!
repetition: 43546
>passed!
repetition: 43547
>passed!
repetition: 43548
>passed!
repetition: 43549
>passed!
repetition: 43550
>passed!
repetition: 43551
>passed!
repetition: 43552
>passed!
repetition: 43553
>passed!
repetition: 43554
>passed!
repetition: 43555
>passed!
repetition: 43556
>passed!
repetition: 43557
>passed!
repetition: 43558
>passed!
repetition: 43559
>passed!
repetition: 43560
>passed!
repetition: 43561
>passed!
repetition: 43562
>passed!
repetition: 43563
>passed!
repetition: 43564
>passed!
repetition: 43565
>passed!
repetition: 43566
>passed!
repetition: 43567
>passed!
repetition: 43568
>passed!
repetition: 43569
>passed!
repetition: 43570
>passed!
repetition: 43571
>passed!
repetition: 43572
>passed!
repetition: 43573
>passed!
repetition: 43574
>passed!
repetition: 43575
>passed!
repetition: 43576
>passed!
repetition: 43577
>passed!
repetition: 43578
>passed!
repetition: 43579
>passed!
repetition: 43580
>passed!
repetition: 43581
>passed!
repetition: 43582
>passed!
repetition: 43583
>passed!
repetition: 43584
>passed!
repetition: 43585
>passed!
repetition: 43586
>passed!
repetition: 43587
>passed!
repetition: 43588
>passed!
repetition: 43589
>passed!
repetition: 43590
>passed!
repetition: 43591
>passed!
repetition: 43592
>passed!
repetition: 43593
>passed!
repetition: 43594
>passed!
repetition: 43595
>passed!
repetition: 43596
>passed!
repetition: 43597
>passed!
repetition: 43598
>passed!
repetition: 43599
>passed!
repetition: 43600
>passed!
repetition: 43601
>passed!
repetition: 43602
>passed!
repetition: 43603
>passed!
repetition: 43604
>passed!
repetition: 43605
>passed!
repetition: 43606
>passed!
repetition: 43607
>passed!
repetition: 43608
>passed!
repetition: 43609
>passed!
repetition: 43610
>passed!
repetition: 43611
>passed!
repetition: 43612
>passed!
repetition: 43613
>passed!
repetition: 43614
>passed!
repetition: 43615
>passed!
repetition: 43616
>passed!
repetition: 43617
>passed!
repetition: 43618
>passed!
repetition: 43619
>passed!
repetition: 43620
>passed!
repetition: 43621
>passed!
repetition: 43622
>passed!
repetition: 43623
>passed!
repetition: 43624
>passed!
repetition: 43625
>passed!
repetition: 43626
>passed!
repetition: 43627
>passed!
repetition: 43628
>passed!
repetition: 43629
>passed!
repetition: 43630
>passed!
repetition: 43631
>passed!
repetition: 43632
>passed!
repetition: 43633
>passed!
repetition: 43634
>passed!
repetition: 43635
>passed!
repetition: 43636
>passed!
repetition: 43637
>passed!
repetition: 43638
>passed!
repetition: 43639
>passed!
repetition: 43640
>passed!
repetition: 43641
>passed!
repetition: 43642
>passed!
repetition: 43643
>passed!
repetition: 43644
>passed!
repetition: 43645
>passed!
repetition: 43646
>passed!
repetition: 43647
>passed!
repetition: 43648
>passed!
repetition: 43649
>passed!
repetition: 43650
>passed!
repetition: 43651
>passed!
repetition: 43652
>passed!
repetition: 43653
>passed!
repetition: 43654
>passed!
repetition: 43655
>passed!
repetition: 43656
>passed!
repetition: 43657
>passed!
repetition: 43658
>passed!
repetition: 43659
>passed!
repetition: 43660
>passed!
repetition: 43661
>passed!
repetition: 43662
>passed!
repetition: 43663
>passed!
repetition: 43664
>passed!
repetition: 43665
>passed!
repetition: 43666
>passed!
repetition: 43667
>passed!
repetition: 43668
>passed!
repetition: 43669
>passed!
repetition: 43670
>passed!
repetition: 43671
>passed!
repetition: 43672
>passed!
repetition: 43673
>passed!
repetition: 43674
>passed!
repetition: 43675
>passed!
repetition: 43676
>passed!
repetition: 43677
>passed!
repetition: 43678
>passed!
repetition: 43679
>passed!
repetition: 43680
>passed!
repetition: 43681
>passed!
repetition: 43682
>passed!
repetition: 43683
>passed!
repetition: 43684
>passed!
repetition: 43685
>passed!
repetition: 43686
>passed!
repetition: 43687
>passed!
repetition: 43688
>passed!
repetition: 43689
>passed!
repetition: 43690
>passed!
repetition: 43691
>passed!
repetition: 43692
>passed!
repetition: 43693
>passed!
repetition: 43694
>passed!
repetition: 43695
>passed!
repetition: 43696
>passed!
repetition: 43697
>passed!
repetition: 43698
>passed!
repetition: 43699
>passed!
repetition: 43700
>passed!
repetition: 43701
>passed!
repetition: 43702
>passed!
repetition: 43703
>passed!
repetition: 43704
>passed!
repetition: 43705
>passed!
repetition: 43706
>passed!
repetition: 43707
>passed!
repetition: 43708
>passed!
repetition: 43709
>passed!
repetition: 43710
>passed!
repetition: 43711
>passed!
repetition: 43712
>passed!
repetition: 43713
>passed!
repetition: 43714
>passed!
repetition: 43715
>passed!
repetition: 43716
>passed!
repetition: 43717
>passed!
repetition: 43718
>passed!
repetition: 43719
>passed!
repetition: 43720
>passed!
repetition: 43721
>passed!
repetition: 43722
>passed!
repetition: 43723
>passed!
repetition: 43724
>passed!
repetition: 43725
>passed!
repetition: 43726
>passed!
repetition: 43727
>passed!
repetition: 43728
>passed!
repetition: 43729
>passed!
repetition: 43730
>passed!
repetition: 43731
>passed!
repetition: 43732
>passed!
repetition: 43733
>passed!
repetition: 43734
>passed!
repetition: 43735
>passed!
repetition: 43736
>passed!
repetition: 43737
>passed!
repetition: 43738
>passed!
repetition: 43739
>passed!
repetition: 43740
>passed!
repetition: 43741
>passed!
repetition: 43742
>passed!
repetition: 43743
>passed!
repetition: 43744
>passed!
repetition: 43745
>passed!
repetition: 43746
>passed!
repetition: 43747
>passed!
repetition: 43748
>passed!
repetition: 43749
>passed!
repetition: 43750
>passed!
repetition: 43751
>passed!
repetition: 43752
>passed!
repetition: 43753
>passed!
repetition: 43754
>passed!
repetition: 43755
>passed!
repetition: 43756
>passed!
repetition: 43757
>passed!
repetition: 43758
>passed!
repetition: 43759
>passed!
repetition: 43760
>passed!
repetition: 43761
>passed!
repetition: 43762
>passed!
repetition: 43763
>passed!
repetition: 43764
>passed!
repetition: 43765
>passed!
repetition: 43766
>passed!
repetition: 43767
>passed!
repetition: 43768
>passed!
repetition: 43769
>passed!
repetition: 43770
>passed!
repetition: 43771
>passed!
repetition: 43772
>passed!
repetition: 43773
>passed!
repetition: 43774
>passed!
repetition: 43775
>passed!
repetition: 43776
>passed!
repetition: 43777
>passed!
repetition: 43778
>passed!
repetition: 43779
>passed!
repetition: 43780
>passed!
repetition: 43781
>passed!
repetition: 43782
>passed!
repetition: 43783
>passed!
repetition: 43784
>passed!
repetition: 43785
>passed!
repetition: 43786
>passed!
repetition: 43787
>passed!
repetition: 43788
>passed!
repetition: 43789
>passed!
repetition: 43790
>passed!
repetition: 43791
>passed!
repetition: 43792
>passed!
repetition: 43793
>passed!
repetition: 43794
>passed!
repetition: 43795
>passed!
repetition: 43796
>passed!
repetition: 43797
>passed!
repetition: 43798
>passed!
repetition: 43799
>passed!
repetition: 43800
>passed!
repetition: 43801
>passed!
repetition: 43802
>passed!
repetition: 43803
>passed!
repetition: 43804
>passed!
repetition: 43805
>passed!
repetition: 43806
>passed!
repetition: 43807
>passed!
repetition: 43808
>passed!
repetition: 43809
>passed!
repetition: 43810
>passed!
repetition: 43811
>passed!
repetition: 43812
>passed!
repetition: 43813
>passed!
repetition: 43814
>passed!
repetition: 43815
>passed!
repetition: 43816
>passed!
repetition: 43817
>passed!
repetition: 43818
>passed!
repetition: 43819
>passed!
repetition: 43820
>passed!
repetition: 43821
>passed!
repetition: 43822
>passed!
repetition: 43823
>passed!
repetition: 43824
>passed!
repetition: 43825
>passed!
repetition: 43826
>passed!
repetition: 43827
>passed!
repetition: 43828
>passed!
repetition: 43829
>passed!
repetition: 43830
>passed!
repetition: 43831
>passed!
repetition: 43832
>passed!
repetition: 43833
>passed!
repetition: 43834
>passed!
repetition: 43835
>passed!
repetition: 43836
>passed!
repetition: 43837
>passed!
repetition: 43838
>passed!
repetition: 43839
>passed!
repetition: 43840
>passed!
repetition: 43841
>passed!
repetition: 43842
>passed!
repetition: 43843
>passed!
repetition: 43844
>passed!
repetition: 43845
>passed!
repetition: 43846
>passed!
repetition: 43847
>passed!
repetition: 43848
>passed!
repetition: 43849
>passed!
repetition: 43850
>passed!
repetition: 43851
>passed!
repetition: 43852
>passed!
repetition: 43853
>passed!
repetition: 43854
>passed!
repetition: 43855
>passed!
repetition: 43856
>passed!
repetition: 43857
>passed!
repetition: 43858
>passed!
repetition: 43859
>passed!
repetition: 43860
>passed!
repetition: 43861
>passed!
repetition: 43862
>passed!
repetition: 43863
>passed!
repetition: 43864
>passed!
repetition: 43865
>passed!
repetition: 43866
>passed!
repetition: 43867
>passed!
repetition: 43868
>passed!
repetition: 43869
>passed!
repetition: 43870
>passed!
repetition: 43871
>passed!
repetition: 43872
>passed!
repetition: 43873
>passed!
repetition: 43874
>passed!
repetition: 43875
>passed!
repetition: 43876
>passed!
repetition: 43877
>passed!
repetition: 43878
>passed!
repetition: 43879
>passed!
repetition: 43880
>passed!
repetition: 43881
>passed!
repetition: 43882
>passed!
repetition: 43883
>passed!
repetition: 43884
>passed!
repetition: 43885
>passed!
repetition: 43886
>passed!
repetition: 43887
>passed!
repetition: 43888
>passed!
repetition: 43889
>passed!
repetition: 43890
>passed!
repetition: 43891
>passed!
repetition: 43892
>passed!
repetition: 43893
>passed!
repetition: 43894
>passed!
repetition: 43895
>passed!
repetition: 43896
>passed!
repetition: 43897
>passed!
repetition: 43898
>passed!
repetition: 43899
>passed!
repetition: 43900
>passed!
repetition: 43901
>passed!
repetition: 43902
>passed!
repetition: 43903
>passed!
repetition: 43904
>passed!
repetition: 43905
>passed!
repetition: 43906
>passed!
repetition: 43907
>passed!
repetition: 43908
>passed!
repetition: 43909
>passed!
repetition: 43910
>passed!
repetition: 43911
>passed!
repetition: 43912
>passed!
repetition: 43913
>passed!
repetition: 43914
>passed!
repetition: 43915
>passed!
repetition: 43916
>passed!
repetition: 43917
>passed!
repetition: 43918
>passed!
repetition: 43919
>passed!
repetition: 43920
>passed!
repetition: 43921
>passed!
repetition: 43922
>passed!
repetition: 43923
>passed!
repetition: 43924
>passed!
repetition: 43925
>passed!
repetition: 43926
>passed!
repetition: 43927
>passed!
repetition: 43928
>passed!
repetition: 43929
>passed!
repetition: 43930
>passed!
repetition: 43931
>passed!
repetition: 43932
>passed!
repetition: 43933
>passed!
repetition: 43934
>passed!
repetition: 43935
>passed!
repetition: 43936
>passed!
repetition: 43937
>passed!
repetition: 43938
>passed!
repetition: 43939
>passed!
repetition: 43940
>passed!
repetition: 43941
>passed!
repetition: 43942
>passed!
repetition: 43943
>passed!
repetition: 43944
>passed!
repetition: 43945
>passed!
repetition: 43946
>passed!
repetition: 43947
>passed!
repetition: 43948
>passed!
repetition: 43949
>passed!
repetition: 43950
>passed!
repetition: 43951
>passed!
repetition: 43952
>passed!
repetition: 43953
>passed!
repetition: 43954
>passed!
repetition: 43955
>passed!
repetition: 43956
>passed!
repetition: 43957
>passed!
repetition: 43958
>passed!
repetition: 43959
>passed!
repetition: 43960
>passed!
repetition: 43961
>passed!
repetition: 43962
>passed!
repetition: 43963
>passed!
repetition: 43964
>passed!
repetition: 43965
>passed!
repetition: 43966
>passed!
repetition: 43967
>passed!
repetition: 43968
>passed!
repetition: 43969
>passed!
repetition: 43970
>passed!
repetition: 43971
>passed!
repetition: 43972
>passed!
repetition: 43973
>passed!
repetition: 43974
>passed!
repetition: 43975
>passed!
repetition: 43976
>passed!
repetition: 43977
>passed!
repetition: 43978
>passed!
repetition: 43979
>passed!
repetition: 43980
>passed!
repetition: 43981
>passed!
repetition: 43982
>passed!
repetition: 43983
>passed!
repetition: 43984
>passed!
repetition: 43985
>passed!
repetition: 43986
>passed!
repetition: 43987
>passed!
repetition: 43988
>passed!
repetition: 43989
>passed!
repetition: 43990
>passed!
repetition: 43991
>passed!
repetition: 43992
>passed!
repetition: 43993
>passed!
repetition: 43994
>passed!
repetition: 43995
>passed!
repetition: 43996
>passed!
repetition: 43997
>passed!
repetition: 43998
>passed!
repetition: 43999
>passed!
repetition: 44000
>passed!
repetition: 44001
>passed!
repetition: 44002
>passed!
repetition: 44003
>passed!
repetition: 44004
>passed!
repetition: 44005
>passed!
repetition: 44006
>passed!
repetition: 44007
>passed!
repetition: 44008
>passed!
repetition: 44009
>passed!
repetition: 44010
>passed!
repetition: 44011
>passed!
repetition: 44012
>passed!
repetition: 44013
>passed!
repetition: 44014
>passed!
repetition: 44015
>passed!
repetition: 44016
>passed!
repetition: 44017
>passed!
repetition: 44018
>passed!
repetition: 44019
>passed!
repetition: 44020
>passed!
repetition: 44021
>passed!
repetition: 44022
>passed!
repetition: 44023
>passed!
repetition: 44024
>passed!
repetition: 44025
>passed!
repetition: 44026
>passed!
repetition: 44027
>passed!
repetition: 44028
>passed!
repetition: 44029
>passed!
repetition: 44030
>passed!
repetition: 44031
>passed!
repetition: 44032
>passed!
repetition: 44033
>passed!
repetition: 44034
>passed!
repetition: 44035
>passed!
repetition: 44036
>passed!
repetition: 44037
>passed!
repetition: 44038
>passed!
repetition: 44039
>passed!
repetition: 44040
>passed!
repetition: 44041
>passed!
repetition: 44042
>passed!
repetition: 44043
>passed!
repetition: 44044
>passed!
repetition: 44045
>passed!
repetition: 44046
>passed!
repetition: 44047
>passed!
repetition: 44048
>passed!
repetition: 44049
>passed!
repetition: 44050
>passed!
repetition: 44051
>passed!
repetition: 44052
>passed!
repetition: 44053
>passed!
repetition: 44054
>passed!
repetition: 44055
>passed!
repetition: 44056
>passed!
repetition: 44057
>passed!
repetition: 44058
>passed!
repetition: 44059
>passed!
repetition: 44060
>passed!
repetition: 44061
>passed!
repetition: 44062
>passed!
repetition: 44063
>passed!
repetition: 44064
>passed!
repetition: 44065
>passed!
repetition: 44066
>passed!
repetition: 44067
>passed!
repetition: 44068
>passed!
repetition: 44069
>passed!
repetition: 44070
>passed!
repetition: 44071
>passed!
repetition: 44072
>passed!
repetition: 44073
>passed!
repetition: 44074
>passed!
repetition: 44075
>passed!
repetition: 44076
>passed!
repetition: 44077
>passed!
repetition: 44078
>passed!
repetition: 44079
>passed!
repetition: 44080
>passed!
repetition: 44081
>passed!
repetition: 44082
>passed!
repetition: 44083
>passed!
repetition: 44084
>passed!
repetition: 44085
>passed!
repetition: 44086
>passed!
repetition: 44087
>passed!
repetition: 44088
>passed!
repetition: 44089
>passed!
repetition: 44090
>passed!
repetition: 44091
>passed!
repetition: 44092
>passed!
repetition: 44093
>passed!
repetition: 44094
>passed!
repetition: 44095
>passed!
repetition: 44096
>passed!
repetition: 44097
>passed!
repetition: 44098
>passed!
repetition: 44099
>passed!
repetition: 44100
>passed!
repetition: 44101
>passed!
repetition: 44102
>passed!
repetition: 44103
>passed!
repetition: 44104
>passed!
repetition: 44105
>passed!
repetition: 44106
>passed!
repetition: 44107
>passed!
repetition: 44108
>passed!
repetition: 44109
>passed!
repetition: 44110
>passed!
repetition: 44111
>passed!
repetition: 44112
>passed!
repetition: 44113
>passed!
repetition: 44114
>passed!
repetition: 44115
>passed!
repetition: 44116
>passed!
repetition: 44117
>passed!
repetition: 44118
>passed!
repetition: 44119
>passed!
repetition: 44120
>passed!
repetition: 44121
>passed!
repetition: 44122
>passed!
repetition: 44123
>passed!
repetition: 44124
>passed!
repetition: 44125
>passed!
repetition: 44126
>passed!
repetition: 44127
>passed!
repetition: 44128
>passed!
repetition: 44129
>passed!
repetition: 44130
>passed!
repetition: 44131
>passed!
repetition: 44132
>passed!
repetition: 44133
>passed!
repetition: 44134
>passed!
repetition: 44135
>passed!
repetition: 44136
>passed!
repetition: 44137
>passed!
repetition: 44138
>passed!
repetition: 44139
>passed!
repetition: 44140
>passed!
repetition: 44141
>passed!
repetition: 44142
>passed!
repetition: 44143
>passed!
repetition: 44144
>passed!
repetition: 44145
>passed!
repetition: 44146
>passed!
repetition: 44147
>passed!
repetition: 44148
>passed!
repetition: 44149
>passed!
repetition: 44150
>passed!
repetition: 44151
>passed!
repetition: 44152
>passed!
repetition: 44153
>passed!
repetition: 44154
>passed!
repetition: 44155
>passed!
repetition: 44156
>passed!
repetition: 44157
>passed!
repetition: 44158
>passed!
repetition: 44159
>passed!
repetition: 44160
>passed!
repetition: 44161
>passed!
repetition: 44162
>passed!
repetition: 44163
>passed!
repetition: 44164
>passed!
repetition: 44165
>passed!
repetition: 44166
>passed!
repetition: 44167
>passed!
repetition: 44168
>passed!
repetition: 44169
>passed!
repetition: 44170
>passed!
repetition: 44171
>passed!
repetition: 44172
>passed!
repetition: 44173
>passed!
repetition: 44174
>passed!
repetition: 44175
>passed!
repetition: 44176
>passed!
repetition: 44177
>passed!
repetition: 44178
>passed!
repetition: 44179
>passed!
repetition: 44180
>passed!
repetition: 44181
>passed!
repetition: 44182
>passed!
repetition: 44183
>passed!
repetition: 44184
>passed!
repetition: 44185
>passed!
repetition: 44186
>passed!
repetition: 44187
>passed!
repetition: 44188
>passed!
repetition: 44189
>passed!
repetition: 44190
>passed!
repetition: 44191
>passed!
repetition: 44192
>passed!
repetition: 44193
>passed!
repetition: 44194
>passed!
repetition: 44195
>passed!
repetition: 44196
>passed!
repetition: 44197
>passed!
repetition: 44198
>passed!
repetition: 44199
>passed!
repetition: 44200
>passed!
repetition: 44201
>passed!
repetition: 44202
>passed!
repetition: 44203
>passed!
repetition: 44204
>passed!
repetition: 44205
>passed!
repetition: 44206
>passed!
repetition: 44207
>passed!
repetition: 44208
>passed!
repetition: 44209
>passed!
repetition: 44210
>passed!
repetition: 44211
>passed!
repetition: 44212
>passed!
repetition: 44213
>passed!
repetition: 44214
>passed!
repetition: 44215
>passed!
repetition: 44216
>passed!
repetition: 44217
>passed!
repetition: 44218
>passed!
repetition: 44219
>passed!
repetition: 44220
>passed!
repetition: 44221
>passed!
repetition: 44222
>passed!
repetition: 44223
>passed!
repetition: 44224
>passed!
repetition: 44225
>passed!
repetition: 44226
>passed!
repetition: 44227
>passed!
repetition: 44228
>passed!
repetition: 44229
>passed!
repetition: 44230
>passed!
repetition: 44231
>passed!
repetition: 44232
>passed!
repetition: 44233
>passed!
repetition: 44234
>passed!
repetition: 44235
>passed!
repetition: 44236
>passed!
repetition: 44237
>passed!
repetition: 44238
>passed!
repetition: 44239
>passed!
repetition: 44240
>passed!
repetition: 44241
>passed!
repetition: 44242
>passed!
repetition: 44243
>passed!
repetition: 44244
>passed!
repetition: 44245
>passed!
repetition: 44246
>passed!
repetition: 44247
>passed!
repetition: 44248
>passed!
repetition: 44249
>passed!
repetition: 44250
>passed!
repetition: 44251
>passed!
repetition: 44252
>passed!
repetition: 44253
>passed!
repetition: 44254
>passed!
repetition: 44255
>passed!
repetition: 44256
>passed!
repetition: 44257
>passed!
repetition: 44258
>passed!
repetition: 44259
>passed!
repetition: 44260
>passed!
repetition: 44261
>passed!
repetition: 44262
>passed!
repetition: 44263
>passed!
repetition: 44264
>passed!
repetition: 44265
>passed!
repetition: 44266
>passed!
repetition: 44267
>passed!
repetition: 44268
>passed!
repetition: 44269
>passed!
repetition: 44270
>passed!
repetition: 44271
>passed!
repetition: 44272
>passed!
repetition: 44273
>passed!
repetition: 44274
>passed!
repetition: 44275
>passed!
repetition: 44276
>passed!
repetition: 44277
>passed!
repetition: 44278
>passed!
repetition: 44279
>passed!
repetition: 44280
>passed!
repetition: 44281
>passed!
repetition: 44282
>passed!
repetition: 44283
>passed!
repetition: 44284
>passed!
repetition: 44285
>passed!
repetition: 44286
>passed!
repetition: 44287
>passed!
repetition: 44288
>passed!
repetition: 44289
>passed!
repetition: 44290
>passed!
repetition: 44291
>passed!
repetition: 44292
>passed!
repetition: 44293
>passed!
repetition: 44294
>passed!
repetition: 44295
>passed!
repetition: 44296
>passed!
repetition: 44297
>passed!
repetition: 44298
>passed!
repetition: 44299
>passed!
repetition: 44300
>passed!
repetition: 44301
>passed!
repetition: 44302
>passed!
repetition: 44303
>passed!
repetition: 44304
>passed!
repetition: 44305
>passed!
repetition: 44306
>passed!
repetition: 44307
>passed!
repetition: 44308
>passed!
repetition: 44309
>passed!
repetition: 44310
>passed!
repetition: 44311
>passed!
repetition: 44312
>passed!
repetition: 44313
>passed!
repetition: 44314
>passed!
repetition: 44315
>passed!
repetition: 44316
>passed!
repetition: 44317
>passed!
repetition: 44318
>passed!
repetition: 44319
>passed!
repetition: 44320
>passed!
repetition: 44321
>passed!
repetition: 44322
>passed!
repetition: 44323
>passed!
repetition: 44324
>passed!
repetition: 44325
>passed!
repetition: 44326
>passed!
repetition: 44327
>passed!
repetition: 44328
>passed!
repetition: 44329
>passed!
repetition: 44330
>passed!
repetition: 44331
>passed!
repetition: 44332
>passed!
repetition: 44333
>passed!
repetition: 44334
>passed!
repetition: 44335
>passed!
repetition: 44336
>passed!
repetition: 44337
>passed!
repetition: 44338
>passed!
repetition: 44339
>passed!
repetition: 44340
>passed!
repetition: 44341
>passed!
repetition: 44342
>passed!
repetition: 44343
>passed!
repetition: 44344
>passed!
repetition: 44345
>passed!
repetition: 44346
>passed!
repetition: 44347
>passed!
repetition: 44348
>passed!
repetition: 44349
>passed!
repetition: 44350
>passed!
repetition: 44351
>passed!
repetition: 44352
>passed!
repetition: 44353
>passed!
repetition: 44354
>passed!
repetition: 44355
>passed!
repetition: 44356
>passed!
repetition: 44357
>passed!
repetition: 44358
>passed!
repetition: 44359
>passed!
repetition: 44360
>passed!
repetition: 44361
>passed!
repetition: 44362
>passed!
repetition: 44363
>passed!
repetition: 44364
>passed!
repetition: 44365
>passed!
repetition: 44366
>passed!
repetition: 44367
>passed!
repetition: 44368
>passed!
repetition: 44369
>passed!
repetition: 44370
>passed!
repetition: 44371
>passed!
repetition: 44372
>passed!
repetition: 44373
>passed!
repetition: 44374
>passed!
repetition: 44375
>passed!
repetition: 44376
>passed!
repetition: 44377
>passed!
repetition: 44378
>passed!
repetition: 44379
>passed!
repetition: 44380
>passed!
repetition: 44381
>passed!
repetition: 44382
>passed!
repetition: 44383
>passed!
repetition: 44384
>passed!
repetition: 44385
>passed!
repetition: 44386
>passed!
repetition: 44387
>passed!
repetition: 44388
>passed!
repetition: 44389
>passed!
repetition: 44390
>passed!
repetition: 44391
>passed!
repetition: 44392
>passed!
repetition: 44393
>passed!
repetition: 44394
>passed!
repetition: 44395
>passed!
repetition: 44396
>passed!
repetition: 44397
>passed!
repetition: 44398
>passed!
repetition: 44399
>passed!
repetition: 44400
>passed!
repetition: 44401
>passed!
repetition: 44402
>passed!
repetition: 44403
>passed!
repetition: 44404
>passed!
repetition: 44405
>passed!
repetition: 44406
>passed!
repetition: 44407
>passed!
repetition: 44408
>passed!
repetition: 44409
>passed!
repetition: 44410
>passed!
repetition: 44411
>passed!
repetition: 44412
>passed!
repetition: 44413
>passed!
repetition: 44414
>passed!
repetition: 44415
>passed!
repetition: 44416
>passed!
repetition: 44417
>passed!
repetition: 44418
>passed!
repetition: 44419
>passed!
repetition: 44420
>passed!
repetition: 44421
>passed!
repetition: 44422
>passed!
repetition: 44423
>passed!
repetition: 44424
>passed!
repetition: 44425
>passed!
repetition: 44426
>passed!
repetition: 44427
>passed!
repetition: 44428
>passed!
repetition: 44429
>passed!
repetition: 44430
>passed!
repetition: 44431
>passed!
repetition: 44432
>passed!
repetition: 44433
>passed!
repetition: 44434
>passed!
repetition: 44435
>passed!
repetition: 44436
>passed!
repetition: 44437
>passed!
repetition: 44438
>passed!
repetition: 44439
>passed!
repetition: 44440
>passed!
repetition: 44441
>passed!
repetition: 44442
>passed!
repetition: 44443
>passed!
repetition: 44444
>passed!
repetition: 44445
>passed!
repetition: 44446
>passed!
repetition: 44447
>passed!
repetition: 44448
>passed!
repetition: 44449
>passed!
repetition: 44450
>passed!
repetition: 44451
>passed!
repetition: 44452
>passed!
repetition: 44453
>passed!
repetition: 44454
>passed!
repetition: 44455
>passed!
repetition: 44456
>passed!
repetition: 44457
>passed!
repetition: 44458
>passed!
repetition: 44459
>passed!
repetition: 44460
>passed!
repetition: 44461
>passed!
repetition: 44462
>passed!
repetition: 44463
>passed!
repetition: 44464
>passed!
repetition: 44465
>passed!
repetition: 44466
>passed!
repetition: 44467
>passed!
repetition: 44468
>passed!
repetition: 44469
>passed!
repetition: 44470
>passed!
repetition: 44471
>passed!
repetition: 44472
>passed!
repetition: 44473
>passed!
repetition: 44474
>passed!
repetition: 44475
>passed!
repetition: 44476
>passed!
repetition: 44477
>passed!
repetition: 44478
>passed!
repetition: 44479
>passed!
repetition: 44480
>passed!
repetition: 44481
>passed!
repetition: 44482
>passed!
repetition: 44483
>passed!
repetition: 44484
>passed!
repetition: 44485
>passed!
repetition: 44486
>passed!
repetition: 44487
>passed!
repetition: 44488
>passed!
repetition: 44489
>passed!
repetition: 44490
>passed!
repetition: 44491
>passed!
repetition: 44492
>passed!
repetition: 44493
>passed!
repetition: 44494
>passed!
repetition: 44495
>passed!
repetition: 44496
>passed!
repetition: 44497
>passed!
repetition: 44498
>passed!
repetition: 44499
>passed!
repetition: 44500
>passed!
repetition: 44501
>passed!
repetition: 44502
>passed!
repetition: 44503
>passed!
repetition: 44504
>passed!
repetition: 44505
>passed!
repetition: 44506
>passed!
repetition: 44507
>passed!
repetition: 44508
>passed!
repetition: 44509
>passed!
repetition: 44510
>passed!
repetition: 44511
>passed!
repetition: 44512
>passed!
repetition: 44513
>passed!
repetition: 44514
>passed!
repetition: 44515
>passed!
repetition: 44516
>passed!
repetition: 44517
>passed!
repetition: 44518
>passed!
repetition: 44519
>passed!
repetition: 44520
>passed!
repetition: 44521
>passed!
repetition: 44522
>passed!
repetition: 44523
>passed!
repetition: 44524
>passed!
repetition: 44525
>passed!
repetition: 44526
>passed!
repetition: 44527
>passed!
repetition: 44528
>passed!
repetition: 44529
>passed!
repetition: 44530
>passed!
repetition: 44531
>passed!
repetition: 44532
>passed!
repetition: 44533
>passed!
repetition: 44534
>passed!
repetition: 44535
>passed!
repetition: 44536
>passed!
repetition: 44537
>passed!
repetition: 44538
>passed!
repetition: 44539
>passed!
repetition: 44540
>passed!
repetition: 44541
>passed!
repetition: 44542
>passed!
repetition: 44543
>passed!
repetition: 44544
>passed!
repetition: 44545
>passed!
repetition: 44546
>passed!
repetition: 44547
>passed!
repetition: 44548
>passed!
repetition: 44549
>passed!
repetition: 44550
>passed!
repetition: 44551
>passed!
repetition: 44552
>passed!
repetition: 44553
>passed!
repetition: 44554
>passed!
repetition: 44555
>passed!
repetition: 44556
>passed!
repetition: 44557
>passed!
repetition: 44558
>passed!
repetition: 44559
>passed!
repetition: 44560
>passed!
repetition: 44561
>passed!
repetition: 44562
>passed!
repetition: 44563
>passed!
repetition: 44564
>passed!
repetition: 44565
>passed!
repetition: 44566
>passed!
repetition: 44567
>passed!
repetition: 44568
>passed!
repetition: 44569
>passed!
repetition: 44570
>passed!
repetition: 44571
>passed!
repetition: 44572
>passed!
repetition: 44573
>passed!
repetition: 44574
>passed!
repetition: 44575
>passed!
repetition: 44576
>passed!
repetition: 44577
>passed!
repetition: 44578
>passed!
repetition: 44579
>passed!
repetition: 44580
>passed!
repetition: 44581
>passed!
repetition: 44582
>passed!
repetition: 44583
>passed!
repetition: 44584
>passed!
repetition: 44585
>passed!
repetition: 44586
>passed!
repetition: 44587
>passed!
repetition: 44588
>passed!
repetition: 44589
>passed!
repetition: 44590
>passed!
repetition: 44591
>passed!
repetition: 44592
>passed!
repetition: 44593
>passed!
repetition: 44594
>passed!
repetition: 44595
>passed!
repetition: 44596
>passed!
repetition: 44597
>passed!
repetition: 44598
>passed!
repetition: 44599
>passed!
repetition: 44600
>passed!
repetition: 44601
>passed!
repetition: 44602
>passed!
repetition: 44603
>passed!
repetition: 44604
>passed!
repetition: 44605
>passed!
repetition: 44606
>passed!
repetition: 44607
>passed!
repetition: 44608
>passed!
repetition: 44609
>passed!
repetition: 44610
>passed!
repetition: 44611
>passed!
repetition: 44612
>passed!
repetition: 44613
>passed!
repetition: 44614
>passed!
repetition: 44615
>passed!
repetition: 44616
>passed!
repetition: 44617
>passed!
repetition: 44618
>passed!
repetition: 44619
>passed!
repetition: 44620
>passed!
repetition: 44621
>passed!
repetition: 44622
>passed!
repetition: 44623
>passed!
repetition: 44624
>passed!
repetition: 44625
>passed!
repetition: 44626
>passed!
repetition: 44627
>passed!
repetition: 44628
>passed!
repetition: 44629
>passed!
repetition: 44630
>passed!
repetition: 44631
>passed!
repetition: 44632
>passed!
repetition: 44633
>passed!
repetition: 44634
>passed!
repetition: 44635
>passed!
repetition: 44636
>passed!
repetition: 44637
>passed!
repetition: 44638
>passed!
repetition: 44639
>passed!
repetition: 44640
>passed!
repetition: 44641
>passed!
repetition: 44642
>passed!
repetition: 44643
>passed!
repetition: 44644
>passed!
repetition: 44645
>passed!
repetition: 44646
>passed!
repetition: 44647
>passed!
repetition: 44648
>passed!
repetition: 44649
>passed!
repetition: 44650
>passed!
repetition: 44651
>passed!
repetition: 44652
>passed!
repetition: 44653
>passed!
repetition: 44654
>passed!
repetition: 44655
>passed!
repetition: 44656
>passed!
repetition: 44657
>passed!
repetition: 44658
>passed!
repetition: 44659
>passed!
repetition: 44660
>passed!
repetition: 44661
>passed!
repetition: 44662
>passed!
repetition: 44663
>passed!
repetition: 44664
>passed!
repetition: 44665
>passed!
repetition: 44666
>passed!
repetition: 44667
>passed!
repetition: 44668
>passed!
repetition: 44669
>passed!
repetition: 44670
>passed!
repetition: 44671
>passed!
repetition: 44672
>passed!
repetition: 44673
>passed!
repetition: 44674
>passed!
repetition: 44675
>passed!
repetition: 44676
>passed!
repetition: 44677
>passed!
repetition: 44678
>passed!
repetition: 44679
>passed!
repetition: 44680
>passed!
repetition: 44681
>passed!
repetition: 44682
>passed!
repetition: 44683
>passed!
repetition: 44684
>passed!
repetition: 44685
>passed!
repetition: 44686
>passed!
repetition: 44687
>passed!
repetition: 44688
>passed!
repetition: 44689
>passed!
repetition: 44690
>passed!
repetition: 44691
>passed!
repetition: 44692
>passed!
repetition: 44693
>passed!
repetition: 44694
>passed!
repetition: 44695
>passed!
repetition: 44696
>passed!
repetition: 44697
>passed!
repetition: 44698
>passed!
repetition: 44699
>passed!
repetition: 44700
>passed!
repetition: 44701
>passed!
repetition: 44702
>passed!
repetition: 44703
>passed!
repetition: 44704
>passed!
repetition: 44705
>passed!
repetition: 44706
>passed!
repetition: 44707
>passed!
repetition: 44708
>passed!
repetition: 44709
>passed!
repetition: 44710
>passed!
repetition: 44711
>passed!
repetition: 44712
>passed!
repetition: 44713
>passed!
repetition: 44714
>passed!
repetition: 44715
>passed!
repetition: 44716
>passed!
repetition: 44717
>passed!
repetition: 44718
>passed!
repetition: 44719
>passed!
repetition: 44720
>passed!
repetition: 44721
>passed!
repetition: 44722
>passed!
repetition: 44723
>passed!
repetition: 44724
>passed!
repetition: 44725
>passed!
repetition: 44726
>passed!
repetition: 44727
>passed!
repetition: 44728
>passed!
repetition: 44729
>passed!
repetition: 44730
>passed!
repetition: 44731
>passed!
repetition: 44732
>passed!
repetition: 44733
>passed!
repetition: 44734
>passed!
repetition: 44735
>passed!
repetition: 44736
>passed!
repetition: 44737
>passed!
repetition: 44738
>passed!
repetition: 44739
>passed!
repetition: 44740
>passed!
repetition: 44741
>passed!
repetition: 44742
>passed!
repetition: 44743
>passed!
repetition: 44744
>passed!
repetition: 44745
>passed!
repetition: 44746
>passed!
repetition: 44747
>passed!
repetition: 44748
>passed!
repetition: 44749
>passed!
repetition: 44750
>passed!
repetition: 44751
>passed!
repetition: 44752
>passed!
repetition: 44753
>passed!
repetition: 44754
>passed!
repetition: 44755
>passed!
repetition: 44756
>passed!
repetition: 44757
>passed!
repetition: 44758
>passed!
repetition: 44759
>passed!
repetition: 44760
>passed!
repetition: 44761
>passed!
repetition: 44762
>passed!
repetition: 44763
>passed!
repetition: 44764
>passed!
repetition: 44765
>passed!
repetition: 44766
>passed!
repetition: 44767
>passed!
repetition: 44768
>passed!
repetition: 44769
>passed!
repetition: 44770
>passed!
repetition: 44771
>passed!
repetition: 44772
>passed!
repetition: 44773
>passed!
repetition: 44774
>passed!
repetition: 44775
>passed!
repetition: 44776
>passed!
repetition: 44777
>passed!
repetition: 44778
>passed!
repetition: 44779
>passed!
repetition: 44780
>passed!
repetition: 44781
>passed!
repetition: 44782
>passed!
repetition: 44783
>passed!
repetition: 44784
>passed!
repetition: 44785
>passed!
repetition: 44786
>passed!
repetition: 44787
>passed!
repetition: 44788
>passed!
repetition: 44789
>passed!
repetition: 44790
>passed!
repetition: 44791
>passed!
repetition: 44792
>passed!
repetition: 44793
>passed!
repetition: 44794
>passed!
repetition: 44795
>passed!
repetition: 44796
>passed!
repetition: 44797
>passed!
repetition: 44798
>passed!
repetition: 44799
>passed!
repetition: 44800
>passed!
repetition: 44801
>passed!
repetition: 44802
>passed!
repetition: 44803
>passed!
repetition: 44804
>passed!
repetition: 44805
>passed!
repetition: 44806
>passed!
repetition: 44807
>passed!
repetition: 44808
>passed!
repetition: 44809
>passed!
repetition: 44810
>passed!
repetition: 44811
>passed!
repetition: 44812
>passed!
repetition: 44813
>passed!
repetition: 44814
>passed!
repetition: 44815
>passed!
repetition: 44816
>passed!
repetition: 44817
>passed!
repetition: 44818
>passed!
repetition: 44819
>passed!
repetition: 44820
>passed!
repetition: 44821
>passed!
repetition: 44822
>passed!
repetition: 44823
>passed!
repetition: 44824
>passed!
repetition: 44825
>passed!
repetition: 44826
>passed!
repetition: 44827
>passed!
repetition: 44828
>passed!
repetition: 44829
>passed!
repetition: 44830
>passed!
repetition: 44831
>passed!
repetition: 44832
>passed!
repetition: 44833
>passed!
repetition: 44834
>passed!
repetition: 44835
>passed!
repetition: 44836
>passed!
repetition: 44837
>passed!
repetition: 44838
>passed!
repetition: 44839
>passed!
repetition: 44840
>passed!
repetition: 44841
>passed!
repetition: 44842
>passed!
repetition: 44843
>passed!
repetition: 44844
>passed!
repetition: 44845
>passed!
repetition: 44846
>passed!
repetition: 44847
>passed!
repetition: 44848
>passed!
repetition: 44849
>passed!
repetition: 44850
>passed!
repetition: 44851
>passed!
repetition: 44852
>passed!
repetition: 44853
>passed!
repetition: 44854
>passed!
repetition: 44855
>passed!
repetition: 44856
>passed!
repetition: 44857
>passed!
repetition: 44858
>passed!
repetition: 44859
>passed!
repetition: 44860
>passed!
repetition: 44861
>passed!
repetition: 44862
>passed!
repetition: 44863
>passed!
repetition: 44864
>passed!
repetition: 44865
>passed!
repetition: 44866
>passed!
repetition: 44867
>passed!
repetition: 44868
>passed!
repetition: 44869
>passed!
repetition: 44870
>passed!
repetition: 44871
>passed!
repetition: 44872
>passed!
repetition: 44873
>passed!
repetition: 44874
>passed!
repetition: 44875
>passed!
repetition: 44876
>passed!
repetition: 44877
>passed!
repetition: 44878
>passed!
repetition: 44879
>passed!
repetition: 44880
>passed!
repetition: 44881
>passed!
repetition: 44882
>passed!
repetition: 44883
>passed!
repetition: 44884
>passed!
repetition: 44885
>passed!
repetition: 44886
>passed!
repetition: 44887
>passed!
repetition: 44888
>passed!
repetition: 44889
>passed!
repetition: 44890
>passed!
repetition: 44891
>passed!
repetition: 44892
>passed!
repetition: 44893
>passed!
repetition: 44894
>passed!
repetition: 44895
>passed!
repetition: 44896
>passed!
repetition: 44897
>passed!
repetition: 44898
>passed!
repetition: 44899
>passed!
repetition: 44900
>passed!
repetition: 44901
>passed!
repetition: 44902
>passed!
repetition: 44903
>passed!
repetition: 44904
>passed!
repetition: 44905
>passed!
repetition: 44906
>passed!
repetition: 44907
>passed!
repetition: 44908
>passed!
repetition: 44909
>passed!
repetition: 44910
>passed!
repetition: 44911
>passed!
repetition: 44912
>passed!
repetition: 44913
>passed!
repetition: 44914
>passed!
repetition: 44915
>passed!
repetition: 44916
>passed!
repetition: 44917
>passed!
repetition: 44918
>passed!
repetition: 44919
>passed!
repetition: 44920
>passed!
repetition: 44921
>passed!
repetition: 44922
>passed!
repetition: 44923
>passed!
repetition: 44924
>passed!
repetition: 44925
>passed!
repetition: 44926
>passed!
repetition: 44927
>passed!
repetition: 44928
>passed!
repetition: 44929
>passed!
repetition: 44930
>passed!
repetition: 44931
>passed!
repetition: 44932
>passed!
repetition: 44933
>passed!
repetition: 44934
>passed!
repetition: 44935
>passed!
repetition: 44936
>passed!
repetition: 44937
>passed!
repetition: 44938
>passed!
repetition: 44939
>passed!
repetition: 44940
>passed!
repetition: 44941
>passed!
repetition: 44942
>passed!
repetition: 44943
>passed!
repetition: 44944
>passed!
repetition: 44945
>passed!
repetition: 44946
>passed!
repetition: 44947
>passed!
repetition: 44948
>passed!
repetition: 44949
>passed!
repetition: 44950
>passed!
repetition: 44951
>passed!
repetition: 44952
>passed!
repetition: 44953
>passed!
repetition: 44954
>passed!
repetition: 44955
>passed!
repetition: 44956
>passed!
repetition: 44957
>passed!
repetition: 44958
>passed!
repetition: 44959
>passed!
repetition: 44960
>passed!
repetition: 44961
>passed!
repetition: 44962
>passed!
repetition: 44963
>passed!
repetition: 44964
>passed!
repetition: 44965
>passed!
repetition: 44966
>passed!
repetition: 44967
>passed!
repetition: 44968
>passed!
repetition: 44969
>passed!
repetition: 44970
>passed!
repetition: 44971
>passed!
repetition: 44972
>passed!
repetition: 44973
>passed!
repetition: 44974
>passed!
repetition: 44975
>passed!
repetition: 44976
>passed!
repetition: 44977
>passed!
repetition: 44978
>passed!
repetition: 44979
>passed!
repetition: 44980
>passed!
repetition: 44981
>passed!
repetition: 44982
>passed!
repetition: 44983
>passed!
repetition: 44984
>passed!
repetition: 44985
>passed!
repetition: 44986
>passed!
repetition: 44987
>passed!
repetition: 44988
>passed!
repetition: 44989
>passed!
repetition: 44990
>passed!
repetition: 44991
>passed!
repetition: 44992
>passed!
repetition: 44993
>passed!
repetition: 44994
>passed!
repetition: 44995
>passed!
repetition: 44996
>passed!
repetition: 44997
>passed!
repetition: 44998
>passed!
repetition: 44999
>passed!
repetition: 45000
>passed!
repetition: 45001
>passed!
repetition: 45002
>passed!
repetition: 45003
>passed!
repetition: 45004
>passed!
repetition: 45005
>passed!
repetition: 45006
>passed!
repetition: 45007
>passed!
repetition: 45008
>passed!
repetition: 45009
>passed!
repetition: 45010
>passed!
repetition: 45011
>passed!
repetition: 45012
>passed!
repetition: 45013
>passed!
repetition: 45014
>passed!
repetition: 45015
>passed!
repetition: 45016
>passed!
repetition: 45017
>passed!
repetition: 45018
>passed!
repetition: 45019
>passed!
repetition: 45020
>passed!
repetition: 45021
>passed!
repetition: 45022
>passed!
repetition: 45023
>passed!
repetition: 45024
>passed!
repetition: 45025
>passed!
repetition: 45026
>passed!
repetition: 45027
>passed!
repetition: 45028
>passed!
repetition: 45029
>passed!
repetition: 45030
>passed!
repetition: 45031
>passed!
repetition: 45032
>passed!
repetition: 45033
>passed!
repetition: 45034
>passed!
repetition: 45035
>passed!
repetition: 45036
>passed!
repetition: 45037
>passed!
repetition: 45038
>passed!
repetition: 45039
>passed!
repetition: 45040
>passed!
repetition: 45041
>passed!
repetition: 45042
>passed!
repetition: 45043
>passed!
repetition: 45044
>passed!
repetition: 45045
>passed!
repetition: 45046
>passed!
repetition: 45047
>passed!
repetition: 45048
>passed!
repetition: 45049
>passed!
repetition: 45050
>passed!
repetition: 45051
>passed!
repetition: 45052
>passed!
repetition: 45053
>passed!
repetition: 45054
>passed!
repetition: 45055
>passed!
repetition: 45056
>passed!
repetition: 45057
>passed!
repetition: 45058
>passed!
repetition: 45059
>passed!
repetition: 45060
>passed!
repetition: 45061
>passed!
repetition: 45062
>passed!
repetition: 45063
>passed!
repetition: 45064
>passed!
repetition: 45065
>passed!
repetition: 45066
>passed!
repetition: 45067
>passed!
repetition: 45068
>passed!
repetition: 45069
>passed!
repetition: 45070
>passed!
repetition: 45071
>passed!
repetition: 45072
>passed!
repetition: 45073
>passed!
repetition: 45074
>passed!
repetition: 45075
>passed!
repetition: 45076
>passed!
repetition: 45077
>passed!
repetition: 45078
>passed!
repetition: 45079
>passed!
repetition: 45080
>passed!
repetition: 45081
>passed!
repetition: 45082
>passed!
repetition: 45083
>passed!
repetition: 45084
>passed!
repetition: 45085
>passed!
repetition: 45086
>passed!
repetition: 45087
>passed!
repetition: 45088
>passed!
repetition: 45089
>passed!
repetition: 45090
>passed!
repetition: 45091
>passed!
repetition: 45092
>passed!
repetition: 45093
>passed!
repetition: 45094
>passed!
repetition: 45095
>passed!
repetition: 45096
>passed!
repetition: 45097
>passed!
repetition: 45098
>passed!
repetition: 45099
>passed!
repetition: 45100
>passed!
repetition: 45101
>passed!
repetition: 45102
>passed!
repetition: 45103
>passed!
repetition: 45104
>passed!
repetition: 45105
>passed!
repetition: 45106
>passed!
repetition: 45107
>passed!
repetition: 45108
>passed!
repetition: 45109
>passed!
repetition: 45110
>passed!
repetition: 45111
>passed!
repetition: 45112
>passed!
repetition: 45113
>passed!
repetition: 45114
>passed!
repetition: 45115
>passed!
repetition: 45116
>passed!
repetition: 45117
>passed!
repetition: 45118
>passed!
repetition: 45119
>passed!
repetition: 45120
>passed!
repetition: 45121
>passed!
repetition: 45122
>passed!
repetition: 45123
>passed!
repetition: 45124
>passed!
repetition: 45125
>passed!
repetition: 45126
>passed!
repetition: 45127
>passed!
repetition: 45128
>passed!
repetition: 45129
>passed!
repetition: 45130
>passed!
repetition: 45131
>passed!
repetition: 45132
>passed!
repetition: 45133
>passed!
repetition: 45134
>passed!
repetition: 45135
>passed!
repetition: 45136
>passed!
repetition: 45137
>passed!
repetition: 45138
>passed!
repetition: 45139
>passed!
repetition: 45140
>passed!
repetition: 45141
>passed!
repetition: 45142
>passed!
repetition: 45143
>passed!
repetition: 45144
>passed!
repetition: 45145
>passed!
repetition: 45146
>passed!
repetition: 45147
>passed!
repetition: 45148
>passed!
repetition: 45149
>passed!
repetition: 45150
>passed!
repetition: 45151
>passed!
repetition: 45152
>passed!
repetition: 45153
>passed!
repetition: 45154
>passed!
repetition: 45155
>passed!
repetition: 45156
>passed!
repetition: 45157
>passed!
repetition: 45158
>passed!
repetition: 45159
>passed!
repetition: 45160
>passed!
repetition: 45161
>passed!
repetition: 45162
>passed!
repetition: 45163
>passed!
repetition: 45164
>passed!
repetition: 45165
>passed!
repetition: 45166
>passed!
repetition: 45167
>passed!
repetition: 45168
>passed!
repetition: 45169
>passed!
repetition: 45170
>passed!
repetition: 45171
>passed!
repetition: 45172
>passed!
repetition: 45173
>passed!
repetition: 45174
>passed!
repetition: 45175
>passed!
repetition: 45176
>passed!
repetition: 45177
>passed!
repetition: 45178
>passed!
repetition: 45179
>passed!
repetition: 45180
>passed!
repetition: 45181
>passed!
repetition: 45182
>passed!
repetition: 45183
>passed!
repetition: 45184
>passed!
repetition: 45185
>passed!
repetition: 45186
>passed!
repetition: 45187
>passed!
repetition: 45188
>passed!
repetition: 45189
>passed!
repetition: 45190
>passed!
repetition: 45191
>passed!
repetition: 45192
>passed!
repetition: 45193
>passed!
repetition: 45194
>passed!
repetition: 45195
>passed!
repetition: 45196
>passed!
repetition: 45197
>passed!
repetition: 45198
>passed!
repetition: 45199
>passed!
repetition: 45200
>passed!
repetition: 45201
>passed!
repetition: 45202
>passed!
repetition: 45203
>passed!
repetition: 45204
>passed!
repetition: 45205
>passed!
repetition: 45206
>passed!
repetition: 45207
>passed!
repetition: 45208
>passed!
repetition: 45209
>passed!
repetition: 45210
>passed!
repetition: 45211
>passed!
repetition: 45212
>passed!
repetition: 45213
>passed!
repetition: 45214
>passed!
repetition: 45215
>passed!
repetition: 45216
>passed!
repetition: 45217
>passed!
repetition: 45218
>passed!
repetition: 45219
>passed!
repetition: 45220
>passed!
repetition: 45221
>passed!
repetition: 45222
>passed!
repetition: 45223
>passed!
repetition: 45224
>passed!
repetition: 45225
>passed!
repetition: 45226
>passed!
repetition: 45227
>passed!
repetition: 45228
>passed!
repetition: 45229
>passed!
repetition: 45230
>passed!
repetition: 45231
>passed!
repetition: 45232
>passed!
repetition: 45233
>passed!
repetition: 45234
>passed!
repetition: 45235
>passed!
repetition: 45236
>passed!
repetition: 45237
>passed!
repetition: 45238
>passed!
repetition: 45239
>passed!
repetition: 45240
>passed!
repetition: 45241
>passed!
repetition: 45242
>passed!
repetition: 45243
>passed!
repetition: 45244
>passed!
repetition: 45245
>passed!
repetition: 45246
>passed!
repetition: 45247
>passed!
repetition: 45248
>passed!
repetition: 45249
>passed!
repetition: 45250
>passed!
repetition: 45251
>passed!
repetition: 45252
>passed!
repetition: 45253
>passed!
repetition: 45254
>passed!
repetition: 45255
>passed!
repetition: 45256
>passed!
repetition: 45257
>passed!
repetition: 45258
>passed!
repetition: 45259
>passed!
repetition: 45260
>passed!
repetition: 45261
>passed!
repetition: 45262
>passed!
repetition: 45263
>passed!
repetition: 45264
>passed!
repetition: 45265
>passed!
repetition: 45266
>passed!
repetition: 45267
>passed!
repetition: 45268
>passed!
repetition: 45269
>passed!
repetition: 45270
>passed!
repetition: 45271
>passed!
repetition: 45272
>passed!
repetition: 45273
>passed!
repetition: 45274
>passed!
repetition: 45275
>passed!
repetition: 45276
>passed!
repetition: 45277
>passed!
repetition: 45278
>passed!
repetition: 45279
>passed!
repetition: 45280
>passed!
repetition: 45281
>passed!
repetition: 45282
>passed!
repetition: 45283
>passed!
repetition: 45284
>passed!
repetition: 45285
>passed!
repetition: 45286
>passed!
repetition: 45287
>passed!
repetition: 45288
>passed!
repetition: 45289
>passed!
repetition: 45290
>passed!
repetition: 45291
>passed!
repetition: 45292
>passed!
repetition: 45293
>passed!
repetition: 45294
>passed!
repetition: 45295
>passed!
repetition: 45296
>passed!
repetition: 45297
>passed!
repetition: 45298
>passed!
repetition: 45299
>passed!
repetition: 45300
>passed!
repetition: 45301
>passed!
repetition: 45302
>passed!
repetition: 45303
>passed!
repetition: 45304
>passed!
repetition: 45305
>passed!
repetition: 45306
>passed!
repetition: 45307
>passed!
repetition: 45308
>passed!
repetition: 45309
>passed!
repetition: 45310
>passed!
repetition: 45311
>passed!
repetition: 45312
>passed!
repetition: 45313
>passed!
repetition: 45314
>passed!
repetition: 45315
>passed!
repetition: 45316
>passed!
repetition: 45317
>passed!
repetition: 45318
>passed!
repetition: 45319
>passed!
repetition: 45320
>passed!
repetition: 45321
>passed!
repetition: 45322
>passed!
repetition: 45323
>passed!
repetition: 45324
>passed!
repetition: 45325
>passed!
repetition: 45326
>passed!
repetition: 45327
>passed!
repetition: 45328
>passed!
repetition: 45329
>passed!
repetition: 45330
>passed!
repetition: 45331
>passed!
repetition: 45332
>passed!
repetition: 45333
>passed!
repetition: 45334
>passed!
repetition: 45335
>passed!
repetition: 45336
>passed!
repetition: 45337
>passed!
repetition: 45338
>passed!
repetition: 45339
>passed!
repetition: 45340
>passed!
repetition: 45341
>passed!
repetition: 45342
>passed!
repetition: 45343
>passed!
repetition: 45344
>passed!
repetition: 45345
>passed!
repetition: 45346
>passed!
repetition: 45347
>passed!
repetition: 45348
>passed!
repetition: 45349
>passed!
repetition: 45350
>passed!
repetition: 45351
>passed!
repetition: 45352
>passed!
repetition: 45353
>passed!
repetition: 45354
>passed!
repetition: 45355
>passed!
repetition: 45356
>passed!
repetition: 45357
>passed!
repetition: 45358
>passed!
repetition: 45359
>passed!
repetition: 45360
>passed!
repetition: 45361
>passed!
repetition: 45362
>passed!
repetition: 45363
>passed!
repetition: 45364
>passed!
repetition: 45365
>passed!
repetition: 45366
>passed!
repetition: 45367
>passed!
repetition: 45368
>passed!
repetition: 45369
>passed!
repetition: 45370
>passed!
repetition: 45371
>passed!
repetition: 45372
>passed!
repetition: 45373
>passed!
repetition: 45374
>passed!
repetition: 45375
>passed!
repetition: 45376
>passed!
repetition: 45377
>passed!
repetition: 45378
>passed!
repetition: 45379
>passed!
repetition: 45380
>passed!
repetition: 45381
>passed!
repetition: 45382
>passed!
repetition: 45383
>passed!
repetition: 45384
>passed!
repetition: 45385
>passed!
repetition: 45386
>passed!
repetition: 45387
>passed!
repetition: 45388
>passed!
repetition: 45389
>passed!
repetition: 45390
>passed!
repetition: 45391
>passed!
repetition: 45392
>passed!
repetition: 45393
>passed!
repetition: 45394
>passed!
repetition: 45395
>passed!
repetition: 45396
>passed!
repetition: 45397
>passed!
repetition: 45398
>passed!
repetition: 45399
>passed!
repetition: 45400
>passed!
repetition: 45401
>passed!
repetition: 45402
>passed!
repetition: 45403
>passed!
repetition: 45404
>passed!
repetition: 45405
>passed!
repetition: 45406
>passed!
repetition: 45407
>passed!
repetition: 45408
>passed!
repetition: 45409
>passed!
repetition: 45410
>passed!
repetition: 45411
>passed!
repetition: 45412
>passed!
repetition: 45413
>passed!
repetition: 45414
>passed!
repetition: 45415
>passed!
repetition: 45416
>passed!
repetition: 45417
>passed!
repetition: 45418
>passed!
repetition: 45419
>passed!
repetition: 45420
>passed!
repetition: 45421
>passed!
repetition: 45422
>passed!
repetition: 45423
>passed!
repetition: 45424
>passed!
repetition: 45425
>passed!
repetition: 45426
>passed!
repetition: 45427
>passed!
repetition: 45428
>passed!
repetition: 45429
>passed!
repetition: 45430
>passed!
repetition: 45431
>passed!
repetition: 45432
>passed!
repetition: 45433
>passed!
repetition: 45434
>passed!
repetition: 45435
>passed!
repetition: 45436
>passed!
repetition: 45437
>passed!
repetition: 45438
>passed!
repetition: 45439
>passed!
repetition: 45440
>passed!
repetition: 45441
>passed!
repetition: 45442
>passed!
repetition: 45443
>passed!
repetition: 45444
>passed!
repetition: 45445
>passed!
repetition: 45446
>passed!
repetition: 45447
>passed!
repetition: 45448
>passed!
repetition: 45449
>passed!
repetition: 45450
>passed!
repetition: 45451
>passed!
repetition: 45452
>passed!
repetition: 45453
>passed!
repetition: 45454
>passed!
repetition: 45455
>passed!
repetition: 45456
>passed!
repetition: 45457
>passed!
repetition: 45458
>passed!
repetition: 45459
>passed!
repetition: 45460
>passed!
repetition: 45461
>passed!
repetition: 45462
>passed!
repetition: 45463
>passed!
repetition: 45464
>passed!
repetition: 45465
>passed!
repetition: 45466
>passed!
repetition: 45467
>passed!
repetition: 45468
>passed!
repetition: 45469
>passed!
repetition: 45470
>passed!
repetition: 45471
>passed!
repetition: 45472
>passed!
repetition: 45473
>passed!
repetition: 45474
>passed!
repetition: 45475
>passed!
repetition: 45476
>passed!
repetition: 45477
>passed!
repetition: 45478
>passed!
repetition: 45479
>passed!
repetition: 45480
>passed!
repetition: 45481
>passed!
repetition: 45482
>passed!
repetition: 45483
>passed!
repetition: 45484
>passed!
repetition: 45485
>passed!
repetition: 45486
>passed!
repetition: 45487
>passed!
repetition: 45488
>passed!
repetition: 45489
>passed!
repetition: 45490
>passed!
repetition: 45491
>passed!
repetition: 45492
>passed!
repetition: 45493
>passed!
repetition: 45494
>passed!
repetition: 45495
>passed!
repetition: 45496
>passed!
repetition: 45497
>passed!
repetition: 45498
>passed!
repetition: 45499
>passed!
repetition: 45500
>passed!
repetition: 45501
>passed!
repetition: 45502
>passed!
repetition: 45503
>passed!
repetition: 45504
>passed!
repetition: 45505
>passed!
repetition: 45506
>passed!
repetition: 45507
>passed!
repetition: 45508
>passed!
repetition: 45509
>passed!
repetition: 45510
>passed!
repetition: 45511
>passed!
repetition: 45512
>passed!
repetition: 45513
>passed!
repetition: 45514
>passed!
repetition: 45515
>passed!
repetition: 45516
>passed!
repetition: 45517
>passed!
repetition: 45518
>passed!
repetition: 45519
>passed!
repetition: 45520
>passed!
repetition: 45521
>passed!
repetition: 45522
>passed!
repetition: 45523
>passed!
repetition: 45524
>passed!
repetition: 45525
>passed!
repetition: 45526
>passed!
repetition: 45527
>passed!
repetition: 45528
>passed!
repetition: 45529
>passed!
repetition: 45530
>passed!
repetition: 45531
>passed!
repetition: 45532
>passed!
repetition: 45533
>passed!
repetition: 45534
>passed!
repetition: 45535
>passed!
repetition: 45536
>passed!
repetition: 45537
>passed!
repetition: 45538
>passed!
repetition: 45539
>passed!
repetition: 45540
>passed!
repetition: 45541
>passed!
repetition: 45542
>passed!
repetition: 45543
>passed!
repetition: 45544
>passed!
repetition: 45545
>passed!
repetition: 45546
>passed!
repetition: 45547
>passed!
repetition: 45548
>passed!
repetition: 45549
>passed!
repetition: 45550
>passed!
repetition: 45551
>passed!
repetition: 45552
>passed!
repetition: 45553
>passed!
repetition: 45554
>passed!
repetition: 45555
>passed!
repetition: 45556
>passed!
repetition: 45557
>passed!
repetition: 45558
>passed!
repetition: 45559
>passed!
repetition: 45560
>passed!
repetition: 45561
>passed!
repetition: 45562
>passed!
repetition: 45563
>passed!
repetition: 45564
>passed!
repetition: 45565
>passed!
repetition: 45566
>passed!
repetition: 45567
>passed!
repetition: 45568
>passed!
repetition: 45569
>passed!
repetition: 45570
>passed!
repetition: 45571
>passed!
repetition: 45572
>passed!
repetition: 45573
>passed!
repetition: 45574
>passed!
repetition: 45575
>passed!
repetition: 45576
>passed!
repetition: 45577
>passed!
repetition: 45578
>passed!
repetition: 45579
>passed!
repetition: 45580
>passed!
repetition: 45581
>passed!
repetition: 45582
>passed!
repetition: 45583
>passed!
repetition: 45584
>passed!
repetition: 45585
>passed!
repetition: 45586
>passed!
repetition: 45587
>passed!
repetition: 45588
>passed!
repetition: 45589
>passed!
repetition: 45590
>passed!
repetition: 45591
>passed!
repetition: 45592
>passed!
repetition: 45593
>passed!
repetition: 45594
>passed!
repetition: 45595
>passed!
repetition: 45596
>passed!
repetition: 45597
>passed!
repetition: 45598
>passed!
repetition: 45599
>passed!
repetition: 45600
>passed!
repetition: 45601
>passed!
repetition: 45602
>passed!
repetition: 45603
>passed!
repetition: 45604
>passed!
repetition: 45605
>passed!
repetition: 45606
>passed!
repetition: 45607
>passed!
repetition: 45608
>passed!
repetition: 45609
>passed!
repetition: 45610
>passed!
repetition: 45611
>passed!
repetition: 45612
>passed!
repetition: 45613
>passed!
repetition: 45614
>passed!
repetition: 45615
>passed!
repetition: 45616
>passed!
repetition: 45617
>passed!
repetition: 45618
>passed!
repetition: 45619
>passed!
repetition: 45620
>passed!
repetition: 45621
>passed!
repetition: 45622
>passed!
repetition: 45623
>passed!
repetition: 45624
>passed!
repetition: 45625
>passed!
repetition: 45626
>passed!
repetition: 45627
>passed!
repetition: 45628
>passed!
repetition: 45629
>passed!
repetition: 45630
>passed!
repetition: 45631
>passed!
repetition: 45632
>passed!
repetition: 45633
>passed!
repetition: 45634
>passed!
repetition: 45635
>passed!
repetition: 45636
>passed!
repetition: 45637
>passed!
repetition: 45638
>passed!
repetition: 45639
>passed!
repetition: 45640
>passed!
repetition: 45641
>passed!
repetition: 45642
>passed!
repetition: 45643
>passed!
repetition: 45644
>passed!
repetition: 45645
>passed!
repetition: 45646
>passed!
repetition: 45647
>passed!
repetition: 45648
>passed!
repetition: 45649
>passed!
repetition: 45650
>passed!
repetition: 45651
>passed!
repetition: 45652
>passed!
repetition: 45653
>passed!
repetition: 45654
>passed!
repetition: 45655
>passed!
repetition: 45656
>passed!
repetition: 45657
>passed!
repetition: 45658
>passed!
repetition: 45659
>passed!
repetition: 45660
>passed!
repetition: 45661
>passed!
repetition: 45662
>passed!
repetition: 45663
>passed!
repetition: 45664
>passed!
repetition: 45665
>passed!
repetition: 45666
>passed!
repetition: 45667
>passed!
repetition: 45668
>passed!
repetition: 45669
>passed!
repetition: 45670
>passed!
repetition: 45671
>passed!
repetition: 45672
>passed!
repetition: 45673
>passed!
repetition: 45674
>passed!
repetition: 45675
>passed!
repetition: 45676
>passed!
repetition: 45677
>passed!
repetition: 45678
>passed!
repetition: 45679
>passed!
repetition: 45680
>passed!
repetition: 45681
>passed!
repetition: 45682
>passed!
repetition: 45683
>passed!
repetition: 45684
>passed!
repetition: 45685
>passed!
repetition: 45686
>passed!
repetition: 45687
>passed!
repetition: 45688
>passed!
repetition: 45689
>passed!
repetition: 45690
>passed!
repetition: 45691
>passed!
repetition: 45692
>passed!
repetition: 45693
>passed!
repetition: 45694
>passed!
repetition: 45695
>passed!
repetition: 45696
>passed!
repetition: 45697
>passed!
repetition: 45698
>passed!
repetition: 45699
>passed!
repetition: 45700
>passed!
repetition: 45701
>passed!
repetition: 45702
>passed!
repetition: 45703
>passed!
repetition: 45704
>passed!
repetition: 45705
>passed!
repetition: 45706
>passed!
repetition: 45707
>passed!
repetition: 45708
>passed!
repetition: 45709
>passed!
repetition: 45710
>passed!
repetition: 45711
>passed!
repetition: 45712
>passed!
repetition: 45713
>passed!
repetition: 45714
>passed!
repetition: 45715
>passed!
repetition: 45716
>passed!
repetition: 45717
>passed!
repetition: 45718
>passed!
repetition: 45719
>passed!
repetition: 45720
>passed!
repetition: 45721
>passed!
repetition: 45722
>passed!
repetition: 45723
>passed!
repetition: 45724
>passed!
repetition: 45725
>passed!
repetition: 45726
>passed!
repetition: 45727
>passed!
repetition: 45728
>passed!
repetition: 45729
>passed!
repetition: 45730
>passed!
repetition: 45731
>passed!
repetition: 45732
>passed!
repetition: 45733
>passed!
repetition: 45734
>passed!
repetition: 45735
>passed!
repetition: 45736
>passed!
repetition: 45737
>passed!
repetition: 45738
>passed!
repetition: 45739
>passed!
repetition: 45740
>passed!
repetition: 45741
>passed!
repetition: 45742
>passed!
repetition: 45743
>passed!
repetition: 45744
>passed!
repetition: 45745
>passed!
repetition: 45746
>passed!
repetition: 45747
>passed!
repetition: 45748
>passed!
repetition: 45749
>passed!
repetition: 45750
>passed!
repetition: 45751
>passed!
repetition: 45752
>passed!
repetition: 45753
>passed!
repetition: 45754
>passed!
repetition: 45755
>passed!
repetition: 45756
>passed!
repetition: 45757
>passed!
repetition: 45758
>passed!
repetition: 45759
>passed!
repetition: 45760
>passed!
repetition: 45761
>passed!
repetition: 45762
>passed!
repetition: 45763
>passed!
repetition: 45764
>passed!
repetition: 45765
>passed!
repetition: 45766
>passed!
repetition: 45767
>passed!
repetition: 45768
>passed!
repetition: 45769
>passed!
repetition: 45770
>passed!
repetition: 45771
>passed!
repetition: 45772
>passed!
repetition: 45773
>passed!
repetition: 45774
>passed!
repetition: 45775
>passed!
repetition: 45776
>passed!
repetition: 45777
>passed!
repetition: 45778
>passed!
repetition: 45779
>passed!
repetition: 45780
>passed!
repetition: 45781
>passed!
repetition: 45782
>passed!
repetition: 45783
>passed!
repetition: 45784
>passed!
repetition: 45785
>passed!
repetition: 45786
>passed!
repetition: 45787
>passed!
repetition: 45788
>passed!
repetition: 45789
>passed!
repetition: 45790
>passed!
repetition: 45791
>passed!
repetition: 45792
>passed!
repetition: 45793
>passed!
repetition: 45794
>passed!
repetition: 45795
>passed!
repetition: 45796
>passed!
repetition: 45797
>passed!
repetition: 45798
>passed!
repetition: 45799
>passed!
repetition: 45800
>passed!
repetition: 45801
>passed!
repetition: 45802
>passed!
repetition: 45803
>passed!
repetition: 45804
>passed!
repetition: 45805
>passed!
repetition: 45806
>passed!
repetition: 45807
>passed!
repetition: 45808
>passed!
repetition: 45809
>passed!
repetition: 45810
>passed!
repetition: 45811
>passed!
repetition: 45812
>passed!
repetition: 45813
>passed!
repetition: 45814
>passed!
repetition: 45815
>passed!
repetition: 45816
>passed!
repetition: 45817
>passed!
repetition: 45818
>passed!
repetition: 45819
>passed!
repetition: 45820
>passed!
repetition: 45821
>passed!
repetition: 45822
>passed!
repetition: 45823
>passed!
repetition: 45824
>passed!
repetition: 45825
>passed!
repetition: 45826
>passed!
repetition: 45827
>passed!
repetition: 45828
>passed!
repetition: 45829
>passed!
repetition: 45830
>passed!
repetition: 45831
>passed!
repetition: 45832
>passed!
repetition: 45833
>passed!
repetition: 45834
>passed!
repetition: 45835
>passed!
repetition: 45836
>passed!
repetition: 45837
>passed!
repetition: 45838
>passed!
repetition: 45839
>passed!
repetition: 45840
>passed!
repetition: 45841
>passed!
repetition: 45842
>passed!
repetition: 45843
>passed!
repetition: 45844
>passed!
repetition: 45845
>passed!
repetition: 45846
>passed!
repetition: 45847
>passed!
repetition: 45848
>passed!
repetition: 45849
>passed!
repetition: 45850
>passed!
repetition: 45851
>passed!
repetition: 45852
>passed!
repetition: 45853
>passed!
repetition: 45854
>passed!
repetition: 45855
>passed!
repetition: 45856
>passed!
repetition: 45857
>passed!
repetition: 45858
>passed!
repetition: 45859
>passed!
repetition: 45860
>passed!
repetition: 45861
>passed!
repetition: 45862
>passed!
repetition: 45863
>passed!
repetition: 45864
>passed!
repetition: 45865
>passed!
repetition: 45866
>passed!
repetition: 45867
>passed!
repetition: 45868
>passed!
repetition: 45869
>passed!
repetition: 45870
>passed!
repetition: 45871
>passed!
repetition: 45872
>passed!
repetition: 45873
>passed!
repetition: 45874
>passed!
repetition: 45875
>passed!
repetition: 45876
>passed!
repetition: 45877
>passed!
repetition: 45878
>passed!
repetition: 45879
>passed!
repetition: 45880
>passed!
repetition: 45881
>passed!
repetition: 45882
>passed!
repetition: 45883
>passed!
repetition: 45884
>passed!
repetition: 45885
>passed!
repetition: 45886
>passed!
repetition: 45887
>passed!
repetition: 45888
>passed!
repetition: 45889
>passed!
repetition: 45890
>passed!
repetition: 45891
>passed!
repetition: 45892
>passed!
repetition: 45893
>passed!
repetition: 45894
>passed!
repetition: 45895
>passed!
repetition: 45896
>passed!
repetition: 45897
>passed!
repetition: 45898
>passed!
repetition: 45899
>passed!
repetition: 45900
>passed!
repetition: 45901
>passed!
repetition: 45902
>passed!
repetition: 45903
>passed!
repetition: 45904
>passed!
repetition: 45905
>passed!
repetition: 45906
>passed!
repetition: 45907
>passed!
repetition: 45908
>passed!
repetition: 45909
>passed!
repetition: 45910
>passed!
repetition: 45911
>passed!
repetition: 45912
>passed!
repetition: 45913
>passed!
repetition: 45914
>passed!
repetition: 45915
>passed!
repetition: 45916
>passed!
repetition: 45917
>passed!
repetition: 45918
>passed!
repetition: 45919
>passed!
repetition: 45920
>passed!
repetition: 45921
>passed!
repetition: 45922
>passed!
repetition: 45923
>passed!
repetition: 45924
>passed!
repetition: 45925
>passed!
repetition: 45926
>passed!
repetition: 45927
>passed!
repetition: 45928
>passed!
repetition: 45929
>passed!
repetition: 45930
>passed!
repetition: 45931
>passed!
repetition: 45932
>passed!
repetition: 45933
>passed!
repetition: 45934
>passed!
repetition: 45935
>passed!
repetition: 45936
>passed!
repetition: 45937
>passed!
repetition: 45938
>passed!
repetition: 45939
>passed!
repetition: 45940
>passed!
repetition: 45941
>passed!
repetition: 45942
>passed!
repetition: 45943
>passed!
repetition: 45944
>passed!
repetition: 45945
>passed!
repetition: 45946
>passed!
repetition: 45947
>passed!
repetition: 45948
>passed!
repetition: 45949
>passed!
repetition: 45950
>passed!
repetition: 45951
>passed!
repetition: 45952
>passed!
repetition: 45953
>passed!
repetition: 45954
>passed!
repetition: 45955
>passed!
repetition: 45956
>passed!
repetition: 45957
>passed!
repetition: 45958
>passed!
repetition: 45959
>passed!
repetition: 45960
>passed!
repetition: 45961
>passed!
repetition: 45962
>passed!
repetition: 45963
>passed!
repetition: 45964
>passed!
repetition: 45965
>passed!
repetition: 45966
>passed!
repetition: 45967
>passed!
repetition: 45968
>passed!
repetition: 45969
>passed!
repetition: 45970
>passed!
repetition: 45971
>passed!
repetition: 45972
>passed!
repetition: 45973
>passed!
repetition: 45974
>passed!
repetition: 45975
>passed!
repetition: 45976
>passed!
repetition: 45977
>passed!
repetition: 45978
>passed!
repetition: 45979
>passed!
repetition: 45980
>passed!
repetition: 45981
>passed!
repetition: 45982
>passed!
repetition: 45983
>passed!
repetition: 45984
>passed!
repetition: 45985
>passed!
repetition: 45986
>passed!
repetition: 45987
>passed!
repetition: 45988
>passed!
repetition: 45989
>passed!
repetition: 45990
>passed!
repetition: 45991
>passed!
repetition: 45992
>passed!
repetition: 45993
>passed!
repetition: 45994
>passed!
repetition: 45995
>passed!
repetition: 45996
>passed!
repetition: 45997
>passed!
repetition: 45998
>passed!
repetition: 45999
>passed!
repetition: 46000
>passed!
repetition: 46001
>passed!
repetition: 46002
>passed!
repetition: 46003
>passed!
repetition: 46004
>passed!
repetition: 46005
>passed!
repetition: 46006
>passed!
repetition: 46007
>passed!
repetition: 46008
>passed!
repetition: 46009
>passed!
repetition: 46010
>passed!
repetition: 46011
>passed!
repetition: 46012
>passed!
repetition: 46013
>passed!
repetition: 46014
>passed!
repetition: 46015
>passed!
repetition: 46016
>passed!
repetition: 46017
>passed!
repetition: 46018
>passed!
repetition: 46019
>passed!
repetition: 46020
>passed!
repetition: 46021
>passed!
repetition: 46022
>passed!
repetition: 46023
>passed!
repetition: 46024
>passed!
repetition: 46025
>passed!
repetition: 46026
>passed!
repetition: 46027
>passed!
repetition: 46028
>passed!
repetition: 46029
>passed!
repetition: 46030
>passed!
repetition: 46031
>passed!
repetition: 46032
>passed!
repetition: 46033
>passed!
repetition: 46034
>passed!
repetition: 46035
>passed!
repetition: 46036
>passed!
repetition: 46037
>passed!
repetition: 46038
>passed!
repetition: 46039
>passed!
repetition: 46040
>passed!
repetition: 46041
>passed!
repetition: 46042
>passed!
repetition: 46043
>passed!
repetition: 46044
>passed!
repetition: 46045
>passed!
repetition: 46046
>passed!
repetition: 46047
>passed!
repetition: 46048
>passed!
repetition: 46049
>passed!
repetition: 46050
>passed!
repetition: 46051
>passed!
repetition: 46052
>passed!
repetition: 46053
>passed!
repetition: 46054
>passed!
repetition: 46055
>passed!
repetition: 46056
>passed!
repetition: 46057
>passed!
repetition: 46058
>passed!
repetition: 46059
>passed!
repetition: 46060
>passed!
repetition: 46061
>passed!
repetition: 46062
>passed!
repetition: 46063
>passed!
repetition: 46064
>passed!
repetition: 46065
>passed!
repetition: 46066
>passed!
repetition: 46067
>passed!
repetition: 46068
>passed!
repetition: 46069
>passed!
repetition: 46070
>passed!
repetition: 46071
>passed!
repetition: 46072
>passed!
repetition: 46073
>passed!
repetition: 46074
>passed!
repetition: 46075
>passed!
repetition: 46076
>passed!
repetition: 46077
>passed!
repetition: 46078
>passed!
repetition: 46079
>passed!
repetition: 46080
>passed!
repetition: 46081
>passed!
repetition: 46082
>passed!
repetition: 46083
>passed!
repetition: 46084
>passed!
repetition: 46085
>passed!
repetition: 46086
>passed!
repetition: 46087
>passed!
repetition: 46088
>passed!
repetition: 46089
>passed!
repetition: 46090
>passed!
repetition: 46091
>passed!
repetition: 46092
>passed!
repetition: 46093
>passed!
repetition: 46094
>passed!
repetition: 46095
>passed!
repetition: 46096
>passed!
repetition: 46097
>passed!
repetition: 46098
>passed!
repetition: 46099
>passed!
repetition: 46100
>passed!
repetition: 46101
>passed!
repetition: 46102
>passed!
repetition: 46103
>passed!
repetition: 46104
>passed!
repetition: 46105
>passed!
repetition: 46106
>passed!
repetition: 46107
>passed!
repetition: 46108
>passed!
repetition: 46109
>passed!
repetition: 46110
>passed!
repetition: 46111
>passed!
repetition: 46112
>passed!
repetition: 46113
>passed!
repetition: 46114
>passed!
repetition: 46115
>passed!
repetition: 46116
>passed!
repetition: 46117
>passed!
repetition: 46118
>passed!
repetition: 46119
>passed!
repetition: 46120
>passed!
repetition: 46121
>passed!
repetition: 46122
>passed!
repetition: 46123
>passed!
repetition: 46124
>passed!
repetition: 46125
>passed!
repetition: 46126
>passed!
repetition: 46127
>passed!
repetition: 46128
>passed!
repetition: 46129
>passed!
repetition: 46130
>passed!
repetition: 46131
>passed!
repetition: 46132
>passed!
repetition: 46133
>passed!
repetition: 46134
>passed!
repetition: 46135
>passed!
repetition: 46136
>passed!
repetition: 46137
>passed!
repetition: 46138
>passed!
repetition: 46139
>passed!
repetition: 46140
>passed!
repetition: 46141
>passed!
repetition: 46142
>passed!
repetition: 46143
>passed!
repetition: 46144
>passed!
repetition: 46145
>passed!
repetition: 46146
>passed!
repetition: 46147
>passed!
repetition: 46148
>passed!
repetition: 46149
>passed!
repetition: 46150
>passed!
repetition: 46151
>passed!
repetition: 46152
>passed!
repetition: 46153
>passed!
repetition: 46154
>passed!
repetition: 46155
>passed!
repetition: 46156
>passed!
repetition: 46157
>passed!
repetition: 46158
>passed!
repetition: 46159
>passed!
repetition: 46160
>passed!
repetition: 46161
>passed!
repetition: 46162
>passed!
repetition: 46163
>passed!
repetition: 46164
>passed!
repetition: 46165
>passed!
repetition: 46166
>passed!
repetition: 46167
>passed!
repetition: 46168
>passed!
repetition: 46169
>passed!
repetition: 46170
>passed!
repetition: 46171
>passed!
repetition: 46172
>passed!
repetition: 46173
>passed!
repetition: 46174
>passed!
repetition: 46175
>passed!
repetition: 46176
>passed!
repetition: 46177
>passed!
repetition: 46178
>passed!
repetition: 46179
>passed!
repetition: 46180
>passed!
repetition: 46181
>passed!
repetition: 46182
>passed!
repetition: 46183
>passed!
repetition: 46184
>passed!
repetition: 46185
>passed!
repetition: 46186
>passed!
repetition: 46187
>passed!
repetition: 46188
>passed!
repetition: 46189
>passed!
repetition: 46190
>passed!
repetition: 46191
>passed!
repetition: 46192
>passed!
repetition: 46193
>passed!
repetition: 46194
>passed!
repetition: 46195
>passed!
repetition: 46196
>passed!
repetition: 46197
>passed!
repetition: 46198
>passed!
repetition: 46199
>passed!
repetition: 46200
>passed!
repetition: 46201
>passed!
repetition: 46202
>passed!
repetition: 46203
>passed!
repetition: 46204
>passed!
repetition: 46205
>passed!
repetition: 46206
>passed!
repetition: 46207
>passed!
repetition: 46208
>passed!
repetition: 46209
>passed!
repetition: 46210
>passed!
repetition: 46211
>passed!
repetition: 46212
>passed!
repetition: 46213
>passed!
repetition: 46214
>passed!
repetition: 46215
>passed!
repetition: 46216
>passed!
repetition: 46217
>passed!
repetition: 46218
>passed!
repetition: 46219
>passed!
repetition: 46220
>passed!
repetition: 46221
>passed!
repetition: 46222
>passed!
repetition: 46223
>passed!
repetition: 46224
>passed!
repetition: 46225
>passed!
repetition: 46226
>passed!
repetition: 46227
>passed!
repetition: 46228
>passed!
repetition: 46229
>passed!
repetition: 46230
>passed!
repetition: 46231
>passed!
repetition: 46232
>passed!
repetition: 46233
>passed!
repetition: 46234
>passed!
repetition: 46235
>passed!
repetition: 46236
>passed!
repetition: 46237
>passed!
repetition: 46238
>passed!
repetition: 46239
>passed!
repetition: 46240
>passed!
repetition: 46241
>passed!
repetition: 46242
>passed!
repetition: 46243
>passed!
repetition: 46244
>passed!
repetition: 46245
>passed!
repetition: 46246
>passed!
repetition: 46247
>passed!
repetition: 46248
>passed!
repetition: 46249
>passed!
repetition: 46250
>passed!
repetition: 46251
>passed!
repetition: 46252
>passed!
repetition: 46253
>passed!
repetition: 46254
>passed!
repetition: 46255
>passed!
repetition: 46256
>passed!
repetition: 46257
>passed!
repetition: 46258
>passed!
repetition: 46259
>passed!
repetition: 46260
>passed!
repetition: 46261
>passed!
repetition: 46262
>passed!
repetition: 46263
>passed!
repetition: 46264
>passed!
repetition: 46265
>passed!
repetition: 46266
>passed!
repetition: 46267
>passed!
repetition: 46268
>passed!
repetition: 46269
>passed!
repetition: 46270
>passed!
repetition: 46271
>passed!
repetition: 46272
>passed!
repetition: 46273
>passed!
repetition: 46274
>passed!
repetition: 46275
>passed!
repetition: 46276
>passed!
repetition: 46277
>passed!
repetition: 46278
>passed!
repetition: 46279
>passed!
repetition: 46280
>passed!
repetition: 46281
>passed!
repetition: 46282
>passed!
repetition: 46283
>passed!
repetition: 46284
>passed!
repetition: 46285
>passed!
repetition: 46286
>passed!
repetition: 46287
>passed!
repetition: 46288
>passed!
repetition: 46289
>passed!
repetition: 46290
>passed!
repetition: 46291
>passed!
repetition: 46292
>passed!
repetition: 46293
>passed!
repetition: 46294
>passed!
repetition: 46295
>passed!
repetition: 46296
>passed!
repetition: 46297
>passed!
repetition: 46298
>passed!
repetition: 46299
>passed!
repetition: 46300
>passed!
repetition: 46301
>passed!
repetition: 46302
>passed!
repetition: 46303
>passed!
repetition: 46304
>passed!
repetition: 46305
>passed!
repetition: 46306
>passed!
repetition: 46307
>passed!
repetition: 46308
>passed!
repetition: 46309
>passed!
repetition: 46310
>passed!
repetition: 46311
>passed!
repetition: 46312
>passed!
repetition: 46313
>passed!
repetition: 46314
>passed!
repetition: 46315
>passed!
repetition: 46316
>passed!
repetition: 46317
>passed!
repetition: 46318
>passed!
repetition: 46319
>passed!
repetition: 46320
>passed!
repetition: 46321
>passed!
repetition: 46322
>passed!
repetition: 46323
>passed!
repetition: 46324
>passed!
repetition: 46325
>passed!
repetition: 46326
>passed!
repetition: 46327
>passed!
repetition: 46328
>passed!
repetition: 46329
>passed!
repetition: 46330
>passed!
repetition: 46331
>passed!
repetition: 46332
>passed!
repetition: 46333
>passed!
repetition: 46334
>passed!
repetition: 46335
>passed!
repetition: 46336
>passed!
repetition: 46337
>passed!
repetition: 46338
>passed!
repetition: 46339
>passed!
repetition: 46340
>passed!
repetition: 46341
>passed!
repetition: 46342
>passed!
repetition: 46343
>passed!
repetition: 46344
>passed!
repetition: 46345
>passed!
repetition: 46346
>passed!
repetition: 46347
>passed!
repetition: 46348
>passed!
repetition: 46349
>passed!
repetition: 46350
>passed!
repetition: 46351
>passed!
repetition: 46352
>passed!
repetition: 46353
>passed!
repetition: 46354
>passed!
repetition: 46355
>passed!
repetition: 46356
>passed!
repetition: 46357
>passed!
repetition: 46358
>passed!
repetition: 46359
>passed!
repetition: 46360
>passed!
repetition: 46361
>passed!
repetition: 46362
>passed!
repetition: 46363
>passed!
repetition: 46364
>passed!
repetition: 46365
>passed!
repetition: 46366
>passed!
repetition: 46367
>passed!
repetition: 46368
>passed!
repetition: 46369
>passed!
repetition: 46370
>passed!
repetition: 46371
>passed!
repetition: 46372
>passed!
repetition: 46373
>passed!
repetition: 46374
>passed!
repetition: 46375
>passed!
repetition: 46376
>passed!
repetition: 46377
>passed!
repetition: 46378
>passed!
repetition: 46379
>passed!
repetition: 46380
>passed!
repetition: 46381
>passed!
repetition: 46382
>passed!
repetition: 46383
>passed!
repetition: 46384
>passed!
repetition: 46385
>passed!
repetition: 46386
>passed!
repetition: 46387
>passed!
repetition: 46388
>passed!
repetition: 46389
>passed!
repetition: 46390
>passed!
repetition: 46391
>passed!
repetition: 46392
>passed!
repetition: 46393
>passed!
repetition: 46394
>passed!
repetition: 46395
>passed!
repetition: 46396
>passed!
repetition: 46397
>passed!
repetition: 46398
>passed!
repetition: 46399
>passed!
repetition: 46400
>passed!
repetition: 46401
>passed!
repetition: 46402
>passed!
repetition: 46403
>passed!
repetition: 46404
>passed!
repetition: 46405
>passed!
repetition: 46406
>passed!
repetition: 46407
>passed!
repetition: 46408
>passed!
repetition: 46409
>passed!
repetition: 46410
>passed!
repetition: 46411
>passed!
repetition: 46412
>passed!
repetition: 46413
>passed!
repetition: 46414
>passed!
repetition: 46415
>passed!
repetition: 46416
>passed!
repetition: 46417
>passed!
repetition: 46418
>passed!
repetition: 46419
>passed!
repetition: 46420
>passed!
repetition: 46421
>passed!
repetition: 46422
>passed!
repetition: 46423
>passed!
repetition: 46424
>passed!
repetition: 46425
>passed!
repetition: 46426
>passed!
repetition: 46427
>passed!
repetition: 46428
>passed!
repetition: 46429
>passed!
repetition: 46430
>passed!
repetition: 46431
>passed!
repetition: 46432
>passed!
repetition: 46433
>passed!
repetition: 46434
>passed!
repetition: 46435
>passed!
repetition: 46436
>passed!
repetition: 46437
>passed!
repetition: 46438
>passed!
repetition: 46439
>passed!
repetition: 46440
>passed!
repetition: 46441
>passed!
repetition: 46442
>passed!
repetition: 46443
>passed!
repetition: 46444
>passed!
repetition: 46445
>passed!
repetition: 46446
>passed!
repetition: 46447
>passed!
repetition: 46448
>passed!
repetition: 46449
>passed!
repetition: 46450
>passed!
repetition: 46451
>passed!
repetition: 46452
>passed!
repetition: 46453
>passed!
repetition: 46454
>passed!
repetition: 46455
>passed!
repetition: 46456
>passed!
repetition: 46457
>passed!
repetition: 46458
>passed!
repetition: 46459
>passed!
repetition: 46460
>passed!
repetition: 46461
>passed!
repetition: 46462
>passed!
repetition: 46463
>passed!
repetition: 46464
>passed!
repetition: 46465
>passed!
repetition: 46466
>passed!
repetition: 46467
>passed!
repetition: 46468
>passed!
repetition: 46469
>passed!
repetition: 46470
>passed!
repetition: 46471
>passed!
repetition: 46472
>passed!
repetition: 46473
>passed!
repetition: 46474
>passed!
repetition: 46475
>passed!
repetition: 46476
>passed!
repetition: 46477
>passed!
repetition: 46478
>passed!
repetition: 46479
>passed!
repetition: 46480
>passed!
repetition: 46481
>passed!
repetition: 46482
>passed!
repetition: 46483
>passed!
repetition: 46484
>passed!
repetition: 46485
>passed!
repetition: 46486
>passed!
repetition: 46487
>passed!
repetition: 46488
>passed!
repetition: 46489
>passed!
repetition: 46490
>passed!
repetition: 46491
>passed!
repetition: 46492
>passed!
repetition: 46493
>passed!
repetition: 46494
>passed!
repetition: 46495
>passed!
repetition: 46496
>passed!
repetition: 46497
>passed!
repetition: 46498
>passed!
repetition: 46499
>passed!
repetition: 46500
>passed!
repetition: 46501
>passed!
repetition: 46502
>passed!
repetition: 46503
>passed!
repetition: 46504
>passed!
repetition: 46505
>passed!
repetition: 46506
>passed!
repetition: 46507
>passed!
repetition: 46508
>passed!
repetition: 46509
>passed!
repetition: 46510
>passed!
repetition: 46511
>passed!
repetition: 46512
>passed!
repetition: 46513
>passed!
repetition: 46514
>passed!
repetition: 46515
>passed!
repetition: 46516
>passed!
repetition: 46517
>passed!
repetition: 46518
>passed!
repetition: 46519
>passed!
repetition: 46520
>passed!
repetition: 46521
>passed!
repetition: 46522
>passed!
repetition: 46523
>passed!
repetition: 46524
>passed!
repetition: 46525
>passed!
repetition: 46526
>passed!
repetition: 46527
>passed!
repetition: 46528
>passed!
repetition: 46529
>passed!
repetition: 46530
>passed!
repetition: 46531
>passed!
repetition: 46532
>passed!
repetition: 46533
>passed!
repetition: 46534
>passed!
repetition: 46535
>passed!
repetition: 46536
>passed!
repetition: 46537
>passed!
repetition: 46538
>passed!
repetition: 46539
>passed!
repetition: 46540
>passed!
repetition: 46541
>passed!
repetition: 46542
>passed!
repetition: 46543
>passed!
repetition: 46544
>passed!
repetition: 46545
>passed!
repetition: 46546
>passed!
repetition: 46547
>passed!
repetition: 46548
>passed!
repetition: 46549
>passed!
repetition: 46550
>passed!
repetition: 46551
>passed!
repetition: 46552
>passed!
repetition: 46553
>passed!
repetition: 46554
>passed!
repetition: 46555
>passed!
repetition: 46556
>passed!
repetition: 46557
>passed!
repetition: 46558
>passed!
repetition: 46559
>passed!
repetition: 46560
>passed!
repetition: 46561
>passed!
repetition: 46562
>passed!
repetition: 46563
>passed!
repetition: 46564
>passed!
repetition: 46565
>passed!
repetition: 46566
>passed!
repetition: 46567
>passed!
repetition: 46568
>passed!
repetition: 46569
>passed!
repetition: 46570
>passed!
repetition: 46571
>passed!
repetition: 46572
>passed!
repetition: 46573
>passed!
repetition: 46574
>passed!
repetition: 46575
>passed!
repetition: 46576
>passed!
repetition: 46577
>passed!
repetition: 46578
>passed!
repetition: 46579
>passed!
repetition: 46580
>passed!
repetition: 46581
>passed!
repetition: 46582
>passed!
repetition: 46583
>passed!
repetition: 46584
>passed!
repetition: 46585
>passed!
repetition: 46586
>passed!
repetition: 46587
>passed!
repetition: 46588
>passed!
repetition: 46589
>passed!
repetition: 46590
>passed!
repetition: 46591
>passed!
repetition: 46592
>passed!
repetition: 46593
>passed!
repetition: 46594
>passed!
repetition: 46595
>passed!
repetition: 46596
>passed!
repetition: 46597
>passed!
repetition: 46598
>passed!
repetition: 46599
>passed!
repetition: 46600
>passed!
repetition: 46601
>passed!
repetition: 46602
>passed!
repetition: 46603
>passed!
repetition: 46604
>passed!
repetition: 46605
>passed!
repetition: 46606
>passed!
repetition: 46607
>passed!
repetition: 46608
>passed!
repetition: 46609
>passed!
repetition: 46610
>passed!
repetition: 46611
>passed!
repetition: 46612
>passed!
repetition: 46613
>passed!
repetition: 46614
>passed!
repetition: 46615
>passed!
repetition: 46616
>passed!
repetition: 46617
>passed!
repetition: 46618
>passed!
repetition: 46619
>passed!
repetition: 46620
>passed!
repetition: 46621
>passed!
repetition: 46622
>passed!
repetition: 46623
>passed!
repetition: 46624
>passed!
repetition: 46625
>passed!
repetition: 46626
>passed!
repetition: 46627
>passed!
repetition: 46628
>passed!
repetition: 46629
>passed!
repetition: 46630
>passed!
repetition: 46631
>passed!
repetition: 46632
>passed!
repetition: 46633
>passed!
repetition: 46634
>passed!
repetition: 46635
>passed!
repetition: 46636
>passed!
repetition: 46637
>passed!
repetition: 46638
>passed!
repetition: 46639
>passed!
repetition: 46640
>passed!
repetition: 46641
>passed!
repetition: 46642
>passed!
repetition: 46643
>passed!
repetition: 46644
>passed!
repetition: 46645
>passed!
repetition: 46646
>passed!
repetition: 46647
>passed!
repetition: 46648
>passed!
repetition: 46649
>passed!
repetition: 46650
>passed!
repetition: 46651
>passed!
repetition: 46652
>passed!
repetition: 46653
>passed!
repetition: 46654
>passed!
repetition: 46655
>passed!
repetition: 46656
>passed!
repetition: 46657
>passed!
repetition: 46658
>passed!
repetition: 46659
>passed!
repetition: 46660
>passed!
repetition: 46661
>passed!
repetition: 46662
>passed!
repetition: 46663
>passed!
repetition: 46664
>passed!
repetition: 46665
>passed!
repetition: 46666
>passed!
repetition: 46667
>passed!
repetition: 46668
>passed!
repetition: 46669
>passed!
repetition: 46670
>passed!
repetition: 46671
>passed!
repetition: 46672
>passed!
repetition: 46673
>passed!
repetition: 46674
>passed!
repetition: 46675
>passed!
repetition: 46676
>passed!
repetition: 46677
>passed!
repetition: 46678
>passed!
repetition: 46679
>passed!
repetition: 46680
>passed!
repetition: 46681
>passed!
repetition: 46682
>passed!
repetition: 46683
>passed!
repetition: 46684
>passed!
repetition: 46685
>passed!
repetition: 46686
>passed!
repetition: 46687
>passed!
repetition: 46688
>passed!
repetition: 46689
>passed!
repetition: 46690
>passed!
repetition: 46691
>passed!
repetition: 46692
>passed!
repetition: 46693
>passed!
repetition: 46694
>passed!
repetition: 46695
>passed!
repetition: 46696
>passed!
repetition: 46697
>passed!
repetition: 46698
>passed!
repetition: 46699
>passed!
repetition: 46700
>passed!
repetition: 46701
>passed!
repetition: 46702
>passed!
repetition: 46703
>passed!
repetition: 46704
>passed!
repetition: 46705
>passed!
repetition: 46706
>passed!
repetition: 46707
>passed!
repetition: 46708
>passed!
repetition: 46709
>passed!
repetition: 46710
>passed!
repetition: 46711
>passed!
repetition: 46712
>passed!
repetition: 46713
>passed!
repetition: 46714
>passed!
repetition: 46715
>passed!
repetition: 46716
>passed!
repetition: 46717
>passed!
repetition: 46718
>passed!
repetition: 46719
>passed!
repetition: 46720
>passed!
repetition: 46721
>passed!
repetition: 46722
>passed!
repetition: 46723
>passed!
repetition: 46724
>passed!
repetition: 46725
>passed!
repetition: 46726
>passed!
repetition: 46727
>passed!
repetition: 46728
>passed!
repetition: 46729
>passed!
repetition: 46730
>passed!
repetition: 46731
>passed!
repetition: 46732
>passed!
repetition: 46733
>passed!
repetition: 46734
>passed!
repetition: 46735
>passed!
repetition: 46736
>passed!
repetition: 46737
>passed!
repetition: 46738
>passed!
repetition: 46739
>passed!
repetition: 46740
>passed!
repetition: 46741
>passed!
repetition: 46742
>passed!
repetition: 46743
>passed!
repetition: 46744
>passed!
repetition: 46745
>passed!
repetition: 46746
>passed!
repetition: 46747
>passed!
repetition: 46748
>passed!
repetition: 46749
>passed!
repetition: 46750
>passed!
repetition: 46751
>passed!
repetition: 46752
>passed!
repetition: 46753
>passed!
repetition: 46754
>passed!
repetition: 46755
>passed!
repetition: 46756
>passed!
repetition: 46757
>passed!
repetition: 46758
>passed!
repetition: 46759
>passed!
repetition: 46760
>passed!
repetition: 46761
>passed!
repetition: 46762
>passed!
repetition: 46763
>passed!
repetition: 46764
>passed!
repetition: 46765
>passed!
repetition: 46766
>passed!
repetition: 46767
>passed!
repetition: 46768
>passed!
repetition: 46769
>passed!
repetition: 46770
>passed!
repetition: 46771
>passed!
repetition: 46772
>passed!
repetition: 46773
>passed!
repetition: 46774
>passed!
repetition: 46775
>passed!
repetition: 46776
>passed!
repetition: 46777
>passed!
repetition: 46778
>passed!
repetition: 46779
>passed!
repetition: 46780
>passed!
repetition: 46781
>passed!
repetition: 46782
>passed!
repetition: 46783
>passed!
repetition: 46784
>passed!
repetition: 46785
>passed!
repetition: 46786
>passed!
repetition: 46787
>passed!
repetition: 46788
>passed!
repetition: 46789
>passed!
repetition: 46790
>passed!
repetition: 46791
>passed!
repetition: 46792
>passed!
repetition: 46793
>passed!
repetition: 46794
>passed!
repetition: 46795
>passed!
repetition: 46796
>passed!
repetition: 46797
>passed!
repetition: 46798
>passed!
repetition: 46799
>passed!
repetition: 46800
>passed!
repetition: 46801
>passed!
repetition: 46802
>passed!
repetition: 46803
>passed!
repetition: 46804
>passed!
repetition: 46805
>passed!
repetition: 46806
>passed!
repetition: 46807
>passed!
repetition: 46808
>passed!
repetition: 46809
>passed!
repetition: 46810
>passed!
repetition: 46811
>passed!
repetition: 46812
>passed!
repetition: 46813
>passed!
repetition: 46814
>passed!
repetition: 46815
>passed!
repetition: 46816
>passed!
repetition: 46817
>passed!
repetition: 46818
>passed!
repetition: 46819
>passed!
repetition: 46820
>passed!
repetition: 46821
>passed!
repetition: 46822
>passed!
repetition: 46823
>passed!
repetition: 46824
>passed!
repetition: 46825
>passed!
repetition: 46826
>passed!
repetition: 46827
>passed!
repetition: 46828
>passed!
repetition: 46829
>passed!
repetition: 46830
>passed!
repetition: 46831
>passed!
repetition: 46832
>passed!
repetition: 46833
>passed!
repetition: 46834
>passed!
repetition: 46835
>passed!
repetition: 46836
>passed!
repetition: 46837
>passed!
repetition: 46838
>passed!
repetition: 46839
>passed!
repetition: 46840
>passed!
repetition: 46841
>passed!
repetition: 46842
>passed!
repetition: 46843
>passed!
repetition: 46844
>passed!
repetition: 46845
>passed!
repetition: 46846
>passed!
repetition: 46847
>passed!
repetition: 46848
>passed!
repetition: 46849
>passed!
repetition: 46850
>passed!
repetition: 46851
>passed!
repetition: 46852
>passed!
repetition: 46853
>passed!
repetition: 46854
>passed!
repetition: 46855
>passed!
repetition: 46856
>passed!
repetition: 46857
>passed!
repetition: 46858
>passed!
repetition: 46859
>passed!
repetition: 46860
>passed!
repetition: 46861
>passed!
repetition: 46862
>passed!
repetition: 46863
>passed!
repetition: 46864
>passed!
repetition: 46865
>passed!
repetition: 46866
>passed!
repetition: 46867
>passed!
repetition: 46868
>passed!
repetition: 46869
>passed!
repetition: 46870
>passed!
repetition: 46871
>passed!
repetition: 46872
>passed!
repetition: 46873
>passed!
repetition: 46874
>passed!
repetition: 46875
>passed!
repetition: 46876
>passed!
repetition: 46877
>passed!
repetition: 46878
>passed!
repetition: 46879
>passed!
repetition: 46880
>passed!
repetition: 46881
>passed!
repetition: 46882
>passed!
repetition: 46883
>passed!
repetition: 46884
>passed!
repetition: 46885
>passed!
repetition: 46886
>passed!
repetition: 46887
>passed!
repetition: 46888
>passed!
repetition: 46889
>passed!
repetition: 46890
>passed!
repetition: 46891
>passed!
repetition: 46892
>passed!
repetition: 46893
>passed!
repetition: 46894
>passed!
repetition: 46895
>passed!
repetition: 46896
>passed!
repetition: 46897
>passed!
repetition: 46898
>passed!
repetition: 46899
>passed!
repetition: 46900
>passed!
repetition: 46901
>passed!
repetition: 46902
>passed!
repetition: 46903
>passed!
repetition: 46904
>passed!
repetition: 46905
>passed!
repetition: 46906
>passed!
repetition: 46907
>passed!
repetition: 46908
>passed!
repetition: 46909
>passed!
repetition: 46910
>passed!
repetition: 46911
>passed!
repetition: 46912
>passed!
repetition: 46913
>passed!
repetition: 46914
>passed!
repetition: 46915
>passed!
repetition: 46916
>passed!
repetition: 46917
>passed!
repetition: 46918
>passed!
repetition: 46919
>passed!
repetition: 46920
>passed!
repetition: 46921
>passed!
repetition: 46922
>passed!
repetition: 46923
>passed!
repetition: 46924
>passed!
repetition: 46925
>passed!
repetition: 46926
>passed!
repetition: 46927
>passed!
repetition: 46928
>passed!
repetition: 46929
>passed!
repetition: 46930
>passed!
repetition: 46931
>passed!
repetition: 46932
>passed!
repetition: 46933
>passed!
repetition: 46934
>passed!
repetition: 46935
>passed!
repetition: 46936
>passed!
repetition: 46937
>passed!
repetition: 46938
>passed!
repetition: 46939
>passed!
repetition: 46940
>passed!
repetition: 46941
>passed!
repetition: 46942
>passed!
repetition: 46943
>passed!
repetition: 46944
>passed!
repetition: 46945
>passed!
repetition: 46946
>passed!
repetition: 46947
>passed!
repetition: 46948
>passed!
repetition: 46949
>passed!
repetition: 46950
>passed!
repetition: 46951
>passed!
repetition: 46952
>passed!
repetition: 46953
>passed!
repetition: 46954
>passed!
repetition: 46955
>passed!
repetition: 46956
>passed!
repetition: 46957
>passed!
repetition: 46958
>passed!
repetition: 46959
>passed!
repetition: 46960
>passed!
repetition: 46961
>passed!
repetition: 46962
>passed!
repetition: 46963
>passed!
repetition: 46964
>passed!
repetition: 46965
>passed!
repetition: 46966
>passed!
repetition: 46967
>passed!
repetition: 46968
>passed!
repetition: 46969
>passed!
repetition: 46970
>passed!
repetition: 46971
>passed!
repetition: 46972
>passed!
repetition: 46973
>passed!
repetition: 46974
>passed!
repetition: 46975
>passed!
repetition: 46976
>passed!
repetition: 46977
>passed!
repetition: 46978
>passed!
repetition: 46979
>passed!
repetition: 46980
>passed!
repetition: 46981
>passed!
repetition: 46982
>passed!
repetition: 46983
>passed!
repetition: 46984
>passed!
repetition: 46985
>passed!
repetition: 46986
>passed!
repetition: 46987
>passed!
repetition: 46988
>passed!
repetition: 46989
>passed!
repetition: 46990
>passed!
repetition: 46991
>passed!
repetition: 46992
>passed!
repetition: 46993
>passed!
repetition: 46994
>passed!
repetition: 46995
>passed!
repetition: 46996
>passed!
repetition: 46997
>passed!
repetition: 46998
>passed!
repetition: 46999
>passed!
repetition: 47000
>passed!
repetition: 47001
>passed!
repetition: 47002
>passed!
repetition: 47003
>passed!
repetition: 47004
>passed!
repetition: 47005
>passed!
repetition: 47006
>passed!
repetition: 47007
>passed!
repetition: 47008
>passed!
repetition: 47009
>passed!
repetition: 47010
>passed!
repetition: 47011
>passed!
repetition: 47012
>passed!
repetition: 47013
>passed!
repetition: 47014
>passed!
repetition: 47015
>passed!
repetition: 47016
>passed!
repetition: 47017
>passed!
repetition: 47018
>passed!
repetition: 47019
>passed!
repetition: 47020
>passed!
repetition: 47021
>passed!
repetition: 47022
>passed!
repetition: 47023
>passed!
repetition: 47024
>passed!
repetition: 47025
>passed!
repetition: 47026
>passed!
repetition: 47027
>passed!
repetition: 47028
>passed!
repetition: 47029
>passed!
repetition: 47030
>passed!
repetition: 47031
>passed!
repetition: 47032
>passed!
repetition: 47033
>passed!
repetition: 47034
>passed!
repetition: 47035
>passed!
repetition: 47036
>passed!
repetition: 47037
>passed!
repetition: 47038
>passed!
repetition: 47039
>passed!
repetition: 47040
>passed!
repetition: 47041
>passed!
repetition: 47042
>passed!
repetition: 47043
>passed!
repetition: 47044
>passed!
repetition: 47045
>passed!
repetition: 47046
>passed!
repetition: 47047
>passed!
repetition: 47048
>passed!
repetition: 47049
>passed!
repetition: 47050
>passed!
repetition: 47051
>passed!
repetition: 47052
>passed!
repetition: 47053
>passed!
repetition: 47054
>passed!
repetition: 47055
>passed!
repetition: 47056
>passed!
repetition: 47057
>passed!
repetition: 47058
>passed!
repetition: 47059
>passed!
repetition: 47060
>passed!
repetition: 47061
>passed!
repetition: 47062
>passed!
repetition: 47063
>passed!
repetition: 47064
>passed!
repetition: 47065
>passed!
repetition: 47066
>passed!
repetition: 47067
>passed!
repetition: 47068
>passed!
repetition: 47069
>passed!
repetition: 47070
>passed!
repetition: 47071
>passed!
repetition: 47072
>passed!
repetition: 47073
>passed!
repetition: 47074
>passed!
repetition: 47075
>passed!
repetition: 47076
>passed!
repetition: 47077
>passed!
repetition: 47078
>passed!
repetition: 47079
>passed!
repetition: 47080
>passed!
repetition: 47081
>passed!
repetition: 47082
>passed!
repetition: 47083
>passed!
repetition: 47084
>passed!
repetition: 47085
>passed!
repetition: 47086
>passed!
repetition: 47087
>passed!
repetition: 47088
>passed!
repetition: 47089
>passed!
repetition: 47090
>passed!
repetition: 47091
>passed!
repetition: 47092
>passed!
repetition: 47093
>passed!
repetition: 47094
>passed!
repetition: 47095
>passed!
repetition: 47096
>passed!
repetition: 47097
>passed!
repetition: 47098
>passed!
repetition: 47099
>passed!
repetition: 47100
>passed!
repetition: 47101
>passed!
repetition: 47102
>passed!
repetition: 47103
>passed!
repetition: 47104
>passed!
repetition: 47105
>passed!
repetition: 47106
>passed!
repetition: 47107
>passed!
repetition: 47108
>passed!
repetition: 47109
>passed!
repetition: 47110
>passed!
repetition: 47111
>passed!
repetition: 47112
>passed!
repetition: 47113
>passed!
repetition: 47114
>passed!
repetition: 47115
>passed!
repetition: 47116
>passed!
repetition: 47117
>passed!
repetition: 47118
>passed!
repetition: 47119
>passed!
repetition: 47120
>passed!
repetition: 47121
>passed!
repetition: 47122
>passed!
repetition: 47123
>passed!
repetition: 47124
>passed!
repetition: 47125
>passed!
repetition: 47126
>passed!
repetition: 47127
>passed!
repetition: 47128
>passed!
repetition: 47129
>passed!
repetition: 47130
>passed!
repetition: 47131
>passed!
repetition: 47132
>passed!
repetition: 47133
>passed!
repetition: 47134
>passed!
repetition: 47135
>passed!
repetition: 47136
>passed!
repetition: 47137
>passed!
repetition: 47138
>passed!
repetition: 47139
>passed!
repetition: 47140
>passed!
repetition: 47141
>passed!
repetition: 47142
>passed!
repetition: 47143
>passed!
repetition: 47144
>passed!
repetition: 47145
>passed!
repetition: 47146
>passed!
repetition: 47147
>passed!
repetition: 47148
>passed!
repetition: 47149
>passed!
repetition: 47150
>passed!
repetition: 47151
>passed!
repetition: 47152
>passed!
repetition: 47153
>passed!
repetition: 47154
>passed!
repetition: 47155
>passed!
repetition: 47156
>passed!
repetition: 47157
>passed!
repetition: 47158
>passed!
repetition: 47159
>passed!
repetition: 47160
>passed!
repetition: 47161
>passed!
repetition: 47162
>passed!
repetition: 47163
>passed!
repetition: 47164
>passed!
repetition: 47165
>passed!
repetition: 47166
>passed!
repetition: 47167
>passed!
repetition: 47168
>passed!
repetition: 47169
>passed!
repetition: 47170
>passed!
repetition: 47171
>passed!
repetition: 47172
>passed!
repetition: 47173
>passed!
repetition: 47174
>passed!
repetition: 47175
>passed!
repetition: 47176
>passed!
repetition: 47177
>passed!
repetition: 47178
>passed!
repetition: 47179
>passed!
repetition: 47180
>passed!
repetition: 47181
>passed!
repetition: 47182
>passed!
repetition: 47183
>passed!
repetition: 47184
>passed!
repetition: 47185
>passed!
repetition: 47186
>passed!
repetition: 47187
>passed!
repetition: 47188
>passed!
repetition: 47189
>passed!
repetition: 47190
>passed!
repetition: 47191
>passed!
repetition: 47192
>passed!
repetition: 47193
>passed!
repetition: 47194
>passed!
repetition: 47195
>passed!
repetition: 47196
>passed!
repetition: 47197
>passed!
repetition: 47198
>passed!
repetition: 47199
>passed!
repetition: 47200
>passed!
repetition: 47201
>passed!
repetition: 47202
>passed!
repetition: 47203
>passed!
repetition: 47204
>passed!
repetition: 47205
>passed!
repetition: 47206
>passed!
repetition: 47207
>passed!
repetition: 47208
>passed!
repetition: 47209
>passed!
repetition: 47210
>passed!
repetition: 47211
>passed!
repetition: 47212
>passed!
repetition: 47213
>passed!
repetition: 47214
>passed!
repetition: 47215
>passed!
repetition: 47216
>passed!
repetition: 47217
>passed!
repetition: 47218
>passed!
repetition: 47219
>passed!
repetition: 47220
>passed!
repetition: 47221
>passed!
repetition: 47222
>passed!
repetition: 47223
>passed!
repetition: 47224
>passed!
repetition: 47225
>passed!
repetition: 47226
>passed!
repetition: 47227
>passed!
repetition: 47228
>passed!
repetition: 47229
>passed!
repetition: 47230
>passed!
repetition: 47231
>passed!
repetition: 47232
>passed!
repetition: 47233
>passed!
repetition: 47234
>passed!
repetition: 47235
>passed!
repetition: 47236
>passed!
repetition: 47237
>passed!
repetition: 47238
>passed!
repetition: 47239
>passed!
repetition: 47240
>passed!
repetition: 47241
>passed!
repetition: 47242
>passed!
repetition: 47243
>passed!
repetition: 47244
>passed!
repetition: 47245
>passed!
repetition: 47246
>passed!
repetition: 47247
>passed!
repetition: 47248
>passed!
repetition: 47249
>passed!
repetition: 47250
>passed!
repetition: 47251
>passed!
repetition: 47252
>passed!
repetition: 47253
>passed!
repetition: 47254
>passed!
repetition: 47255
>passed!
repetition: 47256
>passed!
repetition: 47257
>passed!
repetition: 47258
>passed!
repetition: 47259
>passed!
repetition: 47260
>passed!
repetition: 47261
>passed!
repetition: 47262
>passed!
repetition: 47263
>passed!
repetition: 47264
>passed!
repetition: 47265
>passed!
repetition: 47266
>passed!
repetition: 47267
>passed!
repetition: 47268
>passed!
repetition: 47269
>passed!
repetition: 47270
>passed!
repetition: 47271
>passed!
repetition: 47272
>passed!
repetition: 47273
>passed!
repetition: 47274
>passed!
repetition: 47275
>passed!
repetition: 47276
>passed!
repetition: 47277
>passed!
repetition: 47278
>passed!
repetition: 47279
>passed!
repetition: 47280
>passed!
repetition: 47281
>passed!
repetition: 47282
>passed!
repetition: 47283
>passed!
repetition: 47284
>passed!
repetition: 47285
>passed!
repetition: 47286
>passed!
repetition: 47287
>passed!
repetition: 47288
>passed!
repetition: 47289
>passed!
repetition: 47290
>passed!
repetition: 47291
>passed!
repetition: 47292
>passed!
repetition: 47293
>passed!
repetition: 47294
>passed!
repetition: 47295
>passed!
repetition: 47296
>passed!
repetition: 47297
>passed!
repetition: 47298
>passed!
repetition: 47299
>passed!
repetition: 47300
>passed!
repetition: 47301
>passed!
repetition: 47302
>passed!
repetition: 47303
>passed!
repetition: 47304
>passed!
repetition: 47305
>passed!
repetition: 47306
>passed!
repetition: 47307
>passed!
repetition: 47308
>passed!
repetition: 47309
>passed!
repetition: 47310
>passed!
repetition: 47311
>passed!
repetition: 47312
>passed!
repetition: 47313
>passed!
repetition: 47314
>passed!
repetition: 47315
>passed!
repetition: 47316
>passed!
repetition: 47317
>passed!
repetition: 47318
>passed!
repetition: 47319
>passed!
repetition: 47320
>passed!
repetition: 47321
>passed!
repetition: 47322
>passed!
repetition: 47323
>passed!
repetition: 47324
>passed!
repetition: 47325
>passed!
repetition: 47326
>passed!
repetition: 47327
>passed!
repetition: 47328
>passed!
repetition: 47329
>passed!
repetition: 47330
>passed!
repetition: 47331
>passed!
repetition: 47332
>passed!
repetition: 47333
>passed!
repetition: 47334
>passed!
repetition: 47335
>passed!
repetition: 47336
>passed!
repetition: 47337
>passed!
repetition: 47338
>passed!
repetition: 47339
>passed!
repetition: 47340
>passed!
repetition: 47341
>passed!
repetition: 47342
>passed!
repetition: 47343
>passed!
repetition: 47344
>passed!
repetition: 47345
>passed!
repetition: 47346
>passed!
repetition: 47347
>passed!
repetition: 47348
>passed!
repetition: 47349
>passed!
repetition: 47350
>passed!
repetition: 47351
>passed!
repetition: 47352
>passed!
repetition: 47353
>passed!
repetition: 47354
>passed!
repetition: 47355
>passed!
repetition: 47356
>passed!
repetition: 47357
>passed!
repetition: 47358
>passed!
repetition: 47359
>passed!
repetition: 47360
>passed!
repetition: 47361
>passed!
repetition: 47362
>passed!
repetition: 47363
>passed!
repetition: 47364
>passed!
repetition: 47365
>passed!
repetition: 47366
>passed!
repetition: 47367
>passed!
repetition: 47368
>passed!
repetition: 47369
>passed!
repetition: 47370
>passed!
repetition: 47371
>passed!
repetition: 47372
>passed!
repetition: 47373
>passed!
repetition: 47374
>passed!
repetition: 47375
>passed!
repetition: 47376
>passed!
repetition: 47377
>passed!
repetition: 47378
>passed!
repetition: 47379
>passed!
repetition: 47380
>passed!
repetition: 47381
>passed!
repetition: 47382
>passed!
repetition: 47383
>passed!
repetition: 47384
>passed!
repetition: 47385
>passed!
repetition: 47386
>passed!
repetition: 47387
>passed!
repetition: 47388
>passed!
repetition: 47389
>passed!
repetition: 47390
>passed!
repetition: 47391
>passed!
repetition: 47392
>passed!
repetition: 47393
>passed!
repetition: 47394
>passed!
repetition: 47395
>passed!
repetition: 47396
>passed!
repetition: 47397
>passed!
repetition: 47398
>passed!
repetition: 47399
>passed!
repetition: 47400
>passed!
repetition: 47401
>passed!
repetition: 47402
>passed!
repetition: 47403
>passed!
repetition: 47404
>passed!
repetition: 47405
>passed!
repetition: 47406
>passed!
repetition: 47407
>passed!
repetition: 47408
>passed!
repetition: 47409
>passed!
repetition: 47410
>passed!
repetition: 47411
>passed!
repetition: 47412
>passed!
repetition: 47413
>passed!
repetition: 47414
>passed!
repetition: 47415
>passed!
repetition: 47416
>passed!
repetition: 47417
>passed!
repetition: 47418
>passed!
repetition: 47419
>passed!
repetition: 47420
>passed!
repetition: 47421
>passed!
repetition: 47422
>passed!
repetition: 47423
>passed!
repetition: 47424
>passed!
repetition: 47425
>passed!
repetition: 47426
>passed!
repetition: 47427
>passed!
repetition: 47428
>passed!
repetition: 47429
>passed!
repetition: 47430
>passed!
repetition: 47431
>passed!
repetition: 47432
>passed!
repetition: 47433
>passed!
repetition: 47434
>passed!
repetition: 47435
>passed!
repetition: 47436
>passed!
repetition: 47437
>passed!
repetition: 47438
>passed!
repetition: 47439
>passed!
repetition: 47440
>passed!
repetition: 47441
>passed!
repetition: 47442
>passed!
repetition: 47443
>passed!
repetition: 47444
>passed!
repetition: 47445
>passed!
repetition: 47446
>passed!
repetition: 47447
>passed!
repetition: 47448
>passed!
repetition: 47449
>passed!
repetition: 47450
>passed!
repetition: 47451
>passed!
repetition: 47452
>passed!
repetition: 47453
>passed!
repetition: 47454
>passed!
repetition: 47455
>passed!
repetition: 47456
>passed!
repetition: 47457
>passed!
repetition: 47458
>passed!
repetition: 47459
>passed!
repetition: 47460
>passed!
repetition: 47461
>passed!
repetition: 47462
>passed!
repetition: 47463
>passed!
repetition: 47464
>passed!
repetition: 47465
>passed!
repetition: 47466
>passed!
repetition: 47467
>passed!
repetition: 47468
>passed!
repetition: 47469
>passed!
repetition: 47470
>passed!
repetition: 47471
>passed!
repetition: 47472
>passed!
repetition: 47473
>passed!
repetition: 47474
>passed!
repetition: 47475
>passed!
repetition: 47476
>passed!
repetition: 47477
>passed!
repetition: 47478
>passed!
repetition: 47479
>passed!
repetition: 47480
>passed!
repetition: 47481
>passed!
repetition: 47482
>passed!
repetition: 47483
>passed!
repetition: 47484
>passed!
repetition: 47485
>passed!
repetition: 47486
>passed!
repetition: 47487
>passed!
repetition: 47488
>passed!
repetition: 47489
>passed!
repetition: 47490
>passed!
repetition: 47491
>passed!
repetition: 47492
>passed!
repetition: 47493
>passed!
repetition: 47494
>passed!
repetition: 47495
>passed!
repetition: 47496
>passed!
repetition: 47497
>passed!
repetition: 47498
>passed!
repetition: 47499
>passed!
repetition: 47500
>passed!
repetition: 47501
>passed!
repetition: 47502
>passed!
repetition: 47503
>passed!
repetition: 47504
>passed!
repetition: 47505
>passed!
repetition: 47506
>passed!
repetition: 47507
>passed!
repetition: 47508
>passed!
repetition: 47509
>passed!
repetition: 47510
>passed!
repetition: 47511
>passed!
repetition: 47512
>passed!
repetition: 47513
>passed!
repetition: 47514
>passed!
repetition: 47515
>passed!
repetition: 47516
>passed!
repetition: 47517
>passed!
repetition: 47518
>passed!
repetition: 47519
>passed!
repetition: 47520
>passed!
repetition: 47521
>passed!
repetition: 47522
>passed!
repetition: 47523
>passed!
repetition: 47524
>passed!
repetition: 47525
>passed!
repetition: 47526
>passed!
repetition: 47527
>passed!
repetition: 47528
>passed!
repetition: 47529
>passed!
repetition: 47530
>passed!
repetition: 47531
>passed!
repetition: 47532
>passed!
repetition: 47533
>passed!
repetition: 47534
>passed!
repetition: 47535
>passed!
repetition: 47536
>passed!
repetition: 47537
>passed!
repetition: 47538
>passed!
repetition: 47539
>passed!
repetition: 47540
>passed!
repetition: 47541
>passed!
repetition: 47542
>passed!
repetition: 47543
>passed!
repetition: 47544
>passed!
repetition: 47545
>passed!
repetition: 47546
>passed!
repetition: 47547
>passed!
repetition: 47548
>passed!
repetition: 47549
>passed!
repetition: 47550
>passed!
repetition: 47551
>passed!
repetition: 47552
>passed!
repetition: 47553
>passed!
repetition: 47554
>passed!
repetition: 47555
>passed!
repetition: 47556
>passed!
repetition: 47557
>passed!
repetition: 47558
>passed!
repetition: 47559
>passed!
repetition: 47560
>passed!
repetition: 47561
>passed!
repetition: 47562
>passed!
repetition: 47563
>passed!
repetition: 47564
>passed!
repetition: 47565
>passed!
repetition: 47566
>passed!
repetition: 47567
>passed!
repetition: 47568
>passed!
repetition: 47569
>passed!
repetition: 47570
>passed!
repetition: 47571
>passed!
repetition: 47572
>passed!
repetition: 47573
>passed!
repetition: 47574
>passed!
repetition: 47575
>passed!
repetition: 47576
>passed!
repetition: 47577
>passed!
repetition: 47578
>passed!
repetition: 47579
>passed!
repetition: 47580
>passed!
repetition: 47581
>passed!
repetition: 47582
>passed!
repetition: 47583
>passed!
repetition: 47584
>passed!
repetition: 47585
>passed!
repetition: 47586
>passed!
repetition: 47587
>passed!
repetition: 47588
>passed!
repetition: 47589
>passed!
repetition: 47590
>passed!
repetition: 47591
>passed!
repetition: 47592
>passed!
repetition: 47593
>passed!
repetition: 47594
>passed!
repetition: 47595
>passed!
repetition: 47596
>passed!
repetition: 47597
>passed!
repetition: 47598
>passed!
repetition: 47599
>passed!
repetition: 47600
>passed!
repetition: 47601
>passed!
repetition: 47602
>passed!
repetition: 47603
>passed!
repetition: 47604
>passed!
repetition: 47605
>passed!
repetition: 47606
>passed!
repetition: 47607
>passed!
repetition: 47608
>passed!
repetition: 47609
>passed!
repetition: 47610
>passed!
repetition: 47611
>passed!
repetition: 47612
>passed!
repetition: 47613
>passed!
repetition: 47614
>passed!
repetition: 47615
>passed!
repetition: 47616
>passed!
repetition: 47617
>passed!
repetition: 47618
>passed!
repetition: 47619
>passed!
repetition: 47620
>passed!
repetition: 47621
>passed!
repetition: 47622
>passed!
repetition: 47623
>passed!
repetition: 47624
>passed!
repetition: 47625
>passed!
repetition: 47626
>passed!
repetition: 47627
>passed!
repetition: 47628
>passed!
repetition: 47629
>passed!
repetition: 47630
>passed!
repetition: 47631
>passed!
repetition: 47632
>passed!
repetition: 47633
>passed!
repetition: 47634
>passed!
repetition: 47635
>passed!
repetition: 47636
>passed!
repetition: 47637
>passed!
repetition: 47638
>passed!
repetition: 47639
>passed!
repetition: 47640
>passed!
repetition: 47641
>passed!
repetition: 47642
>passed!
repetition: 47643
>passed!
repetition: 47644
>passed!
repetition: 47645
>passed!
repetition: 47646
>passed!
repetition: 47647
>passed!
repetition: 47648
>passed!
repetition: 47649
>passed!
repetition: 47650
>passed!
repetition: 47651
>passed!
repetition: 47652
>passed!
repetition: 47653
>passed!
repetition: 47654
>passed!
repetition: 47655
>passed!
repetition: 47656
>passed!
repetition: 47657
>passed!
repetition: 47658
>passed!
repetition: 47659
>passed!
repetition: 47660
>passed!
repetition: 47661
>passed!
repetition: 47662
>passed!
repetition: 47663
>passed!
repetition: 47664
>passed!
repetition: 47665
>passed!
repetition: 47666
>passed!
repetition: 47667
>passed!
repetition: 47668
>passed!
repetition: 47669
>passed!
repetition: 47670
>passed!
repetition: 47671
>passed!
repetition: 47672
>passed!
repetition: 47673
>passed!
repetition: 47674
>passed!
repetition: 47675
>passed!
repetition: 47676
>passed!
repetition: 47677
>passed!
repetition: 47678
>passed!
repetition: 47679
>passed!
repetition: 47680
>passed!
repetition: 47681
>passed!
repetition: 47682
>passed!
repetition: 47683
>passed!
repetition: 47684
>passed!
repetition: 47685
>passed!
repetition: 47686
>passed!
repetition: 47687
>passed!
repetition: 47688
>passed!
repetition: 47689
>passed!
repetition: 47690
>passed!
repetition: 47691
>passed!
repetition: 47692
>passed!
repetition: 47693
>passed!
repetition: 47694
>passed!
repetition: 47695
>passed!
repetition: 47696
>passed!
repetition: 47697
>passed!
repetition: 47698
>passed!
repetition: 47699
>passed!
repetition: 47700
>passed!
repetition: 47701
>passed!
repetition: 47702
>passed!
repetition: 47703
>passed!
repetition: 47704
>passed!
repetition: 47705
>passed!
repetition: 47706
>passed!
repetition: 47707
>passed!
repetition: 47708
>passed!
repetition: 47709
>passed!
repetition: 47710
>passed!
repetition: 47711
>passed!
repetition: 47712
>passed!
repetition: 47713
>passed!
repetition: 47714
>passed!
repetition: 47715
>passed!
repetition: 47716
>passed!
repetition: 47717
>passed!
repetition: 47718
>passed!
repetition: 47719
>passed!
repetition: 47720
>passed!
repetition: 47721
>passed!
repetition: 47722
>passed!
repetition: 47723
>passed!
repetition: 47724
>passed!
repetition: 47725
>passed!
repetition: 47726
>passed!
repetition: 47727
>passed!
repetition: 47728
>passed!
repetition: 47729
>passed!
repetition: 47730
>passed!
repetition: 47731
>passed!
repetition: 47732
>passed!
repetition: 47733
>passed!
repetition: 47734
>passed!
repetition: 47735
>passed!
repetition: 47736
>passed!
repetition: 47737
>passed!
repetition: 47738
>passed!
repetition: 47739
>passed!
repetition: 47740
>passed!
repetition: 47741
>passed!
repetition: 47742
>passed!
repetition: 47743
>passed!
repetition: 47744
>passed!
repetition: 47745
>passed!
repetition: 47746
>passed!
repetition: 47747
>passed!
repetition: 47748
>passed!
repetition: 47749
>passed!
repetition: 47750
>passed!
repetition: 47751
>passed!
repetition: 47752
>passed!
repetition: 47753
>passed!
repetition: 47754
>passed!
repetition: 47755
>passed!
repetition: 47756
>passed!
repetition: 47757
>passed!
repetition: 47758
>passed!
repetition: 47759
>passed!
repetition: 47760
>passed!
repetition: 47761
>passed!
repetition: 47762
>passed!
repetition: 47763
>passed!
repetition: 47764
>passed!
repetition: 47765
>passed!
repetition: 47766
>passed!
repetition: 47767
>passed!
repetition: 47768
>passed!
repetition: 47769
>passed!
repetition: 47770
>passed!
repetition: 47771
>passed!
repetition: 47772
>passed!
repetition: 47773
>passed!
repetition: 47774
>passed!
repetition: 47775
>passed!
repetition: 47776
>passed!
repetition: 47777
>passed!
repetition: 47778
>passed!
repetition: 47779
>passed!
repetition: 47780
>passed!
repetition: 47781
>passed!
repetition: 47782
>passed!
repetition: 47783
>passed!
repetition: 47784
>passed!
repetition: 47785
>passed!
repetition: 47786
>passed!
repetition: 47787
>passed!
repetition: 47788
>passed!
repetition: 47789
>passed!
repetition: 47790
>passed!
repetition: 47791
>passed!
repetition: 47792
>passed!
repetition: 47793
>passed!
repetition: 47794
>passed!
repetition: 47795
>passed!
repetition: 47796
>passed!
repetition: 47797
>passed!
repetition: 47798
>passed!
repetition: 47799
>passed!
repetition: 47800
>passed!
repetition: 47801
>passed!
repetition: 47802
>passed!
repetition: 47803
>passed!
repetition: 47804
>passed!
repetition: 47805
>passed!
repetition: 47806
>passed!
repetition: 47807
>passed!
repetition: 47808
>passed!
repetition: 47809
>passed!
repetition: 47810
>passed!
repetition: 47811
>passed!
repetition: 47812
>passed!
repetition: 47813
>passed!
repetition: 47814
>passed!
repetition: 47815
>passed!
repetition: 47816
>passed!
repetition: 47817
>passed!
repetition: 47818
>passed!
repetition: 47819
>passed!
repetition: 47820
>passed!
repetition: 47821
>passed!
repetition: 47822
>passed!
repetition: 47823
>passed!
repetition: 47824
>passed!
repetition: 47825
>passed!
repetition: 47826
>passed!
repetition: 47827
>passed!
repetition: 47828
>passed!
repetition: 47829
>passed!
repetition: 47830
>passed!
repetition: 47831
>passed!
repetition: 47832
>passed!
repetition: 47833
>passed!
repetition: 47834
>passed!
repetition: 47835
>passed!
repetition: 47836
>passed!
repetition: 47837
>passed!
repetition: 47838
>passed!
repetition: 47839
>passed!
repetition: 47840
>passed!
repetition: 47841
>passed!
repetition: 47842
>passed!
repetition: 47843
>passed!
repetition: 47844
>passed!
repetition: 47845
>passed!
repetition: 47846
>passed!
repetition: 47847
>passed!
repetition: 47848
>passed!
repetition: 47849
>passed!
repetition: 47850
>passed!
repetition: 47851
>passed!
repetition: 47852
>passed!
repetition: 47853
>passed!
repetition: 47854
>passed!
repetition: 47855
>passed!
repetition: 47856
>passed!
repetition: 47857
>passed!
repetition: 47858
>passed!
repetition: 47859
>passed!
repetition: 47860
>passed!
repetition: 47861
>passed!
repetition: 47862
>passed!
repetition: 47863
>passed!
repetition: 47864
>passed!
repetition: 47865
>passed!
repetition: 47866
>passed!
repetition: 47867
>passed!
repetition: 47868
>passed!
repetition: 47869
>passed!
repetition: 47870
>passed!
repetition: 47871
>passed!
repetition: 47872
>passed!
repetition: 47873
>passed!
repetition: 47874
>passed!
repetition: 47875
>passed!
repetition: 47876
>passed!
repetition: 47877
>passed!
repetition: 47878
>passed!
repetition: 47879
>passed!
repetition: 47880
>passed!
repetition: 47881
>passed!
repetition: 47882
>passed!
repetition: 47883
>passed!
repetition: 47884
>passed!
repetition: 47885
>passed!
repetition: 47886
>passed!
repetition: 47887
>passed!
repetition: 47888
>passed!
repetition: 47889
>passed!
repetition: 47890
>passed!
repetition: 47891
>passed!
repetition: 47892
>passed!
repetition: 47893
>passed!
repetition: 47894
>passed!
repetition: 47895
>passed!
repetition: 47896
>passed!
repetition: 47897
>passed!
repetition: 47898
>passed!
repetition: 47899
>passed!
repetition: 47900
>passed!
repetition: 47901
>passed!
repetition: 47902
>passed!
repetition: 47903
>passed!
repetition: 47904
>passed!
repetition: 47905
>passed!
repetition: 47906
>passed!
repetition: 47907
>passed!
repetition: 47908
>passed!
repetition: 47909
>passed!
repetition: 47910
>passed!
repetition: 47911
>passed!
repetition: 47912
>passed!
repetition: 47913
>passed!
repetition: 47914
>passed!
repetition: 47915
>passed!
repetition: 47916
>passed!
repetition: 47917
>passed!
repetition: 47918
>passed!
repetition: 47919
>passed!
repetition: 47920
>passed!
repetition: 47921
>passed!
repetition: 47922
>passed!
repetition: 47923
>passed!
repetition: 47924
>passed!
repetition: 47925
>passed!
repetition: 47926
>passed!
repetition: 47927
>passed!
repetition: 47928
>passed!
repetition: 47929
>passed!
repetition: 47930
>passed!
repetition: 47931
>passed!
repetition: 47932
>passed!
repetition: 47933
>passed!
repetition: 47934
>passed!
repetition: 47935
>passed!
repetition: 47936
>passed!
repetition: 47937
>passed!
repetition: 47938
>passed!
repetition: 47939
>passed!
repetition: 47940
>passed!
repetition: 47941
>passed!
repetition: 47942
>passed!
repetition: 47943
>passed!
repetition: 47944
>passed!
repetition: 47945
>passed!
repetition: 47946
>passed!
repetition: 47947
>passed!
repetition: 47948
>passed!
repetition: 47949
>passed!
repetition: 47950
>passed!
repetition: 47951
>passed!
repetition: 47952
>passed!
repetition: 47953
>passed!
repetition: 47954
>passed!
repetition: 47955
>passed!
repetition: 47956
>passed!
repetition: 47957
>passed!
repetition: 47958
>passed!
repetition: 47959
>passed!
repetition: 47960
>passed!
repetition: 47961
>passed!
repetition: 47962
>passed!
repetition: 47963
>passed!
repetition: 47964
>passed!
repetition: 47965
>passed!
repetition: 47966
>passed!
repetition: 47967
>passed!
repetition: 47968
>passed!
repetition: 47969
>passed!
repetition: 47970
>passed!
repetition: 47971
>passed!
repetition: 47972
>passed!
repetition: 47973
>passed!
repetition: 47974
>passed!
repetition: 47975
>passed!
repetition: 47976
>passed!
repetition: 47977
>passed!
repetition: 47978
>passed!
repetition: 47979
>passed!
repetition: 47980
>passed!
repetition: 47981
>passed!
repetition: 47982
>passed!
repetition: 47983
>passed!
repetition: 47984
>passed!
repetition: 47985
>passed!
repetition: 47986
>passed!
repetition: 47987
>passed!
repetition: 47988
>passed!
repetition: 47989
>passed!
repetition: 47990
>passed!
repetition: 47991
>passed!
repetition: 47992
>passed!
repetition: 47993
>passed!
repetition: 47994
>passed!
repetition: 47995
>passed!
repetition: 47996
>passed!
repetition: 47997
>passed!
repetition: 47998
>passed!
repetition: 47999
>passed!
repetition: 48000
>passed!
repetition: 48001
>passed!
repetition: 48002
>passed!
repetition: 48003
>passed!
repetition: 48004
>passed!
repetition: 48005
>passed!
repetition: 48006
>passed!
repetition: 48007
>passed!
repetition: 48008
>passed!
repetition: 48009
>passed!
repetition: 48010
>passed!
repetition: 48011
>passed!
repetition: 48012
>passed!
repetition: 48013
>passed!
repetition: 48014
>passed!
repetition: 48015
>passed!
repetition: 48016
>passed!
repetition: 48017
>passed!
repetition: 48018
>passed!
repetition: 48019
>passed!
repetition: 48020
>passed!
repetition: 48021
>passed!
repetition: 48022
>passed!
repetition: 48023
>passed!
repetition: 48024
>passed!
repetition: 48025
>passed!
repetition: 48026
>passed!
repetition: 48027
>passed!
repetition: 48028
>passed!
repetition: 48029
>passed!
repetition: 48030
>passed!
repetition: 48031
>passed!
repetition: 48032
>passed!
repetition: 48033
>passed!
repetition: 48034
>passed!
repetition: 48035
>passed!
repetition: 48036
>passed!
repetition: 48037
>passed!
repetition: 48038
>passed!
repetition: 48039
>passed!
repetition: 48040
>passed!
repetition: 48041
>passed!
repetition: 48042
>passed!
repetition: 48043
>passed!
repetition: 48044
>passed!
repetition: 48045
>passed!
repetition: 48046
>passed!
repetition: 48047
>passed!
repetition: 48048
>passed!
repetition: 48049
>passed!
repetition: 48050
>passed!
repetition: 48051
>passed!
repetition: 48052
>passed!
repetition: 48053
>passed!
repetition: 48054
>passed!
repetition: 48055
>passed!
repetition: 48056
>passed!
repetition: 48057
>passed!
repetition: 48058
>passed!
repetition: 48059
>passed!
repetition: 48060
>passed!
repetition: 48061
>passed!
repetition: 48062
>passed!
repetition: 48063
>passed!
repetition: 48064
>passed!
repetition: 48065
>passed!
repetition: 48066
>passed!
repetition: 48067
>passed!
repetition: 48068
>passed!
repetition: 48069
>passed!
repetition: 48070
>passed!
repetition: 48071
>passed!
repetition: 48072
>passed!
repetition: 48073
>passed!
repetition: 48074
>passed!
repetition: 48075
>passed!
repetition: 48076
>passed!
repetition: 48077
>passed!
repetition: 48078
>passed!
repetition: 48079
>passed!
repetition: 48080
>passed!
repetition: 48081
>passed!
repetition: 48082
>passed!
repetition: 48083
>passed!
repetition: 48084
>passed!
repetition: 48085
>passed!
repetition: 48086
>passed!
repetition: 48087
>passed!
repetition: 48088
>passed!
repetition: 48089
>passed!
repetition: 48090
>passed!
repetition: 48091
>passed!
repetition: 48092
>passed!
repetition: 48093
>passed!
repetition: 48094
>passed!
repetition: 48095
>passed!
repetition: 48096
>passed!
repetition: 48097
>passed!
repetition: 48098
>passed!
repetition: 48099
>passed!
repetition: 48100
>passed!
repetition: 48101
>passed!
repetition: 48102
>passed!
repetition: 48103
>passed!
repetition: 48104
>passed!
repetition: 48105
>passed!
repetition: 48106
>passed!
repetition: 48107
>passed!
repetition: 48108
>passed!
repetition: 48109
>passed!
repetition: 48110
>passed!
repetition: 48111
>passed!
repetition: 48112
>passed!
repetition: 48113
>passed!
repetition: 48114
>passed!
repetition: 48115
>passed!
repetition: 48116
>passed!
repetition: 48117
>passed!
repetition: 48118
>passed!
repetition: 48119
>passed!
repetition: 48120
>passed!
repetition: 48121
>passed!
repetition: 48122
>passed!
repetition: 48123
>passed!
repetition: 48124
>passed!
repetition: 48125
>passed!
repetition: 48126
>passed!
repetition: 48127
>passed!
repetition: 48128
>passed!
repetition: 48129
>passed!
repetition: 48130
>passed!
repetition: 48131
>passed!
repetition: 48132
>passed!
repetition: 48133
>passed!
repetition: 48134
>passed!
repetition: 48135
>passed!
repetition: 48136
>passed!
repetition: 48137
>passed!
repetition: 48138
>passed!
repetition: 48139
>passed!
repetition: 48140
>passed!
repetition: 48141
>passed!
repetition: 48142
>passed!
repetition: 48143
>passed!
repetition: 48144
>passed!
repetition: 48145
>passed!
repetition: 48146
>passed!
repetition: 48147
>passed!
repetition: 48148
>passed!
repetition: 48149
>passed!
repetition: 48150
>passed!
repetition: 48151
>passed!
repetition: 48152
>passed!
repetition: 48153
>passed!
repetition: 48154
>passed!
repetition: 48155
>passed!
repetition: 48156
>passed!
repetition: 48157
>passed!
repetition: 48158
>passed!
repetition: 48159
>passed!
repetition: 48160
>passed!
repetition: 48161
>passed!
repetition: 48162
>passed!
repetition: 48163
>passed!
repetition: 48164
>passed!
repetition: 48165
>passed!
repetition: 48166
>passed!
repetition: 48167
>passed!
repetition: 48168
>passed!
repetition: 48169
>passed!
repetition: 48170
>passed!
repetition: 48171
>passed!
repetition: 48172
>passed!
repetition: 48173
>passed!
repetition: 48174
>passed!
repetition: 48175
>passed!
repetition: 48176
>passed!
repetition: 48177
>passed!
repetition: 48178
>passed!
repetition: 48179
>passed!
repetition: 48180
>passed!
repetition: 48181
>passed!
repetition: 48182
>passed!
repetition: 48183
>passed!
repetition: 48184
>passed!
repetition: 48185
>passed!
repetition: 48186
>passed!
repetition: 48187
>passed!
repetition: 48188
>passed!
repetition: 48189
>passed!
repetition: 48190
>passed!
repetition: 48191
>passed!
repetition: 48192
>passed!
repetition: 48193
>passed!
repetition: 48194
>passed!
repetition: 48195
>passed!
repetition: 48196
>passed!
repetition: 48197
>passed!
repetition: 48198
>passed!
repetition: 48199
>passed!
repetition: 48200
>passed!
repetition: 48201
>passed!
repetition: 48202
>passed!
repetition: 48203
>passed!
repetition: 48204
>passed!
repetition: 48205
>passed!
repetition: 48206
>passed!
repetition: 48207
>passed!
repetition: 48208
>passed!
repetition: 48209
>passed!
repetition: 48210
>passed!
repetition: 48211
>passed!
repetition: 48212
>passed!
repetition: 48213
>passed!
repetition: 48214
>passed!
repetition: 48215
>passed!
repetition: 48216
>passed!
repetition: 48217
>passed!
repetition: 48218
>passed!
repetition: 48219
>passed!
repetition: 48220
>passed!
repetition: 48221
>passed!
repetition: 48222
>passed!
repetition: 48223
>passed!
repetition: 48224
>passed!
repetition: 48225
>passed!
repetition: 48226
>passed!
repetition: 48227
>passed!
repetition: 48228
>passed!
repetition: 48229
>passed!
repetition: 48230
>passed!
repetition: 48231
>passed!
repetition: 48232
>passed!
repetition: 48233
>passed!
repetition: 48234
>passed!
repetition: 48235
>passed!
repetition: 48236
>passed!
repetition: 48237
>passed!
repetition: 48238
>passed!
repetition: 48239
>passed!
repetition: 48240
>passed!
repetition: 48241
>passed!
repetition: 48242
>passed!
repetition: 48243
>passed!
repetition: 48244
>passed!
repetition: 48245
>passed!
repetition: 48246
>passed!
repetition: 48247
>passed!
repetition: 48248
>passed!
repetition: 48249
>passed!
repetition: 48250
>passed!
repetition: 48251
>passed!
repetition: 48252
>passed!
repetition: 48253
>passed!
repetition: 48254
>passed!
repetition: 48255
>passed!
repetition: 48256
>passed!
repetition: 48257
>passed!
repetition: 48258
>passed!
repetition: 48259
>passed!
repetition: 48260
>passed!
repetition: 48261
>passed!
repetition: 48262
>passed!
repetition: 48263
>passed!
repetition: 48264
>passed!
repetition: 48265
>passed!
repetition: 48266
>passed!
repetition: 48267
>passed!
repetition: 48268
>passed!
repetition: 48269
>passed!
repetition: 48270
>passed!
repetition: 48271
>passed!
repetition: 48272
>passed!
repetition: 48273
>passed!
repetition: 48274
>passed!
repetition: 48275
>passed!
repetition: 48276
>passed!
repetition: 48277
>passed!
repetition: 48278
>passed!
repetition: 48279
>passed!
repetition: 48280
>passed!
repetition: 48281
>passed!
repetition: 48282
>passed!
repetition: 48283
>passed!
repetition: 48284
>passed!
repetition: 48285
>passed!
repetition: 48286
>passed!
repetition: 48287
>passed!
repetition: 48288
>passed!
repetition: 48289
>passed!
repetition: 48290
>passed!
repetition: 48291
>passed!
repetition: 48292
>passed!
repetition: 48293
>passed!
repetition: 48294
>passed!
repetition: 48295
>passed!
repetition: 48296
>passed!
repetition: 48297
>passed!
repetition: 48298
>passed!
repetition: 48299
>passed!
repetition: 48300
>passed!
repetition: 48301
>passed!
repetition: 48302
>passed!
repetition: 48303
>passed!
repetition: 48304
>passed!
repetition: 48305
>passed!
repetition: 48306
>passed!
repetition: 48307
>passed!
repetition: 48308
>passed!
repetition: 48309
>passed!
repetition: 48310
>passed!
repetition: 48311
>passed!
repetition: 48312
>passed!
repetition: 48313
>passed!
repetition: 48314
>passed!
repetition: 48315
>passed!
repetition: 48316
>passed!
repetition: 48317
>passed!
repetition: 48318
>passed!
repetition: 48319
>passed!
repetition: 48320
>passed!
repetition: 48321
>passed!
repetition: 48322
>passed!
repetition: 48323
>passed!
repetition: 48324
>passed!
repetition: 48325
>passed!
repetition: 48326
>passed!
repetition: 48327
>passed!
repetition: 48328
>passed!
repetition: 48329
>passed!
repetition: 48330
>passed!
repetition: 48331
>passed!
repetition: 48332
>passed!
repetition: 48333
>passed!
repetition: 48334
>passed!
repetition: 48335
>passed!
repetition: 48336
>passed!
repetition: 48337
>passed!
repetition: 48338
>passed!
repetition: 48339
>passed!
repetition: 48340
>passed!
repetition: 48341
>passed!
repetition: 48342
>passed!
repetition: 48343
>passed!
repetition: 48344
>passed!
repetition: 48345
>passed!
repetition: 48346
>passed!
repetition: 48347
>passed!
repetition: 48348
>passed!
repetition: 48349
>passed!
repetition: 48350
>passed!
repetition: 48351
>passed!
repetition: 48352
>passed!
repetition: 48353
>passed!
repetition: 48354
>passed!
repetition: 48355
>passed!
repetition: 48356
>passed!
repetition: 48357
>passed!
repetition: 48358
>passed!
repetition: 48359
>passed!
repetition: 48360
>passed!
repetition: 48361
>passed!
repetition: 48362
>passed!
repetition: 48363
>passed!
repetition: 48364
>passed!
repetition: 48365
>passed!
repetition: 48366
>passed!
repetition: 48367
>passed!
repetition: 48368
>passed!
repetition: 48369
>passed!
repetition: 48370
>passed!
repetition: 48371
>passed!
repetition: 48372
>passed!
repetition: 48373
>passed!
repetition: 48374
>passed!
repetition: 48375
>passed!
repetition: 48376
>passed!
repetition: 48377
>passed!
repetition: 48378
>passed!
repetition: 48379
>passed!
repetition: 48380
>passed!
repetition: 48381
>passed!
repetition: 48382
>passed!
repetition: 48383
>passed!
repetition: 48384
>passed!
repetition: 48385
>passed!
repetition: 48386
>passed!
repetition: 48387
>passed!
repetition: 48388
>passed!
repetition: 48389
>passed!
repetition: 48390
>passed!
repetition: 48391
>passed!
repetition: 48392
>passed!
repetition: 48393
>passed!
repetition: 48394
>passed!
repetition: 48395
>passed!
repetition: 48396
>passed!
repetition: 48397
>passed!
repetition: 48398
>passed!
repetition: 48399
>passed!
repetition: 48400
>passed!
repetition: 48401
>passed!
repetition: 48402
>passed!
repetition: 48403
>passed!
repetition: 48404
>passed!
repetition: 48405
>passed!
repetition: 48406
>passed!
repetition: 48407
>passed!
repetition: 48408
>passed!
repetition: 48409
>passed!
repetition: 48410
>passed!
repetition: 48411
>passed!
repetition: 48412
>passed!
repetition: 48413
>passed!
repetition: 48414
>passed!
repetition: 48415
>passed!
repetition: 48416
>passed!
repetition: 48417
>passed!
repetition: 48418
>passed!
repetition: 48419
>passed!
repetition: 48420
>passed!
repetition: 48421
>passed!
repetition: 48422
>passed!
repetition: 48423
>passed!
repetition: 48424
>passed!
repetition: 48425
>passed!
repetition: 48426
>passed!
repetition: 48427
>passed!
repetition: 48428
>passed!
repetition: 48429
>passed!
repetition: 48430
>passed!
repetition: 48431
>passed!
repetition: 48432
>passed!
repetition: 48433
>passed!
repetition: 48434
>passed!
repetition: 48435
>passed!
repetition: 48436
>passed!
repetition: 48437
>passed!
repetition: 48438
>passed!
repetition: 48439
>passed!
repetition: 48440
>passed!
repetition: 48441
>passed!
repetition: 48442
>passed!
repetition: 48443
>passed!
repetition: 48444
>passed!
repetition: 48445
>passed!
repetition: 48446
>passed!
repetition: 48447
>passed!
repetition: 48448
>passed!
repetition: 48449
>passed!
repetition: 48450
>passed!
repetition: 48451
>passed!
repetition: 48452
>passed!
repetition: 48453
>passed!
repetition: 48454
>passed!
repetition: 48455
>passed!
repetition: 48456
>passed!
repetition: 48457
>passed!
repetition: 48458
>passed!
repetition: 48459
>passed!
repetition: 48460
>passed!
repetition: 48461
>passed!
repetition: 48462
>passed!
repetition: 48463
>passed!
repetition: 48464
>passed!
repetition: 48465
>passed!
repetition: 48466
>passed!
repetition: 48467
>passed!
repetition: 48468
>passed!
repetition: 48469
>passed!
repetition: 48470
>passed!
repetition: 48471
>passed!
repetition: 48472
>passed!
repetition: 48473
>passed!
repetition: 48474
>passed!
repetition: 48475
>passed!
repetition: 48476
>passed!
repetition: 48477
>passed!
repetition: 48478
>passed!
repetition: 48479
>passed!
repetition: 48480
>passed!
repetition: 48481
>passed!
repetition: 48482
>passed!
repetition: 48483
>passed!
repetition: 48484
>passed!
repetition: 48485
>passed!
repetition: 48486
>passed!
repetition: 48487
>passed!
repetition: 48488
>passed!
repetition: 48489
>passed!
repetition: 48490
>passed!
repetition: 48491
>passed!
repetition: 48492
>passed!
repetition: 48493
>passed!
repetition: 48494
>passed!
repetition: 48495
>passed!
repetition: 48496
>passed!
repetition: 48497
>passed!
repetition: 48498
>passed!
repetition: 48499
>passed!
repetition: 48500
>passed!
repetition: 48501
>passed!
repetition: 48502
>passed!
repetition: 48503
>passed!
repetition: 48504
>passed!
repetition: 48505
>passed!
repetition: 48506
>passed!
repetition: 48507
>passed!
repetition: 48508
>passed!
repetition: 48509
>passed!
repetition: 48510
>passed!
repetition: 48511
>passed!
repetition: 48512
>passed!
repetition: 48513
>passed!
repetition: 48514
>passed!
repetition: 48515
>passed!
repetition: 48516
>passed!
repetition: 48517
>passed!
repetition: 48518
>passed!
repetition: 48519
>passed!
repetition: 48520
>passed!
repetition: 48521
>passed!
repetition: 48522
>passed!
repetition: 48523
>passed!
repetition: 48524
>passed!
repetition: 48525
>passed!
repetition: 48526
>passed!
repetition: 48527
>passed!
repetition: 48528
>passed!
repetition: 48529
>passed!
repetition: 48530
>passed!
repetition: 48531
>passed!
repetition: 48532
>passed!
repetition: 48533
>passed!
repetition: 48534
>passed!
repetition: 48535
>passed!
repetition: 48536
>passed!
repetition: 48537
>passed!
repetition: 48538
>passed!
repetition: 48539
>passed!
repetition: 48540
>passed!
repetition: 48541
>passed!
repetition: 48542
>passed!
repetition: 48543
>passed!
repetition: 48544
>passed!
repetition: 48545
>passed!
repetition: 48546
>passed!
repetition: 48547
>passed!
repetition: 48548
>passed!
repetition: 48549
>passed!
repetition: 48550
>passed!
repetition: 48551
>passed!
repetition: 48552
>passed!
repetition: 48553
>passed!
repetition: 48554
>passed!
repetition: 48555
>passed!
repetition: 48556
>passed!
repetition: 48557
>passed!
repetition: 48558
>passed!
repetition: 48559
>passed!
repetition: 48560
>passed!
repetition: 48561
>passed!
repetition: 48562
>passed!
repetition: 48563
>passed!
repetition: 48564
>passed!
repetition: 48565
>passed!
repetition: 48566
>passed!
repetition: 48567
>passed!
repetition: 48568
>passed!
repetition: 48569
>passed!
repetition: 48570
>passed!
repetition: 48571
>passed!
repetition: 48572
>passed!
repetition: 48573
>passed!
repetition: 48574
>passed!
repetition: 48575
>passed!
repetition: 48576
>passed!
repetition: 48577
>passed!
repetition: 48578
>passed!
repetition: 48579
>passed!
repetition: 48580
>passed!
repetition: 48581
>passed!
repetition: 48582
>passed!
repetition: 48583
>passed!
repetition: 48584
>passed!
repetition: 48585
>passed!
repetition: 48586
>passed!
repetition: 48587
>passed!
repetition: 48588
>passed!
repetition: 48589
>passed!
repetition: 48590
>passed!
repetition: 48591
>passed!
repetition: 48592
>passed!
repetition: 48593
>passed!
repetition: 48594
>passed!
repetition: 48595
>passed!
repetition: 48596
>passed!
repetition: 48597
>passed!
repetition: 48598
>passed!
repetition: 48599
>passed!
repetition: 48600
>passed!
repetition: 48601
>passed!
repetition: 48602
>passed!
repetition: 48603
>passed!
repetition: 48604
>passed!
repetition: 48605
>passed!
repetition: 48606
>passed!
repetition: 48607
>passed!
repetition: 48608
>passed!
repetition: 48609
>passed!
repetition: 48610
>passed!
repetition: 48611
>passed!
repetition: 48612
>passed!
repetition: 48613
>passed!
repetition: 48614
>passed!
repetition: 48615
>passed!
repetition: 48616
>passed!
repetition: 48617
>passed!
repetition: 48618
>passed!
repetition: 48619
>passed!
repetition: 48620
>passed!
repetition: 48621
>passed!
repetition: 48622
>passed!
repetition: 48623
>passed!
repetition: 48624
>passed!
repetition: 48625
>passed!
repetition: 48626
>passed!
repetition: 48627
>passed!
repetition: 48628
>passed!
repetition: 48629
>passed!
repetition: 48630
>passed!
repetition: 48631
>passed!
repetition: 48632
>passed!
repetition: 48633
>passed!
repetition: 48634
>passed!
repetition: 48635
>passed!
repetition: 48636
>passed!
repetition: 48637
>passed!
repetition: 48638
>passed!
repetition: 48639
>passed!
repetition: 48640
>passed!
repetition: 48641
>passed!
repetition: 48642
>passed!
repetition: 48643
>passed!
repetition: 48644
>passed!
repetition: 48645
>passed!
repetition: 48646
>passed!
repetition: 48647
>passed!
repetition: 48648
>passed!
repetition: 48649
>passed!
repetition: 48650
>passed!
repetition: 48651
>passed!
repetition: 48652
>passed!
repetition: 48653
>passed!
repetition: 48654
>passed!
repetition: 48655
>passed!
repetition: 48656
>passed!
repetition: 48657
>passed!
repetition: 48658
>passed!
repetition: 48659
>passed!
repetition: 48660
>passed!
repetition: 48661
>passed!
repetition: 48662
>passed!
repetition: 48663
>passed!
repetition: 48664
>passed!
repetition: 48665
>passed!
repetition: 48666
>passed!
repetition: 48667
>passed!
repetition: 48668
>passed!
repetition: 48669
>passed!
repetition: 48670
>passed!
repetition: 48671
>passed!
repetition: 48672
>passed!
repetition: 48673
>passed!
repetition: 48674
>passed!
repetition: 48675
>passed!
repetition: 48676
>passed!
repetition: 48677
>passed!
repetition: 48678
>passed!
repetition: 48679
>passed!
repetition: 48680
>passed!
repetition: 48681
>passed!
repetition: 48682
>passed!
repetition: 48683
>passed!
repetition: 48684
>passed!
repetition: 48685
>passed!
repetition: 48686
>passed!
repetition: 48687
>passed!
repetition: 48688
>passed!
repetition: 48689
>passed!
repetition: 48690
>passed!
repetition: 48691
>passed!
repetition: 48692
>passed!
repetition: 48693
>passed!
repetition: 48694
>passed!
repetition: 48695
>passed!
repetition: 48696
>passed!
repetition: 48697
>passed!
repetition: 48698
>passed!
repetition: 48699
>passed!
repetition: 48700
>passed!
repetition: 48701
>passed!
repetition: 48702
>passed!
repetition: 48703
>passed!
repetition: 48704
>passed!
repetition: 48705
>passed!
repetition: 48706
>passed!
repetition: 48707
>passed!
repetition: 48708
>passed!
repetition: 48709
>passed!
repetition: 48710
>passed!
repetition: 48711
>passed!
repetition: 48712
>passed!
repetition: 48713
>passed!
repetition: 48714
>passed!
repetition: 48715
>passed!
repetition: 48716
>passed!
repetition: 48717
>passed!
repetition: 48718
>passed!
repetition: 48719
>passed!
repetition: 48720
>passed!
repetition: 48721
>passed!
repetition: 48722
>passed!
repetition: 48723
>passed!
repetition: 48724
>passed!
repetition: 48725
>passed!
repetition: 48726
>passed!
repetition: 48727
>passed!
repetition: 48728
>passed!
repetition: 48729
>passed!
repetition: 48730
>passed!
repetition: 48731
>passed!
repetition: 48732
>passed!
repetition: 48733
>passed!
repetition: 48734
>passed!
repetition: 48735
>passed!
repetition: 48736
>passed!
repetition: 48737
>passed!
repetition: 48738
>passed!
repetition: 48739
>passed!
repetition: 48740
>passed!
repetition: 48741
>passed!
repetition: 48742
>passed!
repetition: 48743
>passed!
repetition: 48744
>passed!
repetition: 48745
>passed!
repetition: 48746
>passed!
repetition: 48747
>passed!
repetition: 48748
>passed!
repetition: 48749
>passed!
repetition: 48750
>passed!
repetition: 48751
>passed!
repetition: 48752
>passed!
repetition: 48753
>passed!
repetition: 48754
>passed!
repetition: 48755
>passed!
repetition: 48756
>passed!
repetition: 48757
>passed!
repetition: 48758
>passed!
repetition: 48759
>passed!
repetition: 48760
>passed!
repetition: 48761
>passed!
repetition: 48762
>passed!
repetition: 48763
>passed!
repetition: 48764
>passed!
repetition: 48765
>passed!
repetition: 48766
>passed!
repetition: 48767
>passed!
repetition: 48768
>passed!
repetition: 48769
>passed!
repetition: 48770
>passed!
repetition: 48771
>passed!
repetition: 48772
>passed!
repetition: 48773
>passed!
repetition: 48774
>passed!
repetition: 48775
>passed!
repetition: 48776
>passed!
repetition: 48777
>passed!
repetition: 48778
>passed!
repetition: 48779
>passed!
repetition: 48780
>passed!
repetition: 48781
>passed!
repetition: 48782
>passed!
repetition: 48783
>passed!
repetition: 48784
>passed!
repetition: 48785
>passed!
repetition: 48786
>passed!
repetition: 48787
>passed!
repetition: 48788
>passed!
repetition: 48789
>passed!
repetition: 48790
>passed!
repetition: 48791
>passed!
repetition: 48792
>passed!
repetition: 48793
>passed!
repetition: 48794
>passed!
repetition: 48795
>passed!
repetition: 48796
>passed!
repetition: 48797
>passed!
repetition: 48798
>passed!
repetition: 48799
>passed!
repetition: 48800
>passed!
repetition: 48801
>passed!
repetition: 48802
>passed!
repetition: 48803
>passed!
repetition: 48804
>passed!
repetition: 48805
>passed!
repetition: 48806
>passed!
repetition: 48807
>passed!
repetition: 48808
>passed!
repetition: 48809
>passed!
repetition: 48810
>passed!
repetition: 48811
>passed!
repetition: 48812
>passed!
repetition: 48813
>passed!
repetition: 48814
>passed!
repetition: 48815
>passed!
repetition: 48816
>passed!
repetition: 48817
>passed!
repetition: 48818
>passed!
repetition: 48819
>passed!
repetition: 48820
>passed!
repetition: 48821
>passed!
repetition: 48822
>passed!
repetition: 48823
>passed!
repetition: 48824
>passed!
repetition: 48825
>passed!
repetition: 48826
>passed!
repetition: 48827
>passed!
repetition: 48828
>passed!
repetition: 48829
>passed!
repetition: 48830
>passed!
repetition: 48831
>passed!
repetition: 48832
>passed!
repetition: 48833
>passed!
repetition: 48834
>passed!
repetition: 48835
>passed!
repetition: 48836
>passed!
repetition: 48837
>passed!
repetition: 48838
>passed!
repetition: 48839
>passed!
repetition: 48840
>passed!
repetition: 48841
>passed!
repetition: 48842
>passed!
repetition: 48843
>passed!
repetition: 48844
>passed!
repetition: 48845
>passed!
repetition: 48846
>passed!
repetition: 48847
>passed!
repetition: 48848
>passed!
repetition: 48849
>passed!
repetition: 48850
>passed!
repetition: 48851
>passed!
repetition: 48852
>passed!
repetition: 48853
>passed!
repetition: 48854
>passed!
repetition: 48855
>passed!
repetition: 48856
>passed!
repetition: 48857
>passed!
repetition: 48858
>passed!
repetition: 48859
>passed!
repetition: 48860
>passed!
repetition: 48861
>passed!
repetition: 48862
>passed!
repetition: 48863
>passed!
repetition: 48864
>passed!
repetition: 48865
>passed!
repetition: 48866
>passed!
repetition: 48867
>passed!
repetition: 48868
>passed!
repetition: 48869
>passed!
repetition: 48870
>passed!
repetition: 48871
>passed!
repetition: 48872
>passed!
repetition: 48873
>passed!
repetition: 48874
>passed!
repetition: 48875
>passed!
repetition: 48876
>passed!
repetition: 48877
>passed!
repetition: 48878
>passed!
repetition: 48879
>passed!
repetition: 48880
>passed!
repetition: 48881
>passed!
repetition: 48882
>passed!
repetition: 48883
>passed!
repetition: 48884
>passed!
repetition: 48885
>passed!
repetition: 48886
>passed!
repetition: 48887
>passed!
repetition: 48888
>passed!
repetition: 48889
>passed!
repetition: 48890
>passed!
repetition: 48891
>passed!
repetition: 48892
>passed!
repetition: 48893
>passed!
repetition: 48894
>passed!
repetition: 48895
>passed!
repetition: 48896
>passed!
repetition: 48897
>passed!
repetition: 48898
>passed!
repetition: 48899
>passed!
repetition: 48900
>passed!
repetition: 48901
>passed!
repetition: 48902
>passed!
repetition: 48903
>passed!
repetition: 48904
>passed!
repetition: 48905
>passed!
repetition: 48906
>passed!
repetition: 48907
>passed!
repetition: 48908
>passed!
repetition: 48909
>passed!
repetition: 48910
>passed!
repetition: 48911
>passed!
repetition: 48912
>passed!
repetition: 48913
>passed!
repetition: 48914
>passed!
repetition: 48915
>passed!
repetition: 48916
>passed!
repetition: 48917
>passed!
repetition: 48918
>passed!
repetition: 48919
>passed!
repetition: 48920
>passed!
repetition: 48921
>passed!
repetition: 48922
>passed!
repetition: 48923
>passed!
repetition: 48924
>passed!
repetition: 48925
>passed!
repetition: 48926
>passed!
repetition: 48927
>passed!
repetition: 48928
>passed!
repetition: 48929
>passed!
repetition: 48930
>passed!
repetition: 48931
>passed!
repetition: 48932
>passed!
repetition: 48933
>passed!
repetition: 48934
>passed!
repetition: 48935
>passed!
repetition: 48936
>passed!
repetition: 48937
>passed!
repetition: 48938
>passed!
repetition: 48939
>passed!
repetition: 48940
>passed!
repetition: 48941
>passed!
repetition: 48942
>passed!
repetition: 48943
>passed!
repetition: 48944
>passed!
repetition: 48945
>passed!
repetition: 48946
>passed!
repetition: 48947
>passed!
repetition: 48948
>passed!
repetition: 48949
>passed!
repetition: 48950
>passed!
repetition: 48951
>passed!
repetition: 48952
>passed!
repetition: 48953
>passed!
repetition: 48954
>passed!
repetition: 48955
>passed!
repetition: 48956
>passed!
repetition: 48957
>passed!
repetition: 48958
>passed!
repetition: 48959
>passed!
repetition: 48960
>passed!
repetition: 48961
>passed!
repetition: 48962
>passed!
repetition: 48963
>passed!
repetition: 48964
>passed!
repetition: 48965
>passed!
repetition: 48966
>passed!
repetition: 48967
>passed!
repetition: 48968
>passed!
repetition: 48969
>passed!
repetition: 48970
>passed!
repetition: 48971
>passed!
repetition: 48972
>passed!
repetition: 48973
>passed!
repetition: 48974
>passed!
repetition: 48975
>passed!
repetition: 48976
>passed!
repetition: 48977
>passed!
repetition: 48978
>passed!
repetition: 48979
>passed!
repetition: 48980
>passed!
repetition: 48981
>passed!
repetition: 48982
>passed!
repetition: 48983
>passed!
repetition: 48984
>passed!
repetition: 48985
>passed!
repetition: 48986
>passed!
repetition: 48987
>passed!
repetition: 48988
>passed!
repetition: 48989
>passed!
repetition: 48990
>passed!
repetition: 48991
>passed!
repetition: 48992
>passed!
repetition: 48993
>passed!
repetition: 48994
>passed!
repetition: 48995
>passed!
repetition: 48996
>passed!
repetition: 48997
>passed!
repetition: 48998
>passed!
repetition: 48999
>passed!
repetition: 49000
>passed!
repetition: 49001
>passed!
repetition: 49002
>passed!
repetition: 49003
>passed!
repetition: 49004
>passed!
repetition: 49005
>passed!
repetition: 49006
>passed!
repetition: 49007
>passed!
repetition: 49008
>passed!
repetition: 49009
>passed!
repetition: 49010
>passed!
repetition: 49011
>passed!
repetition: 49012
>passed!
repetition: 49013
>passed!
repetition: 49014
>passed!
repetition: 49015
>passed!
repetition: 49016
>passed!
repetition: 49017
>passed!
repetition: 49018
>passed!
repetition: 49019
>passed!
repetition: 49020
>passed!
repetition: 49021
>passed!
repetition: 49022
>passed!
repetition: 49023
>passed!
repetition: 49024
>passed!
repetition: 49025
>passed!
repetition: 49026
>passed!
repetition: 49027
>passed!
repetition: 49028
>passed!
repetition: 49029
>passed!
repetition: 49030
>passed!
repetition: 49031
>passed!
repetition: 49032
>passed!
repetition: 49033
>passed!
repetition: 49034
>passed!
repetition: 49035
>passed!
repetition: 49036
>passed!
repetition: 49037
>passed!
repetition: 49038
>passed!
repetition: 49039
>passed!
repetition: 49040
>passed!
repetition: 49041
>passed!
repetition: 49042
>passed!
repetition: 49043
>passed!
repetition: 49044
>passed!
repetition: 49045
>passed!
repetition: 49046
>passed!
repetition: 49047
>passed!
repetition: 49048
>passed!
repetition: 49049
>passed!
repetition: 49050
>passed!
repetition: 49051
>passed!
repetition: 49052
>passed!
repetition: 49053
>passed!
repetition: 49054
>passed!
repetition: 49055
>passed!
repetition: 49056
>passed!
repetition: 49057
>passed!
repetition: 49058
>passed!
repetition: 49059
>passed!
repetition: 49060
>passed!
repetition: 49061
>passed!
repetition: 49062
>passed!
repetition: 49063
>passed!
repetition: 49064
>passed!
repetition: 49065
>passed!
repetition: 49066
>passed!
repetition: 49067
>passed!
repetition: 49068
>passed!
repetition: 49069
>passed!
repetition: 49070
>passed!
repetition: 49071
>passed!
repetition: 49072
>passed!
repetition: 49073
>passed!
repetition: 49074
>passed!
repetition: 49075
>passed!
repetition: 49076
>passed!
repetition: 49077
>passed!
repetition: 49078
>passed!
repetition: 49079
>passed!
repetition: 49080
>passed!
repetition: 49081
>passed!
repetition: 49082
>passed!
repetition: 49083
>passed!
repetition: 49084
>passed!
repetition: 49085
>passed!
repetition: 49086
>passed!
repetition: 49087
>passed!
repetition: 49088
>passed!
repetition: 49089
>passed!
repetition: 49090
>passed!
repetition: 49091
>passed!
repetition: 49092
>passed!
repetition: 49093
>passed!
repetition: 49094
>passed!
repetition: 49095
>passed!
repetition: 49096
>passed!
repetition: 49097
>passed!
repetition: 49098
>passed!
repetition: 49099
>passed!
repetition: 49100
>passed!
repetition: 49101
>passed!
repetition: 49102
>passed!
repetition: 49103
>passed!
repetition: 49104
>passed!
repetition: 49105
>passed!
repetition: 49106
>passed!
repetition: 49107
>passed!
repetition: 49108
>passed!
repetition: 49109
>passed!
repetition: 49110
>passed!
repetition: 49111
>passed!
repetition: 49112
>passed!
repetition: 49113
>passed!
repetition: 49114
>passed!
repetition: 49115
>passed!
repetition: 49116
>passed!
repetition: 49117
>passed!
repetition: 49118
>passed!
repetition: 49119
>passed!
repetition: 49120
>passed!
repetition: 49121
>passed!
repetition: 49122
>passed!
repetition: 49123
>passed!
repetition: 49124
>passed!
repetition: 49125
>passed!
repetition: 49126
>passed!
repetition: 49127
>passed!
repetition: 49128
>passed!
repetition: 49129
>passed!
repetition: 49130
>passed!
repetition: 49131
>passed!
repetition: 49132
>passed!
repetition: 49133
>passed!
repetition: 49134
>passed!
repetition: 49135
>passed!
repetition: 49136
>passed!
repetition: 49137
>passed!
repetition: 49138
>passed!
repetition: 49139
>passed!
repetition: 49140
>passed!
repetition: 49141
>passed!
repetition: 49142
>passed!
repetition: 49143
>passed!
repetition: 49144
>passed!
repetition: 49145
>passed!
repetition: 49146
>passed!
repetition: 49147
>passed!
repetition: 49148
>passed!
repetition: 49149
>passed!
repetition: 49150
>passed!
repetition: 49151
>passed!
repetition: 49152
>passed!
repetition: 49153
>passed!
repetition: 49154
>passed!
repetition: 49155
>passed!
repetition: 49156
>passed!
repetition: 49157
>passed!
repetition: 49158
>passed!
repetition: 49159
>passed!
repetition: 49160
>passed!
repetition: 49161
>passed!
repetition: 49162
>passed!
repetition: 49163
>passed!
repetition: 49164
>passed!
repetition: 49165
>passed!
repetition: 49166
>passed!
repetition: 49167
>passed!
repetition: 49168
>passed!
repetition: 49169
>passed!
repetition: 49170
>passed!
repetition: 49171
>passed!
repetition: 49172
>passed!
repetition: 49173
>passed!
repetition: 49174
>passed!
repetition: 49175
>passed!
repetition: 49176
>passed!
repetition: 49177
>passed!
repetition: 49178
>passed!
repetition: 49179
>passed!
repetition: 49180
>passed!
repetition: 49181
>passed!
repetition: 49182
>passed!
repetition: 49183
>passed!
repetition: 49184
>passed!
repetition: 49185
>passed!
repetition: 49186
>passed!
repetition: 49187
>passed!
repetition: 49188
>passed!
repetition: 49189
>passed!
repetition: 49190
>passed!
repetition: 49191
>passed!
repetition: 49192
>passed!
repetition: 49193
>passed!
repetition: 49194
>passed!
repetition: 49195
>passed!
repetition: 49196
>passed!
repetition: 49197
>passed!
repetition: 49198
>passed!
repetition: 49199
>passed!
repetition: 49200
>passed!
repetition: 49201
>passed!
repetition: 49202
>passed!
repetition: 49203
>passed!
repetition: 49204
>passed!
repetition: 49205
>passed!
repetition: 49206
>passed!
repetition: 49207
>passed!
repetition: 49208
>passed!
repetition: 49209
>passed!
repetition: 49210
>passed!
repetition: 49211
>passed!
repetition: 49212
>passed!
repetition: 49213
>passed!
repetition: 49214
>passed!
repetition: 49215
>passed!
repetition: 49216
>passed!
repetition: 49217
>passed!
repetition: 49218
>passed!
repetition: 49219
>passed!
repetition: 49220
>passed!
repetition: 49221
>passed!
repetition: 49222
>passed!
repetition: 49223
>passed!
repetition: 49224
>passed!
repetition: 49225
>passed!
repetition: 49226
>passed!
repetition: 49227
>passed!
repetition: 49228
>passed!
repetition: 49229
>passed!
repetition: 49230
>passed!
repetition: 49231
>passed!
repetition: 49232
>passed!
repetition: 49233
>passed!
repetition: 49234
>passed!
repetition: 49235
>passed!
repetition: 49236
>passed!
repetition: 49237
>passed!
repetition: 49238
>passed!
repetition: 49239
>passed!
repetition: 49240
>passed!
repetition: 49241
>passed!
repetition: 49242
>passed!
repetition: 49243
>passed!
repetition: 49244
>passed!
repetition: 49245
>passed!
repetition: 49246
>passed!
repetition: 49247
>passed!
repetition: 49248
>passed!
repetition: 49249
>passed!
repetition: 49250
>passed!
repetition: 49251
>passed!
repetition: 49252
>passed!
repetition: 49253
>passed!
repetition: 49254
>passed!
repetition: 49255
>passed!
repetition: 49256
>passed!
repetition: 49257
>passed!
repetition: 49258
>passed!
repetition: 49259
>passed!
repetition: 49260
>passed!
repetition: 49261
>passed!
repetition: 49262
>passed!
repetition: 49263
>passed!
repetition: 49264
>passed!
repetition: 49265
>passed!
repetition: 49266
>passed!
repetition: 49267
>passed!
repetition: 49268
>passed!
repetition: 49269
>passed!
repetition: 49270
>passed!
repetition: 49271
>passed!
repetition: 49272
>passed!
repetition: 49273
>passed!
repetition: 49274
>passed!
repetition: 49275
>passed!
repetition: 49276
>passed!
repetition: 49277
>passed!
repetition: 49278
>passed!
repetition: 49279
>passed!
repetition: 49280
>passed!
repetition: 49281
>passed!
repetition: 49282
>passed!
repetition: 49283
>passed!
repetition: 49284
>passed!
repetition: 49285
>passed!
repetition: 49286
>passed!
repetition: 49287
>passed!
repetition: 49288
>passed!
repetition: 49289
>passed!
repetition: 49290
>passed!
repetition: 49291
>passed!
repetition: 49292
>passed!
repetition: 49293
>passed!
repetition: 49294
>passed!
repetition: 49295
>passed!
repetition: 49296
>passed!
repetition: 49297
>passed!
repetition: 49298
>passed!
repetition: 49299
>passed!
repetition: 49300
>passed!
repetition: 49301
>passed!
repetition: 49302
>passed!
repetition: 49303
>passed!
repetition: 49304
>passed!
repetition: 49305
>passed!
repetition: 49306
>passed!
repetition: 49307
>passed!
repetition: 49308
>passed!
repetition: 49309
>passed!
repetition: 49310
>passed!
repetition: 49311
>passed!
repetition: 49312
>passed!
repetition: 49313
>passed!
repetition: 49314
>passed!
repetition: 49315
>passed!
repetition: 49316
>passed!
repetition: 49317
>passed!
repetition: 49318
>passed!
repetition: 49319
>passed!
repetition: 49320
>passed!
repetition: 49321
>passed!
repetition: 49322
>passed!
repetition: 49323
>passed!
repetition: 49324
>passed!
repetition: 49325
>passed!
repetition: 49326
>passed!
repetition: 49327
>passed!
repetition: 49328
>passed!
repetition: 49329
>passed!
repetition: 49330
>passed!
repetition: 49331
>passed!
repetition: 49332
>passed!
repetition: 49333
>passed!
repetition: 49334
>passed!
repetition: 49335
>passed!
repetition: 49336
>passed!
repetition: 49337
>passed!
repetition: 49338
>passed!
repetition: 49339
>passed!
repetition: 49340
>passed!
repetition: 49341
>passed!
repetition: 49342
>passed!
repetition: 49343
>passed!
repetition: 49344
>passed!
repetition: 49345
>passed!
repetition: 49346
>passed!
repetition: 49347
>passed!
repetition: 49348
>passed!
repetition: 49349
>passed!
repetition: 49350
>passed!
repetition: 49351
>passed!
repetition: 49352
>passed!
repetition: 49353
>passed!
repetition: 49354
>passed!
repetition: 49355
>passed!
repetition: 49356
>passed!
repetition: 49357
>passed!
repetition: 49358
>passed!
repetition: 49359
>passed!
repetition: 49360
>passed!
repetition: 49361
>passed!
repetition: 49362
>passed!
repetition: 49363
>passed!
repetition: 49364
>passed!
repetition: 49365
>passed!
repetition: 49366
>passed!
repetition: 49367
>passed!
repetition: 49368
>passed!
repetition: 49369
>passed!
repetition: 49370
>passed!
repetition: 49371
>passed!
repetition: 49372
>passed!
repetition: 49373
>passed!
repetition: 49374
>passed!
repetition: 49375
>passed!
repetition: 49376
>passed!
repetition: 49377
>passed!
repetition: 49378
>passed!
repetition: 49379
>passed!
repetition: 49380
>passed!
repetition: 49381
>passed!
repetition: 49382
>passed!
repetition: 49383
>passed!
repetition: 49384
>passed!
repetition: 49385
>passed!
repetition: 49386
>passed!
repetition: 49387
>passed!
repetition: 49388
>passed!
repetition: 49389
>passed!
repetition: 49390
>passed!
repetition: 49391
>passed!
repetition: 49392
>passed!
repetition: 49393
>passed!
repetition: 49394
>passed!
repetition: 49395
>passed!
repetition: 49396
>passed!
repetition: 49397
>passed!
repetition: 49398
>passed!
repetition: 49399
>passed!
repetition: 49400
>passed!
repetition: 49401
>passed!
repetition: 49402
>passed!
repetition: 49403
>passed!
repetition: 49404
>passed!
repetition: 49405
>passed!
repetition: 49406
>passed!
repetition: 49407
>passed!
repetition: 49408
>passed!
repetition: 49409
>passed!
repetition: 49410
>passed!
repetition: 49411
>passed!
repetition: 49412
>passed!
repetition: 49413
>passed!
repetition: 49414
>passed!
repetition: 49415
>passed!
repetition: 49416
>passed!
repetition: 49417
>passed!
repetition: 49418
>passed!
repetition: 49419
>passed!
repetition: 49420
>passed!
repetition: 49421
>passed!
repetition: 49422
>passed!
repetition: 49423
>passed!
repetition: 49424
>passed!
repetition: 49425
>passed!
repetition: 49426
>passed!
repetition: 49427
>passed!
repetition: 49428
>passed!
repetition: 49429
>passed!
repetition: 49430
>passed!
repetition: 49431
>passed!
repetition: 49432
>passed!
repetition: 49433
>passed!
repetition: 49434
>passed!
repetition: 49435
>passed!
repetition: 49436
>passed!
repetition: 49437
>passed!
repetition: 49438
>passed!
repetition: 49439
>passed!
repetition: 49440
>passed!
repetition: 49441
>passed!
repetition: 49442
>passed!
repetition: 49443
>passed!
repetition: 49444
>passed!
repetition: 49445
>passed!
repetition: 49446
>passed!
repetition: 49447
>passed!
repetition: 49448
>passed!
repetition: 49449
>passed!
repetition: 49450
>passed!
repetition: 49451
>passed!
repetition: 49452
>passed!
repetition: 49453
>passed!
repetition: 49454
>passed!
repetition: 49455
>passed!
repetition: 49456
>passed!
repetition: 49457
>passed!
repetition: 49458
>passed!
repetition: 49459
>passed!
repetition: 49460
>passed!
repetition: 49461
>passed!
repetition: 49462
>passed!
repetition: 49463
>passed!
repetition: 49464
>passed!
repetition: 49465
>passed!
repetition: 49466
>passed!
repetition: 49467
>passed!
repetition: 49468
>passed!
repetition: 49469
>passed!
repetition: 49470
>passed!
repetition: 49471
>passed!
repetition: 49472
>passed!
repetition: 49473
>passed!
repetition: 49474
>passed!
repetition: 49475
>passed!
repetition: 49476
>passed!
repetition: 49477
>passed!
repetition: 49478
>passed!
repetition: 49479
>passed!
repetition: 49480
>passed!
repetition: 49481
>passed!
repetition: 49482
>passed!
repetition: 49483
>passed!
repetition: 49484
>passed!
repetition: 49485
>passed!
repetition: 49486
>passed!
repetition: 49487
>passed!
repetition: 49488
>passed!
repetition: 49489
>passed!
repetition: 49490
>passed!
repetition: 49491
>passed!
repetition: 49492
>passed!
repetition: 49493
>passed!
repetition: 49494
>passed!
repetition: 49495
>passed!
repetition: 49496
>passed!
repetition: 49497
>passed!
repetition: 49498
>passed!
repetition: 49499
>passed!
repetition: 49500
>passed!
repetition: 49501
>passed!
repetition: 49502
>passed!
repetition: 49503
>passed!
repetition: 49504
>passed!
repetition: 49505
>passed!
repetition: 49506
>passed!
repetition: 49507
>passed!
repetition: 49508
>passed!
repetition: 49509
>passed!
repetition: 49510
>passed!
repetition: 49511
>passed!
repetition: 49512
>passed!
repetition: 49513
>passed!
repetition: 49514
>passed!
repetition: 49515
>passed!
repetition: 49516
>passed!
repetition: 49517
>passed!
repetition: 49518
>passed!
repetition: 49519
>passed!
repetition: 49520
>passed!
repetition: 49521
>passed!
repetition: 49522
>passed!
repetition: 49523
>passed!
repetition: 49524
>passed!
repetition: 49525
>passed!
repetition: 49526
>passed!
repetition: 49527
>passed!
repetition: 49528
>passed!
repetition: 49529
>passed!
repetition: 49530
>passed!
repetition: 49531
>passed!
repetition: 49532
>passed!
repetition: 49533
>passed!
repetition: 49534
>passed!
repetition: 49535
>passed!
repetition: 49536
>passed!
repetition: 49537
>passed!
repetition: 49538
>passed!
repetition: 49539
>passed!
repetition: 49540
>passed!
repetition: 49541
>passed!
repetition: 49542
>passed!
repetition: 49543
>passed!
repetition: 49544
>passed!
repetition: 49545
>passed!
repetition: 49546
>passed!
repetition: 49547
>passed!
repetition: 49548
>passed!
repetition: 49549
>passed!
repetition: 49550
>passed!
repetition: 49551
>passed!
repetition: 49552
>passed!
repetition: 49553
>passed!
repetition: 49554
>passed!
repetition: 49555
>passed!
repetition: 49556
>passed!
repetition: 49557
>passed!
repetition: 49558
>passed!
repetition: 49559
>passed!
repetition: 49560
>passed!
repetition: 49561
>passed!
repetition: 49562
>passed!
repetition: 49563
>passed!
repetition: 49564
>passed!
repetition: 49565
>passed!
repetition: 49566
>passed!
repetition: 49567
>passed!
repetition: 49568
>passed!
repetition: 49569
>passed!
repetition: 49570
>passed!
repetition: 49571
>passed!
repetition: 49572
>passed!
repetition: 49573
>passed!
repetition: 49574
>passed!
repetition: 49575
>passed!
repetition: 49576
>passed!
repetition: 49577
>passed!
repetition: 49578
>passed!
repetition: 49579
>passed!
repetition: 49580
>passed!
repetition: 49581
>passed!
repetition: 49582
>passed!
repetition: 49583
>passed!
repetition: 49584
>passed!
repetition: 49585
>passed!
repetition: 49586
>passed!
repetition: 49587
>passed!
repetition: 49588
>passed!
repetition: 49589
>passed!
repetition: 49590
>passed!
repetition: 49591
>passed!
repetition: 49592
>passed!
repetition: 49593
>passed!
repetition: 49594
>passed!
repetition: 49595
>passed!
repetition: 49596
>passed!
repetition: 49597
>passed!
repetition: 49598
>passed!
repetition: 49599
>passed!
repetition: 49600
>passed!
repetition: 49601
>passed!
repetition: 49602
>passed!
repetition: 49603
>passed!
repetition: 49604
>passed!
repetition: 49605
>passed!
repetition: 49606
>passed!
repetition: 49607
>passed!
repetition: 49608
>passed!
repetition: 49609
>passed!
repetition: 49610
>passed!
repetition: 49611
>passed!
repetition: 49612
>passed!
repetition: 49613
>passed!
repetition: 49614
>passed!
repetition: 49615
>passed!
repetition: 49616
>passed!
repetition: 49617
>passed!
repetition: 49618
>passed!
repetition: 49619
>passed!
repetition: 49620
>passed!
repetition: 49621
>passed!
repetition: 49622
>passed!
repetition: 49623
>passed!
repetition: 49624
>passed!
repetition: 49625
>passed!
repetition: 49626
>passed!
repetition: 49627
>passed!
repetition: 49628
>passed!
repetition: 49629
>passed!
repetition: 49630
>passed!
repetition: 49631
>passed!
repetition: 49632
>passed!
repetition: 49633
>passed!
repetition: 49634
>passed!
repetition: 49635
>passed!
repetition: 49636
>passed!
repetition: 49637
>passed!
repetition: 49638
>passed!
repetition: 49639
>passed!
repetition: 49640
>passed!
repetition: 49641
>passed!
repetition: 49642
>passed!
repetition: 49643
>passed!
repetition: 49644
>passed!
repetition: 49645
>passed!
repetition: 49646
>passed!
repetition: 49647
>passed!
repetition: 49648
>passed!
repetition: 49649
>passed!
repetition: 49650
>passed!
repetition: 49651
>passed!
repetition: 49652
>passed!
repetition: 49653
>passed!
repetition: 49654
>passed!
repetition: 49655
>passed!
repetition: 49656
>passed!
repetition: 49657
>passed!
repetition: 49658
>passed!
repetition: 49659
>passed!
repetition: 49660
>passed!
repetition: 49661
>passed!
repetition: 49662
>passed!
repetition: 49663
>passed!
repetition: 49664
>passed!
repetition: 49665
>passed!
repetition: 49666
>passed!
repetition: 49667
>passed!
repetition: 49668
>passed!
repetition: 49669
>passed!
repetition: 49670
>passed!
repetition: 49671
>passed!
repetition: 49672
>passed!
repetition: 49673
>passed!
repetition: 49674
>passed!
repetition: 49675
>passed!
repetition: 49676
>passed!
repetition: 49677
>passed!
repetition: 49678
>passed!
repetition: 49679
>passed!
repetition: 49680
>passed!
repetition: 49681
>passed!
repetition: 49682
>passed!
repetition: 49683
>passed!
repetition: 49684
>passed!
repetition: 49685
>passed!
repetition: 49686
>passed!
repetition: 49687
>passed!
repetition: 49688
>passed!
repetition: 49689
>passed!
repetition: 49690
>passed!
repetition: 49691
>passed!
repetition: 49692
>passed!
repetition: 49693
>passed!
repetition: 49694
>passed!
repetition: 49695
>passed!
repetition: 49696
>passed!
repetition: 49697
>passed!
repetition: 49698
>passed!
repetition: 49699
>passed!
repetition: 49700
>passed!
repetition: 49701
>passed!
repetition: 49702
>passed!
repetition: 49703
>passed!
repetition: 49704
>passed!
repetition: 49705
>passed!
repetition: 49706
>passed!
repetition: 49707
>passed!
repetition: 49708
>passed!
repetition: 49709
>passed!
repetition: 49710
>passed!
repetition: 49711
>passed!
repetition: 49712
>passed!
repetition: 49713
>passed!
repetition: 49714
>passed!
repetition: 49715
>passed!
repetition: 49716
>passed!
repetition: 49717
>passed!
repetition: 49718
>passed!
repetition: 49719
>passed!
repetition: 49720
>passed!
repetition: 49721
>passed!
repetition: 49722
>passed!
repetition: 49723
>passed!
repetition: 49724
>passed!
repetition: 49725
>passed!
repetition: 49726
>passed!
repetition: 49727
>passed!
repetition: 49728
>passed!
repetition: 49729
>passed!
repetition: 49730
>passed!
repetition: 49731
>passed!
repetition: 49732
>passed!
repetition: 49733
>passed!
repetition: 49734
>passed!
repetition: 49735
>passed!
repetition: 49736
>passed!
repetition: 49737
>passed!
repetition: 49738
>passed!
repetition: 49739
>passed!
repetition: 49740
>passed!
repetition: 49741
>passed!
repetition: 49742
>passed!
repetition: 49743
>passed!
repetition: 49744
>passed!
repetition: 49745
>passed!
repetition: 49746
>passed!
repetition: 49747
>passed!
repetition: 49748
>passed!
repetition: 49749
>passed!
repetition: 49750
>passed!
repetition: 49751
>passed!
repetition: 49752
>passed!
repetition: 49753
>passed!
repetition: 49754
>passed!
repetition: 49755
>passed!
repetition: 49756
>passed!
repetition: 49757
>passed!
repetition: 49758
>passed!
repetition: 49759
>passed!
repetition: 49760
>passed!
repetition: 49761
>passed!
repetition: 49762
>passed!
repetition: 49763
>passed!
repetition: 49764
>passed!
repetition: 49765
>passed!
repetition: 49766
>passed!
repetition: 49767
>passed!
repetition: 49768
>passed!
repetition: 49769
>passed!
repetition: 49770
>passed!
repetition: 49771
>passed!
repetition: 49772
>passed!
repetition: 49773
>passed!
repetition: 49774
>passed!
repetition: 49775
>passed!
repetition: 49776
>passed!
repetition: 49777
>passed!
repetition: 49778
>passed!
repetition: 49779
>passed!
repetition: 49780
>passed!
repetition: 49781
>passed!
repetition: 49782
>passed!
repetition: 49783
>passed!
repetition: 49784
>passed!
repetition: 49785
>passed!
repetition: 49786
>passed!
repetition: 49787
>passed!
repetition: 49788
>passed!
repetition: 49789
>passed!
repetition: 49790
>passed!
repetition: 49791
>passed!
repetition: 49792
>passed!
repetition: 49793
>passed!
repetition: 49794
>passed!
repetition: 49795
>passed!
repetition: 49796
>passed!
repetition: 49797
>passed!
repetition: 49798
>passed!
repetition: 49799
>passed!
repetition: 49800
>passed!
repetition: 49801
>passed!
repetition: 49802
>passed!
repetition: 49803
>passed!
repetition: 49804
>passed!
repetition: 49805
>passed!
repetition: 49806
>passed!
repetition: 49807
>passed!
repetition: 49808
>passed!
repetition: 49809
>passed!
repetition: 49810
>passed!
repetition: 49811
>passed!
repetition: 49812
>passed!
repetition: 49813
>passed!
repetition: 49814
>passed!
repetition: 49815
>passed!
repetition: 49816
>passed!
repetition: 49817
>passed!
repetition: 49818
>passed!
repetition: 49819
>passed!
repetition: 49820
>passed!
repetition: 49821
>passed!
repetition: 49822
>passed!
repetition: 49823
>passed!
repetition: 49824
>passed!
repetition: 49825
>passed!
repetition: 49826
>passed!
repetition: 49827
>passed!
repetition: 49828
>passed!
repetition: 49829
>passed!
repetition: 49830
>passed!
repetition: 49831
>passed!
repetition: 49832
>passed!
repetition: 49833
>passed!
repetition: 49834
>passed!
repetition: 49835
>passed!
repetition: 49836
>passed!
repetition: 49837
>passed!
repetition: 49838
>passed!
repetition: 49839
>passed!
repetition: 49840
>passed!
repetition: 49841
>passed!
repetition: 49842
>passed!
repetition: 49843
>passed!
repetition: 49844
>passed!
repetition: 49845
>passed!
repetition: 49846
>passed!
repetition: 49847
>passed!
repetition: 49848
>passed!
repetition: 49849
>passed!
repetition: 49850
>passed!
repetition: 49851
>passed!
repetition: 49852
>passed!
repetition: 49853
>passed!
repetition: 49854
>passed!
repetition: 49855
>passed!
repetition: 49856
>passed!
repetition: 49857
>passed!
repetition: 49858
>passed!
repetition: 49859
>passed!
repetition: 49860
>passed!
repetition: 49861
>passed!
repetition: 49862
>passed!
repetition: 49863
>passed!
repetition: 49864
>passed!
repetition: 49865
>passed!
repetition: 49866
>passed!
repetition: 49867
>passed!
repetition: 49868
>passed!
repetition: 49869
>passed!
repetition: 49870
>passed!
repetition: 49871
>passed!
repetition: 49872
>passed!
repetition: 49873
>passed!
repetition: 49874
>passed!
repetition: 49875
>passed!
repetition: 49876
>passed!
repetition: 49877
>passed!
repetition: 49878
>passed!
repetition: 49879
>passed!
repetition: 49880
>passed!
repetition: 49881
>passed!
repetition: 49882
>passed!
repetition: 49883
>passed!
repetition: 49884
>passed!
repetition: 49885
>passed!
repetition: 49886
>passed!
repetition: 49887
>passed!
repetition: 49888
>passed!
repetition: 49889
>passed!
repetition: 49890
>passed!
repetition: 49891
>passed!
repetition: 49892
>passed!
repetition: 49893
>passed!
repetition: 49894
>passed!
repetition: 49895
>passed!
repetition: 49896
>passed!
repetition: 49897
>passed!
repetition: 49898
>passed!
repetition: 49899
>passed!
repetition: 49900
>passed!
repetition: 49901
>passed!
repetition: 49902
>passed!
repetition: 49903
>passed!
repetition: 49904
>passed!
repetition: 49905
>passed!
repetition: 49906
>passed!
repetition: 49907
>passed!
repetition: 49908
>passed!
repetition: 49909
>passed!
repetition: 49910
>passed!
repetition: 49911
>passed!
repetition: 49912
>passed!
repetition: 49913
>passed!
repetition: 49914
>passed!
repetition: 49915
>passed!
repetition: 49916
>passed!
repetition: 49917
>passed!
repetition: 49918
>passed!
repetition: 49919
>passed!
repetition: 49920
>passed!
repetition: 49921
>passed!
repetition: 49922
>passed!
repetition: 49923
>passed!
repetition: 49924
>passed!
repetition: 49925
>passed!
repetition: 49926
>passed!
repetition: 49927
>passed!
repetition: 49928
>passed!
repetition: 49929
>passed!
repetition: 49930
>passed!
repetition: 49931
>passed!
repetition: 49932
>passed!
repetition: 49933
>passed!
repetition: 49934
>passed!
repetition: 49935
>passed!
repetition: 49936
>passed!
repetition: 49937
>passed!
repetition: 49938
>passed!
repetition: 49939
>passed!
repetition: 49940
>passed!
repetition: 49941
>passed!
repetition: 49942
>passed!
repetition: 49943
>passed!
repetition: 49944
>passed!
repetition: 49945
>passed!
repetition: 49946
>passed!
repetition: 49947
>passed!
repetition: 49948
>passed!
repetition: 49949
>passed!
repetition: 49950
>passed!
repetition: 49951
>passed!
repetition: 49952
>passed!
repetition: 49953
>passed!
repetition: 49954
>passed!
repetition: 49955
>passed!
repetition: 49956
>passed!
repetition: 49957
>passed!
repetition: 49958
>passed!
repetition: 49959
>passed!
repetition: 49960
>passed!
repetition: 49961
>passed!
repetition: 49962
>passed!
repetition: 49963
>passed!
repetition: 49964
>passed!
repetition: 49965
>passed!
repetition: 49966
>passed!
repetition: 49967
>passed!
repetition: 49968
>passed!
repetition: 49969
>passed!
repetition: 49970
>passed!
repetition: 49971
>passed!
repetition: 49972
>passed!
repetition: 49973
>passed!
repetition: 49974
>passed!
repetition: 49975
>passed!
repetition: 49976
>passed!
repetition: 49977
>passed!
repetition: 49978
>passed!
repetition: 49979
>passed!
repetition: 49980
>passed!
repetition: 49981
>passed!
repetition: 49982
>passed!
repetition: 49983
>passed!
repetition: 49984
>passed!
repetition: 49985
>passed!
repetition: 49986
>passed!
repetition: 49987
>passed!
repetition: 49988
>passed!
repetition: 49989
>passed!
repetition: 49990
>passed!
repetition: 49991
>passed!
repetition: 49992
>passed!
repetition: 49993
>passed!
repetition: 49994
>passed!
repetition: 49995
>passed!
repetition: 49996
>passed!
repetition: 49997
>passed!
repetition: 49998
>passed!
repetition: 49999
>passed!
repetition: 50000
>passed!
repetition: 50001
>passed!
repetition: 50002
>passed!
repetition: 50003
>passed!
repetition: 50004
>passed!
repetition: 50005
>passed!
repetition: 50006
>passed!
repetition: 50007
>passed!
repetition: 50008
>passed!
repetition: 50009
>passed!
repetition: 50010
>passed!
repetition: 50011
>passed!
repetition: 50012
>passed!
repetition: 50013
>passed!
repetition: 50014
>passed!
repetition: 50015
>passed!
repetition: 50016
>passed!
repetition: 50017
>passed!
repetition: 50018
>passed!
repetition: 50019
>passed!
repetition: 50020
>passed!
repetition: 50021
>passed!
repetition: 50022
>passed!
repetition: 50023
>passed!
repetition: 50024
>passed!
repetition: 50025
>passed!
repetition: 50026
>passed!
repetition: 50027
>passed!
repetition: 50028
>passed!
repetition: 50029
>passed!
repetition: 50030
>passed!
repetition: 50031
>passed!
repetition: 50032
>passed!
repetition: 50033
>passed!
repetition: 50034
>passed!
repetition: 50035
>passed!
repetition: 50036
>passed!
repetition: 50037
>passed!
repetition: 50038
>passed!
repetition: 50039
>passed!
repetition: 50040
>passed!
repetition: 50041
>passed!
repetition: 50042
>passed!
repetition: 50043
>passed!
repetition: 50044
>passed!
repetition: 50045
>passed!
repetition: 50046
>passed!
repetition: 50047
>passed!
repetition: 50048
>passed!
repetition: 50049
>passed!
repetition: 50050
>passed!
repetition: 50051
>passed!
repetition: 50052
>passed!
repetition: 50053
>passed!
repetition: 50054
>passed!
repetition: 50055
>passed!
repetition: 50056
>passed!
repetition: 50057
>passed!
repetition: 50058
>passed!
repetition: 50059
>passed!
repetition: 50060
>passed!
repetition: 50061
>passed!
repetition: 50062
>passed!
repetition: 50063
>passed!
repetition: 50064
>passed!
repetition: 50065
>passed!
repetition: 50066
>passed!
repetition: 50067
>passed!
repetition: 50068
>passed!
repetition: 50069
>passed!
repetition: 50070
>passed!
repetition: 50071
>passed!
repetition: 50072
>passed!
repetition: 50073
>passed!
repetition: 50074
>passed!
repetition: 50075
>passed!
repetition: 50076
>passed!
repetition: 50077
>passed!
repetition: 50078
>passed!
repetition: 50079
>passed!
repetition: 50080
>passed!
repetition: 50081
>passed!
repetition: 50082
>passed!
repetition: 50083
>passed!
repetition: 50084
>passed!
repetition: 50085
>passed!
repetition: 50086
>passed!
repetition: 50087
>passed!
repetition: 50088
>passed!
repetition: 50089
>passed!
repetition: 50090
>passed!
repetition: 50091
>passed!
repetition: 50092
>passed!
repetition: 50093
>passed!
repetition: 50094
>passed!
repetition: 50095
>passed!
repetition: 50096
>passed!
repetition: 50097
>passed!
repetition: 50098
>passed!
repetition: 50099
>passed!
repetition: 50100
>passed!
repetition: 50101
>passed!
repetition: 50102
>passed!
repetition: 50103
>passed!
repetition: 50104
>passed!
repetition: 50105
>passed!
repetition: 50106
>passed!
repetition: 50107
>passed!
repetition: 50108
>passed!
repetition: 50109
>passed!
repetition: 50110
>passed!
repetition: 50111
>passed!
repetition: 50112
>passed!
repetition: 50113
>passed!
repetition: 50114
>passed!
repetition: 50115
>passed!
repetition: 50116
>passed!
repetition: 50117
>passed!
repetition: 50118
>passed!
repetition: 50119
>passed!
repetition: 50120
>passed!
repetition: 50121
>passed!
repetition: 50122
>passed!
repetition: 50123
>passed!
repetition: 50124
>passed!
repetition: 50125
>passed!
repetition: 50126
>passed!
repetition: 50127
>passed!
repetition: 50128
>passed!
repetition: 50129
>passed!
repetition: 50130
>passed!
repetition: 50131
>passed!
repetition: 50132
>passed!
repetition: 50133
>passed!
repetition: 50134
>passed!
repetition: 50135
>passed!
repetition: 50136
>passed!
repetition: 50137
>passed!
repetition: 50138
>passed!
repetition: 50139
>passed!
repetition: 50140
>passed!
repetition: 50141
>passed!
repetition: 50142
>passed!
repetition: 50143
>passed!
repetition: 50144
>passed!
repetition: 50145
>passed!
repetition: 50146
>passed!
repetition: 50147
>passed!
repetition: 50148
>passed!
repetition: 50149
>passed!
repetition: 50150
>passed!
repetition: 50151
>passed!
repetition: 50152
>passed!
repetition: 50153
>passed!
repetition: 50154
>passed!
repetition: 50155
>passed!
repetition: 50156
>passed!
repetition: 50157
>passed!
repetition: 50158
>passed!
repetition: 50159
>passed!
repetition: 50160
>passed!
repetition: 50161
>passed!
repetition: 50162
>passed!
repetition: 50163
>passed!
repetition: 50164
>passed!
repetition: 50165
>passed!
repetition: 50166
>passed!
repetition: 50167
>passed!
repetition: 50168
>passed!
repetition: 50169
>passed!
repetition: 50170
>passed!
repetition: 50171
>passed!
repetition: 50172
>passed!
repetition: 50173
>passed!
repetition: 50174
>passed!
repetition: 50175
>passed!
repetition: 50176
>passed!
repetition: 50177
>passed!
repetition: 50178
>passed!
repetition: 50179
>passed!
repetition: 50180
>passed!
repetition: 50181
>passed!
repetition: 50182
>passed!
repetition: 50183
>passed!
repetition: 50184
>passed!
repetition: 50185
>passed!
repetition: 50186
>passed!
repetition: 50187
>passed!
repetition: 50188
>passed!
repetition: 50189
>passed!
repetition: 50190
>passed!
repetition: 50191
>passed!
repetition: 50192
>passed!
repetition: 50193
>passed!
repetition: 50194
>passed!
repetition: 50195
>passed!
repetition: 50196
>passed!
repetition: 50197
>passed!
repetition: 50198
>passed!
repetition: 50199
>passed!
repetition: 50200
>passed!
repetition: 50201
>passed!
repetition: 50202
>passed!
repetition: 50203
>passed!
repetition: 50204
>passed!
repetition: 50205
>passed!
repetition: 50206
>passed!
repetition: 50207
>passed!
repetition: 50208
>passed!
repetition: 50209
>passed!
repetition: 50210
>passed!
repetition: 50211
>passed!
repetition: 50212
>passed!
repetition: 50213
>passed!
repetition: 50214
>passed!
repetition: 50215
>passed!
repetition: 50216
>passed!
repetition: 50217
>passed!
repetition: 50218
>passed!
repetition: 50219
>passed!
repetition: 50220
>passed!
repetition: 50221
>passed!
repetition: 50222
>passed!
repetition: 50223
>passed!
repetition: 50224
>passed!
repetition: 50225
>passed!
repetition: 50226
>passed!
repetition: 50227
>passed!
repetition: 50228
>passed!
repetition: 50229
>passed!
repetition: 50230
>passed!
repetition: 50231
>passed!
repetition: 50232
>passed!
repetition: 50233
>passed!
repetition: 50234
>passed!
repetition: 50235
>passed!
repetition: 50236
>passed!
repetition: 50237
>passed!
repetition: 50238
>passed!
repetition: 50239
>passed!
repetition: 50240
>passed!
repetition: 50241
>passed!
repetition: 50242
>passed!
repetition: 50243
>passed!
repetition: 50244
>passed!
repetition: 50245
>passed!
repetition: 50246
>passed!
repetition: 50247
>passed!
repetition: 50248
>passed!
repetition: 50249
>passed!
repetition: 50250
>passed!
repetition: 50251
>passed!
repetition: 50252
>passed!
repetition: 50253
>passed!
repetition: 50254
>passed!
repetition: 50255
>passed!
repetition: 50256
>passed!
repetition: 50257
>passed!
repetition: 50258
>passed!
repetition: 50259
>passed!
repetition: 50260
>passed!
repetition: 50261
>passed!
repetition: 50262
>passed!
repetition: 50263
>passed!
repetition: 50264
>passed!
repetition: 50265
>passed!
repetition: 50266
>passed!
repetition: 50267
>passed!
repetition: 50268
>passed!
repetition: 50269
>passed!
repetition: 50270
>passed!
repetition: 50271
>passed!
repetition: 50272
>passed!
repetition: 50273
>passed!
repetition: 50274
>passed!
repetition: 50275
>passed!
repetition: 50276
>passed!
repetition: 50277
>passed!
repetition: 50278
>passed!
repetition: 50279
>passed!
repetition: 50280
>passed!
repetition: 50281
>passed!
repetition: 50282
>passed!
repetition: 50283
>passed!
repetition: 50284
>passed!
repetition: 50285
>passed!
repetition: 50286
>passed!
repetition: 50287
>passed!
repetition: 50288
>passed!
repetition: 50289
>passed!
repetition: 50290
>passed!
repetition: 50291
>passed!
repetition: 50292
>passed!
repetition: 50293
>passed!
repetition: 50294
>passed!
repetition: 50295
>passed!
repetition: 50296
>passed!
repetition: 50297
>passed!
repetition: 50298
>passed!
repetition: 50299
>passed!
repetition: 50300
>passed!
repetition: 50301
>passed!
repetition: 50302
>passed!
repetition: 50303
>passed!
repetition: 50304
>passed!
repetition: 50305
>passed!
repetition: 50306
>passed!
repetition: 50307
>passed!
repetition: 50308
>passed!
repetition: 50309
>passed!
repetition: 50310
>passed!
repetition: 50311
>passed!
repetition: 50312
>passed!
repetition: 50313
>passed!
repetition: 50314
>passed!
repetition: 50315
>passed!
repetition: 50316
>passed!
repetition: 50317
>passed!
repetition: 50318
>passed!
repetition: 50319
>passed!
repetition: 50320
>passed!
repetition: 50321
>passed!
repetition: 50322
>passed!
repetition: 50323
>passed!
repetition: 50324
>passed!
repetition: 50325
>passed!
repetition: 50326
>passed!
repetition: 50327
>passed!
repetition: 50328
>passed!
repetition: 50329
>passed!
repetition: 50330
>passed!
repetition: 50331
>passed!
repetition: 50332
>passed!
repetition: 50333
>passed!
repetition: 50334
>passed!
repetition: 50335
>passed!
repetition: 50336
>passed!
repetition: 50337
>passed!
repetition: 50338
>passed!
repetition: 50339
>passed!
repetition: 50340
>passed!
repetition: 50341
>passed!
repetition: 50342
>passed!
repetition: 50343
>passed!
repetition: 50344
>passed!
repetition: 50345
>passed!
repetition: 50346
>passed!
repetition: 50347
>passed!
repetition: 50348
>passed!
repetition: 50349
>passed!
repetition: 50350
>passed!
repetition: 50351
>passed!
repetition: 50352
>passed!
repetition: 50353
>passed!
repetition: 50354
>passed!
repetition: 50355
>passed!
repetition: 50356
>passed!
repetition: 50357
>passed!
repetition: 50358
>passed!
repetition: 50359
>passed!
repetition: 50360
>passed!
repetition: 50361
>passed!
repetition: 50362
>passed!
repetition: 50363
>passed!
repetition: 50364
>passed!
repetition: 50365
>passed!
repetition: 50366
>passed!
repetition: 50367
>passed!
repetition: 50368
>passed!
repetition: 50369
>passed!
repetition: 50370
>passed!
repetition: 50371
>passed!
repetition: 50372
>passed!
repetition: 50373
>passed!
repetition: 50374
>passed!
repetition: 50375
>passed!
repetition: 50376
>passed!
repetition: 50377
>passed!
repetition: 50378
>passed!
repetition: 50379
>passed!
repetition: 50380
>passed!
repetition: 50381
>passed!
repetition: 50382
>passed!
repetition: 50383
>passed!
repetition: 50384
>passed!
repetition: 50385
>passed!
repetition: 50386
>passed!
repetition: 50387
>passed!
repetition: 50388
>passed!
repetition: 50389
>passed!
repetition: 50390
>passed!
repetition: 50391
>passed!
repetition: 50392
>passed!
repetition: 50393
>passed!
repetition: 50394
>passed!
repetition: 50395
>passed!
repetition: 50396
>passed!
repetition: 50397
>passed!
repetition: 50398
>passed!
repetition: 50399
>passed!
repetition: 50400
>passed!
repetition: 50401
>passed!
repetition: 50402
>passed!
repetition: 50403
>passed!
repetition: 50404
>passed!
repetition: 50405
>passed!
repetition: 50406
>passed!
repetition: 50407
>passed!
repetition: 50408
>passed!
repetition: 50409
>passed!
repetition: 50410
>passed!
repetition: 50411
>passed!
repetition: 50412
>passed!
repetition: 50413
>passed!
repetition: 50414
>passed!
repetition: 50415
>passed!
repetition: 50416
>passed!
repetition: 50417
>passed!
repetition: 50418
>passed!
repetition: 50419
>passed!
repetition: 50420
>passed!
repetition: 50421
>passed!
repetition: 50422
>passed!
repetition: 50423
>passed!
repetition: 50424
>passed!
repetition: 50425
>passed!
repetition: 50426
>passed!
repetition: 50427
>passed!
repetition: 50428
>passed!
repetition: 50429
>passed!
repetition: 50430
>passed!
repetition: 50431
>passed!
repetition: 50432
>passed!
repetition: 50433
>passed!
repetition: 50434
>passed!
repetition: 50435
>passed!
repetition: 50436
>passed!
repetition: 50437
>passed!
repetition: 50438
>passed!
repetition: 50439
>passed!
repetition: 50440
>passed!
repetition: 50441
>passed!
repetition: 50442
>passed!
repetition: 50443
>passed!
repetition: 50444
>passed!
repetition: 50445
>passed!
repetition: 50446
>passed!
repetition: 50447
>passed!
repetition: 50448
>passed!
repetition: 50449
>passed!
repetition: 50450
>passed!
repetition: 50451
>passed!
repetition: 50452
>passed!
repetition: 50453
>passed!
repetition: 50454
>passed!
repetition: 50455
>passed!
repetition: 50456
>passed!
repetition: 50457
>passed!
repetition: 50458
>passed!
repetition: 50459
>passed!
repetition: 50460
>passed!
repetition: 50461
>passed!
repetition: 50462
>passed!
repetition: 50463
>passed!
repetition: 50464
>passed!
repetition: 50465
>passed!
repetition: 50466
>passed!
repetition: 50467
>passed!
repetition: 50468
>passed!
repetition: 50469
>passed!
repetition: 50470
>passed!
repetition: 50471
>passed!
repetition: 50472
>passed!
repetition: 50473
>passed!
repetition: 50474
>passed!
repetition: 50475
>passed!
repetition: 50476
>passed!
repetition: 50477
>passed!
repetition: 50478
>passed!
repetition: 50479
>passed!
repetition: 50480
>passed!
repetition: 50481
>passed!
repetition: 50482
>passed!
repetition: 50483
>passed!
repetition: 50484
>passed!
repetition: 50485
>passed!
repetition: 50486
>passed!
repetition: 50487
>passed!
repetition: 50488
>passed!
repetition: 50489
>passed!
repetition: 50490
>passed!
repetition: 50491
>passed!
repetition: 50492
>passed!
repetition: 50493
>passed!
repetition: 50494
>passed!
repetition: 50495
>passed!
repetition: 50496
>passed!
repetition: 50497
>passed!
repetition: 50498
>passed!
repetition: 50499
>passed!
repetition: 50500
>passed!
repetition: 50501
>passed!
repetition: 50502
>passed!
repetition: 50503
>passed!
repetition: 50504
>passed!
repetition: 50505
>passed!
repetition: 50506
>passed!
repetition: 50507
>passed!
repetition: 50508
>passed!
repetition: 50509
>passed!
repetition: 50510
>passed!
repetition: 50511
>passed!
repetition: 50512
>passed!
repetition: 50513
>passed!
repetition: 50514
>passed!
repetition: 50515
>passed!
repetition: 50516
>passed!
repetition: 50517
>passed!
repetition: 50518
>passed!
repetition: 50519
>passed!
repetition: 50520
>passed!
repetition: 50521
>passed!
repetition: 50522
>passed!
repetition: 50523
>passed!
repetition: 50524
>passed!
repetition: 50525
>passed!
repetition: 50526
>passed!
repetition: 50527
>passed!
repetition: 50528
>passed!
repetition: 50529
>passed!
repetition: 50530
>passed!
repetition: 50531
>passed!
repetition: 50532
>passed!
repetition: 50533
>passed!
repetition: 50534
>passed!
repetition: 50535
>passed!
repetition: 50536
>passed!
repetition: 50537
>passed!
repetition: 50538
>passed!
repetition: 50539
>passed!
repetition: 50540
>passed!
repetition: 50541
>passed!
repetition: 50542
>passed!
repetition: 50543
>passed!
repetition: 50544
>passed!
repetition: 50545
>passed!
repetition: 50546
>passed!
repetition: 50547
>passed!
repetition: 50548
>passed!
repetition: 50549
>passed!
repetition: 50550
>passed!
repetition: 50551
>passed!
repetition: 50552
>passed!
repetition: 50553
>passed!
repetition: 50554
>passed!
repetition: 50555
>passed!
repetition: 50556
>passed!
repetition: 50557
>passed!
repetition: 50558
>passed!
repetition: 50559
>passed!
repetition: 50560
>passed!
repetition: 50561
>passed!
repetition: 50562
>passed!
repetition: 50563
>passed!
repetition: 50564
>passed!
repetition: 50565
>passed!
repetition: 50566
>passed!
repetition: 50567
>passed!
repetition: 50568
>passed!
repetition: 50569
>passed!
repetition: 50570
>passed!
repetition: 50571
>passed!
repetition: 50572
>passed!
repetition: 50573
>passed!
repetition: 50574
>passed!
repetition: 50575
>passed!
repetition: 50576
>passed!
repetition: 50577
>passed!
repetition: 50578
>passed!
repetition: 50579
>passed!
repetition: 50580
>passed!
repetition: 50581
>passed!
repetition: 50582
>passed!
repetition: 50583
>passed!
repetition: 50584
>passed!
repetition: 50585
>passed!
repetition: 50586
>passed!
repetition: 50587
>passed!
repetition: 50588
>passed!
repetition: 50589
>passed!
repetition: 50590
>passed!
repetition: 50591
>passed!
repetition: 50592
>passed!
repetition: 50593
>passed!
repetition: 50594
>passed!
repetition: 50595
>passed!
repetition: 50596
>passed!
repetition: 50597
>passed!
repetition: 50598
>passed!
repetition: 50599
>passed!
repetition: 50600
>passed!
repetition: 50601
>passed!
repetition: 50602
>passed!
repetition: 50603
>passed!
repetition: 50604
>passed!
repetition: 50605
>passed!
repetition: 50606
>passed!
repetition: 50607
>passed!
repetition: 50608
>passed!
repetition: 50609
>passed!
repetition: 50610
>passed!
repetition: 50611
>passed!
repetition: 50612
>passed!
repetition: 50613
>passed!
repetition: 50614
>passed!
repetition: 50615
>passed!
repetition: 50616
>passed!
repetition: 50617
>passed!
repetition: 50618
>passed!
repetition: 50619
>passed!
repetition: 50620
>passed!
repetition: 50621
>passed!
repetition: 50622
>passed!
repetition: 50623
>passed!
repetition: 50624
>passed!
repetition: 50625
>passed!
repetition: 50626
>passed!
repetition: 50627
>passed!
repetition: 50628
>passed!
repetition: 50629
>passed!
repetition: 50630
>passed!
repetition: 50631
>passed!
repetition: 50632
>passed!
repetition: 50633
>passed!
repetition: 50634
>passed!
repetition: 50635
>passed!
repetition: 50636
>passed!
repetition: 50637
>passed!
repetition: 50638
>passed!
repetition: 50639
>passed!
repetition: 50640
>passed!
repetition: 50641
>passed!
repetition: 50642
>passed!
repetition: 50643
>passed!
repetition: 50644
>passed!
repetition: 50645
>passed!
repetition: 50646
>passed!
repetition: 50647
>passed!
repetition: 50648
>passed!
repetition: 50649
>passed!
repetition: 50650
>passed!
repetition: 50651
>passed!
repetition: 50652
>passed!
repetition: 50653
>passed!
repetition: 50654
>passed!
repetition: 50655
>passed!
repetition: 50656
>passed!
repetition: 50657
>passed!
repetition: 50658
>passed!
repetition: 50659
>passed!
repetition: 50660
>passed!
repetition: 50661
>passed!
repetition: 50662
>passed!
repetition: 50663
>passed!
repetition: 50664
>passed!
repetition: 50665
>passed!
repetition: 50666
>passed!
repetition: 50667
>passed!
repetition: 50668
>passed!
repetition: 50669
>passed!
repetition: 50670
>passed!
repetition: 50671
>passed!
repetition: 50672
>passed!
repetition: 50673
>passed!
repetition: 50674
>passed!
repetition: 50675
>passed!
repetition: 50676
>passed!
repetition: 50677
>passed!
repetition: 50678
>passed!
repetition: 50679
>passed!
repetition: 50680
>passed!
repetition: 50681
>passed!
repetition: 50682
>passed!
repetition: 50683
>passed!
repetition: 50684
>passed!
repetition: 50685
>passed!
repetition: 50686
>passed!
repetition: 50687
>passed!
repetition: 50688
>passed!
repetition: 50689
>passed!
repetition: 50690
>passed!
repetition: 50691
>passed!
repetition: 50692
>passed!
repetition: 50693
>passed!
repetition: 50694
>passed!
repetition: 50695
>passed!
repetition: 50696
>passed!
repetition: 50697
>passed!
repetition: 50698
>passed!
repetition: 50699
>passed!
repetition: 50700
>passed!
repetition: 50701
>passed!
repetition: 50702
>passed!
repetition: 50703
>passed!
repetition: 50704
>passed!
repetition: 50705
>passed!
repetition: 50706
>passed!
repetition: 50707
>passed!
repetition: 50708
>passed!
repetition: 50709
>passed!
repetition: 50710
>passed!
repetition: 50711
>passed!
repetition: 50712
>passed!
repetition: 50713
>passed!
repetition: 50714
>passed!
repetition: 50715
>passed!
repetition: 50716
>passed!
repetition: 50717
>passed!
repetition: 50718
>passed!
repetition: 50719
>passed!
repetition: 50720
>passed!
repetition: 50721
>passed!
repetition: 50722
>passed!
repetition: 50723
>passed!
repetition: 50724
>passed!
repetition: 50725
>passed!
repetition: 50726
>passed!
repetition: 50727
>passed!
repetition: 50728
>passed!
repetition: 50729
>passed!
repetition: 50730
>passed!
repetition: 50731
>passed!
repetition: 50732
>passed!
repetition: 50733
>passed!
repetition: 50734
>passed!
repetition: 50735
>passed!
repetition: 50736
>passed!
repetition: 50737
>passed!
repetition: 50738
>passed!
repetition: 50739
>passed!
repetition: 50740
>passed!
repetition: 50741
>passed!
repetition: 50742
>passed!
repetition: 50743
>passed!
repetition: 50744
>passed!
repetition: 50745
>passed!
repetition: 50746
>passed!
repetition: 50747
>passed!
repetition: 50748
>passed!
repetition: 50749
>passed!
repetition: 50750
>passed!
repetition: 50751
>passed!
repetition: 50752
>passed!
repetition: 50753
>passed!
repetition: 50754
>passed!
repetition: 50755
>passed!
repetition: 50756
>passed!
repetition: 50757
>passed!
repetition: 50758
>passed!
repetition: 50759
>passed!
repetition: 50760
>passed!
repetition: 50761
>passed!
repetition: 50762
>passed!
repetition: 50763
>passed!
repetition: 50764
>passed!
repetition: 50765
>passed!
repetition: 50766
>passed!
repetition: 50767
>passed!
repetition: 50768
>passed!
repetition: 50769
>passed!
repetition: 50770
>passed!
repetition: 50771
>passed!
repetition: 50772
>passed!
repetition: 50773
>passed!
repetition: 50774
>passed!
repetition: 50775
>passed!
repetition: 50776
>passed!
repetition: 50777
>passed!
repetition: 50778
>passed!
repetition: 50779
>passed!
repetition: 50780
>passed!
repetition: 50781
>passed!
repetition: 50782
>passed!
repetition: 50783
>passed!
repetition: 50784
>passed!
repetition: 50785
>passed!
repetition: 50786
>passed!
repetition: 50787
>passed!
repetition: 50788
>passed!
repetition: 50789
>passed!
repetition: 50790
>passed!
repetition: 50791
>passed!
repetition: 50792
>passed!
repetition: 50793
>passed!
repetition: 50794
>passed!
repetition: 50795
>passed!
repetition: 50796
>passed!
repetition: 50797
>passed!
repetition: 50798
>passed!
repetition: 50799
>passed!
repetition: 50800
>passed!
repetition: 50801
>passed!
repetition: 50802
>passed!
repetition: 50803
>passed!
repetition: 50804
>passed!
repetition: 50805
>passed!
repetition: 50806
>passed!
repetition: 50807
>passed!
repetition: 50808
>passed!
repetition: 50809
>passed!
repetition: 50810
>passed!
repetition: 50811
>passed!
repetition: 50812
>passed!
repetition: 50813
>passed!
repetition: 50814
>passed!
repetition: 50815
>passed!
repetition: 50816
>passed!
repetition: 50817
>passed!
repetition: 50818
>passed!
repetition: 50819
>passed!
repetition: 50820
>passed!
repetition: 50821
>passed!
repetition: 50822
>passed!
repetition: 50823
>passed!
repetition: 50824
>passed!
repetition: 50825
>passed!
repetition: 50826
>passed!
repetition: 50827
>passed!
repetition: 50828
>passed!
repetition: 50829
>passed!
repetition: 50830
>passed!
repetition: 50831
>passed!
repetition: 50832
>passed!
repetition: 50833
>passed!
repetition: 50834
>passed!
repetition: 50835
>passed!
repetition: 50836
>passed!
repetition: 50837
>passed!
repetition: 50838
>passed!
repetition: 50839
>passed!
repetition: 50840
>passed!
repetition: 50841
>passed!
repetition: 50842
>passed!
repetition: 50843
>passed!
repetition: 50844
>passed!
repetition: 50845
>passed!
repetition: 50846
>passed!
repetition: 50847
>passed!
repetition: 50848
>passed!
repetition: 50849
>passed!
repetition: 50850
>passed!
repetition: 50851
>passed!
repetition: 50852
>passed!
repetition: 50853
>passed!
repetition: 50854
>passed!
repetition: 50855
>passed!
repetition: 50856
>passed!
repetition: 50857
>passed!
repetition: 50858
>passed!
repetition: 50859
>passed!
repetition: 50860
>passed!
repetition: 50861
>passed!
repetition: 50862
>passed!
repetition: 50863
>passed!
repetition: 50864
>passed!
repetition: 50865
>passed!
repetition: 50866
>passed!
repetition: 50867
>passed!
repetition: 50868
>passed!
repetition: 50869
>passed!
repetition: 50870
>passed!
repetition: 50871
>passed!
repetition: 50872
>passed!
repetition: 50873
>passed!
repetition: 50874
>passed!
repetition: 50875
>passed!
repetition: 50876
>passed!
repetition: 50877
>passed!
repetition: 50878
>passed!
repetition: 50879
>passed!
repetition: 50880
>passed!
repetition: 50881
>passed!
repetition: 50882
>passed!
repetition: 50883
>passed!
repetition: 50884
>passed!
repetition: 50885
>passed!
repetition: 50886
>passed!
repetition: 50887
>passed!
repetition: 50888
>passed!
repetition: 50889
>passed!
repetition: 50890
>passed!
repetition: 50891
>passed!
repetition: 50892
>passed!
repetition: 50893
>passed!
repetition: 50894
>passed!
repetition: 50895
>passed!
repetition: 50896
>passed!
repetition: 50897
>passed!
repetition: 50898
>passed!
repetition: 50899
>passed!
repetition: 50900
>passed!
repetition: 50901
>passed!
repetition: 50902
>passed!
repetition: 50903
>passed!
repetition: 50904
>passed!
repetition: 50905
>passed!
repetition: 50906
>passed!
repetition: 50907
>passed!
repetition: 50908
>passed!
repetition: 50909
>passed!
repetition: 50910
>passed!
repetition: 50911
>passed!
repetition: 50912
>passed!
repetition: 50913
>passed!
repetition: 50914
>passed!
repetition: 50915
>passed!
repetition: 50916
>passed!
repetition: 50917
>passed!
repetition: 50918
>passed!
repetition: 50919
>passed!
repetition: 50920
>passed!
repetition: 50921
>passed!
repetition: 50922
>passed!
repetition: 50923
>passed!
repetition: 50924
>passed!
repetition: 50925
>passed!
repetition: 50926
>passed!
repetition: 50927
>passed!
repetition: 50928
>passed!
repetition: 50929
>passed!
repetition: 50930
>passed!
repetition: 50931
>passed!
repetition: 50932
>passed!
repetition: 50933
>passed!
repetition: 50934
>passed!
repetition: 50935
>passed!
repetition: 50936
>passed!
repetition: 50937
>passed!
repetition: 50938
>passed!
repetition: 50939
>passed!
repetition: 50940
>passed!
repetition: 50941
>passed!
repetition: 50942
>passed!
repetition: 50943
>passed!
repetition: 50944
>passed!
repetition: 50945
>passed!
repetition: 50946
>passed!
repetition: 50947
>passed!
repetition: 50948
>passed!
repetition: 50949
>passed!
repetition: 50950
>passed!
repetition: 50951
>passed!
repetition: 50952
>passed!
repetition: 50953
>passed!
repetition: 50954
>passed!
repetition: 50955
>passed!
repetition: 50956
>passed!
repetition: 50957
>passed!
repetition: 50958
>passed!
repetition: 50959
>passed!
repetition: 50960
>passed!
repetition: 50961
>passed!
repetition: 50962
>passed!
repetition: 50963
>passed!
repetition: 50964
>passed!
repetition: 50965
>passed!
repetition: 50966
>passed!
repetition: 50967
>passed!
repetition: 50968
>passed!
repetition: 50969
>passed!
repetition: 50970
>passed!
repetition: 50971
>passed!
repetition: 50972
>passed!
repetition: 50973
>passed!
repetition: 50974
>passed!
repetition: 50975
>passed!
repetition: 50976
>passed!
repetition: 50977
>passed!
repetition: 50978
>passed!
repetition: 50979
>passed!
repetition: 50980
>passed!
repetition: 50981
>passed!
repetition: 50982
>passed!
repetition: 50983
>passed!
repetition: 50984
>passed!
repetition: 50985
>passed!
repetition: 50986
>passed!
repetition: 50987
>passed!
repetition: 50988
>passed!
repetition: 50989
>passed!
repetition: 50990
>passed!
repetition: 50991
>passed!
repetition: 50992
>passed!
repetition: 50993
>passed!
repetition: 50994
>passed!
repetition: 50995
>passed!
repetition: 50996
>passed!
repetition: 50997
>passed!
repetition: 50998
>passed!
repetition: 50999
>passed!
repetition: 51000
>passed!
repetition: 51001
>passed!
repetition: 51002
>passed!
repetition: 51003
>passed!
repetition: 51004
>passed!
repetition: 51005
>passed!
repetition: 51006
>passed!
repetition: 51007
>passed!
repetition: 51008
>passed!
repetition: 51009
>passed!
repetition: 51010
>passed!
repetition: 51011
>passed!
repetition: 51012
>passed!
repetition: 51013
>passed!
repetition: 51014
>passed!
repetition: 51015
>passed!
repetition: 51016
>passed!
repetition: 51017
>passed!
repetition: 51018
>passed!
repetition: 51019
>passed!
repetition: 51020
>passed!
repetition: 51021
>passed!
repetition: 51022
>passed!
repetition: 51023
>passed!
repetition: 51024
>passed!
repetition: 51025
>passed!
repetition: 51026
>passed!
repetition: 51027
>passed!
repetition: 51028
>passed!
repetition: 51029
>passed!
repetition: 51030
>passed!
repetition: 51031
>passed!
repetition: 51032
>passed!
repetition: 51033
>passed!
repetition: 51034
>passed!
repetition: 51035
>passed!
repetition: 51036
>passed!
repetition: 51037
>passed!
repetition: 51038
>passed!
repetition: 51039
>passed!
repetition: 51040
>passed!
repetition: 51041
>passed!
repetition: 51042
>passed!
repetition: 51043
>passed!
repetition: 51044
>passed!
repetition: 51045
>passed!
repetition: 51046
>passed!
repetition: 51047
>passed!
repetition: 51048
>passed!
repetition: 51049
>passed!
repetition: 51050
>passed!
repetition: 51051
>passed!
repetition: 51052
>passed!
repetition: 51053
>passed!
repetition: 51054
>passed!
repetition: 51055
>passed!
repetition: 51056
>passed!
repetition: 51057
>passed!
repetition: 51058
>passed!
repetition: 51059
>passed!
repetition: 51060
>passed!
repetition: 51061
>passed!
repetition: 51062
>passed!
repetition: 51063
>passed!
repetition: 51064
>passed!
repetition: 51065
>passed!
repetition: 51066
>passed!
repetition: 51067
>passed!
repetition: 51068
>passed!
repetition: 51069
>passed!
repetition: 51070
>passed!
repetition: 51071
>passed!
repetition: 51072
>passed!
repetition: 51073
>passed!
repetition: 51074
>passed!
repetition: 51075
>passed!
repetition: 51076
>passed!
repetition: 51077
>passed!
repetition: 51078
>passed!
repetition: 51079
>passed!
repetition: 51080
>passed!
repetition: 51081
>passed!
repetition: 51082
>passed!
repetition: 51083
>passed!
repetition: 51084
>passed!
repetition: 51085
>passed!
repetition: 51086
>passed!
repetition: 51087
>passed!
repetition: 51088
>passed!
repetition: 51089
>passed!
repetition: 51090
>passed!
repetition: 51091
>passed!
repetition: 51092
>passed!
repetition: 51093
>passed!
repetition: 51094
>passed!
repetition: 51095
>passed!
repetition: 51096
>passed!
repetition: 51097
>passed!
repetition: 51098
>passed!
repetition: 51099
>passed!
repetition: 51100
>passed!
repetition: 51101
>passed!
repetition: 51102
>passed!
repetition: 51103
>passed!
repetition: 51104
>passed!
repetition: 51105
>passed!
repetition: 51106
>passed!
repetition: 51107
>passed!
repetition: 51108
>passed!
repetition: 51109
>passed!
repetition: 51110
>passed!
repetition: 51111
>passed!
repetition: 51112
>passed!
repetition: 51113
>passed!
repetition: 51114
>passed!
repetition: 51115
>passed!
repetition: 51116
>passed!
repetition: 51117
>passed!
repetition: 51118
>passed!
repetition: 51119
>passed!
repetition: 51120
>passed!
repetition: 51121
>passed!
repetition: 51122
>passed!
repetition: 51123
>passed!
repetition: 51124
>passed!
repetition: 51125
>passed!
repetition: 51126
>passed!
repetition: 51127
>passed!
repetition: 51128
>passed!
repetition: 51129
>passed!
repetition: 51130
>passed!
repetition: 51131
>passed!
repetition: 51132
>passed!
repetition: 51133
>passed!
repetition: 51134
>passed!
repetition: 51135
>passed!
repetition: 51136
>passed!
repetition: 51137
>passed!
repetition: 51138
>passed!
repetition: 51139
>passed!
repetition: 51140
>passed!
repetition: 51141
>passed!
repetition: 51142
>passed!
repetition: 51143
>passed!
repetition: 51144
>passed!
repetition: 51145
>passed!
repetition: 51146
>passed!
repetition: 51147
>passed!
repetition: 51148
>passed!
repetition: 51149
>passed!
repetition: 51150
>passed!
repetition: 51151
>passed!
repetition: 51152
>passed!
repetition: 51153
>passed!
repetition: 51154
>passed!
repetition: 51155
>passed!
repetition: 51156
>passed!
repetition: 51157
>passed!
repetition: 51158
>passed!
repetition: 51159
>passed!
repetition: 51160
>passed!
repetition: 51161
>passed!
repetition: 51162
>passed!
repetition: 51163
>passed!
repetition: 51164
>passed!
repetition: 51165
>passed!
repetition: 51166
>passed!
repetition: 51167
>passed!
repetition: 51168
>passed!
repetition: 51169
>passed!
repetition: 51170
>passed!
repetition: 51171
>passed!
repetition: 51172
>passed!
repetition: 51173
>passed!
repetition: 51174
>passed!
repetition: 51175
>passed!
repetition: 51176
>passed!
repetition: 51177
>passed!
repetition: 51178
>passed!
repetition: 51179
>passed!
repetition: 51180
>passed!
repetition: 51181
>passed!
repetition: 51182
>passed!
repetition: 51183
>passed!
repetition: 51184
>passed!
repetition: 51185
>passed!
repetition: 51186
>passed!
repetition: 51187
>passed!
repetition: 51188
>passed!
repetition: 51189
>passed!
repetition: 51190
>passed!
repetition: 51191
>passed!
repetition: 51192
>passed!
repetition: 51193
>passed!
repetition: 51194
>passed!
repetition: 51195
>passed!
repetition: 51196
>passed!
repetition: 51197
>passed!
repetition: 51198
>passed!
repetition: 51199
>passed!
repetition: 51200
>passed!
repetition: 51201
>passed!
repetition: 51202
>passed!
repetition: 51203
>passed!
repetition: 51204
>passed!
repetition: 51205
>passed!
repetition: 51206
>passed!
repetition: 51207
>passed!
repetition: 51208
>passed!
repetition: 51209
>passed!
repetition: 51210
>passed!
repetition: 51211
>passed!
repetition: 51212
>passed!
repetition: 51213
>passed!
repetition: 51214
>passed!
repetition: 51215
>passed!
repetition: 51216
>passed!
repetition: 51217
>passed!
repetition: 51218
>passed!
repetition: 51219
>passed!
repetition: 51220
>passed!
repetition: 51221
>passed!
repetition: 51222
>passed!
repetition: 51223
>passed!
repetition: 51224
>passed!
repetition: 51225
>passed!
repetition: 51226
>passed!
repetition: 51227
>passed!
repetition: 51228
>passed!
repetition: 51229
>passed!
repetition: 51230
>passed!
repetition: 51231
>passed!
repetition: 51232
>passed!
repetition: 51233
>passed!
repetition: 51234
>passed!
repetition: 51235
>passed!
repetition: 51236
>passed!
repetition: 51237
>passed!
repetition: 51238
>passed!
repetition: 51239
>passed!
repetition: 51240
>passed!
repetition: 51241
>passed!
repetition: 51242
>passed!
repetition: 51243
>passed!
repetition: 51244
>passed!
repetition: 51245
>passed!
repetition: 51246
>passed!
repetition: 51247
>passed!
repetition: 51248
>passed!
repetition: 51249
>passed!
repetition: 51250
>passed!
repetition: 51251
>passed!
repetition: 51252
>passed!
repetition: 51253
>passed!
repetition: 51254
>passed!
repetition: 51255
>passed!
repetition: 51256
>passed!
repetition: 51257
>passed!
repetition: 51258
>passed!
repetition: 51259
>passed!
repetition: 51260
>passed!
repetition: 51261
>passed!
repetition: 51262
>passed!
repetition: 51263
>passed!
repetition: 51264
>passed!
repetition: 51265
>passed!
repetition: 51266
>passed!
repetition: 51267
>passed!
repetition: 51268
>passed!
repetition: 51269
>passed!
repetition: 51270
>passed!
repetition: 51271
>passed!
repetition: 51272
>passed!
repetition: 51273
>passed!
repetition: 51274
>passed!
repetition: 51275
>passed!
repetition: 51276
>passed!
repetition: 51277
>passed!
repetition: 51278
>passed!
repetition: 51279
>passed!
repetition: 51280
>passed!
repetition: 51281
>passed!
repetition: 51282
>passed!
repetition: 51283
>passed!
repetition: 51284
>passed!
repetition: 51285
>passed!
repetition: 51286
>passed!
repetition: 51287
>passed!
repetition: 51288
>passed!
repetition: 51289
>passed!
repetition: 51290
>passed!
repetition: 51291
>passed!
repetition: 51292
>passed!
repetition: 51293
>passed!
repetition: 51294
>passed!
repetition: 51295
>passed!
repetition: 51296
>passed!
repetition: 51297
>passed!
repetition: 51298
>passed!
repetition: 51299
>passed!
repetition: 51300
>passed!
repetition: 51301
>passed!
repetition: 51302
>passed!
repetition: 51303
>passed!
repetition: 51304
>passed!
repetition: 51305
>passed!
repetition: 51306
>passed!
repetition: 51307
>passed!
repetition: 51308
>passed!
repetition: 51309
>passed!
repetition: 51310
>passed!
repetition: 51311
>passed!
repetition: 51312
>passed!
repetition: 51313
>passed!
repetition: 51314
>passed!
repetition: 51315
>passed!
repetition: 51316
>passed!
repetition: 51317
>passed!
repetition: 51318
>passed!
repetition: 51319
>passed!
repetition: 51320
>passed!
repetition: 51321
>passed!
repetition: 51322
>passed!
repetition: 51323
>passed!
repetition: 51324
>passed!
repetition: 51325
>passed!
repetition: 51326
>passed!
repetition: 51327
>passed!
repetition: 51328
>passed!
repetition: 51329
>passed!
repetition: 51330
>passed!
repetition: 51331
>passed!
repetition: 51332
>passed!
repetition: 51333
>passed!
repetition: 51334
>passed!
repetition: 51335
>passed!
repetition: 51336
>passed!
repetition: 51337
>passed!
repetition: 51338
>passed!
repetition: 51339
>passed!
repetition: 51340
>passed!
repetition: 51341
>passed!
repetition: 51342
>passed!
repetition: 51343
>passed!
repetition: 51344
>passed!
repetition: 51345
>passed!
repetition: 51346
>passed!
repetition: 51347
>passed!
repetition: 51348
>passed!
repetition: 51349
>passed!
repetition: 51350
>passed!
repetition: 51351
>passed!
repetition: 51352
>passed!
repetition: 51353
>passed!
repetition: 51354
>passed!
repetition: 51355
>passed!
repetition: 51356
>passed!
repetition: 51357
>passed!
repetition: 51358
>passed!
repetition: 51359
>passed!
repetition: 51360
>passed!
repetition: 51361
>passed!
repetition: 51362
>passed!
repetition: 51363
>passed!
repetition: 51364
>passed!
repetition: 51365
>passed!
repetition: 51366
>passed!
repetition: 51367
>passed!
repetition: 51368
>passed!
repetition: 51369
>passed!
repetition: 51370
>passed!
repetition: 51371
>passed!
repetition: 51372
>passed!
repetition: 51373
>passed!
repetition: 51374
>passed!
repetition: 51375
>passed!
repetition: 51376
>passed!
repetition: 51377
>passed!
repetition: 51378
>passed!
repetition: 51379
>passed!
repetition: 51380
>passed!
repetition: 51381
>passed!
repetition: 51382
>passed!
repetition: 51383
>passed!
repetition: 51384
>passed!
repetition: 51385
>passed!
repetition: 51386
>passed!
repetition: 51387
>passed!
repetition: 51388
>passed!
repetition: 51389
>passed!
repetition: 51390
>passed!
repetition: 51391
>passed!
repetition: 51392
>passed!
repetition: 51393
>passed!
repetition: 51394
>passed!
repetition: 51395
>passed!
repetition: 51396
>passed!
repetition: 51397
>passed!
repetition: 51398
>passed!
repetition: 51399
>passed!
repetition: 51400
>passed!
repetition: 51401
>passed!
repetition: 51402
>passed!
repetition: 51403
>passed!
repetition: 51404
>passed!
repetition: 51405
>passed!
repetition: 51406
>passed!
repetition: 51407
>passed!
repetition: 51408
>passed!
repetition: 51409
>passed!
repetition: 51410
>passed!
repetition: 51411
>passed!
repetition: 51412
>passed!
repetition: 51413
>passed!
repetition: 51414
>passed!
repetition: 51415
>passed!
repetition: 51416
>passed!
repetition: 51417
>passed!
repetition: 51418
>passed!
repetition: 51419
>passed!
repetition: 51420
>passed!
repetition: 51421
>passed!
repetition: 51422
>passed!
repetition: 51423
>passed!
repetition: 51424
>passed!
repetition: 51425
>passed!
repetition: 51426
>passed!
repetition: 51427
>passed!
repetition: 51428
>passed!
repetition: 51429
>passed!
repetition: 51430
>passed!
repetition: 51431
>passed!
repetition: 51432
>passed!
repetition: 51433
>passed!
repetition: 51434
>passed!
repetition: 51435
>passed!
repetition: 51436
>passed!
repetition: 51437
>passed!
repetition: 51438
>passed!
repetition: 51439
>passed!
repetition: 51440
>passed!
repetition: 51441
>passed!
repetition: 51442
>passed!
repetition: 51443
>passed!
repetition: 51444
>passed!
repetition: 51445
>passed!
repetition: 51446
>passed!
repetition: 51447
>passed!
repetition: 51448
>passed!
repetition: 51449
>passed!
repetition: 51450
>passed!
repetition: 51451
>passed!
repetition: 51452
>passed!
repetition: 51453
>passed!
repetition: 51454
>passed!
repetition: 51455
>passed!
repetition: 51456
>passed!
repetition: 51457
>passed!
repetition: 51458
>passed!
repetition: 51459
>passed!
repetition: 51460
>passed!
repetition: 51461
>passed!
repetition: 51462
>passed!
repetition: 51463
>passed!
repetition: 51464
>passed!
repetition: 51465
>passed!
repetition: 51466
>passed!
repetition: 51467
>passed!
repetition: 51468
>passed!
repetition: 51469
>passed!
repetition: 51470
>passed!
repetition: 51471
>passed!
repetition: 51472
>passed!
repetition: 51473
>passed!
repetition: 51474
>passed!
repetition: 51475
>passed!
repetition: 51476
>passed!
repetition: 51477
>passed!
repetition: 51478
>passed!
repetition: 51479
>passed!
repetition: 51480
>passed!
repetition: 51481
>passed!
repetition: 51482
>passed!
repetition: 51483
>passed!
repetition: 51484
>passed!
repetition: 51485
>passed!
repetition: 51486
>passed!
repetition: 51487
>passed!
repetition: 51488
>passed!
repetition: 51489
>passed!
repetition: 51490
>passed!
repetition: 51491
>passed!
repetition: 51492
>passed!
repetition: 51493
>passed!
repetition: 51494
>passed!
repetition: 51495
>passed!
repetition: 51496
>passed!
repetition: 51497
>passed!
repetition: 51498
>passed!
repetition: 51499
>passed!
repetition: 51500
>passed!
repetition: 51501
>passed!
repetition: 51502
>passed!
repetition: 51503
>passed!
repetition: 51504
>passed!
repetition: 51505
>passed!
repetition: 51506
>passed!
repetition: 51507
>passed!
repetition: 51508
>passed!
repetition: 51509
>passed!
repetition: 51510
>passed!
repetition: 51511
>passed!
repetition: 51512
>passed!
repetition: 51513
>passed!
repetition: 51514
>passed!
repetition: 51515
>passed!
repetition: 51516
>passed!
repetition: 51517
>passed!
repetition: 51518
>passed!
repetition: 51519
>passed!
repetition: 51520
>passed!
repetition: 51521
>passed!
repetition: 51522
>passed!
repetition: 51523
>passed!
repetition: 51524
>passed!
repetition: 51525
>passed!
repetition: 51526
>passed!
repetition: 51527
>passed!
repetition: 51528
>passed!
repetition: 51529
>passed!
repetition: 51530
>passed!
repetition: 51531
>passed!
repetition: 51532
>passed!
repetition: 51533
>passed!
repetition: 51534
>passed!
repetition: 51535
>passed!
repetition: 51536
>passed!
repetition: 51537
>passed!
repetition: 51538
>passed!
repetition: 51539
>passed!
repetition: 51540
>passed!
repetition: 51541
>passed!
repetition: 51542
>passed!
repetition: 51543
>passed!
repetition: 51544
>passed!
repetition: 51545
>passed!
repetition: 51546
>passed!
repetition: 51547
>passed!
repetition: 51548
>passed!
repetition: 51549
>passed!
repetition: 51550
>passed!
repetition: 51551
>passed!
repetition: 51552
>passed!
repetition: 51553
>passed!
repetition: 51554
>passed!
repetition: 51555
>passed!
repetition: 51556
>passed!
repetition: 51557
>passed!
repetition: 51558
>passed!
repetition: 51559
>passed!
repetition: 51560
>passed!
repetition: 51561
>passed!
repetition: 51562
>passed!
repetition: 51563
>passed!
repetition: 51564
>passed!
repetition: 51565
>passed!
repetition: 51566
>passed!
repetition: 51567
>passed!
repetition: 51568
>passed!
repetition: 51569
>passed!
repetition: 51570
>passed!
repetition: 51571
>passed!
repetition: 51572
>passed!
repetition: 51573
>passed!
repetition: 51574
>passed!
repetition: 51575
>passed!
repetition: 51576
>passed!
repetition: 51577
>passed!
repetition: 51578
>passed!
repetition: 51579
>passed!
repetition: 51580
>passed!
repetition: 51581
>passed!
repetition: 51582
>passed!
repetition: 51583
>passed!
repetition: 51584
>passed!
repetition: 51585
>passed!
repetition: 51586
>passed!
repetition: 51587
>passed!
repetition: 51588
>passed!
repetition: 51589
>passed!
repetition: 51590
>passed!
repetition: 51591
>passed!
repetition: 51592
>passed!
repetition: 51593
>passed!
repetition: 51594
>passed!
repetition: 51595
>passed!
repetition: 51596
>passed!
repetition: 51597
>passed!
repetition: 51598
>passed!
repetition: 51599
>passed!
repetition: 51600
>passed!
repetition: 51601
>passed!
repetition: 51602
>passed!
repetition: 51603
>passed!
repetition: 51604
>passed!
repetition: 51605
>passed!
repetition: 51606
>passed!
repetition: 51607
>passed!
repetition: 51608
>passed!
repetition: 51609
>passed!
repetition: 51610
>passed!
repetition: 51611
>passed!
repetition: 51612
>passed!
repetition: 51613
>passed!
repetition: 51614
>passed!
repetition: 51615
>passed!
repetition: 51616
>passed!
repetition: 51617
>passed!
repetition: 51618
>passed!
repetition: 51619
>passed!
repetition: 51620
>passed!
repetition: 51621
>passed!
repetition: 51622
>passed!
repetition: 51623
>passed!
repetition: 51624
>passed!
repetition: 51625
>passed!
repetition: 51626
>passed!
repetition: 51627
>passed!
repetition: 51628
>passed!
repetition: 51629
>passed!
repetition: 51630
>passed!
repetition: 51631
>passed!
repetition: 51632
>passed!
repetition: 51633
>passed!
repetition: 51634
>passed!
repetition: 51635
>passed!
repetition: 51636
>passed!
repetition: 51637
>passed!
repetition: 51638
>passed!
repetition: 51639
>passed!
repetition: 51640
>passed!
repetition: 51641
>passed!
repetition: 51642
>passed!
repetition: 51643
>passed!
repetition: 51644
>passed!
repetition: 51645
>passed!
repetition: 51646
>passed!
repetition: 51647
>passed!
repetition: 51648
>passed!
repetition: 51649
>passed!
repetition: 51650
>passed!
repetition: 51651
>passed!
repetition: 51652
>passed!
repetition: 51653
>passed!
repetition: 51654
>passed!
repetition: 51655
>passed!
repetition: 51656
>passed!
repetition: 51657
>passed!
repetition: 51658
>passed!
repetition: 51659
>passed!
repetition: 51660
>passed!
repetition: 51661
>passed!
repetition: 51662
>passed!
repetition: 51663
>passed!
repetition: 51664
>passed!
repetition: 51665
>passed!
repetition: 51666
>passed!
repetition: 51667
>passed!
repetition: 51668
>passed!
repetition: 51669
>passed!
repetition: 51670
>passed!
repetition: 51671
>passed!
repetition: 51672
>passed!
repetition: 51673
>passed!
repetition: 51674
>passed!
repetition: 51675
>passed!
repetition: 51676
>passed!
repetition: 51677
>passed!
repetition: 51678
>passed!
repetition: 51679
>passed!
repetition: 51680
>passed!
repetition: 51681
>passed!
repetition: 51682
>passed!
repetition: 51683
>passed!
repetition: 51684
>passed!
repetition: 51685
>passed!
repetition: 51686
>passed!
repetition: 51687
>passed!
repetition: 51688
>passed!
repetition: 51689
>passed!
repetition: 51690
>passed!
repetition: 51691
>passed!
repetition: 51692
>passed!
repetition: 51693
>passed!
repetition: 51694
>passed!
repetition: 51695
>passed!
repetition: 51696
>passed!
repetition: 51697
>passed!
repetition: 51698
>passed!
repetition: 51699
>passed!
repetition: 51700
>passed!
repetition: 51701
>passed!
repetition: 51702
>passed!
repetition: 51703
>passed!
repetition: 51704
>passed!
repetition: 51705
>passed!
repetition: 51706
>passed!
repetition: 51707
>passed!
repetition: 51708
>passed!
repetition: 51709
>passed!
repetition: 51710
>passed!
repetition: 51711
>passed!
repetition: 51712
>passed!
repetition: 51713
>passed!
repetition: 51714
>passed!
repetition: 51715
>passed!
repetition: 51716
>passed!
repetition: 51717
>passed!
repetition: 51718
>passed!
repetition: 51719
>passed!
repetition: 51720
>passed!
repetition: 51721
>passed!
repetition: 51722
>passed!
repetition: 51723
>passed!
repetition: 51724
>passed!
repetition: 51725
>passed!
repetition: 51726
>passed!
repetition: 51727
>passed!
repetition: 51728
>passed!
repetition: 51729
>passed!
repetition: 51730
>passed!
repetition: 51731
>passed!
repetition: 51732
>passed!
repetition: 51733
>passed!
repetition: 51734
>passed!
repetition: 51735
>passed!
repetition: 51736
>passed!
repetition: 51737
>passed!
repetition: 51738
>passed!
repetition: 51739
>passed!
repetition: 51740
>passed!
repetition: 51741
>passed!
repetition: 51742
>passed!
repetition: 51743
>passed!
repetition: 51744
>passed!
repetition: 51745
>passed!
repetition: 51746
>passed!
repetition: 51747
>passed!
repetition: 51748
>passed!
repetition: 51749
>passed!
repetition: 51750
>passed!
repetition: 51751
>passed!
repetition: 51752
>passed!
repetition: 51753
>passed!
repetition: 51754
>passed!
repetition: 51755
>passed!
repetition: 51756
>passed!
repetition: 51757
>passed!
repetition: 51758
>passed!
repetition: 51759
>passed!
repetition: 51760
>passed!
repetition: 51761
>passed!
repetition: 51762
>passed!
repetition: 51763
>passed!
repetition: 51764
>passed!
repetition: 51765
>passed!
repetition: 51766
>passed!
repetition: 51767
>passed!
repetition: 51768
>passed!
repetition: 51769
>passed!
repetition: 51770
>passed!
repetition: 51771
>passed!
repetition: 51772
>passed!
repetition: 51773
>passed!
repetition: 51774
>passed!
repetition: 51775
>passed!
repetition: 51776
>passed!
repetition: 51777
>passed!
repetition: 51778
>passed!
repetition: 51779
>passed!
repetition: 51780
>passed!
repetition: 51781
>passed!
repetition: 51782
>passed!
repetition: 51783
>passed!
repetition: 51784
>passed!
repetition: 51785
>passed!
repetition: 51786
>passed!
repetition: 51787
>passed!
repetition: 51788
>passed!
repetition: 51789
>passed!
repetition: 51790
>passed!
repetition: 51791
>passed!
repetition: 51792
>passed!
repetition: 51793
>passed!
repetition: 51794
>passed!
repetition: 51795
>passed!
repetition: 51796
>passed!
repetition: 51797
>passed!
repetition: 51798
>passed!
repetition: 51799
>passed!
repetition: 51800
>passed!
repetition: 51801
>passed!
repetition: 51802
>passed!
repetition: 51803
>passed!
repetition: 51804
>passed!
repetition: 51805
>passed!
repetition: 51806
>passed!
repetition: 51807
>passed!
repetition: 51808
>passed!
repetition: 51809
>passed!
repetition: 51810
>passed!
repetition: 51811
>passed!
repetition: 51812
>passed!
repetition: 51813
>passed!
repetition: 51814
>passed!
repetition: 51815
>passed!
repetition: 51816
>passed!
repetition: 51817
>passed!
repetition: 51818
>passed!
repetition: 51819
>passed!
repetition: 51820
>passed!
repetition: 51821
>passed!
repetition: 51822
>passed!
repetition: 51823
>passed!
repetition: 51824
>passed!
repetition: 51825
>passed!
repetition: 51826
>passed!
repetition: 51827
>passed!
repetition: 51828
>passed!
repetition: 51829
>passed!
repetition: 51830
>passed!
repetition: 51831
>passed!
repetition: 51832
>passed!
repetition: 51833
>passed!
repetition: 51834
>passed!
repetition: 51835
>passed!
repetition: 51836
>passed!
repetition: 51837
>passed!
repetition: 51838
>passed!
repetition: 51839
>passed!
repetition: 51840
>passed!
repetition: 51841
>passed!
repetition: 51842
>passed!
repetition: 51843
>passed!
repetition: 51844
>passed!
repetition: 51845
>passed!
repetition: 51846
>passed!
repetition: 51847
>passed!
repetition: 51848
>passed!
repetition: 51849
>passed!
repetition: 51850
>passed!
repetition: 51851
>passed!
repetition: 51852
>passed!
repetition: 51853
>passed!
repetition: 51854
>passed!
repetition: 51855
>passed!
repetition: 51856
>passed!
repetition: 51857
>passed!
repetition: 51858
>passed!
repetition: 51859
>passed!
repetition: 51860
>passed!
repetition: 51861
>passed!
repetition: 51862
>passed!
repetition: 51863
>passed!
repetition: 51864
>passed!
repetition: 51865
>passed!
repetition: 51866
>passed!
repetition: 51867
>passed!
repetition: 51868
>passed!
repetition: 51869
>passed!
repetition: 51870
>passed!
repetition: 51871
>passed!
repetition: 51872
>passed!
repetition: 51873
>passed!
repetition: 51874
>passed!
repetition: 51875
>passed!
repetition: 51876
>passed!
repetition: 51877
>passed!
repetition: 51878
>passed!
repetition: 51879
>passed!
repetition: 51880
>passed!
repetition: 51881
>passed!
repetition: 51882
>passed!
repetition: 51883
>passed!
repetition: 51884
>passed!
repetition: 51885
>passed!
repetition: 51886
>passed!
repetition: 51887
>passed!
repetition: 51888
>passed!
repetition: 51889
>passed!
repetition: 51890
>passed!
repetition: 51891
>passed!
repetition: 51892
>passed!
repetition: 51893
>passed!
repetition: 51894
>passed!
repetition: 51895
>passed!
repetition: 51896
>passed!
repetition: 51897
>passed!
repetition: 51898
>passed!
repetition: 51899
>passed!
repetition: 51900
>passed!
repetition: 51901
>passed!
repetition: 51902
>passed!
repetition: 51903
>passed!
repetition: 51904
>passed!
repetition: 51905
>passed!
repetition: 51906
>passed!
repetition: 51907
>passed!
repetition: 51908
>passed!
repetition: 51909
>passed!
repetition: 51910
>passed!
repetition: 51911
>passed!
repetition: 51912
>passed!
repetition: 51913
>passed!
repetition: 51914
>passed!
repetition: 51915
>passed!
repetition: 51916
>passed!
repetition: 51917
>passed!
repetition: 51918
>passed!
repetition: 51919
>passed!
repetition: 51920
>passed!
repetition: 51921
>passed!
repetition: 51922
>passed!
repetition: 51923
>passed!
repetition: 51924
>passed!
repetition: 51925
>passed!
repetition: 51926
>passed!
repetition: 51927
>passed!
repetition: 51928
>passed!
repetition: 51929
>passed!
repetition: 51930
>passed!
repetition: 51931
>passed!
repetition: 51932
>passed!
repetition: 51933
>passed!
repetition: 51934
>passed!
repetition: 51935
>passed!
repetition: 51936
>passed!
repetition: 51937
>passed!
repetition: 51938
>passed!
repetition: 51939
>passed!
repetition: 51940
>passed!
repetition: 51941
>passed!
repetition: 51942
>passed!
repetition: 51943
>passed!
repetition: 51944
>passed!
repetition: 51945
>passed!
repetition: 51946
>passed!
repetition: 51947
>passed!
repetition: 51948
>passed!
repetition: 51949
>passed!
repetition: 51950
>passed!
repetition: 51951
>passed!
repetition: 51952
>passed!
repetition: 51953
>passed!
repetition: 51954
>passed!
repetition: 51955
>passed!
repetition: 51956
>passed!
repetition: 51957
>passed!
repetition: 51958
>passed!
repetition: 51959
>passed!
repetition: 51960
>passed!
repetition: 51961
>passed!
repetition: 51962
>passed!
repetition: 51963
>passed!
repetition: 51964
>passed!
repetition: 51965
>passed!
repetition: 51966
>passed!
repetition: 51967
>passed!
repetition: 51968
>passed!
repetition: 51969
>passed!
repetition: 51970
>passed!
repetition: 51971
>passed!
repetition: 51972
>passed!
repetition: 51973
>passed!
repetition: 51974
>passed!
repetition: 51975
>passed!
repetition: 51976
>passed!
repetition: 51977
>passed!
repetition: 51978
>passed!
repetition: 51979
>passed!
repetition: 51980
>passed!
repetition: 51981
>passed!
repetition: 51982
>passed!
repetition: 51983
>passed!
repetition: 51984
>passed!
repetition: 51985
>passed!
repetition: 51986
>passed!
repetition: 51987
>passed!
repetition: 51988
>passed!
repetition: 51989
>passed!
repetition: 51990
>passed!
repetition: 51991
>passed!
repetition: 51992
>passed!
repetition: 51993
>passed!
repetition: 51994
>passed!
repetition: 51995
>passed!
repetition: 51996
>passed!
repetition: 51997
>passed!
repetition: 51998
>passed!
repetition: 51999
>passed!
repetition: 52000
>passed!
repetition: 52001
>passed!
repetition: 52002
>passed!
repetition: 52003
>passed!
repetition: 52004
>passed!
repetition: 52005
>passed!
repetition: 52006
>passed!
repetition: 52007
>passed!
repetition: 52008
>passed!
repetition: 52009
>passed!
repetition: 52010
>passed!
repetition: 52011
>passed!
repetition: 52012
>passed!
repetition: 52013
>passed!
repetition: 52014
>passed!
repetition: 52015
>passed!
repetition: 52016
>passed!
repetition: 52017
>passed!
repetition: 52018
>passed!
repetition: 52019
>passed!
repetition: 52020
>passed!
repetition: 52021
>passed!
repetition: 52022
>passed!
repetition: 52023
>passed!
repetition: 52024
>passed!
repetition: 52025
>passed!
repetition: 52026
>passed!
repetition: 52027
>passed!
repetition: 52028
>passed!
repetition: 52029
>passed!
repetition: 52030
>passed!
repetition: 52031
>passed!
repetition: 52032
>passed!
repetition: 52033
>passed!
repetition: 52034
>passed!
repetition: 52035
>passed!
repetition: 52036
>passed!
repetition: 52037
>passed!
repetition: 52038
>passed!
repetition: 52039
>passed!
repetition: 52040
>passed!
repetition: 52041
>passed!
repetition: 52042
>passed!
repetition: 52043
>passed!
repetition: 52044
>passed!
repetition: 52045
>passed!
repetition: 52046
>passed!
repetition: 52047
>passed!
repetition: 52048
>passed!
repetition: 52049
>passed!
repetition: 52050
>passed!
repetition: 52051
>passed!
repetition: 52052
>passed!
repetition: 52053
>passed!
repetition: 52054
>passed!
repetition: 52055
>passed!
repetition: 52056
>passed!
repetition: 52057
>passed!
repetition: 52058
>passed!
repetition: 52059
>passed!
repetition: 52060
>passed!
repetition: 52061
>passed!
repetition: 52062
>passed!
repetition: 52063
>passed!
repetition: 52064
>passed!
repetition: 52065
>passed!
repetition: 52066
>passed!
repetition: 52067
>passed!
repetition: 52068
>passed!
repetition: 52069
>passed!
repetition: 52070
>passed!
repetition: 52071
>passed!
repetition: 52072
>passed!
repetition: 52073
>passed!
repetition: 52074
>passed!
repetition: 52075
>passed!
repetition: 52076
>passed!
repetition: 52077
>passed!
repetition: 52078
>passed!
repetition: 52079
>passed!
repetition: 52080
>passed!
repetition: 52081
>passed!
repetition: 52082
>passed!
repetition: 52083
>passed!
repetition: 52084
>passed!
repetition: 52085
>passed!
repetition: 52086
>passed!
repetition: 52087
>passed!
repetition: 52088
>passed!
repetition: 52089
>passed!
repetition: 52090
>passed!
repetition: 52091
>passed!
repetition: 52092
>passed!
repetition: 52093
>passed!
repetition: 52094
>passed!
repetition: 52095
>passed!
repetition: 52096
>passed!
repetition: 52097
>passed!
repetition: 52098
>passed!
repetition: 52099
>passed!
repetition: 52100
>passed!
repetition: 52101
>passed!
repetition: 52102
>passed!
repetition: 52103
>passed!
repetition: 52104
>passed!
repetition: 52105
>passed!
repetition: 52106
>passed!
repetition: 52107
>passed!
repetition: 52108
>passed!
repetition: 52109
>passed!
repetition: 52110
>passed!
repetition: 52111
>passed!
repetition: 52112
>passed!
repetition: 52113
>passed!
repetition: 52114
>passed!
repetition: 52115
>passed!
repetition: 52116
>passed!
repetition: 52117
>passed!
repetition: 52118
>passed!
repetition: 52119
>passed!
repetition: 52120
>passed!
repetition: 52121
>passed!
repetition: 52122
>passed!
repetition: 52123
>passed!
repetition: 52124
>passed!
repetition: 52125
>passed!
repetition: 52126
>passed!
repetition: 52127
>passed!
repetition: 52128
>passed!
repetition: 52129
>passed!
repetition: 52130
>passed!
repetition: 52131
>passed!
repetition: 52132
>passed!
repetition: 52133
>passed!
repetition: 52134
>passed!
repetition: 52135
>passed!
repetition: 52136
>passed!
repetition: 52137
>passed!
repetition: 52138
>passed!
repetition: 52139
>passed!
repetition: 52140
>passed!
repetition: 52141
>passed!
repetition: 52142
>passed!
repetition: 52143
>passed!
repetition: 52144
>passed!
repetition: 52145
>passed!
repetition: 52146
>passed!
repetition: 52147
>passed!
repetition: 52148
>passed!
repetition: 52149
>passed!
repetition: 52150
>passed!
repetition: 52151
>passed!
repetition: 52152
>passed!
repetition: 52153
>passed!
repetition: 52154
>passed!
repetition: 52155
>passed!
repetition: 52156
>passed!
repetition: 52157
>passed!
repetition: 52158
>passed!
repetition: 52159
>passed!
repetition: 52160
>passed!
repetition: 52161
>passed!
repetition: 52162
>passed!
repetition: 52163
>passed!
repetition: 52164
>passed!
repetition: 52165
>passed!
repetition: 52166
>passed!
repetition: 52167
>passed!
repetition: 52168
>passed!
repetition: 52169
>passed!
repetition: 52170
>passed!
repetition: 52171
>passed!
repetition: 52172
>passed!
repetition: 52173
>passed!
repetition: 52174
>passed!
repetition: 52175
>passed!
repetition: 52176
>passed!
repetition: 52177
>passed!
repetition: 52178
>passed!
repetition: 52179
>passed!
repetition: 52180
>passed!
repetition: 52181
>passed!
repetition: 52182
>passed!
repetition: 52183
>passed!
repetition: 52184
>passed!
repetition: 52185
>passed!
repetition: 52186
>passed!
repetition: 52187
>passed!
repetition: 52188
>passed!
repetition: 52189
>passed!
repetition: 52190
>passed!
repetition: 52191
>passed!
repetition: 52192
>passed!
repetition: 52193
>passed!
repetition: 52194
>passed!
repetition: 52195
>passed!
repetition: 52196
>passed!
repetition: 52197
>passed!
repetition: 52198
>passed!
repetition: 52199
>passed!
repetition: 52200
>passed!
repetition: 52201
>passed!
repetition: 52202
>passed!
repetition: 52203
>passed!
repetition: 52204
>passed!
repetition: 52205
>passed!
repetition: 52206
>passed!
repetition: 52207
>passed!
repetition: 52208
>passed!
repetition: 52209
>passed!
repetition: 52210
>passed!
repetition: 52211
>passed!
repetition: 52212
>passed!
repetition: 52213
>passed!
repetition: 52214
>passed!
repetition: 52215
>passed!
repetition: 52216
>passed!
repetition: 52217
>passed!
repetition: 52218
>passed!
repetition: 52219
>passed!
repetition: 52220
>passed!
repetition: 52221
>passed!
repetition: 52222
>passed!
repetition: 52223
>passed!
repetition: 52224
>passed!
repetition: 52225
>passed!
repetition: 52226
>passed!
repetition: 52227
>passed!
repetition: 52228
>passed!
repetition: 52229
>passed!
repetition: 52230
>passed!
repetition: 52231
>passed!
repetition: 52232
>passed!
repetition: 52233
>passed!
repetition: 52234
>passed!
repetition: 52235
>passed!
repetition: 52236
>passed!
repetition: 52237
>passed!
repetition: 52238
>passed!
repetition: 52239
>passed!
repetition: 52240
>passed!
repetition: 52241
>passed!
repetition: 52242
>passed!
repetition: 52243
>passed!
repetition: 52244
>passed!
repetition: 52245
>passed!
repetition: 52246
>passed!
repetition: 52247
>passed!
repetition: 52248
>passed!
repetition: 52249
>passed!
repetition: 52250
>passed!
repetition: 52251
>passed!
repetition: 52252
>passed!
repetition: 52253
>passed!
repetition: 52254
>passed!
repetition: 52255
>passed!
repetition: 52256
>passed!
repetition: 52257
>passed!
repetition: 52258
>passed!
repetition: 52259
>passed!
repetition: 52260
>passed!
repetition: 52261
>passed!
repetition: 52262
>passed!
repetition: 52263
>passed!
repetition: 52264
>passed!
repetition: 52265
>passed!
repetition: 52266
>passed!
repetition: 52267
>passed!
repetition: 52268
>passed!
repetition: 52269
>passed!
repetition: 52270
>passed!
repetition: 52271
>passed!
repetition: 52272
>passed!
repetition: 52273
>passed!
repetition: 52274
>passed!
repetition: 52275
>passed!
repetition: 52276
>passed!
repetition: 52277
>passed!
repetition: 52278
>passed!
repetition: 52279
>passed!
repetition: 52280
>passed!
repetition: 52281
>passed!
repetition: 52282
>passed!
repetition: 52283
>passed!
repetition: 52284
>passed!
repetition: 52285
>passed!
repetition: 52286
>passed!
repetition: 52287
>passed!
repetition: 52288
>passed!
repetition: 52289
>passed!
repetition: 52290
>passed!
repetition: 52291
>passed!
repetition: 52292
>passed!
repetition: 52293
>passed!
repetition: 52294
>passed!
repetition: 52295
>passed!
repetition: 52296
>passed!
repetition: 52297
>passed!
repetition: 52298
>passed!
repetition: 52299
>passed!
repetition: 52300
>passed!
repetition: 52301
>passed!
repetition: 52302
>passed!
repetition: 52303
>passed!
repetition: 52304
>passed!
repetition: 52305
>passed!
repetition: 52306
>passed!
repetition: 52307
>passed!
repetition: 52308
>passed!
repetition: 52309
>passed!
repetition: 52310
>passed!
repetition: 52311
>passed!
repetition: 52312
>passed!
repetition: 52313
>passed!
repetition: 52314
>passed!
repetition: 52315
>passed!
repetition: 52316
>passed!
repetition: 52317
>passed!
repetition: 52318
>passed!
repetition: 52319
>passed!
repetition: 52320
>passed!
repetition: 52321
>passed!
repetition: 52322
>passed!
repetition: 52323
>passed!
repetition: 52324
>passed!
repetition: 52325
>passed!
repetition: 52326
>passed!
repetition: 52327
>passed!
repetition: 52328
>passed!
repetition: 52329
>passed!
repetition: 52330
>passed!
repetition: 52331
>passed!
repetition: 52332
>passed!
repetition: 52333
>passed!
repetition: 52334
>passed!
repetition: 52335
>passed!
repetition: 52336
>passed!
repetition: 52337
>passed!
repetition: 52338
>passed!
repetition: 52339
>passed!
repetition: 52340
>passed!
repetition: 52341
>passed!
repetition: 52342
>passed!
repetition: 52343
>passed!
repetition: 52344
>passed!
repetition: 52345
>passed!
repetition: 52346
>passed!
repetition: 52347
>passed!
repetition: 52348
>passed!
repetition: 52349
>passed!
repetition: 52350
>passed!
repetition: 52351
>passed!
repetition: 52352
>passed!
repetition: 52353
>passed!
repetition: 52354
>passed!
repetition: 52355
>passed!
repetition: 52356
>passed!
repetition: 52357
>passed!
repetition: 52358
>passed!
repetition: 52359
>passed!
repetition: 52360
>passed!
repetition: 52361
>passed!
repetition: 52362
>passed!
repetition: 52363
>passed!
repetition: 52364
>passed!
repetition: 52365
>passed!
repetition: 52366
>passed!
repetition: 52367
>passed!
repetition: 52368
>passed!
repetition: 52369
>passed!
repetition: 52370
>passed!
repetition: 52371
>passed!
repetition: 52372
>passed!
repetition: 52373
>passed!
repetition: 52374
>passed!
repetition: 52375
>passed!
repetition: 52376
>passed!
repetition: 52377
>passed!
repetition: 52378
>passed!
repetition: 52379
>passed!
repetition: 52380
>passed!
repetition: 52381
>passed!
repetition: 52382
>passed!
repetition: 52383
>passed!
repetition: 52384
>passed!
repetition: 52385
>passed!
repetition: 52386
>passed!
repetition: 52387
>passed!
repetition: 52388
>passed!
repetition: 52389
>passed!
repetition: 52390
>passed!
repetition: 52391
>passed!
repetition: 52392
>passed!
repetition: 52393
>passed!
repetition: 52394
>passed!
repetition: 52395
>passed!
repetition: 52396
>passed!
repetition: 52397
>passed!
repetition: 52398
>passed!
repetition: 52399
>passed!
repetition: 52400
>passed!
repetition: 52401
>passed!
repetition: 52402
>passed!
repetition: 52403
>passed!
repetition: 52404
>passed!
repetition: 52405
>passed!
repetition: 52406
>passed!
repetition: 52407
>passed!
repetition: 52408
>passed!
repetition: 52409
>passed!
repetition: 52410
>passed!
repetition: 52411
>passed!
repetition: 52412
>passed!
repetition: 52413
>passed!
repetition: 52414
>passed!
repetition: 52415
>passed!
repetition: 52416
>passed!
repetition: 52417
>passed!
repetition: 52418
>passed!
repetition: 52419
>passed!
repetition: 52420
>passed!
repetition: 52421
>passed!
repetition: 52422
>passed!
repetition: 52423
>passed!
repetition: 52424
>passed!
repetition: 52425
>passed!
repetition: 52426
>passed!
repetition: 52427
>passed!
repetition: 52428
>passed!
repetition: 52429
>passed!
repetition: 52430
>passed!
repetition: 52431
>passed!
repetition: 52432
>passed!
repetition: 52433
>passed!
repetition: 52434
>passed!
repetition: 52435
>passed!
repetition: 52436
>passed!
repetition: 52437
>passed!
repetition: 52438
>passed!
repetition: 52439
>passed!
repetition: 52440
>passed!
repetition: 52441
>passed!
repetition: 52442
>passed!
repetition: 52443
>passed!
repetition: 52444
>passed!
repetition: 52445
>passed!
repetition: 52446
>passed!
repetition: 52447
>passed!
repetition: 52448
>passed!
repetition: 52449
>passed!
repetition: 52450
>passed!
repetition: 52451
>passed!
repetition: 52452
>passed!
repetition: 52453
>passed!
repetition: 52454
>passed!
repetition: 52455
>passed!
repetition: 52456
>passed!
repetition: 52457
>passed!
repetition: 52458
>passed!
repetition: 52459
>passed!
repetition: 52460
>passed!
repetition: 52461
>passed!
repetition: 52462
>passed!
repetition: 52463
>passed!
repetition: 52464
>passed!
repetition: 52465
>passed!
repetition: 52466
>passed!
repetition: 52467
>passed!
repetition: 52468
>passed!
repetition: 52469
>passed!
repetition: 52470
>passed!
repetition: 52471
>passed!
repetition: 52472
>passed!
repetition: 52473
>passed!
repetition: 52474
>passed!
repetition: 52475
>passed!
repetition: 52476
>passed!
repetition: 52477
>passed!
repetition: 52478
>passed!
repetition: 52479
>passed!
repetition: 52480
>passed!
repetition: 52481
>passed!
repetition: 52482
>passed!
repetition: 52483
>passed!
repetition: 52484
>passed!
repetition: 52485
>passed!
repetition: 52486
>passed!
repetition: 52487
>passed!
repetition: 52488
>passed!
repetition: 52489
>passed!
repetition: 52490
>passed!
repetition: 52491
>passed!
repetition: 52492
>passed!
repetition: 52493
>passed!
repetition: 52494
>passed!
repetition: 52495
>passed!
repetition: 52496
>passed!
repetition: 52497
>passed!
repetition: 52498
>passed!
repetition: 52499
>passed!
repetition: 52500
>passed!
repetition: 52501
>passed!
repetition: 52502
>passed!
repetition: 52503
>passed!
repetition: 52504
>passed!
repetition: 52505
>passed!
repetition: 52506
>passed!
repetition: 52507
>passed!
repetition: 52508
>passed!
repetition: 52509
>passed!
repetition: 52510
>passed!
repetition: 52511
>passed!
repetition: 52512
>passed!
repetition: 52513
>passed!
repetition: 52514
>passed!
repetition: 52515
>passed!
repetition: 52516
>passed!
repetition: 52517
>passed!
repetition: 52518
>passed!
repetition: 52519
>passed!
repetition: 52520
>passed!
repetition: 52521
>passed!
repetition: 52522
>passed!
repetition: 52523
>passed!
repetition: 52524
>passed!
repetition: 52525
>passed!
repetition: 52526
>passed!
repetition: 52527
>passed!
repetition: 52528
>passed!
repetition: 52529
>passed!
repetition: 52530
>passed!
repetition: 52531
>passed!
repetition: 52532
>passed!
repetition: 52533
>passed!
repetition: 52534
>passed!
repetition: 52535
>passed!
repetition: 52536
>passed!
repetition: 52537
>passed!
repetition: 52538
>passed!
repetition: 52539
>passed!
repetition: 52540
>passed!
repetition: 52541
>passed!
repetition: 52542
>passed!
repetition: 52543
>passed!
repetition: 52544
>passed!
repetition: 52545
>passed!
repetition: 52546
>passed!
repetition: 52547
>passed!
repetition: 52548
>passed!
repetition: 52549
>passed!
repetition: 52550
>passed!
repetition: 52551
>passed!
repetition: 52552
>passed!
repetition: 52553
>passed!
repetition: 52554
>passed!
repetition: 52555
>passed!
repetition: 52556
>passed!
repetition: 52557
>passed!
repetition: 52558
>passed!
repetition: 52559
>passed!
repetition: 52560
>passed!
repetition: 52561
>passed!
repetition: 52562
>passed!
repetition: 52563
>passed!
repetition: 52564
>passed!
repetition: 52565
>passed!
repetition: 52566
>passed!
repetition: 52567
>passed!
repetition: 52568
>passed!
repetition: 52569
>passed!
repetition: 52570
>passed!
repetition: 52571
>passed!
repetition: 52572
>passed!
repetition: 52573
>passed!
repetition: 52574
>passed!
repetition: 52575
>passed!
repetition: 52576
>passed!
repetition: 52577
>passed!
repetition: 52578
>passed!
repetition: 52579
>passed!
repetition: 52580
>passed!
repetition: 52581
>passed!
repetition: 52582
>passed!
repetition: 52583
>passed!
repetition: 52584
>passed!
repetition: 52585
>passed!
repetition: 52586
>passed!
repetition: 52587
>passed!
repetition: 52588
>passed!
repetition: 52589
>passed!
repetition: 52590
>passed!
repetition: 52591
>passed!
repetition: 52592
>passed!
repetition: 52593
>passed!
repetition: 52594
>passed!
repetition: 52595
>passed!
repetition: 52596
>passed!
repetition: 52597
>passed!
repetition: 52598
>passed!
repetition: 52599
>passed!
repetition: 52600
>passed!
repetition: 52601
>passed!
repetition: 52602
>passed!
repetition: 52603
>passed!
repetition: 52604
>passed!
repetition: 52605
>passed!
repetition: 52606
>passed!
repetition: 52607
>passed!
repetition: 52608
>passed!
repetition: 52609
>passed!
repetition: 52610
>passed!
repetition: 52611
>passed!
repetition: 52612
>passed!
repetition: 52613
>passed!
repetition: 52614
>passed!
repetition: 52615
>passed!
repetition: 52616
>passed!
repetition: 52617
>passed!
repetition: 52618
>passed!
repetition: 52619
>passed!
repetition: 52620
>passed!
repetition: 52621
>passed!
repetition: 52622
>passed!
repetition: 52623
>passed!
repetition: 52624
>passed!
repetition: 52625
>passed!
repetition: 52626
>passed!
repetition: 52627
>passed!
repetition: 52628
>passed!
repetition: 52629
>passed!
repetition: 52630
>passed!
repetition: 52631
>passed!
repetition: 52632
>passed!
repetition: 52633
>passed!
repetition: 52634
>passed!
repetition: 52635
>passed!
repetition: 52636
>passed!
repetition: 52637
>passed!
repetition: 52638
>passed!
repetition: 52639
>passed!
repetition: 52640
>passed!
repetition: 52641
>passed!
repetition: 52642
>passed!
repetition: 52643
>passed!
repetition: 52644
>passed!
repetition: 52645
>passed!
repetition: 52646
>passed!
repetition: 52647
>passed!
repetition: 52648
>passed!
repetition: 52649
>passed!
repetition: 52650
>passed!
repetition: 52651
>passed!
repetition: 52652
>passed!
repetition: 52653
>passed!
repetition: 52654
>passed!
repetition: 52655
>passed!
repetition: 52656
>passed!
repetition: 52657
>passed!
repetition: 52658
>passed!
repetition: 52659
>passed!
repetition: 52660
>passed!
repetition: 52661
>passed!
repetition: 52662
>passed!
repetition: 52663
>passed!
repetition: 52664
>passed!
repetition: 52665
>passed!
repetition: 52666
>passed!
repetition: 52667
>passed!
repetition: 52668
>passed!
repetition: 52669
>passed!
repetition: 52670
>passed!
repetition: 52671
>passed!
repetition: 52672
>passed!
repetition: 52673
>passed!
repetition: 52674
>passed!
repetition: 52675
>passed!
repetition: 52676
>passed!
repetition: 52677
>passed!
repetition: 52678
>passed!
repetition: 52679
>passed!
repetition: 52680
>passed!
repetition: 52681
>passed!
repetition: 52682
>passed!
repetition: 52683
>passed!
repetition: 52684
>passed!
repetition: 52685
>passed!
repetition: 52686
>passed!
repetition: 52687
>passed!
repetition: 52688
>passed!
repetition: 52689
>passed!
repetition: 52690
>passed!
repetition: 52691
>passed!
repetition: 52692
>passed!
repetition: 52693
>passed!
repetition: 52694
>passed!
repetition: 52695
>passed!
repetition: 52696
>passed!
repetition: 52697
>passed!
repetition: 52698
>passed!
repetition: 52699
>passed!
repetition: 52700
>passed!
repetition: 52701
>passed!
repetition: 52702
>passed!
repetition: 52703
>passed!
repetition: 52704
>passed!
repetition: 52705
>passed!
repetition: 52706
>passed!
repetition: 52707
>passed!
repetition: 52708
>passed!
repetition: 52709
>passed!
repetition: 52710
>passed!
repetition: 52711
>passed!
repetition: 52712
>passed!
repetition: 52713
>passed!
repetition: 52714
>passed!
repetition: 52715
>passed!
repetition: 52716
>passed!
repetition: 52717
>passed!
repetition: 52718
>passed!
repetition: 52719
>passed!
repetition: 52720
>passed!
repetition: 52721
>passed!
repetition: 52722
>passed!
repetition: 52723
>passed!
repetition: 52724
>passed!
repetition: 52725
>passed!
repetition: 52726
>passed!
repetition: 52727
>passed!
repetition: 52728
>passed!
repetition: 52729
>passed!
repetition: 52730
>passed!
repetition: 52731
>passed!
repetition: 52732
>passed!
repetition: 52733
>passed!
repetition: 52734
>passed!
repetition: 52735
>passed!
repetition: 52736
>passed!
repetition: 52737
>passed!
repetition: 52738
>passed!
repetition: 52739
>passed!
repetition: 52740
>passed!
repetition: 52741
>passed!
repetition: 52742
>passed!
repetition: 52743
>passed!
repetition: 52744
>passed!
repetition: 52745
>passed!
repetition: 52746
>passed!
repetition: 52747
>passed!
repetition: 52748
>passed!
repetition: 52749
>passed!
repetition: 52750
>passed!
repetition: 52751
>passed!
repetition: 52752
>passed!
repetition: 52753
>passed!
repetition: 52754
>passed!
repetition: 52755
>passed!
repetition: 52756
>passed!
repetition: 52757
>passed!
repetition: 52758
>passed!
repetition: 52759
>passed!
repetition: 52760
>passed!
repetition: 52761
>passed!
repetition: 52762
>passed!
repetition: 52763
>passed!
repetition: 52764
>passed!
repetition: 52765
>passed!
repetition: 52766
>passed!
repetition: 52767
>passed!
repetition: 52768
>passed!
repetition: 52769
>passed!
repetition: 52770
>passed!
repetition: 52771
>passed!
repetition: 52772
>passed!
repetition: 52773
>passed!
repetition: 52774
>passed!
repetition: 52775
>passed!
repetition: 52776
>passed!
repetition: 52777
>passed!
repetition: 52778
>passed!
repetition: 52779
>passed!
repetition: 52780
>passed!
repetition: 52781
>passed!
repetition: 52782
>passed!
repetition: 52783
>passed!
repetition: 52784
>passed!
repetition: 52785
>passed!
repetition: 52786
>passed!
repetition: 52787
>passed!
repetition: 52788
>passed!
repetition: 52789
>passed!
repetition: 52790
>passed!
repetition: 52791
>passed!
repetition: 52792
>passed!
repetition: 52793
>passed!
repetition: 52794
>passed!
repetition: 52795
>passed!
repetition: 52796
>passed!
repetition: 52797
>passed!
repetition: 52798
>passed!
repetition: 52799
>passed!
repetition: 52800
>passed!
repetition: 52801
>passed!
repetition: 52802
>passed!
repetition: 52803
>passed!
repetition: 52804
>passed!
repetition: 52805
>passed!
repetition: 52806
>passed!
repetition: 52807
>passed!
repetition: 52808
>passed!
repetition: 52809
>passed!
repetition: 52810
>passed!
repetition: 52811
>passed!
repetition: 52812
>passed!
repetition: 52813
>passed!
repetition: 52814
>passed!
repetition: 52815
>passed!
repetition: 52816
>passed!
repetition: 52817
>passed!
repetition: 52818
>passed!
repetition: 52819
>passed!
repetition: 52820
>passed!
repetition: 52821
>passed!
repetition: 52822
>passed!
repetition: 52823
>passed!
repetition: 52824
>passed!
repetition: 52825
>passed!
repetition: 52826
>passed!
repetition: 52827
>passed!
repetition: 52828
>passed!
repetition: 52829
>passed!
repetition: 52830
>passed!
repetition: 52831
>passed!
repetition: 52832
>passed!
repetition: 52833
>passed!
repetition: 52834
>passed!
repetition: 52835
>passed!
repetition: 52836
>passed!
repetition: 52837
>passed!
repetition: 52838
>passed!
repetition: 52839
>passed!
repetition: 52840
>passed!
repetition: 52841
>passed!
repetition: 52842
>passed!
repetition: 52843
>passed!
repetition: 52844
>passed!
repetition: 52845
>passed!
repetition: 52846
>passed!
repetition: 52847
>passed!
repetition: 52848
>passed!
repetition: 52849
>passed!
repetition: 52850
>passed!
repetition: 52851
>passed!
repetition: 52852
>passed!
repetition: 52853
>passed!
repetition: 52854
>passed!
repetition: 52855
>passed!
repetition: 52856
>passed!
repetition: 52857
>passed!
repetition: 52858
>passed!
repetition: 52859
>passed!
repetition: 52860
>passed!
repetition: 52861
>passed!
repetition: 52862
>passed!
repetition: 52863
>passed!
repetition: 52864
>passed!
repetition: 52865
>passed!
repetition: 52866
>passed!
repetition: 52867
>passed!
repetition: 52868
>passed!
repetition: 52869
>passed!
repetition: 52870
>passed!
repetition: 52871
>passed!
repetition: 52872
>passed!
repetition: 52873
>passed!
repetition: 52874
>passed!
repetition: 52875
>passed!
repetition: 52876
>passed!
repetition: 52877
>passed!
repetition: 52878
>passed!
repetition: 52879
>passed!
repetition: 52880
>passed!
repetition: 52881
>passed!
repetition: 52882
>passed!
repetition: 52883
>passed!
repetition: 52884
>passed!
repetition: 52885
>passed!
repetition: 52886
>passed!
repetition: 52887
>passed!
repetition: 52888
>passed!
repetition: 52889
>passed!
repetition: 52890
>passed!
repetition: 52891
>passed!
repetition: 52892
>passed!
repetition: 52893
>passed!
repetition: 52894
>passed!
repetition: 52895
>passed!
repetition: 52896
>passed!
repetition: 52897
>passed!
repetition: 52898
>passed!
repetition: 52899
>passed!
repetition: 52900
>passed!
repetition: 52901
>passed!
repetition: 52902
>passed!
repetition: 52903
>passed!
repetition: 52904
>passed!
repetition: 52905
>passed!
repetition: 52906
>passed!
repetition: 52907
>passed!
repetition: 52908
>passed!
repetition: 52909
>passed!
repetition: 52910
>passed!
repetition: 52911
>passed!
repetition: 52912
>passed!
repetition: 52913
>passed!
repetition: 52914
>passed!
repetition: 52915
>passed!
repetition: 52916
>passed!
repetition: 52917
>passed!
repetition: 52918
>passed!
repetition: 52919
>passed!
repetition: 52920
>passed!
repetition: 52921
>passed!
repetition: 52922
>passed!
repetition: 52923
>passed!
repetition: 52924
>passed!
repetition: 52925
>passed!
repetition: 52926
>passed!
repetition: 52927
>passed!
repetition: 52928
>passed!
repetition: 52929
>passed!
repetition: 52930
>passed!
repetition: 52931
>passed!
repetition: 52932
>passed!
repetition: 52933
>passed!
repetition: 52934
>passed!
repetition: 52935
>passed!
repetition: 52936
>passed!
repetition: 52937
>passed!
repetition: 52938
>passed!
repetition: 52939
>passed!
repetition: 52940
>passed!
repetition: 52941
>passed!
repetition: 52942
>passed!
repetition: 52943
>passed!
repetition: 52944
>passed!
repetition: 52945
>passed!
repetition: 52946
>passed!
repetition: 52947
>passed!
repetition: 52948
>passed!
repetition: 52949
>passed!
repetition: 52950
>passed!
repetition: 52951
>passed!
repetition: 52952
>passed!
repetition: 52953
>passed!
repetition: 52954
>passed!
repetition: 52955
>passed!
repetition: 52956
>passed!
repetition: 52957
>passed!
repetition: 52958
>passed!
repetition: 52959
>passed!
repetition: 52960
>passed!
repetition: 52961
>passed!
repetition: 52962
>passed!
repetition: 52963
>passed!
repetition: 52964
>passed!
repetition: 52965
>passed!
repetition: 52966
>passed!
repetition: 52967
>passed!
repetition: 52968
>passed!
repetition: 52969
>passed!
repetition: 52970
>passed!
repetition: 52971
>passed!
repetition: 52972
>passed!
repetition: 52973
>passed!
repetition: 52974
>passed!
repetition: 52975
>passed!
repetition: 52976
>passed!
repetition: 52977
>passed!
repetition: 52978
>passed!
repetition: 52979
>passed!
repetition: 52980
>passed!
repetition: 52981
>passed!
repetition: 52982
>passed!
repetition: 52983
>passed!
repetition: 52984
>passed!
repetition: 52985
>passed!
repetition: 52986
>passed!
repetition: 52987
>passed!
repetition: 52988
>passed!
repetition: 52989
>passed!
repetition: 52990
>passed!
repetition: 52991
>passed!
repetition: 52992
>passed!
repetition: 52993
>passed!
repetition: 52994
>passed!
repetition: 52995
>passed!
repetition: 52996
>passed!
repetition: 52997
>passed!
repetition: 52998
>passed!
repetition: 52999
>passed!
repetition: 53000
>passed!
repetition: 53001
>passed!
repetition: 53002
>passed!
repetition: 53003
>passed!
repetition: 53004
>passed!
repetition: 53005
>passed!
repetition: 53006
>passed!
repetition: 53007
>passed!
repetition: 53008
>passed!
repetition: 53009
>passed!
repetition: 53010
>passed!
repetition: 53011
>passed!
repetition: 53012
>passed!
repetition: 53013
>passed!
repetition: 53014
>passed!
repetition: 53015
>passed!
repetition: 53016
>passed!
repetition: 53017
>passed!
repetition: 53018
>passed!
repetition: 53019
>passed!
repetition: 53020
>passed!
repetition: 53021
>passed!
repetition: 53022
>passed!
repetition: 53023
>passed!
repetition: 53024
>passed!
repetition: 53025
>passed!
repetition: 53026
>passed!
repetition: 53027
>passed!
repetition: 53028
>passed!
repetition: 53029
>passed!
repetition: 53030
>passed!
repetition: 53031
>passed!
repetition: 53032
>passed!
repetition: 53033
>passed!
repetition: 53034
>passed!
repetition: 53035
>passed!
repetition: 53036
>passed!
repetition: 53037
>passed!
repetition: 53038
>passed!
repetition: 53039
>passed!
repetition: 53040
>passed!
repetition: 53041
>passed!
repetition: 53042
>passed!
repetition: 53043
>passed!
repetition: 53044
>passed!
repetition: 53045
>passed!
repetition: 53046
>passed!
repetition: 53047
>passed!
repetition: 53048
>passed!
repetition: 53049
>passed!
repetition: 53050
>passed!
repetition: 53051
>passed!
repetition: 53052
>passed!
repetition: 53053
>passed!
repetition: 53054
>passed!
repetition: 53055
>passed!
repetition: 53056
>passed!
repetition: 53057
>passed!
repetition: 53058
>passed!
repetition: 53059
>passed!
repetition: 53060
>passed!
repetition: 53061
>passed!
repetition: 53062
>passed!
repetition: 53063
>passed!
repetition: 53064
>passed!
repetition: 53065
>passed!
repetition: 53066
>passed!
repetition: 53067
>passed!
repetition: 53068
>passed!
repetition: 53069
>passed!
repetition: 53070
>passed!
repetition: 53071
>passed!
repetition: 53072
>passed!
repetition: 53073
>passed!
repetition: 53074
>passed!
repetition: 53075
>passed!
repetition: 53076
>passed!
repetition: 53077
>passed!
repetition: 53078
>passed!
repetition: 53079
>passed!
repetition: 53080
>passed!
repetition: 53081
>passed!
repetition: 53082
>passed!
repetition: 53083
>passed!
repetition: 53084
>passed!
repetition: 53085
>passed!
repetition: 53086
>passed!
repetition: 53087
>passed!
repetition: 53088
>passed!
repetition: 53089
>passed!
repetition: 53090
>passed!
repetition: 53091
>passed!
repetition: 53092
>passed!
repetition: 53093
>passed!
repetition: 53094
>passed!
repetition: 53095
>passed!
repetition: 53096
>passed!
repetition: 53097
>passed!
repetition: 53098
>passed!
repetition: 53099
>passed!
repetition: 53100
>passed!
repetition: 53101
>passed!
repetition: 53102
>passed!
repetition: 53103
>passed!
repetition: 53104
>passed!
repetition: 53105
>passed!
repetition: 53106
>passed!
repetition: 53107
>passed!
repetition: 53108
>passed!
repetition: 53109
>passed!
repetition: 53110
>passed!
repetition: 53111
>passed!
repetition: 53112
>passed!
repetition: 53113
>passed!
repetition: 53114
>passed!
repetition: 53115
>passed!
repetition: 53116
>passed!
repetition: 53117
>passed!
repetition: 53118
>passed!
repetition: 53119
>passed!
repetition: 53120
>passed!
repetition: 53121
>passed!
repetition: 53122
>passed!
repetition: 53123
>passed!
repetition: 53124
>passed!
repetition: 53125
>passed!
repetition: 53126
>passed!
repetition: 53127
>passed!
repetition: 53128
>passed!
repetition: 53129
>passed!
repetition: 53130
>passed!
repetition: 53131
>passed!
repetition: 53132
>passed!
repetition: 53133
>passed!
repetition: 53134
>passed!
repetition: 53135
>passed!
repetition: 53136
>passed!
repetition: 53137
>passed!
repetition: 53138
>passed!
repetition: 53139
>passed!
repetition: 53140
>passed!
repetition: 53141
>passed!
repetition: 53142
>passed!
repetition: 53143
>passed!
repetition: 53144
>passed!
repetition: 53145
>passed!
repetition: 53146
>passed!
repetition: 53147
>passed!
repetition: 53148
>passed!
repetition: 53149
>passed!
repetition: 53150
>passed!
repetition: 53151
>passed!
repetition: 53152
>passed!
repetition: 53153
>passed!
repetition: 53154
>passed!
repetition: 53155
>passed!
repetition: 53156
>passed!
repetition: 53157
>passed!
repetition: 53158
>passed!
repetition: 53159
>passed!
repetition: 53160
>passed!
repetition: 53161
>passed!
repetition: 53162
>passed!
repetition: 53163
>passed!
repetition: 53164
>passed!
repetition: 53165
>passed!
repetition: 53166
>passed!
repetition: 53167
>passed!
repetition: 53168
>passed!
repetition: 53169
>passed!
repetition: 53170
>passed!
repetition: 53171
>passed!
repetition: 53172
>passed!
repetition: 53173
>passed!
repetition: 53174
>passed!
repetition: 53175
>passed!
repetition: 53176
>passed!
repetition: 53177
>passed!
repetition: 53178
>passed!
repetition: 53179
>passed!
repetition: 53180
>passed!
repetition: 53181
>passed!
repetition: 53182
>passed!
repetition: 53183
>passed!
repetition: 53184
>passed!
repetition: 53185
>passed!
repetition: 53186
>passed!
repetition: 53187
>passed!
repetition: 53188
>passed!
repetition: 53189
>passed!
repetition: 53190
>passed!
repetition: 53191
>passed!
repetition: 53192
>passed!
repetition: 53193
>passed!
repetition: 53194
>passed!
repetition: 53195
>passed!
repetition: 53196
>passed!
repetition: 53197
>passed!
repetition: 53198
>passed!
repetition: 53199
>passed!
repetition: 53200
>passed!
repetition: 53201
>passed!
repetition: 53202
>passed!
repetition: 53203
>passed!
repetition: 53204
>passed!
repetition: 53205
>passed!
repetition: 53206
>passed!
repetition: 53207
>passed!
repetition: 53208
>passed!
repetition: 53209
>passed!
repetition: 53210
>passed!
repetition: 53211
>passed!
repetition: 53212
>passed!
repetition: 53213
>passed!
repetition: 53214
>passed!
repetition: 53215
>passed!
repetition: 53216
>passed!
repetition: 53217
>passed!
repetition: 53218
>passed!
repetition: 53219
>passed!
repetition: 53220
>passed!
repetition: 53221
>passed!
repetition: 53222
>passed!
repetition: 53223
>passed!
repetition: 53224
>passed!
repetition: 53225
>passed!
repetition: 53226
>passed!
repetition: 53227
>passed!
repetition: 53228
>passed!
repetition: 53229
>passed!
repetition: 53230
>passed!
repetition: 53231
>passed!
repetition: 53232
>passed!
repetition: 53233
>passed!
repetition: 53234
>passed!
repetition: 53235
>passed!
repetition: 53236
>passed!
repetition: 53237
>passed!
repetition: 53238
>passed!
repetition: 53239
>passed!
repetition: 53240
>passed!
repetition: 53241
>passed!
repetition: 53242
>passed!
repetition: 53243
>passed!
repetition: 53244
>passed!
repetition: 53245
>passed!
repetition: 53246
>passed!
repetition: 53247
>passed!
repetition: 53248
>passed!
repetition: 53249
>passed!
repetition: 53250
>passed!
repetition: 53251
>passed!
repetition: 53252
>passed!
repetition: 53253
>passed!
repetition: 53254
>passed!
repetition: 53255
>passed!
repetition: 53256
>passed!
repetition: 53257
>passed!
repetition: 53258
>passed!
repetition: 53259
>passed!
repetition: 53260
>passed!
repetition: 53261
>passed!
repetition: 53262
>passed!
repetition: 53263
>passed!
repetition: 53264
>passed!
repetition: 53265
>passed!
repetition: 53266
>passed!
repetition: 53267
>passed!
repetition: 53268
>passed!
repetition: 53269
>passed!
repetition: 53270
>passed!
repetition: 53271
>passed!
repetition: 53272
>passed!
repetition: 53273
>passed!
repetition: 53274
>passed!
repetition: 53275
>passed!
repetition: 53276
>passed!
repetition: 53277
>passed!
repetition: 53278
>passed!
repetition: 53279
>passed!
repetition: 53280
>passed!
repetition: 53281
>passed!
repetition: 53282
>passed!
repetition: 53283
>passed!
repetition: 53284
>passed!
repetition: 53285
>passed!
repetition: 53286
>passed!
repetition: 53287
>passed!
repetition: 53288
>passed!
repetition: 53289
>passed!
repetition: 53290
>passed!
repetition: 53291
>passed!
repetition: 53292
>passed!
repetition: 53293
>passed!
repetition: 53294
>passed!
repetition: 53295
>passed!
repetition: 53296
>passed!
repetition: 53297
>passed!
repetition: 53298
>passed!
repetition: 53299
>passed!
repetition: 53300
>passed!
repetition: 53301
>passed!
repetition: 53302
>passed!
repetition: 53303
>passed!
repetition: 53304
>passed!
repetition: 53305
>passed!
repetition: 53306
>passed!
repetition: 53307
>passed!
repetition: 53308
>passed!
repetition: 53309
>passed!
repetition: 53310
>passed!
repetition: 53311
>passed!
repetition: 53312
>passed!
repetition: 53313
>passed!
repetition: 53314
>passed!
repetition: 53315
>passed!
repetition: 53316
>passed!
repetition: 53317
>passed!
repetition: 53318
>passed!
repetition: 53319
>passed!
repetition: 53320
>passed!
repetition: 53321
>passed!
repetition: 53322
>passed!
repetition: 53323
>passed!
repetition: 53324
>passed!
repetition: 53325
>passed!
repetition: 53326
>passed!
repetition: 53327
>passed!
repetition: 53328
>passed!
repetition: 53329
>passed!
repetition: 53330
>passed!
repetition: 53331
>passed!
repetition: 53332
>passed!
repetition: 53333
>passed!
repetition: 53334
>passed!
repetition: 53335
>passed!
repetition: 53336
>passed!
repetition: 53337
>passed!
repetition: 53338
>passed!
repetition: 53339
>passed!
repetition: 53340
>passed!
repetition: 53341
>passed!
repetition: 53342
>passed!
repetition: 53343
>passed!
repetition: 53344
>passed!
repetition: 53345
>passed!
repetition: 53346
>passed!
repetition: 53347
>passed!
repetition: 53348
>passed!
repetition: 53349
>passed!
repetition: 53350
>passed!
repetition: 53351
>passed!
repetition: 53352
>passed!
repetition: 53353
>passed!
repetition: 53354
>passed!
repetition: 53355
>passed!
repetition: 53356
>passed!
repetition: 53357
>passed!
repetition: 53358
>passed!
repetition: 53359
>passed!
repetition: 53360
>passed!
repetition: 53361
>passed!
repetition: 53362
>passed!
repetition: 53363
>passed!
repetition: 53364
>passed!
repetition: 53365
>passed!
repetition: 53366
>passed!
repetition: 53367
>passed!
repetition: 53368
>passed!
repetition: 53369
>passed!
repetition: 53370
>passed!
repetition: 53371
>passed!
repetition: 53372
>passed!
repetition: 53373
>passed!
repetition: 53374
>passed!
repetition: 53375
>passed!
repetition: 53376
>passed!
repetition: 53377
>passed!
repetition: 53378
>passed!
repetition: 53379
>passed!
repetition: 53380
>passed!
repetition: 53381
>passed!
repetition: 53382
>passed!
repetition: 53383
>passed!
repetition: 53384
>passed!
repetition: 53385
>passed!
repetition: 53386
>passed!
repetition: 53387
>passed!
repetition: 53388
>passed!
repetition: 53389
>passed!
repetition: 53390
>passed!
repetition: 53391
>passed!
repetition: 53392
>passed!
repetition: 53393
>passed!
repetition: 53394
>passed!
repetition: 53395
>passed!
repetition: 53396
>passed!
repetition: 53397
>passed!
repetition: 53398
>passed!
repetition: 53399
>passed!
repetition: 53400
>passed!
repetition: 53401
>passed!
repetition: 53402
>passed!
repetition: 53403
>passed!
repetition: 53404
>passed!
repetition: 53405
>passed!
repetition: 53406
>passed!
repetition: 53407
>passed!
repetition: 53408
>passed!
repetition: 53409
>passed!
repetition: 53410
>passed!
repetition: 53411
>passed!
repetition: 53412
>passed!
repetition: 53413
>passed!
repetition: 53414
>passed!
repetition: 53415
>passed!
repetition: 53416
>passed!
repetition: 53417
>passed!
repetition: 53418
>passed!
repetition: 53419
>passed!
repetition: 53420
>passed!
repetition: 53421
>passed!
repetition: 53422
>passed!
repetition: 53423
>passed!
repetition: 53424
>passed!
repetition: 53425
>passed!
repetition: 53426
>passed!
repetition: 53427
>passed!
repetition: 53428
>passed!
repetition: 53429
>passed!
repetition: 53430
>passed!
repetition: 53431
>passed!
repetition: 53432
>passed!
repetition: 53433
>passed!
repetition: 53434
>passed!
repetition: 53435
>passed!
repetition: 53436
>passed!
repetition: 53437
>passed!
repetition: 53438
>passed!
repetition: 53439
>passed!
repetition: 53440
>passed!
repetition: 53441
>passed!
repetition: 53442
>passed!
repetition: 53443
>passed!
repetition: 53444
>passed!
repetition: 53445
>passed!
repetition: 53446
>passed!
repetition: 53447
>passed!
repetition: 53448
>passed!
repetition: 53449
>passed!
repetition: 53450
>passed!
repetition: 53451
>passed!
repetition: 53452
>passed!
repetition: 53453
>passed!
repetition: 53454
>passed!
repetition: 53455
>passed!
repetition: 53456
>passed!
repetition: 53457
>passed!
repetition: 53458
>passed!
repetition: 53459
>passed!
repetition: 53460
>passed!
repetition: 53461
>passed!
repetition: 53462
>passed!
repetition: 53463
>passed!
repetition: 53464
>passed!
repetition: 53465
>passed!
repetition: 53466
>passed!
repetition: 53467
>passed!
repetition: 53468
>passed!
repetition: 53469
>passed!
repetition: 53470
>passed!
repetition: 53471
>passed!
repetition: 53472
>passed!
repetition: 53473
>passed!
repetition: 53474
>passed!
repetition: 53475
>passed!
repetition: 53476
>passed!
repetition: 53477
>passed!
repetition: 53478
>passed!
repetition: 53479
>passed!
repetition: 53480
>passed!
repetition: 53481
>passed!
repetition: 53482
>passed!
repetition: 53483
>passed!
repetition: 53484
>passed!
repetition: 53485
>passed!
repetition: 53486
>passed!
repetition: 53487
>passed!
repetition: 53488
>passed!
repetition: 53489
>passed!
repetition: 53490
>passed!
repetition: 53491
>passed!
repetition: 53492
>passed!
repetition: 53493
>passed!
repetition: 53494
>passed!
repetition: 53495
>passed!
repetition: 53496
>passed!
repetition: 53497
>passed!
repetition: 53498
>passed!
repetition: 53499
>passed!
repetition: 53500
>passed!
repetition: 53501
>passed!
repetition: 53502
>passed!
repetition: 53503
>passed!
repetition: 53504
>passed!
repetition: 53505
>passed!
repetition: 53506
>passed!
repetition: 53507
>passed!
repetition: 53508
>passed!
repetition: 53509
>passed!
repetition: 53510
>passed!
repetition: 53511
>passed!
repetition: 53512
>passed!
repetition: 53513
>passed!
repetition: 53514
>passed!
repetition: 53515
>passed!
repetition: 53516
>passed!
repetition: 53517
>passed!
repetition: 53518
>passed!
repetition: 53519
>passed!
repetition: 53520
>passed!
repetition: 53521
>passed!
repetition: 53522
>passed!
repetition: 53523
>passed!
repetition: 53524
>passed!
repetition: 53525
>passed!
repetition: 53526
>passed!
repetition: 53527
>passed!
repetition: 53528
>passed!
repetition: 53529
>passed!
repetition: 53530
>passed!
repetition: 53531
>passed!
repetition: 53532
>passed!
repetition: 53533
>passed!
repetition: 53534
>passed!
repetition: 53535
>passed!
repetition: 53536
>passed!
repetition: 53537
>passed!
repetition: 53538
>passed!
repetition: 53539
>passed!
repetition: 53540
>passed!
repetition: 53541
>passed!
repetition: 53542
>passed!
repetition: 53543
>passed!
repetition: 53544
>passed!
repetition: 53545
>passed!
repetition: 53546
>passed!
repetition: 53547
>passed!
repetition: 53548
>passed!
repetition: 53549
>passed!
repetition: 53550
>passed!
repetition: 53551
>passed!
repetition: 53552
>passed!
repetition: 53553
>passed!
repetition: 53554
>passed!
repetition: 53555
>passed!
repetition: 53556
>passed!
repetition: 53557
>passed!
repetition: 53558
>passed!
repetition: 53559
>passed!
repetition: 53560
>passed!
repetition: 53561
>passed!
repetition: 53562
>passed!
repetition: 53563
>passed!
repetition: 53564
>passed!
repetition: 53565
>passed!
repetition: 53566
>passed!
repetition: 53567
>passed!
repetition: 53568
>passed!
repetition: 53569
>passed!
repetition: 53570
>passed!
repetition: 53571
>passed!
repetition: 53572
>passed!
repetition: 53573
>passed!
repetition: 53574
>passed!
repetition: 53575
>passed!
repetition: 53576
>passed!
repetition: 53577
>passed!
repetition: 53578
>passed!
repetition: 53579
>passed!
repetition: 53580
>passed!
repetition: 53581
>passed!
repetition: 53582
>passed!
repetition: 53583
>passed!
repetition: 53584
>passed!
repetition: 53585
>passed!
repetition: 53586
>passed!
repetition: 53587
>passed!
repetition: 53588
>passed!
repetition: 53589
>passed!
repetition: 53590
>passed!
repetition: 53591
>passed!
repetition: 53592
>passed!
repetition: 53593
>passed!
repetition: 53594
>passed!
repetition: 53595
>passed!
repetition: 53596
>passed!
repetition: 53597
>passed!
repetition: 53598
>passed!
repetition: 53599
>passed!
repetition: 53600
>passed!
repetition: 53601
>passed!
repetition: 53602
>passed!
repetition: 53603
>passed!
repetition: 53604
>passed!
repetition: 53605
>passed!
repetition: 53606
>passed!
repetition: 53607
>passed!
repetition: 53608
>passed!
repetition: 53609
>passed!
repetition: 53610
>passed!
repetition: 53611
>passed!
repetition: 53612
>passed!
repetition: 53613
>passed!
repetition: 53614
>passed!
repetition: 53615
>passed!
repetition: 53616
>passed!
repetition: 53617
>passed!
repetition: 53618
>passed!
repetition: 53619
>passed!
repetition: 53620
>passed!
repetition: 53621
>passed!
repetition: 53622
>passed!
repetition: 53623
>passed!
repetition: 53624
>passed!
repetition: 53625
>passed!
repetition: 53626
>passed!
repetition: 53627
>passed!
repetition: 53628
>passed!
repetition: 53629
>passed!
repetition: 53630
>passed!
repetition: 53631
>passed!
repetition: 53632
>passed!
repetition: 53633
>passed!
repetition: 53634
>passed!
repetition: 53635
>passed!
repetition: 53636
>passed!
repetition: 53637
>passed!
repetition: 53638
>passed!
repetition: 53639
>passed!
repetition: 53640
>passed!
repetition: 53641
>passed!
repetition: 53642
>passed!
repetition: 53643
>passed!
repetition: 53644
>passed!
repetition: 53645
>passed!
repetition: 53646
>passed!
repetition: 53647
>passed!
repetition: 53648
>passed!
repetition: 53649
>passed!
repetition: 53650
>passed!
repetition: 53651
>passed!
repetition: 53652
>passed!
repetition: 53653
>passed!
repetition: 53654
>passed!
repetition: 53655
>passed!
repetition: 53656
>passed!
repetition: 53657
>passed!
repetition: 53658
>passed!
repetition: 53659
>passed!
repetition: 53660
>passed!
repetition: 53661
>passed!
repetition: 53662
>passed!
repetition: 53663
>passed!
repetition: 53664
>passed!
repetition: 53665
>passed!
repetition: 53666
>passed!
repetition: 53667
>passed!
repetition: 53668
>passed!
repetition: 53669
>passed!
repetition: 53670
>passed!
repetition: 53671
>passed!
repetition: 53672
>passed!
repetition: 53673
>passed!
repetition: 53674
>passed!
repetition: 53675
>passed!
repetition: 53676
>passed!
repetition: 53677
>passed!
repetition: 53678
>passed!
repetition: 53679
>passed!
repetition: 53680
>passed!
repetition: 53681
>passed!
repetition: 53682
>passed!
repetition: 53683
>passed!
repetition: 53684
>passed!
repetition: 53685
>passed!
repetition: 53686
>passed!
repetition: 53687
>passed!
repetition: 53688
>passed!
repetition: 53689
>passed!
repetition: 53690
>passed!
repetition: 53691
>passed!
repetition: 53692
>passed!
repetition: 53693
>passed!
repetition: 53694
>passed!
repetition: 53695
>passed!
repetition: 53696
>passed!
repetition: 53697
>passed!
repetition: 53698
>passed!
repetition: 53699
>passed!
repetition: 53700
>passed!
repetition: 53701
>passed!
repetition: 53702
>passed!
repetition: 53703
>passed!
repetition: 53704
>passed!
repetition: 53705
>passed!
repetition: 53706
>passed!
repetition: 53707
>passed!
repetition: 53708
>passed!
repetition: 53709
>passed!
repetition: 53710
>passed!
repetition: 53711
>passed!
repetition: 53712
>passed!
repetition: 53713
>passed!
repetition: 53714
>passed!
repetition: 53715
>passed!
repetition: 53716
>passed!
repetition: 53717
>passed!
repetition: 53718
>passed!
repetition: 53719
>passed!
repetition: 53720
>passed!
repetition: 53721
>passed!
repetition: 53722
>passed!
repetition: 53723
>passed!
repetition: 53724
>passed!
repetition: 53725
>passed!
repetition: 53726
>passed!
repetition: 53727
>passed!
repetition: 53728
>passed!
repetition: 53729
>passed!
repetition: 53730
>passed!
repetition: 53731
>passed!
repetition: 53732
>passed!
repetition: 53733
>passed!
repetition: 53734
>passed!
repetition: 53735
>passed!
repetition: 53736
>passed!
repetition: 53737
>passed!
repetition: 53738
>passed!
repetition: 53739
>passed!
repetition: 53740
>passed!
repetition: 53741
>passed!
repetition: 53742
>passed!
repetition: 53743
>passed!
repetition: 53744
>passed!
repetition: 53745
>passed!
repetition: 53746
>passed!
repetition: 53747
>passed!
repetition: 53748
>passed!
repetition: 53749
>passed!
repetition: 53750
>passed!
repetition: 53751
>passed!
repetition: 53752
>passed!
repetition: 53753
>passed!
repetition: 53754
>passed!
repetition: 53755
>passed!
repetition: 53756
>passed!
repetition: 53757
>passed!
repetition: 53758
>passed!
repetition: 53759
>passed!
repetition: 53760
>passed!
repetition: 53761
>passed!
repetition: 53762
>passed!
repetition: 53763
>passed!
repetition: 53764
>passed!
repetition: 53765
>passed!
repetition: 53766
>passed!
repetition: 53767
>passed!
repetition: 53768
>passed!
repetition: 53769
>passed!
repetition: 53770
>passed!
repetition: 53771
>passed!
repetition: 53772
>passed!
repetition: 53773
>passed!
repetition: 53774
>passed!
repetition: 53775
>passed!
repetition: 53776
>passed!
repetition: 53777
>passed!
repetition: 53778
>passed!
repetition: 53779
>passed!
repetition: 53780
>passed!
repetition: 53781
>passed!
repetition: 53782
>passed!
repetition: 53783
>passed!
repetition: 53784
>passed!
repetition: 53785
>passed!
repetition: 53786
>passed!
repetition: 53787
>passed!
repetition: 53788
>passed!
repetition: 53789
>passed!
repetition: 53790
>passed!
repetition: 53791
>passed!
repetition: 53792
>passed!
repetition: 53793
>passed!
repetition: 53794
>passed!
repetition: 53795
>passed!
repetition: 53796
>passed!
repetition: 53797
>passed!
repetition: 53798
>passed!
repetition: 53799
>passed!
repetition: 53800
>passed!
repetition: 53801
>passed!
repetition: 53802
>passed!
repetition: 53803
>passed!
repetition: 53804
>passed!
repetition: 53805
>passed!
repetition: 53806
>passed!
repetition: 53807
>passed!
repetition: 53808
>passed!
repetition: 53809
>passed!
repetition: 53810
>passed!
repetition: 53811
>passed!
repetition: 53812
>passed!
repetition: 53813
>passed!
repetition: 53814
>passed!
repetition: 53815
>passed!
repetition: 53816
>passed!
repetition: 53817
>passed!
repetition: 53818
>passed!
repetition: 53819
>passed!
repetition: 53820
>passed!
repetition: 53821
>passed!
repetition: 53822
>passed!
repetition: 53823
>passed!
repetition: 53824
>passed!
repetition: 53825
>passed!
repetition: 53826
>passed!
repetition: 53827
>passed!
repetition: 53828
>passed!
repetition: 53829
>passed!
repetition: 53830
>passed!
repetition: 53831
>passed!
repetition: 53832
>passed!
repetition: 53833
>passed!
repetition: 53834
>passed!
repetition: 53835
>passed!
repetition: 53836
>passed!
repetition: 53837
>passed!
repetition: 53838
>passed!
repetition: 53839
>passed!
repetition: 53840
>passed!
repetition: 53841
>passed!
repetition: 53842
>passed!
repetition: 53843
>passed!
repetition: 53844
>passed!
repetition: 53845
>passed!
repetition: 53846
>passed!
repetition: 53847
>passed!
repetition: 53848
>passed!
repetition: 53849
>passed!
repetition: 53850
>passed!
repetition: 53851
>passed!
repetition: 53852
>passed!
repetition: 53853
>passed!
repetition: 53854
>passed!
repetition: 53855
>passed!
repetition: 53856
>passed!
repetition: 53857
>passed!
repetition: 53858
>passed!
repetition: 53859
>passed!
repetition: 53860
>passed!
repetition: 53861
>passed!
repetition: 53862
>passed!
repetition: 53863
>passed!
repetition: 53864
>passed!
repetition: 53865
>passed!
repetition: 53866
>passed!
repetition: 53867
>passed!
repetition: 53868
>passed!
repetition: 53869
>passed!
repetition: 53870
>passed!
repetition: 53871
>passed!
repetition: 53872
>passed!
repetition: 53873
>passed!
repetition: 53874
>passed!
repetition: 53875
>passed!
repetition: 53876
>passed!
repetition: 53877
>passed!
repetition: 53878
>passed!
repetition: 53879
>passed!
repetition: 53880
>passed!
repetition: 53881
>passed!
repetition: 53882
>passed!
repetition: 53883
>passed!
repetition: 53884
>passed!
repetition: 53885
>passed!
repetition: 53886
>passed!
repetition: 53887
>passed!
repetition: 53888
>passed!
repetition: 53889
>passed!
repetition: 53890
>passed!
repetition: 53891
>passed!
repetition: 53892
>passed!
repetition: 53893
>passed!
repetition: 53894
>passed!
repetition: 53895
>passed!
repetition: 53896
>passed!
repetition: 53897
>passed!
repetition: 53898
>passed!
repetition: 53899
>passed!
repetition: 53900
>passed!
repetition: 53901
>passed!
repetition: 53902
>passed!
repetition: 53903
>passed!
repetition: 53904
>passed!
repetition: 53905
>passed!
repetition: 53906
>passed!
repetition: 53907
>passed!
repetition: 53908
>passed!
repetition: 53909
>passed!
repetition: 53910
>passed!
repetition: 53911
>passed!
repetition: 53912
>passed!
repetition: 53913
>passed!
repetition: 53914
>passed!
repetition: 53915
>passed!
repetition: 53916
>passed!
repetition: 53917
>passed!
repetition: 53918
>passed!
repetition: 53919
>passed!
repetition: 53920
>passed!
repetition: 53921
>passed!
repetition: 53922
>passed!
repetition: 53923
>passed!
repetition: 53924
>passed!
repetition: 53925
>passed!
repetition: 53926
>passed!
repetition: 53927
>passed!
repetition: 53928
>passed!
repetition: 53929
>passed!
repetition: 53930
>passed!
repetition: 53931
>passed!
repetition: 53932
>passed!
repetition: 53933
>passed!
repetition: 53934
>passed!
repetition: 53935
>passed!
repetition: 53936
>passed!
repetition: 53937
>passed!
repetition: 53938
>passed!
repetition: 53939
>passed!
repetition: 53940
>passed!
repetition: 53941
>passed!
repetition: 53942
>passed!
repetition: 53943
>passed!
repetition: 53944
>passed!
repetition: 53945
>passed!
repetition: 53946
>passed!
repetition: 53947
>passed!
repetition: 53948
>passed!
repetition: 53949
>passed!
repetition: 53950
>passed!
repetition: 53951
>passed!
repetition: 53952
>passed!
repetition: 53953
>passed!
repetition: 53954
>passed!
repetition: 53955
>passed!
repetition: 53956
>passed!
repetition: 53957
>passed!
repetition: 53958
>passed!
repetition: 53959
>passed!
repetition: 53960
>passed!
repetition: 53961
>passed!
repetition: 53962
>passed!
repetition: 53963
>passed!
repetition: 53964
>passed!
repetition: 53965
>passed!
repetition: 53966
>passed!
repetition: 53967
>passed!
repetition: 53968
>passed!
repetition: 53969
>passed!
repetition: 53970
>passed!
repetition: 53971
>passed!
repetition: 53972
>passed!
repetition: 53973
>passed!
repetition: 53974
>passed!
repetition: 53975
>passed!
repetition: 53976
>passed!
repetition: 53977
>passed!
repetition: 53978
>passed!
repetition: 53979
>passed!
repetition: 53980
>passed!
repetition: 53981
>passed!
repetition: 53982
>passed!
repetition: 53983
>passed!
repetition: 53984
>passed!
repetition: 53985
>passed!
repetition: 53986
>passed!
repetition: 53987
>passed!
repetition: 53988
>passed!
repetition: 53989
>passed!
repetition: 53990
>passed!
repetition: 53991
>passed!
repetition: 53992
>passed!
repetition: 53993
>passed!
repetition: 53994
>passed!
repetition: 53995
>passed!
repetition: 53996
>passed!
repetition: 53997
>passed!
repetition: 53998
>passed!
repetition: 53999
>passed!
repetition: 54000
>passed!
repetition: 54001
>passed!
repetition: 54002
>passed!
repetition: 54003
>passed!
repetition: 54004
>passed!
repetition: 54005
>passed!
repetition: 54006
>passed!
repetition: 54007
>passed!
repetition: 54008
>passed!
repetition: 54009
>passed!
repetition: 54010
>passed!
repetition: 54011
>passed!
repetition: 54012
>passed!
repetition: 54013
>passed!
repetition: 54014
>passed!
repetition: 54015
>passed!
repetition: 54016
>passed!
repetition: 54017
>passed!
repetition: 54018
>passed!
repetition: 54019
>passed!
repetition: 54020
>passed!
repetition: 54021
>passed!
repetition: 54022
>passed!
repetition: 54023
>passed!
repetition: 54024
>passed!
repetition: 54025
>passed!
repetition: 54026
>passed!
repetition: 54027
>passed!
repetition: 54028
>passed!
repetition: 54029
>passed!
repetition: 54030
>passed!
repetition: 54031
>passed!
repetition: 54032
>passed!
repetition: 54033
>passed!
repetition: 54034
>passed!
repetition: 54035
>passed!
repetition: 54036
>passed!
repetition: 54037
>passed!
repetition: 54038
>passed!
repetition: 54039
>passed!
repetition: 54040
>passed!
repetition: 54041
>passed!
repetition: 54042
>passed!
repetition: 54043
>passed!
repetition: 54044
>passed!
repetition: 54045
>passed!
repetition: 54046
>passed!
repetition: 54047
>passed!
repetition: 54048
>passed!
repetition: 54049
>passed!
repetition: 54050
>passed!
repetition: 54051
>passed!
repetition: 54052
>passed!
repetition: 54053
>passed!
repetition: 54054
>passed!
repetition: 54055
>passed!
repetition: 54056
>passed!
repetition: 54057
>passed!
repetition: 54058
>passed!
repetition: 54059
>passed!
repetition: 54060
>passed!
repetition: 54061
>passed!
repetition: 54062
>passed!
repetition: 54063
>passed!
repetition: 54064
>passed!
repetition: 54065
>passed!
repetition: 54066
>passed!
repetition: 54067
>passed!
repetition: 54068
>passed!
repetition: 54069
>passed!
repetition: 54070
>passed!
repetition: 54071
>passed!
repetition: 54072
>passed!
repetition: 54073
>passed!
repetition: 54074
>passed!
repetition: 54075
>passed!
repetition: 54076
>passed!
repetition: 54077
>passed!
repetition: 54078
>passed!
repetition: 54079
>passed!
repetition: 54080
>passed!
repetition: 54081
>passed!
repetition: 54082
>passed!
repetition: 54083
>passed!
repetition: 54084
>passed!
repetition: 54085
>passed!
repetition: 54086
>passed!
repetition: 54087
>passed!
repetition: 54088
>passed!
repetition: 54089
>passed!
repetition: 54090
>passed!
repetition: 54091
>passed!
repetition: 54092
>passed!
repetition: 54093
>passed!
repetition: 54094
>passed!
repetition: 54095
>passed!
repetition: 54096
>passed!
repetition: 54097
>passed!
repetition: 54098
>passed!
repetition: 54099
>passed!
repetition: 54100
>passed!
repetition: 54101
>passed!
repetition: 54102
>passed!
repetition: 54103
>passed!
repetition: 54104
>passed!
repetition: 54105
>passed!
repetition: 54106
>passed!
repetition: 54107
>passed!
repetition: 54108
>passed!
repetition: 54109
>passed!
repetition: 54110
>passed!
repetition: 54111
>passed!
repetition: 54112
>passed!
repetition: 54113
>passed!
repetition: 54114
>passed!
repetition: 54115
>passed!
repetition: 54116
>passed!
repetition: 54117
>passed!
repetition: 54118
>passed!
repetition: 54119
>passed!
repetition: 54120
>passed!
repetition: 54121
>passed!
repetition: 54122
>passed!
repetition: 54123
>passed!
repetition: 54124
>passed!
repetition: 54125
>passed!
repetition: 54126
>passed!
repetition: 54127
>passed!
repetition: 54128
>passed!
repetition: 54129
>passed!
repetition: 54130
>passed!
repetition: 54131
>passed!
repetition: 54132
>passed!
repetition: 54133
>passed!
repetition: 54134
>passed!
repetition: 54135
>passed!
repetition: 54136
>passed!
repetition: 54137
>passed!
repetition: 54138
>passed!
repetition: 54139
>passed!
repetition: 54140
>passed!
repetition: 54141
>passed!
repetition: 54142
>passed!
repetition: 54143
>passed!
repetition: 54144
>passed!
repetition: 54145
>passed!
repetition: 54146
>passed!
repetition: 54147
>passed!
repetition: 54148
>passed!
repetition: 54149
>passed!
repetition: 54150
>passed!
repetition: 54151
>passed!
repetition: 54152
>passed!
repetition: 54153
>passed!
repetition: 54154
>passed!
repetition: 54155
>passed!
repetition: 54156
>passed!
repetition: 54157
>passed!
repetition: 54158
>passed!
repetition: 54159
>passed!
repetition: 54160
>passed!
repetition: 54161
>passed!
repetition: 54162
>passed!
repetition: 54163
>passed!
repetition: 54164
>passed!
repetition: 54165
>passed!
repetition: 54166
>passed!
repetition: 54167
>passed!
repetition: 54168
>passed!
repetition: 54169
>passed!
repetition: 54170
>passed!
repetition: 54171
>passed!
repetition: 54172
>passed!
repetition: 54173
>passed!
repetition: 54174
>passed!
repetition: 54175
>passed!
repetition: 54176
>passed!
repetition: 54177
>passed!
repetition: 54178
>passed!
repetition: 54179
>passed!
repetition: 54180
>passed!
repetition: 54181
>passed!
repetition: 54182
>passed!
repetition: 54183
>passed!
repetition: 54184
>passed!
repetition: 54185
>passed!
repetition: 54186
>passed!
repetition: 54187
>passed!
repetition: 54188
>passed!
repetition: 54189
>passed!
repetition: 54190
>passed!
repetition: 54191
>passed!
repetition: 54192
>passed!
repetition: 54193
>passed!
repetition: 54194
>passed!
repetition: 54195
>passed!
repetition: 54196
>passed!
repetition: 54197
>passed!
repetition: 54198
>passed!
repetition: 54199
>passed!
repetition: 54200
>passed!
repetition: 54201
>passed!
repetition: 54202
>passed!
repetition: 54203
>passed!
repetition: 54204
>passed!
repetition: 54205
>passed!
repetition: 54206
>passed!
repetition: 54207
>passed!
repetition: 54208
>passed!
repetition: 54209
>passed!
repetition: 54210
>passed!
repetition: 54211
>passed!
repetition: 54212
>passed!
repetition: 54213
>passed!
repetition: 54214
>passed!
repetition: 54215
>passed!
repetition: 54216
>passed!
repetition: 54217
>passed!
repetition: 54218
>passed!
repetition: 54219
>passed!
repetition: 54220
>passed!
repetition: 54221
>passed!
repetition: 54222
>passed!
repetition: 54223
>passed!
repetition: 54224
>passed!
repetition: 54225
>passed!
repetition: 54226
>passed!
repetition: 54227
>passed!
repetition: 54228
>passed!
repetition: 54229
>passed!
repetition: 54230
>passed!
repetition: 54231
>passed!
repetition: 54232
>passed!
repetition: 54233
>passed!
repetition: 54234
>passed!
repetition: 54235
>passed!
repetition: 54236
>passed!
repetition: 54237
>passed!
repetition: 54238
>passed!
repetition: 54239
>passed!
repetition: 54240
>passed!
repetition: 54241
>passed!
repetition: 54242
>passed!
repetition: 54243
>passed!
repetition: 54244
>passed!
repetition: 54245
>passed!
repetition: 54246
>passed!
repetition: 54247
>passed!
repetition: 54248
>passed!
repetition: 54249
>passed!
repetition: 54250
>passed!
repetition: 54251
>passed!
repetition: 54252
>passed!
repetition: 54253
>passed!
repetition: 54254
>passed!
repetition: 54255
>passed!
repetition: 54256
>passed!
repetition: 54257
>passed!
repetition: 54258
>passed!
repetition: 54259
>passed!
repetition: 54260
>passed!
repetition: 54261
>passed!
repetition: 54262
>passed!
repetition: 54263
>passed!
repetition: 54264
>passed!
repetition: 54265
>passed!
repetition: 54266
>passed!
repetition: 54267
>passed!
repetition: 54268
>passed!
repetition: 54269
>passed!
repetition: 54270
>passed!
repetition: 54271
>passed!
repetition: 54272
>passed!
repetition: 54273
>passed!
repetition: 54274
>passed!
repetition: 54275
>passed!
repetition: 54276
>passed!
repetition: 54277
>passed!
repetition: 54278
>passed!
repetition: 54279
>passed!
repetition: 54280
>passed!
repetition: 54281
>passed!
repetition: 54282
>passed!
repetition: 54283
>passed!
repetition: 54284
>passed!
repetition: 54285
>passed!
repetition: 54286
>passed!
repetition: 54287
>passed!
repetition: 54288
>passed!
repetition: 54289
>passed!
repetition: 54290
>passed!
repetition: 54291
>passed!
repetition: 54292
>passed!
repetition: 54293
>passed!
repetition: 54294
>passed!
repetition: 54295
>passed!
repetition: 54296
>passed!
repetition: 54297
>passed!
repetition: 54298
>passed!
repetition: 54299
>passed!
repetition: 54300
>passed!
repetition: 54301
>passed!
repetition: 54302
>passed!
repetition: 54303
>passed!
repetition: 54304
>passed!
repetition: 54305
>passed!
repetition: 54306
>passed!
repetition: 54307
>passed!
repetition: 54308
>passed!
repetition: 54309
>passed!
repetition: 54310
>passed!
repetition: 54311
>passed!
repetition: 54312
>passed!
repetition: 54313
>passed!
repetition: 54314
>passed!
repetition: 54315
>passed!
repetition: 54316
>passed!
repetition: 54317
>passed!
repetition: 54318
>passed!
repetition: 54319
>passed!
repetition: 54320
>passed!
repetition: 54321
>passed!
repetition: 54322
>passed!
repetition: 54323
>passed!
repetition: 54324
>passed!
repetition: 54325
>passed!
repetition: 54326
>passed!
repetition: 54327
>passed!
repetition: 54328
>passed!
repetition: 54329
>passed!
repetition: 54330
>passed!
repetition: 54331
>passed!
repetition: 54332
>passed!
repetition: 54333
>passed!
repetition: 54334
>passed!
repetition: 54335
>passed!
repetition: 54336
>passed!
repetition: 54337
>passed!
repetition: 54338
>passed!
repetition: 54339
>passed!
repetition: 54340
>passed!
repetition: 54341
>passed!
repetition: 54342
>passed!
repetition: 54343
>passed!
repetition: 54344
>passed!
repetition: 54345
>passed!
repetition: 54346
>passed!
repetition: 54347
>passed!
repetition: 54348
>passed!
repetition: 54349
>passed!
repetition: 54350
>passed!
repetition: 54351
>passed!
repetition: 54352
>passed!
repetition: 54353
>passed!
repetition: 54354
>passed!
repetition: 54355
>passed!
repetition: 54356
>passed!
repetition: 54357
>passed!
repetition: 54358
>passed!
repetition: 54359
>passed!
repetition: 54360
>passed!
repetition: 54361
>passed!
repetition: 54362
>passed!
repetition: 54363
>passed!
repetition: 54364
>passed!
repetition: 54365
>passed!
repetition: 54366
>passed!
repetition: 54367
>passed!
repetition: 54368
>passed!
repetition: 54369
>passed!
repetition: 54370
>passed!
repetition: 54371
>passed!
repetition: 54372
>passed!
repetition: 54373
>passed!
repetition: 54374
>passed!
repetition: 54375
>passed!
repetition: 54376
>passed!
repetition: 54377
>passed!
repetition: 54378
>passed!
repetition: 54379
>passed!
repetition: 54380
>passed!
repetition: 54381
>passed!
repetition: 54382
>passed!
repetition: 54383
>passed!
repetition: 54384
>passed!
repetition: 54385
>passed!
repetition: 54386
>passed!
repetition: 54387
>passed!
repetition: 54388
>passed!
repetition: 54389
>passed!
repetition: 54390
>passed!
repetition: 54391
>passed!
repetition: 54392
>passed!
repetition: 54393
>passed!
repetition: 54394
>passed!
repetition: 54395
>passed!
repetition: 54396
>passed!
repetition: 54397
>passed!
repetition: 54398
>passed!
repetition: 54399
>passed!
repetition: 54400
>passed!
repetition: 54401
>passed!
repetition: 54402
>passed!
repetition: 54403
>passed!
repetition: 54404
>passed!
repetition: 54405
>passed!
repetition: 54406
>passed!
repetition: 54407
>passed!
repetition: 54408
>passed!
repetition: 54409
>passed!
repetition: 54410
>passed!
repetition: 54411
>passed!
repetition: 54412
>passed!
repetition: 54413
>passed!
repetition: 54414
>passed!
repetition: 54415
>passed!
repetition: 54416
>passed!
repetition: 54417
>passed!
repetition: 54418
>passed!
repetition: 54419
>passed!
repetition: 54420
>passed!
repetition: 54421
>passed!
repetition: 54422
>passed!
repetition: 54423
>passed!
repetition: 54424
>passed!
repetition: 54425
>passed!
repetition: 54426
>passed!
repetition: 54427
>passed!
repetition: 54428
>passed!
repetition: 54429
>passed!
repetition: 54430
>passed!
repetition: 54431
>passed!
repetition: 54432
>passed!
repetition: 54433
>passed!
repetition: 54434
>passed!
repetition: 54435
>passed!
repetition: 54436
>passed!
repetition: 54437
>passed!
repetition: 54438
>passed!
repetition: 54439
>passed!
repetition: 54440
>passed!
repetition: 54441
>passed!
repetition: 54442
>passed!
repetition: 54443
>passed!
repetition: 54444
>passed!
repetition: 54445
>passed!
repetition: 54446
>passed!
repetition: 54447
>passed!
repetition: 54448
>passed!
repetition: 54449
>passed!
repetition: 54450
>passed!
repetition: 54451
>passed!
repetition: 54452
>passed!
repetition: 54453
>passed!
repetition: 54454
>passed!
repetition: 54455
>passed!
repetition: 54456
>passed!
repetition: 54457
>passed!
repetition: 54458
>passed!
repetition: 54459
>passed!
repetition: 54460
>passed!
repetition: 54461
>passed!
repetition: 54462
>passed!
repetition: 54463
>passed!
repetition: 54464
>passed!
repetition: 54465
>passed!
repetition: 54466
>passed!
repetition: 54467
>passed!
repetition: 54468
>passed!
repetition: 54469
>passed!
repetition: 54470
>passed!
repetition: 54471
>passed!
repetition: 54472
>passed!
repetition: 54473
>passed!
repetition: 54474
>passed!
repetition: 54475
>passed!
repetition: 54476
>passed!
repetition: 54477
>passed!
repetition: 54478
>passed!
repetition: 54479
>passed!
repetition: 54480
>passed!
repetition: 54481
>passed!
repetition: 54482
>passed!
repetition: 54483
>passed!
repetition: 54484
>passed!
repetition: 54485
>passed!
repetition: 54486
>passed!
repetition: 54487
>passed!
repetition: 54488
>passed!
repetition: 54489
>passed!
repetition: 54490
>passed!
repetition: 54491
>passed!
repetition: 54492
>passed!
repetition: 54493
>passed!
repetition: 54494
>passed!
repetition: 54495
>passed!
repetition: 54496
>passed!
repetition: 54497
>passed!
repetition: 54498
>passed!
repetition: 54499
>passed!
repetition: 54500
>passed!
repetition: 54501
>passed!
repetition: 54502
>passed!
repetition: 54503
>passed!
repetition: 54504
>passed!
repetition: 54505
>passed!
repetition: 54506
>passed!
repetition: 54507
>passed!
repetition: 54508
>passed!
repetition: 54509
>passed!
repetition: 54510
>passed!
repetition: 54511
>passed!
repetition: 54512
>passed!
repetition: 54513
>passed!
repetition: 54514
>passed!
repetition: 54515
>passed!
repetition: 54516
>passed!
repetition: 54517
>passed!
repetition: 54518
>passed!
repetition: 54519
>passed!
repetition: 54520
>passed!
repetition: 54521
>passed!
repetition: 54522
>passed!
repetition: 54523
>passed!
repetition: 54524
>passed!
repetition: 54525
>passed!
repetition: 54526
>passed!
repetition: 54527
>passed!
repetition: 54528
>passed!
repetition: 54529
>passed!
repetition: 54530
>passed!
repetition: 54531
>passed!
repetition: 54532
>passed!
repetition: 54533
>passed!
repetition: 54534
>passed!
repetition: 54535
>passed!
repetition: 54536
>passed!
repetition: 54537
>passed!
repetition: 54538
>passed!
repetition: 54539
>passed!
repetition: 54540
>passed!
repetition: 54541
>passed!
repetition: 54542
>passed!
repetition: 54543
>passed!
repetition: 54544
>passed!
repetition: 54545
>passed!
repetition: 54546
>passed!
repetition: 54547
>passed!
repetition: 54548
>passed!
repetition: 54549
>passed!
repetition: 54550
>passed!
repetition: 54551
>passed!
repetition: 54552
>passed!
repetition: 54553
>passed!
repetition: 54554
>passed!
repetition: 54555
>passed!
repetition: 54556
>passed!
repetition: 54557
>passed!
repetition: 54558
>passed!
repetition: 54559
>passed!
repetition: 54560
>passed!
repetition: 54561
>passed!
repetition: 54562
>passed!
repetition: 54563
>passed!
repetition: 54564
>passed!
repetition: 54565
>passed!
repetition: 54566
>passed!
repetition: 54567
>passed!
repetition: 54568
>passed!
repetition: 54569
>passed!
repetition: 54570
>passed!
repetition: 54571
>passed!
repetition: 54572
>passed!
repetition: 54573
>passed!
repetition: 54574
>passed!
repetition: 54575
>passed!
repetition: 54576
>passed!
repetition: 54577
>passed!
repetition: 54578
>passed!
repetition: 54579
>passed!
repetition: 54580
>passed!
repetition: 54581
>passed!
repetition: 54582
>passed!
repetition: 54583
>passed!
repetition: 54584
>passed!
repetition: 54585
>passed!
repetition: 54586
>passed!
repetition: 54587
>passed!
repetition: 54588
>passed!
repetition: 54589
>passed!
repetition: 54590
>passed!
repetition: 54591
>passed!
repetition: 54592
>passed!
repetition: 54593
>passed!
repetition: 54594
>passed!
repetition: 54595
>passed!
repetition: 54596
>passed!
repetition: 54597
>passed!
repetition: 54598
>passed!
repetition: 54599
>passed!
repetition: 54600
>passed!
repetition: 54601
>passed!
repetition: 54602
>passed!
repetition: 54603
>passed!
repetition: 54604
>passed!
repetition: 54605
>passed!
repetition: 54606
>passed!
repetition: 54607
>passed!
repetition: 54608
>passed!
repetition: 54609
>passed!
repetition: 54610
>passed!
repetition: 54611
>passed!
repetition: 54612
>passed!
repetition: 54613
>passed!
repetition: 54614
>passed!
repetition: 54615
>passed!
repetition: 54616
>passed!
repetition: 54617
>passed!
repetition: 54618
>passed!
repetition: 54619
>passed!
repetition: 54620
>passed!
repetition: 54621
>passed!
repetition: 54622
>passed!
repetition: 54623
>passed!
repetition: 54624
>passed!
repetition: 54625
>passed!
repetition: 54626
>passed!
repetition: 54627
>passed!
repetition: 54628
>passed!
repetition: 54629
>passed!
repetition: 54630
>passed!
repetition: 54631
>passed!
repetition: 54632
>passed!
repetition: 54633
>passed!
repetition: 54634
>passed!
repetition: 54635
>passed!
repetition: 54636
>passed!
repetition: 54637
>passed!
repetition: 54638
>passed!
repetition: 54639
>passed!
repetition: 54640
>passed!
repetition: 54641
>passed!
repetition: 54642
>passed!
repetition: 54643
>passed!
repetition: 54644
>passed!
repetition: 54645
>passed!
repetition: 54646
>passed!
repetition: 54647
>passed!
repetition: 54648
>passed!
repetition: 54649
>passed!
repetition: 54650
>passed!
repetition: 54651
>passed!
repetition: 54652
>passed!
repetition: 54653
>passed!
repetition: 54654
>passed!
repetition: 54655
>passed!
repetition: 54656
>passed!
repetition: 54657
>passed!
repetition: 54658
>passed!
repetition: 54659
>passed!
repetition: 54660
>passed!
repetition: 54661
>passed!
repetition: 54662
>passed!
repetition: 54663
>passed!
repetition: 54664
>passed!
repetition: 54665
>passed!
repetition: 54666
>passed!
repetition: 54667
>passed!
repetition: 54668
>passed!
repetition: 54669
>passed!
repetition: 54670
>passed!
repetition: 54671
>passed!
repetition: 54672
>passed!
repetition: 54673
>passed!
repetition: 54674
>passed!
repetition: 54675
>passed!
repetition: 54676
>passed!
repetition: 54677
>passed!
repetition: 54678
>passed!
repetition: 54679
>passed!
repetition: 54680
>passed!
repetition: 54681
>passed!
repetition: 54682
>passed!
repetition: 54683
>passed!
repetition: 54684
>passed!
repetition: 54685
>passed!
repetition: 54686
>passed!
repetition: 54687
>passed!
repetition: 54688
>passed!
repetition: 54689
>passed!
repetition: 54690
>passed!
repetition: 54691
>passed!
repetition: 54692
>passed!
repetition: 54693
>passed!
repetition: 54694
>passed!
repetition: 54695
>passed!
repetition: 54696
>passed!
repetition: 54697
>passed!
repetition: 54698
>passed!
repetition: 54699
>passed!
repetition: 54700
>passed!
repetition: 54701
>passed!
repetition: 54702
>passed!
repetition: 54703
>passed!
repetition: 54704
>passed!
repetition: 54705
>passed!
repetition: 54706
>passed!
repetition: 54707
>passed!
repetition: 54708
>passed!
repetition: 54709
>passed!
repetition: 54710
>passed!
repetition: 54711
>passed!
repetition: 54712
>passed!
repetition: 54713
>passed!
repetition: 54714
>passed!
repetition: 54715
>passed!
repetition: 54716
>passed!
repetition: 54717
>passed!
repetition: 54718
>passed!
repetition: 54719
>passed!
repetition: 54720
>passed!
repetition: 54721
>passed!
repetition: 54722
>passed!
repetition: 54723
>passed!
repetition: 54724
>passed!
repetition: 54725
>passed!
repetition: 54726
>passed!
repetition: 54727
>passed!
repetition: 54728
>passed!
repetition: 54729
>passed!
repetition: 54730
>passed!
repetition: 54731
>passed!
repetition: 54732
>passed!
repetition: 54733
>passed!
repetition: 54734
>passed!
repetition: 54735
>passed!
repetition: 54736
>passed!
repetition: 54737
>passed!
repetition: 54738
>passed!
repetition: 54739
>passed!
repetition: 54740
>passed!
repetition: 54741
>passed!
repetition: 54742
>passed!
repetition: 54743
>passed!
repetition: 54744
>passed!
repetition: 54745
>passed!
repetition: 54746
>passed!
repetition: 54747
>passed!
repetition: 54748
>passed!
repetition: 54749
>passed!
repetition: 54750
>passed!
repetition: 54751
>passed!
repetition: 54752
>passed!
repetition: 54753
>passed!
repetition: 54754
>passed!
repetition: 54755
>passed!
repetition: 54756
>passed!
repetition: 54757
>passed!
repetition: 54758
>passed!
repetition: 54759
>passed!
repetition: 54760
>passed!
repetition: 54761
>passed!
repetition: 54762
>passed!
repetition: 54763
>passed!
repetition: 54764
>passed!
repetition: 54765
>passed!
repetition: 54766
>passed!
repetition: 54767
>passed!
repetition: 54768
>passed!
repetition: 54769
>passed!
repetition: 54770
>passed!
repetition: 54771
>passed!
repetition: 54772
>passed!
repetition: 54773
>passed!
repetition: 54774
>passed!
repetition: 54775
>passed!
repetition: 54776
>passed!
repetition: 54777
>passed!
repetition: 54778
>passed!
repetition: 54779
>passed!
repetition: 54780
>passed!
repetition: 54781
>passed!
repetition: 54782
>passed!
repetition: 54783
>passed!
repetition: 54784
>passed!
repetition: 54785
>passed!
repetition: 54786
>passed!
repetition: 54787
>passed!
repetition: 54788
>passed!
repetition: 54789
>passed!
repetition: 54790
>passed!
repetition: 54791
>passed!
repetition: 54792
>passed!
repetition: 54793
>passed!
repetition: 54794
>passed!
repetition: 54795
>passed!
repetition: 54796
>passed!
repetition: 54797
>passed!
repetition: 54798
>passed!
repetition: 54799
>passed!
repetition: 54800
>passed!
repetition: 54801
>passed!
repetition: 54802
>passed!
repetition: 54803
>passed!
repetition: 54804
>passed!
repetition: 54805
>passed!
repetition: 54806
>passed!
repetition: 54807
>passed!
repetition: 54808
>passed!
repetition: 54809
>passed!
repetition: 54810
>passed!
repetition: 54811
>passed!
repetition: 54812
>passed!
repetition: 54813
>passed!
repetition: 54814
>passed!
repetition: 54815
>passed!
repetition: 54816
>passed!
repetition: 54817
>passed!
repetition: 54818
>passed!
repetition: 54819
>passed!
repetition: 54820
>passed!
repetition: 54821
>passed!
repetition: 54822
>passed!
repetition: 54823
>passed!
repetition: 54824
>passed!
repetition: 54825
>passed!
repetition: 54826
>passed!
repetition: 54827
>passed!
repetition: 54828
>passed!
repetition: 54829
>passed!
repetition: 54830
>passed!
repetition: 54831
>passed!
repetition: 54832
>passed!
repetition: 54833
>passed!
repetition: 54834
>passed!
repetition: 54835
>passed!
repetition: 54836
>passed!
repetition: 54837
>passed!
repetition: 54838
>passed!
repetition: 54839
>passed!
repetition: 54840
>passed!
repetition: 54841
>passed!
repetition: 54842
>passed!
repetition: 54843
>passed!
repetition: 54844
>passed!
repetition: 54845
>passed!
repetition: 54846
>passed!
repetition: 54847
>passed!
repetition: 54848
>passed!
repetition: 54849
>passed!
repetition: 54850
>passed!
repetition: 54851
>passed!
repetition: 54852
>passed!
repetition: 54853
>passed!
repetition: 54854
>passed!
repetition: 54855
>passed!
repetition: 54856
>passed!
repetition: 54857
>passed!
repetition: 54858
>passed!
repetition: 54859
>passed!
repetition: 54860
>passed!
repetition: 54861
>passed!
repetition: 54862
>passed!
repetition: 54863
>passed!
repetition: 54864
>passed!
repetition: 54865
>passed!
repetition: 54866
>passed!
repetition: 54867
>passed!
repetition: 54868
>passed!
repetition: 54869
>passed!
repetition: 54870
>passed!
repetition: 54871
>passed!
repetition: 54872
>passed!
repetition: 54873
>passed!
repetition: 54874
>passed!
repetition: 54875
>passed!
repetition: 54876
>passed!
repetition: 54877
>passed!
repetition: 54878
>passed!
repetition: 54879
>passed!
repetition: 54880
>passed!
repetition: 54881
>passed!
repetition: 54882
>passed!
repetition: 54883
>passed!
repetition: 54884
>passed!
repetition: 54885
>passed!
repetition: 54886
>passed!
repetition: 54887
>passed!
repetition: 54888
>passed!
repetition: 54889
>passed!
repetition: 54890
>passed!
repetition: 54891
>passed!
repetition: 54892
>passed!
repetition: 54893
>passed!
repetition: 54894
>passed!
repetition: 54895
>passed!
repetition: 54896
>passed!
repetition: 54897
>passed!
repetition: 54898
>passed!
repetition: 54899
>passed!
repetition: 54900
>passed!
repetition: 54901
>passed!
repetition: 54902
>passed!
repetition: 54903
>passed!
repetition: 54904
>passed!
repetition: 54905
>passed!
repetition: 54906
>passed!
repetition: 54907
>passed!
repetition: 54908
>passed!
repetition: 54909
>passed!
repetition: 54910
>passed!
repetition: 54911
>passed!
repetition: 54912
>passed!
repetition: 54913
>passed!
repetition: 54914
>passed!
repetition: 54915
>passed!
repetition: 54916
>passed!
repetition: 54917
>passed!
repetition: 54918
>passed!
repetition: 54919
>passed!
repetition: 54920
>passed!
repetition: 54921
>passed!
repetition: 54922
>passed!
repetition: 54923
>passed!
repetition: 54924
>passed!
repetition: 54925
>passed!
repetition: 54926
>passed!
repetition: 54927
>passed!
repetition: 54928
>passed!
repetition: 54929
>passed!
repetition: 54930
>passed!
repetition: 54931
>passed!
repetition: 54932
>passed!
repetition: 54933
>passed!
repetition: 54934
>passed!
repetition: 54935
>passed!
repetition: 54936
>passed!
repetition: 54937
>passed!
repetition: 54938
>passed!
repetition: 54939
>passed!
repetition: 54940
>passed!
repetition: 54941
>passed!
repetition: 54942
>passed!
repetition: 54943
>passed!
repetition: 54944
>passed!
repetition: 54945
>passed!
repetition: 54946
>passed!
repetition: 54947
>passed!
repetition: 54948
>passed!
repetition: 54949
>passed!
repetition: 54950
>passed!
repetition: 54951
>passed!
repetition: 54952
>passed!
repetition: 54953
>passed!
repetition: 54954
>passed!
repetition: 54955
>passed!
repetition: 54956
>passed!
repetition: 54957
>passed!
repetition: 54958
>passed!
repetition: 54959
>passed!
repetition: 54960
>passed!
repetition: 54961
>passed!
repetition: 54962
>passed!
repetition: 54963
>passed!
repetition: 54964
>passed!
repetition: 54965
>passed!
repetition: 54966
>passed!
repetition: 54967
>passed!
repetition: 54968
>passed!
repetition: 54969
>passed!
repetition: 54970
>passed!
repetition: 54971
>passed!
repetition: 54972
>passed!
repetition: 54973
>passed!
repetition: 54974
>passed!
repetition: 54975
>passed!
repetition: 54976
>passed!
repetition: 54977
>passed!
repetition: 54978
>passed!
repetition: 54979
>passed!
repetition: 54980
>passed!
repetition: 54981
>passed!
repetition: 54982
>passed!
repetition: 54983
>passed!
repetition: 54984
>passed!
repetition: 54985
>passed!
repetition: 54986
>passed!
repetition: 54987
>passed!
repetition: 54988
>passed!
repetition: 54989
>passed!
repetition: 54990
>passed!
repetition: 54991
>passed!
repetition: 54992
>passed!
repetition: 54993
>passed!
repetition: 54994
>passed!
repetition: 54995
>passed!
repetition: 54996
>passed!
repetition: 54997
>passed!
repetition: 54998
>passed!
repetition: 54999
>passed!
repetition: 55000
>passed!
repetition: 55001
>passed!
repetition: 55002
>passed!
repetition: 55003
>passed!
repetition: 55004
>passed!
repetition: 55005
>passed!
repetition: 55006
>passed!
repetition: 55007
>passed!
repetition: 55008
>passed!
repetition: 55009
>passed!
repetition: 55010
>passed!
repetition: 55011
>passed!
repetition: 55012
>passed!
repetition: 55013
>passed!
repetition: 55014
>passed!
repetition: 55015
>passed!
repetition: 55016
>passed!
repetition: 55017
>passed!
repetition: 55018
>passed!
repetition: 55019
>passed!
repetition: 55020
>passed!
repetition: 55021
>passed!
repetition: 55022
>passed!
repetition: 55023
>passed!
repetition: 55024
>passed!
repetition: 55025
>passed!
repetition: 55026
>passed!
repetition: 55027
>passed!
repetition: 55028
>passed!
repetition: 55029
>passed!
repetition: 55030
>passed!
repetition: 55031
>passed!
repetition: 55032
>passed!
repetition: 55033
>passed!
repetition: 55034
>passed!
repetition: 55035
>passed!
repetition: 55036
>passed!
repetition: 55037
>passed!
repetition: 55038
>passed!
repetition: 55039
>passed!
repetition: 55040
>passed!
repetition: 55041
>passed!
repetition: 55042
>passed!
repetition: 55043
>passed!
repetition: 55044
>passed!
repetition: 55045
>passed!
repetition: 55046
>passed!
repetition: 55047
>passed!
repetition: 55048
>passed!
repetition: 55049
>passed!
repetition: 55050
>passed!
repetition: 55051
>passed!
repetition: 55052
>passed!
repetition: 55053
>passed!
repetition: 55054
>passed!
repetition: 55055
>passed!
repetition: 55056
>passed!
repetition: 55057
>passed!
repetition: 55058
>passed!
repetition: 55059
>passed!
repetition: 55060
>passed!
repetition: 55061
>passed!
repetition: 55062
>passed!
repetition: 55063
>passed!
repetition: 55064
>passed!
repetition: 55065
>passed!
repetition: 55066
>passed!
repetition: 55067
>passed!
repetition: 55068
>passed!
repetition: 55069
>passed!
repetition: 55070
>passed!
repetition: 55071
>passed!
repetition: 55072
>passed!
repetition: 55073
>passed!
repetition: 55074
>passed!
repetition: 55075
>passed!
repetition: 55076
>passed!
repetition: 55077
>passed!
repetition: 55078
>passed!
repetition: 55079
>passed!
repetition: 55080
>passed!
repetition: 55081
>passed!
repetition: 55082
>passed!
repetition: 55083
>passed!
repetition: 55084
>passed!
repetition: 55085
>passed!
repetition: 55086
>passed!
repetition: 55087
>passed!
repetition: 55088
>passed!
repetition: 55089
>passed!
repetition: 55090
>passed!
repetition: 55091
>passed!
repetition: 55092
>passed!
repetition: 55093
>passed!
repetition: 55094
>passed!
repetition: 55095
>passed!
repetition: 55096
>passed!
repetition: 55097
>passed!
repetition: 55098
>passed!
repetition: 55099
>passed!
repetition: 55100
>passed!
repetition: 55101
>passed!
repetition: 55102
>passed!
repetition: 55103
>passed!
repetition: 55104
>passed!
repetition: 55105
>passed!
repetition: 55106
>passed!
repetition: 55107
>passed!
repetition: 55108
>passed!
repetition: 55109
>passed!
repetition: 55110
>passed!
repetition: 55111
>passed!
repetition: 55112
>passed!
repetition: 55113
>passed!
repetition: 55114
>passed!
repetition: 55115
>passed!
repetition: 55116
>passed!
repetition: 55117
>passed!
repetition: 55118
>passed!
repetition: 55119
>passed!
repetition: 55120
>passed!
repetition: 55121
>passed!
repetition: 55122
>passed!
repetition: 55123
>passed!
repetition: 55124
>passed!
repetition: 55125
>passed!
repetition: 55126
>passed!
repetition: 55127
>passed!
repetition: 55128
>passed!
repetition: 55129
>passed!
repetition: 55130
>passed!
repetition: 55131
>passed!
repetition: 55132
>passed!
repetition: 55133
>passed!
repetition: 55134
>passed!
repetition: 55135
>passed!
repetition: 55136
>passed!
repetition: 55137
>passed!
repetition: 55138
>passed!
repetition: 55139
>passed!
repetition: 55140
>passed!
repetition: 55141
>passed!
repetition: 55142
>passed!
repetition: 55143
>passed!
repetition: 55144
>passed!
repetition: 55145
>passed!
repetition: 55146
>passed!
repetition: 55147
>passed!
repetition: 55148
>passed!
repetition: 55149
>passed!
repetition: 55150
>passed!
repetition: 55151
>passed!
repetition: 55152
>passed!
repetition: 55153
>passed!
repetition: 55154
>passed!
repetition: 55155
>passed!
repetition: 55156
>passed!
repetition: 55157
>passed!
repetition: 55158
>passed!
repetition: 55159
>passed!
repetition: 55160
>passed!
repetition: 55161
>passed!
repetition: 55162
>passed!
repetition: 55163
>passed!
repetition: 55164
>passed!
repetition: 55165
>passed!
repetition: 55166
>passed!
repetition: 55167
>passed!
repetition: 55168
>passed!
repetition: 55169
>passed!
repetition: 55170
>passed!
repetition: 55171
>passed!
repetition: 55172
>passed!
repetition: 55173
>passed!
repetition: 55174
>passed!
repetition: 55175
>passed!
repetition: 55176
>passed!
repetition: 55177
>passed!
repetition: 55178
>passed!
repetition: 55179
>passed!
repetition: 55180
>passed!
repetition: 55181
>passed!
repetition: 55182
>passed!
repetition: 55183
>passed!
repetition: 55184
>passed!
repetition: 55185
>passed!
repetition: 55186
>passed!
repetition: 55187
>passed!
repetition: 55188
>passed!
repetition: 55189
>passed!
repetition: 55190
>passed!
repetition: 55191
>passed!
repetition: 55192
>passed!
repetition: 55193
>passed!
repetition: 55194
>passed!
repetition: 55195
>passed!
repetition: 55196
>passed!
repetition: 55197
>passed!
repetition: 55198
>passed!
repetition: 55199
>passed!
repetition: 55200
>passed!
repetition: 55201
>passed!
repetition: 55202
>passed!
repetition: 55203
>passed!
repetition: 55204
>passed!
repetition: 55205
>passed!
repetition: 55206
>passed!
repetition: 55207
>passed!
repetition: 55208
>passed!
repetition: 55209
>passed!
repetition: 55210
>passed!
repetition: 55211
>passed!
repetition: 55212
>passed!
repetition: 55213
>passed!
repetition: 55214
>passed!
repetition: 55215
>passed!
repetition: 55216
>passed!
repetition: 55217
>passed!
repetition: 55218
>passed!
repetition: 55219
>passed!
repetition: 55220
>passed!
repetition: 55221
>passed!
repetition: 55222
>passed!
repetition: 55223
>passed!
repetition: 55224
>passed!
repetition: 55225
>passed!
repetition: 55226
>passed!
repetition: 55227
>passed!
repetition: 55228
>passed!
repetition: 55229
>passed!
repetition: 55230
>passed!
repetition: 55231
>passed!
repetition: 55232
>passed!
repetition: 55233
>passed!
repetition: 55234
>passed!
repetition: 55235
>passed!
repetition: 55236
>passed!
repetition: 55237
>passed!
repetition: 55238
>passed!
repetition: 55239
>passed!
repetition: 55240
>passed!
repetition: 55241
>passed!
repetition: 55242
>passed!
repetition: 55243
>passed!
repetition: 55244
>passed!
repetition: 55245
>passed!
repetition: 55246
>passed!
repetition: 55247
>passed!
repetition: 55248
>passed!
repetition: 55249
>passed!
repetition: 55250
>passed!
repetition: 55251
>passed!
repetition: 55252
>passed!
repetition: 55253
>passed!
repetition: 55254
>passed!
repetition: 55255
>passed!
repetition: 55256
>passed!
repetition: 55257
>passed!
repetition: 55258
>passed!
repetition: 55259
>passed!
repetition: 55260
>passed!
repetition: 55261
>passed!
repetition: 55262
>passed!
repetition: 55263
>passed!
repetition: 55264
>passed!
repetition: 55265
>passed!
repetition: 55266
>passed!
repetition: 55267
>passed!
repetition: 55268
>passed!
repetition: 55269
>passed!
repetition: 55270
>passed!
repetition: 55271
>passed!
repetition: 55272
>passed!
repetition: 55273
>passed!
repetition: 55274
>passed!
repetition: 55275
>passed!
repetition: 55276
>passed!
repetition: 55277
>passed!
repetition: 55278
>passed!
repetition: 55279
>passed!
repetition: 55280
>passed!
repetition: 55281
>passed!
repetition: 55282
>passed!
repetition: 55283
>passed!
repetition: 55284
>passed!
repetition: 55285
>passed!
repetition: 55286
>passed!
repetition: 55287
>passed!
repetition: 55288
>passed!
repetition: 55289
>passed!
repetition: 55290
>passed!
repetition: 55291
>passed!
repetition: 55292
>passed!
repetition: 55293
>passed!
repetition: 55294
>passed!
repetition: 55295
>passed!
repetition: 55296
>passed!
repetition: 55297
>passed!
repetition: 55298
>passed!
repetition: 55299
>passed!
repetition: 55300
>passed!
repetition: 55301
>passed!
repetition: 55302
>passed!
repetition: 55303
>passed!
repetition: 55304
>passed!
repetition: 55305
>passed!
repetition: 55306
>passed!
repetition: 55307
>passed!
repetition: 55308
>passed!
repetition: 55309
>passed!
repetition: 55310
>passed!
repetition: 55311
>passed!
repetition: 55312
>passed!
repetition: 55313
>passed!
repetition: 55314
>passed!
repetition: 55315
>passed!
repetition: 55316
>passed!
repetition: 55317
>passed!
repetition: 55318
>passed!
repetition: 55319
>passed!
repetition: 55320
>passed!
repetition: 55321
>passed!
repetition: 55322
>passed!
repetition: 55323
>passed!
repetition: 55324
>passed!
repetition: 55325
>passed!
repetition: 55326
>passed!
repetition: 55327
>passed!
repetition: 55328
>passed!
repetition: 55329
>passed!
repetition: 55330
>passed!
repetition: 55331
>passed!
repetition: 55332
>passed!
repetition: 55333
>passed!
repetition: 55334
>passed!
repetition: 55335
>passed!
repetition: 55336
>passed!
repetition: 55337
>passed!
repetition: 55338
>passed!
repetition: 55339
>passed!
repetition: 55340
>passed!
repetition: 55341
>passed!
repetition: 55342
>passed!
repetition: 55343
>passed!
repetition: 55344
>passed!
repetition: 55345
>passed!
repetition: 55346
>passed!
repetition: 55347
>passed!
repetition: 55348
>passed!
repetition: 55349
>passed!
repetition: 55350
>passed!
repetition: 55351
>passed!
repetition: 55352
>passed!
repetition: 55353
>passed!
repetition: 55354
>passed!
repetition: 55355
>passed!
repetition: 55356
>passed!
repetition: 55357
>passed!
repetition: 55358
>passed!
repetition: 55359
>passed!
repetition: 55360
>passed!
repetition: 55361
>passed!
repetition: 55362
>passed!
repetition: 55363
>passed!
repetition: 55364
>passed!
repetition: 55365
>passed!
repetition: 55366
>passed!
repetition: 55367
>passed!
repetition: 55368
>passed!
repetition: 55369
>passed!
repetition: 55370
>passed!
repetition: 55371
>passed!
repetition: 55372
>passed!
repetition: 55373
>passed!
repetition: 55374
>passed!
repetition: 55375
>passed!
repetition: 55376
>passed!
repetition: 55377
>passed!
repetition: 55378
>passed!
repetition: 55379
>passed!
repetition: 55380
>passed!
repetition: 55381
>passed!
repetition: 55382
>passed!
repetition: 55383
>passed!
repetition: 55384
>passed!
repetition: 55385
>passed!
repetition: 55386
>passed!
repetition: 55387
>passed!
repetition: 55388
>passed!
repetition: 55389
>passed!
repetition: 55390
>passed!
repetition: 55391
>passed!
repetition: 55392
>passed!
repetition: 55393
>passed!
repetition: 55394
>passed!
repetition: 55395
>passed!
repetition: 55396
>passed!
repetition: 55397
>passed!
repetition: 55398
>passed!
repetition: 55399
>passed!
repetition: 55400
>passed!
repetition: 55401
>passed!
repetition: 55402
>passed!
repetition: 55403
>passed!
repetition: 55404
>passed!
repetition: 55405
>passed!
repetition: 55406
>passed!
repetition: 55407
>passed!
repetition: 55408
>passed!
repetition: 55409
>passed!
repetition: 55410
>passed!
repetition: 55411
>passed!
repetition: 55412
>passed!
repetition: 55413
>passed!
repetition: 55414
>passed!
repetition: 55415
>passed!
repetition: 55416
>passed!
repetition: 55417
>passed!
repetition: 55418
>passed!
repetition: 55419
>passed!
repetition: 55420
>passed!
repetition: 55421
>passed!
repetition: 55422
>passed!
repetition: 55423
>passed!
repetition: 55424
>passed!
repetition: 55425
>passed!
repetition: 55426
>passed!
repetition: 55427
>passed!
repetition: 55428
>passed!
repetition: 55429
>passed!
repetition: 55430
>passed!
repetition: 55431
>passed!
repetition: 55432
>passed!
repetition: 55433
>passed!
repetition: 55434
>passed!
repetition: 55435
>passed!
repetition: 55436
>passed!
repetition: 55437
>passed!
repetition: 55438
>passed!
repetition: 55439
>passed!
repetition: 55440
>passed!
repetition: 55441
>passed!
repetition: 55442
>passed!
repetition: 55443
>passed!
repetition: 55444
>passed!
repetition: 55445
>passed!
repetition: 55446
>passed!
repetition: 55447
>passed!
repetition: 55448
>passed!
repetition: 55449
>passed!
repetition: 55450
>passed!
repetition: 55451
>passed!
repetition: 55452
>passed!
repetition: 55453
>passed!
repetition: 55454
>passed!
repetition: 55455
>passed!
repetition: 55456
>passed!
repetition: 55457
>passed!
repetition: 55458
>passed!
repetition: 55459
>passed!
repetition: 55460
>passed!
repetition: 55461
>passed!
repetition: 55462
>passed!
repetition: 55463
>passed!
repetition: 55464
>passed!
repetition: 55465
>passed!
repetition: 55466
>passed!
repetition: 55467
>passed!
repetition: 55468
>passed!
repetition: 55469
>passed!
repetition: 55470
>passed!
repetition: 55471
>passed!
repetition: 55472
>passed!
repetition: 55473
>passed!
repetition: 55474
>passed!
repetition: 55475
>passed!
repetition: 55476
>passed!
repetition: 55477
>passed!
repetition: 55478
>passed!
repetition: 55479
>passed!
repetition: 55480
>passed!
repetition: 55481
>passed!
repetition: 55482
>passed!
repetition: 55483
>passed!
repetition: 55484
>passed!
repetition: 55485
>passed!
repetition: 55486
>passed!
repetition: 55487
>passed!
repetition: 55488
>passed!
repetition: 55489
>passed!
repetition: 55490
>passed!
repetition: 55491
>passed!
repetition: 55492
>passed!
repetition: 55493
>passed!
repetition: 55494
>passed!
repetition: 55495
>passed!
repetition: 55496
>passed!
repetition: 55497
>passed!
repetition: 55498
>passed!
repetition: 55499
>passed!
repetition: 55500
>passed!
repetition: 55501
>passed!
repetition: 55502
>passed!
repetition: 55503
>passed!
repetition: 55504
>passed!
repetition: 55505
>passed!
repetition: 55506
>passed!
repetition: 55507
>passed!
repetition: 55508
>passed!
repetition: 55509
>passed!
repetition: 55510
>passed!
repetition: 55511
>passed!
repetition: 55512
>passed!
repetition: 55513
>passed!
repetition: 55514
>passed!
repetition: 55515
>passed!
repetition: 55516
>passed!
repetition: 55517
>passed!
repetition: 55518
>passed!
repetition: 55519
>passed!
repetition: 55520
>passed!
repetition: 55521
>passed!
repetition: 55522
>passed!
repetition: 55523
>passed!
repetition: 55524
>passed!
repetition: 55525
>passed!
repetition: 55526
>passed!
repetition: 55527
>passed!
repetition: 55528
>passed!
repetition: 55529
>passed!
repetition: 55530
>passed!
repetition: 55531
>passed!
repetition: 55532
>passed!
repetition: 55533
>passed!
repetition: 55534
>passed!
repetition: 55535
>passed!
repetition: 55536
>passed!
repetition: 55537
>passed!
repetition: 55538
>passed!
repetition: 55539
>passed!
repetition: 55540
>passed!
repetition: 55541
>passed!
repetition: 55542
>passed!
repetition: 55543
>passed!
repetition: 55544
>passed!
repetition: 55545
>passed!
repetition: 55546
>passed!
repetition: 55547
>passed!
repetition: 55548
>passed!
repetition: 55549
>passed!
repetition: 55550
>passed!
repetition: 55551
>passed!
repetition: 55552
>passed!
repetition: 55553
>passed!
repetition: 55554
>passed!
repetition: 55555
>passed!
repetition: 55556
>passed!
repetition: 55557
>passed!
repetition: 55558
>passed!
repetition: 55559
>passed!
repetition: 55560
>passed!
repetition: 55561
>passed!
repetition: 55562
>passed!
repetition: 55563
>passed!
repetition: 55564
>passed!
repetition: 55565
>passed!
repetition: 55566
>passed!
repetition: 55567
>passed!
repetition: 55568
>passed!
repetition: 55569
>passed!
repetition: 55570
>passed!
repetition: 55571
>passed!
repetition: 55572
>passed!
repetition: 55573
>passed!
repetition: 55574
>passed!
repetition: 55575
>passed!
repetition: 55576
>passed!
repetition: 55577
>passed!
repetition: 55578
>passed!
repetition: 55579
>passed!
repetition: 55580
>passed!
repetition: 55581
>passed!
repetition: 55582
>passed!
repetition: 55583
>passed!
repetition: 55584
>passed!
repetition: 55585
>passed!
repetition: 55586
>passed!
repetition: 55587
>passed!
repetition: 55588
>passed!
repetition: 55589
>passed!
repetition: 55590
>passed!
repetition: 55591
>passed!
repetition: 55592
>passed!
repetition: 55593
>passed!
repetition: 55594
>passed!
repetition: 55595
>passed!
repetition: 55596
>passed!
repetition: 55597
>passed!
repetition: 55598
>passed!
repetition: 55599
>passed!
repetition: 55600
>passed!
repetition: 55601
>passed!
repetition: 55602
>passed!
repetition: 55603
>passed!
repetition: 55604
>passed!
repetition: 55605
>passed!
repetition: 55606
>passed!
repetition: 55607
>passed!
repetition: 55608
>passed!
repetition: 55609
>passed!
repetition: 55610
>passed!
repetition: 55611
>passed!
repetition: 55612
>passed!
repetition: 55613
>passed!
repetition: 55614
>passed!
repetition: 55615
>passed!
repetition: 55616
>passed!
repetition: 55617
>passed!
repetition: 55618
>passed!
repetition: 55619
>passed!
repetition: 55620
>passed!
repetition: 55621
>passed!
repetition: 55622
>passed!
repetition: 55623
>passed!
repetition: 55624
>passed!
repetition: 55625
>passed!
repetition: 55626
>passed!
repetition: 55627
>passed!
repetition: 55628
>passed!
repetition: 55629
>passed!
repetition: 55630
>passed!
repetition: 55631
>passed!
repetition: 55632
>passed!
repetition: 55633
>passed!
repetition: 55634
>passed!
repetition: 55635
>passed!
repetition: 55636
>passed!
repetition: 55637
>passed!
repetition: 55638
>passed!
repetition: 55639
>passed!
repetition: 55640
>passed!
repetition: 55641
>passed!
repetition: 55642
>passed!
repetition: 55643
>passed!
repetition: 55644
>passed!
repetition: 55645
>passed!
repetition: 55646
>passed!
repetition: 55647
>passed!
repetition: 55648
>passed!
repetition: 55649
>passed!
repetition: 55650
>passed!
repetition: 55651
>passed!
repetition: 55652
>passed!
repetition: 55653
>passed!
repetition: 55654
>passed!
repetition: 55655
>passed!
repetition: 55656
>passed!
repetition: 55657
>passed!
repetition: 55658
>passed!
repetition: 55659
>passed!
repetition: 55660
>passed!
repetition: 55661
>passed!
repetition: 55662
>passed!
repetition: 55663
>passed!
repetition: 55664
>passed!
repetition: 55665
>passed!
repetition: 55666
>passed!
repetition: 55667
>passed!
repetition: 55668
>passed!
repetition: 55669
>passed!
repetition: 55670
>passed!
repetition: 55671
>passed!
repetition: 55672
>passed!
repetition: 55673
>passed!
repetition: 55674
>passed!
repetition: 55675
>passed!
repetition: 55676
>passed!
repetition: 55677
>passed!
repetition: 55678
>passed!
repetition: 55679
>passed!
repetition: 55680
>passed!
repetition: 55681
>passed!
repetition: 55682
>passed!
repetition: 55683
>passed!
repetition: 55684
>passed!
repetition: 55685
>passed!
repetition: 55686
>passed!
repetition: 55687
>passed!
repetition: 55688
>passed!
repetition: 55689
>passed!
repetition: 55690
>passed!
repetition: 55691
>passed!
repetition: 55692
>passed!
repetition: 55693
>passed!
repetition: 55694
>passed!
repetition: 55695
>passed!
repetition: 55696
>passed!
repetition: 55697
>passed!
repetition: 55698
>passed!
repetition: 55699
>passed!
repetition: 55700
>passed!
repetition: 55701
>passed!
repetition: 55702
>passed!
repetition: 55703
>passed!
repetition: 55704
>passed!
repetition: 55705
>passed!
repetition: 55706
>passed!
repetition: 55707
>passed!
repetition: 55708
>passed!
repetition: 55709
>passed!
repetition: 55710
>passed!
repetition: 55711
>passed!
repetition: 55712
>passed!
repetition: 55713
>passed!
repetition: 55714
>passed!
repetition: 55715
>passed!
repetition: 55716
>passed!
repetition: 55717
>passed!
repetition: 55718
>passed!
repetition: 55719
>passed!
repetition: 55720
>passed!
repetition: 55721
>passed!
repetition: 55722
>passed!
repetition: 55723
>passed!
repetition: 55724
>passed!
repetition: 55725
>passed!
repetition: 55726
>passed!
repetition: 55727
>passed!
repetition: 55728
>passed!
repetition: 55729
>passed!
repetition: 55730
>passed!
repetition: 55731
>passed!
repetition: 55732
>passed!
repetition: 55733
>passed!
repetition: 55734
>passed!
repetition: 55735
>passed!
repetition: 55736
>passed!
repetition: 55737
>passed!
repetition: 55738
>passed!
repetition: 55739
>passed!
repetition: 55740
>passed!
repetition: 55741
>passed!
repetition: 55742
>passed!
repetition: 55743
>passed!
repetition: 55744
>passed!
repetition: 55745
>passed!
repetition: 55746
>passed!
repetition: 55747
>passed!
repetition: 55748
>passed!
repetition: 55749
>passed!
repetition: 55750
>passed!
repetition: 55751
>passed!
repetition: 55752
>passed!
repetition: 55753
>passed!
repetition: 55754
>passed!
repetition: 55755
>passed!
repetition: 55756
>passed!
repetition: 55757
>passed!
repetition: 55758
>passed!
repetition: 55759
>passed!
repetition: 55760
>passed!
repetition: 55761
>passed!
repetition: 55762
>passed!
repetition: 55763
>passed!
repetition: 55764
>passed!
repetition: 55765
>passed!
repetition: 55766
>passed!
repetition: 55767
>passed!
repetition: 55768
>passed!
repetition: 55769
>passed!
repetition: 55770
>passed!
repetition: 55771
>passed!
repetition: 55772
>passed!
repetition: 55773
>passed!
repetition: 55774
>passed!
repetition: 55775
>passed!
repetition: 55776
>passed!
repetition: 55777
>passed!
repetition: 55778
>passed!
repetition: 55779
>passed!
repetition: 55780
>passed!
repetition: 55781
>passed!
repetition: 55782
>passed!
repetition: 55783
>passed!
repetition: 55784
>passed!
repetition: 55785
>passed!
repetition: 55786
>passed!
repetition: 55787
>passed!
repetition: 55788
>passed!
repetition: 55789
>passed!
repetition: 55790
>passed!
repetition: 55791
>passed!
repetition: 55792
>passed!
repetition: 55793
>passed!
repetition: 55794
>passed!
repetition: 55795
>passed!
repetition: 55796
>passed!
repetition: 55797
>passed!
repetition: 55798
>passed!
repetition: 55799
>passed!
repetition: 55800
>passed!
repetition: 55801
>passed!
repetition: 55802
>passed!
repetition: 55803
>passed!
repetition: 55804
>passed!
repetition: 55805
>passed!
repetition: 55806
>passed!
repetition: 55807
>passed!
repetition: 55808
>passed!
repetition: 55809
>passed!
repetition: 55810
>passed!
repetition: 55811
>passed!
repetition: 55812
>passed!
repetition: 55813
>passed!
repetition: 55814
>passed!
repetition: 55815
>passed!
repetition: 55816
>passed!
repetition: 55817
>passed!
repetition: 55818
>passed!
repetition: 55819
>passed!
repetition: 55820
>passed!
repetition: 55821
>passed!
repetition: 55822
>passed!
repetition: 55823
>passed!
repetition: 55824
>passed!
repetition: 55825
>passed!
repetition: 55826
>passed!
repetition: 55827
>passed!
repetition: 55828
>passed!
repetition: 55829
>passed!
repetition: 55830
>passed!
repetition: 55831
>passed!
repetition: 55832
>passed!
repetition: 55833
>passed!
repetition: 55834
>passed!
repetition: 55835
>passed!
repetition: 55836
>passed!
repetition: 55837
>passed!
repetition: 55838
>passed!
repetition: 55839
>passed!
repetition: 55840
>passed!
repetition: 55841
>passed!
repetition: 55842
>passed!
repetition: 55843
>passed!
repetition: 55844
>passed!
repetition: 55845
>passed!
repetition: 55846
>passed!
repetition: 55847
>passed!
repetition: 55848
>passed!
repetition: 55849
>passed!
repetition: 55850
>passed!
repetition: 55851
>passed!
repetition: 55852
>passed!
repetition: 55853
>passed!
repetition: 55854
>passed!
repetition: 55855
>passed!
repetition: 55856
>passed!
repetition: 55857
>passed!
repetition: 55858
>passed!
repetition: 55859
>passed!
repetition: 55860
>passed!
repetition: 55861
>passed!
repetition: 55862
>passed!
repetition: 55863
>passed!
repetition: 55864
>passed!
repetition: 55865
>passed!
repetition: 55866
>passed!
repetition: 55867
>passed!
repetition: 55868
>passed!
repetition: 55869
>passed!
repetition: 55870
>passed!
repetition: 55871
>passed!
repetition: 55872
>passed!
repetition: 55873
>passed!
repetition: 55874
>passed!
repetition: 55875
>passed!
repetition: 55876
>passed!
repetition: 55877
>passed!
repetition: 55878
>passed!
repetition: 55879
>passed!
repetition: 55880
>passed!
repetition: 55881
>passed!
repetition: 55882
>passed!
repetition: 55883
>passed!
repetition: 55884
>passed!
repetition: 55885
>passed!
repetition: 55886
>passed!
repetition: 55887
>passed!
repetition: 55888
>passed!
repetition: 55889
>passed!
repetition: 55890
>passed!
repetition: 55891
>passed!
repetition: 55892
>passed!
repetition: 55893
>passed!
repetition: 55894
>passed!
repetition: 55895
>passed!
repetition: 55896
>passed!
repetition: 55897
>passed!
repetition: 55898
>passed!
repetition: 55899
>passed!
repetition: 55900
>passed!
repetition: 55901
>passed!
repetition: 55902
>passed!
repetition: 55903
>passed!
repetition: 55904
>passed!
repetition: 55905
>passed!
repetition: 55906
>passed!
repetition: 55907
>passed!
repetition: 55908
>passed!
repetition: 55909
>passed!
repetition: 55910
>passed!
repetition: 55911
>passed!
repetition: 55912
>passed!
repetition: 55913
>passed!
repetition: 55914
>passed!
repetition: 55915
>passed!
repetition: 55916
>passed!
repetition: 55917
>passed!
repetition: 55918
>passed!
repetition: 55919
>passed!
repetition: 55920
>passed!
repetition: 55921
>passed!
repetition: 55922
>passed!
repetition: 55923
>passed!
repetition: 55924
>passed!
repetition: 55925
>passed!
repetition: 55926
>passed!
repetition: 55927
>passed!
repetition: 55928
>passed!
repetition: 55929
>passed!
repetition: 55930
>passed!
repetition: 55931
>passed!
repetition: 55932
>passed!
repetition: 55933
>passed!
repetition: 55934
>passed!
repetition: 55935
>passed!
repetition: 55936
>passed!
repetition: 55937
>passed!
repetition: 55938
>passed!
repetition: 55939
>passed!
repetition: 55940
>passed!
repetition: 55941
>passed!
repetition: 55942
>passed!
repetition: 55943
>passed!
repetition: 55944
>passed!
repetition: 55945
>passed!
repetition: 55946
>passed!
repetition: 55947
>passed!
repetition: 55948
>passed!
repetition: 55949
>passed!
repetition: 55950
>passed!
repetition: 55951
>passed!
repetition: 55952
>passed!
repetition: 55953
>passed!
repetition: 55954
>passed!
repetition: 55955
>passed!
repetition: 55956
>passed!
repetition: 55957
>passed!
repetition: 55958
>passed!
repetition: 55959
>passed!
repetition: 55960
>passed!
repetition: 55961
>passed!
repetition: 55962
>passed!
repetition: 55963
>passed!
repetition: 55964
>passed!
repetition: 55965
>passed!
repetition: 55966
>passed!
repetition: 55967
>passed!
repetition: 55968
>passed!
repetition: 55969
>passed!
repetition: 55970
>passed!
repetition: 55971
>passed!
repetition: 55972
>passed!
repetition: 55973
>passed!
repetition: 55974
>passed!
repetition: 55975
>passed!
repetition: 55976
>passed!
repetition: 55977
>passed!
repetition: 55978
>passed!
repetition: 55979
>passed!
repetition: 55980
>passed!
repetition: 55981
>passed!
repetition: 55982
>passed!
repetition: 55983
>passed!
repetition: 55984
>passed!
repetition: 55985
>passed!
repetition: 55986
>passed!
repetition: 55987
>passed!
repetition: 55988
>passed!
repetition: 55989
>passed!
repetition: 55990
>passed!
repetition: 55991
>passed!
repetition: 55992
>passed!
repetition: 55993
>passed!
repetition: 55994
>passed!
repetition: 55995
>passed!
repetition: 55996
>passed!
repetition: 55997
>passed!
repetition: 55998
>passed!
repetition: 55999
>passed!
repetition: 56000
>passed!
repetition: 56001
>passed!
repetition: 56002
>passed!
repetition: 56003
>passed!
repetition: 56004
>passed!
repetition: 56005
>passed!
repetition: 56006
>passed!
repetition: 56007
>passed!
repetition: 56008
>passed!
repetition: 56009
>passed!
repetition: 56010
>passed!
repetition: 56011
>passed!
repetition: 56012
>passed!
repetition: 56013
>passed!
repetition: 56014
>passed!
repetition: 56015
>passed!
repetition: 56016
>passed!
repetition: 56017
>passed!
repetition: 56018
>passed!
repetition: 56019
>passed!
repetition: 56020
>passed!
repetition: 56021
>passed!
repetition: 56022
>passed!
repetition: 56023
>passed!
repetition: 56024
>passed!
repetition: 56025
>passed!
repetition: 56026
>passed!
repetition: 56027
>passed!
repetition: 56028
>passed!
repetition: 56029
>passed!
repetition: 56030
>passed!
repetition: 56031
>passed!
repetition: 56032
>passed!
repetition: 56033
>passed!
repetition: 56034
>passed!
repetition: 56035
>passed!
repetition: 56036
>passed!
repetition: 56037
>passed!
repetition: 56038
>passed!
repetition: 56039
>passed!
repetition: 56040
>passed!
repetition: 56041
>passed!
repetition: 56042
>passed!
repetition: 56043
>passed!
repetition: 56044
>passed!
repetition: 56045
>passed!
repetition: 56046
>passed!
repetition: 56047
>passed!
repetition: 56048
>passed!
repetition: 56049
>passed!
repetition: 56050
>passed!
repetition: 56051
>passed!
repetition: 56052
>passed!
repetition: 56053
>passed!
repetition: 56054
>passed!
repetition: 56055
>passed!
repetition: 56056
>passed!
repetition: 56057
>passed!
repetition: 56058
>passed!
repetition: 56059
>passed!
repetition: 56060
>passed!
repetition: 56061
>passed!
repetition: 56062
>passed!
repetition: 56063
>passed!
repetition: 56064
>passed!
repetition: 56065
>passed!
repetition: 56066
>passed!
repetition: 56067
>passed!
repetition: 56068
>passed!
repetition: 56069
>passed!
repetition: 56070
>passed!
repetition: 56071
>passed!
repetition: 56072
>passed!
repetition: 56073
>passed!
repetition: 56074
>passed!
repetition: 56075
>passed!
repetition: 56076
>passed!
repetition: 56077
>passed!
repetition: 56078
>passed!
repetition: 56079
>passed!
repetition: 56080
>passed!
repetition: 56081
>passed!
repetition: 56082
>passed!
repetition: 56083
>passed!
repetition: 56084
>passed!
repetition: 56085
>passed!
repetition: 56086
>passed!
repetition: 56087
>passed!
repetition: 56088
>passed!
repetition: 56089
>passed!
repetition: 56090
>passed!
repetition: 56091
>passed!
repetition: 56092
>passed!
repetition: 56093
>passed!
repetition: 56094
>passed!
repetition: 56095
>passed!
repetition: 56096
>passed!
repetition: 56097
>passed!
repetition: 56098
>passed!
repetition: 56099
>passed!
repetition: 56100
>passed!
repetition: 56101
>passed!
repetition: 56102
>passed!
repetition: 56103
>passed!
repetition: 56104
>passed!
repetition: 56105
>passed!
repetition: 56106
>passed!
repetition: 56107
>passed!
repetition: 56108
>passed!
repetition: 56109
>passed!
repetition: 56110
>passed!
repetition: 56111
>passed!
repetition: 56112
>passed!
repetition: 56113
>passed!
repetition: 56114
>passed!
repetition: 56115
>passed!
repetition: 56116
>passed!
repetition: 56117
>passed!
repetition: 56118
>passed!
repetition: 56119
>passed!
repetition: 56120
>passed!
repetition: 56121
>passed!
repetition: 56122
>passed!
repetition: 56123
>passed!
repetition: 56124
>passed!
repetition: 56125
>passed!
repetition: 56126
>passed!
repetition: 56127
>passed!
repetition: 56128
>passed!
repetition: 56129
>passed!
repetition: 56130
>passed!
repetition: 56131
>passed!
repetition: 56132
>passed!
repetition: 56133
>passed!
repetition: 56134
>passed!
repetition: 56135
>passed!
repetition: 56136
>passed!
repetition: 56137
>passed!
repetition: 56138
>passed!
repetition: 56139
>passed!
repetition: 56140
>passed!
repetition: 56141
>passed!
repetition: 56142
>passed!
repetition: 56143
>passed!
repetition: 56144
>passed!
repetition: 56145
>passed!
repetition: 56146
>passed!
repetition: 56147
>passed!
repetition: 56148
>passed!
repetition: 56149
>passed!
repetition: 56150
>passed!
repetition: 56151
>passed!
repetition: 56152
>passed!
repetition: 56153
>passed!
repetition: 56154
>passed!
repetition: 56155
>passed!
repetition: 56156
>passed!
repetition: 56157
>passed!
repetition: 56158
>passed!
repetition: 56159
>passed!
repetition: 56160
>passed!
repetition: 56161
>passed!
repetition: 56162
>passed!
repetition: 56163
>passed!
repetition: 56164
>passed!
repetition: 56165
>passed!
repetition: 56166
>passed!
repetition: 56167
>passed!
repetition: 56168
>passed!
repetition: 56169
>passed!
repetition: 56170
>passed!
repetition: 56171
>passed!
repetition: 56172
>passed!
repetition: 56173
>passed!
repetition: 56174
>passed!
repetition: 56175
>passed!
repetition: 56176
>passed!
repetition: 56177
>passed!
repetition: 56178
>passed!
repetition: 56179
>passed!
repetition: 56180
>passed!
repetition: 56181
>passed!
repetition: 56182
>passed!
repetition: 56183
>passed!
repetition: 56184
>passed!
repetition: 56185
>passed!
repetition: 56186
>passed!
repetition: 56187
>passed!
repetition: 56188
>passed!
repetition: 56189
>passed!
repetition: 56190
>passed!
repetition: 56191
>passed!
repetition: 56192
>passed!
repetition: 56193
>passed!
repetition: 56194
>passed!
repetition: 56195
>passed!
repetition: 56196
>passed!
repetition: 56197
>passed!
repetition: 56198
>passed!
repetition: 56199
>passed!
repetition: 56200
>passed!
repetition: 56201
>passed!
repetition: 56202
>passed!
repetition: 56203
>passed!
repetition: 56204
>passed!
repetition: 56205
>passed!
repetition: 56206
>passed!
repetition: 56207
>passed!
repetition: 56208
>passed!
repetition: 56209
>passed!
repetition: 56210
>passed!
repetition: 56211
>passed!
repetition: 56212
>passed!
repetition: 56213
>passed!
repetition: 56214
>passed!
repetition: 56215
>passed!
repetition: 56216
>passed!
repetition: 56217
>passed!
repetition: 56218
>passed!
repetition: 56219
>passed!
repetition: 56220
>passed!
repetition: 56221
>passed!
repetition: 56222
>passed!
repetition: 56223
>passed!
repetition: 56224
>passed!
repetition: 56225
>passed!
repetition: 56226
>passed!
repetition: 56227
>passed!
repetition: 56228
>passed!
repetition: 56229
>passed!
repetition: 56230
>passed!
repetition: 56231
>passed!
repetition: 56232
>passed!
repetition: 56233
>passed!
repetition: 56234
>passed!
repetition: 56235
>passed!
repetition: 56236
>passed!
repetition: 56237
>passed!
repetition: 56238
>passed!
repetition: 56239
>passed!
repetition: 56240
>passed!
repetition: 56241
>passed!
repetition: 56242
>passed!
repetition: 56243
>passed!
repetition: 56244
>passed!
repetition: 56245
>passed!
repetition: 56246
>passed!
repetition: 56247
>passed!
repetition: 56248
>passed!
repetition: 56249
>passed!
repetition: 56250
>passed!
repetition: 56251
>passed!
repetition: 56252
>passed!
repetition: 56253
>passed!
repetition: 56254
>passed!
repetition: 56255
>passed!
repetition: 56256
>passed!
repetition: 56257
>passed!
repetition: 56258
>passed!
repetition: 56259
>passed!
repetition: 56260
>passed!
repetition: 56261
>passed!
repetition: 56262
>passed!
repetition: 56263
>passed!
repetition: 56264
>passed!
repetition: 56265
>passed!
repetition: 56266
>passed!
repetition: 56267
>passed!
repetition: 56268
>passed!
repetition: 56269
>passed!
repetition: 56270
>passed!
repetition: 56271
>passed!
repetition: 56272
>passed!
repetition: 56273
>passed!
repetition: 56274
>passed!
repetition: 56275
>passed!
repetition: 56276
>passed!
repetition: 56277
>passed!
repetition: 56278
>passed!
repetition: 56279
>passed!
repetition: 56280
>passed!
repetition: 56281
>passed!
repetition: 56282
>passed!
repetition: 56283
>passed!
repetition: 56284
>passed!
repetition: 56285
>passed!
repetition: 56286
>passed!
repetition: 56287
>passed!
repetition: 56288
>passed!
repetition: 56289
>passed!
repetition: 56290
>passed!
repetition: 56291
>passed!
repetition: 56292
>passed!
repetition: 56293
>passed!
repetition: 56294
>passed!
repetition: 56295
>passed!
repetition: 56296
>passed!
repetition: 56297
>passed!
repetition: 56298
>passed!
repetition: 56299
>passed!
repetition: 56300
>passed!
repetition: 56301
>passed!
repetition: 56302
>passed!
repetition: 56303
>passed!
repetition: 56304
>passed!
repetition: 56305
>passed!
repetition: 56306
>passed!
repetition: 56307
>passed!
repetition: 56308
>passed!
repetition: 56309
>passed!
repetition: 56310
>passed!
repetition: 56311
>passed!
repetition: 56312
>passed!
repetition: 56313
>passed!
repetition: 56314
>passed!
repetition: 56315
>passed!
repetition: 56316
>passed!
repetition: 56317
>passed!
repetition: 56318
>passed!
repetition: 56319
>passed!
repetition: 56320
>passed!
repetition: 56321
>passed!
repetition: 56322
>passed!
repetition: 56323
>passed!
repetition: 56324
>passed!
repetition: 56325
>passed!
repetition: 56326
>passed!
repetition: 56327
>passed!
repetition: 56328
>passed!
repetition: 56329
>passed!
repetition: 56330
>passed!
repetition: 56331
>passed!
repetition: 56332
>passed!
repetition: 56333
>passed!
repetition: 56334
>passed!
repetition: 56335
>passed!
repetition: 56336
>passed!
repetition: 56337
>passed!
repetition: 56338
>passed!
repetition: 56339
>passed!
repetition: 56340
>passed!
repetition: 56341
>passed!
repetition: 56342
>passed!
repetition: 56343
>passed!
repetition: 56344
>passed!
repetition: 56345
>passed!
repetition: 56346
>passed!
repetition: 56347
>passed!
repetition: 56348
>passed!
repetition: 56349
>passed!
repetition: 56350
>passed!
repetition: 56351
>passed!
repetition: 56352
>passed!
repetition: 56353
>passed!
repetition: 56354
>passed!
repetition: 56355
>passed!
repetition: 56356
>passed!
repetition: 56357
>passed!
repetition: 56358
>passed!
repetition: 56359
>passed!
repetition: 56360
>passed!
repetition: 56361
>passed!
repetition: 56362
>passed!
repetition: 56363
>passed!
repetition: 56364
>passed!
repetition: 56365
>passed!
repetition: 56366
>passed!
repetition: 56367
>passed!
repetition: 56368
>passed!
repetition: 56369
>passed!
repetition: 56370
>passed!
repetition: 56371
>passed!
repetition: 56372
>passed!
repetition: 56373
>passed!
repetition: 56374
>passed!
repetition: 56375
>passed!
repetition: 56376
>passed!
repetition: 56377
>passed!
repetition: 56378
>passed!
repetition: 56379
>passed!
repetition: 56380
>passed!
repetition: 56381
>passed!
repetition: 56382
>passed!
repetition: 56383
>passed!
repetition: 56384
>passed!
repetition: 56385
>passed!
repetition: 56386
>passed!
repetition: 56387
>passed!
repetition: 56388
>passed!
repetition: 56389
>passed!
repetition: 56390
>passed!
repetition: 56391
>passed!
repetition: 56392
>passed!
repetition: 56393
>passed!
repetition: 56394
>passed!
repetition: 56395
>passed!
repetition: 56396
>passed!
repetition: 56397
>passed!
repetition: 56398
>passed!
repetition: 56399
>passed!
repetition: 56400
>passed!
repetition: 56401
>passed!
repetition: 56402
>passed!
repetition: 56403
>passed!
repetition: 56404
>passed!
repetition: 56405
>passed!
repetition: 56406
>passed!
repetition: 56407
>passed!
repetition: 56408
>passed!
repetition: 56409
>passed!
repetition: 56410
>passed!
repetition: 56411
>passed!
repetition: 56412
>passed!
repetition: 56413
>passed!
repetition: 56414
>passed!
repetition: 56415
>passed!
repetition: 56416
>passed!
repetition: 56417
>passed!
repetition: 56418
>passed!
repetition: 56419
>passed!
repetition: 56420
>passed!
repetition: 56421
>passed!
repetition: 56422
>passed!
repetition: 56423
>passed!
repetition: 56424
>passed!
repetition: 56425
>passed!
repetition: 56426
>passed!
repetition: 56427
>passed!
repetition: 56428
>passed!
repetition: 56429
>passed!
repetition: 56430
>passed!
repetition: 56431
>passed!
repetition: 56432
>passed!
repetition: 56433
>passed!
repetition: 56434
>passed!
repetition: 56435
>passed!
repetition: 56436
>passed!
repetition: 56437
>passed!
repetition: 56438
>passed!
repetition: 56439
>passed!
repetition: 56440
>passed!
repetition: 56441
>passed!
repetition: 56442
>passed!
repetition: 56443
>passed!
repetition: 56444
>passed!
repetition: 56445
>passed!
repetition: 56446
>passed!
repetition: 56447
>passed!
repetition: 56448
>passed!
repetition: 56449
>passed!
repetition: 56450
>passed!
repetition: 56451
>passed!
repetition: 56452
>passed!
repetition: 56453
>passed!
repetition: 56454
>passed!
repetition: 56455
>passed!
repetition: 56456
>passed!
repetition: 56457
>passed!
repetition: 56458
>passed!
repetition: 56459
>passed!
repetition: 56460
>passed!
repetition: 56461
>passed!
repetition: 56462
>passed!
repetition: 56463
>passed!
repetition: 56464
>passed!
repetition: 56465
>passed!
repetition: 56466
>passed!
repetition: 56467
>passed!
repetition: 56468
>passed!
repetition: 56469
>passed!
repetition: 56470
>passed!
repetition: 56471
>passed!
repetition: 56472
>passed!
repetition: 56473
>passed!
repetition: 56474
>passed!
repetition: 56475
>passed!
repetition: 56476
>passed!
repetition: 56477
>passed!
repetition: 56478
>passed!
repetition: 56479
>passed!
repetition: 56480
>passed!
repetition: 56481
>passed!
repetition: 56482
>passed!
repetition: 56483
>passed!
repetition: 56484
>passed!
repetition: 56485
>passed!
repetition: 56486
>passed!
repetition: 56487
>passed!
repetition: 56488
>passed!
repetition: 56489
>passed!
repetition: 56490
>passed!
repetition: 56491
>passed!
repetition: 56492
>passed!
repetition: 56493
>passed!
repetition: 56494
>passed!
repetition: 56495
>passed!
repetition: 56496
>passed!
repetition: 56497
>passed!
repetition: 56498
>passed!
repetition: 56499
>passed!
repetition: 56500
>passed!
repetition: 56501
>passed!
repetition: 56502
>passed!
repetition: 56503
>passed!
repetition: 56504
>passed!
repetition: 56505
>passed!
repetition: 56506
>passed!
repetition: 56507
>passed!
repetition: 56508
>passed!
repetition: 56509
>passed!
repetition: 56510
>passed!
repetition: 56511
>passed!
repetition: 56512
>passed!
repetition: 56513
>passed!
repetition: 56514
>passed!
repetition: 56515
>passed!
repetition: 56516
>passed!
repetition: 56517
>passed!
repetition: 56518
>passed!
repetition: 56519
>passed!
repetition: 56520
>passed!
repetition: 56521
>passed!
repetition: 56522
>passed!
repetition: 56523
>passed!
repetition: 56524
>passed!
repetition: 56525
>passed!
repetition: 56526
>passed!
repetition: 56527
>passed!
repetition: 56528
>passed!
repetition: 56529
>passed!
repetition: 56530
>passed!
repetition: 56531
>passed!
repetition: 56532
>passed!
repetition: 56533
>passed!
repetition: 56534
>passed!
repetition: 56535
>passed!
repetition: 56536
>passed!
repetition: 56537
>passed!
repetition: 56538
>passed!
repetition: 56539
>passed!
repetition: 56540
>passed!
repetition: 56541
>passed!
repetition: 56542
>passed!
repetition: 56543
>passed!
repetition: 56544
>passed!
repetition: 56545
>passed!
repetition: 56546
>passed!
repetition: 56547
>passed!
repetition: 56548
>passed!
repetition: 56549
>passed!
repetition: 56550
>passed!
repetition: 56551
>passed!
repetition: 56552
>passed!
repetition: 56553
>passed!
repetition: 56554
>passed!
repetition: 56555
>passed!
repetition: 56556
>passed!
repetition: 56557
>passed!
repetition: 56558
>passed!
repetition: 56559
>passed!
repetition: 56560
>passed!
repetition: 56561
>passed!
repetition: 56562
>passed!
repetition: 56563
>passed!
repetition: 56564
>passed!
repetition: 56565
>passed!
repetition: 56566
>passed!
repetition: 56567
>passed!
repetition: 56568
>passed!
repetition: 56569
>passed!
repetition: 56570
>passed!
repetition: 56571
>passed!
repetition: 56572
>passed!
repetition: 56573
>passed!
repetition: 56574
>passed!
repetition: 56575
>passed!
repetition: 56576
>passed!
repetition: 56577
>passed!
repetition: 56578
>passed!
repetition: 56579
>passed!
repetition: 56580
>passed!
repetition: 56581
>passed!
repetition: 56582
>passed!
repetition: 56583
>passed!
repetition: 56584
>passed!
repetition: 56585
>passed!
repetition: 56586
>passed!
repetition: 56587
>passed!
repetition: 56588
>passed!
repetition: 56589
>passed!
repetition: 56590
>passed!
repetition: 56591
>passed!
repetition: 56592
>passed!
repetition: 56593
>passed!
repetition: 56594
>passed!
repetition: 56595
>passed!
repetition: 56596
>passed!
repetition: 56597
>passed!
repetition: 56598
>passed!
repetition: 56599
>passed!
repetition: 56600
>passed!
repetition: 56601
>passed!
repetition: 56602
>passed!
repetition: 56603
>passed!
repetition: 56604
>passed!
repetition: 56605
>passed!
repetition: 56606
>passed!
repetition: 56607
>passed!
repetition: 56608
>passed!
repetition: 56609
>passed!
repetition: 56610
>passed!
repetition: 56611
>passed!
repetition: 56612
>passed!
repetition: 56613
>passed!
repetition: 56614
>passed!
repetition: 56615
>passed!
repetition: 56616
>passed!
repetition: 56617
>passed!
repetition: 56618
>passed!
repetition: 56619
>passed!
repetition: 56620
>passed!
repetition: 56621
>passed!
repetition: 56622
>passed!
repetition: 56623
>passed!
repetition: 56624
>passed!
repetition: 56625
>passed!
repetition: 56626
>passed!
repetition: 56627
>passed!
repetition: 56628
>passed!
repetition: 56629
>passed!
repetition: 56630
>passed!
repetition: 56631
>passed!
repetition: 56632
>passed!
repetition: 56633
>passed!
repetition: 56634
>passed!
repetition: 56635
>passed!
repetition: 56636
>passed!
repetition: 56637
>passed!
repetition: 56638
>passed!
repetition: 56639
>passed!
repetition: 56640
>passed!
repetition: 56641
>passed!
repetition: 56642
>passed!
repetition: 56643
>passed!
repetition: 56644
>passed!
repetition: 56645
>passed!
repetition: 56646
>passed!
repetition: 56647
>passed!
repetition: 56648
>passed!
repetition: 56649
>passed!
repetition: 56650
>passed!
repetition: 56651
>passed!
repetition: 56652
>passed!
repetition: 56653
>passed!
repetition: 56654
>passed!
repetition: 56655
>passed!
repetition: 56656
>passed!
repetition: 56657
>passed!
repetition: 56658
>passed!
repetition: 56659
>passed!
repetition: 56660
>passed!
repetition: 56661
>passed!
repetition: 56662
>passed!
repetition: 56663
>passed!
repetition: 56664
>passed!
repetition: 56665
>passed!
repetition: 56666
>passed!
repetition: 56667
>passed!
repetition: 56668
>passed!
repetition: 56669
>passed!
repetition: 56670
>passed!
repetition: 56671
>passed!
repetition: 56672
>passed!
repetition: 56673
>passed!
repetition: 56674
>passed!
repetition: 56675
>passed!
repetition: 56676
>passed!
repetition: 56677
>passed!
repetition: 56678
>passed!
repetition: 56679
>passed!
repetition: 56680
>passed!
repetition: 56681
>passed!
repetition: 56682
>passed!
repetition: 56683
>passed!
repetition: 56684
>passed!
repetition: 56685
>passed!
repetition: 56686
>passed!
repetition: 56687
>passed!
repetition: 56688
>passed!
repetition: 56689
>passed!
repetition: 56690
>passed!
repetition: 56691
>passed!
repetition: 56692
>passed!
repetition: 56693
>passed!
repetition: 56694
>passed!
repetition: 56695
>passed!
repetition: 56696
>passed!
repetition: 56697
>passed!
repetition: 56698
>passed!
repetition: 56699
>passed!
repetition: 56700
>passed!
repetition: 56701
>passed!
repetition: 56702
>passed!
repetition: 56703
>passed!
repetition: 56704
>passed!
repetition: 56705
>passed!
repetition: 56706
>passed!
repetition: 56707
>passed!
repetition: 56708
>passed!
repetition: 56709
>passed!
repetition: 56710
>passed!
repetition: 56711
>passed!
repetition: 56712
>passed!
repetition: 56713
>passed!
repetition: 56714
>passed!
repetition: 56715
>passed!
repetition: 56716
>passed!
repetition: 56717
>passed!
repetition: 56718
>passed!
repetition: 56719
>passed!
repetition: 56720
>passed!
repetition: 56721
>passed!
repetition: 56722
>passed!
repetition: 56723
>passed!
repetition: 56724
>passed!
repetition: 56725
>passed!
repetition: 56726
>passed!
repetition: 56727
>passed!
repetition: 56728
>passed!
repetition: 56729
>passed!
repetition: 56730
>passed!
repetition: 56731
>passed!
repetition: 56732
>passed!
repetition: 56733
>passed!
repetition: 56734
>passed!
repetition: 56735
>passed!
repetition: 56736
>passed!
repetition: 56737
>passed!
repetition: 56738
>passed!
repetition: 56739
>passed!
repetition: 56740
>passed!
repetition: 56741
>passed!
repetition: 56742
>passed!
repetition: 56743
>passed!
repetition: 56744
>passed!
repetition: 56745
>passed!
repetition: 56746
>passed!
repetition: 56747
>passed!
repetition: 56748
>passed!
repetition: 56749
>passed!
repetition: 56750
>passed!
repetition: 56751
>passed!
repetition: 56752
>passed!
repetition: 56753
>passed!
repetition: 56754
>passed!
repetition: 56755
>passed!
repetition: 56756
>passed!
repetition: 56757
>passed!
repetition: 56758
>passed!
repetition: 56759
>passed!
repetition: 56760
>passed!
repetition: 56761
>passed!
repetition: 56762
>passed!
repetition: 56763
>passed!
repetition: 56764
>passed!
repetition: 56765
>passed!
repetition: 56766
>passed!
repetition: 56767
>passed!
repetition: 56768
>passed!
repetition: 56769
>passed!
repetition: 56770
>passed!
repetition: 56771
>passed!
repetition: 56772
>passed!
repetition: 56773
>passed!
repetition: 56774
>passed!
repetition: 56775
>passed!
repetition: 56776
>passed!
repetition: 56777
>passed!
repetition: 56778
>passed!
repetition: 56779
>passed!
repetition: 56780
>passed!
repetition: 56781
>passed!
repetition: 56782
>passed!
repetition: 56783
>passed!
repetition: 56784
>passed!
repetition: 56785
>passed!
repetition: 56786
>passed!
repetition: 56787
>passed!
repetition: 56788
>passed!
repetition: 56789
>passed!
repetition: 56790
>passed!
repetition: 56791
>passed!
repetition: 56792
>passed!
repetition: 56793
>passed!
repetition: 56794
>passed!
repetition: 56795
>passed!
repetition: 56796
>passed!
repetition: 56797
>passed!
repetition: 56798
>passed!
repetition: 56799
>passed!
repetition: 56800
>passed!
repetition: 56801
>passed!
repetition: 56802
>passed!
repetition: 56803
>passed!
repetition: 56804
>passed!
repetition: 56805
>passed!
repetition: 56806
>passed!
repetition: 56807
>passed!
repetition: 56808
>passed!
repetition: 56809
>passed!
repetition: 56810
>passed!
repetition: 56811
>passed!
repetition: 56812
>passed!
repetition: 56813
>passed!
repetition: 56814
>passed!
repetition: 56815
>passed!
repetition: 56816
>passed!
repetition: 56817
>passed!
repetition: 56818
>passed!
repetition: 56819
>passed!
repetition: 56820
>passed!
repetition: 56821
>passed!
repetition: 56822
>passed!
repetition: 56823
>passed!
repetition: 56824
>passed!
repetition: 56825
>passed!
repetition: 56826
>passed!
repetition: 56827
>passed!
repetition: 56828
>passed!
repetition: 56829
>passed!
repetition: 56830
>passed!
repetition: 56831
>passed!
repetition: 56832
>passed!
repetition: 56833
>passed!
repetition: 56834
>passed!
repetition: 56835
>passed!
repetition: 56836
>passed!
repetition: 56837
>passed!
repetition: 56838
>passed!
repetition: 56839
>passed!
repetition: 56840
>passed!
repetition: 56841
>passed!
repetition: 56842
>passed!
repetition: 56843
>passed!
repetition: 56844
>passed!
repetition: 56845
>passed!
repetition: 56846
>passed!
repetition: 56847
>passed!
repetition: 56848
>passed!
repetition: 56849
>passed!
repetition: 56850
>passed!
repetition: 56851
>passed!
repetition: 56852
>passed!
repetition: 56853
>passed!
repetition: 56854
>passed!
repetition: 56855
>passed!
repetition: 56856
>passed!
repetition: 56857
>passed!
repetition: 56858
>passed!
repetition: 56859
>passed!
repetition: 56860
>passed!
repetition: 56861
>passed!
repetition: 56862
>passed!
repetition: 56863
>passed!
repetition: 56864
>passed!
repetition: 56865
>passed!
repetition: 56866
>passed!
repetition: 56867
>passed!
repetition: 56868
>passed!
repetition: 56869
>passed!
repetition: 56870
>passed!
repetition: 56871
>passed!
repetition: 56872
>passed!
repetition: 56873
>passed!
repetition: 56874
>passed!
repetition: 56875
>passed!
repetition: 56876
>passed!
repetition: 56877
>passed!
repetition: 56878
>passed!
repetition: 56879
>passed!
repetition: 56880
>passed!
repetition: 56881
>passed!
repetition: 56882
>passed!
repetition: 56883
>passed!
repetition: 56884
>passed!
repetition: 56885
>passed!
repetition: 56886
>passed!
repetition: 56887
>passed!
repetition: 56888
>passed!
repetition: 56889
>passed!
repetition: 56890
>passed!
repetition: 56891
>passed!
repetition: 56892
>passed!
repetition: 56893
>passed!
repetition: 56894
>passed!
repetition: 56895
>passed!
repetition: 56896
>passed!
repetition: 56897
>passed!
repetition: 56898
>passed!
repetition: 56899
>passed!
repetition: 56900
>passed!
repetition: 56901
>passed!
repetition: 56902
>passed!
repetition: 56903
>passed!
repetition: 56904
>passed!
repetition: 56905
>passed!
repetition: 56906
>passed!
repetition: 56907
>passed!
repetition: 56908
>passed!
repetition: 56909
>passed!
repetition: 56910
>passed!
repetition: 56911
>passed!
repetition: 56912
>passed!
repetition: 56913
>passed!
repetition: 56914
>passed!
repetition: 56915
>passed!
repetition: 56916
>passed!
repetition: 56917
>passed!
repetition: 56918
>passed!
repetition: 56919
>passed!
repetition: 56920
>passed!
repetition: 56921
>passed!
repetition: 56922
>passed!
repetition: 56923
>passed!
repetition: 56924
>passed!
repetition: 56925
>passed!
repetition: 56926
>passed!
repetition: 56927
>passed!
repetition: 56928
>passed!
repetition: 56929
>passed!
repetition: 56930
>passed!
repetition: 56931
>passed!
repetition: 56932
>passed!
repetition: 56933
>passed!
repetition: 56934
>passed!
repetition: 56935
>passed!
repetition: 56936
>passed!
repetition: 56937
>passed!
repetition: 56938
>passed!
repetition: 56939
>passed!
repetition: 56940
>passed!
repetition: 56941
>passed!
repetition: 56942
>passed!
repetition: 56943
>passed!
repetition: 56944
>passed!
repetition: 56945
>passed!
repetition: 56946
>passed!
repetition: 56947
>passed!
repetition: 56948
>passed!
repetition: 56949
>passed!
repetition: 56950
>passed!
repetition: 56951
>passed!
repetition: 56952
>passed!
repetition: 56953
>passed!
repetition: 56954
>passed!
repetition: 56955
>passed!
repetition: 56956
>passed!
repetition: 56957
>passed!
repetition: 56958
>passed!
repetition: 56959
>passed!
repetition: 56960
>passed!
repetition: 56961
>passed!
repetition: 56962
>passed!
repetition: 56963
>passed!
repetition: 56964
>passed!
repetition: 56965
>passed!
repetition: 56966
>passed!
repetition: 56967
>passed!
repetition: 56968
>passed!
repetition: 56969
>passed!
repetition: 56970
>passed!
repetition: 56971
>passed!
repetition: 56972
>passed!
repetition: 56973
>passed!
repetition: 56974
>passed!
repetition: 56975
>passed!
repetition: 56976
>passed!
repetition: 56977
>passed!
repetition: 56978
>passed!
repetition: 56979
>passed!
repetition: 56980
>passed!
repetition: 56981
>passed!
repetition: 56982
>passed!
repetition: 56983
>passed!
repetition: 56984
>passed!
repetition: 56985
>passed!
repetition: 56986
>passed!
repetition: 56987
>passed!
repetition: 56988
>passed!
repetition: 56989
>passed!
repetition: 56990
>passed!
repetition: 56991
>passed!
repetition: 56992
>passed!
repetition: 56993
>passed!
repetition: 56994
>passed!
repetition: 56995
>passed!
repetition: 56996
>passed!
repetition: 56997
>passed!
repetition: 56998
>passed!
repetition: 56999
>passed!
repetition: 57000
>passed!
repetition: 57001
>passed!
repetition: 57002
>passed!
repetition: 57003
>passed!
repetition: 57004
>passed!
repetition: 57005
>passed!
repetition: 57006
>passed!
repetition: 57007
>passed!
repetition: 57008
>passed!
repetition: 57009
>passed!
repetition: 57010
>passed!
repetition: 57011
>passed!
repetition: 57012
>passed!
repetition: 57013
>passed!
repetition: 57014
>passed!
repetition: 57015
>passed!
repetition: 57016
>passed!
repetition: 57017
>passed!
repetition: 57018
>passed!
repetition: 57019
>passed!
repetition: 57020
>passed!
repetition: 57021
>passed!
repetition: 57022
>passed!
repetition: 57023
>passed!
repetition: 57024
>passed!
repetition: 57025
>passed!
repetition: 57026
>passed!
repetition: 57027
>passed!
repetition: 57028
>passed!
repetition: 57029
>passed!
repetition: 57030
>passed!
repetition: 57031
>passed!
repetition: 57032
>passed!
repetition: 57033
>passed!
repetition: 57034
>passed!
repetition: 57035
>passed!
repetition: 57036
>passed!
repetition: 57037
>passed!
repetition: 57038
>passed!
repetition: 57039
>passed!
repetition: 57040
>passed!
repetition: 57041
>passed!
repetition: 57042
>passed!
repetition: 57043
>passed!
repetition: 57044
>passed!
repetition: 57045
>passed!
repetition: 57046
>passed!
repetition: 57047
>passed!
repetition: 57048
>passed!
repetition: 57049
>passed!
repetition: 57050
>passed!
repetition: 57051
>passed!
repetition: 57052
>passed!
repetition: 57053
>passed!
repetition: 57054
>passed!
repetition: 57055
>passed!
repetition: 57056
>passed!
repetition: 57057
>passed!
repetition: 57058
>passed!
repetition: 57059
>passed!
repetition: 57060
>passed!
repetition: 57061
>passed!
repetition: 57062
>passed!
repetition: 57063
>passed!
repetition: 57064
>passed!
repetition: 57065
>passed!
repetition: 57066
>passed!
repetition: 57067
>passed!
repetition: 57068
>passed!
repetition: 57069
>passed!
repetition: 57070
>passed!
repetition: 57071
>passed!
repetition: 57072
>passed!
repetition: 57073
>passed!
repetition: 57074
>passed!
repetition: 57075
>passed!
repetition: 57076
>passed!
repetition: 57077
>passed!
repetition: 57078
>passed!
repetition: 57079
>passed!
repetition: 57080
>passed!
repetition: 57081
>passed!
repetition: 57082
>passed!
repetition: 57083
>passed!
repetition: 57084
>passed!
repetition: 57085
>passed!
repetition: 57086
>passed!
repetition: 57087
>passed!
repetition: 57088
>passed!
repetition: 57089
>passed!
repetition: 57090
>passed!
repetition: 57091
>passed!
repetition: 57092
>passed!
repetition: 57093
>passed!
repetition: 57094
>passed!
repetition: 57095
>passed!
repetition: 57096
>passed!
repetition: 57097
>passed!
repetition: 57098
>passed!
repetition: 57099
>passed!
repetition: 57100
>passed!
repetition: 57101
>passed!
repetition: 57102
>passed!
repetition: 57103
>passed!
repetition: 57104
>passed!
repetition: 57105
>passed!
repetition: 57106
>passed!
repetition: 57107
>passed!
repetition: 57108
>passed!
repetition: 57109
>passed!
repetition: 57110
>passed!
repetition: 57111
>passed!
repetition: 57112
>passed!
repetition: 57113
>passed!
repetition: 57114
>passed!
repetition: 57115
>passed!
repetition: 57116
>passed!
repetition: 57117
>passed!
repetition: 57118
>passed!
repetition: 57119
>passed!
repetition: 57120
>passed!
repetition: 57121
>passed!
repetition: 57122
>passed!
repetition: 57123
>passed!
repetition: 57124
>passed!
repetition: 57125
>passed!
repetition: 57126
>passed!
repetition: 57127
>passed!
repetition: 57128
>passed!
repetition: 57129
>passed!
repetition: 57130
>passed!
repetition: 57131
>passed!
repetition: 57132
>passed!
repetition: 57133
>passed!
repetition: 57134
>passed!
repetition: 57135
>passed!
repetition: 57136
>passed!
repetition: 57137
>passed!
repetition: 57138
>passed!
repetition: 57139
>passed!
repetition: 57140
>passed!
repetition: 57141
>passed!
repetition: 57142
>passed!
repetition: 57143
>passed!
repetition: 57144
>passed!
repetition: 57145
>passed!
repetition: 57146
>passed!
repetition: 57147
>passed!
repetition: 57148
>passed!
repetition: 57149
>passed!
repetition: 57150
>passed!
repetition: 57151
>passed!
repetition: 57152
>passed!
repetition: 57153
>passed!
repetition: 57154
>passed!
repetition: 57155
>passed!
repetition: 57156
>passed!
repetition: 57157
>passed!
repetition: 57158
>passed!
repetition: 57159
>passed!
repetition: 57160
>passed!
repetition: 57161
>passed!
repetition: 57162
>passed!
repetition: 57163
>passed!
repetition: 57164
>passed!
repetition: 57165
>passed!
repetition: 57166
>passed!
repetition: 57167
>passed!
repetition: 57168
>passed!
repetition: 57169
>passed!
repetition: 57170
>passed!
repetition: 57171
>passed!
repetition: 57172
>passed!
repetition: 57173
>passed!
repetition: 57174
>passed!
repetition: 57175
>passed!
repetition: 57176
>passed!
repetition: 57177
>passed!
repetition: 57178
>passed!
repetition: 57179
>passed!
repetition: 57180
>passed!
repetition: 57181
>passed!
repetition: 57182
>passed!
repetition: 57183
>passed!
repetition: 57184
>passed!
repetition: 57185
>passed!
repetition: 57186
>passed!
repetition: 57187
>passed!
repetition: 57188
>passed!
repetition: 57189
>passed!
repetition: 57190
>passed!
repetition: 57191
>passed!
repetition: 57192
>passed!
repetition: 57193
>passed!
repetition: 57194
>passed!
repetition: 57195
>passed!
repetition: 57196
>passed!
repetition: 57197
>passed!
repetition: 57198
>passed!
repetition: 57199
>passed!
repetition: 57200
>passed!
repetition: 57201
>passed!
repetition: 57202
>passed!
repetition: 57203
>passed!
repetition: 57204
>passed!
repetition: 57205
>passed!
repetition: 57206
>passed!
repetition: 57207
>passed!
repetition: 57208
>passed!
repetition: 57209
>passed!
repetition: 57210
>passed!
repetition: 57211
>passed!
repetition: 57212
>passed!
repetition: 57213
>passed!
repetition: 57214
>passed!
repetition: 57215
>passed!
repetition: 57216
>passed!
repetition: 57217
>passed!
repetition: 57218
>passed!
repetition: 57219
>passed!
repetition: 57220
>passed!
repetition: 57221
>passed!
repetition: 57222
>passed!
repetition: 57223
>passed!
repetition: 57224
>passed!
repetition: 57225
>passed!
repetition: 57226
>passed!
repetition: 57227
>passed!
repetition: 57228
>passed!
repetition: 57229
>passed!
repetition: 57230
>passed!
repetition: 57231
>passed!
repetition: 57232
>passed!
repetition: 57233
>passed!
repetition: 57234
>passed!
repetition: 57235
>passed!
repetition: 57236
>passed!
repetition: 57237
>passed!
repetition: 57238
>passed!
repetition: 57239
>passed!
repetition: 57240
>passed!
repetition: 57241
>passed!
repetition: 57242
>passed!
repetition: 57243
>passed!
repetition: 57244
>passed!
repetition: 57245
>passed!
repetition: 57246
>passed!
repetition: 57247
>passed!
repetition: 57248
>passed!
repetition: 57249
>passed!
repetition: 57250
>passed!
repetition: 57251
>passed!
repetition: 57252
>passed!
repetition: 57253
>passed!
repetition: 57254
>passed!
repetition: 57255
>passed!
repetition: 57256
>passed!
repetition: 57257
>passed!
repetition: 57258
>passed!
repetition: 57259
>passed!
repetition: 57260
>passed!
repetition: 57261
>passed!
repetition: 57262
>passed!
repetition: 57263
>passed!
repetition: 57264
>passed!
repetition: 57265
>passed!
repetition: 57266
>passed!
repetition: 57267
>passed!
repetition: 57268
>passed!
repetition: 57269
>passed!
repetition: 57270
>passed!
repetition: 57271
>passed!
repetition: 57272
>passed!
repetition: 57273
>passed!
repetition: 57274
>passed!
repetition: 57275
>passed!
repetition: 57276
>passed!
repetition: 57277
>passed!
repetition: 57278
>passed!
repetition: 57279
>passed!
repetition: 57280
>passed!
repetition: 57281
>passed!
repetition: 57282
>passed!
repetition: 57283
>passed!
repetition: 57284
>passed!
repetition: 57285
>passed!
repetition: 57286
>passed!
repetition: 57287
>passed!
repetition: 57288
>passed!
repetition: 57289
>passed!
repetition: 57290
>passed!
repetition: 57291
>passed!
repetition: 57292
>passed!
repetition: 57293
>passed!
repetition: 57294
>passed!
repetition: 57295
>passed!
repetition: 57296
>passed!
repetition: 57297
>passed!
repetition: 57298
>passed!
repetition: 57299
>passed!
repetition: 57300
>passed!
repetition: 57301
>passed!
repetition: 57302
>passed!
repetition: 57303
>passed!
repetition: 57304
>passed!
repetition: 57305
>passed!
repetition: 57306
>passed!
repetition: 57307
>passed!
repetition: 57308
>passed!
repetition: 57309
>passed!
repetition: 57310
>passed!
repetition: 57311
>passed!
repetition: 57312
>passed!
repetition: 57313
>passed!
repetition: 57314
>passed!
repetition: 57315
>passed!
repetition: 57316
>passed!
repetition: 57317
>passed!
repetition: 57318
>passed!
repetition: 57319
>passed!
repetition: 57320
>passed!
repetition: 57321
>passed!
repetition: 57322
>passed!
repetition: 57323
>passed!
repetition: 57324
>passed!
repetition: 57325
>passed!
repetition: 57326
>passed!
repetition: 57327
>passed!
repetition: 57328
>passed!
repetition: 57329
>passed!
repetition: 57330
>passed!
repetition: 57331
>passed!
repetition: 57332
>passed!
repetition: 57333
>passed!
repetition: 57334
>passed!
repetition: 57335
>passed!
repetition: 57336
>passed!
repetition: 57337
>passed!
repetition: 57338
>passed!
repetition: 57339
>passed!
repetition: 57340
>passed!
repetition: 57341
>passed!
repetition: 57342
>passed!
repetition: 57343
>passed!
repetition: 57344
>passed!
repetition: 57345
>passed!
repetition: 57346
>passed!
repetition: 57347
>passed!
repetition: 57348
>passed!
repetition: 57349
>passed!
repetition: 57350
>passed!
repetition: 57351
>passed!
repetition: 57352
>passed!
repetition: 57353
>passed!
repetition: 57354
>passed!
repetition: 57355
>passed!
repetition: 57356
>passed!
repetition: 57357
>passed!
repetition: 57358
>passed!
repetition: 57359
>passed!
repetition: 57360
>passed!
repetition: 57361
>passed!
repetition: 57362
>passed!
repetition: 57363
>passed!
repetition: 57364
>passed!
repetition: 57365
>passed!
repetition: 57366
>passed!
repetition: 57367
>passed!
repetition: 57368
>passed!
repetition: 57369
>passed!
repetition: 57370
>passed!
repetition: 57371
>passed!
repetition: 57372
>passed!
repetition: 57373
>passed!
repetition: 57374
>passed!
repetition: 57375
>passed!
repetition: 57376
>passed!
repetition: 57377
>passed!
repetition: 57378
>passed!
repetition: 57379
>passed!
repetition: 57380
>passed!
repetition: 57381
>passed!
repetition: 57382
>passed!
repetition: 57383
>passed!
repetition: 57384
>passed!
repetition: 57385
>passed!
repetition: 57386
>passed!
repetition: 57387
>passed!
repetition: 57388
>passed!
repetition: 57389
>passed!
repetition: 57390
>passed!
repetition: 57391
>passed!
repetition: 57392
>passed!
repetition: 57393
>passed!
repetition: 57394
>passed!
repetition: 57395
>passed!
repetition: 57396
>passed!
repetition: 57397
>passed!
repetition: 57398
>passed!
repetition: 57399
>passed!
repetition: 57400
>passed!
repetition: 57401
>passed!
repetition: 57402
>passed!
repetition: 57403
>passed!
repetition: 57404
>passed!
repetition: 57405
>passed!
repetition: 57406
>passed!
repetition: 57407
>passed!
repetition: 57408
>passed!
repetition: 57409
>passed!
repetition: 57410
>passed!
repetition: 57411
>passed!
repetition: 57412
>passed!
repetition: 57413
>passed!
repetition: 57414
>passed!
repetition: 57415
>passed!
repetition: 57416
>passed!
repetition: 57417
>passed!
repetition: 57418
>passed!
repetition: 57419
>passed!
repetition: 57420
>passed!
repetition: 57421
>passed!
repetition: 57422
>passed!
repetition: 57423
>passed!
repetition: 57424
>passed!
repetition: 57425
>passed!
repetition: 57426
>passed!
repetition: 57427
>passed!
repetition: 57428
>passed!
repetition: 57429
>passed!
repetition: 57430
>passed!
repetition: 57431
>passed!
repetition: 57432
>passed!
repetition: 57433
>passed!
repetition: 57434
>passed!
repetition: 57435
>passed!
repetition: 57436
>passed!
repetition: 57437
>passed!
repetition: 57438
>passed!
repetition: 57439
>passed!
repetition: 57440
>passed!
repetition: 57441
>passed!
repetition: 57442
>passed!
repetition: 57443
>passed!
repetition: 57444
>passed!
repetition: 57445
>passed!
repetition: 57446
>passed!
repetition: 57447
>passed!
repetition: 57448
>passed!
repetition: 57449
>passed!
repetition: 57450
>passed!
repetition: 57451
>passed!
repetition: 57452
>passed!
repetition: 57453
>passed!
repetition: 57454
>passed!
repetition: 57455
>passed!
repetition: 57456
>passed!
repetition: 57457
>passed!
repetition: 57458
>passed!
repetition: 57459
>passed!
repetition: 57460
>passed!
repetition: 57461
>passed!
repetition: 57462
>passed!
repetition: 57463
>passed!
repetition: 57464
>passed!
repetition: 57465
>passed!
repetition: 57466
>passed!
repetition: 57467
>passed!
repetition: 57468
>passed!
repetition: 57469
>passed!
repetition: 57470
>passed!
repetition: 57471
>passed!
repetition: 57472
>passed!
repetition: 57473
>passed!
repetition: 57474
>passed!
repetition: 57475
>passed!
repetition: 57476
>passed!
repetition: 57477
>passed!
repetition: 57478
>passed!
repetition: 57479
>passed!
repetition: 57480
>passed!
repetition: 57481
>passed!
repetition: 57482
>passed!
repetition: 57483
>passed!
repetition: 57484
>passed!
repetition: 57485
>passed!
repetition: 57486
>passed!
repetition: 57487
>passed!
repetition: 57488
>passed!
repetition: 57489
>passed!
repetition: 57490
>passed!
repetition: 57491
>passed!
repetition: 57492
>passed!
repetition: 57493
>passed!
repetition: 57494
>passed!
repetition: 57495
>passed!
repetition: 57496
>passed!
repetition: 57497
>passed!
repetition: 57498
>passed!
repetition: 57499
>passed!
repetition: 57500
>passed!
repetition: 57501
>passed!
repetition: 57502
>passed!
repetition: 57503
>passed!
repetition: 57504
>passed!
repetition: 57505
>passed!
repetition: 57506
>passed!
repetition: 57507
>passed!
repetition: 57508
>passed!
repetition: 57509
>passed!
repetition: 57510
>passed!
repetition: 57511
>passed!
repetition: 57512
>passed!
repetition: 57513
>passed!
repetition: 57514
>passed!
repetition: 57515
>passed!
repetition: 57516
>passed!
repetition: 57517
>passed!
repetition: 57518
>passed!
repetition: 57519
>passed!
repetition: 57520
>passed!
repetition: 57521
>passed!
repetition: 57522
>passed!
repetition: 57523
>passed!
repetition: 57524
>passed!
repetition: 57525
>passed!
repetition: 57526
>passed!
repetition: 57527
>passed!
repetition: 57528
>passed!
repetition: 57529
>passed!
repetition: 57530
>passed!
repetition: 57531
>passed!
repetition: 57532
>passed!
repetition: 57533
>passed!
repetition: 57534
>passed!
repetition: 57535
>passed!
repetition: 57536
>passed!
repetition: 57537
>passed!
repetition: 57538
>passed!
repetition: 57539
>passed!
repetition: 57540
>passed!
repetition: 57541
>passed!
repetition: 57542
>passed!
repetition: 57543
>passed!
repetition: 57544
>passed!
repetition: 57545
>passed!
repetition: 57546
>passed!
repetition: 57547
>passed!
repetition: 57548
>passed!
repetition: 57549
>passed!
repetition: 57550
>passed!
repetition: 57551
>passed!
repetition: 57552
>passed!
repetition: 57553
>passed!
repetition: 57554
>passed!
repetition: 57555
>passed!
repetition: 57556
>passed!
repetition: 57557
>passed!
repetition: 57558
>passed!
repetition: 57559
>passed!
repetition: 57560
>passed!
repetition: 57561
>passed!
repetition: 57562
>passed!
repetition: 57563
>passed!
repetition: 57564
>passed!
repetition: 57565
>passed!
repetition: 57566
>passed!
repetition: 57567
>passed!
repetition: 57568
>passed!
repetition: 57569
>passed!
repetition: 57570
>passed!
repetition: 57571
>passed!
repetition: 57572
>passed!
repetition: 57573
>passed!
repetition: 57574
>passed!
repetition: 57575
>passed!
repetition: 57576
>passed!
repetition: 57577
>passed!
repetition: 57578
>passed!
repetition: 57579
>passed!
repetition: 57580
>passed!
repetition: 57581
>passed!
repetition: 57582
>passed!
repetition: 57583
>passed!
repetition: 57584
>passed!
repetition: 57585
>passed!
repetition: 57586
>passed!
repetition: 57587
>passed!
repetition: 57588
>passed!
repetition: 57589
>passed!
repetition: 57590
>passed!
repetition: 57591
>passed!
repetition: 57592
>passed!
repetition: 57593
>passed!
repetition: 57594
>passed!
repetition: 57595
>passed!
repetition: 57596
>passed!
repetition: 57597
>passed!
repetition: 57598
>passed!
repetition: 57599
>passed!
repetition: 57600
>passed!
repetition: 57601
>passed!
repetition: 57602
>passed!
repetition: 57603
>passed!
repetition: 57604
>passed!
repetition: 57605
>passed!
repetition: 57606
>passed!
repetition: 57607
>passed!
repetition: 57608
>passed!
repetition: 57609
>passed!
repetition: 57610
>passed!
repetition: 57611
>passed!
repetition: 57612
>passed!
repetition: 57613
>passed!
repetition: 57614
>passed!
repetition: 57615
>passed!
repetition: 57616
>passed!
repetition: 57617
>passed!
repetition: 57618
>passed!
repetition: 57619
>passed!
repetition: 57620
>passed!
repetition: 57621
>passed!
repetition: 57622
>passed!
repetition: 57623
>passed!
repetition: 57624
>passed!
repetition: 57625
>passed!
repetition: 57626
>passed!
repetition: 57627
>passed!
repetition: 57628
>passed!
repetition: 57629
>passed!
repetition: 57630
>passed!
repetition: 57631
>passed!
repetition: 57632
>passed!
repetition: 57633
>passed!
repetition: 57634
>passed!
repetition: 57635
>passed!
repetition: 57636
>passed!
repetition: 57637
>passed!
repetition: 57638
>passed!
repetition: 57639
>passed!
repetition: 57640
>passed!
repetition: 57641
>passed!
repetition: 57642
>passed!
repetition: 57643
>passed!
repetition: 57644
>passed!
repetition: 57645
>passed!
repetition: 57646
>passed!
repetition: 57647
>passed!
repetition: 57648
>passed!
repetition: 57649
>passed!
repetition: 57650
>passed!
repetition: 57651
>passed!
repetition: 57652
>passed!
repetition: 57653
>passed!
repetition: 57654
>passed!
repetition: 57655
>passed!
repetition: 57656
>passed!
repetition: 57657
>passed!
repetition: 57658
>passed!
repetition: 57659
>passed!
repetition: 57660
>passed!
repetition: 57661
>passed!
repetition: 57662
>passed!
repetition: 57663
>passed!
repetition: 57664
>passed!
repetition: 57665
>passed!
repetition: 57666
>passed!
repetition: 57667
>passed!
repetition: 57668
>passed!
repetition: 57669
>passed!
repetition: 57670
>passed!
repetition: 57671
>passed!
repetition: 57672
>passed!
repetition: 57673
>passed!
repetition: 57674
>passed!
repetition: 57675
>passed!
repetition: 57676
>passed!
repetition: 57677
>passed!
repetition: 57678
>passed!
repetition: 57679
>passed!
repetition: 57680
>passed!
repetition: 57681
>passed!
repetition: 57682
>passed!
repetition: 57683
>passed!
repetition: 57684
>passed!
repetition: 57685
>passed!
repetition: 57686
>passed!
repetition: 57687
>passed!
repetition: 57688
>passed!
repetition: 57689
>passed!
repetition: 57690
>passed!
repetition: 57691
>passed!
repetition: 57692
>passed!
repetition: 57693
>passed!
repetition: 57694
>passed!
repetition: 57695
>passed!
repetition: 57696
>passed!
repetition: 57697
>passed!
repetition: 57698
>passed!
repetition: 57699
>passed!
repetition: 57700
>passed!
repetition: 57701
>passed!
repetition: 57702
>passed!
repetition: 57703
>passed!
repetition: 57704
>passed!
repetition: 57705
>passed!
repetition: 57706
>passed!
repetition: 57707
>passed!
repetition: 57708
>passed!
repetition: 57709
>passed!
repetition: 57710
>passed!
repetition: 57711
>passed!
repetition: 57712
>passed!
repetition: 57713
>passed!
repetition: 57714
>passed!
repetition: 57715
>passed!
repetition: 57716
>passed!
repetition: 57717
>passed!
repetition: 57718
>passed!
repetition: 57719
>passed!
repetition: 57720
>passed!
repetition: 57721
>passed!
repetition: 57722
>passed!
repetition: 57723
>passed!
repetition: 57724
>passed!
repetition: 57725
>passed!
repetition: 57726
>passed!
repetition: 57727
>passed!
repetition: 57728
>passed!
repetition: 57729
>passed!
repetition: 57730
>passed!
repetition: 57731
>passed!
repetition: 57732
>passed!
repetition: 57733
>passed!
repetition: 57734
>passed!
repetition: 57735
>passed!
repetition: 57736
>passed!
repetition: 57737
>passed!
repetition: 57738
>passed!
repetition: 57739
>passed!
repetition: 57740
>passed!
repetition: 57741
>passed!
repetition: 57742
>passed!
repetition: 57743
>passed!
repetition: 57744
>passed!
repetition: 57745
>passed!
repetition: 57746
>passed!
repetition: 57747
>passed!
repetition: 57748
>passed!
repetition: 57749
>passed!
repetition: 57750
>passed!
repetition: 57751
>passed!
repetition: 57752
>passed!
repetition: 57753
>passed!
repetition: 57754
>passed!
repetition: 57755
>passed!
repetition: 57756
>passed!
repetition: 57757
>passed!
repetition: 57758
>passed!
repetition: 57759
>passed!
repetition: 57760
>passed!
repetition: 57761
>passed!
repetition: 57762
>passed!
repetition: 57763
>passed!
repetition: 57764
>passed!
repetition: 57765
>passed!
repetition: 57766
>passed!
repetition: 57767
>passed!
repetition: 57768
>passed!
repetition: 57769
>passed!
repetition: 57770
>passed!
repetition: 57771
>passed!
repetition: 57772
>passed!
repetition: 57773
>passed!
repetition: 57774
>passed!
repetition: 57775
>passed!
repetition: 57776
>passed!
repetition: 57777
>passed!
repetition: 57778
>passed!
repetition: 57779
>passed!
repetition: 57780
>passed!
repetition: 57781
>passed!
repetition: 57782
>passed!
repetition: 57783
>passed!
repetition: 57784
>passed!
repetition: 57785
>passed!
repetition: 57786
>passed!
repetition: 57787
>passed!
repetition: 57788
>passed!
repetition: 57789
>passed!
repetition: 57790
>passed!
repetition: 57791
>passed!
repetition: 57792
>passed!
repetition: 57793
>passed!
repetition: 57794
>passed!
repetition: 57795
>passed!
repetition: 57796
>passed!
repetition: 57797
>passed!
repetition: 57798
>passed!
repetition: 57799
>passed!
repetition: 57800
>passed!
repetition: 57801
>passed!
repetition: 57802
>passed!
repetition: 57803
>passed!
repetition: 57804
>passed!
repetition: 57805
>passed!
repetition: 57806
>passed!
repetition: 57807
>passed!
repetition: 57808
>passed!
repetition: 57809
>passed!
repetition: 57810
>passed!
repetition: 57811
>passed!
repetition: 57812
>passed!
repetition: 57813
>passed!
repetition: 57814
>passed!
repetition: 57815
>passed!
repetition: 57816
>passed!
repetition: 57817
>passed!
repetition: 57818
>passed!
repetition: 57819
>passed!
repetition: 57820
>passed!
repetition: 57821
>passed!
repetition: 57822
>passed!
repetition: 57823
>passed!
repetition: 57824
>passed!
repetition: 57825
>passed!
repetition: 57826
>passed!
repetition: 57827
>passed!
repetition: 57828
>passed!
repetition: 57829
>passed!
repetition: 57830
>passed!
repetition: 57831
>passed!
repetition: 57832
>passed!
repetition: 57833
>passed!
repetition: 57834
>passed!
repetition: 57835
>passed!
repetition: 57836
>passed!
repetition: 57837
>passed!
repetition: 57838
>passed!
repetition: 57839
>passed!
repetition: 57840
>passed!
repetition: 57841
>passed!
repetition: 57842
>passed!
repetition: 57843
>passed!
repetition: 57844
>passed!
repetition: 57845
>passed!
repetition: 57846
>passed!
repetition: 57847
>passed!
repetition: 57848
>passed!
repetition: 57849
>passed!
repetition: 57850
>passed!
repetition: 57851
>passed!
repetition: 57852
>passed!
repetition: 57853
>passed!
repetition: 57854
>passed!
repetition: 57855
>passed!
repetition: 57856
>passed!
repetition: 57857
>passed!
repetition: 57858
>passed!
repetition: 57859
>passed!
repetition: 57860
>passed!
repetition: 57861
>passed!
repetition: 57862
>passed!
repetition: 57863
>passed!
repetition: 57864
>passed!
repetition: 57865
>passed!
repetition: 57866
>passed!
repetition: 57867
>passed!
repetition: 57868
>passed!
repetition: 57869
>passed!
repetition: 57870
>passed!
repetition: 57871
>passed!
repetition: 57872
>passed!
repetition: 57873
>passed!
repetition: 57874
>passed!
repetition: 57875
>passed!
repetition: 57876
>passed!
repetition: 57877
>passed!
repetition: 57878
>passed!
repetition: 57879
>passed!
repetition: 57880
>passed!
repetition: 57881
>passed!
repetition: 57882
>passed!
repetition: 57883
>passed!
repetition: 57884
>passed!
repetition: 57885
>passed!
repetition: 57886
>passed!
repetition: 57887
>passed!
repetition: 57888
>passed!
repetition: 57889
>passed!
repetition: 57890
>passed!
repetition: 57891
>passed!
repetition: 57892
>passed!
repetition: 57893
>passed!
repetition: 57894
>passed!
repetition: 57895
>passed!
repetition: 57896
>passed!
repetition: 57897
>passed!
repetition: 57898
>passed!
repetition: 57899
>passed!
repetition: 57900
>passed!
repetition: 57901
>passed!
repetition: 57902
>passed!
repetition: 57903
>passed!
repetition: 57904
>passed!
repetition: 57905
>passed!
repetition: 57906
>passed!
repetition: 57907
>passed!
repetition: 57908
>passed!
repetition: 57909
>passed!
repetition: 57910
>passed!
repetition: 57911
>passed!
repetition: 57912
>passed!
repetition: 57913
>passed!
repetition: 57914
>passed!
repetition: 57915
>passed!
repetition: 57916
>passed!
repetition: 57917
>passed!
repetition: 57918
>passed!
repetition: 57919
>passed!
repetition: 57920
>passed!
repetition: 57921
>passed!
repetition: 57922
>passed!
repetition: 57923
>passed!
repetition: 57924
>passed!
repetition: 57925
>passed!
repetition: 57926
>passed!
repetition: 57927
>passed!
repetition: 57928
>passed!
repetition: 57929
>passed!
repetition: 57930
>passed!
repetition: 57931
>passed!
repetition: 57932
>passed!
repetition: 57933
>passed!
repetition: 57934
>passed!
repetition: 57935
>passed!
repetition: 57936
>passed!
repetition: 57937
>passed!
repetition: 57938
>passed!
repetition: 57939
>passed!
repetition: 57940
>passed!
repetition: 57941
>passed!
repetition: 57942
>passed!
repetition: 57943
>passed!
repetition: 57944
>passed!
repetition: 57945
>passed!
repetition: 57946
>passed!
repetition: 57947
>passed!
repetition: 57948
>passed!
repetition: 57949
>passed!
repetition: 57950
>passed!
repetition: 57951
>passed!
repetition: 57952
>passed!
repetition: 57953
>passed!
repetition: 57954
>passed!
repetition: 57955
>passed!
repetition: 57956
>passed!
repetition: 57957
>passed!
repetition: 57958
>passed!
repetition: 57959
>passed!
repetition: 57960
>passed!
repetition: 57961
>passed!
repetition: 57962
>passed!
repetition: 57963
>passed!
repetition: 57964
>passed!
repetition: 57965
>passed!
repetition: 57966
>passed!
repetition: 57967
>passed!
repetition: 57968
>passed!
repetition: 57969
>passed!
repetition: 57970
>passed!
repetition: 57971
>passed!
repetition: 57972
>passed!
repetition: 57973
>passed!
repetition: 57974
>passed!
repetition: 57975
>passed!
repetition: 57976
>passed!
repetition: 57977
>passed!
repetition: 57978
>passed!
repetition: 57979
>passed!
repetition: 57980
>passed!
repetition: 57981
>passed!
repetition: 57982
>passed!
repetition: 57983
>passed!
repetition: 57984
>passed!
repetition: 57985
>passed!
repetition: 57986
>passed!
repetition: 57987
>passed!
repetition: 57988
>passed!
repetition: 57989
>passed!
repetition: 57990
>passed!
repetition: 57991
>passed!
repetition: 57992
>passed!
repetition: 57993
>passed!
repetition: 57994
>passed!
repetition: 57995
>passed!
repetition: 57996
>passed!
repetition: 57997
>passed!
repetition: 57998
>passed!
repetition: 57999
>passed!
repetition: 58000
>passed!
repetition: 58001
>passed!
repetition: 58002
>passed!
repetition: 58003
>passed!
repetition: 58004
>passed!
repetition: 58005
>passed!
repetition: 58006
>passed!
repetition: 58007
>passed!
repetition: 58008
>passed!
repetition: 58009
>passed!
repetition: 58010
>passed!
repetition: 58011
>passed!
repetition: 58012
>passed!
repetition: 58013
>passed!
repetition: 58014
>passed!
repetition: 58015
>passed!
repetition: 58016
>passed!
repetition: 58017
>passed!
repetition: 58018
>passed!
repetition: 58019
>passed!
repetition: 58020
>passed!
repetition: 58021
>passed!
repetition: 58022
>passed!
repetition: 58023
>passed!
repetition: 58024
>passed!
repetition: 58025
>passed!
repetition: 58026
>passed!
repetition: 58027
>passed!
repetition: 58028
>passed!
repetition: 58029
>passed!
repetition: 58030
>passed!
repetition: 58031
>passed!
repetition: 58032
>passed!
repetition: 58033
>passed!
repetition: 58034
>passed!
repetition: 58035
>passed!
repetition: 58036
>passed!
repetition: 58037
>passed!
repetition: 58038
>passed!
repetition: 58039
>passed!
repetition: 58040
>passed!
repetition: 58041
>passed!
repetition: 58042
>passed!
repetition: 58043
>passed!
repetition: 58044
>passed!
repetition: 58045
>passed!
repetition: 58046
>passed!
repetition: 58047
>passed!
repetition: 58048
>passed!
repetition: 58049
>passed!
repetition: 58050
>passed!
repetition: 58051
>passed!
repetition: 58052
>passed!
repetition: 58053
>passed!
repetition: 58054
>passed!
repetition: 58055
>passed!
repetition: 58056
>passed!
repetition: 58057
>passed!
repetition: 58058
>passed!
repetition: 58059
>passed!
repetition: 58060
>passed!
repetition: 58061
>passed!
repetition: 58062
>passed!
repetition: 58063
>passed!
repetition: 58064
>passed!
repetition: 58065
>passed!
repetition: 58066
>passed!
repetition: 58067
>passed!
repetition: 58068
>passed!
repetition: 58069
>passed!
repetition: 58070
>passed!
repetition: 58071
>passed!
repetition: 58072
>passed!
repetition: 58073
>passed!
repetition: 58074
>passed!
repetition: 58075
>passed!
repetition: 58076
>passed!
repetition: 58077
>passed!
repetition: 58078
>passed!
repetition: 58079
>passed!
repetition: 58080
>passed!
repetition: 58081
>passed!
repetition: 58082
>passed!
repetition: 58083
>passed!
repetition: 58084
>passed!
repetition: 58085
>passed!
repetition: 58086
>passed!
repetition: 58087
>passed!
repetition: 58088
>passed!
repetition: 58089
>passed!
repetition: 58090
>passed!
repetition: 58091
>passed!
repetition: 58092
>passed!
repetition: 58093
>passed!
repetition: 58094
>passed!
repetition: 58095
>passed!
repetition: 58096
>passed!
repetition: 58097
>passed!
repetition: 58098
>passed!
repetition: 58099
>passed!
repetition: 58100
>passed!
repetition: 58101
>passed!
repetition: 58102
>passed!
repetition: 58103
>passed!
repetition: 58104
>passed!
repetition: 58105
>passed!
repetition: 58106
>passed!
repetition: 58107
>passed!
repetition: 58108
>passed!
repetition: 58109
>passed!
repetition: 58110
>passed!
repetition: 58111
>passed!
repetition: 58112
>passed!
repetition: 58113
>passed!
repetition: 58114
>passed!
repetition: 58115
>passed!
repetition: 58116
>passed!
repetition: 58117
>passed!
repetition: 58118
>passed!
repetition: 58119
>passed!
repetition: 58120
>passed!
repetition: 58121
>passed!
repetition: 58122
>passed!
repetition: 58123
>passed!
repetition: 58124
>passed!
repetition: 58125
>passed!
repetition: 58126
>passed!
repetition: 58127
>passed!
repetition: 58128
>passed!
repetition: 58129
>passed!
repetition: 58130
>passed!
repetition: 58131
>passed!
repetition: 58132
>passed!
repetition: 58133
>passed!
repetition: 58134
>passed!
repetition: 58135
>passed!
repetition: 58136
>passed!
repetition: 58137
>passed!
repetition: 58138
>passed!
repetition: 58139
>passed!
repetition: 58140
>passed!
repetition: 58141
>passed!
repetition: 58142
>passed!
repetition: 58143
>passed!
repetition: 58144
>passed!
repetition: 58145
>passed!
repetition: 58146
>passed!
repetition: 58147
>passed!
repetition: 58148
>passed!
repetition: 58149
>passed!
repetition: 58150
>passed!
repetition: 58151
>passed!
repetition: 58152
>passed!
repetition: 58153
>passed!
repetition: 58154
>passed!
repetition: 58155
>passed!
repetition: 58156
>passed!
repetition: 58157
>passed!
repetition: 58158
>passed!
repetition: 58159
>passed!
repetition: 58160
>passed!
repetition: 58161
>passed!
repetition: 58162
>passed!
repetition: 58163
>passed!
repetition: 58164
>passed!
repetition: 58165
>passed!
repetition: 58166
>passed!
repetition: 58167
>passed!
repetition: 58168
>passed!
repetition: 58169
>passed!
repetition: 58170
>passed!
repetition: 58171
>passed!
repetition: 58172
>passed!
repetition: 58173
>passed!
repetition: 58174
>passed!
repetition: 58175
>passed!
repetition: 58176
>passed!
repetition: 58177
>passed!
repetition: 58178
>passed!
repetition: 58179
>passed!
repetition: 58180
>passed!
repetition: 58181
>passed!
repetition: 58182
>passed!
repetition: 58183
>passed!
repetition: 58184
>passed!
repetition: 58185
>passed!
repetition: 58186
>passed!
repetition: 58187
>passed!
repetition: 58188
>passed!
repetition: 58189
>passed!
repetition: 58190
>passed!
repetition: 58191
>passed!
repetition: 58192
>passed!
repetition: 58193
>passed!
repetition: 58194
>passed!
repetition: 58195
>passed!
repetition: 58196
>passed!
repetition: 58197
>passed!
repetition: 58198
>passed!
repetition: 58199
>passed!
repetition: 58200
>passed!
repetition: 58201
>passed!
repetition: 58202
>passed!
repetition: 58203
>passed!
repetition: 58204
>passed!
repetition: 58205
>passed!
repetition: 58206
>passed!
repetition: 58207
>passed!
repetition: 58208
>passed!
repetition: 58209
>passed!
repetition: 58210
>passed!
repetition: 58211
>passed!
repetition: 58212
>passed!
repetition: 58213
>passed!
repetition: 58214
>passed!
repetition: 58215
>passed!
repetition: 58216
>passed!
repetition: 58217
>passed!
repetition: 58218
>passed!
repetition: 58219
>passed!
repetition: 58220
>passed!
repetition: 58221
>passed!
repetition: 58222
>passed!
repetition: 58223
>passed!
repetition: 58224
>passed!
repetition: 58225
>passed!
repetition: 58226
>passed!
repetition: 58227
>passed!
repetition: 58228
>passed!
repetition: 58229
>passed!
repetition: 58230
>passed!
repetition: 58231
>passed!
repetition: 58232
>passed!
repetition: 58233
>passed!
repetition: 58234
>passed!
repetition: 58235
>passed!
repetition: 58236
>passed!
repetition: 58237
>passed!
repetition: 58238
>passed!
repetition: 58239
>passed!
repetition: 58240
>passed!
repetition: 58241
>passed!
repetition: 58242
>passed!
repetition: 58243
>passed!
repetition: 58244
>passed!
repetition: 58245
>passed!
repetition: 58246
>passed!
repetition: 58247
>passed!
repetition: 58248
>passed!
repetition: 58249
>passed!
repetition: 58250
>passed!
repetition: 58251
>passed!
repetition: 58252
>passed!
repetition: 58253
>passed!
repetition: 58254
>passed!
repetition: 58255
>passed!
repetition: 58256
>passed!
repetition: 58257
>passed!
repetition: 58258
>passed!
repetition: 58259
>passed!
repetition: 58260
>passed!
repetition: 58261
>passed!
repetition: 58262
>passed!
repetition: 58263
>passed!
repetition: 58264
>passed!
repetition: 58265
>passed!
repetition: 58266
>passed!
repetition: 58267
>passed!
repetition: 58268
>passed!
repetition: 58269
>passed!
repetition: 58270
>passed!
repetition: 58271
>passed!
repetition: 58272
>passed!
repetition: 58273
>passed!
repetition: 58274
>passed!
repetition: 58275
>passed!
repetition: 58276
>passed!
repetition: 58277
>passed!
repetition: 58278
>passed!
repetition: 58279
>passed!
repetition: 58280
>passed!
repetition: 58281
>passed!
repetition: 58282
>passed!
repetition: 58283
>passed!
repetition: 58284
>passed!
repetition: 58285
>passed!
repetition: 58286
>passed!
repetition: 58287
>passed!
repetition: 58288
>passed!
repetition: 58289
>passed!
repetition: 58290
>passed!
repetition: 58291
>passed!
repetition: 58292
>passed!
repetition: 58293
>passed!
repetition: 58294
>passed!
repetition: 58295
>passed!
repetition: 58296
>passed!
repetition: 58297
>passed!
repetition: 58298
>passed!
repetition: 58299
>passed!
repetition: 58300
>passed!
repetition: 58301
>passed!
repetition: 58302
>passed!
repetition: 58303
>passed!
repetition: 58304
>passed!
repetition: 58305
>passed!
repetition: 58306
>passed!
repetition: 58307
>passed!
repetition: 58308
>passed!
repetition: 58309
>passed!
repetition: 58310
>passed!
repetition: 58311
>passed!
repetition: 58312
>passed!
repetition: 58313
>passed!
repetition: 58314
>passed!
repetition: 58315
>passed!
repetition: 58316
>passed!
repetition: 58317
>passed!
repetition: 58318
>passed!
repetition: 58319
>passed!
repetition: 58320
>passed!
repetition: 58321
>passed!
repetition: 58322
>passed!
repetition: 58323
>passed!
repetition: 58324
>passed!
repetition: 58325
>passed!
repetition: 58326
>passed!
repetition: 58327
>passed!
repetition: 58328
>passed!
repetition: 58329
>passed!
repetition: 58330
>passed!
repetition: 58331
>passed!
repetition: 58332
>passed!
repetition: 58333
>passed!
repetition: 58334
>passed!
repetition: 58335
>passed!
repetition: 58336
>passed!
repetition: 58337
>passed!
repetition: 58338
>passed!
repetition: 58339
>passed!
repetition: 58340
>passed!
repetition: 58341
>passed!
repetition: 58342
>passed!
repetition: 58343
>passed!
repetition: 58344
>passed!
repetition: 58345
>passed!
repetition: 58346
>passed!
repetition: 58347
>passed!
repetition: 58348
>passed!
repetition: 58349
>passed!
repetition: 58350
>passed!
repetition: 58351
>passed!
repetition: 58352
>passed!
repetition: 58353
>passed!
repetition: 58354
>passed!
repetition: 58355
>passed!
repetition: 58356
>passed!
repetition: 58357
>passed!
repetition: 58358
>passed!
repetition: 58359
>passed!
repetition: 58360
>passed!
repetition: 58361
>passed!
repetition: 58362
>passed!
repetition: 58363
>passed!
repetition: 58364
>passed!
repetition: 58365
>passed!
repetition: 58366
>passed!
repetition: 58367
>passed!
repetition: 58368
>passed!
repetition: 58369
>passed!
repetition: 58370
>passed!
repetition: 58371
>passed!
repetition: 58372
>passed!
repetition: 58373
>passed!
repetition: 58374
>passed!
repetition: 58375
>passed!
repetition: 58376
>passed!
repetition: 58377
>passed!
repetition: 58378
>passed!
repetition: 58379
>passed!
repetition: 58380
>passed!
repetition: 58381
>passed!
repetition: 58382
>passed!
repetition: 58383
>passed!
repetition: 58384
>passed!
repetition: 58385
>passed!
repetition: 58386
>passed!
repetition: 58387
>passed!
repetition: 58388
>passed!
repetition: 58389
>passed!
repetition: 58390
>passed!
repetition: 58391
>passed!
repetition: 58392
>passed!
repetition: 58393
>passed!
repetition: 58394
>passed!
repetition: 58395
>passed!
repetition: 58396
>passed!
repetition: 58397
>passed!
repetition: 58398
>passed!
repetition: 58399
>passed!
repetition: 58400
>passed!
repetition: 58401
>passed!
repetition: 58402
>passed!
repetition: 58403
>passed!
repetition: 58404
>passed!
repetition: 58405
>passed!
repetition: 58406
>passed!
repetition: 58407
>passed!
repetition: 58408
>passed!
repetition: 58409
>passed!
repetition: 58410
>passed!
repetition: 58411
>passed!
repetition: 58412
>passed!
repetition: 58413
>passed!
repetition: 58414
>passed!
repetition: 58415
>passed!
repetition: 58416
>passed!
repetition: 58417
>passed!
repetition: 58418
>passed!
repetition: 58419
>passed!
repetition: 58420
>passed!
repetition: 58421
>passed!
repetition: 58422
>passed!
repetition: 58423
>passed!
repetition: 58424
>passed!
repetition: 58425
>passed!
repetition: 58426
>passed!
repetition: 58427
>passed!
repetition: 58428
>passed!
repetition: 58429
>passed!
repetition: 58430
>passed!
repetition: 58431
>passed!
repetition: 58432
>passed!
repetition: 58433
>passed!
repetition: 58434
>passed!
repetition: 58435
>passed!
repetition: 58436
>passed!
repetition: 58437
>passed!
repetition: 58438
>passed!
repetition: 58439
>passed!
repetition: 58440
>passed!
repetition: 58441
>passed!
repetition: 58442
>passed!
repetition: 58443
>passed!
repetition: 58444
>passed!
repetition: 58445
>passed!
repetition: 58446
>passed!
repetition: 58447
>passed!
repetition: 58448
>passed!
repetition: 58449
>passed!
repetition: 58450
>passed!
repetition: 58451
>passed!
repetition: 58452
>passed!
repetition: 58453
>passed!
repetition: 58454
>passed!
repetition: 58455
>passed!
repetition: 58456
>passed!
repetition: 58457
>passed!
repetition: 58458
>passed!
repetition: 58459
>passed!
repetition: 58460
>passed!
repetition: 58461
>passed!
repetition: 58462
>passed!
repetition: 58463
>passed!
repetition: 58464
>passed!
repetition: 58465
>passed!
repetition: 58466
>passed!
repetition: 58467
>passed!
repetition: 58468
>passed!
repetition: 58469
>passed!
repetition: 58470
>passed!
repetition: 58471
>passed!
repetition: 58472
>passed!
repetition: 58473
>passed!
repetition: 58474
>passed!
repetition: 58475
>passed!
repetition: 58476
>passed!
repetition: 58477
>passed!
repetition: 58478
>passed!
repetition: 58479
>passed!
repetition: 58480
>passed!
repetition: 58481
>passed!
repetition: 58482
>passed!
repetition: 58483
>passed!
repetition: 58484
>passed!
repetition: 58485
>passed!
repetition: 58486
>passed!
repetition: 58487
>passed!
repetition: 58488
>passed!
repetition: 58489
>passed!
repetition: 58490
>passed!
repetition: 58491
>passed!
repetition: 58492
>passed!
repetition: 58493
>passed!
repetition: 58494
>passed!
repetition: 58495
>passed!
repetition: 58496
>passed!
repetition: 58497
>passed!
repetition: 58498
>passed!
repetition: 58499
>passed!
repetition: 58500
>passed!
repetition: 58501
>passed!
repetition: 58502
>passed!
repetition: 58503
>passed!
repetition: 58504
>passed!
repetition: 58505
>passed!
repetition: 58506
>passed!
repetition: 58507
>passed!
repetition: 58508
>passed!
repetition: 58509
>passed!
repetition: 58510
>passed!
repetition: 58511
>passed!
repetition: 58512
>passed!
repetition: 58513
>passed!
repetition: 58514
>passed!
repetition: 58515
>passed!
repetition: 58516
>passed!
repetition: 58517
>passed!
repetition: 58518
>passed!
repetition: 58519
>passed!
repetition: 58520
>passed!
repetition: 58521
>passed!
repetition: 58522
>passed!
repetition: 58523
>passed!
repetition: 58524
>passed!
repetition: 58525
>passed!
repetition: 58526
>passed!
repetition: 58527
>passed!
repetition: 58528
>passed!
repetition: 58529
>passed!
repetition: 58530
>passed!
repetition: 58531
>passed!
repetition: 58532
>passed!
repetition: 58533
>passed!
repetition: 58534
>passed!
repetition: 58535
>passed!
repetition: 58536
>passed!
repetition: 58537
>passed!
repetition: 58538
>passed!
repetition: 58539
>passed!
repetition: 58540
>passed!
repetition: 58541
>passed!
repetition: 58542
>passed!
repetition: 58543
>passed!
repetition: 58544
>passed!
repetition: 58545
>passed!
repetition: 58546
>passed!
repetition: 58547
>passed!
repetition: 58548
>passed!
repetition: 58549
>passed!
repetition: 58550
>passed!
repetition: 58551
>passed!
repetition: 58552
>passed!
repetition: 58553
>passed!
repetition: 58554
>passed!
repetition: 58555
>passed!
repetition: 58556
>passed!
repetition: 58557
>passed!
repetition: 58558
>passed!
repetition: 58559
>passed!
repetition: 58560
>passed!
repetition: 58561
>passed!
repetition: 58562
>passed!
repetition: 58563
>passed!
repetition: 58564
>passed!
repetition: 58565
>passed!
repetition: 58566
>passed!
repetition: 58567
>passed!
repetition: 58568
>passed!
repetition: 58569
>passed!
repetition: 58570
>passed!
repetition: 58571
>passed!
repetition: 58572
>passed!
repetition: 58573
>passed!
repetition: 58574
>passed!
repetition: 58575
>passed!
repetition: 58576
>passed!
repetition: 58577
>passed!
repetition: 58578
>passed!
repetition: 58579
>passed!
repetition: 58580
>passed!
repetition: 58581
>passed!
repetition: 58582
>passed!
repetition: 58583
>passed!
repetition: 58584
>passed!
repetition: 58585
>passed!
repetition: 58586
>passed!
repetition: 58587
>passed!
repetition: 58588
>passed!
repetition: 58589
>passed!
repetition: 58590
>passed!
repetition: 58591
>passed!
repetition: 58592
>passed!
repetition: 58593
>passed!
repetition: 58594
>passed!
repetition: 58595
>passed!
repetition: 58596
>passed!
repetition: 58597
>passed!
repetition: 58598
>passed!
repetition: 58599
>passed!
repetition: 58600
>passed!
repetition: 58601
>passed!
repetition: 58602
>passed!
repetition: 58603
>passed!
repetition: 58604
>passed!
repetition: 58605
>passed!
repetition: 58606
>passed!
repetition: 58607
>passed!
repetition: 58608
>passed!
repetition: 58609
>passed!
repetition: 58610
>passed!
repetition: 58611
>passed!
repetition: 58612
>passed!
repetition: 58613
>passed!
repetition: 58614
>passed!
repetition: 58615
>passed!
repetition: 58616
>passed!
repetition: 58617
>passed!
repetition: 58618
>passed!
repetition: 58619
>passed!
repetition: 58620
>passed!
repetition: 58621
>passed!
repetition: 58622
>passed!
repetition: 58623
>passed!
repetition: 58624
>passed!
repetition: 58625
>passed!
repetition: 58626
>passed!
repetition: 58627
>passed!
repetition: 58628
>passed!
repetition: 58629
>passed!
repetition: 58630
>passed!
repetition: 58631
>passed!
repetition: 58632
>passed!
repetition: 58633
>passed!
repetition: 58634
>passed!
repetition: 58635
>passed!
repetition: 58636
>passed!
repetition: 58637
>passed!
repetition: 58638
>passed!
repetition: 58639
>passed!
repetition: 58640
>passed!
repetition: 58641
>passed!
repetition: 58642
>passed!
repetition: 58643
>passed!
repetition: 58644
>passed!
repetition: 58645
>passed!
repetition: 58646
>passed!
repetition: 58647
>passed!
repetition: 58648
>passed!
repetition: 58649
>passed!
repetition: 58650
>passed!
repetition: 58651
>passed!
repetition: 58652
>passed!
repetition: 58653
>passed!
repetition: 58654
>passed!
repetition: 58655
>passed!
repetition: 58656
>passed!
repetition: 58657
>passed!
repetition: 58658
>passed!
repetition: 58659
>passed!
repetition: 58660
>passed!
repetition: 58661
>passed!
repetition: 58662
>passed!
repetition: 58663
>passed!
repetition: 58664
>passed!
repetition: 58665
>passed!
repetition: 58666
>passed!
repetition: 58667
>passed!
repetition: 58668
>passed!
repetition: 58669
>passed!
repetition: 58670
>passed!
repetition: 58671
>passed!
repetition: 58672
>passed!
repetition: 58673
>passed!
repetition: 58674
>passed!
repetition: 58675
>passed!
repetition: 58676
>passed!
repetition: 58677
>passed!
repetition: 58678
>passed!
repetition: 58679
>passed!
repetition: 58680
>passed!
repetition: 58681
>passed!
repetition: 58682
>passed!
repetition: 58683
>passed!
repetition: 58684
>passed!
repetition: 58685
>passed!
repetition: 58686
>passed!
repetition: 58687
>passed!
repetition: 58688
>passed!
repetition: 58689
>passed!
repetition: 58690
>passed!
repetition: 58691
>passed!
repetition: 58692
>passed!
repetition: 58693
>passed!
repetition: 58694
>passed!
repetition: 58695
>passed!
repetition: 58696
>passed!
repetition: 58697
>passed!
repetition: 58698
>passed!
repetition: 58699
>passed!
repetition: 58700
>passed!
repetition: 58701
>passed!
repetition: 58702
>passed!
repetition: 58703
>passed!
repetition: 58704
>passed!
repetition: 58705
>passed!
repetition: 58706
>passed!
repetition: 58707
>passed!
repetition: 58708
>passed!
repetition: 58709
>passed!
repetition: 58710
>passed!
repetition: 58711
>passed!
repetition: 58712
>passed!
repetition: 58713
>passed!
repetition: 58714
>passed!
repetition: 58715
>passed!
repetition: 58716
>passed!
repetition: 58717
>passed!
repetition: 58718
>passed!
repetition: 58719
>passed!
repetition: 58720
>passed!
repetition: 58721
>passed!
repetition: 58722
>passed!
repetition: 58723
>passed!
repetition: 58724
>passed!
repetition: 58725
>passed!
repetition: 58726
>passed!
repetition: 58727
>passed!
repetition: 58728
>passed!
repetition: 58729
>passed!
repetition: 58730
>passed!
repetition: 58731
>passed!
repetition: 58732
>passed!
repetition: 58733
>passed!
repetition: 58734
>passed!
repetition: 58735
>passed!
repetition: 58736
>passed!
repetition: 58737
>passed!
repetition: 58738
>passed!
repetition: 58739
>passed!
repetition: 58740
>passed!
repetition: 58741
>passed!
repetition: 58742
>passed!
repetition: 58743
>passed!
repetition: 58744
>passed!
repetition: 58745
>passed!
repetition: 58746
>passed!
repetition: 58747
>passed!
repetition: 58748
>passed!
repetition: 58749
>passed!
repetition: 58750
>passed!
repetition: 58751
>passed!
repetition: 58752
>passed!
repetition: 58753
>passed!
repetition: 58754
>passed!
repetition: 58755
>passed!
repetition: 58756
>passed!
repetition: 58757
>passed!
repetition: 58758
>passed!
repetition: 58759
>passed!
repetition: 58760
>passed!
repetition: 58761
>passed!
repetition: 58762
>passed!
repetition: 58763
>passed!
repetition: 58764
>passed!
repetition: 58765
>passed!
repetition: 58766
>passed!
repetition: 58767
>passed!
repetition: 58768
>passed!
repetition: 58769
>passed!
repetition: 58770
>passed!
repetition: 58771
>passed!
repetition: 58772
>passed!
repetition: 58773
>passed!
repetition: 58774
>passed!
repetition: 58775
>passed!
repetition: 58776
>passed!
repetition: 58777
>passed!
repetition: 58778
>passed!
repetition: 58779
>passed!
repetition: 58780
>passed!
repetition: 58781
>passed!
repetition: 58782
>passed!
repetition: 58783
>passed!
repetition: 58784
>passed!
repetition: 58785
>passed!
repetition: 58786
>passed!
repetition: 58787
>passed!
repetition: 58788
>passed!
repetition: 58789
>passed!
repetition: 58790
>passed!
repetition: 58791
>passed!
repetition: 58792
>passed!
repetition: 58793
>passed!
repetition: 58794
>passed!
repetition: 58795
>passed!
repetition: 58796
>passed!
repetition: 58797
>passed!
repetition: 58798
>passed!
repetition: 58799
>passed!
repetition: 58800
>passed!
repetition: 58801
>passed!
repetition: 58802
>passed!
repetition: 58803
>passed!
repetition: 58804
>passed!
repetition: 58805
>passed!
repetition: 58806
>passed!
repetition: 58807
>passed!
repetition: 58808
>passed!
repetition: 58809
>passed!
repetition: 58810
>passed!
repetition: 58811
>passed!
repetition: 58812
>passed!
repetition: 58813
>passed!
repetition: 58814
>passed!
repetition: 58815
>passed!
repetition: 58816
>passed!
repetition: 58817
>passed!
repetition: 58818
>passed!
repetition: 58819
>passed!
repetition: 58820
>passed!
repetition: 58821
>passed!
repetition: 58822
>passed!
repetition: 58823
>passed!
repetition: 58824
>passed!
repetition: 58825
>passed!
repetition: 58826
>passed!
repetition: 58827
>passed!
repetition: 58828
>passed!
repetition: 58829
>passed!
repetition: 58830
>passed!
repetition: 58831
>passed!
repetition: 58832
>passed!
repetition: 58833
>passed!
repetition: 58834
>passed!
repetition: 58835
>passed!
repetition: 58836
>passed!
repetition: 58837
>passed!
repetition: 58838
>passed!
repetition: 58839
>passed!
repetition: 58840
>passed!
repetition: 58841
>passed!
repetition: 58842
>passed!
repetition: 58843
>passed!
repetition: 58844
>passed!
repetition: 58845
>passed!
repetition: 58846
>passed!
repetition: 58847
>passed!
repetition: 58848
>passed!
repetition: 58849
>passed!
repetition: 58850
>passed!
repetition: 58851
>passed!
repetition: 58852
>passed!
repetition: 58853
>passed!
repetition: 58854
>passed!
repetition: 58855
>passed!
repetition: 58856
>passed!
repetition: 58857
>passed!
repetition: 58858
>passed!
repetition: 58859
>passed!
repetition: 58860
>passed!
repetition: 58861
>passed!
repetition: 58862
>passed!
repetition: 58863
>passed!
repetition: 58864
>passed!
repetition: 58865
>passed!
repetition: 58866
>passed!
repetition: 58867
>passed!
repetition: 58868
>passed!
repetition: 58869
>passed!
repetition: 58870
>passed!
repetition: 58871
>passed!
repetition: 58872
>passed!
repetition: 58873
>passed!
repetition: 58874
>passed!
repetition: 58875
>passed!
repetition: 58876
>passed!
repetition: 58877
>passed!
repetition: 58878
>passed!
repetition: 58879
>passed!
repetition: 58880
>passed!
repetition: 58881
>passed!
repetition: 58882
>passed!
repetition: 58883
>passed!
repetition: 58884
>passed!
repetition: 58885
>passed!
repetition: 58886
>passed!
repetition: 58887
>passed!
repetition: 58888
>passed!
repetition: 58889
>passed!
repetition: 58890
>passed!
repetition: 58891
>passed!
repetition: 58892
>passed!
repetition: 58893
>passed!
repetition: 58894
>passed!
repetition: 58895
>passed!
repetition: 58896
>passed!
repetition: 58897
>passed!
repetition: 58898
>passed!
repetition: 58899
>passed!
repetition: 58900
>passed!
repetition: 58901
>passed!
repetition: 58902
>passed!
repetition: 58903
>passed!
repetition: 58904
>passed!
repetition: 58905
>passed!
repetition: 58906
>passed!
repetition: 58907
>passed!
repetition: 58908
>passed!
repetition: 58909
>passed!
repetition: 58910
>passed!
repetition: 58911
>passed!
repetition: 58912
>passed!
repetition: 58913
>passed!
repetition: 58914
>passed!
repetition: 58915
>passed!
repetition: 58916
>passed!
repetition: 58917
>passed!
repetition: 58918
>passed!
repetition: 58919
>passed!
repetition: 58920
>passed!
repetition: 58921
>passed!
repetition: 58922
>passed!
repetition: 58923
>passed!
repetition: 58924
>passed!
repetition: 58925
>passed!
repetition: 58926
>passed!
repetition: 58927
>passed!
repetition: 58928
>passed!
repetition: 58929
>passed!
repetition: 58930
>passed!
repetition: 58931
>passed!
repetition: 58932
>passed!
repetition: 58933
>passed!
repetition: 58934
>passed!
repetition: 58935
>passed!
repetition: 58936
>passed!
repetition: 58937
>passed!
repetition: 58938
>passed!
repetition: 58939
>passed!
repetition: 58940
>passed!
repetition: 58941
>passed!
repetition: 58942
>passed!
repetition: 58943
>passed!
repetition: 58944
>passed!
repetition: 58945
>passed!
repetition: 58946
>passed!
repetition: 58947
>passed!
repetition: 58948
>passed!
repetition: 58949
>passed!
repetition: 58950
>passed!
repetition: 58951
>passed!
repetition: 58952
>passed!
repetition: 58953
>passed!
repetition: 58954
>passed!
repetition: 58955
>passed!
repetition: 58956
>passed!
repetition: 58957
>passed!
repetition: 58958
>passed!
repetition: 58959
>passed!
repetition: 58960
>passed!
repetition: 58961
>passed!
repetition: 58962
>passed!
repetition: 58963
>passed!
repetition: 58964
>passed!
repetition: 58965
>passed!
repetition: 58966
>passed!
repetition: 58967
>passed!
repetition: 58968
>passed!
repetition: 58969
>passed!
repetition: 58970
>passed!
repetition: 58971
>passed!
repetition: 58972
>passed!
repetition: 58973
>passed!
repetition: 58974
>passed!
repetition: 58975
>passed!
repetition: 58976
>passed!
repetition: 58977
>passed!
repetition: 58978
>passed!
repetition: 58979
>passed!
repetition: 58980
>passed!
repetition: 58981
>passed!
repetition: 58982
>passed!
repetition: 58983
>passed!
repetition: 58984
>passed!
repetition: 58985
>passed!
repetition: 58986
>passed!
repetition: 58987
>passed!
repetition: 58988
>passed!
repetition: 58989
>passed!
repetition: 58990
>passed!
repetition: 58991
>passed!
repetition: 58992
>passed!
repetition: 58993
>passed!
repetition: 58994
>passed!
repetition: 58995
>passed!
repetition: 58996
>passed!
repetition: 58997
>passed!
repetition: 58998
>passed!
repetition: 58999
>passed!
repetition: 59000
>passed!
repetition: 59001
>passed!
repetition: 59002
>passed!
repetition: 59003
>passed!
repetition: 59004
>passed!
repetition: 59005
>passed!
repetition: 59006
>passed!
repetition: 59007
>passed!
repetition: 59008
>passed!
repetition: 59009
>passed!
repetition: 59010
>passed!
repetition: 59011
>passed!
repetition: 59012
>passed!
repetition: 59013
>passed!
repetition: 59014
>passed!
repetition: 59015
>passed!
repetition: 59016
>passed!
repetition: 59017
>passed!
repetition: 59018
>passed!
repetition: 59019
>passed!
repetition: 59020
>passed!
repetition: 59021
>passed!
repetition: 59022
>passed!
repetition: 59023
>passed!
repetition: 59024
>passed!
repetition: 59025
>passed!
repetition: 59026
>passed!
repetition: 59027
>passed!
repetition: 59028
>passed!
repetition: 59029
>passed!
repetition: 59030
>passed!
repetition: 59031
>passed!
repetition: 59032
>passed!
repetition: 59033
>passed!
repetition: 59034
>passed!
repetition: 59035
>passed!
repetition: 59036
>passed!
repetition: 59037
>passed!
repetition: 59038
>passed!
repetition: 59039
>passed!
repetition: 59040
>passed!
repetition: 59041
>passed!
repetition: 59042
>passed!
repetition: 59043
>passed!
repetition: 59044
>passed!
repetition: 59045
>passed!
repetition: 59046
>passed!
repetition: 59047
>passed!
repetition: 59048
>passed!
repetition: 59049
>passed!
repetition: 59050
>passed!
repetition: 59051
>passed!
repetition: 59052
>passed!
repetition: 59053
>passed!
repetition: 59054
>passed!
repetition: 59055
>passed!
repetition: 59056
>passed!
repetition: 59057
>passed!
repetition: 59058
>passed!
repetition: 59059
>passed!
repetition: 59060
>passed!
repetition: 59061
>passed!
repetition: 59062
>passed!
repetition: 59063
>passed!
repetition: 59064
>passed!
repetition: 59065
>passed!
repetition: 59066
>passed!
repetition: 59067
>passed!
repetition: 59068
>passed!
repetition: 59069
>passed!
repetition: 59070
>passed!
repetition: 59071
>passed!
repetition: 59072
>passed!
repetition: 59073
>passed!
repetition: 59074
>passed!
repetition: 59075
>passed!
repetition: 59076
>passed!
repetition: 59077
>passed!
repetition: 59078
>passed!
repetition: 59079
>passed!
repetition: 59080
>passed!
repetition: 59081
>passed!
repetition: 59082
>passed!
repetition: 59083
>passed!
repetition: 59084
>passed!
repetition: 59085
>passed!
repetition: 59086
>passed!
repetition: 59087
>passed!
repetition: 59088
>passed!
repetition: 59089
>passed!
repetition: 59090
>passed!
repetition: 59091
>passed!
repetition: 59092
>passed!
repetition: 59093
>passed!
repetition: 59094
>passed!
repetition: 59095
>passed!
repetition: 59096
>passed!
repetition: 59097
>passed!
repetition: 59098
>passed!
repetition: 59099
>passed!
repetition: 59100
>passed!
repetition: 59101
>passed!
repetition: 59102
>passed!
repetition: 59103
>passed!
repetition: 59104
>passed!
repetition: 59105
>passed!
repetition: 59106
>passed!
repetition: 59107
>passed!
repetition: 59108
>passed!
repetition: 59109
>passed!
repetition: 59110
>passed!
repetition: 59111
>passed!
repetition: 59112
>passed!
repetition: 59113
>passed!
repetition: 59114
>passed!
repetition: 59115
>passed!
repetition: 59116
>passed!
repetition: 59117
>passed!
repetition: 59118
>passed!
repetition: 59119
>passed!
repetition: 59120
>passed!
repetition: 59121
>passed!
repetition: 59122
>passed!
repetition: 59123
>passed!
repetition: 59124
>passed!
repetition: 59125
>passed!
repetition: 59126
>passed!
repetition: 59127
>passed!
repetition: 59128
>passed!
repetition: 59129
>passed!
repetition: 59130
>passed!
repetition: 59131
>passed!
repetition: 59132
>passed!
repetition: 59133
>passed!
repetition: 59134
>passed!
repetition: 59135
>passed!
repetition: 59136
>passed!
repetition: 59137
>passed!
repetition: 59138
>passed!
repetition: 59139
>passed!
repetition: 59140
>passed!
repetition: 59141
>passed!
repetition: 59142
>passed!
repetition: 59143
>passed!
repetition: 59144
>passed!
repetition: 59145
>passed!
repetition: 59146
>passed!
repetition: 59147
>passed!
repetition: 59148
>passed!
repetition: 59149
>passed!
repetition: 59150
>passed!
repetition: 59151
>passed!
repetition: 59152
>passed!
repetition: 59153
>passed!
repetition: 59154
>passed!
repetition: 59155
>passed!
repetition: 59156
>passed!
repetition: 59157
>passed!
repetition: 59158
>passed!
repetition: 59159
>passed!
repetition: 59160
>passed!
repetition: 59161
>passed!
repetition: 59162
>passed!
repetition: 59163
>passed!
repetition: 59164
>passed!
repetition: 59165
>passed!
repetition: 59166
>passed!
repetition: 59167
>passed!
repetition: 59168
>passed!
repetition: 59169
>passed!
repetition: 59170
>passed!
repetition: 59171
>passed!
repetition: 59172
>passed!
repetition: 59173
>passed!
repetition: 59174
>passed!
repetition: 59175
>passed!
repetition: 59176
>passed!
repetition: 59177
>passed!
repetition: 59178
>passed!
repetition: 59179
>passed!
repetition: 59180
>passed!
repetition: 59181
>passed!
repetition: 59182
>passed!
repetition: 59183
>passed!
repetition: 59184
>passed!
repetition: 59185
>passed!
repetition: 59186
>passed!
repetition: 59187
>passed!
repetition: 59188
>passed!
repetition: 59189
>passed!
repetition: 59190
>passed!
repetition: 59191
>passed!
repetition: 59192
>passed!
repetition: 59193
>passed!
repetition: 59194
>passed!
repetition: 59195
>passed!
repetition: 59196
>passed!
repetition: 59197
>passed!
repetition: 59198
>passed!
repetition: 59199
>passed!
repetition: 59200
>passed!
repetition: 59201
>passed!
repetition: 59202
>passed!
repetition: 59203
>passed!
repetition: 59204
>passed!
repetition: 59205
>passed!
repetition: 59206
>passed!
repetition: 59207
>passed!
repetition: 59208
>passed!
repetition: 59209
>passed!
repetition: 59210
>passed!
repetition: 59211
>passed!
repetition: 59212
>passed!
repetition: 59213
>passed!
repetition: 59214
>passed!
repetition: 59215
>passed!
repetition: 59216
>passed!
repetition: 59217
>passed!
repetition: 59218
>passed!
repetition: 59219
>passed!
repetition: 59220
>passed!
repetition: 59221
>passed!
repetition: 59222
>passed!
repetition: 59223
>passed!
repetition: 59224
>passed!
repetition: 59225
>passed!
repetition: 59226
>passed!
repetition: 59227
>passed!
repetition: 59228
>passed!
repetition: 59229
>passed!
repetition: 59230
>passed!
repetition: 59231
>passed!
repetition: 59232
>passed!
repetition: 59233
>passed!
repetition: 59234
>passed!
repetition: 59235
>passed!
repetition: 59236
>passed!
repetition: 59237
>passed!
repetition: 59238
>passed!
repetition: 59239
>passed!
repetition: 59240
>passed!
repetition: 59241
>passed!
repetition: 59242
>passed!
repetition: 59243
>passed!
repetition: 59244
>passed!
repetition: 59245
>passed!
repetition: 59246
>passed!
repetition: 59247
>passed!
repetition: 59248
>passed!
repetition: 59249
>passed!
repetition: 59250
>passed!
repetition: 59251
>passed!
repetition: 59252
>passed!
repetition: 59253
>passed!
repetition: 59254
>passed!
repetition: 59255
>passed!
repetition: 59256
>passed!
repetition: 59257
>passed!
repetition: 59258
>passed!
repetition: 59259
>passed!
repetition: 59260
>passed!
repetition: 59261
>passed!
repetition: 59262
>passed!
repetition: 59263
>passed!
repetition: 59264
>passed!
repetition: 59265
>passed!
repetition: 59266
>passed!
repetition: 59267
>passed!
repetition: 59268
>passed!
repetition: 59269
>passed!
repetition: 59270
>passed!
repetition: 59271
>passed!
repetition: 59272
>passed!
repetition: 59273
>passed!
repetition: 59274
>passed!
repetition: 59275
>passed!
repetition: 59276
>passed!
repetition: 59277
>passed!
repetition: 59278
>passed!
repetition: 59279
>passed!
repetition: 59280
>passed!
repetition: 59281
>passed!
repetition: 59282
>passed!
repetition: 59283
>passed!
repetition: 59284
>passed!
repetition: 59285
>passed!
repetition: 59286
>passed!
repetition: 59287
>passed!
repetition: 59288
>passed!
repetition: 59289
>passed!
repetition: 59290
>passed!
repetition: 59291
>passed!
repetition: 59292
>passed!
repetition: 59293
>passed!
repetition: 59294
>passed!
repetition: 59295
>passed!
repetition: 59296
>passed!
repetition: 59297
>passed!
repetition: 59298
>passed!
repetition: 59299
>passed!
repetition: 59300
>passed!
repetition: 59301
>passed!
repetition: 59302
>passed!
repetition: 59303
>passed!
repetition: 59304
>passed!
repetition: 59305
>passed!
repetition: 59306
>passed!
repetition: 59307
>passed!
repetition: 59308
>passed!
repetition: 59309
>passed!
repetition: 59310
>passed!
repetition: 59311
>passed!
repetition: 59312
>passed!
repetition: 59313
>passed!
repetition: 59314
>passed!
repetition: 59315
>passed!
repetition: 59316
>passed!
repetition: 59317
>passed!
repetition: 59318
>passed!
repetition: 59319
>passed!
repetition: 59320
>passed!
repetition: 59321
>passed!
repetition: 59322
>passed!
repetition: 59323
>passed!
repetition: 59324
>passed!
repetition: 59325
>passed!
repetition: 59326
>passed!
repetition: 59327
>passed!
repetition: 59328
>passed!
repetition: 59329
>passed!
repetition: 59330
>passed!
repetition: 59331
>passed!
repetition: 59332
>passed!
repetition: 59333
>passed!
repetition: 59334
>passed!
repetition: 59335
>passed!
repetition: 59336
>passed!
repetition: 59337
>passed!
repetition: 59338
>passed!
repetition: 59339
>passed!
repetition: 59340
>passed!
repetition: 59341
>passed!
repetition: 59342
>passed!
repetition: 59343
>passed!
repetition: 59344
>passed!
repetition: 59345
>passed!
repetition: 59346
>passed!
repetition: 59347
>passed!
repetition: 59348
>passed!
repetition: 59349
>passed!
repetition: 59350
>passed!
repetition: 59351
>passed!
repetition: 59352
>passed!
repetition: 59353
>passed!
repetition: 59354
>passed!
repetition: 59355
>passed!
repetition: 59356
>passed!
repetition: 59357
>passed!
repetition: 59358
>passed!
repetition: 59359
>passed!
repetition: 59360
>passed!
repetition: 59361
>passed!
repetition: 59362
>passed!
repetition: 59363
>passed!
repetition: 59364
>passed!
repetition: 59365
>passed!
repetition: 59366
>passed!
repetition: 59367
>passed!
repetition: 59368
>passed!
repetition: 59369
>passed!
repetition: 59370
>passed!
repetition: 59371
>passed!
repetition: 59372
>passed!
repetition: 59373
>passed!
repetition: 59374
>passed!
repetition: 59375
>passed!
repetition: 59376
>passed!
repetition: 59377
>passed!
repetition: 59378
>passed!
repetition: 59379
>passed!
repetition: 59380
>passed!
repetition: 59381
>passed!
repetition: 59382
>passed!
repetition: 59383
>passed!
repetition: 59384
>passed!
repetition: 59385
>passed!
repetition: 59386
>passed!
repetition: 59387
>passed!
repetition: 59388
>passed!
repetition: 59389
>passed!
repetition: 59390
>passed!
repetition: 59391
>passed!
repetition: 59392
>passed!
repetition: 59393
>passed!
repetition: 59394
>passed!
repetition: 59395
>passed!
repetition: 59396
>passed!
repetition: 59397
>passed!
repetition: 59398
>passed!
repetition: 59399
>passed!
repetition: 59400
>passed!
repetition: 59401
>passed!
repetition: 59402
>passed!
repetition: 59403
>passed!
repetition: 59404
>passed!
repetition: 59405
>passed!
repetition: 59406
>passed!
repetition: 59407
>passed!
repetition: 59408
>passed!
repetition: 59409
>passed!
repetition: 59410
>passed!
repetition: 59411
>passed!
repetition: 59412
>passed!
repetition: 59413
>passed!
repetition: 59414
>passed!
repetition: 59415
>passed!
repetition: 59416
>passed!
repetition: 59417
>passed!
repetition: 59418
>passed!
repetition: 59419
>passed!
repetition: 59420
>passed!
repetition: 59421
>passed!
repetition: 59422
>passed!
repetition: 59423
>passed!
repetition: 59424
>passed!
repetition: 59425
>passed!
repetition: 59426
>passed!
repetition: 59427
>passed!
repetition: 59428
>passed!
repetition: 59429
>passed!
repetition: 59430
>passed!
repetition: 59431
>passed!
repetition: 59432
>passed!
repetition: 59433
>passed!
repetition: 59434
>passed!
repetition: 59435
>passed!
repetition: 59436
>passed!
repetition: 59437
>passed!
repetition: 59438
>passed!
repetition: 59439
>passed!
repetition: 59440
>passed!
repetition: 59441
>passed!
repetition: 59442
>passed!
repetition: 59443
>passed!
repetition: 59444
>passed!
repetition: 59445
>passed!
repetition: 59446
>passed!
repetition: 59447
>passed!
repetition: 59448
>passed!
repetition: 59449
>passed!
repetition: 59450
>passed!
repetition: 59451
>passed!
repetition: 59452
>passed!
repetition: 59453
>passed!
repetition: 59454
>passed!
repetition: 59455
>passed!
repetition: 59456
>passed!
repetition: 59457
>passed!
repetition: 59458
>passed!
repetition: 59459
>passed!
repetition: 59460
>passed!
repetition: 59461
>passed!
repetition: 59462
>passed!
repetition: 59463
>passed!
repetition: 59464
>passed!
repetition: 59465
>passed!
repetition: 59466
>passed!
repetition: 59467
>passed!
repetition: 59468
>passed!
repetition: 59469
>passed!
repetition: 59470
>passed!
repetition: 59471
>passed!
repetition: 59472
>passed!
repetition: 59473
>passed!
repetition: 59474
>passed!
repetition: 59475
>passed!
repetition: 59476
>passed!
repetition: 59477
>passed!
repetition: 59478
>passed!
repetition: 59479
>passed!
repetition: 59480
>passed!
repetition: 59481
>passed!
repetition: 59482
>passed!
repetition: 59483
>passed!
repetition: 59484
>passed!
repetition: 59485
>passed!
repetition: 59486
>passed!
repetition: 59487
>passed!
repetition: 59488
>passed!
repetition: 59489
>passed!
repetition: 59490
>passed!
repetition: 59491
>passed!
repetition: 59492
>passed!
repetition: 59493
>passed!
repetition: 59494
>passed!
repetition: 59495
>passed!
repetition: 59496
>passed!
repetition: 59497
>passed!
repetition: 59498
>passed!
repetition: 59499
>passed!
repetition: 59500
>passed!
repetition: 59501
>passed!
repetition: 59502
>passed!
repetition: 59503
>passed!
repetition: 59504
>passed!
repetition: 59505
>passed!
repetition: 59506
>passed!
repetition: 59507
>passed!
repetition: 59508
>passed!
repetition: 59509
>passed!
repetition: 59510
>passed!
repetition: 59511
>passed!
repetition: 59512
>passed!
repetition: 59513
>passed!
repetition: 59514
>passed!
repetition: 59515
>passed!
repetition: 59516
>passed!
repetition: 59517
>passed!
repetition: 59518
>passed!
repetition: 59519
>passed!
repetition: 59520
>passed!
repetition: 59521
>passed!
repetition: 59522
>passed!
repetition: 59523
>passed!
repetition: 59524
>passed!
repetition: 59525
>passed!
repetition: 59526
>passed!
repetition: 59527
>passed!
repetition: 59528
>passed!
repetition: 59529
>passed!
repetition: 59530
>passed!
repetition: 59531
>passed!
repetition: 59532
>passed!
repetition: 59533
>passed!
repetition: 59534
>passed!
repetition: 59535
>passed!
repetition: 59536
>passed!
repetition: 59537
>passed!
repetition: 59538
>passed!
repetition: 59539
>passed!
repetition: 59540
>passed!
repetition: 59541
>passed!
repetition: 59542
>passed!
repetition: 59543
>passed!
repetition: 59544
>passed!
repetition: 59545
>passed!
repetition: 59546
>passed!
repetition: 59547
>passed!
repetition: 59548
>passed!
repetition: 59549
>passed!
repetition: 59550
>passed!
repetition: 59551
>passed!
repetition: 59552
>passed!
repetition: 59553
>passed!
repetition: 59554
>passed!
repetition: 59555
>passed!
repetition: 59556
>passed!
repetition: 59557
>passed!
repetition: 59558
>passed!
repetition: 59559
>passed!
repetition: 59560
>passed!
repetition: 59561
>passed!
repetition: 59562
>passed!
repetition: 59563
>passed!
repetition: 59564
>passed!
repetition: 59565
>passed!
repetition: 59566
>passed!
repetition: 59567
>passed!
repetition: 59568
>passed!
repetition: 59569
>passed!
repetition: 59570
>passed!
repetition: 59571
>passed!
repetition: 59572
>passed!
repetition: 59573
>passed!
repetition: 59574
>passed!
repetition: 59575
>passed!
repetition: 59576
>passed!
repetition: 59577
>passed!
repetition: 59578
>passed!
repetition: 59579
>passed!
repetition: 59580
>passed!
repetition: 59581
>passed!
repetition: 59582
>passed!
repetition: 59583
>passed!
repetition: 59584
>passed!
repetition: 59585
>passed!
repetition: 59586
>passed!
repetition: 59587
>passed!
repetition: 59588
>passed!
repetition: 59589
>passed!
repetition: 59590
>passed!
repetition: 59591
>passed!
repetition: 59592
>passed!
repetition: 59593
>passed!
repetition: 59594
>passed!
repetition: 59595
>passed!
repetition: 59596
>passed!
repetition: 59597
>passed!
repetition: 59598
>passed!
repetition: 59599
>passed!
repetition: 59600
>passed!
repetition: 59601
>passed!
repetition: 59602
>passed!
repetition: 59603
>passed!
repetition: 59604
>passed!
repetition: 59605
>passed!
repetition: 59606
>passed!
repetition: 59607
>passed!
repetition: 59608
>passed!
repetition: 59609
>passed!
repetition: 59610
>passed!
repetition: 59611
>passed!
repetition: 59612
>passed!
repetition: 59613
>passed!
repetition: 59614
>passed!
repetition: 59615
>passed!
repetition: 59616
>passed!
repetition: 59617
>passed!
repetition: 59618
>passed!
repetition: 59619
>passed!
repetition: 59620
>passed!
repetition: 59621
>passed!
repetition: 59622
>passed!
repetition: 59623
>passed!
repetition: 59624
>passed!
repetition: 59625
>passed!
repetition: 59626
>passed!
repetition: 59627
>passed!
repetition: 59628
>passed!
repetition: 59629
>passed!
repetition: 59630
>passed!
repetition: 59631
>passed!
repetition: 59632
>passed!
repetition: 59633
>passed!
repetition: 59634
>passed!
repetition: 59635
>passed!
repetition: 59636
>passed!
repetition: 59637
>passed!
repetition: 59638
>passed!
repetition: 59639
>passed!
repetition: 59640
>passed!
repetition: 59641
>passed!
repetition: 59642
>passed!
repetition: 59643
>passed!
repetition: 59644
>passed!
repetition: 59645
>passed!
repetition: 59646
>passed!
repetition: 59647
>passed!
repetition: 59648
>passed!
repetition: 59649
>passed!
repetition: 59650
>passed!
repetition: 59651
>passed!
repetition: 59652
>passed!
repetition: 59653
>passed!
repetition: 59654
>passed!
repetition: 59655
>passed!
repetition: 59656
>passed!
repetition: 59657
>passed!
repetition: 59658
>passed!
repetition: 59659
>passed!
repetition: 59660
>passed!
repetition: 59661
>passed!
repetition: 59662
>passed!
repetition: 59663
>passed!
repetition: 59664
>passed!
repetition: 59665
>passed!
repetition: 59666
>passed!
repetition: 59667
>passed!
repetition: 59668
>passed!
repetition: 59669
>passed!
repetition: 59670
>passed!
repetition: 59671
>passed!
repetition: 59672
>passed!
repetition: 59673
>passed!
repetition: 59674
>passed!
repetition: 59675
>passed!
repetition: 59676
>passed!
repetition: 59677
>passed!
repetition: 59678
>passed!
repetition: 59679
>passed!
repetition: 59680
>passed!
repetition: 59681
>passed!
repetition: 59682
>passed!
repetition: 59683
>passed!
repetition: 59684
>passed!
repetition: 59685
>passed!
repetition: 59686
>passed!
repetition: 59687
>passed!
repetition: 59688
>passed!
repetition: 59689
>passed!
repetition: 59690
>passed!
repetition: 59691
>passed!
repetition: 59692
>passed!
repetition: 59693
>passed!
repetition: 59694
>passed!
repetition: 59695
>passed!
repetition: 59696
>passed!
repetition: 59697
>passed!
repetition: 59698
>passed!
repetition: 59699
>passed!
repetition: 59700
>passed!
repetition: 59701
>passed!
repetition: 59702
>passed!
repetition: 59703
>passed!
repetition: 59704
>passed!
repetition: 59705
>passed!
repetition: 59706
>passed!
repetition: 59707
>passed!
repetition: 59708
>passed!
repetition: 59709
>passed!
repetition: 59710
>passed!
repetition: 59711
>passed!
repetition: 59712
>passed!
repetition: 59713
>passed!
repetition: 59714
>passed!
repetition: 59715
>passed!
repetition: 59716
>passed!
repetition: 59717
>passed!
repetition: 59718
>passed!
repetition: 59719
>passed!
repetition: 59720
>passed!
repetition: 59721
>passed!
repetition: 59722
>passed!
repetition: 59723
>passed!
repetition: 59724
>passed!
repetition: 59725
>passed!
repetition: 59726
>passed!
repetition: 59727
>passed!
repetition: 59728
>passed!
repetition: 59729
>passed!
repetition: 59730
>passed!
repetition: 59731
>passed!
repetition: 59732
>passed!
repetition: 59733
>passed!
repetition: 59734
>passed!
repetition: 59735
>passed!
repetition: 59736
>passed!
repetition: 59737
>passed!
repetition: 59738
>passed!
repetition: 59739
>passed!
repetition: 59740
>passed!
repetition: 59741
>passed!
repetition: 59742
>passed!
repetition: 59743
>passed!
repetition: 59744
>passed!
repetition: 59745
>passed!
repetition: 59746
>passed!
repetition: 59747
>passed!
repetition: 59748
>passed!
repetition: 59749
>passed!
repetition: 59750
>passed!
repetition: 59751
>passed!
repetition: 59752
>passed!
repetition: 59753
>passed!
repetition: 59754
>passed!
repetition: 59755
>passed!
repetition: 59756
>passed!
repetition: 59757
>passed!
repetition: 59758
>passed!
repetition: 59759
>passed!
repetition: 59760
>passed!
repetition: 59761
>passed!
repetition: 59762
>passed!
repetition: 59763
>passed!
repetition: 59764
>passed!
repetition: 59765
>passed!
repetition: 59766
>passed!
repetition: 59767
>passed!
repetition: 59768
>passed!
repetition: 59769
>passed!
repetition: 59770
>passed!
repetition: 59771
>passed!
repetition: 59772
>passed!
repetition: 59773
>passed!
repetition: 59774
>passed!
repetition: 59775
>passed!
repetition: 59776
>passed!
repetition: 59777
>passed!
repetition: 59778
>passed!
repetition: 59779
>passed!
repetition: 59780
>passed!
repetition: 59781
>passed!
repetition: 59782
>passed!
repetition: 59783
>passed!
repetition: 59784
>passed!
repetition: 59785
>passed!
repetition: 59786
>passed!
repetition: 59787
>passed!
repetition: 59788
>passed!
repetition: 59789
>passed!
repetition: 59790
>passed!
repetition: 59791
>passed!
repetition: 59792
>passed!
repetition: 59793
>passed!
repetition: 59794
>passed!
repetition: 59795
>passed!
repetition: 59796
>passed!
repetition: 59797
>passed!
repetition: 59798
>passed!
repetition: 59799
>passed!
repetition: 59800
>passed!
repetition: 59801
>passed!
repetition: 59802
>passed!
repetition: 59803
>passed!
repetition: 59804
>passed!
repetition: 59805
>passed!
repetition: 59806
>passed!
repetition: 59807
>passed!
repetition: 59808
>passed!
repetition: 59809
>passed!
repetition: 59810
>passed!
repetition: 59811
>passed!
repetition: 59812
>passed!
repetition: 59813
>passed!
repetition: 59814
>passed!
repetition: 59815
>passed!
repetition: 59816
>passed!
repetition: 59817
>passed!
repetition: 59818
>passed!
repetition: 59819
>passed!
repetition: 59820
>passed!
repetition: 59821
>passed!
repetition: 59822
>passed!
repetition: 59823
>passed!
repetition: 59824
>passed!
repetition: 59825
>passed!
repetition: 59826
>passed!
repetition: 59827
>passed!
repetition: 59828
>passed!
repetition: 59829
>passed!
repetition: 59830
>passed!
repetition: 59831
>passed!
repetition: 59832
>passed!
repetition: 59833
>passed!
repetition: 59834
>passed!
repetition: 59835
>passed!
repetition: 59836
>passed!
repetition: 59837
>passed!
repetition: 59838
>passed!
repetition: 59839
>passed!
repetition: 59840
>passed!
repetition: 59841
>passed!
repetition: 59842
>passed!
repetition: 59843
>passed!
repetition: 59844
>passed!
repetition: 59845
>passed!
repetition: 59846
>passed!
repetition: 59847
>passed!
repetition: 59848
>passed!
repetition: 59849
>passed!
repetition: 59850
>passed!
repetition: 59851
>passed!
repetition: 59852
>passed!
repetition: 59853
>passed!
repetition: 59854
>passed!
repetition: 59855
>passed!
repetition: 59856
>passed!
repetition: 59857
>passed!
repetition: 59858
>passed!
repetition: 59859
>passed!
repetition: 59860
>passed!
repetition: 59861
>passed!
repetition: 59862
>passed!
repetition: 59863
>passed!
repetition: 59864
>passed!
repetition: 59865
>passed!
repetition: 59866
>passed!
repetition: 59867
>passed!
repetition: 59868
>passed!
repetition: 59869
>passed!
repetition: 59870
>passed!
repetition: 59871
>passed!
repetition: 59872
>passed!
repetition: 59873
>passed!
repetition: 59874
>passed!
repetition: 59875
>passed!
repetition: 59876
>passed!
repetition: 59877
>passed!
repetition: 59878
>passed!
repetition: 59879
>passed!
repetition: 59880
>passed!
repetition: 59881
>passed!
repetition: 59882
>passed!
repetition: 59883
>passed!
repetition: 59884
>passed!
repetition: 59885
>passed!
repetition: 59886
>passed!
repetition: 59887
>passed!
repetition: 59888
>passed!
repetition: 59889
>passed!
repetition: 59890
>passed!
repetition: 59891
>passed!
repetition: 59892
>passed!
repetition: 59893
>passed!
repetition: 59894
>passed!
repetition: 59895
>passed!
repetition: 59896
>passed!
repetition: 59897
>passed!
repetition: 59898
>passed!
repetition: 59899
>passed!
repetition: 59900
>passed!
repetition: 59901
>passed!
repetition: 59902
>passed!
repetition: 59903
>passed!
repetition: 59904
>passed!
repetition: 59905
>passed!
repetition: 59906
>passed!
repetition: 59907
>passed!
repetition: 59908
>passed!
repetition: 59909
>passed!
repetition: 59910
>passed!
repetition: 59911
>passed!
repetition: 59912
>passed!
repetition: 59913
>passed!
repetition: 59914
>passed!
repetition: 59915
>passed!
repetition: 59916
>passed!
repetition: 59917
>passed!
repetition: 59918
>passed!
repetition: 59919
>passed!
repetition: 59920
>passed!
repetition: 59921
>passed!
repetition: 59922
>passed!
repetition: 59923
>passed!
repetition: 59924
>passed!
repetition: 59925
>passed!
repetition: 59926
>passed!
repetition: 59927
>passed!
repetition: 59928
>passed!
repetition: 59929
>passed!
repetition: 59930
>passed!
repetition: 59931
>passed!
repetition: 59932
>passed!
repetition: 59933
>passed!
repetition: 59934
>passed!
repetition: 59935
>passed!
repetition: 59936
>passed!
repetition: 59937
>passed!
repetition: 59938
>passed!
repetition: 59939
>passed!
repetition: 59940
>passed!
repetition: 59941
>passed!
repetition: 59942
>passed!
repetition: 59943
>passed!
repetition: 59944
>passed!
repetition: 59945
>passed!
repetition: 59946
>passed!
repetition: 59947
>passed!
repetition: 59948
>passed!
repetition: 59949
>passed!
repetition: 59950
>passed!
repetition: 59951
>passed!
repetition: 59952
>passed!
repetition: 59953
>passed!
repetition: 59954
>passed!
repetition: 59955
>passed!
repetition: 59956
>passed!
repetition: 59957
>passed!
repetition: 59958
>passed!
repetition: 59959
>passed!
repetition: 59960
>passed!
repetition: 59961
>passed!
repetition: 59962
>passed!
repetition: 59963
>passed!
repetition: 59964
>passed!
repetition: 59965
>passed!
repetition: 59966
>passed!
repetition: 59967
>passed!
repetition: 59968
>passed!
repetition: 59969
>passed!
repetition: 59970
>passed!
repetition: 59971
>passed!
repetition: 59972
>passed!
repetition: 59973
>passed!
repetition: 59974
>passed!
repetition: 59975
>passed!
repetition: 59976
>passed!
repetition: 59977
>passed!
repetition: 59978
>passed!
repetition: 59979
>passed!
repetition: 59980
>passed!
repetition: 59981
>passed!
repetition: 59982
>passed!
repetition: 59983
>passed!
repetition: 59984
>passed!
repetition: 59985
>passed!
repetition: 59986
>passed!
repetition: 59987
>passed!
repetition: 59988
>passed!
repetition: 59989
>passed!
repetition: 59990
>passed!
repetition: 59991
>passed!
repetition: 59992
>passed!
repetition: 59993
>passed!
repetition: 59994
>passed!
repetition: 59995
>passed!
repetition: 59996
>passed!
repetition: 59997
>passed!
repetition: 59998
>passed!
repetition: 59999
>passed!
repetition: 60000
>passed!
repetition: 60001
>passed!
repetition: 60002
>passed!
repetition: 60003
>passed!
repetition: 60004
>passed!
repetition: 60005
>passed!
repetition: 60006
>passed!
repetition: 60007
>passed!
repetition: 60008
>passed!
repetition: 60009
>passed!
repetition: 60010
>passed!
repetition: 60011
>passed!
repetition: 60012
>passed!
repetition: 60013
>passed!
repetition: 60014
>passed!
repetition: 60015
>passed!
repetition: 60016
>passed!
repetition: 60017
>passed!
repetition: 60018
>passed!
repetition: 60019
>passed!
repetition: 60020
>passed!
repetition: 60021
>passed!
repetition: 60022
>passed!
repetition: 60023
>passed!
repetition: 60024
>passed!
repetition: 60025
>passed!
repetition: 60026
>passed!
repetition: 60027
>passed!
repetition: 60028
>passed!
repetition: 60029
>passed!
repetition: 60030
>passed!
repetition: 60031
>passed!
repetition: 60032
>passed!
repetition: 60033
>passed!
repetition: 60034
>passed!
repetition: 60035
>passed!
repetition: 60036
>passed!
repetition: 60037
>passed!
repetition: 60038
>passed!
repetition: 60039
>passed!
repetition: 60040
>passed!
repetition: 60041
>passed!
repetition: 60042
>passed!
repetition: 60043
>passed!
repetition: 60044
>passed!
repetition: 60045
>passed!
repetition: 60046
>passed!
repetition: 60047
>passed!
repetition: 60048
>passed!
repetition: 60049
>passed!
repetition: 60050
>passed!
repetition: 60051
>passed!
repetition: 60052
>passed!
repetition: 60053
>passed!
repetition: 60054
>passed!
repetition: 60055
>passed!
repetition: 60056
>passed!
repetition: 60057
>passed!
repetition: 60058
>passed!
repetition: 60059
>passed!
repetition: 60060
>passed!
repetition: 60061
>passed!
repetition: 60062
>passed!
repetition: 60063
>passed!
repetition: 60064
>passed!
repetition: 60065
>passed!
repetition: 60066
>passed!
repetition: 60067
>passed!
repetition: 60068
>passed!
repetition: 60069
>passed!
repetition: 60070
>passed!
repetition: 60071
>passed!
repetition: 60072
>passed!
repetition: 60073
>passed!
repetition: 60074
>passed!
repetition: 60075
>passed!
repetition: 60076
>passed!
repetition: 60077
>passed!
repetition: 60078
>passed!
repetition: 60079
>passed!
repetition: 60080
>passed!
repetition: 60081
>passed!
repetition: 60082
>passed!
repetition: 60083
>passed!
repetition: 60084
>passed!
repetition: 60085
>passed!
repetition: 60086
>passed!
repetition: 60087
>passed!
repetition: 60088
>passed!
repetition: 60089
>passed!
repetition: 60090
>passed!
repetition: 60091
>passed!
repetition: 60092
>passed!
repetition: 60093
>passed!
repetition: 60094
>passed!
repetition: 60095
>passed!
repetition: 60096
>passed!
repetition: 60097
>passed!
repetition: 60098
>passed!
repetition: 60099
>passed!
repetition: 60100
>passed!
repetition: 60101
>passed!
repetition: 60102
>passed!
repetition: 60103
>passed!
repetition: 60104
>passed!
repetition: 60105
>passed!
repetition: 60106
>passed!
repetition: 60107
>passed!
repetition: 60108
>passed!
repetition: 60109
>passed!
repetition: 60110
>passed!
repetition: 60111
>passed!
repetition: 60112
>passed!
repetition: 60113
>passed!
repetition: 60114
>passed!
repetition: 60115
>passed!
repetition: 60116
>passed!
repetition: 60117
>passed!
repetition: 60118
>passed!
repetition: 60119
>passed!
repetition: 60120
>passed!
repetition: 60121
>passed!
repetition: 60122
>passed!
repetition: 60123
>passed!
repetition: 60124
>passed!
repetition: 60125
>passed!
repetition: 60126
>passed!
repetition: 60127
>passed!
repetition: 60128
>passed!
repetition: 60129
>passed!
repetition: 60130
>passed!
repetition: 60131
>passed!
repetition: 60132
>passed!
repetition: 60133
>passed!
repetition: 60134
>passed!
repetition: 60135
>passed!
repetition: 60136
>passed!
repetition: 60137
>passed!
repetition: 60138
>passed!
repetition: 60139
>passed!
repetition: 60140
>passed!
repetition: 60141
>passed!
repetition: 60142
>passed!
repetition: 60143
>passed!
repetition: 60144
>passed!
repetition: 60145
>passed!
repetition: 60146
>passed!
repetition: 60147
>passed!
repetition: 60148
>passed!
repetition: 60149
>passed!
repetition: 60150
>passed!
repetition: 60151
>passed!
repetition: 60152
>passed!
repetition: 60153
>passed!
repetition: 60154
>passed!
repetition: 60155
>passed!
repetition: 60156
>passed!
repetition: 60157
>passed!
repetition: 60158
>passed!
repetition: 60159
>passed!
repetition: 60160
>passed!
repetition: 60161
>passed!
repetition: 60162
>passed!
repetition: 60163
>passed!
repetition: 60164
>passed!
repetition: 60165
>passed!
repetition: 60166
>passed!
repetition: 60167
>passed!
repetition: 60168
>passed!
repetition: 60169
>passed!
repetition: 60170
>passed!
repetition: 60171
>passed!
repetition: 60172
>passed!
repetition: 60173
>passed!
repetition: 60174
>passed!
repetition: 60175
>passed!
repetition: 60176
>passed!
repetition: 60177
>passed!
repetition: 60178
>passed!
repetition: 60179
>passed!
repetition: 60180
>passed!
repetition: 60181
>passed!
repetition: 60182
>passed!
repetition: 60183
>passed!
repetition: 60184
>passed!
repetition: 60185
>passed!
repetition: 60186
>passed!
repetition: 60187
>passed!
repetition: 60188
>passed!
repetition: 60189
>passed!
repetition: 60190
>passed!
repetition: 60191
>passed!
repetition: 60192
>passed!
repetition: 60193
>passed!
repetition: 60194
>passed!
repetition: 60195
>passed!
repetition: 60196
>passed!
repetition: 60197
>passed!
repetition: 60198
>passed!
repetition: 60199
>passed!
repetition: 60200
>passed!
repetition: 60201
>passed!
repetition: 60202
>passed!
repetition: 60203
>passed!
repetition: 60204
>passed!
repetition: 60205
>passed!
repetition: 60206
>passed!
repetition: 60207
>passed!
repetition: 60208
>passed!
repetition: 60209
>passed!
repetition: 60210
>passed!
repetition: 60211
>passed!
repetition: 60212
>passed!
repetition: 60213
>passed!
repetition: 60214
>passed!
repetition: 60215
>passed!
repetition: 60216
>passed!
repetition: 60217
>passed!
repetition: 60218
>passed!
repetition: 60219
>passed!
repetition: 60220
>passed!
repetition: 60221
>passed!
repetition: 60222
>passed!
repetition: 60223
>passed!
repetition: 60224
>passed!
repetition: 60225
>passed!
repetition: 60226
>passed!
repetition: 60227
>passed!
repetition: 60228
>passed!
repetition: 60229
>passed!
repetition: 60230
>passed!
repetition: 60231
>passed!
repetition: 60232
>passed!
repetition: 60233
>passed!
repetition: 60234
>passed!
repetition: 60235
>passed!
repetition: 60236
>passed!
repetition: 60237
>passed!
repetition: 60238
>passed!
repetition: 60239
>passed!
repetition: 60240
>passed!
repetition: 60241
>passed!
repetition: 60242
>passed!
repetition: 60243
>passed!
repetition: 60244
>passed!
repetition: 60245
>passed!
repetition: 60246
>passed!
repetition: 60247
>passed!
repetition: 60248
>passed!
repetition: 60249
>passed!
repetition: 60250
>passed!
repetition: 60251
>passed!
repetition: 60252
>passed!
repetition: 60253
>passed!
repetition: 60254
>passed!
repetition: 60255
>passed!
repetition: 60256
>passed!
repetition: 60257
>passed!
repetition: 60258
>passed!
repetition: 60259
>passed!
repetition: 60260
>passed!
repetition: 60261
>passed!
repetition: 60262
>passed!
repetition: 60263
>passed!
repetition: 60264
>passed!
repetition: 60265
>passed!
repetition: 60266
>passed!
repetition: 60267
>passed!
repetition: 60268
>passed!
repetition: 60269
>passed!
repetition: 60270
>passed!
repetition: 60271
>passed!
repetition: 60272
>passed!
repetition: 60273
>passed!
repetition: 60274
>passed!
repetition: 60275
>passed!
repetition: 60276
>passed!
repetition: 60277
>passed!
repetition: 60278
>passed!
repetition: 60279
>passed!
repetition: 60280
>passed!
repetition: 60281
>passed!
repetition: 60282
>passed!
repetition: 60283
>passed!
repetition: 60284
>passed!
repetition: 60285
>passed!
repetition: 60286
>passed!
repetition: 60287
>passed!
repetition: 60288
>passed!
repetition: 60289
>passed!
repetition: 60290
>passed!
repetition: 60291
>passed!
repetition: 60292
>passed!
repetition: 60293
>passed!
repetition: 60294
>passed!
repetition: 60295
>passed!
repetition: 60296
>passed!
repetition: 60297
>passed!
repetition: 60298
>passed!
repetition: 60299
>passed!
repetition: 60300
>passed!
repetition: 60301
>passed!
repetition: 60302
>passed!
repetition: 60303
>passed!
repetition: 60304
>passed!
repetition: 60305
>passed!
repetition: 60306
>passed!
repetition: 60307
>passed!
repetition: 60308
>passed!
repetition: 60309
>passed!
repetition: 60310
>passed!
repetition: 60311
>passed!
repetition: 60312
>passed!
repetition: 60313
>passed!
repetition: 60314
>passed!
repetition: 60315
>passed!
repetition: 60316
>passed!
repetition: 60317
>passed!
repetition: 60318
>passed!
repetition: 60319
>passed!
repetition: 60320
>passed!
repetition: 60321
>passed!
repetition: 60322
>passed!
repetition: 60323
>passed!
repetition: 60324
>passed!
repetition: 60325
>passed!
repetition: 60326
>passed!
repetition: 60327
>passed!
repetition: 60328
>passed!
repetition: 60329
>passed!
repetition: 60330
>passed!
repetition: 60331
>passed!
repetition: 60332
>passed!
repetition: 60333
>passed!
repetition: 60334
>passed!
repetition: 60335
>passed!
repetition: 60336
>passed!
repetition: 60337
>passed!
repetition: 60338
>passed!
repetition: 60339
>passed!
repetition: 60340
>passed!
repetition: 60341
>passed!
repetition: 60342
>passed!
repetition: 60343
>passed!
repetition: 60344
>passed!
repetition: 60345
>passed!
repetition: 60346
>passed!
repetition: 60347
>passed!
repetition: 60348
>passed!
repetition: 60349
>passed!
repetition: 60350
>passed!
repetition: 60351
>passed!
repetition: 60352
>passed!
repetition: 60353
>passed!
repetition: 60354
>passed!
repetition: 60355
>passed!
repetition: 60356
>passed!
repetition: 60357
>passed!
repetition: 60358
>passed!
repetition: 60359
>passed!
repetition: 60360
>passed!
repetition: 60361
>passed!
repetition: 60362
>passed!
repetition: 60363
>passed!
repetition: 60364
>passed!
repetition: 60365
>passed!
repetition: 60366
>passed!
repetition: 60367
>passed!
repetition: 60368
>passed!
repetition: 60369
>passed!
repetition: 60370
>passed!
repetition: 60371
>passed!
repetition: 60372
>passed!
repetition: 60373
>passed!
repetition: 60374
>passed!
repetition: 60375
>passed!
repetition: 60376
>passed!
repetition: 60377
>passed!
repetition: 60378
>passed!
repetition: 60379
>passed!
repetition: 60380
>passed!
repetition: 60381
>passed!
repetition: 60382
>passed!
repetition: 60383
>passed!
repetition: 60384
>passed!
repetition: 60385
>passed!
repetition: 60386
>passed!
repetition: 60387
>passed!
repetition: 60388
>passed!
repetition: 60389
>passed!
repetition: 60390
>passed!
repetition: 60391
>passed!
repetition: 60392
>passed!
repetition: 60393
>passed!
repetition: 60394
>passed!
repetition: 60395
>passed!
repetition: 60396
>passed!
repetition: 60397
>passed!
repetition: 60398
>passed!
repetition: 60399
>passed!
repetition: 60400
>passed!
repetition: 60401
>passed!
repetition: 60402
>passed!
repetition: 60403
>passed!
repetition: 60404
>passed!
repetition: 60405
>passed!
repetition: 60406
>passed!
repetition: 60407
>passed!
repetition: 60408
>passed!
repetition: 60409
>passed!
repetition: 60410
>passed!
repetition: 60411
>passed!
repetition: 60412
>passed!
repetition: 60413
>passed!
repetition: 60414
>passed!
repetition: 60415
>passed!
repetition: 60416
>passed!
repetition: 60417
>passed!
repetition: 60418
>passed!
repetition: 60419
>passed!
repetition: 60420
>passed!
repetition: 60421
>passed!
repetition: 60422
>passed!
repetition: 60423
>passed!
repetition: 60424
>passed!
repetition: 60425
>passed!
repetition: 60426
>passed!
repetition: 60427
>passed!
repetition: 60428
>passed!
repetition: 60429
>passed!
repetition: 60430
>passed!
repetition: 60431
>passed!
repetition: 60432
>passed!
repetition: 60433
>passed!
repetition: 60434
>passed!
repetition: 60435
>passed!
repetition: 60436
>passed!
repetition: 60437
>passed!
repetition: 60438
>passed!
repetition: 60439
>passed!
repetition: 60440
>passed!
repetition: 60441
>passed!
repetition: 60442
>passed!
repetition: 60443
>passed!
repetition: 60444
>passed!
repetition: 60445
>passed!
repetition: 60446
>passed!
repetition: 60447
>passed!
repetition: 60448
>passed!
repetition: 60449
>passed!
repetition: 60450
>passed!
repetition: 60451
>passed!
repetition: 60452
>passed!
repetition: 60453
>passed!
repetition: 60454
>passed!
repetition: 60455
>passed!
repetition: 60456
>passed!
repetition: 60457
>passed!
repetition: 60458
>passed!
repetition: 60459
>passed!
repetition: 60460
>passed!
repetition: 60461
>passed!
repetition: 60462
>passed!
repetition: 60463
>passed!
repetition: 60464
>passed!
repetition: 60465
>passed!
repetition: 60466
>passed!
repetition: 60467
>passed!
repetition: 60468
>passed!
repetition: 60469
>passed!
repetition: 60470
>passed!
repetition: 60471
>passed!
repetition: 60472
>passed!
repetition: 60473
>passed!
repetition: 60474
>passed!
repetition: 60475
>passed!
repetition: 60476
>passed!
repetition: 60477
>passed!
repetition: 60478
>passed!
repetition: 60479
>passed!
repetition: 60480
>passed!
repetition: 60481
>passed!
repetition: 60482
>passed!
repetition: 60483
>passed!
repetition: 60484
>passed!
repetition: 60485
>passed!
repetition: 60486
>passed!
repetition: 60487
>passed!
repetition: 60488
>passed!
repetition: 60489
>passed!
repetition: 60490
>passed!
repetition: 60491
>passed!
repetition: 60492
>passed!
repetition: 60493
>passed!
repetition: 60494
>passed!
repetition: 60495
>passed!
repetition: 60496
>passed!
repetition: 60497
>passed!
repetition: 60498
>passed!
repetition: 60499
>passed!
repetition: 60500
>passed!
repetition: 60501
>passed!
repetition: 60502
>passed!
repetition: 60503
>passed!
repetition: 60504
>passed!
repetition: 60505
>passed!
repetition: 60506
>passed!
repetition: 60507
>passed!
repetition: 60508
>passed!
repetition: 60509
>passed!
repetition: 60510
>passed!
repetition: 60511
>passed!
repetition: 60512
>passed!
repetition: 60513
>passed!
repetition: 60514
>passed!
repetition: 60515
>passed!
repetition: 60516
>passed!
repetition: 60517
>passed!
repetition: 60518
>passed!
repetition: 60519
>passed!
repetition: 60520
>passed!
repetition: 60521
>passed!
repetition: 60522
>passed!
repetition: 60523
>passed!
repetition: 60524
>passed!
repetition: 60525
>passed!
repetition: 60526
>passed!
repetition: 60527
>passed!
repetition: 60528
>passed!
repetition: 60529
>passed!
repetition: 60530
>passed!
repetition: 60531
>passed!
repetition: 60532
>passed!
repetition: 60533
>passed!
repetition: 60534
>passed!
repetition: 60535
>passed!
repetition: 60536
>passed!
repetition: 60537
>passed!
repetition: 60538
>passed!
repetition: 60539
>passed!
repetition: 60540
>passed!
repetition: 60541
>passed!
repetition: 60542
>passed!
repetition: 60543
>passed!
repetition: 60544
>passed!
repetition: 60545
>passed!
repetition: 60546
>passed!
repetition: 60547
>passed!
repetition: 60548
>passed!
repetition: 60549
>passed!
repetition: 60550
>passed!
repetition: 60551
>passed!
repetition: 60552
>passed!
repetition: 60553
>passed!
repetition: 60554
>passed!
repetition: 60555
>passed!
repetition: 60556
>passed!
repetition: 60557
>passed!
repetition: 60558
>passed!
repetition: 60559
>passed!
repetition: 60560
>passed!
repetition: 60561
>passed!
repetition: 60562
>passed!
repetition: 60563
>passed!
repetition: 60564
>passed!
repetition: 60565
>passed!
repetition: 60566
>passed!
repetition: 60567
>passed!
repetition: 60568
>passed!
repetition: 60569
>passed!
repetition: 60570
>passed!
repetition: 60571
>passed!
repetition: 60572
>passed!
repetition: 60573
>passed!
repetition: 60574
>passed!
repetition: 60575
>passed!
repetition: 60576
>passed!
repetition: 60577
>passed!
repetition: 60578
>passed!
repetition: 60579
>passed!
repetition: 60580
>passed!
repetition: 60581
>passed!
repetition: 60582
>passed!
repetition: 60583
>passed!
repetition: 60584
>passed!
repetition: 60585
>passed!
repetition: 60586
>passed!
repetition: 60587
>passed!
repetition: 60588
>passed!
repetition: 60589
>passed!
repetition: 60590
>passed!
repetition: 60591
>passed!
repetition: 60592
>passed!
repetition: 60593
>passed!
repetition: 60594
>passed!
repetition: 60595
>passed!
repetition: 60596
>passed!
repetition: 60597
>passed!
repetition: 60598
>passed!
repetition: 60599
>passed!
repetition: 60600
>passed!
repetition: 60601
>passed!
repetition: 60602
>passed!
repetition: 60603
>passed!
repetition: 60604
>passed!
repetition: 60605
>passed!
repetition: 60606
>passed!
repetition: 60607
>passed!
repetition: 60608
>passed!
repetition: 60609
>passed!
repetition: 60610
>passed!
repetition: 60611
>passed!
repetition: 60612
>passed!
repetition: 60613
>passed!
repetition: 60614
>passed!
repetition: 60615
>passed!
repetition: 60616
>passed!
repetition: 60617
>passed!
repetition: 60618
>passed!
repetition: 60619
>passed!
repetition: 60620
>passed!
repetition: 60621
>passed!
repetition: 60622
>passed!
repetition: 60623
>passed!
repetition: 60624
>passed!
repetition: 60625
>passed!
repetition: 60626
>passed!
repetition: 60627
>passed!
repetition: 60628
>passed!
repetition: 60629
>passed!
repetition: 60630
>passed!
repetition: 60631
>passed!
repetition: 60632
>passed!
repetition: 60633
>passed!
repetition: 60634
>passed!
repetition: 60635
>passed!
repetition: 60636
>passed!
repetition: 60637
>passed!
repetition: 60638
>passed!
repetition: 60639
>passed!
repetition: 60640
>passed!
repetition: 60641
>passed!
repetition: 60642
>passed!
repetition: 60643
>passed!
repetition: 60644
>passed!
repetition: 60645
>passed!
repetition: 60646
>passed!
repetition: 60647
>passed!
repetition: 60648
>passed!
repetition: 60649
>passed!
repetition: 60650
>passed!
repetition: 60651
>passed!
repetition: 60652
>passed!
repetition: 60653
>passed!
repetition: 60654
>passed!
repetition: 60655
>passed!
repetition: 60656
>passed!
repetition: 60657
>passed!
repetition: 60658
>passed!
repetition: 60659
>passed!
repetition: 60660
>passed!
repetition: 60661
>passed!
repetition: 60662
>passed!
repetition: 60663
>passed!
repetition: 60664
>passed!
repetition: 60665
>passed!
repetition: 60666
>passed!
repetition: 60667
>passed!
repetition: 60668
>passed!
repetition: 60669
>passed!
repetition: 60670
>passed!
repetition: 60671
>passed!
repetition: 60672
>passed!
repetition: 60673
>passed!
repetition: 60674
>passed!
repetition: 60675
>passed!
repetition: 60676
>passed!
repetition: 60677
>passed!
repetition: 60678
>passed!
repetition: 60679
>passed!
repetition: 60680
>passed!
repetition: 60681
>passed!
repetition: 60682
>passed!
repetition: 60683
>passed!
repetition: 60684
>passed!
repetition: 60685
>passed!
repetition: 60686
>passed!
repetition: 60687
>passed!
repetition: 60688
>passed!
repetition: 60689
>passed!
repetition: 60690
>passed!
repetition: 60691
>passed!
repetition: 60692
>passed!
repetition: 60693
>passed!
repetition: 60694
>passed!
repetition: 60695
>passed!
repetition: 60696
>passed!
repetition: 60697
>passed!
repetition: 60698
>passed!
repetition: 60699
>passed!
repetition: 60700
>passed!
repetition: 60701
>passed!
repetition: 60702
>passed!
repetition: 60703
>passed!
repetition: 60704
>passed!
repetition: 60705
>passed!
repetition: 60706
>passed!
repetition: 60707
>passed!
repetition: 60708
>passed!
repetition: 60709
>passed!
repetition: 60710
>passed!
repetition: 60711
>passed!
repetition: 60712
>passed!
repetition: 60713
>passed!
repetition: 60714
>passed!
repetition: 60715
>passed!
repetition: 60716
>passed!
repetition: 60717
>passed!
repetition: 60718
>passed!
repetition: 60719
>passed!
repetition: 60720
>passed!
repetition: 60721
>passed!
repetition: 60722
>passed!
repetition: 60723
>passed!
repetition: 60724
>passed!
repetition: 60725
>passed!
repetition: 60726
>passed!
repetition: 60727
>passed!
repetition: 60728
>passed!
repetition: 60729
>passed!
repetition: 60730
>passed!
repetition: 60731
>passed!
repetition: 60732
>passed!
repetition: 60733
>passed!
repetition: 60734
>passed!
repetition: 60735
>passed!
repetition: 60736
>passed!
repetition: 60737
>passed!
repetition: 60738
>passed!
repetition: 60739
>passed!
repetition: 60740
>passed!
repetition: 60741
>passed!
repetition: 60742
>passed!
repetition: 60743
>passed!
repetition: 60744
>passed!
repetition: 60745
>passed!
repetition: 60746
>passed!
repetition: 60747
>passed!
repetition: 60748
>passed!
repetition: 60749
>passed!
repetition: 60750
>passed!
repetition: 60751
>passed!
repetition: 60752
>passed!
repetition: 60753
>passed!
repetition: 60754
>passed!
repetition: 60755
>passed!
repetition: 60756
>passed!
repetition: 60757
>passed!
repetition: 60758
>passed!
repetition: 60759
>passed!
repetition: 60760
>passed!
repetition: 60761
>passed!
repetition: 60762
>passed!
repetition: 60763
>passed!
repetition: 60764
>passed!
repetition: 60765
>passed!
repetition: 60766
>passed!
repetition: 60767
>passed!
repetition: 60768
>passed!
repetition: 60769
>passed!
repetition: 60770
>passed!
repetition: 60771
>passed!
repetition: 60772
>passed!
repetition: 60773
>passed!
repetition: 60774
>passed!
repetition: 60775
>passed!
repetition: 60776
>passed!
repetition: 60777
>passed!
repetition: 60778
>passed!
repetition: 60779
>passed!
repetition: 60780
>passed!
repetition: 60781
>passed!
repetition: 60782
>passed!
repetition: 60783
>passed!
repetition: 60784
>passed!
repetition: 60785
>passed!
repetition: 60786
>passed!
repetition: 60787
>passed!
repetition: 60788
>passed!
repetition: 60789
>passed!
repetition: 60790
>passed!
repetition: 60791
>passed!
repetition: 60792
>passed!
repetition: 60793
>passed!
repetition: 60794
>passed!
repetition: 60795
>passed!
repetition: 60796
>passed!
repetition: 60797
>passed!
repetition: 60798
>passed!
repetition: 60799
>passed!
repetition: 60800
>passed!
repetition: 60801
>passed!
repetition: 60802
>passed!
repetition: 60803
>passed!
repetition: 60804
>passed!
repetition: 60805
>passed!
repetition: 60806
>passed!
repetition: 60807
>passed!
repetition: 60808
>passed!
repetition: 60809
>passed!
repetition: 60810
>passed!
repetition: 60811
>passed!
repetition: 60812
>passed!
repetition: 60813
>passed!
repetition: 60814
>passed!
repetition: 60815
>passed!
repetition: 60816
>passed!
repetition: 60817
>passed!
repetition: 60818
>passed!
repetition: 60819
>passed!
repetition: 60820
>passed!
repetition: 60821
>passed!
repetition: 60822
>passed!
repetition: 60823
>passed!
repetition: 60824
>passed!
repetition: 60825
>passed!
repetition: 60826
>passed!
repetition: 60827
>passed!
repetition: 60828
>passed!
repetition: 60829
>passed!
repetition: 60830
>passed!
repetition: 60831
>passed!
repetition: 60832
>passed!
repetition: 60833
>passed!
repetition: 60834
>passed!
repetition: 60835
>passed!
repetition: 60836
>passed!
repetition: 60837
>passed!
repetition: 60838
>passed!
repetition: 60839
>passed!
repetition: 60840
>passed!
repetition: 60841
>passed!
repetition: 60842
>passed!
repetition: 60843
>passed!
repetition: 60844
>passed!
repetition: 60845
>passed!
repetition: 60846
>passed!
repetition: 60847
>passed!
repetition: 60848
>passed!
repetition: 60849
>passed!
repetition: 60850
>passed!
repetition: 60851
>passed!
repetition: 60852
>passed!
repetition: 60853
>passed!
repetition: 60854
>passed!
repetition: 60855
>passed!
repetition: 60856
>passed!
repetition: 60857
>passed!
repetition: 60858
>passed!
repetition: 60859
>passed!
repetition: 60860
>passed!
repetition: 60861
>passed!
repetition: 60862
>passed!
repetition: 60863
>passed!
repetition: 60864
>passed!
repetition: 60865
>passed!
repetition: 60866
>passed!
repetition: 60867
>passed!
repetition: 60868
>passed!
repetition: 60869
>passed!
repetition: 60870
>passed!
repetition: 60871
>passed!
repetition: 60872
>passed!
repetition: 60873
>passed!
repetition: 60874
>passed!
repetition: 60875
>passed!
repetition: 60876
>passed!
repetition: 60877
>passed!
repetition: 60878
>passed!
repetition: 60879
>passed!
repetition: 60880
>passed!
repetition: 60881
>passed!
repetition: 60882
>passed!
repetition: 60883
>passed!
repetition: 60884
>passed!
repetition: 60885
>passed!
repetition: 60886
>passed!
repetition: 60887
>passed!
repetition: 60888
>passed!
repetition: 60889
>passed!
repetition: 60890
>passed!
repetition: 60891
>passed!
repetition: 60892
>passed!
repetition: 60893
>passed!
repetition: 60894
>passed!
repetition: 60895
>passed!
repetition: 60896
>passed!
repetition: 60897
>passed!
repetition: 60898
>passed!
repetition: 60899
>passed!
repetition: 60900
>passed!
repetition: 60901
>passed!
repetition: 60902
>passed!
repetition: 60903
>passed!
repetition: 60904
>passed!
repetition: 60905
>passed!
repetition: 60906
>passed!
repetition: 60907
>passed!
repetition: 60908
>passed!
repetition: 60909
>passed!
repetition: 60910
>passed!
repetition: 60911
>passed!
repetition: 60912
>passed!
repetition: 60913
>passed!
repetition: 60914
>passed!
repetition: 60915
>passed!
repetition: 60916
>passed!
repetition: 60917
>passed!
repetition: 60918
>passed!
repetition: 60919
>passed!
repetition: 60920
>passed!
repetition: 60921
>passed!
repetition: 60922
>passed!
repetition: 60923
>passed!
repetition: 60924
>passed!
repetition: 60925
>passed!
repetition: 60926
>passed!
repetition: 60927
>passed!
repetition: 60928
>passed!
repetition: 60929
>passed!
repetition: 60930
>passed!
repetition: 60931
>passed!
repetition: 60932
>passed!
repetition: 60933
>passed!
repetition: 60934
>passed!
repetition: 60935
>passed!
repetition: 60936
>passed!
repetition: 60937
>passed!
repetition: 60938
>passed!
repetition: 60939
>passed!
repetition: 60940
>passed!
repetition: 60941
>passed!
repetition: 60942
>passed!
repetition: 60943
>passed!
repetition: 60944
>passed!
repetition: 60945
>passed!
repetition: 60946
>passed!
repetition: 60947
>passed!
repetition: 60948
>passed!
repetition: 60949
>passed!
repetition: 60950
>passed!
repetition: 60951
>passed!
repetition: 60952
>passed!
repetition: 60953
>passed!
repetition: 60954
>passed!
repetition: 60955
>passed!
repetition: 60956
>passed!
repetition: 60957
>passed!
repetition: 60958
>passed!
repetition: 60959
>passed!
repetition: 60960
>passed!
repetition: 60961
>passed!
repetition: 60962
>passed!
repetition: 60963
>passed!
repetition: 60964
>passed!
repetition: 60965
>passed!
repetition: 60966
>passed!
repetition: 60967
>passed!
repetition: 60968
>passed!
repetition: 60969
>passed!
repetition: 60970
>passed!
repetition: 60971
>passed!
repetition: 60972
>passed!
repetition: 60973
>passed!
repetition: 60974
>passed!
repetition: 60975
>passed!
repetition: 60976
>passed!
repetition: 60977
>passed!
repetition: 60978
>passed!
repetition: 60979
>passed!
repetition: 60980
>passed!
repetition: 60981
>passed!
repetition: 60982
>passed!
repetition: 60983
>passed!
repetition: 60984
>passed!
repetition: 60985
>passed!
repetition: 60986
>passed!
repetition: 60987
>passed!
repetition: 60988
>passed!
repetition: 60989
>passed!
repetition: 60990
>passed!
repetition: 60991
>passed!
repetition: 60992
>passed!
repetition: 60993
>passed!
repetition: 60994
>passed!
repetition: 60995
>passed!
repetition: 60996
>passed!
repetition: 60997
>passed!
repetition: 60998
>passed!
repetition: 60999
>passed!
repetition: 61000
>passed!
repetition: 61001
>passed!
repetition: 61002
>passed!
repetition: 61003
>passed!
repetition: 61004
>passed!
repetition: 61005
>passed!
repetition: 61006
>passed!
repetition: 61007
>passed!
repetition: 61008
>passed!
repetition: 61009
>passed!
repetition: 61010
>passed!
repetition: 61011
>passed!
repetition: 61012
>passed!
repetition: 61013
>passed!
repetition: 61014
>passed!
repetition: 61015
>passed!
repetition: 61016
>passed!
repetition: 61017
>passed!
repetition: 61018
>passed!
repetition: 61019
>passed!
repetition: 61020
>passed!
repetition: 61021
>passed!
repetition: 61022
>passed!
repetition: 61023
>passed!
repetition: 61024
>passed!
repetition: 61025
>passed!
repetition: 61026
>passed!
repetition: 61027
>passed!
repetition: 61028
>passed!
repetition: 61029
>passed!
repetition: 61030
>passed!
repetition: 61031
>passed!
repetition: 61032
>passed!
repetition: 61033
>passed!
repetition: 61034
>passed!
repetition: 61035
>passed!
repetition: 61036
>passed!
repetition: 61037
>passed!
repetition: 61038
>passed!
repetition: 61039
>passed!
repetition: 61040
>passed!
repetition: 61041
>passed!
repetition: 61042
>passed!
repetition: 61043
>passed!
repetition: 61044
>passed!
repetition: 61045
>passed!
repetition: 61046
>passed!
repetition: 61047
>passed!
repetition: 61048
>passed!
repetition: 61049
>passed!
repetition: 61050
>passed!
repetition: 61051
>passed!
repetition: 61052
>passed!
repetition: 61053
>passed!
repetition: 61054
>passed!
repetition: 61055
>passed!
repetition: 61056
>passed!
repetition: 61057
>passed!
repetition: 61058
>passed!
repetition: 61059
>passed!
repetition: 61060
>passed!
repetition: 61061
>passed!
repetition: 61062
>passed!
repetition: 61063
>passed!
repetition: 61064
>passed!
repetition: 61065
>passed!
repetition: 61066
>passed!
repetition: 61067
>passed!
repetition: 61068
>passed!
repetition: 61069
>passed!
repetition: 61070
>passed!
repetition: 61071
>passed!
repetition: 61072
>passed!
repetition: 61073
>passed!
repetition: 61074
>passed!
repetition: 61075
>passed!
repetition: 61076
>passed!
repetition: 61077
>passed!
repetition: 61078
>passed!
repetition: 61079
>passed!
repetition: 61080
>passed!
repetition: 61081
>passed!
repetition: 61082
>passed!
repetition: 61083
>passed!
repetition: 61084
>passed!
repetition: 61085
>passed!
repetition: 61086
>passed!
repetition: 61087
>passed!
repetition: 61088
>passed!
repetition: 61089
>passed!
repetition: 61090
>passed!
repetition: 61091
>passed!
repetition: 61092
>passed!
repetition: 61093
>passed!
repetition: 61094
>passed!
repetition: 61095
>passed!
repetition: 61096
>passed!
repetition: 61097
>passed!
repetition: 61098
>passed!
repetition: 61099
>passed!
repetition: 61100
>passed!
repetition: 61101
>passed!
repetition: 61102
>passed!
repetition: 61103
>passed!
repetition: 61104
>passed!
repetition: 61105
>passed!
repetition: 61106
>passed!
repetition: 61107
>passed!
repetition: 61108
>passed!
repetition: 61109
>passed!
repetition: 61110
>passed!
repetition: 61111
>passed!
repetition: 61112
>passed!
repetition: 61113
>passed!
repetition: 61114
>passed!
repetition: 61115
>passed!
repetition: 61116
>passed!
repetition: 61117
>passed!
repetition: 61118
>passed!
repetition: 61119
>passed!
repetition: 61120
>passed!
repetition: 61121
>passed!
repetition: 61122
>passed!
repetition: 61123
>passed!
repetition: 61124
>passed!
repetition: 61125
>passed!
repetition: 61126
>passed!
repetition: 61127
>passed!
repetition: 61128
>passed!
repetition: 61129
>passed!
repetition: 61130
>passed!
repetition: 61131
>passed!
repetition: 61132
>passed!
repetition: 61133
>passed!
repetition: 61134
>passed!
repetition: 61135
>passed!
repetition: 61136
>passed!
repetition: 61137
>passed!
repetition: 61138
>passed!
repetition: 61139
>passed!
repetition: 61140
>passed!
repetition: 61141
>passed!
repetition: 61142
>passed!
repetition: 61143
>passed!
repetition: 61144
>passed!
repetition: 61145
>passed!
repetition: 61146
>passed!
repetition: 61147
>passed!
repetition: 61148
>passed!
repetition: 61149
>passed!
repetition: 61150
>passed!
repetition: 61151
>passed!
repetition: 61152
>passed!
repetition: 61153
>passed!
repetition: 61154
>passed!
repetition: 61155
>passed!
repetition: 61156
>passed!
repetition: 61157
>passed!
repetition: 61158
>passed!
repetition: 61159
>passed!
repetition: 61160
>passed!
repetition: 61161
>passed!
repetition: 61162
>passed!
repetition: 61163
>passed!
repetition: 61164
>passed!
repetition: 61165
>passed!
repetition: 61166
>passed!
repetition: 61167
>passed!
repetition: 61168
>passed!
repetition: 61169
>passed!
repetition: 61170
>passed!
repetition: 61171
>passed!
repetition: 61172
>passed!
repetition: 61173
>passed!
repetition: 61174
>passed!
repetition: 61175
>passed!
repetition: 61176
>passed!
repetition: 61177
>passed!
repetition: 61178
>passed!
repetition: 61179
>passed!
repetition: 61180
>passed!
repetition: 61181
>passed!
repetition: 61182
>passed!
repetition: 61183
>passed!
repetition: 61184
>passed!
repetition: 61185
>passed!
repetition: 61186
>passed!
repetition: 61187
>passed!
repetition: 61188
>passed!
repetition: 61189
>passed!
repetition: 61190
>passed!
repetition: 61191
>passed!
repetition: 61192
>passed!
repetition: 61193
>passed!
repetition: 61194
>passed!
repetition: 61195
>passed!
repetition: 61196
>passed!
repetition: 61197
>passed!
repetition: 61198
>passed!
repetition: 61199
>passed!
repetition: 61200
>passed!
repetition: 61201
>passed!
repetition: 61202
>passed!
repetition: 61203
>passed!
repetition: 61204
>passed!
repetition: 61205
>passed!
repetition: 61206
>passed!
repetition: 61207
>passed!
repetition: 61208
>passed!
repetition: 61209
>passed!
repetition: 61210
>passed!
repetition: 61211
>passed!
repetition: 61212
>passed!
repetition: 61213
>passed!
repetition: 61214
>passed!
repetition: 61215
>passed!
repetition: 61216
>passed!
repetition: 61217
>passed!
repetition: 61218
>passed!
repetition: 61219
>passed!
repetition: 61220
>passed!
repetition: 61221
>passed!
repetition: 61222
>passed!
repetition: 61223
>passed!
repetition: 61224
>passed!
repetition: 61225
>passed!
repetition: 61226
>passed!
repetition: 61227
>passed!
repetition: 61228
>passed!
repetition: 61229
>passed!
repetition: 61230
>passed!
repetition: 61231
>passed!
repetition: 61232
>passed!
repetition: 61233
>passed!
repetition: 61234
>passed!
repetition: 61235
>passed!
repetition: 61236
>passed!
repetition: 61237
>passed!
repetition: 61238
>passed!
repetition: 61239
>passed!
repetition: 61240
>passed!
repetition: 61241
>passed!
repetition: 61242
>passed!
repetition: 61243
>passed!
repetition: 61244
>passed!
repetition: 61245
>passed!
repetition: 61246
>passed!
repetition: 61247
>passed!
repetition: 61248
>passed!
repetition: 61249
>passed!
repetition: 61250
>passed!
repetition: 61251
>passed!
repetition: 61252
>passed!
repetition: 61253
>passed!
repetition: 61254
>passed!
repetition: 61255
>passed!
repetition: 61256
>passed!
repetition: 61257
>passed!
repetition: 61258
>passed!
repetition: 61259
>passed!
repetition: 61260
>passed!
repetition: 61261
>passed!
repetition: 61262
>passed!
repetition: 61263
>passed!
repetition: 61264
>passed!
repetition: 61265
>passed!
repetition: 61266
>passed!
repetition: 61267
>passed!
repetition: 61268
>passed!
repetition: 61269
>passed!
repetition: 61270
>passed!
repetition: 61271
>passed!
repetition: 61272
>passed!
repetition: 61273
>passed!
repetition: 61274
>passed!
repetition: 61275
>passed!
repetition: 61276
>passed!
repetition: 61277
>passed!
repetition: 61278
>passed!
repetition: 61279
>passed!
repetition: 61280
>passed!
repetition: 61281
>passed!
repetition: 61282
>passed!
repetition: 61283
>passed!
repetition: 61284
>passed!
repetition: 61285
>passed!
repetition: 61286
>passed!
repetition: 61287
>passed!
repetition: 61288
>passed!
repetition: 61289
>passed!
repetition: 61290
>passed!
repetition: 61291
>passed!
repetition: 61292
>passed!
repetition: 61293
>passed!
repetition: 61294
>passed!
repetition: 61295
>passed!
repetition: 61296
>passed!
repetition: 61297
>passed!
repetition: 61298
>passed!
repetition: 61299
>passed!
repetition: 61300
>passed!
repetition: 61301
>passed!
repetition: 61302
>passed!
repetition: 61303
>passed!
repetition: 61304
>passed!
repetition: 61305
>passed!
repetition: 61306
>passed!
repetition: 61307
>passed!
repetition: 61308
>passed!
repetition: 61309
>passed!
repetition: 61310
>passed!
repetition: 61311
>passed!
repetition: 61312
>passed!
repetition: 61313
>passed!
repetition: 61314
>passed!
repetition: 61315
>passed!
repetition: 61316
>passed!
repetition: 61317
>passed!
repetition: 61318
>passed!
repetition: 61319
>passed!
repetition: 61320
>passed!
repetition: 61321
>passed!
repetition: 61322
>passed!
repetition: 61323
>passed!
repetition: 61324
>passed!
repetition: 61325
>passed!
repetition: 61326
>passed!
repetition: 61327
>passed!
repetition: 61328
>passed!
repetition: 61329
>passed!
repetition: 61330
>passed!
repetition: 61331
>passed!
repetition: 61332
>passed!
repetition: 61333
>passed!
repetition: 61334
>passed!
repetition: 61335
>passed!
repetition: 61336
>passed!
repetition: 61337
>passed!
repetition: 61338
>passed!
repetition: 61339
>passed!
repetition: 61340
>passed!
repetition: 61341
>passed!
repetition: 61342
>passed!
repetition: 61343
>passed!
repetition: 61344
>passed!
repetition: 61345
>passed!
repetition: 61346
>passed!
repetition: 61347
>passed!
repetition: 61348
>passed!
repetition: 61349
>passed!
repetition: 61350
>passed!
repetition: 61351
>passed!
repetition: 61352
>passed!
repetition: 61353
>passed!
repetition: 61354
>passed!
repetition: 61355
>passed!
repetition: 61356
>passed!
repetition: 61357
>passed!
repetition: 61358
>passed!
repetition: 61359
>passed!
repetition: 61360
>passed!
repetition: 61361
>passed!
repetition: 61362
>passed!
repetition: 61363
>passed!
repetition: 61364
>passed!
repetition: 61365
>passed!
repetition: 61366
>passed!
repetition: 61367
>passed!
repetition: 61368
>passed!
repetition: 61369
>passed!
repetition: 61370
>passed!
repetition: 61371
>passed!
repetition: 61372
>passed!
repetition: 61373
>passed!
repetition: 61374
>passed!
repetition: 61375
>passed!
repetition: 61376
>passed!
repetition: 61377
>passed!
repetition: 61378
>passed!
repetition: 61379
>passed!
repetition: 61380
>passed!
repetition: 61381
>passed!
repetition: 61382
>passed!
repetition: 61383
>passed!
repetition: 61384
>passed!
repetition: 61385
>passed!
repetition: 61386
>passed!
repetition: 61387
>passed!
repetition: 61388
>passed!
repetition: 61389
>passed!
repetition: 61390
>passed!
repetition: 61391
>passed!
repetition: 61392
>passed!
repetition: 61393
>passed!
repetition: 61394
>passed!
repetition: 61395
>passed!
repetition: 61396
>passed!
repetition: 61397
>passed!
repetition: 61398
>passed!
repetition: 61399
>passed!
repetition: 61400
>passed!
repetition: 61401
>passed!
repetition: 61402
>passed!
repetition: 61403
>passed!
repetition: 61404
>passed!
repetition: 61405
>passed!
repetition: 61406
>passed!
repetition: 61407
>passed!
repetition: 61408
>passed!
repetition: 61409
>passed!
repetition: 61410
>passed!
repetition: 61411
>passed!
repetition: 61412
>passed!
repetition: 61413
>passed!
repetition: 61414
>passed!
repetition: 61415
>passed!
repetition: 61416
>passed!
repetition: 61417
>passed!
repetition: 61418
>passed!
repetition: 61419
>passed!
repetition: 61420
>passed!
repetition: 61421
>passed!
repetition: 61422
>passed!
repetition: 61423
>passed!
repetition: 61424
>passed!
repetition: 61425
>passed!
repetition: 61426
>passed!
repetition: 61427
>passed!
repetition: 61428
>passed!
repetition: 61429
>passed!
repetition: 61430
>passed!
repetition: 61431
>passed!
repetition: 61432
>passed!
repetition: 61433
>passed!
repetition: 61434
>passed!
repetition: 61435
>passed!
repetition: 61436
>passed!
repetition: 61437
>passed!
repetition: 61438
>passed!
repetition: 61439
>passed!
repetition: 61440
>passed!
repetition: 61441
>passed!
repetition: 61442
>passed!
repetition: 61443
>passed!
repetition: 61444
>passed!
repetition: 61445
>passed!
repetition: 61446
>passed!
repetition: 61447
>passed!
repetition: 61448
>passed!
repetition: 61449
>passed!
repetition: 61450
>passed!
repetition: 61451
>passed!
repetition: 61452
>passed!
repetition: 61453
>passed!
repetition: 61454
>passed!
repetition: 61455
>passed!
repetition: 61456
>passed!
repetition: 61457
>passed!
repetition: 61458
>passed!
repetition: 61459
>passed!
repetition: 61460
>passed!
repetition: 61461
>passed!
repetition: 61462
>passed!
repetition: 61463
>passed!
repetition: 61464
>passed!
repetition: 61465
>passed!
repetition: 61466
>passed!
repetition: 61467
>passed!
repetition: 61468
>passed!
repetition: 61469
>passed!
repetition: 61470
>passed!
repetition: 61471
>passed!
repetition: 61472
>passed!
repetition: 61473
>passed!
repetition: 61474
>passed!
repetition: 61475
>passed!
repetition: 61476
>passed!
repetition: 61477
>passed!
repetition: 61478
>passed!
repetition: 61479
>passed!
repetition: 61480
>passed!
repetition: 61481
>passed!
repetition: 61482
>passed!
repetition: 61483
>passed!
repetition: 61484
>passed!
repetition: 61485
>passed!
repetition: 61486
>passed!
repetition: 61487
>passed!
repetition: 61488
>passed!
repetition: 61489
>passed!
repetition: 61490
>passed!
repetition: 61491
>passed!
repetition: 61492
>passed!
repetition: 61493
>passed!
repetition: 61494
>passed!
repetition: 61495
>passed!
repetition: 61496
>passed!
repetition: 61497
>passed!
repetition: 61498
>passed!
repetition: 61499
>passed!
repetition: 61500
>passed!
repetition: 61501
>passed!
repetition: 61502
>passed!
repetition: 61503
>passed!
repetition: 61504
>passed!
repetition: 61505
>passed!
repetition: 61506
>passed!
repetition: 61507
>passed!
repetition: 61508
>passed!
repetition: 61509
>passed!
repetition: 61510
>passed!
repetition: 61511
>passed!
repetition: 61512
>passed!
repetition: 61513
>passed!
repetition: 61514
>passed!
repetition: 61515
>passed!
repetition: 61516
>passed!
repetition: 61517
>passed!
repetition: 61518
>passed!
repetition: 61519
>passed!
repetition: 61520
>passed!
repetition: 61521
>passed!
repetition: 61522
>passed!
repetition: 61523
>passed!
repetition: 61524
>passed!
repetition: 61525
>passed!
repetition: 61526
>passed!
repetition: 61527
>passed!
repetition: 61528
>passed!
repetition: 61529
>passed!
repetition: 61530
>passed!
repetition: 61531
>passed!
repetition: 61532
>passed!
repetition: 61533
>passed!
repetition: 61534
>passed!
repetition: 61535
>passed!
repetition: 61536
>passed!
repetition: 61537
>passed!
repetition: 61538
>passed!
repetition: 61539
>passed!
repetition: 61540
>passed!
repetition: 61541
>passed!
repetition: 61542
>passed!
repetition: 61543
>passed!
repetition: 61544
>passed!
repetition: 61545
>passed!
repetition: 61546
>passed!
repetition: 61547
>passed!
repetition: 61548
>passed!
repetition: 61549
>passed!
repetition: 61550
>passed!
repetition: 61551
>passed!
repetition: 61552
>passed!
repetition: 61553
>passed!
repetition: 61554
>passed!
repetition: 61555
>passed!
repetition: 61556
>passed!
repetition: 61557
>passed!
repetition: 61558
>passed!
repetition: 61559
>passed!
repetition: 61560
>passed!
repetition: 61561
>passed!
repetition: 61562
>passed!
repetition: 61563
>passed!
repetition: 61564
>passed!
repetition: 61565
>passed!
repetition: 61566
>passed!
repetition: 61567
>passed!
repetition: 61568
>passed!
repetition: 61569
>passed!
repetition: 61570
>passed!
repetition: 61571
>passed!
repetition: 61572
>passed!
repetition: 61573
>passed!
repetition: 61574
>passed!
repetition: 61575
>passed!
repetition: 61576
>passed!
repetition: 61577
>passed!
repetition: 61578
>passed!
repetition: 61579
>passed!
repetition: 61580
>passed!
repetition: 61581
>passed!
repetition: 61582
>passed!
repetition: 61583
>passed!
repetition: 61584
>passed!
repetition: 61585
>passed!
repetition: 61586
>passed!
repetition: 61587
>passed!
repetition: 61588
>passed!
repetition: 61589
>passed!
repetition: 61590
>passed!
repetition: 61591
>passed!
repetition: 61592
>passed!
repetition: 61593
>passed!
repetition: 61594
>passed!
repetition: 61595
>passed!
repetition: 61596
>passed!
repetition: 61597
>passed!
repetition: 61598
>passed!
repetition: 61599
>passed!
repetition: 61600
>passed!
repetition: 61601
>passed!
repetition: 61602
>passed!
repetition: 61603
>passed!
repetition: 61604
>passed!
repetition: 61605
>passed!
repetition: 61606
>passed!
repetition: 61607
>passed!
repetition: 61608
>passed!
repetition: 61609
>passed!
repetition: 61610
>passed!
repetition: 61611
>passed!
repetition: 61612
>passed!
repetition: 61613
>passed!
repetition: 61614
>passed!
repetition: 61615
>passed!
repetition: 61616
>passed!
repetition: 61617
>passed!
repetition: 61618
>passed!
repetition: 61619
>passed!
repetition: 61620
>passed!
repetition: 61621
>passed!
repetition: 61622
>passed!
repetition: 61623
>passed!
repetition: 61624
>passed!
repetition: 61625
>passed!
repetition: 61626
>passed!
repetition: 61627
>passed!
repetition: 61628
>passed!
repetition: 61629
>passed!
repetition: 61630
>passed!
repetition: 61631
>passed!
repetition: 61632
>passed!
repetition: 61633
>passed!
repetition: 61634
>passed!
repetition: 61635
>passed!
repetition: 61636
>passed!
repetition: 61637
>passed!
repetition: 61638
>passed!
repetition: 61639
>passed!
repetition: 61640
>passed!
repetition: 61641
>passed!
repetition: 61642
>passed!
repetition: 61643
>passed!
repetition: 61644
>passed!
repetition: 61645
>passed!
repetition: 61646
>passed!
repetition: 61647
>passed!
repetition: 61648
>passed!
repetition: 61649
>passed!
repetition: 61650
>passed!
repetition: 61651
>passed!
repetition: 61652
>passed!
repetition: 61653
>passed!
repetition: 61654
>passed!
repetition: 61655
>passed!
repetition: 61656
>passed!
repetition: 61657
>passed!
repetition: 61658
>passed!
repetition: 61659
>passed!
repetition: 61660
>passed!
repetition: 61661
>passed!
repetition: 61662
>passed!
repetition: 61663
>passed!
repetition: 61664
>passed!
repetition: 61665
>passed!
repetition: 61666
>passed!
repetition: 61667
>passed!
repetition: 61668
>passed!
repetition: 61669
>passed!
repetition: 61670
>passed!
repetition: 61671
>passed!
repetition: 61672
>passed!
repetition: 61673
>passed!
repetition: 61674
>passed!
repetition: 61675
>passed!
repetition: 61676
>passed!
repetition: 61677
>passed!
repetition: 61678
>passed!
repetition: 61679
>passed!
repetition: 61680
>passed!
repetition: 61681
>passed!
repetition: 61682
>passed!
repetition: 61683
>passed!
repetition: 61684
>passed!
repetition: 61685
>passed!
repetition: 61686
>passed!
repetition: 61687
>passed!
repetition: 61688
>passed!
repetition: 61689
>passed!
repetition: 61690
>passed!
repetition: 61691
>passed!
repetition: 61692
>passed!
repetition: 61693
>passed!
repetition: 61694
>passed!
repetition: 61695
>passed!
repetition: 61696
>passed!
repetition: 61697
>passed!
repetition: 61698
>passed!
repetition: 61699
>passed!
repetition: 61700
>passed!
repetition: 61701
>passed!
repetition: 61702
>passed!
repetition: 61703
>passed!
repetition: 61704
>passed!
repetition: 61705
>passed!
repetition: 61706
>passed!
repetition: 61707
>passed!
repetition: 61708
>passed!
repetition: 61709
>passed!
repetition: 61710
>passed!
repetition: 61711
>passed!
repetition: 61712
>passed!
repetition: 61713
>passed!
repetition: 61714
>passed!
repetition: 61715
>passed!
repetition: 61716
>passed!
repetition: 61717
>passed!
repetition: 61718
>passed!
repetition: 61719
>passed!
repetition: 61720
>passed!
repetition: 61721
>passed!
repetition: 61722
>passed!
repetition: 61723
>passed!
repetition: 61724
>passed!
repetition: 61725
>passed!
repetition: 61726
>passed!
repetition: 61727
>passed!
repetition: 61728
>passed!
repetition: 61729
>passed!
repetition: 61730
>passed!
repetition: 61731
>passed!
repetition: 61732
>passed!
repetition: 61733
>passed!
repetition: 61734
>passed!
repetition: 61735
>passed!
repetition: 61736
>passed!
repetition: 61737
>passed!
repetition: 61738
>passed!
repetition: 61739
>passed!
repetition: 61740
>passed!
repetition: 61741
>passed!
repetition: 61742
>passed!
repetition: 61743
>passed!
repetition: 61744
>passed!
repetition: 61745
>passed!
repetition: 61746
>passed!
repetition: 61747
>passed!
repetition: 61748
>passed!
repetition: 61749
>passed!
repetition: 61750
>passed!
repetition: 61751
>passed!
repetition: 61752
>passed!
repetition: 61753
>passed!
repetition: 61754
>passed!
repetition: 61755
>passed!
repetition: 61756
>passed!
repetition: 61757
>passed!
repetition: 61758
>passed!
repetition: 61759
>passed!
repetition: 61760
>passed!
repetition: 61761
>passed!
repetition: 61762
>passed!
repetition: 61763
>passed!
repetition: 61764
>passed!
repetition: 61765
>passed!
repetition: 61766
>passed!
repetition: 61767
>passed!
repetition: 61768
>passed!
repetition: 61769
>passed!
repetition: 61770
>passed!
repetition: 61771
>passed!
repetition: 61772
>passed!
repetition: 61773
>passed!
repetition: 61774
>passed!
repetition: 61775
>passed!
repetition: 61776
>passed!
repetition: 61777
>passed!
repetition: 61778
>passed!
repetition: 61779
>passed!
repetition: 61780
>passed!
repetition: 61781
>passed!
repetition: 61782
>passed!
repetition: 61783
>passed!
repetition: 61784
>passed!
repetition: 61785
>passed!
repetition: 61786
>passed!
repetition: 61787
>passed!
repetition: 61788
>passed!
repetition: 61789
>passed!
repetition: 61790
>passed!
repetition: 61791
>passed!
repetition: 61792
>passed!
repetition: 61793
>passed!
repetition: 61794
>passed!
repetition: 61795
>passed!
repetition: 61796
>passed!
repetition: 61797
>passed!
repetition: 61798
>passed!
repetition: 61799
>passed!
repetition: 61800
>passed!
repetition: 61801
>passed!
repetition: 61802
>passed!
repetition: 61803
>passed!
repetition: 61804
>passed!
repetition: 61805
>passed!
repetition: 61806
>passed!
repetition: 61807
>passed!
repetition: 61808
>passed!
repetition: 61809
>passed!
repetition: 61810
>passed!
repetition: 61811
>passed!
repetition: 61812
>passed!
repetition: 61813
>passed!
repetition: 61814
>passed!
repetition: 61815
>passed!
repetition: 61816
>passed!
repetition: 61817
>passed!
repetition: 61818
>passed!
repetition: 61819
>passed!
repetition: 61820
>passed!
repetition: 61821
>passed!
repetition: 61822
>passed!
repetition: 61823
>passed!
repetition: 61824
>passed!
repetition: 61825
>passed!
repetition: 61826
>passed!
repetition: 61827
>passed!
repetition: 61828
>passed!
repetition: 61829
>passed!
repetition: 61830
>passed!
repetition: 61831
>passed!
repetition: 61832
>passed!
repetition: 61833
>passed!
repetition: 61834
>passed!
repetition: 61835
>passed!
repetition: 61836
>passed!
repetition: 61837
>passed!
repetition: 61838
>passed!
repetition: 61839
>passed!
repetition: 61840
>passed!
repetition: 61841
>passed!
repetition: 61842
>passed!
repetition: 61843
>passed!
repetition: 61844
>passed!
repetition: 61845
>passed!
repetition: 61846
>passed!
repetition: 61847
>passed!
repetition: 61848
>passed!
repetition: 61849
>passed!
repetition: 61850
>passed!
repetition: 61851
>passed!
repetition: 61852
>passed!
repetition: 61853
>passed!
repetition: 61854
>passed!
repetition: 61855
>passed!
repetition: 61856
>passed!
repetition: 61857
>passed!
repetition: 61858
>passed!
repetition: 61859
>passed!
repetition: 61860
>passed!
repetition: 61861
>passed!
repetition: 61862
>passed!
repetition: 61863
>passed!
repetition: 61864
>passed!
repetition: 61865
>passed!
repetition: 61866
>passed!
repetition: 61867
>passed!
repetition: 61868
>passed!
repetition: 61869
>passed!
repetition: 61870
>passed!
repetition: 61871
>passed!
repetition: 61872
>passed!
repetition: 61873
>passed!
repetition: 61874
>passed!
repetition: 61875
>passed!
repetition: 61876
>passed!
repetition: 61877
>passed!
repetition: 61878
>passed!
repetition: 61879
>passed!
repetition: 61880
>passed!
repetition: 61881
>passed!
repetition: 61882
>passed!
repetition: 61883
>passed!
repetition: 61884
>passed!
repetition: 61885
>passed!
repetition: 61886
>passed!
repetition: 61887
>passed!
repetition: 61888
>passed!
repetition: 61889
>passed!
repetition: 61890
>passed!
repetition: 61891
>passed!
repetition: 61892
>passed!
repetition: 61893
>passed!
repetition: 61894
>passed!
repetition: 61895
>passed!
repetition: 61896
>passed!
repetition: 61897
>passed!
repetition: 61898
>passed!
repetition: 61899
>passed!
repetition: 61900
>passed!
repetition: 61901
>passed!
repetition: 61902
>passed!
repetition: 61903
>passed!
repetition: 61904
>passed!
repetition: 61905
>passed!
repetition: 61906
>passed!
repetition: 61907
>passed!
repetition: 61908
>passed!
repetition: 61909
>passed!
repetition: 61910
>passed!
repetition: 61911
>passed!
repetition: 61912
>passed!
repetition: 61913
>passed!
repetition: 61914
>passed!
repetition: 61915
>passed!
repetition: 61916
>passed!
repetition: 61917
>passed!
repetition: 61918
>passed!
repetition: 61919
>passed!
repetition: 61920
>passed!
repetition: 61921
>passed!
repetition: 61922
>passed!
repetition: 61923
>passed!
repetition: 61924
>passed!
repetition: 61925
>passed!
repetition: 61926
>passed!
repetition: 61927
>passed!
repetition: 61928
>passed!
repetition: 61929
>passed!
repetition: 61930
>passed!
repetition: 61931
>passed!
repetition: 61932
>passed!
repetition: 61933
>passed!
repetition: 61934
>passed!
repetition: 61935
>passed!
repetition: 61936
>passed!
repetition: 61937
>passed!
repetition: 61938
>passed!
repetition: 61939
>passed!
repetition: 61940
>passed!
repetition: 61941
>passed!
repetition: 61942
>passed!
repetition: 61943
>passed!
repetition: 61944
>passed!
repetition: 61945
>passed!
repetition: 61946
>passed!
repetition: 61947
>passed!
repetition: 61948
>passed!
repetition: 61949
>passed!
repetition: 61950
>passed!
repetition: 61951
>passed!
repetition: 61952
>passed!
repetition: 61953
>passed!
repetition: 61954
>passed!
repetition: 61955
>passed!
repetition: 61956
>passed!
repetition: 61957
>passed!
repetition: 61958
>passed!
repetition: 61959
>passed!
repetition: 61960
>passed!
repetition: 61961
>passed!
repetition: 61962
>passed!
repetition: 61963
>passed!
repetition: 61964
>passed!
repetition: 61965
>passed!
repetition: 61966
>passed!
repetition: 61967
>passed!
repetition: 61968
>passed!
repetition: 61969
>passed!
repetition: 61970
>passed!
repetition: 61971
>passed!
repetition: 61972
>passed!
repetition: 61973
>passed!
repetition: 61974
>passed!
repetition: 61975
>passed!
repetition: 61976
>passed!
repetition: 61977
>passed!
repetition: 61978
>passed!
repetition: 61979
>passed!
repetition: 61980
>passed!
repetition: 61981
>passed!
repetition: 61982
>passed!
repetition: 61983
>passed!
repetition: 61984
>passed!
repetition: 61985
>passed!
repetition: 61986
>passed!
repetition: 61987
>passed!
repetition: 61988
>passed!
repetition: 61989
>passed!
repetition: 61990
>passed!
repetition: 61991
>passed!
repetition: 61992
>passed!
repetition: 61993
>passed!
repetition: 61994
>passed!
repetition: 61995
>passed!
repetition: 61996
>passed!
repetition: 61997
>passed!
repetition: 61998
>passed!
repetition: 61999
>passed!
repetition: 62000
>passed!
repetition: 62001
>passed!
repetition: 62002
>passed!
repetition: 62003
>passed!
repetition: 62004
>passed!
repetition: 62005
>passed!
repetition: 62006
>passed!
repetition: 62007
>passed!
repetition: 62008
>passed!
repetition: 62009
>passed!
repetition: 62010
>passed!
repetition: 62011
>passed!
repetition: 62012
>passed!
repetition: 62013
>passed!
repetition: 62014
>passed!
repetition: 62015
>passed!
repetition: 62016
>passed!
repetition: 62017
>passed!
repetition: 62018
>passed!
repetition: 62019
>passed!
repetition: 62020
>passed!
repetition: 62021
>passed!
repetition: 62022
>passed!
repetition: 62023
>passed!
repetition: 62024
>passed!
repetition: 62025
>passed!
repetition: 62026
>passed!
repetition: 62027
>passed!
repetition: 62028
>passed!
repetition: 62029
>passed!
repetition: 62030
>passed!
repetition: 62031
>passed!
repetition: 62032
>passed!
repetition: 62033
>passed!
repetition: 62034
>passed!
repetition: 62035
>passed!
repetition: 62036
>passed!
repetition: 62037
>passed!
repetition: 62038
>passed!
repetition: 62039
>passed!
repetition: 62040
>passed!
repetition: 62041
>passed!
repetition: 62042
>passed!
repetition: 62043
>passed!
repetition: 62044
>passed!
repetition: 62045
>passed!
repetition: 62046
>passed!
repetition: 62047
>passed!
repetition: 62048
>passed!
repetition: 62049
>passed!
repetition: 62050
>passed!
repetition: 62051
>passed!
repetition: 62052
>passed!
repetition: 62053
>passed!
repetition: 62054
>passed!
repetition: 62055
>passed!
repetition: 62056
>passed!
repetition: 62057
>passed!
repetition: 62058
>passed!
repetition: 62059
>passed!
repetition: 62060
>passed!
repetition: 62061
>passed!
repetition: 62062
>passed!
repetition: 62063
>passed!
repetition: 62064
>passed!
repetition: 62065
>passed!
repetition: 62066
>passed!
repetition: 62067
>passed!
repetition: 62068
>passed!
repetition: 62069
>passed!
repetition: 62070
>passed!
repetition: 62071
>passed!
repetition: 62072
>passed!
repetition: 62073
>passed!
repetition: 62074
>passed!
repetition: 62075
>passed!
repetition: 62076
>passed!
repetition: 62077
>passed!
repetition: 62078
>passed!
repetition: 62079
>passed!
repetition: 62080
>passed!
repetition: 62081
>passed!
repetition: 62082
>passed!
repetition: 62083
>passed!
repetition: 62084
>passed!
repetition: 62085
>passed!
repetition: 62086
>passed!
repetition: 62087
>passed!
repetition: 62088
>passed!
repetition: 62089
>passed!
repetition: 62090
>passed!
repetition: 62091
>passed!
repetition: 62092
>passed!
repetition: 62093
>passed!
repetition: 62094
>passed!
repetition: 62095
>passed!
repetition: 62096
>passed!
repetition: 62097
>passed!
repetition: 62098
>passed!
repetition: 62099
>passed!
repetition: 62100
>passed!
repetition: 62101
>passed!
repetition: 62102
>passed!
repetition: 62103
>passed!
repetition: 62104
>passed!
repetition: 62105
>passed!
repetition: 62106
>passed!
repetition: 62107
>passed!
repetition: 62108
>passed!
repetition: 62109
>passed!
repetition: 62110
>passed!
repetition: 62111
>passed!
repetition: 62112
>passed!
repetition: 62113
>passed!
repetition: 62114
>passed!
repetition: 62115
>passed!
repetition: 62116
>passed!
repetition: 62117
>passed!
repetition: 62118
>passed!
repetition: 62119
>passed!
repetition: 62120
>passed!
repetition: 62121
>passed!
repetition: 62122
>passed!
repetition: 62123
>passed!
repetition: 62124
>passed!
repetition: 62125
>passed!
repetition: 62126
>passed!
repetition: 62127
>passed!
repetition: 62128
>passed!
repetition: 62129
>passed!
repetition: 62130
>passed!
repetition: 62131
>passed!
repetition: 62132
>passed!
repetition: 62133
>passed!
repetition: 62134
>passed!
repetition: 62135
>passed!
repetition: 62136
>passed!
repetition: 62137
>passed!
repetition: 62138
>passed!
repetition: 62139
>passed!
repetition: 62140
>passed!
repetition: 62141
>passed!
repetition: 62142
>passed!
repetition: 62143
>passed!
repetition: 62144
>passed!
repetition: 62145
>passed!
repetition: 62146
>passed!
repetition: 62147
>passed!
repetition: 62148
>passed!
repetition: 62149
>passed!
repetition: 62150
>passed!
repetition: 62151
>passed!
repetition: 62152
>passed!
repetition: 62153
>passed!
repetition: 62154
>passed!
repetition: 62155
>passed!
repetition: 62156
>passed!
repetition: 62157
>passed!
repetition: 62158
>passed!
repetition: 62159
>passed!
repetition: 62160
>passed!
repetition: 62161
>passed!
repetition: 62162
>passed!
repetition: 62163
>passed!
repetition: 62164
>passed!
repetition: 62165
>passed!
repetition: 62166
>passed!
repetition: 62167
>passed!
repetition: 62168
>passed!
repetition: 62169
>passed!
repetition: 62170
>passed!
repetition: 62171
>passed!
repetition: 62172
>passed!
repetition: 62173
>passed!
repetition: 62174
>passed!
repetition: 62175
>passed!
repetition: 62176
>passed!
repetition: 62177
>passed!
repetition: 62178
>passed!
repetition: 62179
>passed!
repetition: 62180
>passed!
repetition: 62181
>passed!
repetition: 62182
>passed!
repetition: 62183
>passed!
repetition: 62184
>passed!
repetition: 62185
>passed!
repetition: 62186
>passed!
repetition: 62187
>passed!
repetition: 62188
>passed!
repetition: 62189
>passed!
repetition: 62190
>passed!
repetition: 62191
>passed!
repetition: 62192
>passed!
repetition: 62193
>passed!
repetition: 62194
>passed!
repetition: 62195
>passed!
repetition: 62196
>passed!
repetition: 62197
>passed!
repetition: 62198
>passed!
repetition: 62199
>passed!
repetition: 62200
>passed!
repetition: 62201
>passed!
repetition: 62202
>passed!
repetition: 62203
>passed!
repetition: 62204
>passed!
repetition: 62205
>passed!
repetition: 62206
>passed!
repetition: 62207
>passed!
repetition: 62208
>passed!
repetition: 62209
>passed!
repetition: 62210
>passed!
repetition: 62211
>passed!
repetition: 62212
>passed!
repetition: 62213
>passed!
repetition: 62214
>passed!
repetition: 62215
>passed!
repetition: 62216
>passed!
repetition: 62217
>passed!
repetition: 62218
>passed!
repetition: 62219
>passed!
repetition: 62220
>passed!
repetition: 62221
>passed!
repetition: 62222
>passed!
repetition: 62223
>passed!
repetition: 62224
>passed!
repetition: 62225
>passed!
repetition: 62226
>passed!
repetition: 62227
>passed!
repetition: 62228
>passed!
repetition: 62229
>passed!
repetition: 62230
>passed!
repetition: 62231
>passed!
repetition: 62232
>passed!
repetition: 62233
>passed!
repetition: 62234
>passed!
repetition: 62235
>passed!
repetition: 62236
>passed!
repetition: 62237
>passed!
repetition: 62238
>passed!
repetition: 62239
>passed!
repetition: 62240
>passed!
repetition: 62241
>passed!
repetition: 62242
>passed!
repetition: 62243
>passed!
repetition: 62244
>passed!
repetition: 62245
>passed!
repetition: 62246
>passed!
repetition: 62247
>passed!
repetition: 62248
>passed!
repetition: 62249
>passed!
repetition: 62250
>passed!
repetition: 62251
>passed!
repetition: 62252
>passed!
repetition: 62253
>passed!
repetition: 62254
>passed!
repetition: 62255
>passed!
repetition: 62256
>passed!
repetition: 62257
>passed!
repetition: 62258
>passed!
repetition: 62259
>passed!
repetition: 62260
>passed!
repetition: 62261
>passed!
repetition: 62262
>passed!
repetition: 62263
>passed!
repetition: 62264
>passed!
repetition: 62265
>passed!
repetition: 62266
>passed!
repetition: 62267
>passed!
repetition: 62268
>passed!
repetition: 62269
>passed!
repetition: 62270
>passed!
repetition: 62271
>passed!
repetition: 62272
>passed!
repetition: 62273
>passed!
repetition: 62274
>passed!
repetition: 62275
>passed!
repetition: 62276
>passed!
repetition: 62277
>passed!
repetition: 62278
>passed!
repetition: 62279
>passed!
repetition: 62280
>passed!
repetition: 62281
>passed!
repetition: 62282
>passed!
repetition: 62283
>passed!
repetition: 62284
>passed!
repetition: 62285
>passed!
repetition: 62286
>passed!
repetition: 62287
>passed!
repetition: 62288
>passed!
repetition: 62289
>passed!
repetition: 62290
>passed!
repetition: 62291
>passed!
repetition: 62292
>passed!
repetition: 62293
>passed!
repetition: 62294
>passed!
repetition: 62295
>passed!
repetition: 62296
>passed!
repetition: 62297
>passed!
repetition: 62298
>passed!
repetition: 62299
>passed!
repetition: 62300
>passed!
repetition: 62301
>passed!
repetition: 62302
>passed!
repetition: 62303
>passed!
repetition: 62304
>passed!
repetition: 62305
>passed!
repetition: 62306
>passed!
repetition: 62307
>passed!
repetition: 62308
>passed!
repetition: 62309
>passed!
repetition: 62310
>passed!
repetition: 62311
>passed!
repetition: 62312
>passed!
repetition: 62313
>passed!
repetition: 62314
>passed!
repetition: 62315
>passed!
repetition: 62316
>passed!
repetition: 62317
>passed!
repetition: 62318
>passed!
repetition: 62319
>passed!
repetition: 62320
>passed!
repetition: 62321
>passed!
repetition: 62322
>passed!
repetition: 62323
>passed!
repetition: 62324
>passed!
repetition: 62325
>passed!
repetition: 62326
>passed!
repetition: 62327
>passed!
repetition: 62328
>passed!
repetition: 62329
>passed!
repetition: 62330
>passed!
repetition: 62331
>passed!
repetition: 62332
>passed!
repetition: 62333
>passed!
repetition: 62334
>passed!
repetition: 62335
>passed!
repetition: 62336
>passed!
repetition: 62337
>passed!
repetition: 62338
>passed!
repetition: 62339
>passed!
repetition: 62340
>passed!
repetition: 62341
>passed!
repetition: 62342
>passed!
repetition: 62343
>passed!
repetition: 62344
>passed!
repetition: 62345
>passed!
repetition: 62346
>passed!
repetition: 62347
>passed!
repetition: 62348
>passed!
repetition: 62349
>passed!
repetition: 62350
>passed!
repetition: 62351
>passed!
repetition: 62352
>passed!
repetition: 62353
>passed!
repetition: 62354
>passed!
repetition: 62355
>passed!
repetition: 62356
>passed!
repetition: 62357
>passed!
repetition: 62358
>passed!
repetition: 62359
>passed!
repetition: 62360
>passed!
repetition: 62361
>passed!
repetition: 62362
>passed!
repetition: 62363
>passed!
repetition: 62364
>passed!
repetition: 62365
>passed!
repetition: 62366
>passed!
repetition: 62367
>passed!
repetition: 62368
>passed!
repetition: 62369
>passed!
repetition: 62370
>passed!
repetition: 62371
>passed!
repetition: 62372
>passed!
repetition: 62373
>passed!
repetition: 62374
>passed!
repetition: 62375
>passed!
repetition: 62376
>passed!
repetition: 62377
>passed!
repetition: 62378
>passed!
repetition: 62379
>passed!
repetition: 62380
>passed!
repetition: 62381
>passed!
repetition: 62382
>passed!
repetition: 62383
>passed!
repetition: 62384
>passed!
repetition: 62385
>passed!
repetition: 62386
>passed!
repetition: 62387
>passed!
repetition: 62388
>passed!
repetition: 62389
>passed!
repetition: 62390
>passed!
repetition: 62391
>passed!
repetition: 62392
>passed!
repetition: 62393
>passed!
repetition: 62394
>passed!
repetition: 62395
>passed!
repetition: 62396
>passed!
repetition: 62397
>passed!
repetition: 62398
>passed!
repetition: 62399
>passed!
repetition: 62400
>passed!
repetition: 62401
>passed!
repetition: 62402
>passed!
repetition: 62403
>passed!
repetition: 62404
>passed!
repetition: 62405
>passed!
repetition: 62406
>passed!
repetition: 62407
>passed!
repetition: 62408
>passed!
repetition: 62409
>passed!
repetition: 62410
>passed!
repetition: 62411
>passed!
repetition: 62412
>passed!
repetition: 62413
>passed!
repetition: 62414
>passed!
repetition: 62415
>passed!
repetition: 62416
>passed!
repetition: 62417
>passed!
repetition: 62418
>passed!
repetition: 62419
>passed!
repetition: 62420
>passed!
repetition: 62421
>passed!
repetition: 62422
>passed!
repetition: 62423
>passed!
repetition: 62424
>passed!
repetition: 62425
>passed!
repetition: 62426
>passed!
repetition: 62427
>passed!
repetition: 62428
>passed!
repetition: 62429
>passed!
repetition: 62430
>passed!
repetition: 62431
>passed!
repetition: 62432
>passed!
repetition: 62433
>passed!
repetition: 62434
>passed!
repetition: 62435
>passed!
repetition: 62436
>passed!
repetition: 62437
>passed!
repetition: 62438
>passed!
repetition: 62439
>passed!
repetition: 62440
>passed!
repetition: 62441
>passed!
repetition: 62442
>passed!
repetition: 62443
>passed!
repetition: 62444
>passed!
repetition: 62445
>passed!
repetition: 62446
>passed!
repetition: 62447
>passed!
repetition: 62448
>passed!
repetition: 62449
>passed!
repetition: 62450
>passed!
repetition: 62451
>passed!
repetition: 62452
>passed!
repetition: 62453
>passed!
repetition: 62454
>passed!
repetition: 62455
>passed!
repetition: 62456
>passed!
repetition: 62457
>passed!
repetition: 62458
>passed!
repetition: 62459
>passed!
repetition: 62460
>passed!
repetition: 62461
>passed!
repetition: 62462
>passed!
repetition: 62463
>passed!
repetition: 62464
>passed!
repetition: 62465
>passed!
repetition: 62466
>passed!
repetition: 62467
>passed!
repetition: 62468
>passed!
repetition: 62469
>passed!
repetition: 62470
>passed!
repetition: 62471
>passed!
repetition: 62472
>passed!
repetition: 62473
>passed!
repetition: 62474
>passed!
repetition: 62475
>passed!
repetition: 62476
>passed!
repetition: 62477
>passed!
repetition: 62478
>passed!
repetition: 62479
>passed!
repetition: 62480
>passed!
repetition: 62481
>passed!
repetition: 62482
>passed!
repetition: 62483
>passed!
repetition: 62484
>passed!
repetition: 62485
>passed!
repetition: 62486
>passed!
repetition: 62487
>passed!
repetition: 62488
>passed!
repetition: 62489
>passed!
repetition: 62490
>passed!
repetition: 62491
>passed!
repetition: 62492
>passed!
repetition: 62493
>passed!
repetition: 62494
>passed!
repetition: 62495
>passed!
repetition: 62496
>passed!
repetition: 62497
>passed!
repetition: 62498
>passed!
repetition: 62499
>passed!
repetition: 62500
>passed!
repetition: 62501
>passed!
repetition: 62502
>passed!
repetition: 62503
>passed!
repetition: 62504
>passed!
repetition: 62505
>passed!
repetition: 62506
>passed!
repetition: 62507
>passed!
repetition: 62508
>passed!
repetition: 62509
>passed!
repetition: 62510
>passed!
repetition: 62511
>passed!
repetition: 62512
>passed!
repetition: 62513
>passed!
repetition: 62514
>passed!
repetition: 62515
>passed!
repetition: 62516
>passed!
repetition: 62517
>passed!
repetition: 62518
>passed!
repetition: 62519
>passed!
repetition: 62520
>passed!
repetition: 62521
>passed!
repetition: 62522
>passed!
repetition: 62523
>passed!
repetition: 62524
>passed!
repetition: 62525
>passed!
repetition: 62526
>passed!
repetition: 62527
>passed!
repetition: 62528
>passed!
repetition: 62529
>passed!
repetition: 62530
>passed!
repetition: 62531
>passed!
repetition: 62532
>passed!
repetition: 62533
>passed!
repetition: 62534
>passed!
repetition: 62535
>passed!
repetition: 62536
>passed!
repetition: 62537
>passed!
repetition: 62538
>passed!
repetition: 62539
>passed!
repetition: 62540
>passed!
repetition: 62541
>passed!
repetition: 62542
>passed!
repetition: 62543
>passed!
repetition: 62544
>passed!
repetition: 62545
>passed!
repetition: 62546
>passed!
repetition: 62547
>passed!
repetition: 62548
>passed!
repetition: 62549
>passed!
repetition: 62550
>passed!
repetition: 62551
>passed!
repetition: 62552
>passed!
repetition: 62553
>passed!
repetition: 62554
>passed!
repetition: 62555
>passed!
repetition: 62556
>passed!
repetition: 62557
>passed!
repetition: 62558
>passed!
repetition: 62559
>passed!
repetition: 62560
>passed!
repetition: 62561
>passed!
repetition: 62562
>passed!
repetition: 62563
>passed!
repetition: 62564
>passed!
repetition: 62565
>passed!
repetition: 62566
>passed!
repetition: 62567
>passed!
repetition: 62568
>passed!
repetition: 62569
>passed!
repetition: 62570
>passed!
repetition: 62571
>passed!
repetition: 62572
>passed!
repetition: 62573
>passed!
repetition: 62574
>passed!
repetition: 62575
>passed!
repetition: 62576
>passed!
repetition: 62577
>passed!
repetition: 62578
>passed!
repetition: 62579
>passed!
repetition: 62580
>passed!
repetition: 62581
>passed!
repetition: 62582
>passed!
repetition: 62583
>passed!
repetition: 62584
>passed!
repetition: 62585
>passed!
repetition: 62586
>passed!
repetition: 62587
>passed!
repetition: 62588
>passed!
repetition: 62589
>passed!
repetition: 62590
>passed!
repetition: 62591
>passed!
repetition: 62592
>passed!
repetition: 62593
>passed!
repetition: 62594
>passed!
repetition: 62595
>passed!
repetition: 62596
>passed!
repetition: 62597
>passed!
repetition: 62598
>passed!
repetition: 62599
>passed!
repetition: 62600
>passed!
repetition: 62601
>passed!
repetition: 62602
>passed!
repetition: 62603
>passed!
repetition: 62604
>passed!
repetition: 62605
>passed!
repetition: 62606
>passed!
repetition: 62607
>passed!
repetition: 62608
>passed!
repetition: 62609
>passed!
repetition: 62610
>passed!
repetition: 62611
>passed!
repetition: 62612
>passed!
repetition: 62613
>passed!
repetition: 62614
>passed!
repetition: 62615
>passed!
repetition: 62616
>passed!
repetition: 62617
>passed!
repetition: 62618
>passed!
repetition: 62619
>passed!
repetition: 62620
>passed!
repetition: 62621
>passed!
repetition: 62622
>passed!
repetition: 62623
>passed!
repetition: 62624
>passed!
repetition: 62625
>passed!
repetition: 62626
>passed!
repetition: 62627
>passed!
repetition: 62628
>passed!
repetition: 62629
>passed!
repetition: 62630
>passed!
repetition: 62631
>passed!
repetition: 62632
>passed!
repetition: 62633
>passed!
repetition: 62634
>passed!
repetition: 62635
>passed!
repetition: 62636
>passed!
repetition: 62637
>passed!
repetition: 62638
>passed!
repetition: 62639
>passed!
repetition: 62640
>passed!
repetition: 62641
>passed!
repetition: 62642
>passed!
repetition: 62643
>passed!
repetition: 62644
>passed!
repetition: 62645
>passed!
repetition: 62646
>passed!
repetition: 62647
>passed!
repetition: 62648
>passed!
repetition: 62649
>passed!
repetition: 62650
>passed!
repetition: 62651
>passed!
repetition: 62652
>passed!
repetition: 62653
>passed!
repetition: 62654
>passed!
repetition: 62655
>passed!
repetition: 62656
>passed!
repetition: 62657
>passed!
repetition: 62658
>passed!
repetition: 62659
>passed!
repetition: 62660
>passed!
repetition: 62661
>passed!
repetition: 62662
>passed!
repetition: 62663
>passed!
repetition: 62664
>passed!
repetition: 62665
>passed!
repetition: 62666
>passed!
repetition: 62667
>passed!
repetition: 62668
>passed!
repetition: 62669
>passed!
repetition: 62670
>passed!
repetition: 62671
>passed!
repetition: 62672
>passed!
repetition: 62673
>passed!
repetition: 62674
>passed!
repetition: 62675
>passed!
repetition: 62676
>passed!
repetition: 62677
>passed!
repetition: 62678
>passed!
repetition: 62679
>passed!
repetition: 62680
>passed!
repetition: 62681
>passed!
repetition: 62682
>passed!
repetition: 62683
>passed!
repetition: 62684
>passed!
repetition: 62685
>passed!
repetition: 62686
>passed!
repetition: 62687
>passed!
repetition: 62688
>passed!
repetition: 62689
>passed!
repetition: 62690
>passed!
repetition: 62691
>passed!
repetition: 62692
>passed!
repetition: 62693
>passed!
repetition: 62694
>passed!
repetition: 62695
>passed!
repetition: 62696
>passed!
repetition: 62697
>passed!
repetition: 62698
>passed!
repetition: 62699
>passed!
repetition: 62700
>passed!
repetition: 62701
>passed!
repetition: 62702
>passed!
repetition: 62703
>passed!
repetition: 62704
>passed!
repetition: 62705
>passed!
repetition: 62706
>passed!
repetition: 62707
>passed!
repetition: 62708
>passed!
repetition: 62709
>passed!
repetition: 62710
>passed!
repetition: 62711
>passed!
repetition: 62712
>passed!
repetition: 62713
>passed!
repetition: 62714
>passed!
repetition: 62715
>passed!
repetition: 62716
>passed!
repetition: 62717
>passed!
repetition: 62718
>passed!
repetition: 62719
>passed!
repetition: 62720
>passed!
repetition: 62721
>passed!
repetition: 62722
>passed!
repetition: 62723
>passed!
repetition: 62724
>passed!
repetition: 62725
>passed!
repetition: 62726
>passed!
repetition: 62727
>passed!
repetition: 62728
>passed!
repetition: 62729
>passed!
repetition: 62730
>passed!
repetition: 62731
>passed!
repetition: 62732
>passed!
repetition: 62733
>passed!
repetition: 62734
>passed!
repetition: 62735
>passed!
repetition: 62736
>passed!
repetition: 62737
>passed!
repetition: 62738
>passed!
repetition: 62739
>passed!
repetition: 62740
>passed!
repetition: 62741
>passed!
repetition: 62742
>passed!
repetition: 62743
>passed!
repetition: 62744
>passed!
repetition: 62745
>passed!
repetition: 62746
>passed!
repetition: 62747
>passed!
repetition: 62748
>passed!
repetition: 62749
>passed!
repetition: 62750
>passed!
repetition: 62751
>passed!
repetition: 62752
>passed!
repetition: 62753
>passed!
repetition: 62754
>passed!
repetition: 62755
>passed!
repetition: 62756
>passed!
repetition: 62757
>passed!
repetition: 62758
>passed!
repetition: 62759
>passed!
repetition: 62760
>passed!
repetition: 62761
>passed!
repetition: 62762
>passed!
repetition: 62763
>passed!
repetition: 62764
>passed!
repetition: 62765
>passed!
repetition: 62766
>passed!
repetition: 62767
>passed!
repetition: 62768
>passed!
repetition: 62769
>passed!
repetition: 62770
>passed!
repetition: 62771
>passed!
repetition: 62772
>passed!
repetition: 62773
>passed!
repetition: 62774
>passed!
repetition: 62775
>passed!
repetition: 62776
>passed!
repetition: 62777
>passed!
repetition: 62778
>passed!
repetition: 62779
>passed!
repetition: 62780
>passed!
repetition: 62781
>passed!
repetition: 62782
>passed!
repetition: 62783
>passed!
repetition: 62784
>passed!
repetition: 62785
>passed!
repetition: 62786
>passed!
repetition: 62787
>passed!
repetition: 62788
>passed!
repetition: 62789
>passed!
repetition: 62790
>passed!
repetition: 62791
>passed!
repetition: 62792
>passed!
repetition: 62793
>passed!
repetition: 62794
>passed!
repetition: 62795
>passed!
repetition: 62796
>passed!
repetition: 62797
>passed!
repetition: 62798
>passed!
repetition: 62799
>passed!
repetition: 62800
>passed!
repetition: 62801
>passed!
repetition: 62802
>passed!
repetition: 62803
>passed!
repetition: 62804
>passed!
repetition: 62805
>passed!
repetition: 62806
>passed!
repetition: 62807
>passed!
repetition: 62808
>passed!
repetition: 62809
>passed!
repetition: 62810
>passed!
repetition: 62811
>passed!
repetition: 62812
>passed!
repetition: 62813
>passed!
repetition: 62814
>passed!
repetition: 62815
>passed!
repetition: 62816
>passed!
repetition: 62817
>passed!
repetition: 62818
>passed!
repetition: 62819
>passed!
repetition: 62820
>passed!
repetition: 62821
>passed!
repetition: 62822
>passed!
repetition: 62823
>passed!
repetition: 62824
>passed!
repetition: 62825
>passed!
repetition: 62826
>passed!
repetition: 62827
>passed!
repetition: 62828
>passed!
repetition: 62829
>passed!
repetition: 62830
>passed!
repetition: 62831
>passed!
repetition: 62832
>passed!
repetition: 62833
>passed!
repetition: 62834
>passed!
repetition: 62835
>passed!
repetition: 62836
>passed!
repetition: 62837
>passed!
repetition: 62838
>passed!
repetition: 62839
>passed!
repetition: 62840
>passed!
repetition: 62841
>passed!
repetition: 62842
>passed!
repetition: 62843
>passed!
repetition: 62844
>passed!
repetition: 62845
>passed!
repetition: 62846
>passed!
repetition: 62847
>passed!
repetition: 62848
>passed!
repetition: 62849
>passed!
repetition: 62850
>passed!
repetition: 62851
>passed!
repetition: 62852
>passed!
repetition: 62853
>passed!
repetition: 62854
>passed!
repetition: 62855
>passed!
repetition: 62856
>passed!
repetition: 62857
>passed!
repetition: 62858
>passed!
repetition: 62859
>passed!
repetition: 62860
>passed!
repetition: 62861
>passed!
repetition: 62862
>passed!
repetition: 62863
>passed!
repetition: 62864
>passed!
repetition: 62865
>passed!
repetition: 62866
>passed!
repetition: 62867
>passed!
repetition: 62868
>passed!
repetition: 62869
>passed!
repetition: 62870
>passed!
repetition: 62871
>passed!
repetition: 62872
>passed!
repetition: 62873
>passed!
repetition: 62874
>passed!
repetition: 62875
>passed!
repetition: 62876
>passed!
repetition: 62877
>passed!
repetition: 62878
>passed!
repetition: 62879
>passed!
repetition: 62880
>passed!
repetition: 62881
>passed!
repetition: 62882
>passed!
repetition: 62883
>passed!
repetition: 62884
>passed!
repetition: 62885
>passed!
repetition: 62886
>passed!
repetition: 62887
>passed!
repetition: 62888
>passed!
repetition: 62889
>passed!
repetition: 62890
>passed!
repetition: 62891
>passed!
repetition: 62892
>passed!
repetition: 62893
>passed!
repetition: 62894
>passed!
repetition: 62895
>passed!
repetition: 62896
>passed!
repetition: 62897
>passed!
repetition: 62898
>passed!
repetition: 62899
>passed!
repetition: 62900
>passed!
repetition: 62901
>passed!
repetition: 62902
>passed!
repetition: 62903
>passed!
repetition: 62904
>passed!
repetition: 62905
>passed!
repetition: 62906
>passed!
repetition: 62907
>passed!
repetition: 62908
>passed!
repetition: 62909
>passed!
repetition: 62910
>passed!
repetition: 62911
>passed!
repetition: 62912
>passed!
repetition: 62913
>passed!
repetition: 62914
>passed!
repetition: 62915
>passed!
repetition: 62916
>passed!
repetition: 62917
>passed!
repetition: 62918
>passed!
repetition: 62919
>passed!
repetition: 62920
>passed!
repetition: 62921
>passed!
repetition: 62922
>passed!
repetition: 62923
>passed!
repetition: 62924
>passed!
repetition: 62925
>passed!
repetition: 62926
>passed!
repetition: 62927
>passed!
repetition: 62928
>passed!
repetition: 62929
>passed!
repetition: 62930
>passed!
repetition: 62931
>passed!
repetition: 62932
>passed!
repetition: 62933
>passed!
repetition: 62934
>passed!
repetition: 62935
>passed!
repetition: 62936
>passed!
repetition: 62937
>passed!
repetition: 62938
>passed!
repetition: 62939
>passed!
repetition: 62940
>passed!
repetition: 62941
>passed!
repetition: 62942
>passed!
repetition: 62943
>passed!
repetition: 62944
>passed!
repetition: 62945
>passed!
repetition: 62946
>passed!
repetition: 62947
>passed!
repetition: 62948
>passed!
repetition: 62949
>passed!
repetition: 62950
>passed!
repetition: 62951
>passed!
repetition: 62952
>passed!
repetition: 62953
>passed!
repetition: 62954
>passed!
repetition: 62955
>passed!
repetition: 62956
>passed!
repetition: 62957
>passed!
repetition: 62958
>passed!
repetition: 62959
>passed!
repetition: 62960
>passed!
repetition: 62961
>passed!
repetition: 62962
>passed!
repetition: 62963
>passed!
repetition: 62964
>passed!
repetition: 62965
>passed!
repetition: 62966
>passed!
repetition: 62967
>passed!
repetition: 62968
>passed!
repetition: 62969
>passed!
repetition: 62970
>passed!
repetition: 62971
>passed!
repetition: 62972
>passed!
repetition: 62973
>passed!
repetition: 62974
>passed!
repetition: 62975
>passed!
repetition: 62976
>passed!
repetition: 62977
>passed!
repetition: 62978
>passed!
repetition: 62979
>passed!
repetition: 62980
>passed!
repetition: 62981
>passed!
repetition: 62982
>passed!
repetition: 62983
>passed!
repetition: 62984
>passed!
repetition: 62985
>passed!
repetition: 62986
>passed!
repetition: 62987
>passed!
repetition: 62988
>passed!
repetition: 62989
>passed!
repetition: 62990
>passed!
repetition: 62991
>passed!
repetition: 62992
>passed!
repetition: 62993
>passed!
repetition: 62994
>passed!
repetition: 62995
>passed!
repetition: 62996
>passed!
repetition: 62997
>passed!
repetition: 62998
>passed!
repetition: 62999
>passed!
repetition: 63000
>passed!
repetition: 63001
>passed!
repetition: 63002
>passed!
repetition: 63003
>passed!
repetition: 63004
>passed!
repetition: 63005
>passed!
repetition: 63006
>passed!
repetition: 63007
>passed!
repetition: 63008
>passed!
repetition: 63009
>passed!
repetition: 63010
>passed!
repetition: 63011
>passed!
repetition: 63012
>passed!
repetition: 63013
>passed!
repetition: 63014
>passed!
repetition: 63015
>passed!
repetition: 63016
>passed!
repetition: 63017
>passed!
repetition: 63018
>passed!
repetition: 63019
>passed!
repetition: 63020
>passed!
repetition: 63021
>passed!
repetition: 63022
>passed!
repetition: 63023
>passed!
repetition: 63024
>passed!
repetition: 63025
>passed!
repetition: 63026
>passed!
repetition: 63027
>passed!
repetition: 63028
>passed!
repetition: 63029
>passed!
repetition: 63030
>passed!
repetition: 63031
>passed!
repetition: 63032
>passed!
repetition: 63033
>passed!
repetition: 63034
>passed!
repetition: 63035
>passed!
repetition: 63036
>passed!
repetition: 63037
>passed!
repetition: 63038
>passed!
repetition: 63039
>passed!
repetition: 63040
>passed!
repetition: 63041
>passed!
repetition: 63042
>passed!
repetition: 63043
>passed!
repetition: 63044
>passed!
repetition: 63045
>passed!
repetition: 63046
>passed!
repetition: 63047
>passed!
repetition: 63048
>passed!
repetition: 63049
>passed!
repetition: 63050
>passed!
repetition: 63051
>passed!
repetition: 63052
>passed!
repetition: 63053
>passed!
repetition: 63054
>passed!
repetition: 63055
>passed!
repetition: 63056
>passed!
repetition: 63057
>passed!
repetition: 63058
>passed!
repetition: 63059
>passed!
repetition: 63060
>passed!
repetition: 63061
>passed!
repetition: 63062
>passed!
repetition: 63063
>passed!
repetition: 63064
>passed!
repetition: 63065
>passed!
repetition: 63066
>passed!
repetition: 63067
>passed!
repetition: 63068
>passed!
repetition: 63069
>passed!
repetition: 63070
>passed!
repetition: 63071
>passed!
repetition: 63072
>passed!
repetition: 63073
>passed!
repetition: 63074
>passed!
repetition: 63075
>passed!
repetition: 63076
>passed!
repetition: 63077
>passed!
repetition: 63078
>passed!
repetition: 63079
>passed!
repetition: 63080
>passed!
repetition: 63081
>passed!
repetition: 63082
>passed!
repetition: 63083
>passed!
repetition: 63084
>passed!
repetition: 63085
>passed!
repetition: 63086
>passed!
repetition: 63087
>passed!
repetition: 63088
>passed!
repetition: 63089
>passed!
repetition: 63090
>passed!
repetition: 63091
>passed!
repetition: 63092
>passed!
repetition: 63093
>passed!
repetition: 63094
>passed!
repetition: 63095
>passed!
repetition: 63096
>passed!
repetition: 63097
>passed!
repetition: 63098
>passed!
repetition: 63099
>passed!
repetition: 63100
>passed!
repetition: 63101
>passed!
repetition: 63102
>passed!
repetition: 63103
>passed!
repetition: 63104
>passed!
repetition: 63105
>passed!
repetition: 63106
>passed!
repetition: 63107
>passed!
repetition: 63108
>passed!
repetition: 63109
>passed!
repetition: 63110
>passed!
repetition: 63111
>passed!
repetition: 63112
>passed!
repetition: 63113
>passed!
repetition: 63114
>passed!
repetition: 63115
>passed!
repetition: 63116
>passed!
repetition: 63117
>passed!
repetition: 63118
>passed!
repetition: 63119
>passed!
repetition: 63120
>passed!
repetition: 63121
>passed!
repetition: 63122
>passed!
repetition: 63123
>passed!
repetition: 63124
>passed!
repetition: 63125
>passed!
repetition: 63126
>passed!
repetition: 63127
>passed!
repetition: 63128
>passed!
repetition: 63129
>passed!
repetition: 63130
>passed!
repetition: 63131
>passed!
repetition: 63132
>passed!
repetition: 63133
>passed!
repetition: 63134
>passed!
repetition: 63135
>passed!
repetition: 63136
>passed!
repetition: 63137
>passed!
repetition: 63138
>passed!
repetition: 63139
>passed!
repetition: 63140
>passed!
repetition: 63141
>passed!
repetition: 63142
>passed!
repetition: 63143
>passed!
repetition: 63144
>passed!
repetition: 63145
>passed!
repetition: 63146
>passed!
repetition: 63147
>passed!
repetition: 63148
>passed!
repetition: 63149
>passed!
repetition: 63150
>passed!
repetition: 63151
>passed!
repetition: 63152
>passed!
repetition: 63153
>passed!
repetition: 63154
>passed!
repetition: 63155
>passed!
repetition: 63156
>passed!
repetition: 63157
>passed!
repetition: 63158
>passed!
repetition: 63159
>passed!
repetition: 63160
>passed!
repetition: 63161
>passed!
repetition: 63162
>passed!
repetition: 63163
>passed!
repetition: 63164
>passed!
repetition: 63165
>passed!
repetition: 63166
>passed!
repetition: 63167
>passed!
repetition: 63168
>passed!
repetition: 63169
>passed!
repetition: 63170
>passed!
repetition: 63171
>passed!
repetition: 63172
>passed!
repetition: 63173
>passed!
repetition: 63174
>passed!
repetition: 63175
>passed!
repetition: 63176
>passed!
repetition: 63177
>passed!
repetition: 63178
>passed!
repetition: 63179
>passed!
repetition: 63180
>passed!
repetition: 63181
>passed!
repetition: 63182
>passed!
repetition: 63183
>passed!
repetition: 63184
>passed!
repetition: 63185
>passed!
repetition: 63186
>passed!
repetition: 63187
>passed!
repetition: 63188
>passed!
repetition: 63189
>passed!
repetition: 63190
>passed!
repetition: 63191
>passed!
repetition: 63192
>passed!
repetition: 63193
>passed!
repetition: 63194
>passed!
repetition: 63195
>passed!
repetition: 63196
>passed!
repetition: 63197
>passed!
repetition: 63198
>passed!
repetition: 63199
>passed!
repetition: 63200
>passed!
repetition: 63201
>passed!
repetition: 63202
>passed!
repetition: 63203
>passed!
repetition: 63204
>passed!
repetition: 63205
>passed!
repetition: 63206
>passed!
repetition: 63207
>passed!
repetition: 63208
>passed!
repetition: 63209
>passed!
repetition: 63210
>passed!
repetition: 63211
>passed!
repetition: 63212
>passed!
repetition: 63213
>passed!
repetition: 63214
>passed!
repetition: 63215
>passed!
repetition: 63216
>passed!
repetition: 63217
>passed!
repetition: 63218
>passed!
repetition: 63219
>passed!
repetition: 63220
>passed!
repetition: 63221
>passed!
repetition: 63222
>passed!
repetition: 63223
>passed!
repetition: 63224
>passed!
repetition: 63225
>passed!
repetition: 63226
>passed!
repetition: 63227
>passed!
repetition: 63228
>passed!
repetition: 63229
>passed!
repetition: 63230
>passed!
repetition: 63231
>passed!
repetition: 63232
>passed!
repetition: 63233
>passed!
repetition: 63234
>passed!
repetition: 63235
>passed!
repetition: 63236
>passed!
repetition: 63237
>passed!
repetition: 63238
>passed!
repetition: 63239
>passed!
repetition: 63240
>passed!
repetition: 63241
>passed!
repetition: 63242
>passed!
repetition: 63243
>passed!
repetition: 63244
>passed!
repetition: 63245
>passed!
repetition: 63246
>passed!
repetition: 63247
>passed!
repetition: 63248
>passed!
repetition: 63249
>passed!
repetition: 63250
>passed!
repetition: 63251
>passed!
repetition: 63252
>passed!
repetition: 63253
>passed!
repetition: 63254
>passed!
repetition: 63255
>passed!
repetition: 63256
>passed!
repetition: 63257
>passed!
repetition: 63258
>passed!
repetition: 63259
>passed!
repetition: 63260
>passed!
repetition: 63261
>passed!
repetition: 63262
>passed!
repetition: 63263
>passed!
repetition: 63264
>passed!
repetition: 63265
>passed!
repetition: 63266
>passed!
repetition: 63267
>passed!
repetition: 63268
>passed!
repetition: 63269
>passed!
repetition: 63270
>passed!
repetition: 63271
>passed!
repetition: 63272
>passed!
repetition: 63273
>passed!
repetition: 63274
>passed!
repetition: 63275
>passed!
repetition: 63276
>passed!
repetition: 63277
>passed!
repetition: 63278
>passed!
repetition: 63279
>passed!
repetition: 63280
>passed!
repetition: 63281
>passed!
repetition: 63282
>passed!
repetition: 63283
>passed!
repetition: 63284
>passed!
repetition: 63285
>passed!
repetition: 63286
>passed!
repetition: 63287
>passed!
repetition: 63288
>passed!
repetition: 63289
>passed!
repetition: 63290
>passed!
repetition: 63291
>passed!
repetition: 63292
>passed!
repetition: 63293
>passed!
repetition: 63294
>passed!
repetition: 63295
>passed!
repetition: 63296
>passed!
repetition: 63297
>passed!
repetition: 63298
>passed!
repetition: 63299
>passed!
repetition: 63300
>passed!
repetition: 63301
>passed!
repetition: 63302
>passed!
repetition: 63303
>passed!
repetition: 63304
>passed!
repetition: 63305
>passed!
repetition: 63306
>passed!
repetition: 63307
>passed!
repetition: 63308
>passed!
repetition: 63309
>passed!
repetition: 63310
>passed!
repetition: 63311
>passed!
repetition: 63312
>passed!
repetition: 63313
>passed!
repetition: 63314
>passed!
repetition: 63315
>passed!
repetition: 63316
>passed!
repetition: 63317
>passed!
repetition: 63318
>passed!
repetition: 63319
>passed!
repetition: 63320
>passed!
repetition: 63321
>passed!
repetition: 63322
>passed!
repetition: 63323
>passed!
repetition: 63324
>passed!
repetition: 63325
>passed!
repetition: 63326
>passed!
repetition: 63327
>passed!
repetition: 63328
>passed!
repetition: 63329
>passed!
repetition: 63330
>passed!
repetition: 63331
>passed!
repetition: 63332
>passed!
repetition: 63333
>passed!
repetition: 63334
>passed!
repetition: 63335
>passed!
repetition: 63336
>passed!
repetition: 63337
>passed!
repetition: 63338
>passed!
repetition: 63339
>passed!
repetition: 63340
>passed!
repetition: 63341
>passed!
repetition: 63342
>passed!
repetition: 63343
>passed!
repetition: 63344
>passed!
repetition: 63345
>passed!
repetition: 63346
>passed!
repetition: 63347
>passed!
repetition: 63348
>passed!
repetition: 63349
>passed!
repetition: 63350
>passed!
repetition: 63351
>passed!
repetition: 63352
>passed!
repetition: 63353
>passed!
repetition: 63354
>passed!
repetition: 63355
>passed!
repetition: 63356
>passed!
repetition: 63357
>passed!
repetition: 63358
>passed!
repetition: 63359
>passed!
repetition: 63360
>passed!
repetition: 63361
>passed!
repetition: 63362
>passed!
repetition: 63363
>passed!
repetition: 63364
>passed!
repetition: 63365
>passed!
repetition: 63366
>passed!
repetition: 63367
>passed!
repetition: 63368
>passed!
repetition: 63369
>passed!
repetition: 63370
>passed!
repetition: 63371
>passed!
repetition: 63372
>passed!
repetition: 63373
>passed!
repetition: 63374
>passed!
repetition: 63375
>passed!
repetition: 63376
>passed!
repetition: 63377
>passed!
repetition: 63378
>passed!
repetition: 63379
>passed!
repetition: 63380
>passed!
repetition: 63381
>passed!
repetition: 63382
>passed!
repetition: 63383
>passed!
repetition: 63384
>passed!
repetition: 63385
>passed!
repetition: 63386
>passed!
repetition: 63387
>passed!
repetition: 63388
>passed!
repetition: 63389
>passed!
repetition: 63390
>passed!
repetition: 63391
>passed!
repetition: 63392
>passed!
repetition: 63393
>passed!
repetition: 63394
>passed!
repetition: 63395
>passed!
repetition: 63396
>passed!
repetition: 63397
>passed!
repetition: 63398
>passed!
repetition: 63399
>passed!
repetition: 63400
>passed!
repetition: 63401
>passed!
repetition: 63402
>passed!
repetition: 63403
>passed!
repetition: 63404
>passed!
repetition: 63405
>passed!
repetition: 63406
>passed!
repetition: 63407
>passed!
repetition: 63408
>passed!
repetition: 63409
>passed!
repetition: 63410
>passed!
repetition: 63411
>passed!
repetition: 63412
>passed!
repetition: 63413
>passed!
repetition: 63414
>passed!
repetition: 63415
>passed!
repetition: 63416
>passed!
repetition: 63417
>passed!
repetition: 63418
>passed!
repetition: 63419
>passed!
repetition: 63420
>passed!
repetition: 63421
>passed!
repetition: 63422
>passed!
repetition: 63423
>passed!
repetition: 63424
>passed!
repetition: 63425
>passed!
repetition: 63426
>passed!
repetition: 63427
>passed!
repetition: 63428
>passed!
repetition: 63429
>passed!
repetition: 63430
>passed!
repetition: 63431
>passed!
repetition: 63432
>passed!
repetition: 63433
>passed!
repetition: 63434
>passed!
repetition: 63435
>passed!
repetition: 63436
>passed!
repetition: 63437
>passed!
repetition: 63438
>passed!
repetition: 63439
>passed!
repetition: 63440
>passed!
repetition: 63441
>passed!
repetition: 63442
>passed!
repetition: 63443
>passed!
repetition: 63444
>passed!
repetition: 63445
>passed!
repetition: 63446
>passed!
repetition: 63447
>passed!
repetition: 63448
>passed!
repetition: 63449
>passed!
repetition: 63450
>passed!
repetition: 63451
>passed!
repetition: 63452
>passed!
repetition: 63453
>passed!
repetition: 63454
>passed!
repetition: 63455
>passed!
repetition: 63456
>passed!
repetition: 63457
>passed!
repetition: 63458
>passed!
repetition: 63459
>passed!
repetition: 63460
>passed!
repetition: 63461
>passed!
repetition: 63462
>passed!
repetition: 63463
>passed!
repetition: 63464
>passed!
repetition: 63465
>passed!
repetition: 63466
>passed!
repetition: 63467
>passed!
repetition: 63468
>passed!
repetition: 63469
>passed!
repetition: 63470
>passed!
repetition: 63471
>passed!
repetition: 63472
>passed!
repetition: 63473
>passed!
repetition: 63474
>passed!
repetition: 63475
>passed!
repetition: 63476
>passed!
repetition: 63477
>passed!
repetition: 63478
>passed!
repetition: 63479
>passed!
repetition: 63480
>passed!
repetition: 63481
>passed!
repetition: 63482
>passed!
repetition: 63483
>passed!
repetition: 63484
>passed!
repetition: 63485
>passed!
repetition: 63486
>passed!
repetition: 63487
>passed!
repetition: 63488
>passed!
repetition: 63489
>passed!
repetition: 63490
>passed!
repetition: 63491
>passed!
repetition: 63492
>passed!
repetition: 63493
>passed!
repetition: 63494
>passed!
repetition: 63495
>passed!
repetition: 63496
>passed!
repetition: 63497
>passed!
repetition: 63498
>passed!
repetition: 63499
>passed!
repetition: 63500
>passed!
repetition: 63501
>passed!
repetition: 63502
>passed!
repetition: 63503
>passed!
repetition: 63504
>passed!
repetition: 63505
>passed!
repetition: 63506
>passed!
repetition: 63507
>passed!
repetition: 63508
>passed!
repetition: 63509
>passed!
repetition: 63510
>passed!
repetition: 63511
>passed!
repetition: 63512
>passed!
repetition: 63513
>passed!
repetition: 63514
>passed!
repetition: 63515
>passed!
repetition: 63516
>passed!
repetition: 63517
>passed!
repetition: 63518
>passed!
repetition: 63519
>passed!
repetition: 63520
>passed!
repetition: 63521
>passed!
repetition: 63522
>passed!
repetition: 63523
>passed!
repetition: 63524
>passed!
repetition: 63525
>passed!
repetition: 63526
>passed!
repetition: 63527
>passed!
repetition: 63528
>passed!
repetition: 63529
>passed!
repetition: 63530
>passed!
repetition: 63531
>passed!
repetition: 63532
>passed!
repetition: 63533
>passed!
repetition: 63534
>passed!
repetition: 63535
>passed!
repetition: 63536
>passed!
repetition: 63537
>passed!
repetition: 63538
>passed!
repetition: 63539
>passed!
repetition: 63540
>passed!
repetition: 63541
>passed!
repetition: 63542
>passed!
repetition: 63543
>passed!
repetition: 63544
>passed!
repetition: 63545
>passed!
repetition: 63546
>passed!
repetition: 63547
>passed!
repetition: 63548
>passed!
repetition: 63549
>passed!
repetition: 63550
>passed!
repetition: 63551
>passed!
repetition: 63552
>passed!
repetition: 63553
>passed!
repetition: 63554
>passed!
repetition: 63555
>passed!
repetition: 63556
>passed!
repetition: 63557
>passed!
repetition: 63558
>passed!
repetition: 63559
>passed!
repetition: 63560
>passed!
repetition: 63561
>passed!
repetition: 63562
>passed!
repetition: 63563
>passed!
repetition: 63564
>passed!
repetition: 63565
>passed!
repetition: 63566
>passed!
repetition: 63567
>passed!
repetition: 63568
>passed!
repetition: 63569
>passed!
repetition: 63570
>passed!
repetition: 63571
>passed!
repetition: 63572
>passed!
repetition: 63573
>passed!
repetition: 63574
>passed!
repetition: 63575
>passed!
repetition: 63576
>passed!
repetition: 63577
>passed!
repetition: 63578
>passed!
repetition: 63579
>passed!
repetition: 63580
>passed!
repetition: 63581
>passed!
repetition: 63582
>passed!
repetition: 63583
>passed!
repetition: 63584
>passed!
repetition: 63585
>passed!
repetition: 63586
>passed!
repetition: 63587
>passed!
repetition: 63588
>passed!
repetition: 63589
>passed!
repetition: 63590
>passed!
repetition: 63591
>passed!
repetition: 63592
>passed!
repetition: 63593
>passed!
repetition: 63594
>passed!
repetition: 63595
>passed!
repetition: 63596
>passed!
repetition: 63597
>passed!
repetition: 63598
>passed!
repetition: 63599
>passed!
repetition: 63600
>passed!
repetition: 63601
>passed!
repetition: 63602
>passed!
repetition: 63603
>passed!
repetition: 63604
>passed!
repetition: 63605
>passed!
repetition: 63606
>passed!
repetition: 63607
>passed!
repetition: 63608
>passed!
repetition: 63609
>passed!
repetition: 63610
>passed!
repetition: 63611
>passed!
repetition: 63612
>passed!
repetition: 63613
>passed!
repetition: 63614
>passed!
repetition: 63615
>passed!
repetition: 63616
>passed!
repetition: 63617
>passed!
repetition: 63618
>passed!
repetition: 63619
>passed!
repetition: 63620
>passed!
repetition: 63621
>passed!
repetition: 63622
>passed!
repetition: 63623
>passed!
repetition: 63624
>passed!
repetition: 63625
>passed!
repetition: 63626
>passed!
repetition: 63627
>passed!
repetition: 63628
>passed!
repetition: 63629
>passed!
repetition: 63630
>passed!
repetition: 63631
>passed!
repetition: 63632
>passed!
repetition: 63633
>passed!
repetition: 63634
>passed!
repetition: 63635
>passed!
repetition: 63636
>passed!
repetition: 63637
>passed!
repetition: 63638
>passed!
repetition: 63639
>passed!
repetition: 63640
>passed!
repetition: 63641
>passed!
repetition: 63642
>passed!
repetition: 63643
>passed!
repetition: 63644
>passed!
repetition: 63645
>passed!
repetition: 63646
>passed!
repetition: 63647
>passed!
repetition: 63648
>passed!
repetition: 63649
>passed!
repetition: 63650
>passed!
repetition: 63651
>passed!
repetition: 63652
>passed!
repetition: 63653
>passed!
repetition: 63654
>passed!
repetition: 63655
>passed!
repetition: 63656
>passed!
repetition: 63657
>passed!
repetition: 63658
>passed!
repetition: 63659
>passed!
repetition: 63660
>passed!
repetition: 63661
>passed!
repetition: 63662
>passed!
repetition: 63663
>passed!
repetition: 63664
>passed!
repetition: 63665
>passed!
repetition: 63666
>passed!
repetition: 63667
>passed!
repetition: 63668
>passed!
repetition: 63669
>passed!
repetition: 63670
>passed!
repetition: 63671
>passed!
repetition: 63672
>passed!
repetition: 63673
>passed!
repetition: 63674
>passed!
repetition: 63675
>passed!
repetition: 63676
>passed!
repetition: 63677
>passed!
repetition: 63678
>passed!
repetition: 63679
>passed!
repetition: 63680
>passed!
repetition: 63681
>passed!
repetition: 63682
>passed!
repetition: 63683
>passed!
repetition: 63684
>passed!
repetition: 63685
>passed!
repetition: 63686
>passed!
repetition: 63687
>passed!
repetition: 63688
>passed!
repetition: 63689
>passed!
repetition: 63690
>passed!
repetition: 63691
>passed!
repetition: 63692
>passed!
repetition: 63693
>passed!
repetition: 63694
>passed!
repetition: 63695
>passed!
repetition: 63696
>passed!
repetition: 63697
>passed!
repetition: 63698
>passed!
repetition: 63699
>passed!
repetition: 63700
>passed!
repetition: 63701
>passed!
repetition: 63702
>passed!
repetition: 63703
>passed!
repetition: 63704
>passed!
repetition: 63705
>passed!
repetition: 63706
>passed!
repetition: 63707
>passed!
repetition: 63708
>passed!
repetition: 63709
>passed!
repetition: 63710
>passed!
repetition: 63711
>passed!
repetition: 63712
>passed!
repetition: 63713
>passed!
repetition: 63714
>passed!
repetition: 63715
>passed!
repetition: 63716
>passed!
repetition: 63717
>passed!
repetition: 63718
>passed!
repetition: 63719
>passed!
repetition: 63720
>passed!
repetition: 63721
>passed!
repetition: 63722
>passed!
repetition: 63723
>passed!
repetition: 63724
>passed!
repetition: 63725
>passed!
repetition: 63726
>passed!
repetition: 63727
>passed!
repetition: 63728
>passed!
repetition: 63729
>passed!
repetition: 63730
>passed!
repetition: 63731
>passed!
repetition: 63732
>passed!
repetition: 63733
>passed!
repetition: 63734
>passed!
repetition: 63735
>passed!
repetition: 63736
>passed!
repetition: 63737
>passed!
repetition: 63738
>passed!
repetition: 63739
>passed!
repetition: 63740
>passed!
repetition: 63741
>passed!
repetition: 63742
>passed!
repetition: 63743
>passed!
repetition: 63744
>passed!
repetition: 63745
>passed!
repetition: 63746
>passed!
repetition: 63747
>passed!
repetition: 63748
>passed!
repetition: 63749
>passed!
repetition: 63750
>passed!
repetition: 63751
>passed!
repetition: 63752
>passed!
repetition: 63753
>passed!
repetition: 63754
>passed!
repetition: 63755
>passed!
repetition: 63756
>passed!
repetition: 63757
>passed!
repetition: 63758
>passed!
repetition: 63759
>passed!
repetition: 63760
>passed!
repetition: 63761
>passed!
repetition: 63762
>passed!
repetition: 63763
>passed!
repetition: 63764
>passed!
repetition: 63765
>passed!
repetition: 63766
>passed!
repetition: 63767
>passed!
repetition: 63768
>passed!
repetition: 63769
>passed!
repetition: 63770
>passed!
repetition: 63771
>passed!
repetition: 63772
>passed!
repetition: 63773
>passed!
repetition: 63774
>passed!
repetition: 63775
>passed!
repetition: 63776
>passed!
repetition: 63777
>passed!
repetition: 63778
>passed!
repetition: 63779
>passed!
repetition: 63780
>passed!
repetition: 63781
>passed!
repetition: 63782
>passed!
repetition: 63783
>passed!
repetition: 63784
>passed!
repetition: 63785
>passed!
repetition: 63786
>passed!
repetition: 63787
>passed!
repetition: 63788
>passed!
repetition: 63789
>passed!
repetition: 63790
>passed!
repetition: 63791
>passed!
repetition: 63792
>passed!
repetition: 63793
>passed!
repetition: 63794
>passed!
repetition: 63795
>passed!
repetition: 63796
>passed!
repetition: 63797
>passed!
repetition: 63798
>passed!
repetition: 63799
>passed!
repetition: 63800
>passed!
repetition: 63801
>passed!
repetition: 63802
>passed!
repetition: 63803
>passed!
repetition: 63804
>passed!
repetition: 63805
>passed!
repetition: 63806
>passed!
repetition: 63807
>passed!
repetition: 63808
>passed!
repetition: 63809
>passed!
repetition: 63810
>passed!
repetition: 63811
>passed!
repetition: 63812
>passed!
repetition: 63813
>passed!
repetition: 63814
>passed!
repetition: 63815
>passed!
repetition: 63816
>passed!
repetition: 63817
>passed!
repetition: 63818
>passed!
repetition: 63819
>passed!
repetition: 63820
>passed!
repetition: 63821
>passed!
repetition: 63822
>passed!
repetition: 63823
>passed!
repetition: 63824
>passed!
repetition: 63825
>passed!
repetition: 63826
>passed!
repetition: 63827
>passed!
repetition: 63828
>passed!
repetition: 63829
>passed!
repetition: 63830
>passed!
repetition: 63831
>passed!
repetition: 63832
>passed!
repetition: 63833
>passed!
repetition: 63834
>passed!
repetition: 63835
>passed!
repetition: 63836
>passed!
repetition: 63837
>passed!
repetition: 63838
>passed!
repetition: 63839
>passed!
repetition: 63840
>passed!
repetition: 63841
>passed!
repetition: 63842
>passed!
repetition: 63843
>passed!
repetition: 63844
>passed!
repetition: 63845
>passed!
repetition: 63846
>passed!
repetition: 63847
>passed!
repetition: 63848
>passed!
repetition: 63849
>passed!
repetition: 63850
>passed!
repetition: 63851
>passed!
repetition: 63852
>passed!
repetition: 63853
>passed!
repetition: 63854
>passed!
repetition: 63855
>passed!
repetition: 63856
>passed!
repetition: 63857
>passed!
repetition: 63858
>passed!
repetition: 63859
>passed!
repetition: 63860
>passed!
repetition: 63861
>passed!
repetition: 63862
>passed!
repetition: 63863
>passed!
repetition: 63864
>passed!
repetition: 63865
>passed!
repetition: 63866
>passed!
repetition: 63867
>passed!
repetition: 63868
>passed!
repetition: 63869
>passed!
repetition: 63870
>passed!
repetition: 63871
>passed!
repetition: 63872
>passed!
repetition: 63873
>passed!
repetition: 63874
>passed!
repetition: 63875
>passed!
repetition: 63876
>passed!
repetition: 63877
>passed!
repetition: 63878
>passed!
repetition: 63879
>passed!
repetition: 63880
>passed!
repetition: 63881
>passed!
repetition: 63882
>passed!
repetition: 63883
>passed!
repetition: 63884
>passed!
repetition: 63885
>passed!
repetition: 63886
>passed!
repetition: 63887
>passed!
repetition: 63888
>passed!
repetition: 63889
>passed!
repetition: 63890
>passed!
repetition: 63891
>passed!
repetition: 63892
>passed!
repetition: 63893
>passed!
repetition: 63894
>passed!
repetition: 63895
>passed!
repetition: 63896
>passed!
repetition: 63897
>passed!
repetition: 63898
>passed!
repetition: 63899
>passed!
repetition: 63900
>passed!
repetition: 63901
>passed!
repetition: 63902
>passed!
repetition: 63903
>passed!
repetition: 63904
>passed!
repetition: 63905
>passed!
repetition: 63906
>passed!
repetition: 63907
>passed!
repetition: 63908
>passed!
repetition: 63909
>passed!
repetition: 63910
>passed!
repetition: 63911
>passed!
repetition: 63912
>passed!
repetition: 63913
>passed!
repetition: 63914
>passed!
repetition: 63915
>passed!
repetition: 63916
>passed!
repetition: 63917
>passed!
repetition: 63918
>passed!
repetition: 63919
>passed!
repetition: 63920
>passed!
repetition: 63921
>passed!
repetition: 63922
>passed!
repetition: 63923
>passed!
repetition: 63924
>passed!
repetition: 63925
>passed!
repetition: 63926
>passed!
repetition: 63927
>passed!
repetition: 63928
>passed!
repetition: 63929
>passed!
repetition: 63930
>passed!
repetition: 63931
>passed!
repetition: 63932
>passed!
repetition: 63933
>passed!
repetition: 63934
>passed!
repetition: 63935
>passed!
repetition: 63936
>passed!
repetition: 63937
>passed!
repetition: 63938
>passed!
repetition: 63939
>passed!
repetition: 63940
>passed!
repetition: 63941
>passed!
repetition: 63942
>passed!
repetition: 63943
>passed!
repetition: 63944
>passed!
repetition: 63945
>passed!
repetition: 63946
>passed!
repetition: 63947
>passed!
repetition: 63948
>passed!
repetition: 63949
>passed!
repetition: 63950
>passed!
repetition: 63951
>passed!
repetition: 63952
>passed!
repetition: 63953
>passed!
repetition: 63954
>passed!
repetition: 63955
>passed!
repetition: 63956
>passed!
repetition: 63957
>passed!
repetition: 63958
>passed!
repetition: 63959
>passed!
repetition: 63960
>passed!
repetition: 63961
>passed!
repetition: 63962
>passed!
repetition: 63963
>passed!
repetition: 63964
>passed!
repetition: 63965
>passed!
repetition: 63966
>passed!
repetition: 63967
>passed!
repetition: 63968
>passed!
repetition: 63969
>passed!
repetition: 63970
>passed!
repetition: 63971
>passed!
repetition: 63972
>passed!
repetition: 63973
>passed!
repetition: 63974
>passed!
repetition: 63975
>passed!
repetition: 63976
>passed!
repetition: 63977
>passed!
repetition: 63978
>passed!
repetition: 63979
>passed!
repetition: 63980
>passed!
repetition: 63981
>passed!
repetition: 63982
>passed!
repetition: 63983
>passed!
repetition: 63984
>passed!
repetition: 63985
>passed!
repetition: 63986
>passed!
repetition: 63987
>passed!
repetition: 63988
>passed!
repetition: 63989
>passed!
repetition: 63990
>passed!
repetition: 63991
>passed!
repetition: 63992
>passed!
repetition: 63993
>passed!
repetition: 63994
>passed!
repetition: 63995
>passed!
repetition: 63996
>passed!
repetition: 63997
>passed!
repetition: 63998
>passed!
repetition: 63999
>passed!
repetition: 64000
>passed!
repetition: 64001
>passed!
repetition: 64002
>passed!
repetition: 64003
>passed!
repetition: 64004
>passed!
repetition: 64005
>passed!
repetition: 64006
>passed!
repetition: 64007
>passed!
repetition: 64008
>passed!
repetition: 64009
>passed!
repetition: 64010
>passed!
repetition: 64011
>passed!
repetition: 64012
>passed!
repetition: 64013
>passed!
repetition: 64014
>passed!
repetition: 64015
>passed!
repetition: 64016
>passed!
repetition: 64017
>passed!
repetition: 64018
>passed!
repetition: 64019
>passed!
repetition: 64020
>passed!
repetition: 64021
>passed!
repetition: 64022
>passed!
repetition: 64023
>passed!
repetition: 64024
>passed!
repetition: 64025
>passed!
repetition: 64026
>passed!
repetition: 64027
>passed!
repetition: 64028
>passed!
repetition: 64029
>passed!
repetition: 64030
>passed!
repetition: 64031
>passed!
repetition: 64032
>passed!
repetition: 64033
>passed!
repetition: 64034
>passed!
repetition: 64035
>passed!
repetition: 64036
>passed!
repetition: 64037
>passed!
repetition: 64038
>passed!
repetition: 64039
>passed!
repetition: 64040
>passed!
repetition: 64041
>passed!
repetition: 64042
>passed!
repetition: 64043
>passed!
repetition: 64044
>passed!
repetition: 64045
>passed!
repetition: 64046
>passed!
repetition: 64047
>passed!
repetition: 64048
>passed!
repetition: 64049
>passed!
repetition: 64050
>passed!
repetition: 64051
>passed!
repetition: 64052
>passed!
repetition: 64053
>passed!
repetition: 64054
>passed!
repetition: 64055
>passed!
repetition: 64056
>passed!
repetition: 64057
>passed!
repetition: 64058
>passed!
repetition: 64059
>passed!
repetition: 64060
>passed!
repetition: 64061
>passed!
repetition: 64062
>passed!
repetition: 64063
>passed!
repetition: 64064
>passed!
repetition: 64065
>passed!
repetition: 64066
>passed!
repetition: 64067
>passed!
repetition: 64068
>passed!
repetition: 64069
>passed!
repetition: 64070
>passed!
repetition: 64071
>passed!
repetition: 64072
>passed!
repetition: 64073
>passed!
repetition: 64074
>passed!
repetition: 64075
>passed!
repetition: 64076
>passed!
repetition: 64077
>passed!
repetition: 64078
>passed!
repetition: 64079
>passed!
repetition: 64080
>passed!
repetition: 64081
>passed!
repetition: 64082
>passed!
repetition: 64083
>passed!
repetition: 64084
>passed!
repetition: 64085
>passed!
repetition: 64086
>passed!
repetition: 64087
>passed!
repetition: 64088
>passed!
repetition: 64089
>passed!
repetition: 64090
>passed!
repetition: 64091
>passed!
repetition: 64092
>passed!
repetition: 64093
>passed!
repetition: 64094
>passed!
repetition: 64095
>passed!
repetition: 64096
>passed!
repetition: 64097
>passed!
repetition: 64098
>passed!
repetition: 64099
>passed!
repetition: 64100
>passed!
repetition: 64101
>passed!
repetition: 64102
>passed!
repetition: 64103
>passed!
repetition: 64104
>passed!
repetition: 64105
>passed!
repetition: 64106
>passed!
repetition: 64107
>passed!
repetition: 64108
>passed!
repetition: 64109
>passed!
repetition: 64110
>passed!
repetition: 64111
>passed!
repetition: 64112
>passed!
repetition: 64113
>passed!
repetition: 64114
>passed!
repetition: 64115
>passed!
repetition: 64116
>passed!
repetition: 64117
>passed!
repetition: 64118
>passed!
repetition: 64119
>passed!
repetition: 64120
>passed!
repetition: 64121
>passed!
repetition: 64122
>passed!
repetition: 64123
>passed!
repetition: 64124
>passed!
repetition: 64125
>passed!
repetition: 64126
>passed!
repetition: 64127
>passed!
repetition: 64128
>passed!
repetition: 64129
>passed!
repetition: 64130
>passed!
repetition: 64131
>passed!
repetition: 64132
>passed!
repetition: 64133
>passed!
repetition: 64134
>passed!
repetition: 64135
>passed!
repetition: 64136
>passed!
repetition: 64137
>passed!
repetition: 64138
>passed!
repetition: 64139
>passed!
repetition: 64140
>passed!
repetition: 64141
>passed!
repetition: 64142
>passed!
repetition: 64143
>passed!
repetition: 64144
>passed!
repetition: 64145
>passed!
repetition: 64146
>passed!
repetition: 64147
>passed!
repetition: 64148
>passed!
repetition: 64149
>passed!
repetition: 64150
>passed!
repetition: 64151
>passed!
repetition: 64152
>passed!
repetition: 64153
>passed!
repetition: 64154
>passed!
repetition: 64155
>passed!
repetition: 64156
>passed!
repetition: 64157
>passed!
repetition: 64158
>passed!
repetition: 64159
>passed!
repetition: 64160
>passed!
repetition: 64161
>passed!
repetition: 64162
>passed!
repetition: 64163
>passed!
repetition: 64164
>passed!
repetition: 64165
>passed!
repetition: 64166
>passed!
repetition: 64167
>passed!
repetition: 64168
>passed!
repetition: 64169
>passed!
repetition: 64170
>passed!
repetition: 64171
>passed!
repetition: 64172
>passed!
repetition: 64173
>passed!
repetition: 64174
>passed!
repetition: 64175
>passed!
repetition: 64176
>passed!
repetition: 64177
>passed!
repetition: 64178
>passed!
repetition: 64179
>passed!
repetition: 64180
>passed!
repetition: 64181
>passed!
repetition: 64182
>passed!
repetition: 64183
>passed!
repetition: 64184
>passed!
repetition: 64185
>passed!
repetition: 64186
>passed!
repetition: 64187
>passed!
repetition: 64188
>passed!
repetition: 64189
>passed!
repetition: 64190
>passed!
repetition: 64191
>passed!
repetition: 64192
>passed!
repetition: 64193
>passed!
repetition: 64194
>passed!
repetition: 64195
>passed!
repetition: 64196
>passed!
repetition: 64197
>passed!
repetition: 64198
>passed!
repetition: 64199
>passed!
repetition: 64200
>passed!
repetition: 64201
>passed!
repetition: 64202
>passed!
repetition: 64203
>passed!
repetition: 64204
>passed!
repetition: 64205
>passed!
repetition: 64206
>passed!
repetition: 64207
>passed!
repetition: 64208
>passed!
repetition: 64209
>passed!
repetition: 64210
>passed!
repetition: 64211
>passed!
repetition: 64212
>passed!
repetition: 64213
>passed!
repetition: 64214
>passed!
repetition: 64215
>passed!
repetition: 64216
>passed!
repetition: 64217
>passed!
repetition: 64218
>passed!
repetition: 64219
>passed!
repetition: 64220
>passed!
repetition: 64221
>passed!
repetition: 64222
>passed!
repetition: 64223
>passed!
repetition: 64224
>passed!
repetition: 64225
>passed!
repetition: 64226
>passed!
repetition: 64227
>passed!
repetition: 64228
>passed!
repetition: 64229
>passed!
repetition: 64230
>passed!
repetition: 64231
>passed!
repetition: 64232
>passed!
repetition: 64233
>passed!
repetition: 64234
>passed!
repetition: 64235
>passed!
repetition: 64236
>passed!
repetition: 64237
>passed!
repetition: 64238
>passed!
repetition: 64239
>passed!
repetition: 64240
>passed!
repetition: 64241
>passed!
repetition: 64242
>passed!
repetition: 64243
>passed!
repetition: 64244
>passed!
repetition: 64245
>passed!
repetition: 64246
>passed!
repetition: 64247
>passed!
repetition: 64248
>passed!
repetition: 64249
>passed!
repetition: 64250
>passed!
repetition: 64251
>passed!
repetition: 64252
>passed!
repetition: 64253
>passed!
repetition: 64254
>passed!
repetition: 64255
>passed!
repetition: 64256
>passed!
repetition: 64257
>passed!
repetition: 64258
>passed!
repetition: 64259
>passed!
repetition: 64260
>passed!
repetition: 64261
>passed!
repetition: 64262
>passed!
repetition: 64263
>passed!
repetition: 64264
>passed!
repetition: 64265
>passed!
repetition: 64266
>passed!
repetition: 64267
>passed!
repetition: 64268
>passed!
repetition: 64269
>passed!
repetition: 64270
>passed!
repetition: 64271
>passed!
repetition: 64272
>passed!
repetition: 64273
>passed!
repetition: 64274
>passed!
repetition: 64275
>passed!
repetition: 64276
>passed!
repetition: 64277
>passed!
repetition: 64278
>passed!
repetition: 64279
>passed!
repetition: 64280
>passed!
repetition: 64281
>passed!
repetition: 64282
>passed!
repetition: 64283
>passed!
repetition: 64284
>passed!
repetition: 64285
>passed!
repetition: 64286
>passed!
repetition: 64287
>passed!
repetition: 64288
>passed!
repetition: 64289
>passed!
repetition: 64290
>passed!
repetition: 64291
>passed!
repetition: 64292
>passed!
repetition: 64293
>passed!
repetition: 64294
>passed!
repetition: 64295
>passed!
repetition: 64296
>passed!
repetition: 64297
>passed!
repetition: 64298
>passed!
repetition: 64299
>passed!
repetition: 64300
>passed!
repetition: 64301
>passed!
repetition: 64302
>passed!
repetition: 64303
>passed!
repetition: 64304
>passed!
repetition: 64305
>passed!
repetition: 64306
>passed!
repetition: 64307
>passed!
repetition: 64308
>passed!
repetition: 64309
>passed!
repetition: 64310
>passed!
repetition: 64311
>passed!
repetition: 64312
>passed!
repetition: 64313
>passed!
repetition: 64314
>passed!
repetition: 64315
>passed!
repetition: 64316
>passed!
repetition: 64317
>passed!
repetition: 64318
>passed!
repetition: 64319
>passed!
repetition: 64320
>passed!
repetition: 64321
>passed!
repetition: 64322
>passed!
repetition: 64323
>passed!
repetition: 64324
>passed!
repetition: 64325
>passed!
repetition: 64326
>passed!
repetition: 64327
>passed!
repetition: 64328
>passed!
repetition: 64329
>passed!
repetition: 64330
>passed!
repetition: 64331
>passed!
repetition: 64332
>passed!
repetition: 64333
>passed!
repetition: 64334
>passed!
repetition: 64335
>passed!
repetition: 64336
>passed!
repetition: 64337
>passed!
repetition: 64338
>passed!
repetition: 64339
>passed!
repetition: 64340
>passed!
repetition: 64341
>passed!
repetition: 64342
>passed!
repetition: 64343
>passed!
repetition: 64344
>passed!
repetition: 64345
>passed!
repetition: 64346
>passed!
repetition: 64347
>passed!
repetition: 64348
>passed!
repetition: 64349
>passed!
repetition: 64350
>passed!
repetition: 64351
>passed!
repetition: 64352
>passed!
repetition: 64353
>passed!
repetition: 64354
>passed!
repetition: 64355
>passed!
repetition: 64356
>passed!
repetition: 64357
>passed!
repetition: 64358
>passed!
repetition: 64359
>passed!
repetition: 64360
>passed!
repetition: 64361
>passed!
repetition: 64362
>passed!
repetition: 64363
>passed!
repetition: 64364
>passed!
repetition: 64365
>passed!
repetition: 64366
>passed!
repetition: 64367
>passed!
repetition: 64368
>passed!
repetition: 64369
>passed!
repetition: 64370
>passed!
repetition: 64371
>passed!
repetition: 64372
>passed!
repetition: 64373
>passed!
repetition: 64374
>passed!
repetition: 64375
>passed!
repetition: 64376
>passed!
repetition: 64377
>passed!
repetition: 64378
>passed!
repetition: 64379
>passed!
repetition: 64380
>passed!
repetition: 64381
>passed!
repetition: 64382
>passed!
repetition: 64383
>passed!
repetition: 64384
>passed!
repetition: 64385
>passed!
repetition: 64386
>passed!
repetition: 64387
>passed!
repetition: 64388
>passed!
repetition: 64389
>passed!
repetition: 64390
>passed!
repetition: 64391
>passed!
repetition: 64392
>passed!
repetition: 64393
>passed!
repetition: 64394
>passed!
repetition: 64395
>passed!
repetition: 64396
>passed!
repetition: 64397
>passed!
repetition: 64398
>passed!
repetition: 64399
>passed!
repetition: 64400
>passed!
repetition: 64401
>passed!
repetition: 64402
>passed!
repetition: 64403
>passed!
repetition: 64404
>passed!
repetition: 64405
>passed!
repetition: 64406
>passed!
repetition: 64407
>passed!
repetition: 64408
>passed!
repetition: 64409
>passed!
repetition: 64410
>passed!
repetition: 64411
>passed!
repetition: 64412
>passed!
repetition: 64413
>passed!
repetition: 64414
>passed!
repetition: 64415
>passed!
repetition: 64416
>passed!
repetition: 64417
>passed!
repetition: 64418
>passed!
repetition: 64419
>passed!
repetition: 64420
>passed!
repetition: 64421
>passed!
repetition: 64422
>passed!
repetition: 64423
>passed!
repetition: 64424
>passed!
repetition: 64425
>passed!
repetition: 64426
>passed!
repetition: 64427
>passed!
repetition: 64428
>passed!
repetition: 64429
>passed!
repetition: 64430
>passed!
repetition: 64431
>passed!
repetition: 64432
>passed!
repetition: 64433
>passed!
repetition: 64434
>passed!
repetition: 64435
>passed!
repetition: 64436
>passed!
repetition: 64437
>passed!
repetition: 64438
>passed!
repetition: 64439
>passed!
repetition: 64440
>passed!
repetition: 64441
>passed!
repetition: 64442
>passed!
repetition: 64443
>passed!
repetition: 64444
>passed!
repetition: 64445
>passed!
repetition: 64446
>passed!
repetition: 64447
>passed!
repetition: 64448
>passed!
repetition: 64449
>passed!
repetition: 64450
>passed!
repetition: 64451
>passed!
repetition: 64452
>passed!
repetition: 64453
>passed!
repetition: 64454
>passed!
repetition: 64455
>passed!
repetition: 64456
>passed!
repetition: 64457
>passed!
repetition: 64458
>passed!
repetition: 64459
>passed!
repetition: 64460
>passed!
repetition: 64461
>passed!
repetition: 64462
>passed!
repetition: 64463
>passed!
repetition: 64464
>passed!
repetition: 64465
>passed!
repetition: 64466
>passed!
repetition: 64467
>passed!
repetition: 64468
>passed!
repetition: 64469
>passed!
repetition: 64470
>passed!
repetition: 64471
>passed!
repetition: 64472
>passed!
repetition: 64473
>passed!
repetition: 64474
>passed!
repetition: 64475
>passed!
repetition: 64476
>passed!
repetition: 64477
>passed!
repetition: 64478
>passed!
repetition: 64479
>passed!
repetition: 64480
>passed!
repetition: 64481
>passed!
repetition: 64482
>passed!
repetition: 64483
>passed!
repetition: 64484
>passed!
repetition: 64485
>passed!
repetition: 64486
>passed!
repetition: 64487
>passed!
repetition: 64488
>passed!
repetition: 64489
>passed!
repetition: 64490
>passed!
repetition: 64491
>passed!
repetition: 64492
>passed!
repetition: 64493
>passed!
repetition: 64494
>passed!
repetition: 64495
>passed!
repetition: 64496
>passed!
repetition: 64497
>passed!
repetition: 64498
>passed!
repetition: 64499
>passed!
repetition: 64500
>passed!
repetition: 64501
>passed!
repetition: 64502
>passed!
repetition: 64503
>passed!
repetition: 64504
>passed!
repetition: 64505
>passed!
repetition: 64506
>passed!
repetition: 64507
>passed!
repetition: 64508
>passed!
repetition: 64509
>passed!
repetition: 64510
>passed!
repetition: 64511
>passed!
repetition: 64512
>passed!
repetition: 64513
>passed!
repetition: 64514
>passed!
repetition: 64515
>passed!
repetition: 64516
>passed!
repetition: 64517
>passed!
repetition: 64518
>passed!
repetition: 64519
>passed!
repetition: 64520
>passed!
repetition: 64521
>passed!
repetition: 64522
>passed!
repetition: 64523
>passed!
repetition: 64524
>passed!
repetition: 64525
>passed!
repetition: 64526
>passed!
repetition: 64527
>passed!
repetition: 64528
>passed!
repetition: 64529
>passed!
repetition: 64530
>passed!
repetition: 64531
>passed!
repetition: 64532
>passed!
repetition: 64533
>passed!
repetition: 64534
>passed!
repetition: 64535
>passed!
repetition: 64536
>passed!
repetition: 64537
>passed!
repetition: 64538
>passed!
repetition: 64539
>passed!
repetition: 64540
>passed!
repetition: 64541
>passed!
repetition: 64542
>passed!
repetition: 64543
>passed!
repetition: 64544
>passed!
repetition: 64545
>passed!
repetition: 64546
>passed!
repetition: 64547
>passed!
repetition: 64548
>passed!
repetition: 64549
>passed!
repetition: 64550
>passed!
repetition: 64551
>passed!
repetition: 64552
>passed!
repetition: 64553
>passed!
repetition: 64554
>passed!
repetition: 64555
>passed!
repetition: 64556
>passed!
repetition: 64557
>passed!
repetition: 64558
>passed!
repetition: 64559
>passed!
repetition: 64560
>passed!
repetition: 64561
>passed!
repetition: 64562
>passed!
repetition: 64563
>passed!
repetition: 64564
>passed!
repetition: 64565
>passed!
repetition: 64566
>passed!
repetition: 64567
>passed!
repetition: 64568
>passed!
repetition: 64569
>passed!
repetition: 64570
>passed!
repetition: 64571
>passed!
repetition: 64572
>passed!
repetition: 64573
>passed!
repetition: 64574
>passed!
repetition: 64575
>passed!
repetition: 64576
>passed!
repetition: 64577
>passed!
repetition: 64578
>passed!
repetition: 64579
>passed!
repetition: 64580
>passed!
repetition: 64581
>passed!
repetition: 64582
>passed!
repetition: 64583
>passed!
repetition: 64584
>passed!
repetition: 64585
>passed!
repetition: 64586
>passed!
repetition: 64587
>passed!
repetition: 64588
>passed!
repetition: 64589
>passed!
repetition: 64590
>passed!
repetition: 64591
>passed!
repetition: 64592
>passed!
repetition: 64593
>passed!
repetition: 64594
>passed!
repetition: 64595
>passed!
repetition: 64596
>passed!
repetition: 64597
>passed!
repetition: 64598
>passed!
repetition: 64599
>passed!
repetition: 64600
>passed!
repetition: 64601
>passed!
repetition: 64602
>passed!
repetition: 64603
>passed!
repetition: 64604
>passed!
repetition: 64605
>passed!
repetition: 64606
>passed!
repetition: 64607
>passed!
repetition: 64608
>passed!
repetition: 64609
>passed!
repetition: 64610
>passed!
repetition: 64611
>passed!
repetition: 64612
>passed!
repetition: 64613
>passed!
repetition: 64614
>passed!
repetition: 64615
>passed!
repetition: 64616
>passed!
repetition: 64617
>passed!
repetition: 64618
>passed!
repetition: 64619
>passed!
repetition: 64620
>passed!
repetition: 64621
>passed!
repetition: 64622
>passed!
repetition: 64623
>passed!
repetition: 64624
>passed!
repetition: 64625
>passed!
repetition: 64626
>passed!
repetition: 64627
>passed!
repetition: 64628
>passed!
repetition: 64629
>passed!
repetition: 64630
>passed!
repetition: 64631
>passed!
repetition: 64632
>passed!
repetition: 64633
>passed!
repetition: 64634
>passed!
repetition: 64635
>passed!
repetition: 64636
>passed!
repetition: 64637
>passed!
repetition: 64638
>passed!
repetition: 64639
>passed!
repetition: 64640
>passed!
repetition: 64641
>passed!
repetition: 64642
>passed!
repetition: 64643
>passed!
repetition: 64644
>passed!
repetition: 64645
>passed!
repetition: 64646
>passed!
repetition: 64647
>passed!
repetition: 64648
>passed!
repetition: 64649
>passed!
repetition: 64650
>passed!
repetition: 64651
>passed!
repetition: 64652
>passed!
repetition: 64653
>passed!
repetition: 64654
>passed!
repetition: 64655
>passed!
repetition: 64656
>passed!
repetition: 64657
>passed!
repetition: 64658
>passed!
repetition: 64659
>passed!
repetition: 64660
>passed!
repetition: 64661
>passed!
repetition: 64662
>passed!
repetition: 64663
>passed!
repetition: 64664
>passed!
repetition: 64665
>passed!
repetition: 64666
>passed!
repetition: 64667
>passed!
repetition: 64668
>passed!
repetition: 64669
>passed!
repetition: 64670
>passed!
repetition: 64671
>passed!
repetition: 64672
>passed!
repetition: 64673
>passed!
repetition: 64674
>passed!
repetition: 64675
>passed!
repetition: 64676
>passed!
repetition: 64677
>passed!
repetition: 64678
>passed!
repetition: 64679
>passed!
repetition: 64680
>passed!
repetition: 64681
>passed!
repetition: 64682
>passed!
repetition: 64683
>passed!
repetition: 64684
>passed!
repetition: 64685
>passed!
repetition: 64686
>passed!
repetition: 64687
>passed!
repetition: 64688
>passed!
repetition: 64689
>passed!
repetition: 64690
>passed!
repetition: 64691
>passed!
repetition: 64692
>passed!
repetition: 64693
>passed!
repetition: 64694
>passed!
repetition: 64695
>passed!
repetition: 64696
>passed!
repetition: 64697
>passed!
repetition: 64698
>passed!
repetition: 64699
>passed!
repetition: 64700
>passed!
repetition: 64701
>passed!
repetition: 64702
>passed!
repetition: 64703
>passed!
repetition: 64704
>passed!
repetition: 64705
>passed!
repetition: 64706
>passed!
repetition: 64707
>passed!
repetition: 64708
>passed!
repetition: 64709
>passed!
repetition: 64710
>passed!
repetition: 64711
>passed!
repetition: 64712
>passed!
repetition: 64713
>passed!
repetition: 64714
>passed!
repetition: 64715
>passed!
repetition: 64716
>passed!
repetition: 64717
>passed!
repetition: 64718
>passed!
repetition: 64719
>passed!
repetition: 64720
>passed!
repetition: 64721
>passed!
repetition: 64722
>passed!
repetition: 64723
>passed!
repetition: 64724
>passed!
repetition: 64725
>passed!
repetition: 64726
>passed!
repetition: 64727
>passed!
repetition: 64728
>passed!
repetition: 64729
>passed!
repetition: 64730
>passed!
repetition: 64731
>passed!
repetition: 64732
>passed!
repetition: 64733
>passed!
repetition: 64734
>passed!
repetition: 64735
>passed!
repetition: 64736
>passed!
repetition: 64737
>passed!
repetition: 64738
>passed!
repetition: 64739
>passed!
repetition: 64740
>passed!
repetition: 64741
>passed!
repetition: 64742
>passed!
repetition: 64743
>passed!
repetition: 64744
>passed!
repetition: 64745
>passed!
repetition: 64746
>passed!
repetition: 64747
>passed!
repetition: 64748
>passed!
repetition: 64749
>passed!
repetition: 64750
>passed!
repetition: 64751
>passed!
repetition: 64752
>passed!
repetition: 64753
>passed!
repetition: 64754
>passed!
repetition: 64755
>passed!
repetition: 64756
>passed!
repetition: 64757
>passed!
repetition: 64758
>passed!
repetition: 64759
>passed!
repetition: 64760
>passed!
repetition: 64761
>passed!
repetition: 64762
>passed!
repetition: 64763
>passed!
repetition: 64764
>passed!
repetition: 64765
>passed!
repetition: 64766
>passed!
repetition: 64767
>passed!
repetition: 64768
>passed!
repetition: 64769
>passed!
repetition: 64770
>passed!
repetition: 64771
>passed!
repetition: 64772
>passed!
repetition: 64773
>passed!
repetition: 64774
>passed!
repetition: 64775
>passed!
repetition: 64776
>passed!
repetition: 64777
>passed!
repetition: 64778
>passed!
repetition: 64779
>passed!
repetition: 64780
>passed!
repetition: 64781
>passed!
repetition: 64782
>passed!
repetition: 64783
>passed!
repetition: 64784
>passed!
repetition: 64785
>passed!
repetition: 64786
>passed!
repetition: 64787
>passed!
repetition: 64788
>passed!
repetition: 64789
>passed!
repetition: 64790
>passed!
repetition: 64791
>passed!
repetition: 64792
>passed!
repetition: 64793
>passed!
repetition: 64794
>passed!
repetition: 64795
>passed!
repetition: 64796
>passed!
repetition: 64797
>passed!
repetition: 64798
>passed!
repetition: 64799
>passed!
repetition: 64800
>passed!
repetition: 64801
>passed!
repetition: 64802
>passed!
repetition: 64803
>passed!
repetition: 64804
>passed!
repetition: 64805
>passed!
repetition: 64806
>passed!
repetition: 64807
>passed!
repetition: 64808
>passed!
repetition: 64809
>passed!
repetition: 64810
>passed!
repetition: 64811
>passed!
repetition: 64812
>passed!
repetition: 64813
>passed!
repetition: 64814
>passed!
repetition: 64815
>passed!
repetition: 64816
>passed!
repetition: 64817
>passed!
repetition: 64818
>passed!
repetition: 64819
>passed!
repetition: 64820
>passed!
repetition: 64821
>passed!
repetition: 64822
>passed!
repetition: 64823
>passed!
repetition: 64824
>passed!
repetition: 64825
>passed!
repetition: 64826
>passed!
repetition: 64827
>passed!
repetition: 64828
>passed!
repetition: 64829
>passed!
repetition: 64830
>passed!
repetition: 64831
>passed!
repetition: 64832
>passed!
repetition: 64833
>passed!
repetition: 64834
>passed!
repetition: 64835
>passed!
repetition: 64836
>passed!
repetition: 64837
>passed!
repetition: 64838
>passed!
repetition: 64839
>passed!
repetition: 64840
>passed!
repetition: 64841
>passed!
repetition: 64842
>passed!
repetition: 64843
>passed!
repetition: 64844
>passed!
repetition: 64845
>passed!
repetition: 64846
>passed!
repetition: 64847
>passed!
repetition: 64848
>passed!
repetition: 64849
>passed!
repetition: 64850
>passed!
repetition: 64851
>passed!
repetition: 64852
>passed!
repetition: 64853
>passed!
repetition: 64854
>passed!
repetition: 64855
>passed!
repetition: 64856
>passed!
repetition: 64857
>passed!
repetition: 64858
>passed!
repetition: 64859
>passed!
repetition: 64860
>passed!
repetition: 64861
>passed!
repetition: 64862
>passed!
repetition: 64863
>passed!
repetition: 64864
>passed!
repetition: 64865
>passed!
repetition: 64866
>passed!
repetition: 64867
>passed!
repetition: 64868
>passed!
repetition: 64869
>passed!
repetition: 64870
>passed!
repetition: 64871
>passed!
repetition: 64872
>passed!
repetition: 64873
>passed!
repetition: 64874
>passed!
repetition: 64875
>passed!
repetition: 64876
>passed!
repetition: 64877
>passed!
repetition: 64878
>passed!
repetition: 64879
>passed!
repetition: 64880
>passed!
repetition: 64881
>passed!
repetition: 64882
>passed!
repetition: 64883
>passed!
repetition: 64884
>passed!
repetition: 64885
>passed!
repetition: 64886
>passed!
repetition: 64887
>passed!
repetition: 64888
>passed!
repetition: 64889
>passed!
repetition: 64890
>passed!
repetition: 64891
>passed!
repetition: 64892
>passed!
repetition: 64893
>passed!
repetition: 64894
>passed!
repetition: 64895
>passed!
repetition: 64896
>passed!
repetition: 64897
>passed!
repetition: 64898
>passed!
repetition: 64899
>passed!
repetition: 64900
>passed!
repetition: 64901
>passed!
repetition: 64902
>passed!
repetition: 64903
>passed!
repetition: 64904
>passed!
repetition: 64905
>passed!
repetition: 64906
>passed!
repetition: 64907
>passed!
repetition: 64908
>passed!
repetition: 64909
>passed!
repetition: 64910
>passed!
repetition: 64911
>passed!
repetition: 64912
>passed!
repetition: 64913
>passed!
repetition: 64914
>passed!
repetition: 64915
>passed!
repetition: 64916
>passed!
repetition: 64917
>passed!
repetition: 64918
>passed!
repetition: 64919
>passed!
repetition: 64920
>passed!
repetition: 64921
>passed!
repetition: 64922
>passed!
repetition: 64923
>passed!
repetition: 64924
>passed!
repetition: 64925
>passed!
repetition: 64926
>passed!
repetition: 64927
>passed!
repetition: 64928
>passed!
repetition: 64929
>passed!
repetition: 64930
>passed!
repetition: 64931
>passed!
repetition: 64932
>passed!
repetition: 64933
>passed!
repetition: 64934
>passed!
repetition: 64935
>passed!
repetition: 64936
>passed!
repetition: 64937
>passed!
repetition: 64938
>passed!
repetition: 64939
>passed!
repetition: 64940
>passed!
repetition: 64941
>passed!
repetition: 64942
>passed!
repetition: 64943
>passed!
repetition: 64944
>passed!
repetition: 64945
>passed!
repetition: 64946
>passed!
repetition: 64947
>passed!
repetition: 64948
>passed!
repetition: 64949
>passed!
repetition: 64950
>passed!
repetition: 64951
>passed!
repetition: 64952
>passed!
repetition: 64953
>passed!
repetition: 64954
>passed!
repetition: 64955
>passed!
repetition: 64956
>passed!
repetition: 64957
>passed!
repetition: 64958
>passed!
repetition: 64959
>passed!
repetition: 64960
>passed!
repetition: 64961
>passed!
repetition: 64962
>passed!
repetition: 64963
>passed!
repetition: 64964
>passed!
repetition: 64965
>passed!
repetition: 64966
>passed!
repetition: 64967
>passed!
repetition: 64968
>passed!
repetition: 64969
>passed!
repetition: 64970
>passed!
repetition: 64971
>passed!
repetition: 64972
>passed!
repetition: 64973
>passed!
repetition: 64974
>passed!
repetition: 64975
>passed!
repetition: 64976
>passed!
repetition: 64977
>passed!
repetition: 64978
>passed!
repetition: 64979
>passed!
repetition: 64980
>passed!
repetition: 64981
>passed!
repetition: 64982
>passed!
repetition: 64983
>passed!
repetition: 64984
>passed!
repetition: 64985
>passed!
repetition: 64986
>passed!
repetition: 64987
>passed!
repetition: 64988
>passed!
repetition: 64989
>passed!
repetition: 64990
>passed!
repetition: 64991
>passed!
repetition: 64992
>passed!
repetition: 64993
>passed!
repetition: 64994
>passed!
repetition: 64995
>passed!
repetition: 64996
>passed!
repetition: 64997
>passed!
repetition: 64998
>passed!
repetition: 64999
>passed!
repetition: 65000
>passed!
repetition: 65001
>passed!
repetition: 65002
>passed!
repetition: 65003
>passed!
repetition: 65004
>passed!
repetition: 65005
>passed!
repetition: 65006
>passed!
repetition: 65007
>passed!
repetition: 65008
>passed!
repetition: 65009
>passed!
repetition: 65010
>passed!
repetition: 65011
>passed!
repetition: 65012
>passed!
repetition: 65013
>passed!
repetition: 65014
>passed!
repetition: 65015
>passed!
repetition: 65016
>passed!
repetition: 65017
>passed!
repetition: 65018
>passed!
repetition: 65019
>passed!
repetition: 65020
>passed!
repetition: 65021
>passed!
repetition: 65022
>passed!
repetition: 65023
>passed!
repetition: 65024
>passed!
repetition: 65025
>passed!
repetition: 65026
>passed!
repetition: 65027
>passed!
repetition: 65028
>passed!
repetition: 65029
>passed!
repetition: 65030
>passed!
repetition: 65031
>passed!
repetition: 65032
>passed!
repetition: 65033
>passed!
repetition: 65034
>passed!
repetition: 65035
>passed!
repetition: 65036
>passed!
repetition: 65037
>passed!
repetition: 65038
>passed!
repetition: 65039
>passed!
repetition: 65040
>passed!
repetition: 65041
>passed!
repetition: 65042
>passed!
repetition: 65043
>passed!
repetition: 65044
>passed!
repetition: 65045
>passed!
repetition: 65046
>passed!
repetition: 65047
>passed!
repetition: 65048
>passed!
repetition: 65049
>passed!
repetition: 65050
>passed!
repetition: 65051
>passed!
repetition: 65052
>passed!
repetition: 65053
>passed!
repetition: 65054
>passed!
repetition: 65055
>passed!
repetition: 65056
>passed!
repetition: 65057
>passed!
repetition: 65058
>passed!
repetition: 65059
>passed!
repetition: 65060
>passed!
repetition: 65061
>passed!
repetition: 65062
>passed!
repetition: 65063
>passed!
repetition: 65064
>passed!
repetition: 65065
>passed!
repetition: 65066
>passed!
repetition: 65067
>passed!
repetition: 65068
>passed!
repetition: 65069
>passed!
repetition: 65070
>passed!
repetition: 65071
>passed!
repetition: 65072
>passed!
repetition: 65073
>passed!
repetition: 65074
>passed!
repetition: 65075
>passed!
repetition: 65076
>passed!
repetition: 65077
>passed!
repetition: 65078
>passed!
repetition: 65079
>passed!
repetition: 65080
>passed!
repetition: 65081
>passed!
repetition: 65082
>passed!
repetition: 65083
>passed!
repetition: 65084
>passed!
repetition: 65085
>passed!
repetition: 65086
>passed!
repetition: 65087
>passed!
repetition: 65088
>passed!
repetition: 65089
>passed!
repetition: 65090
>passed!
repetition: 65091
>passed!
repetition: 65092
>passed!
repetition: 65093
>passed!
repetition: 65094
>passed!
repetition: 65095
>passed!
repetition: 65096
>passed!
repetition: 65097
>passed!
repetition: 65098
>passed!
repetition: 65099
>passed!
repetition: 65100
>passed!
repetition: 65101
>passed!
repetition: 65102
>passed!
repetition: 65103
>passed!
repetition: 65104
>passed!
repetition: 65105
>passed!
repetition: 65106
>passed!
repetition: 65107
>passed!
repetition: 65108
>passed!
repetition: 65109
>passed!
repetition: 65110
>passed!
repetition: 65111
>passed!
repetition: 65112
>passed!
repetition: 65113
>passed!
repetition: 65114
>passed!
repetition: 65115
>passed!
repetition: 65116
>passed!
repetition: 65117
>passed!
repetition: 65118
>passed!
repetition: 65119
>passed!
repetition: 65120
>passed!
repetition: 65121
>passed!
repetition: 65122
>passed!
repetition: 65123
>passed!
repetition: 65124
>passed!
repetition: 65125
>passed!
repetition: 65126
>passed!
repetition: 65127
>passed!
repetition: 65128
>passed!
repetition: 65129
>passed!
repetition: 65130
>passed!
repetition: 65131
>passed!
repetition: 65132
>passed!
repetition: 65133
>passed!
repetition: 65134
>passed!
repetition: 65135
>passed!
repetition: 65136
>passed!
repetition: 65137
>passed!
repetition: 65138
>passed!
repetition: 65139
>passed!
repetition: 65140
>passed!
repetition: 65141
>passed!
repetition: 65142
>passed!
repetition: 65143
>passed!
repetition: 65144
>passed!
repetition: 65145
>passed!
repetition: 65146
>passed!
repetition: 65147
>passed!
repetition: 65148
>passed!
repetition: 65149
>passed!
repetition: 65150
>passed!
repetition: 65151
>passed!
repetition: 65152
>passed!
repetition: 65153
>passed!
repetition: 65154
>passed!
repetition: 65155
>passed!
repetition: 65156
>passed!
repetition: 65157
>passed!
repetition: 65158
>passed!
repetition: 65159
>passed!
repetition: 65160
>passed!
repetition: 65161
>passed!
repetition: 65162
>passed!
repetition: 65163
>passed!
repetition: 65164
>passed!
repetition: 65165
>passed!
repetition: 65166
>passed!
repetition: 65167
>passed!
repetition: 65168
>passed!
repetition: 65169
>passed!
repetition: 65170
>passed!
repetition: 65171
>passed!
repetition: 65172
>passed!
repetition: 65173
>passed!
repetition: 65174
>passed!
repetition: 65175
>passed!
repetition: 65176
>passed!
repetition: 65177
>passed!
repetition: 65178
>passed!
repetition: 65179
>passed!
repetition: 65180
>passed!
repetition: 65181
>passed!
repetition: 65182
>passed!
repetition: 65183
>passed!
repetition: 65184
>passed!
repetition: 65185
>passed!
repetition: 65186
>passed!
repetition: 65187
>passed!
repetition: 65188
>passed!
repetition: 65189
>passed!
repetition: 65190
>passed!
repetition: 65191
>passed!
repetition: 65192
>passed!
repetition: 65193
>passed!
repetition: 65194
>passed!
repetition: 65195
>passed!
repetition: 65196
>passed!
repetition: 65197
>passed!
repetition: 65198
>passed!
repetition: 65199
>passed!
repetition: 65200
>passed!
repetition: 65201
>passed!
repetition: 65202
>passed!
repetition: 65203
>passed!
repetition: 65204
>passed!
repetition: 65205
>passed!
repetition: 65206
>passed!
repetition: 65207
>passed!
repetition: 65208
>passed!
repetition: 65209
>passed!
repetition: 65210
>passed!
repetition: 65211
>passed!
repetition: 65212
>passed!
repetition: 65213
>passed!
repetition: 65214
>passed!
repetition: 65215
>passed!
repetition: 65216
>passed!
repetition: 65217
>passed!
repetition: 65218
>passed!
repetition: 65219
>passed!
repetition: 65220
>passed!
repetition: 65221
>passed!
repetition: 65222
>passed!
repetition: 65223
>passed!
repetition: 65224
>passed!
repetition: 65225
>passed!
repetition: 65226
>passed!
repetition: 65227
>passed!
repetition: 65228
>passed!
repetition: 65229
>passed!
repetition: 65230
>passed!
repetition: 65231
>passed!
repetition: 65232
>passed!
repetition: 65233
>passed!
repetition: 65234
>passed!
repetition: 65235
>passed!
repetition: 65236
>passed!
repetition: 65237
>passed!
repetition: 65238
>passed!
repetition: 65239
>passed!
repetition: 65240
>passed!
repetition: 65241
>passed!
repetition: 65242
>passed!
repetition: 65243
>passed!
repetition: 65244
>passed!
repetition: 65245
>passed!
repetition: 65246
>passed!
repetition: 65247
>passed!
repetition: 65248
>passed!
repetition: 65249
>passed!
repetition: 65250
>passed!
repetition: 65251
>passed!
repetition: 65252
>passed!
repetition: 65253
>passed!
repetition: 65254
>passed!
repetition: 65255
>passed!
repetition: 65256
>passed!
repetition: 65257
>passed!
repetition: 65258
>passed!
repetition: 65259
>passed!
repetition: 65260
>passed!
repetition: 65261
>passed!
repetition: 65262
>passed!
repetition: 65263
>passed!
repetition: 65264
>passed!
repetition: 65265
>passed!
repetition: 65266
>passed!
repetition: 65267
>passed!
repetition: 65268
>passed!
repetition: 65269
>passed!
repetition: 65270
>passed!
repetition: 65271
>passed!
repetition: 65272
>passed!
repetition: 65273
>passed!
repetition: 65274
>passed!
repetition: 65275
>passed!
repetition: 65276
>passed!
repetition: 65277
>passed!
repetition: 65278
>passed!
repetition: 65279
>passed!
repetition: 65280
>passed!
repetition: 65281
>passed!
repetition: 65282
>passed!
repetition: 65283
>passed!
repetition: 65284
>passed!
repetition: 65285
>passed!
repetition: 65286
>passed!
repetition: 65287
>passed!
repetition: 65288
>passed!
repetition: 65289
>passed!
repetition: 65290
>passed!
repetition: 65291
>passed!
repetition: 65292
>passed!
repetition: 65293
>passed!
repetition: 65294
>passed!
repetition: 65295
>passed!
repetition: 65296
>passed!
repetition: 65297
>passed!
repetition: 65298
>passed!
repetition: 65299
>passed!
repetition: 65300
>passed!
repetition: 65301
>passed!
repetition: 65302
>passed!
repetition: 65303
>passed!
repetition: 65304
>passed!
repetition: 65305
>passed!
repetition: 65306
>passed!
repetition: 65307
>passed!
repetition: 65308
>passed!
repetition: 65309
>passed!
repetition: 65310
>passed!
repetition: 65311
>passed!
repetition: 65312
>passed!
repetition: 65313
>passed!
repetition: 65314
>passed!
repetition: 65315
>passed!
repetition: 65316
>passed!
repetition: 65317
>passed!
repetition: 65318
>passed!
repetition: 65319
>passed!
repetition: 65320
>passed!
repetition: 65321
>passed!
repetition: 65322
>passed!
repetition: 65323
>passed!
repetition: 65324
>passed!
repetition: 65325
>passed!
repetition: 65326
>passed!
repetition: 65327
>passed!
repetition: 65328
>passed!
repetition: 65329
>passed!
repetition: 65330
>passed!
repetition: 65331
>passed!
repetition: 65332
>passed!
repetition: 65333
>passed!
repetition: 65334
>passed!
repetition: 65335
>passed!
repetition: 65336
>passed!
repetition: 65337
>passed!
repetition: 65338
>passed!
repetition: 65339
>passed!
repetition: 65340
>passed!
repetition: 65341
>passed!
repetition: 65342
>passed!
repetition: 65343
>passed!
repetition: 65344
>passed!
repetition: 65345
>passed!
repetition: 65346
>passed!
repetition: 65347
>passed!
repetition: 65348
>passed!
repetition: 65349
>passed!
repetition: 65350
>passed!
repetition: 65351
>passed!
repetition: 65352
>passed!
repetition: 65353
>passed!
repetition: 65354
>passed!
repetition: 65355
>passed!
repetition: 65356
>passed!
repetition: 65357
>passed!
repetition: 65358
>passed!
repetition: 65359
>passed!
repetition: 65360
>passed!
repetition: 65361
>passed!
repetition: 65362
>passed!
repetition: 65363
>passed!
repetition: 65364
>passed!
repetition: 65365
>passed!
repetition: 65366
>passed!
repetition: 65367
>passed!
repetition: 65368
>passed!
repetition: 65369
>passed!
repetition: 65370
>passed!
repetition: 65371
>passed!
repetition: 65372
>passed!
repetition: 65373
>passed!
repetition: 65374
>passed!
repetition: 65375
>passed!
repetition: 65376
>passed!
repetition: 65377
>passed!
repetition: 65378
>passed!
repetition: 65379
>passed!
repetition: 65380
>passed!
repetition: 65381
>passed!
repetition: 65382
>passed!
repetition: 65383
>passed!
repetition: 65384
>passed!
repetition: 65385
>passed!
repetition: 65386
>passed!
repetition: 65387
>passed!
repetition: 65388
>passed!
repetition: 65389
>passed!
repetition: 65390
>passed!
repetition: 65391
>passed!
repetition: 65392
>passed!
repetition: 65393
>passed!
repetition: 65394
>passed!
repetition: 65395
>passed!
repetition: 65396
>passed!
repetition: 65397
>passed!
repetition: 65398
>passed!
repetition: 65399
>passed!
repetition: 65400
>passed!
repetition: 65401
>passed!
repetition: 65402
>passed!
repetition: 65403
>passed!
repetition: 65404
>passed!
repetition: 65405
>passed!
repetition: 65406
>passed!
repetition: 65407
>passed!
repetition: 65408
>passed!
repetition: 65409
>passed!
repetition: 65410
>passed!
repetition: 65411
>passed!
repetition: 65412
>passed!
repetition: 65413
>passed!
repetition: 65414
>passed!
repetition: 65415
>passed!
repetition: 65416
>passed!
repetition: 65417
>passed!
repetition: 65418
>passed!
repetition: 65419
>passed!
repetition: 65420
>passed!
repetition: 65421
>passed!
repetition: 65422
>passed!
repetition: 65423
>passed!
repetition: 65424
>passed!
repetition: 65425
>passed!
repetition: 65426
>passed!
repetition: 65427
>passed!
repetition: 65428
>passed!
repetition: 65429
>passed!
repetition: 65430
>passed!
repetition: 65431
>passed!
repetition: 65432
>passed!
repetition: 65433
>passed!
repetition: 65434
>passed!
repetition: 65435
>passed!
repetition: 65436
>passed!
repetition: 65437
>passed!
repetition: 65438
>passed!
repetition: 65439
>passed!
repetition: 65440
>passed!
repetition: 65441
>passed!
repetition: 65442
>passed!
repetition: 65443
>passed!
repetition: 65444
>passed!
repetition: 65445
>passed!
repetition: 65446
>passed!
repetition: 65447
>passed!
repetition: 65448
>passed!
repetition: 65449
>passed!
repetition: 65450
>passed!
repetition: 65451
>passed!
repetition: 65452
>passed!
repetition: 65453
>passed!
repetition: 65454
>passed!
repetition: 65455
>passed!
repetition: 65456
>passed!
repetition: 65457
>passed!
repetition: 65458
>passed!
repetition: 65459
>passed!
repetition: 65460
>passed!
repetition: 65461
>passed!
repetition: 65462
>passed!
repetition: 65463
>passed!
repetition: 65464
>passed!
repetition: 65465
>passed!
repetition: 65466
>passed!
repetition: 65467
>passed!
repetition: 65468
>passed!
repetition: 65469
>passed!
repetition: 65470
>passed!
repetition: 65471
>passed!
repetition: 65472
>passed!
repetition: 65473
>passed!
repetition: 65474
>passed!
repetition: 65475
>passed!
repetition: 65476
>passed!
repetition: 65477
>passed!
repetition: 65478
>passed!
repetition: 65479
>passed!
repetition: 65480
>passed!
repetition: 65481
>passed!
repetition: 65482
>passed!
repetition: 65483
>passed!
repetition: 65484
>passed!
repetition: 65485
>passed!
repetition: 65486
>passed!
repetition: 65487
>passed!
repetition: 65488
>passed!
repetition: 65489
>passed!
repetition: 65490
>passed!
repetition: 65491
>passed!
repetition: 65492
>passed!
repetition: 65493
>passed!
repetition: 65494
>passed!
repetition: 65495
>passed!
repetition: 65496
>passed!
repetition: 65497
>passed!
repetition: 65498
>passed!
repetition: 65499
>passed!
repetition: 65500
>passed!
repetition: 65501
>passed!
repetition: 65502
>passed!
repetition: 65503
>passed!
repetition: 65504
>passed!
repetition: 65505
>passed!
repetition: 65506
>passed!
repetition: 65507
>passed!
repetition: 65508
>passed!
repetition: 65509
>passed!
repetition: 65510
>passed!
repetition: 65511
>passed!
repetition: 65512
>passed!
repetition: 65513
>passed!
repetition: 65514
>passed!
repetition: 65515
>passed!
repetition: 65516
>passed!
repetition: 65517
>passed!
repetition: 65518
>passed!
repetition: 65519
>passed!
repetition: 65520
>passed!
repetition: 65521
>passed!
repetition: 65522
>passed!
repetition: 65523
>passed!
repetition: 65524
>passed!
repetition: 65525
>passed!
repetition: 65526
>passed!
repetition: 65527
>passed!
repetition: 65528
>passed!
repetition: 65529
>passed!
repetition: 65530
>passed!
repetition: 65531
>passed!
repetition: 65532
>passed!
repetition: 65533
>passed!
repetition: 65534
>passed!
repetition: 65535
>passed!
repetition: 65536
>passed!
repetition: 65537
>passed!
repetition: 65538
>passed!
repetition: 65539
>passed!
repetition: 65540
>passed!
repetition: 65541
>passed!
repetition: 65542
>passed!
repetition: 65543
>passed!
repetition: 65544
>passed!
repetition: 65545
>passed!
repetition: 65546
>passed!
repetition: 65547
>passed!
repetition: 65548
>passed!
repetition: 65549
>passed!
repetition: 65550
>passed!
repetition: 65551
>passed!
repetition: 65552
>passed!
repetition: 65553
>passed!
repetition: 65554
>passed!
repetition: 65555
>passed!
repetition: 65556
>passed!
repetition: 65557
>passed!
repetition: 65558
>passed!
repetition: 65559
>passed!
repetition: 65560
>passed!
repetition: 65561
>passed!
repetition: 65562
>passed!
repetition: 65563
>passed!
repetition: 65564
>passed!
repetition: 65565
>passed!
repetition: 65566
>passed!
repetition: 65567
>passed!
repetition: 65568
>passed!
repetition: 65569
>passed!
repetition: 65570
>passed!
repetition: 65571
>passed!
repetition: 65572
>passed!
repetition: 65573
>passed!
repetition: 65574
>passed!
repetition: 65575
>passed!
repetition: 65576
>passed!
repetition: 65577
>passed!
repetition: 65578
>passed!
repetition: 65579
>passed!
repetition: 65580
>passed!
repetition: 65581
>passed!
repetition: 65582
>passed!
repetition: 65583
>passed!
repetition: 65584
>passed!
repetition: 65585
>passed!
repetition: 65586
>passed!
repetition: 65587
>passed!
repetition: 65588
>passed!
repetition: 65589
>passed!
repetition: 65590
>passed!
repetition: 65591
>passed!
repetition: 65592
>passed!
repetition: 65593
>passed!
repetition: 65594
>passed!
repetition: 65595
>passed!
repetition: 65596
>passed!
repetition: 65597
>passed!
repetition: 65598
>passed!
repetition: 65599
>passed!
repetition: 65600
>passed!
repetition: 65601
>passed!
repetition: 65602
>passed!
repetition: 65603
>passed!
repetition: 65604
>passed!
repetition: 65605
>passed!
repetition: 65606
>passed!
repetition: 65607
>passed!
repetition: 65608
>passed!
repetition: 65609
>passed!
repetition: 65610
>passed!
repetition: 65611
>passed!
repetition: 65612
>passed!
repetition: 65613
>passed!
repetition: 65614
>passed!
repetition: 65615
>passed!
repetition: 65616
>passed!
repetition: 65617
>passed!
repetition: 65618
>passed!
repetition: 65619
>passed!
repetition: 65620
>passed!
repetition: 65621
>passed!
repetition: 65622
>passed!
repetition: 65623
>passed!
repetition: 65624
>passed!
repetition: 65625
>passed!
repetition: 65626
>passed!
repetition: 65627
>passed!
repetition: 65628
>passed!
repetition: 65629
>passed!
repetition: 65630
>passed!
repetition: 65631
>passed!
repetition: 65632
>passed!
repetition: 65633
>passed!
repetition: 65634
>passed!
repetition: 65635
>passed!
repetition: 65636
>passed!
repetition: 65637
>passed!
repetition: 65638
>passed!
repetition: 65639
>passed!
repetition: 65640
>passed!
repetition: 65641
>passed!
repetition: 65642
>passed!
repetition: 65643
>passed!
repetition: 65644
>passed!
repetition: 65645
>passed!
repetition: 65646
>passed!
repetition: 65647
>passed!
repetition: 65648
>passed!
repetition: 65649
>passed!
repetition: 65650
>passed!
repetition: 65651
>passed!
repetition: 65652
>passed!
repetition: 65653
>passed!
repetition: 65654
>passed!
repetition: 65655
>passed!
repetition: 65656
>passed!
repetition: 65657
>passed!
repetition: 65658
>passed!
repetition: 65659
>passed!
repetition: 65660
>passed!
repetition: 65661
>passed!
repetition: 65662
>passed!
repetition: 65663
>passed!
repetition: 65664
>passed!
repetition: 65665
>passed!
repetition: 65666
>passed!
repetition: 65667
>passed!
repetition: 65668
>passed!
repetition: 65669
>passed!
repetition: 65670
>passed!
repetition: 65671
>passed!
repetition: 65672
>passed!
repetition: 65673
>passed!
repetition: 65674
>passed!
repetition: 65675
>passed!
repetition: 65676
>passed!
repetition: 65677
>passed!
repetition: 65678
>passed!
repetition: 65679
>passed!
repetition: 65680
>passed!
repetition: 65681
>passed!
repetition: 65682
>passed!
repetition: 65683
>passed!
repetition: 65684
>passed!
repetition: 65685
>passed!
repetition: 65686
>passed!
repetition: 65687
>passed!
repetition: 65688
>passed!
repetition: 65689
>passed!
repetition: 65690
>passed!
repetition: 65691
>passed!
repetition: 65692
>passed!
repetition: 65693
>passed!
repetition: 65694
>passed!
repetition: 65695
>passed!
repetition: 65696
>passed!
repetition: 65697
>passed!
repetition: 65698
>passed!
repetition: 65699
>passed!
repetition: 65700
>passed!
repetition: 65701
>passed!
repetition: 65702
>passed!
repetition: 65703
>passed!
repetition: 65704
>passed!
repetition: 65705
>passed!
repetition: 65706
>passed!
repetition: 65707
>passed!
repetition: 65708
>passed!
repetition: 65709
>passed!
repetition: 65710
>passed!
repetition: 65711
>passed!
repetition: 65712
>passed!
repetition: 65713
>passed!
repetition: 65714
>passed!
repetition: 65715
>passed!
repetition: 65716
>passed!
repetition: 65717
>passed!
repetition: 65718
>passed!
repetition: 65719
>passed!
repetition: 65720
>passed!
repetition: 65721
>passed!
repetition: 65722
>passed!
repetition: 65723
>passed!
repetition: 65724
>passed!
repetition: 65725
>passed!
repetition: 65726
>passed!
repetition: 65727
>passed!
repetition: 65728
>passed!
repetition: 65729
>passed!
repetition: 65730
>passed!
repetition: 65731
>passed!
repetition: 65732
>passed!
repetition: 65733
>passed!
repetition: 65734
>passed!
repetition: 65735
>passed!
repetition: 65736
>passed!
repetition: 65737
>passed!
repetition: 65738
>passed!
repetition: 65739
>passed!
repetition: 65740
>passed!
repetition: 65741
>passed!
repetition: 65742
>passed!
repetition: 65743
>passed!
repetition: 65744
>passed!
repetition: 65745
>passed!
repetition: 65746
>passed!
repetition: 65747
>passed!
repetition: 65748
>passed!
repetition: 65749
>passed!
repetition: 65750
>passed!
repetition: 65751
>passed!
repetition: 65752
>passed!
repetition: 65753
>passed!
repetition: 65754
>passed!
repetition: 65755
>passed!
repetition: 65756
>passed!
repetition: 65757
>passed!
repetition: 65758
>passed!
repetition: 65759
>passed!
repetition: 65760
>passed!
repetition: 65761
>passed!
repetition: 65762
>passed!
repetition: 65763
>passed!
repetition: 65764
>passed!
repetition: 65765
>passed!
repetition: 65766
>passed!
repetition: 65767
>passed!
repetition: 65768
>passed!
repetition: 65769
>passed!
repetition: 65770
>passed!
repetition: 65771
>passed!
repetition: 65772
>passed!
repetition: 65773
>passed!
repetition: 65774
>passed!
repetition: 65775
>passed!
repetition: 65776
>passed!
repetition: 65777
>passed!
repetition: 65778
>passed!
repetition: 65779
>passed!
repetition: 65780
>passed!
repetition: 65781
>passed!
repetition: 65782
>passed!
repetition: 65783
>passed!
repetition: 65784
>passed!
repetition: 65785
>passed!
repetition: 65786
>passed!
repetition: 65787
>passed!
repetition: 65788
>passed!
repetition: 65789
>passed!
repetition: 65790
>passed!
repetition: 65791
>passed!
repetition: 65792
>passed!
repetition: 65793
>passed!
repetition: 65794
>passed!
repetition: 65795
>passed!
repetition: 65796
>passed!
repetition: 65797
>passed!
repetition: 65798
>passed!
repetition: 65799
>passed!
repetition: 65800
>passed!
repetition: 65801
>passed!
repetition: 65802
>passed!
repetition: 65803
>passed!
repetition: 65804
>passed!
repetition: 65805
>passed!
repetition: 65806
>passed!
repetition: 65807
>passed!
repetition: 65808
>passed!
repetition: 65809
>passed!
repetition: 65810
>passed!
repetition: 65811
>passed!
repetition: 65812
>passed!
repetition: 65813
>passed!
repetition: 65814
>passed!
repetition: 65815
>passed!
repetition: 65816
>passed!
repetition: 65817
>passed!
repetition: 65818
>passed!
repetition: 65819
>passed!
repetition: 65820
>passed!
repetition: 65821
>passed!
repetition: 65822
>passed!
repetition: 65823
>passed!
repetition: 65824
>passed!
repetition: 65825
>passed!
repetition: 65826
>passed!
repetition: 65827
>passed!
repetition: 65828
>passed!
repetition: 65829
>passed!
repetition: 65830
>passed!
repetition: 65831
>passed!
repetition: 65832
>passed!
repetition: 65833
>passed!
repetition: 65834
>passed!
repetition: 65835
>passed!
repetition: 65836
>passed!
repetition: 65837
>passed!
repetition: 65838
>passed!
repetition: 65839
>passed!
repetition: 65840
>passed!
repetition: 65841
>passed!
repetition: 65842
>passed!
repetition: 65843
>passed!
repetition: 65844
>passed!
repetition: 65845
>passed!
repetition: 65846
>passed!
repetition: 65847
>passed!
repetition: 65848
>passed!
repetition: 65849
>passed!
repetition: 65850
>passed!
repetition: 65851
>passed!
repetition: 65852
>passed!
repetition: 65853
>passed!
repetition: 65854
>passed!
repetition: 65855
>passed!
repetition: 65856
>passed!
repetition: 65857
>passed!
repetition: 65858
>passed!
repetition: 65859
>passed!
repetition: 65860
>passed!
repetition: 65861
>passed!
repetition: 65862
>passed!
repetition: 65863
>passed!
repetition: 65864
>passed!
repetition: 65865
>passed!
repetition: 65866
>passed!
repetition: 65867
>passed!
repetition: 65868
>passed!
repetition: 65869
>passed!
repetition: 65870
>passed!
repetition: 65871
>passed!
repetition: 65872
>passed!
repetition: 65873
>passed!
repetition: 65874
>passed!
repetition: 65875
>passed!
repetition: 65876
>passed!
repetition: 65877
>passed!
repetition: 65878
>passed!
repetition: 65879
>passed!
repetition: 65880
>passed!
repetition: 65881
>passed!
repetition: 65882
>passed!
repetition: 65883
>passed!
repetition: 65884
>passed!
repetition: 65885
>passed!
repetition: 65886
>passed!
repetition: 65887
>passed!
repetition: 65888
>passed!
repetition: 65889
>passed!
repetition: 65890
>passed!
repetition: 65891
>passed!
repetition: 65892
>passed!
repetition: 65893
>passed!
repetition: 65894
>passed!
repetition: 65895
>passed!
repetition: 65896
>passed!
repetition: 65897
>passed!
repetition: 65898
>passed!
repetition: 65899
>passed!
repetition: 65900
>passed!
repetition: 65901
>passed!
repetition: 65902
>passed!
repetition: 65903
>passed!
repetition: 65904
>passed!
repetition: 65905
>passed!
repetition: 65906
>passed!
repetition: 65907
>passed!
repetition: 65908
>passed!
repetition: 65909
>passed!
repetition: 65910
>passed!
repetition: 65911
>passed!
repetition: 65912
>passed!
repetition: 65913
>passed!
repetition: 65914
>passed!
repetition: 65915
>passed!
repetition: 65916
>passed!
repetition: 65917
>passed!
repetition: 65918
>passed!
repetition: 65919
>passed!
repetition: 65920
>passed!
repetition: 65921
>passed!
repetition: 65922
>passed!
repetition: 65923
>passed!
repetition: 65924
>passed!
repetition: 65925
>passed!
repetition: 65926
>passed!
repetition: 65927
>passed!
repetition: 65928
>passed!
repetition: 65929
>passed!
repetition: 65930
>passed!
repetition: 65931
>passed!
repetition: 65932
>passed!
repetition: 65933
>passed!
repetition: 65934
>passed!
repetition: 65935
>passed!
repetition: 65936
>passed!
repetition: 65937
>passed!
repetition: 65938
>passed!
repetition: 65939
>passed!
repetition: 65940
>passed!
repetition: 65941
>passed!
repetition: 65942
>passed!
repetition: 65943
>passed!
repetition: 65944
>passed!
repetition: 65945
>passed!
repetition: 65946
>passed!
repetition: 65947
>passed!
repetition: 65948
>passed!
repetition: 65949
>passed!
repetition: 65950
>passed!
repetition: 65951
>passed!
repetition: 65952
>passed!
repetition: 65953
>passed!
repetition: 65954
>passed!
repetition: 65955
>passed!
repetition: 65956
>passed!
repetition: 65957
>passed!
repetition: 65958
>passed!
repetition: 65959
>passed!
repetition: 65960
>passed!
repetition: 65961
>passed!
repetition: 65962
>passed!
repetition: 65963
>passed!
repetition: 65964
>passed!
repetition: 65965
>passed!
repetition: 65966
>passed!
repetition: 65967
>passed!
repetition: 65968
>passed!
repetition: 65969
>passed!
repetition: 65970
>passed!
repetition: 65971
>passed!
repetition: 65972
>passed!
repetition: 65973
>passed!
repetition: 65974
>passed!
repetition: 65975
>passed!
repetition: 65976
>passed!
repetition: 65977
>passed!
repetition: 65978
>passed!
repetition: 65979
>passed!
repetition: 65980
>passed!
repetition: 65981
>passed!
repetition: 65982
>passed!
repetition: 65983
>passed!
repetition: 65984
>passed!
repetition: 65985
>passed!
repetition: 65986
>passed!
repetition: 65987
>passed!
repetition: 65988
>passed!
repetition: 65989
>passed!
repetition: 65990
>passed!
repetition: 65991
>passed!
repetition: 65992
>passed!
repetition: 65993
>passed!
repetition: 65994
>passed!
repetition: 65995
>passed!
repetition: 65996
>passed!
repetition: 65997
>passed!
repetition: 65998
>passed!
repetition: 65999
>passed!
repetition: 66000
>passed!
repetition: 66001
>passed!
repetition: 66002
>passed!
repetition: 66003
>passed!
repetition: 66004
>passed!
repetition: 66005
>passed!
repetition: 66006
>passed!
repetition: 66007
>passed!
repetition: 66008
>passed!
repetition: 66009
>passed!
repetition: 66010
>passed!
repetition: 66011
>passed!
repetition: 66012
>passed!
repetition: 66013
>passed!
repetition: 66014
>passed!
repetition: 66015
>passed!
repetition: 66016
>passed!
repetition: 66017
>passed!
repetition: 66018
>passed!
repetition: 66019
>passed!
repetition: 66020
>passed!
repetition: 66021
>passed!
repetition: 66022
>passed!
repetition: 66023
>passed!
repetition: 66024
>passed!
repetition: 66025
>passed!
repetition: 66026
>passed!
repetition: 66027
>passed!
repetition: 66028
>passed!
repetition: 66029
>passed!
repetition: 66030
>passed!
repetition: 66031
>passed!
repetition: 66032
>passed!
repetition: 66033
>passed!
repetition: 66034
>passed!
repetition: 66035
>passed!
repetition: 66036
>passed!
repetition: 66037
>passed!
repetition: 66038
>passed!
repetition: 66039
>passed!
repetition: 66040
>passed!
repetition: 66041
>passed!
repetition: 66042
>passed!
repetition: 66043
>passed!
repetition: 66044
>passed!
repetition: 66045
>passed!
repetition: 66046
>passed!
repetition: 66047
>passed!
repetition: 66048
>passed!
repetition: 66049
>passed!
repetition: 66050
>passed!
repetition: 66051
>passed!
repetition: 66052
>passed!
repetition: 66053
>passed!
repetition: 66054
>passed!
repetition: 66055
>passed!
repetition: 66056
>passed!
repetition: 66057
>passed!
repetition: 66058
>passed!
repetition: 66059
>passed!
repetition: 66060
>passed!
repetition: 66061
>passed!
repetition: 66062
>passed!
repetition: 66063
>passed!
repetition: 66064
>passed!
repetition: 66065
>passed!
repetition: 66066
>passed!
repetition: 66067
>passed!
repetition: 66068
>passed!
repetition: 66069
>passed!
repetition: 66070
>passed!
repetition: 66071
>passed!
repetition: 66072
>passed!
repetition: 66073
>passed!
repetition: 66074
>passed!
repetition: 66075
>passed!
repetition: 66076
>passed!
repetition: 66077
>passed!
repetition: 66078
>passed!
repetition: 66079
>passed!
repetition: 66080
>passed!
repetition: 66081
>passed!
repetition: 66082
>passed!
repetition: 66083
>passed!
repetition: 66084
>passed!
repetition: 66085
>passed!
repetition: 66086
>passed!
repetition: 66087
>passed!
repetition: 66088
>passed!
repetition: 66089
>passed!
repetition: 66090
>passed!
repetition: 66091
>passed!
repetition: 66092
>passed!
repetition: 66093
>passed!
repetition: 66094
>passed!
repetition: 66095
>passed!
repetition: 66096
>passed!
repetition: 66097
>passed!
repetition: 66098
>passed!
repetition: 66099
>passed!
repetition: 66100
>passed!
repetition: 66101
>passed!
repetition: 66102
>passed!
repetition: 66103
>passed!
repetition: 66104
>passed!
repetition: 66105
>passed!
repetition: 66106
>passed!
repetition: 66107
>passed!
repetition: 66108
>passed!
repetition: 66109
>passed!
repetition: 66110
>passed!
repetition: 66111
>passed!
repetition: 66112
>passed!
repetition: 66113
>passed!
repetition: 66114
>passed!
repetition: 66115
>passed!
repetition: 66116
>passed!
repetition: 66117
>passed!
repetition: 66118
>passed!
repetition: 66119
>passed!
repetition: 66120
>passed!
repetition: 66121
>passed!
repetition: 66122
>passed!
repetition: 66123
>passed!
repetition: 66124
>passed!
repetition: 66125
>passed!
repetition: 66126
>passed!
repetition: 66127
>passed!
repetition: 66128
>passed!
repetition: 66129
>passed!
repetition: 66130
>passed!
repetition: 66131
>passed!
repetition: 66132
>passed!
repetition: 66133
>passed!
repetition: 66134
>passed!
repetition: 66135
>passed!
repetition: 66136
>passed!
repetition: 66137
>passed!
repetition: 66138
>passed!
repetition: 66139
>passed!
repetition: 66140
>passed!
repetition: 66141
>passed!
repetition: 66142
>passed!
repetition: 66143
>passed!
repetition: 66144
>passed!
repetition: 66145
>passed!
repetition: 66146
>passed!
repetition: 66147
>passed!
repetition: 66148
>passed!
repetition: 66149
>passed!
repetition: 66150
>passed!
repetition: 66151
>passed!
repetition: 66152
>passed!
repetition: 66153
>passed!
repetition: 66154
>passed!
repetition: 66155
>passed!
repetition: 66156
>passed!
repetition: 66157
>passed!
repetition: 66158
>passed!
repetition: 66159
>passed!
repetition: 66160
>passed!
repetition: 66161
>passed!
repetition: 66162
>passed!
repetition: 66163
>passed!
repetition: 66164
>passed!
repetition: 66165
>passed!
repetition: 66166
>passed!
repetition: 66167
>passed!
repetition: 66168
>passed!
repetition: 66169
>passed!
repetition: 66170
>passed!
repetition: 66171
>passed!
repetition: 66172
>passed!
repetition: 66173
>passed!
repetition: 66174
>passed!
repetition: 66175
>passed!
repetition: 66176
>passed!
repetition: 66177
>passed!
repetition: 66178
>passed!
repetition: 66179
>passed!
repetition: 66180
>passed!
repetition: 66181
>passed!
repetition: 66182
>passed!
repetition: 66183
>passed!
repetition: 66184
>passed!
repetition: 66185
>passed!
repetition: 66186
>passed!
repetition: 66187
>passed!
repetition: 66188
>passed!
repetition: 66189
>passed!
repetition: 66190
>passed!
repetition: 66191
>passed!
repetition: 66192
>passed!
repetition: 66193
>passed!
repetition: 66194
>passed!
repetition: 66195
>passed!
repetition: 66196
>passed!
repetition: 66197
>passed!
repetition: 66198
>passed!
repetition: 66199
>passed!
repetition: 66200
>passed!
repetition: 66201
>passed!
repetition: 66202
>passed!
repetition: 66203
>passed!
repetition: 66204
>passed!
repetition: 66205
>passed!
repetition: 66206
>passed!
repetition: 66207
>passed!
repetition: 66208
>passed!
repetition: 66209
>passed!
repetition: 66210
>passed!
repetition: 66211
>passed!
repetition: 66212
>passed!
repetition: 66213
>passed!
repetition: 66214
>passed!
repetition: 66215
>passed!
repetition: 66216
>passed!
repetition: 66217
>passed!
repetition: 66218
>passed!
repetition: 66219
>passed!
repetition: 66220
>passed!
repetition: 66221
>passed!
repetition: 66222
>passed!
repetition: 66223
>passed!
repetition: 66224
>passed!
repetition: 66225
>passed!
repetition: 66226
>passed!
repetition: 66227
>passed!
repetition: 66228
>passed!
repetition: 66229
>passed!
repetition: 66230
>passed!
repetition: 66231
>passed!
repetition: 66232
>passed!
repetition: 66233
>passed!
repetition: 66234
>passed!
repetition: 66235
>passed!
repetition: 66236
>passed!
repetition: 66237
>passed!
repetition: 66238
>passed!
repetition: 66239
>passed!
repetition: 66240
>passed!
repetition: 66241
>passed!
repetition: 66242
>passed!
repetition: 66243
>passed!
repetition: 66244
>passed!
repetition: 66245
>passed!
repetition: 66246
>passed!
repetition: 66247
>passed!
repetition: 66248
>passed!
repetition: 66249
>passed!
repetition: 66250
>passed!
repetition: 66251
>passed!
repetition: 66252
>passed!
repetition: 66253
>passed!
repetition: 66254
>passed!
repetition: 66255
>passed!
repetition: 66256
>passed!
repetition: 66257
>passed!
repetition: 66258
>passed!
repetition: 66259
>passed!
repetition: 66260
>passed!
repetition: 66261
>passed!
repetition: 66262
>passed!
repetition: 66263
>passed!
repetition: 66264
>passed!
repetition: 66265
>passed!
repetition: 66266
>passed!
repetition: 66267
>passed!
repetition: 66268
>passed!
repetition: 66269
>passed!
repetition: 66270
>passed!
repetition: 66271
>passed!
repetition: 66272
>passed!
repetition: 66273
>passed!
repetition: 66274
>passed!
repetition: 66275
>passed!
repetition: 66276
>passed!
repetition: 66277
>passed!
repetition: 66278
>passed!
repetition: 66279
>passed!
repetition: 66280
>passed!
repetition: 66281
>passed!
repetition: 66282
>passed!
repetition: 66283
>passed!
repetition: 66284
>passed!
repetition: 66285
>passed!
repetition: 66286
>passed!
repetition: 66287
>passed!
repetition: 66288
>passed!
repetition: 66289
>passed!
repetition: 66290
>passed!
repetition: 66291
>passed!
repetition: 66292
>passed!
repetition: 66293
>passed!
repetition: 66294
>passed!
repetition: 66295
>passed!
repetition: 66296
>passed!
repetition: 66297
>passed!
repetition: 66298
>passed!
repetition: 66299
>passed!
repetition: 66300
>passed!
repetition: 66301
>passed!
repetition: 66302
>passed!
repetition: 66303
>passed!
repetition: 66304
>passed!
repetition: 66305
>passed!
repetition: 66306
>passed!
repetition: 66307
>passed!
repetition: 66308
>passed!
repetition: 66309
>passed!
repetition: 66310
>passed!
repetition: 66311
>passed!
repetition: 66312
>passed!
repetition: 66313
>passed!
repetition: 66314
>passed!
repetition: 66315
>passed!
repetition: 66316
>passed!
repetition: 66317
>passed!
repetition: 66318
>passed!
repetition: 66319
>passed!
repetition: 66320
>passed!
repetition: 66321
>passed!
repetition: 66322
>passed!
repetition: 66323
>passed!
repetition: 66324
>passed!
repetition: 66325
>passed!
repetition: 66326
>passed!
repetition: 66327
>passed!
repetition: 66328
>passed!
repetition: 66329
>passed!
repetition: 66330
>passed!
repetition: 66331
>passed!
repetition: 66332
>passed!
repetition: 66333
>passed!
repetition: 66334
>passed!
repetition: 66335
>passed!
repetition: 66336
>passed!
repetition: 66337
>passed!
repetition: 66338
>passed!
repetition: 66339
>passed!
repetition: 66340
>passed!
repetition: 66341
>passed!
repetition: 66342
>passed!
repetition: 66343
>passed!
repetition: 66344
>passed!
repetition: 66345
>passed!
repetition: 66346
>passed!
repetition: 66347
>passed!
repetition: 66348
>passed!
repetition: 66349
>passed!
repetition: 66350
>passed!
repetition: 66351
>passed!
repetition: 66352
>passed!
repetition: 66353
>passed!
repetition: 66354
>passed!
repetition: 66355
>passed!
repetition: 66356
>passed!
repetition: 66357
>passed!
repetition: 66358
>passed!
repetition: 66359
>passed!
repetition: 66360
>passed!
repetition: 66361
>passed!
repetition: 66362
>passed!
repetition: 66363
>passed!
repetition: 66364
>passed!
repetition: 66365
>passed!
repetition: 66366
>passed!
repetition: 66367
>passed!
repetition: 66368
>passed!
repetition: 66369
>passed!
repetition: 66370
>passed!
repetition: 66371
>passed!
repetition: 66372
>passed!
repetition: 66373
>passed!
repetition: 66374
>passed!
repetition: 66375
>passed!
repetition: 66376
>passed!
repetition: 66377
>passed!
repetition: 66378
>passed!
repetition: 66379
>passed!
repetition: 66380
>passed!
repetition: 66381
>passed!
repetition: 66382
>passed!
repetition: 66383
>passed!
repetition: 66384
>passed!
repetition: 66385
>passed!
repetition: 66386
>passed!
repetition: 66387
>passed!
repetition: 66388
>passed!
repetition: 66389
>passed!
repetition: 66390
>passed!
repetition: 66391
>passed!
repetition: 66392
>passed!
repetition: 66393
>passed!
repetition: 66394
>passed!
repetition: 66395
>passed!
repetition: 66396
>passed!
repetition: 66397
>passed!
repetition: 66398
>passed!
repetition: 66399
>passed!
repetition: 66400
>passed!
repetition: 66401
>passed!
repetition: 66402
>passed!
repetition: 66403
>passed!
repetition: 66404
>passed!
repetition: 66405
>passed!
repetition: 66406
>passed!
repetition: 66407
>passed!
repetition: 66408
>passed!
repetition: 66409
>passed!
repetition: 66410
>passed!
repetition: 66411
>passed!
repetition: 66412
>passed!
repetition: 66413
>passed!
repetition: 66414
>passed!
repetition: 66415
>passed!
repetition: 66416
>passed!
repetition: 66417
>passed!
repetition: 66418
>passed!
repetition: 66419
>passed!
repetition: 66420
>passed!
repetition: 66421
>passed!
repetition: 66422
>passed!
repetition: 66423
>passed!
repetition: 66424
>passed!
repetition: 66425
>passed!
repetition: 66426
>passed!
repetition: 66427
>passed!
repetition: 66428
>passed!
repetition: 66429
>passed!
repetition: 66430
>passed!
repetition: 66431
>passed!
repetition: 66432
>passed!
repetition: 66433
>passed!
repetition: 66434
>passed!
repetition: 66435
>passed!
repetition: 66436
>passed!
repetition: 66437
>passed!
repetition: 66438
>passed!
repetition: 66439
>passed!
repetition: 66440
>passed!
repetition: 66441
>passed!
repetition: 66442
>passed!
repetition: 66443
>passed!
repetition: 66444
>passed!
repetition: 66445
>passed!
repetition: 66446
>passed!
repetition: 66447
>passed!
repetition: 66448
>passed!
repetition: 66449
>passed!
repetition: 66450
>passed!
repetition: 66451
>passed!
repetition: 66452
>passed!
repetition: 66453
>passed!
repetition: 66454
>passed!
repetition: 66455
>passed!
repetition: 66456
>passed!
repetition: 66457
>passed!
repetition: 66458
>passed!
repetition: 66459
>passed!
repetition: 66460
>passed!
repetition: 66461
>passed!
repetition: 66462
>passed!
repetition: 66463
>passed!
repetition: 66464
>passed!
repetition: 66465
>passed!
repetition: 66466
>passed!
repetition: 66467
>passed!
repetition: 66468
>passed!
repetition: 66469
>passed!
repetition: 66470
>passed!
repetition: 66471
>passed!
repetition: 66472
>passed!
repetition: 66473
>passed!
repetition: 66474
>passed!
repetition: 66475
>passed!
repetition: 66476
>passed!
repetition: 66477
>passed!
repetition: 66478
>passed!
repetition: 66479
>passed!
repetition: 66480
>passed!
repetition: 66481
>passed!
repetition: 66482
>passed!
repetition: 66483
>passed!
repetition: 66484
>passed!
repetition: 66485
>passed!
repetition: 66486
>passed!
repetition: 66487
>passed!
repetition: 66488
>passed!
repetition: 66489
>passed!
repetition: 66490
>passed!
repetition: 66491
>passed!
repetition: 66492
>passed!
repetition: 66493
>passed!
repetition: 66494
>passed!
repetition: 66495
>passed!
repetition: 66496
>passed!
repetition: 66497
>passed!
repetition: 66498
>passed!
repetition: 66499
>passed!
repetition: 66500
>passed!
repetition: 66501
>passed!
repetition: 66502
>passed!
repetition: 66503
>passed!
repetition: 66504
>passed!
repetition: 66505
>passed!
repetition: 66506
>passed!
repetition: 66507
>passed!
repetition: 66508
>passed!
repetition: 66509
>passed!
repetition: 66510
>passed!
repetition: 66511
>passed!
repetition: 66512
>passed!
repetition: 66513
>passed!
repetition: 66514
>passed!
repetition: 66515
>passed!
repetition: 66516
>passed!
repetition: 66517
>passed!
repetition: 66518
>passed!
repetition: 66519
>passed!
repetition: 66520
>passed!
repetition: 66521
>passed!
repetition: 66522
>passed!
repetition: 66523
>passed!
repetition: 66524
>passed!
repetition: 66525
>passed!
repetition: 66526
>passed!
repetition: 66527
>passed!
repetition: 66528
>passed!
repetition: 66529
>passed!
repetition: 66530
>passed!
repetition: 66531
>passed!
repetition: 66532
>passed!
repetition: 66533
>passed!
repetition: 66534
>passed!
repetition: 66535
>passed!
repetition: 66536
>passed!
repetition: 66537
>passed!
repetition: 66538
>passed!
repetition: 66539
>passed!
repetition: 66540
>passed!
repetition: 66541
>passed!
repetition: 66542
>passed!
repetition: 66543
>passed!
repetition: 66544
>passed!
repetition: 66545
>passed!
repetition: 66546
>passed!
repetition: 66547
>passed!
repetition: 66548
>passed!
repetition: 66549
>passed!
repetition: 66550
>passed!
repetition: 66551
>passed!
repetition: 66552
>passed!
repetition: 66553
>passed!
repetition: 66554
>passed!
repetition: 66555
>passed!
repetition: 66556
>passed!
repetition: 66557
>passed!
repetition: 66558
>passed!
repetition: 66559
>passed!
repetition: 66560
>passed!
repetition: 66561
>passed!
repetition: 66562
>passed!
repetition: 66563
>passed!
repetition: 66564
>passed!
repetition: 66565
>passed!
repetition: 66566
>passed!
repetition: 66567
>passed!
repetition: 66568
>passed!
repetition: 66569
>passed!
repetition: 66570
>passed!
repetition: 66571
>passed!
repetition: 66572
>passed!
repetition: 66573
>passed!
repetition: 66574
>passed!
repetition: 66575
>passed!
repetition: 66576
>passed!
repetition: 66577
>passed!
repetition: 66578
>passed!
repetition: 66579
>passed!
repetition: 66580
>passed!
repetition: 66581
>passed!
repetition: 66582
>passed!
repetition: 66583
>passed!
repetition: 66584
>passed!
repetition: 66585
>passed!
repetition: 66586
>passed!
repetition: 66587
>passed!
repetition: 66588
>passed!
repetition: 66589
>passed!
repetition: 66590
>passed!
repetition: 66591
>passed!
repetition: 66592
>passed!
repetition: 66593
>passed!
repetition: 66594
>passed!
repetition: 66595
>passed!
repetition: 66596
>passed!
repetition: 66597
>passed!
repetition: 66598
>passed!
repetition: 66599
>passed!
repetition: 66600
>passed!
repetition: 66601
>passed!
repetition: 66602
>passed!
repetition: 66603
>passed!
repetition: 66604
>passed!
repetition: 66605
>passed!
repetition: 66606
>passed!
repetition: 66607
>passed!
repetition: 66608
>passed!
repetition: 66609
>passed!
repetition: 66610
>passed!
repetition: 66611
>passed!
repetition: 66612
>passed!
repetition: 66613
>passed!
repetition: 66614
>passed!
repetition: 66615
>passed!
repetition: 66616
>passed!
repetition: 66617
>passed!
repetition: 66618
>passed!
repetition: 66619
>passed!
repetition: 66620
>passed!
repetition: 66621
>passed!
repetition: 66622
>passed!
repetition: 66623
>passed!
repetition: 66624
>passed!
repetition: 66625
>passed!
repetition: 66626
>passed!
repetition: 66627
>passed!
repetition: 66628
>passed!
repetition: 66629
>passed!
repetition: 66630
>passed!
repetition: 66631
>passed!
repetition: 66632
>passed!
repetition: 66633
>passed!
repetition: 66634
>passed!
repetition: 66635
>passed!
repetition: 66636
>passed!
repetition: 66637
>passed!
repetition: 66638
>passed!
repetition: 66639
>passed!
repetition: 66640
>passed!
repetition: 66641
>passed!
repetition: 66642
>passed!
repetition: 66643
>passed!
repetition: 66644
>passed!
repetition: 66645
>passed!
repetition: 66646
>passed!
repetition: 66647
>passed!
repetition: 66648
>passed!
repetition: 66649
>passed!
repetition: 66650
>passed!
repetition: 66651
>passed!
repetition: 66652
>passed!
repetition: 66653
>passed!
repetition: 66654
>passed!
repetition: 66655
>passed!
repetition: 66656
>passed!
repetition: 66657
>passed!
repetition: 66658
>passed!
repetition: 66659
>passed!
repetition: 66660
>passed!
repetition: 66661
>passed!
repetition: 66662
>passed!
repetition: 66663
>passed!
repetition: 66664
>passed!
repetition: 66665
>passed!
repetition: 66666
>passed!
repetition: 66667
>passed!
repetition: 66668
>passed!
repetition: 66669
>passed!
repetition: 66670
>passed!
repetition: 66671
>passed!
repetition: 66672
>passed!
repetition: 66673
>passed!
repetition: 66674
>passed!
repetition: 66675
>passed!
repetition: 66676
>passed!
repetition: 66677
>passed!
repetition: 66678
>passed!
repetition: 66679
>passed!
repetition: 66680
>passed!
repetition: 66681
>passed!
repetition: 66682
>passed!
repetition: 66683
>passed!
repetition: 66684
>passed!
repetition: 66685
>passed!
repetition: 66686
>passed!
repetition: 66687
>passed!
repetition: 66688
>passed!
repetition: 66689
>passed!
repetition: 66690
>passed!
repetition: 66691
>passed!
repetition: 66692
>passed!
repetition: 66693
>passed!
repetition: 66694
>passed!
repetition: 66695
>passed!
repetition: 66696
>passed!
repetition: 66697
>passed!
repetition: 66698
>passed!
repetition: 66699
>passed!
repetition: 66700
>passed!
repetition: 66701
>passed!
repetition: 66702
>passed!
repetition: 66703
>passed!
repetition: 66704
>passed!
repetition: 66705
>passed!
repetition: 66706
>passed!
repetition: 66707
>passed!
repetition: 66708
>passed!
repetition: 66709
>passed!
repetition: 66710
>passed!
repetition: 66711
>passed!
repetition: 66712
>passed!
repetition: 66713
>passed!
repetition: 66714
>passed!
repetition: 66715
>passed!
repetition: 66716
>passed!
repetition: 66717
>passed!
repetition: 66718
>passed!
repetition: 66719
>passed!
repetition: 66720
>passed!
repetition: 66721
>passed!
repetition: 66722
>passed!
repetition: 66723
>passed!
repetition: 66724
>passed!
repetition: 66725
>passed!
repetition: 66726
>passed!
repetition: 66727
>passed!
repetition: 66728
>passed!
repetition: 66729
>passed!
repetition: 66730
>passed!
repetition: 66731
>passed!
repetition: 66732
>passed!
repetition: 66733
>passed!
repetition: 66734
>passed!
repetition: 66735
>passed!
repetition: 66736
>passed!
repetition: 66737
>passed!
repetition: 66738
>passed!
repetition: 66739
>passed!
repetition: 66740
>passed!
repetition: 66741
>passed!
repetition: 66742
>passed!
repetition: 66743
>passed!
repetition: 66744
>passed!
repetition: 66745
>passed!
repetition: 66746
>passed!
repetition: 66747
>passed!
repetition: 66748
>passed!
repetition: 66749
>passed!
repetition: 66750
>passed!
repetition: 66751
>passed!
repetition: 66752
>passed!
repetition: 66753
>passed!
repetition: 66754
>passed!
repetition: 66755
>passed!
repetition: 66756
>passed!
repetition: 66757
>passed!
repetition: 66758
>passed!
repetition: 66759
>passed!
repetition: 66760
>passed!
repetition: 66761
>passed!
repetition: 66762
>passed!
repetition: 66763
>passed!
repetition: 66764
>passed!
repetition: 66765
>passed!
repetition: 66766
>passed!
repetition: 66767
>passed!
repetition: 66768
>passed!
repetition: 66769
>passed!
repetition: 66770
>passed!
repetition: 66771
>passed!
repetition: 66772
>passed!
repetition: 66773
>passed!
repetition: 66774
>passed!
repetition: 66775
>passed!
repetition: 66776
>passed!
repetition: 66777
>passed!
repetition: 66778
>passed!
repetition: 66779
>passed!
repetition: 66780
>passed!
repetition: 66781
>passed!
repetition: 66782
>passed!
repetition: 66783
>passed!
repetition: 66784
>passed!
repetition: 66785
>passed!
repetition: 66786
>passed!
repetition: 66787
>passed!
repetition: 66788
>passed!
repetition: 66789
>passed!
repetition: 66790
>passed!
repetition: 66791
>passed!
repetition: 66792
>passed!
repetition: 66793
>passed!
repetition: 66794
>passed!
repetition: 66795
>passed!
repetition: 66796
>passed!
repetition: 66797
>passed!
repetition: 66798
>passed!
repetition: 66799
>passed!
repetition: 66800
>passed!
repetition: 66801
>passed!
repetition: 66802
>passed!
repetition: 66803
>passed!
repetition: 66804
>passed!
repetition: 66805
>passed!
repetition: 66806
>passed!
repetition: 66807
>passed!
repetition: 66808
>passed!
repetition: 66809
>passed!
repetition: 66810
>passed!
repetition: 66811
>passed!
repetition: 66812
>passed!
repetition: 66813
>passed!
repetition: 66814
>passed!
repetition: 66815
>passed!
repetition: 66816
>passed!
repetition: 66817
>passed!
repetition: 66818
>passed!
repetition: 66819
>passed!
repetition: 66820
>passed!
repetition: 66821
>passed!
repetition: 66822
>passed!
repetition: 66823
>passed!
repetition: 66824
>passed!
repetition: 66825
>passed!
repetition: 66826
>passed!
repetition: 66827
>passed!
repetition: 66828
>passed!
repetition: 66829
>passed!
repetition: 66830
>passed!
repetition: 66831
>passed!
repetition: 66832
>passed!
repetition: 66833
>passed!
repetition: 66834
>passed!
repetition: 66835
>passed!
repetition: 66836
>passed!
repetition: 66837
>passed!
repetition: 66838
>passed!
repetition: 66839
>passed!
repetition: 66840
>passed!
repetition: 66841
>passed!
repetition: 66842
>passed!
repetition: 66843
>passed!
repetition: 66844
>passed!
repetition: 66845
>passed!
repetition: 66846
>passed!
repetition: 66847
>passed!
repetition: 66848
>passed!
repetition: 66849
>passed!
repetition: 66850
>passed!
repetition: 66851
>passed!
repetition: 66852
>passed!
repetition: 66853
>passed!
repetition: 66854
>passed!
repetition: 66855
>passed!
repetition: 66856
>passed!
repetition: 66857
>passed!
repetition: 66858
>passed!
repetition: 66859
>passed!
repetition: 66860
>passed!
repetition: 66861
>passed!
repetition: 66862
>passed!
repetition: 66863
>passed!
repetition: 66864
>passed!
repetition: 66865
>passed!
repetition: 66866
>passed!
repetition: 66867
>passed!
repetition: 66868
>passed!
repetition: 66869
>passed!
repetition: 66870
>passed!
repetition: 66871
>passed!
repetition: 66872
>passed!
repetition: 66873
>passed!
repetition: 66874
>passed!
repetition: 66875
>passed!
repetition: 66876
>passed!
repetition: 66877
>passed!
repetition: 66878
>passed!
repetition: 66879
>passed!
repetition: 66880
>passed!
repetition: 66881
>passed!
repetition: 66882
>passed!
repetition: 66883
>passed!
repetition: 66884
>passed!
repetition: 66885
>passed!
repetition: 66886
>passed!
repetition: 66887
>passed!
repetition: 66888
>passed!
repetition: 66889
>passed!
repetition: 66890
>passed!
repetition: 66891
>passed!
repetition: 66892
>passed!
repetition: 66893
>passed!
repetition: 66894
>passed!
repetition: 66895
>passed!
repetition: 66896
>passed!
repetition: 66897
>passed!
repetition: 66898
>passed!
repetition: 66899
>passed!
repetition: 66900
>passed!
repetition: 66901
>passed!
repetition: 66902
>passed!
repetition: 66903
>passed!
repetition: 66904
>passed!
repetition: 66905
>passed!
repetition: 66906
>passed!
repetition: 66907
>passed!
repetition: 66908
>passed!
repetition: 66909
>passed!
repetition: 66910
>passed!
repetition: 66911
>passed!
repetition: 66912
>passed!
repetition: 66913
>passed!
repetition: 66914
>passed!
repetition: 66915
>passed!
repetition: 66916
>passed!
repetition: 66917
>passed!
repetition: 66918
>passed!
repetition: 66919
>passed!
repetition: 66920
>passed!
repetition: 66921
>passed!
repetition: 66922
>passed!
repetition: 66923
>passed!
repetition: 66924
>passed!
repetition: 66925
>passed!
repetition: 66926
>passed!
repetition: 66927
>passed!
repetition: 66928
>passed!
repetition: 66929
>passed!
repetition: 66930
>passed!
repetition: 66931
>passed!
repetition: 66932
>passed!
repetition: 66933
>passed!
repetition: 66934
>passed!
repetition: 66935
>passed!
repetition: 66936
>passed!
repetition: 66937
>passed!
repetition: 66938
>passed!
repetition: 66939
>passed!
repetition: 66940
>passed!
repetition: 66941
>passed!
repetition: 66942
>passed!
repetition: 66943
>passed!
repetition: 66944
>passed!
repetition: 66945
>passed!
repetition: 66946
>passed!
repetition: 66947
>passed!
repetition: 66948
>passed!
repetition: 66949
>passed!
repetition: 66950
>passed!
repetition: 66951
>passed!
repetition: 66952
>passed!
repetition: 66953
>passed!
repetition: 66954
>passed!
repetition: 66955
>passed!
repetition: 66956
>passed!
repetition: 66957
>passed!
repetition: 66958
>passed!
repetition: 66959
>passed!
repetition: 66960
>passed!
repetition: 66961
>passed!
repetition: 66962
>passed!
repetition: 66963
>passed!
repetition: 66964
>passed!
repetition: 66965
>passed!
repetition: 66966
>passed!
repetition: 66967
>passed!
repetition: 66968
>passed!
repetition: 66969
>passed!
repetition: 66970
>passed!
repetition: 66971
>passed!
repetition: 66972
>passed!
repetition: 66973
>passed!
repetition: 66974
>passed!
repetition: 66975
>passed!
repetition: 66976
>passed!
repetition: 66977
>passed!
repetition: 66978
>passed!
repetition: 66979
>passed!
repetition: 66980
>passed!
repetition: 66981
>passed!
repetition: 66982
>passed!
repetition: 66983
>passed!
repetition: 66984
>passed!
repetition: 66985
>passed!
repetition: 66986
>passed!
repetition: 66987
>passed!
repetition: 66988
>passed!
repetition: 66989
>passed!
repetition: 66990
>passed!
repetition: 66991
>passed!
repetition: 66992
>passed!
repetition: 66993
>passed!
repetition: 66994
>passed!
repetition: 66995
>passed!
repetition: 66996
>passed!
repetition: 66997
>passed!
repetition: 66998
>passed!
repetition: 66999
>passed!
repetition: 67000
>passed!
repetition: 67001
>passed!
repetition: 67002
>passed!
repetition: 67003
>passed!
repetition: 67004
>passed!
repetition: 67005
>passed!
repetition: 67006
>passed!
repetition: 67007
>passed!
repetition: 67008
>passed!
repetition: 67009
>passed!
repetition: 67010
>passed!
repetition: 67011
>passed!
repetition: 67012
>passed!
repetition: 67013
>passed!
repetition: 67014
>passed!
repetition: 67015
>passed!
repetition: 67016
>passed!
repetition: 67017
>passed!
repetition: 67018
>passed!
repetition: 67019
>passed!
repetition: 67020
>passed!
repetition: 67021
>passed!
repetition: 67022
>passed!
repetition: 67023
>passed!
repetition: 67024
>passed!
repetition: 67025
>passed!
repetition: 67026
>passed!
repetition: 67027
>passed!
repetition: 67028
>passed!
repetition: 67029
>passed!
repetition: 67030
>passed!
repetition: 67031
>passed!
repetition: 67032
>passed!
repetition: 67033
>passed!
repetition: 67034
>passed!
repetition: 67035
>passed!
repetition: 67036
>passed!
repetition: 67037
>passed!
repetition: 67038
>passed!
repetition: 67039
>passed!
repetition: 67040
>passed!
repetition: 67041
>passed!
repetition: 67042
>passed!
repetition: 67043
>passed!
repetition: 67044
>passed!
repetition: 67045
>passed!
repetition: 67046
>passed!
repetition: 67047
>passed!
repetition: 67048
>passed!
repetition: 67049
>passed!
repetition: 67050
>passed!
repetition: 67051
>passed!
repetition: 67052
>passed!
repetition: 67053
>passed!
repetition: 67054
>passed!
repetition: 67055
>passed!
repetition: 67056
>passed!
repetition: 67057
>passed!
repetition: 67058
>passed!
repetition: 67059
>passed!
repetition: 67060
>passed!
repetition: 67061
>passed!
repetition: 67062
>passed!
repetition: 67063
>passed!
repetition: 67064
>passed!
repetition: 67065
>passed!
repetition: 67066
>passed!
repetition: 67067
>passed!
repetition: 67068
>passed!
repetition: 67069
>passed!
repetition: 67070
>passed!
repetition: 67071
>passed!
repetition: 67072
>passed!
repetition: 67073
>passed!
repetition: 67074
>passed!
repetition: 67075
>passed!
repetition: 67076
>passed!
repetition: 67077
>passed!
repetition: 67078
>passed!
repetition: 67079
>passed!
repetition: 67080
>passed!
repetition: 67081
>passed!
repetition: 67082
>passed!
repetition: 67083
>passed!
repetition: 67084
>passed!
repetition: 67085
>passed!
repetition: 67086
>passed!
repetition: 67087
>passed!
repetition: 67088
>passed!
repetition: 67089
>passed!
repetition: 67090
>passed!
repetition: 67091
>passed!
repetition: 67092
>passed!
repetition: 67093
>passed!
repetition: 67094
>passed!
repetition: 67095
>passed!
repetition: 67096
>passed!
repetition: 67097
>passed!
repetition: 67098
>passed!
repetition: 67099
>passed!
repetition: 67100
>passed!
repetition: 67101
>passed!
repetition: 67102
>passed!
repetition: 67103
>passed!
repetition: 67104
>passed!
repetition: 67105
>passed!
repetition: 67106
>passed!
repetition: 67107
>passed!
repetition: 67108
>passed!
repetition: 67109
>passed!
repetition: 67110
>passed!
repetition: 67111
>passed!
repetition: 67112
>passed!
repetition: 67113
>passed!
repetition: 67114
>passed!
repetition: 67115
>passed!
repetition: 67116
>passed!
repetition: 67117
>passed!
repetition: 67118
>passed!
repetition: 67119
>passed!
repetition: 67120
>passed!
repetition: 67121
>passed!
repetition: 67122
>passed!
repetition: 67123
>passed!
repetition: 67124
>passed!
repetition: 67125
>passed!
repetition: 67126
>passed!
repetition: 67127
>passed!
repetition: 67128
>passed!
repetition: 67129
>passed!
repetition: 67130
>passed!
repetition: 67131
>passed!
repetition: 67132
>passed!
repetition: 67133
>passed!
repetition: 67134
>passed!
repetition: 67135
>passed!
repetition: 67136
>passed!
repetition: 67137
>passed!
repetition: 67138
>passed!
repetition: 67139
>passed!
repetition: 67140
>passed!
repetition: 67141
>passed!
repetition: 67142
>passed!
repetition: 67143
>passed!
repetition: 67144
>passed!
repetition: 67145
>passed!
repetition: 67146
>passed!
repetition: 67147
>passed!
repetition: 67148
>passed!
repetition: 67149
>passed!
repetition: 67150
>passed!
repetition: 67151
>passed!
repetition: 67152
>passed!
repetition: 67153
>passed!
repetition: 67154
>passed!
repetition: 67155
>passed!
repetition: 67156
>passed!
repetition: 67157
>passed!
repetition: 67158
>passed!
repetition: 67159
>passed!
repetition: 67160
>passed!
repetition: 67161
>passed!
repetition: 67162
>passed!
repetition: 67163
>passed!
repetition: 67164
>passed!
repetition: 67165
>passed!
repetition: 67166
>passed!
repetition: 67167
>passed!
repetition: 67168
>passed!
repetition: 67169
>passed!
repetition: 67170
>passed!
repetition: 67171
>passed!
repetition: 67172
>passed!
repetition: 67173
>passed!
repetition: 67174
>passed!
repetition: 67175
>passed!
repetition: 67176
>passed!
repetition: 67177
>passed!
repetition: 67178
>passed!
repetition: 67179
>passed!
repetition: 67180
>passed!
repetition: 67181
>passed!
repetition: 67182
>passed!
repetition: 67183
>passed!
repetition: 67184
>passed!
repetition: 67185
>passed!
repetition: 67186
>passed!
repetition: 67187
>passed!
repetition: 67188
>passed!
repetition: 67189
>passed!
repetition: 67190
>passed!
repetition: 67191
>passed!
repetition: 67192
>passed!
repetition: 67193
>passed!
repetition: 67194
>passed!
repetition: 67195
>passed!
repetition: 67196
>passed!
repetition: 67197
>passed!
repetition: 67198
>passed!
repetition: 67199
>passed!
repetition: 67200
>passed!
repetition: 67201
>passed!
repetition: 67202
>passed!
repetition: 67203
>passed!
repetition: 67204
>passed!
repetition: 67205
>passed!
repetition: 67206
>passed!
repetition: 67207
>passed!
repetition: 67208
>passed!
repetition: 67209
>passed!
repetition: 67210
>passed!
repetition: 67211
>passed!
repetition: 67212
>passed!
repetition: 67213
>passed!
repetition: 67214
>passed!
repetition: 67215
>passed!
repetition: 67216
>passed!
repetition: 67217
>passed!
repetition: 67218
>passed!
repetition: 67219
>passed!
repetition: 67220
>passed!
repetition: 67221
>passed!
repetition: 67222
>passed!
repetition: 67223
>passed!
repetition: 67224
>passed!
repetition: 67225
>passed!
repetition: 67226
>passed!
repetition: 67227
>passed!
repetition: 67228
>passed!
repetition: 67229
>passed!
repetition: 67230
>passed!
repetition: 67231
>passed!
repetition: 67232
>passed!
repetition: 67233
>passed!
repetition: 67234
>passed!
repetition: 67235
>passed!
repetition: 67236
>passed!
repetition: 67237
>passed!
repetition: 67238
>passed!
repetition: 67239
>passed!
repetition: 67240
>passed!
repetition: 67241
>passed!
repetition: 67242
>passed!
repetition: 67243
>passed!
repetition: 67244
>passed!
repetition: 67245
>passed!
repetition: 67246
>passed!
repetition: 67247
>passed!
repetition: 67248
>passed!
repetition: 67249
>passed!
repetition: 67250
>passed!
repetition: 67251
>passed!
repetition: 67252
>passed!
repetition: 67253
>passed!
repetition: 67254
>passed!
repetition: 67255
>passed!
repetition: 67256
>passed!
repetition: 67257
>passed!
repetition: 67258
>passed!
repetition: 67259
>passed!
repetition: 67260
>passed!
repetition: 67261
>passed!
repetition: 67262
>passed!
repetition: 67263
>passed!
repetition: 67264
>passed!
repetition: 67265
>passed!
repetition: 67266
>passed!
repetition: 67267
>passed!
repetition: 67268
>passed!
repetition: 67269
>passed!
repetition: 67270
>passed!
repetition: 67271
>passed!
repetition: 67272
>passed!
repetition: 67273
>passed!
repetition: 67274
>passed!
repetition: 67275
>passed!
repetition: 67276
>passed!
repetition: 67277
>passed!
repetition: 67278
>passed!
repetition: 67279
>passed!
repetition: 67280
>passed!
repetition: 67281
>passed!
repetition: 67282
>passed!
repetition: 67283
>passed!
repetition: 67284
>passed!
repetition: 67285
>passed!
repetition: 67286
>passed!
repetition: 67287
>passed!
repetition: 67288
>passed!
repetition: 67289
>passed!
repetition: 67290
>passed!
repetition: 67291
>passed!
repetition: 67292
>passed!
repetition: 67293
>passed!
repetition: 67294
>passed!
repetition: 67295
>passed!
repetition: 67296
>passed!
repetition: 67297
>passed!
repetition: 67298
>passed!
repetition: 67299
>passed!
repetition: 67300
>passed!
repetition: 67301
>passed!
repetition: 67302
>passed!
repetition: 67303
>passed!
repetition: 67304
>passed!
repetition: 67305
>passed!
repetition: 67306
>passed!
repetition: 67307
>passed!
repetition: 67308
>passed!
repetition: 67309
>passed!
repetition: 67310
>passed!
repetition: 67311
>passed!
repetition: 67312
>passed!
repetition: 67313
>passed!
repetition: 67314
>passed!
repetition: 67315
>passed!
repetition: 67316
>passed!
repetition: 67317
>passed!
repetition: 67318
>passed!
repetition: 67319
>passed!
repetition: 67320
>passed!
repetition: 67321
>passed!
repetition: 67322
>passed!
repetition: 67323
>passed!
repetition: 67324
>passed!
repetition: 67325
>passed!
repetition: 67326
>passed!
repetition: 67327
>passed!
repetition: 67328
>passed!
repetition: 67329
>passed!
repetition: 67330
>passed!
repetition: 67331
>passed!
repetition: 67332
>passed!
repetition: 67333
>passed!
repetition: 67334
>passed!
repetition: 67335
>passed!
repetition: 67336
>passed!
repetition: 67337
>passed!
repetition: 67338
>passed!
repetition: 67339
>passed!
repetition: 67340
>passed!
repetition: 67341
>passed!
repetition: 67342
>passed!
repetition: 67343
>passed!
repetition: 67344
>passed!
repetition: 67345
>passed!
repetition: 67346
>passed!
repetition: 67347
>passed!
repetition: 67348
>passed!
repetition: 67349
>passed!
repetition: 67350
>passed!
repetition: 67351
>passed!
repetition: 67352
>passed!
repetition: 67353
>passed!
repetition: 67354
>passed!
repetition: 67355
>passed!
repetition: 67356
>passed!
repetition: 67357
>passed!
repetition: 67358
>passed!
repetition: 67359
>passed!
repetition: 67360
>passed!
repetition: 67361
>passed!
repetition: 67362
>passed!
repetition: 67363
>passed!
repetition: 67364
>passed!
repetition: 67365
>passed!
repetition: 67366
>passed!
repetition: 67367
>passed!
repetition: 67368
>passed!
repetition: 67369
>passed!
repetition: 67370
>passed!
repetition: 67371
>passed!
repetition: 67372
>passed!
repetition: 67373
>passed!
repetition: 67374
>passed!
repetition: 67375
>passed!
repetition: 67376
>passed!
repetition: 67377
>passed!
repetition: 67378
>passed!
repetition: 67379
>passed!
repetition: 67380
>passed!
repetition: 67381
>passed!
repetition: 67382
>passed!
repetition: 67383
>passed!
repetition: 67384
>passed!
repetition: 67385
>passed!
repetition: 67386
>passed!
repetition: 67387
>passed!
repetition: 67388
>passed!
repetition: 67389
>passed!
repetition: 67390
>passed!
repetition: 67391
>passed!
repetition: 67392
>passed!
repetition: 67393
>passed!
repetition: 67394
>passed!
repetition: 67395
>passed!
repetition: 67396
>passed!
repetition: 67397
>passed!
repetition: 67398
>passed!
repetition: 67399
>passed!
repetition: 67400
>passed!
repetition: 67401
>passed!
repetition: 67402
>passed!
repetition: 67403
>passed!
repetition: 67404
>passed!
repetition: 67405
>passed!
repetition: 67406
>passed!
repetition: 67407
>passed!
repetition: 67408
>passed!
repetition: 67409
>passed!
repetition: 67410
>passed!
repetition: 67411
>passed!
repetition: 67412
>passed!
repetition: 67413
>passed!
repetition: 67414
>passed!
repetition: 67415
>passed!
repetition: 67416
>passed!
repetition: 67417
>passed!
repetition: 67418
>passed!
repetition: 67419
>passed!
repetition: 67420
>passed!
repetition: 67421
>passed!
repetition: 67422
>passed!
repetition: 67423
>passed!
repetition: 67424
>passed!
repetition: 67425
>passed!
repetition: 67426
>passed!
repetition: 67427
>passed!
repetition: 67428
>passed!
repetition: 67429
>passed!
repetition: 67430
>passed!
repetition: 67431
>passed!
repetition: 67432
>passed!
repetition: 67433
>passed!
repetition: 67434
>passed!
repetition: 67435
>passed!
repetition: 67436
>passed!
repetition: 67437
>passed!
repetition: 67438
>passed!
repetition: 67439
>passed!
repetition: 67440
>passed!
repetition: 67441
>passed!
repetition: 67442
>passed!
repetition: 67443
>passed!
repetition: 67444
>passed!
repetition: 67445
>passed!
repetition: 67446
>passed!
repetition: 67447
>passed!
repetition: 67448
>passed!
repetition: 67449
>passed!
repetition: 67450
>passed!
repetition: 67451
>passed!
repetition: 67452
>passed!
repetition: 67453
>passed!
repetition: 67454
>passed!
repetition: 67455
>passed!
repetition: 67456
>passed!
repetition: 67457
>passed!
repetition: 67458
>passed!
repetition: 67459
>passed!
repetition: 67460
>passed!
repetition: 67461
>passed!
repetition: 67462
>passed!
repetition: 67463
>passed!
repetition: 67464
>passed!
repetition: 67465
>passed!
repetition: 67466
>passed!
repetition: 67467
>passed!
repetition: 67468
>passed!
repetition: 67469
>passed!
repetition: 67470
>passed!
repetition: 67471
>passed!
repetition: 67472
>passed!
repetition: 67473
>passed!
repetition: 67474
>passed!
repetition: 67475
>passed!
repetition: 67476
>passed!
repetition: 67477
>passed!
repetition: 67478
>passed!
repetition: 67479
>passed!
repetition: 67480
>passed!
repetition: 67481
>passed!
repetition: 67482
>passed!
repetition: 67483
>passed!
repetition: 67484
>passed!
repetition: 67485
>passed!
repetition: 67486
>passed!
repetition: 67487
>passed!
repetition: 67488
>passed!
repetition: 67489
>passed!
repetition: 67490
>passed!
repetition: 67491
>passed!
repetition: 67492
>passed!
repetition: 67493
>passed!
repetition: 67494
>passed!
repetition: 67495
>passed!
repetition: 67496
>passed!
repetition: 67497
>passed!
repetition: 67498
>passed!
repetition: 67499
>passed!
repetition: 67500
>passed!
repetition: 67501
>passed!
repetition: 67502
>passed!
repetition: 67503
>passed!
repetition: 67504
>passed!
repetition: 67505
>passed!
repetition: 67506
>passed!
repetition: 67507
>passed!
repetition: 67508
>passed!
repetition: 67509
>passed!
repetition: 67510
>passed!
repetition: 67511
>passed!
repetition: 67512
>passed!
repetition: 67513
>passed!
repetition: 67514
>passed!
repetition: 67515
>passed!
repetition: 67516
>passed!
repetition: 67517
>passed!
repetition: 67518
>passed!
repetition: 67519
>passed!
repetition: 67520
>passed!
repetition: 67521
>passed!
repetition: 67522
>passed!
repetition: 67523
>passed!
repetition: 67524
>passed!
repetition: 67525
>passed!
repetition: 67526
>passed!
repetition: 67527
>passed!
repetition: 67528
>passed!
repetition: 67529
>passed!
repetition: 67530
>passed!
repetition: 67531
>passed!
repetition: 67532
>passed!
repetition: 67533
>passed!
repetition: 67534
>passed!
repetition: 67535
>passed!
repetition: 67536
>passed!
repetition: 67537
>passed!
repetition: 67538
>passed!
repetition: 67539
>passed!
repetition: 67540
>passed!
repetition: 67541
>passed!
repetition: 67542
>passed!
repetition: 67543
>passed!
repetition: 67544
>passed!
repetition: 67545
>passed!
repetition: 67546
>passed!
repetition: 67547
>passed!
repetition: 67548
>passed!
repetition: 67549
>passed!
repetition: 67550
>passed!
repetition: 67551
>passed!
repetition: 67552
>passed!
repetition: 67553
>passed!
repetition: 67554
>passed!
repetition: 67555
>passed!
repetition: 67556
>passed!
repetition: 67557
>passed!
repetition: 67558
>passed!
repetition: 67559
>passed!
repetition: 67560
>passed!
repetition: 67561
>passed!
repetition: 67562
>passed!
repetition: 67563
>passed!
repetition: 67564
>passed!
repetition: 67565
>passed!
repetition: 67566
>passed!
repetition: 67567
>passed!
repetition: 67568
>passed!
repetition: 67569
>passed!
repetition: 67570
>passed!
repetition: 67571
>passed!
repetition: 67572
>passed!
repetition: 67573
>passed!
repetition: 67574
>passed!
repetition: 67575
>passed!
repetition: 67576
>passed!
repetition: 67577
>passed!
repetition: 67578
>passed!
repetition: 67579
>passed!
repetition: 67580
>passed!
repetition: 67581
>passed!
repetition: 67582
>passed!
repetition: 67583
>passed!
repetition: 67584
>passed!
repetition: 67585
>passed!
repetition: 67586
>passed!
repetition: 67587
>passed!
repetition: 67588
>passed!
repetition: 67589
>passed!
repetition: 67590
>passed!
repetition: 67591
>passed!
repetition: 67592
>passed!
repetition: 67593
>passed!
repetition: 67594
>passed!
repetition: 67595
>passed!
repetition: 67596
>passed!
repetition: 67597
>passed!
repetition: 67598
>passed!
repetition: 67599
>passed!
repetition: 67600
>passed!
repetition: 67601
>passed!
repetition: 67602
>passed!
repetition: 67603
>passed!
repetition: 67604
>passed!
repetition: 67605
>passed!
repetition: 67606
>passed!
repetition: 67607
>passed!
repetition: 67608
>passed!
repetition: 67609
>passed!
repetition: 67610
>passed!
repetition: 67611
>passed!
repetition: 67612
>passed!
repetition: 67613
>passed!
repetition: 67614
>passed!
repetition: 67615
>passed!
repetition: 67616
>passed!
repetition: 67617
>passed!
repetition: 67618
>passed!
repetition: 67619
>passed!
repetition: 67620
>passed!
repetition: 67621
>passed!
repetition: 67622
>passed!
repetition: 67623
>passed!
repetition: 67624
>passed!
repetition: 67625
>passed!
repetition: 67626
>passed!
repetition: 67627
>passed!
repetition: 67628
>passed!
repetition: 67629
>passed!
repetition: 67630
>passed!
repetition: 67631
>passed!
repetition: 67632
>passed!
repetition: 67633
>passed!
repetition: 67634
>passed!
repetition: 67635
>passed!
repetition: 67636
>passed!
repetition: 67637
>passed!
repetition: 67638
>passed!
repetition: 67639
>passed!
repetition: 67640
>passed!
repetition: 67641
>passed!
repetition: 67642
>passed!
repetition: 67643
>passed!
repetition: 67644
>passed!
repetition: 67645
>passed!
repetition: 67646
>passed!
repetition: 67647
>passed!
repetition: 67648
>passed!
repetition: 67649
>passed!
repetition: 67650
>passed!
repetition: 67651
>passed!
repetition: 67652
>passed!
repetition: 67653
>passed!
repetition: 67654
>passed!
repetition: 67655
>passed!
repetition: 67656
>passed!
repetition: 67657
>passed!
repetition: 67658
>passed!
repetition: 67659
>passed!
repetition: 67660
>passed!
repetition: 67661
>passed!
repetition: 67662
>passed!
repetition: 67663
>passed!
repetition: 67664
>passed!
repetition: 67665
>passed!
repetition: 67666
>passed!
repetition: 67667
>passed!
repetition: 67668
>passed!
repetition: 67669
>passed!
repetition: 67670
>passed!
repetition: 67671
>passed!
repetition: 67672
>passed!
repetition: 67673
>passed!
repetition: 67674
>passed!
repetition: 67675
>passed!
repetition: 67676
>passed!
repetition: 67677
>passed!
repetition: 67678
>passed!
repetition: 67679
>passed!
repetition: 67680
>passed!
repetition: 67681
>passed!
repetition: 67682
>passed!
repetition: 67683
>passed!
repetition: 67684
>passed!
repetition: 67685
>passed!
repetition: 67686
>passed!
repetition: 67687
>passed!
repetition: 67688
>passed!
repetition: 67689
>passed!
repetition: 67690
>passed!
repetition: 67691
>passed!
repetition: 67692
>passed!
repetition: 67693
>passed!
repetition: 67694
>passed!
repetition: 67695
>passed!
repetition: 67696
>passed!
repetition: 67697
>passed!
repetition: 67698
>passed!
repetition: 67699
>passed!
repetition: 67700
>passed!
repetition: 67701
>passed!
repetition: 67702
>passed!
repetition: 67703
>passed!
repetition: 67704
>passed!
repetition: 67705
>passed!
repetition: 67706
>passed!
repetition: 67707
>passed!
repetition: 67708
>passed!
repetition: 67709
>passed!
repetition: 67710
>passed!
repetition: 67711
>passed!
repetition: 67712
>passed!
repetition: 67713
>passed!
repetition: 67714
>passed!
repetition: 67715
>passed!
repetition: 67716
>passed!
repetition: 67717
>passed!
repetition: 67718
>passed!
repetition: 67719
>passed!
repetition: 67720
>passed!
repetition: 67721
>passed!
repetition: 67722
>passed!
repetition: 67723
>passed!
repetition: 67724
>passed!
repetition: 67725
>passed!
repetition: 67726
>passed!
repetition: 67727
>passed!
repetition: 67728
>passed!
repetition: 67729
>passed!
repetition: 67730
>passed!
repetition: 67731
>passed!
repetition: 67732
>passed!
repetition: 67733
>passed!
repetition: 67734
>passed!
repetition: 67735
>passed!
repetition: 67736
>passed!
repetition: 67737
>passed!
repetition: 67738
>passed!
repetition: 67739
>passed!
repetition: 67740
>passed!
repetition: 67741
>passed!
repetition: 67742
>passed!
repetition: 67743
>passed!
repetition: 67744
>passed!
repetition: 67745
>passed!
repetition: 67746
>passed!
repetition: 67747
>passed!
repetition: 67748
>passed!
repetition: 67749
>passed!
repetition: 67750
>passed!
repetition: 67751
>passed!
repetition: 67752
>passed!
repetition: 67753
>passed!
repetition: 67754
>passed!
repetition: 67755
>passed!
repetition: 67756
>passed!
repetition: 67757
>passed!
repetition: 67758
>passed!
repetition: 67759
>passed!
repetition: 67760
>passed!
repetition: 67761
>passed!
repetition: 67762
>passed!
repetition: 67763
>passed!
repetition: 67764
>passed!
repetition: 67765
>passed!
repetition: 67766
>passed!
repetition: 67767
>passed!
repetition: 67768
>passed!
repetition: 67769
>passed!
repetition: 67770
>passed!
repetition: 67771
>passed!
repetition: 67772
>passed!
repetition: 67773
>passed!
repetition: 67774
>passed!
repetition: 67775
>passed!
repetition: 67776
>passed!
repetition: 67777
>passed!
repetition: 67778
>passed!
repetition: 67779
>passed!
repetition: 67780
>passed!
repetition: 67781
>passed!
repetition: 67782
>passed!
repetition: 67783
>passed!
repetition: 67784
>passed!
repetition: 67785
>passed!
repetition: 67786
>passed!
repetition: 67787
>passed!
repetition: 67788
>passed!
repetition: 67789
>passed!
repetition: 67790
>passed!
repetition: 67791
>passed!
repetition: 67792
>passed!
repetition: 67793
>passed!
repetition: 67794
>passed!
repetition: 67795
>passed!
repetition: 67796
>passed!
repetition: 67797
>passed!
repetition: 67798
>passed!
repetition: 67799
>passed!
repetition: 67800
>passed!
repetition: 67801
>passed!
repetition: 67802
>passed!
repetition: 67803
>passed!
repetition: 67804
>passed!
repetition: 67805
>passed!
repetition: 67806
>passed!
repetition: 67807
>passed!
repetition: 67808
>passed!
repetition: 67809
>passed!
repetition: 67810
>passed!
repetition: 67811
>passed!
repetition: 67812
>passed!
repetition: 67813
>passed!
repetition: 67814
>passed!
repetition: 67815
>passed!
repetition: 67816
>passed!
repetition: 67817
>passed!
repetition: 67818
>passed!
repetition: 67819
>passed!
repetition: 67820
>passed!
repetition: 67821
>passed!
repetition: 67822
>passed!
repetition: 67823
>passed!
repetition: 67824
>passed!
repetition: 67825
>passed!
repetition: 67826
>passed!
repetition: 67827
>passed!
repetition: 67828
>passed!
repetition: 67829
>passed!
repetition: 67830
>passed!
repetition: 67831
>passed!
repetition: 67832
>passed!
repetition: 67833
>passed!
repetition: 67834
>passed!
repetition: 67835
>passed!
repetition: 67836
>passed!
repetition: 67837
>passed!
repetition: 67838
>passed!
repetition: 67839
>passed!
repetition: 67840
>passed!
repetition: 67841
>passed!
repetition: 67842
>passed!
repetition: 67843
>passed!
repetition: 67844
>passed!
repetition: 67845
>passed!
repetition: 67846
>passed!
repetition: 67847
>passed!
repetition: 67848
>passed!
repetition: 67849
>passed!
repetition: 67850
>passed!
repetition: 67851
>passed!
repetition: 67852
>passed!
repetition: 67853
>passed!
repetition: 67854
>passed!
repetition: 67855
>passed!
repetition: 67856
>passed!
repetition: 67857
>passed!
repetition: 67858
>passed!
repetition: 67859
>passed!
repetition: 67860
>passed!
repetition: 67861
>passed!
repetition: 67862
>passed!
repetition: 67863
>passed!
repetition: 67864
>passed!
repetition: 67865
>passed!
repetition: 67866
>passed!
repetition: 67867
>passed!
repetition: 67868
>passed!
repetition: 67869
>passed!
repetition: 67870
>passed!
repetition: 67871
>passed!
repetition: 67872
>passed!
repetition: 67873
>passed!
repetition: 67874
>passed!
repetition: 67875
>passed!
repetition: 67876
>passed!
repetition: 67877
>passed!
repetition: 67878
>passed!
repetition: 67879
>passed!
repetition: 67880
>passed!
repetition: 67881
>passed!
repetition: 67882
>passed!
repetition: 67883
>passed!
repetition: 67884
>passed!
repetition: 67885
>passed!
repetition: 67886
>passed!
repetition: 67887
>passed!
repetition: 67888
>passed!
repetition: 67889
>passed!
repetition: 67890
>passed!
repetition: 67891
>passed!
repetition: 67892
>passed!
repetition: 67893
>passed!
repetition: 67894
>passed!
repetition: 67895
>passed!
repetition: 67896
>passed!
repetition: 67897
>passed!
repetition: 67898
>passed!
repetition: 67899
>passed!
repetition: 67900
>passed!
repetition: 67901
>passed!
repetition: 67902
>passed!
repetition: 67903
>passed!
repetition: 67904
>passed!
repetition: 67905
>passed!
repetition: 67906
>passed!
repetition: 67907
>passed!
repetition: 67908
>passed!
repetition: 67909
>passed!
repetition: 67910
>passed!
repetition: 67911
>passed!
repetition: 67912
>passed!
repetition: 67913
>passed!
repetition: 67914
>passed!
repetition: 67915
>passed!
repetition: 67916
>passed!
repetition: 67917
>passed!
repetition: 67918
>passed!
repetition: 67919
>passed!
repetition: 67920
>passed!
repetition: 67921
>passed!
repetition: 67922
>passed!
repetition: 67923
>passed!
repetition: 67924
>passed!
repetition: 67925
>passed!
repetition: 67926
>passed!
repetition: 67927
>passed!
repetition: 67928
>passed!
repetition: 67929
>passed!
repetition: 67930
>passed!
repetition: 67931
>passed!
repetition: 67932
>passed!
repetition: 67933
>passed!
repetition: 67934
>passed!
repetition: 67935
>passed!
repetition: 67936
>passed!
repetition: 67937
>passed!
repetition: 67938
>passed!
repetition: 67939
>passed!
repetition: 67940
>passed!
repetition: 67941
>passed!
repetition: 67942
>passed!
repetition: 67943
>passed!
repetition: 67944
>passed!
repetition: 67945
>passed!
repetition: 67946
>passed!
repetition: 67947
>passed!
repetition: 67948
>passed!
repetition: 67949
>passed!
repetition: 67950
>passed!
repetition: 67951
>passed!
repetition: 67952
>passed!
repetition: 67953
>passed!
repetition: 67954
>passed!
repetition: 67955
>passed!
repetition: 67956
>passed!
repetition: 67957
>passed!
repetition: 67958
>passed!
repetition: 67959
>passed!
repetition: 67960
>passed!
repetition: 67961
>passed!
repetition: 67962
>passed!
repetition: 67963
>passed!
repetition: 67964
>passed!
repetition: 67965
>passed!
repetition: 67966
>passed!
repetition: 67967
>passed!
repetition: 67968
>passed!
repetition: 67969
>passed!
repetition: 67970
>passed!
repetition: 67971
>passed!
repetition: 67972
>passed!
repetition: 67973
>passed!
repetition: 67974
>passed!
repetition: 67975
>passed!
repetition: 67976
>passed!
repetition: 67977
>passed!
repetition: 67978
>passed!
repetition: 67979
>passed!
repetition: 67980
>passed!
repetition: 67981
>passed!
repetition: 67982
>passed!
repetition: 67983
>passed!
repetition: 67984
>passed!
repetition: 67985
>passed!
repetition: 67986
>passed!
repetition: 67987
>passed!
repetition: 67988
>passed!
repetition: 67989
>passed!
repetition: 67990
>passed!
repetition: 67991
>passed!
repetition: 67992
>passed!
repetition: 67993
>passed!
repetition: 67994
>passed!
repetition: 67995
>passed!
repetition: 67996
>passed!
repetition: 67997
>passed!
repetition: 67998
>passed!
repetition: 67999
>passed!
repetition: 68000
>passed!
repetition: 68001
>passed!
repetition: 68002
>passed!
repetition: 68003
>passed!
repetition: 68004
>passed!
repetition: 68005
>passed!
repetition: 68006
>passed!
repetition: 68007
>passed!
repetition: 68008
>passed!
repetition: 68009
>passed!
repetition: 68010
>passed!
repetition: 68011
>passed!
repetition: 68012
>passed!
repetition: 68013
>passed!
repetition: 68014
>passed!
repetition: 68015
>passed!
repetition: 68016
>passed!
repetition: 68017
>passed!
repetition: 68018
>passed!
repetition: 68019
>passed!
repetition: 68020
>passed!
repetition: 68021
>passed!
repetition: 68022
>passed!
repetition: 68023
>passed!
repetition: 68024
>passed!
repetition: 68025
>passed!
repetition: 68026
>passed!
repetition: 68027
>passed!
repetition: 68028
>passed!
repetition: 68029
>passed!
repetition: 68030
>passed!
repetition: 68031
>passed!
repetition: 68032
>passed!
repetition: 68033
>passed!
repetition: 68034
>passed!
repetition: 68035
>passed!
repetition: 68036
>passed!
repetition: 68037
>passed!
repetition: 68038
>passed!
repetition: 68039
>passed!
repetition: 68040
>passed!
repetition: 68041
>passed!
repetition: 68042
>passed!
repetition: 68043
>passed!
repetition: 68044
>passed!
repetition: 68045
>passed!
repetition: 68046
>passed!
repetition: 68047
>passed!
repetition: 68048
>passed!
repetition: 68049
>passed!
repetition: 68050
>passed!
repetition: 68051
>passed!
repetition: 68052
>passed!
repetition: 68053
>passed!
repetition: 68054
>passed!
repetition: 68055
>passed!
repetition: 68056
>passed!
repetition: 68057
>passed!
repetition: 68058
>passed!
repetition: 68059
>passed!
repetition: 68060
>passed!
repetition: 68061
>passed!
repetition: 68062
>passed!
repetition: 68063
>passed!
repetition: 68064
>passed!
repetition: 68065
>passed!
repetition: 68066
>passed!
repetition: 68067
>passed!
repetition: 68068
>passed!
repetition: 68069
>passed!
repetition: 68070
>passed!
repetition: 68071
>passed!
repetition: 68072
>passed!
repetition: 68073
>passed!
repetition: 68074
>passed!
repetition: 68075
>passed!
repetition: 68076
>passed!
repetition: 68077
>passed!
repetition: 68078
>passed!
repetition: 68079
>passed!
repetition: 68080
>passed!
repetition: 68081
>passed!
repetition: 68082
>passed!
repetition: 68083
>passed!
repetition: 68084
>passed!
repetition: 68085
>passed!
repetition: 68086
>passed!
repetition: 68087
>passed!
repetition: 68088
>passed!
repetition: 68089
>passed!
repetition: 68090
>passed!
repetition: 68091
>passed!
repetition: 68092
>passed!
repetition: 68093
>passed!
repetition: 68094
>passed!
repetition: 68095
>passed!
repetition: 68096
>passed!
repetition: 68097
>passed!
repetition: 68098
>passed!
repetition: 68099
>passed!
repetition: 68100
>passed!
repetition: 68101
>passed!
repetition: 68102
>passed!
repetition: 68103
>passed!
repetition: 68104
>passed!
repetition: 68105
>passed!
repetition: 68106
>passed!
repetition: 68107
>passed!
repetition: 68108
>passed!
repetition: 68109
>passed!
repetition: 68110
>passed!
repetition: 68111
>passed!
repetition: 68112
>passed!
repetition: 68113
>passed!
repetition: 68114
>passed!
repetition: 68115
>passed!
repetition: 68116
>passed!
repetition: 68117
>passed!
repetition: 68118
>passed!
repetition: 68119
>passed!
repetition: 68120
>passed!
repetition: 68121
>passed!
repetition: 68122
>passed!
repetition: 68123
>passed!
repetition: 68124
>passed!
repetition: 68125
>passed!
repetition: 68126
>passed!
repetition: 68127
>passed!
repetition: 68128
>passed!
repetition: 68129
>passed!
repetition: 68130
>passed!
repetition: 68131
>passed!
repetition: 68132
>passed!
repetition: 68133
>passed!
repetition: 68134
>passed!
repetition: 68135
>passed!
repetition: 68136
>passed!
repetition: 68137
>passed!
repetition: 68138
>passed!
repetition: 68139
>passed!
repetition: 68140
>passed!
repetition: 68141
>passed!
repetition: 68142
>passed!
repetition: 68143
>passed!
repetition: 68144
>passed!
repetition: 68145
>passed!
repetition: 68146
>passed!
repetition: 68147
>passed!
repetition: 68148
>passed!
repetition: 68149
>passed!
repetition: 68150
>passed!
repetition: 68151
>passed!
repetition: 68152
>passed!
repetition: 68153
>passed!
repetition: 68154
>passed!
repetition: 68155
>passed!
repetition: 68156
>passed!
repetition: 68157
>passed!
repetition: 68158
>passed!
repetition: 68159
>passed!
repetition: 68160
>passed!
repetition: 68161
>passed!
repetition: 68162
>passed!
repetition: 68163
>passed!
repetition: 68164
>passed!
repetition: 68165
>passed!
repetition: 68166
>passed!
repetition: 68167
>passed!
repetition: 68168
>passed!
repetition: 68169
>passed!
repetition: 68170
>passed!
repetition: 68171
>passed!
repetition: 68172
>passed!
repetition: 68173
>passed!
repetition: 68174
>passed!
repetition: 68175
>passed!
repetition: 68176
>passed!
repetition: 68177
>passed!
repetition: 68178
>passed!
repetition: 68179
>passed!
repetition: 68180
>passed!
repetition: 68181
>passed!
repetition: 68182
>passed!
repetition: 68183
>passed!
repetition: 68184
>passed!
repetition: 68185
>passed!
repetition: 68186
>passed!
repetition: 68187
>passed!
repetition: 68188
>passed!
repetition: 68189
>passed!
repetition: 68190
>passed!
repetition: 68191
>passed!
repetition: 68192
>passed!
repetition: 68193
>passed!
repetition: 68194
>passed!
repetition: 68195
>passed!
repetition: 68196
>passed!
repetition: 68197
>passed!
repetition: 68198
>passed!
repetition: 68199
>passed!
repetition: 68200
>passed!
repetition: 68201
>passed!
repetition: 68202
>passed!
repetition: 68203
>passed!
repetition: 68204
>passed!
repetition: 68205
>passed!
repetition: 68206
>passed!
repetition: 68207
>passed!
repetition: 68208
>passed!
repetition: 68209
>passed!
repetition: 68210
>passed!
repetition: 68211
>passed!
repetition: 68212
>passed!
repetition: 68213
>passed!
repetition: 68214
>passed!
repetition: 68215
>passed!
repetition: 68216
>passed!
repetition: 68217
>passed!
repetition: 68218
>passed!
repetition: 68219
>passed!
repetition: 68220
>passed!
repetition: 68221
>passed!
repetition: 68222
>passed!
repetition: 68223
>passed!
repetition: 68224
>passed!
repetition: 68225
>passed!
repetition: 68226
>passed!
repetition: 68227
>passed!
repetition: 68228
>passed!
repetition: 68229
>passed!
repetition: 68230
>passed!
repetition: 68231
>passed!
repetition: 68232
>passed!
repetition: 68233
>passed!
repetition: 68234
>passed!
repetition: 68235
>passed!
repetition: 68236
>passed!
repetition: 68237
>passed!
repetition: 68238
>passed!
repetition: 68239
>passed!
repetition: 68240
>passed!
repetition: 68241
>passed!
repetition: 68242
>passed!
repetition: 68243
>passed!
repetition: 68244
>passed!
repetition: 68245
>passed!
repetition: 68246
>passed!
repetition: 68247
>passed!
repetition: 68248
>passed!
repetition: 68249
>passed!
repetition: 68250
>passed!
repetition: 68251
>passed!
repetition: 68252
>passed!
repetition: 68253
>passed!
repetition: 68254
>passed!
repetition: 68255
>passed!
repetition: 68256
>passed!
repetition: 68257
>passed!
repetition: 68258
>passed!
repetition: 68259
>passed!
repetition: 68260
>passed!
repetition: 68261
>passed!
repetition: 68262
>passed!
repetition: 68263
>passed!
repetition: 68264
>passed!
repetition: 68265
>passed!
repetition: 68266
>passed!
repetition: 68267
>passed!
repetition: 68268
>passed!
repetition: 68269
>passed!
repetition: 68270
>passed!
repetition: 68271
>passed!
repetition: 68272
>passed!
repetition: 68273
>passed!
repetition: 68274
>passed!
repetition: 68275
>passed!
repetition: 68276
>passed!
repetition: 68277
>passed!
repetition: 68278
>passed!
repetition: 68279
>passed!
repetition: 68280
>passed!
repetition: 68281
>passed!
repetition: 68282
>passed!
repetition: 68283
>passed!
repetition: 68284
>passed!
repetition: 68285
>passed!
repetition: 68286
>passed!
repetition: 68287
>passed!
repetition: 68288
>passed!
repetition: 68289
>passed!
repetition: 68290
>passed!
repetition: 68291
>passed!
repetition: 68292
>passed!
repetition: 68293
>passed!
repetition: 68294
>passed!
repetition: 68295
>passed!
repetition: 68296
>passed!
repetition: 68297
>passed!
repetition: 68298
>passed!
repetition: 68299
>passed!
repetition: 68300
>passed!
repetition: 68301
>passed!
repetition: 68302
>passed!
repetition: 68303
>passed!
repetition: 68304
>passed!
repetition: 68305
>passed!
repetition: 68306
>passed!
repetition: 68307
>passed!
repetition: 68308
>passed!
repetition: 68309
>passed!
repetition: 68310
>passed!
repetition: 68311
>passed!
repetition: 68312
>passed!
repetition: 68313
>passed!
repetition: 68314
>passed!
repetition: 68315
>passed!
repetition: 68316
>passed!
repetition: 68317
>passed!
repetition: 68318
>passed!
repetition: 68319
>passed!
repetition: 68320
>passed!
repetition: 68321
>passed!
repetition: 68322
>passed!
repetition: 68323
>passed!
repetition: 68324
>passed!
repetition: 68325
>passed!
repetition: 68326
>passed!
repetition: 68327
>passed!
repetition: 68328
>passed!
repetition: 68329
>passed!
repetition: 68330
>passed!
repetition: 68331
>passed!
repetition: 68332
>passed!
repetition: 68333
>passed!
repetition: 68334
>passed!
repetition: 68335
>passed!
repetition: 68336
>passed!
repetition: 68337
>passed!
repetition: 68338
>passed!
repetition: 68339
>passed!
repetition: 68340
>passed!
repetition: 68341
>passed!
repetition: 68342
>passed!
repetition: 68343
>passed!
repetition: 68344
>passed!
repetition: 68345
>passed!
repetition: 68346
>passed!
repetition: 68347
>passed!
repetition: 68348
>passed!
repetition: 68349
>passed!
repetition: 68350
>passed!
repetition: 68351
>passed!
repetition: 68352
>passed!
repetition: 68353
>passed!
repetition: 68354
>passed!
repetition: 68355
>passed!
repetition: 68356
>passed!
repetition: 68357
>passed!
repetition: 68358
>passed!
repetition: 68359
>passed!
repetition: 68360
>passed!
repetition: 68361
>passed!
repetition: 68362
>passed!
repetition: 68363
>passed!
repetition: 68364
>passed!
repetition: 68365
>passed!
repetition: 68366
>passed!
repetition: 68367
>passed!
repetition: 68368
>passed!
repetition: 68369
>passed!
repetition: 68370
>passed!
repetition: 68371
>passed!
repetition: 68372
>passed!
repetition: 68373
>passed!
repetition: 68374
>passed!
repetition: 68375
>passed!
repetition: 68376
>passed!
repetition: 68377
>passed!
repetition: 68378
>passed!
repetition: 68379
>passed!
repetition: 68380
>passed!
repetition: 68381
>passed!
repetition: 68382
>passed!
repetition: 68383
>passed!
repetition: 68384
>passed!
repetition: 68385
>passed!
repetition: 68386
>passed!
repetition: 68387
>passed!
repetition: 68388
>passed!
repetition: 68389
>passed!
repetition: 68390
>passed!
repetition: 68391
>passed!
repetition: 68392
>passed!
repetition: 68393
>passed!
repetition: 68394
>passed!
repetition: 68395
>passed!
repetition: 68396
>passed!
repetition: 68397
>passed!
repetition: 68398
>passed!
repetition: 68399
>passed!
repetition: 68400
>passed!
repetition: 68401
>passed!
repetition: 68402
>passed!
repetition: 68403
>passed!
repetition: 68404
>passed!
repetition: 68405
>passed!
repetition: 68406
>passed!
repetition: 68407
>passed!
repetition: 68408
>passed!
repetition: 68409
>passed!
repetition: 68410
>passed!
repetition: 68411
>passed!
repetition: 68412
>passed!
repetition: 68413
>passed!
repetition: 68414
>passed!
repetition: 68415
>passed!
repetition: 68416
>passed!
repetition: 68417
>passed!
repetition: 68418
>passed!
repetition: 68419
>passed!
repetition: 68420
>passed!
repetition: 68421
>passed!
repetition: 68422
>passed!
repetition: 68423
>passed!
repetition: 68424
>passed!
repetition: 68425
>passed!
repetition: 68426
>passed!
repetition: 68427
>passed!
repetition: 68428
>passed!
repetition: 68429
>passed!
repetition: 68430
>passed!
repetition: 68431
>passed!
repetition: 68432
>passed!
repetition: 68433
>passed!
repetition: 68434
>passed!
repetition: 68435
>passed!
repetition: 68436
>passed!
repetition: 68437
>passed!
repetition: 68438
>passed!
repetition: 68439
>passed!
repetition: 68440
>passed!
repetition: 68441
>passed!
repetition: 68442
>passed!
repetition: 68443
>passed!
repetition: 68444
>passed!
repetition: 68445
>passed!
repetition: 68446
>passed!
repetition: 68447
>passed!
repetition: 68448
>passed!
repetition: 68449
>passed!
repetition: 68450
>passed!
repetition: 68451
>passed!
repetition: 68452
>passed!
repetition: 68453
>passed!
repetition: 68454
>passed!
repetition: 68455
>passed!
repetition: 68456
>passed!
repetition: 68457
>passed!
repetition: 68458
>passed!
repetition: 68459
>passed!
repetition: 68460
>passed!
repetition: 68461
>passed!
repetition: 68462
>passed!
repetition: 68463
>passed!
repetition: 68464
>passed!
repetition: 68465
>passed!
repetition: 68466
>passed!
repetition: 68467
>passed!
repetition: 68468
>passed!
repetition: 68469
>passed!
repetition: 68470
>passed!
repetition: 68471
>passed!
repetition: 68472
>passed!
repetition: 68473
>passed!
repetition: 68474
>passed!
repetition: 68475
>passed!
repetition: 68476
>passed!
repetition: 68477
>passed!
repetition: 68478
>passed!
repetition: 68479
>passed!
repetition: 68480
>passed!
repetition: 68481
>passed!
repetition: 68482
>passed!
repetition: 68483
>passed!
repetition: 68484
>passed!
repetition: 68485
>passed!
repetition: 68486
>passed!
repetition: 68487
>passed!
repetition: 68488
>passed!
repetition: 68489
>passed!
repetition: 68490
>passed!
repetition: 68491
>passed!
repetition: 68492
>passed!
repetition: 68493
>passed!
repetition: 68494
>passed!
repetition: 68495
>passed!
repetition: 68496
>passed!
repetition: 68497
>passed!
repetition: 68498
>passed!
repetition: 68499
>passed!
repetition: 68500
>passed!
repetition: 68501
>passed!
repetition: 68502
>passed!
repetition: 68503
>passed!
repetition: 68504
>passed!
repetition: 68505
>passed!
repetition: 68506
>passed!
repetition: 68507
>passed!
repetition: 68508
>passed!
repetition: 68509
>passed!
repetition: 68510
>passed!
repetition: 68511
>passed!
repetition: 68512
>passed!
repetition: 68513
>passed!
repetition: 68514
>passed!
repetition: 68515
>passed!
repetition: 68516
>passed!
repetition: 68517
>passed!
repetition: 68518
>passed!
repetition: 68519
>passed!
repetition: 68520
>passed!
repetition: 68521
>passed!
repetition: 68522
>passed!
repetition: 68523
>passed!
repetition: 68524
>passed!
repetition: 68525
>passed!
repetition: 68526
>passed!
repetition: 68527
>passed!
repetition: 68528
>passed!
repetition: 68529
>passed!
repetition: 68530
>passed!
repetition: 68531
>passed!
repetition: 68532
>passed!
repetition: 68533
>passed!
repetition: 68534
>passed!
repetition: 68535
>passed!
repetition: 68536
>passed!
repetition: 68537
>passed!
repetition: 68538
>passed!
repetition: 68539
>passed!
repetition: 68540
>passed!
repetition: 68541
>passed!
repetition: 68542
>passed!
repetition: 68543
>passed!
repetition: 68544
>passed!
repetition: 68545
>passed!
repetition: 68546
>passed!
repetition: 68547
>passed!
repetition: 68548
>passed!
repetition: 68549
>passed!
repetition: 68550
>passed!
repetition: 68551
>passed!
repetition: 68552
>passed!
repetition: 68553
>passed!
repetition: 68554
>passed!
repetition: 68555
>passed!
repetition: 68556
>passed!
repetition: 68557
>passed!
repetition: 68558
>passed!
repetition: 68559
>passed!
repetition: 68560
>passed!
repetition: 68561
>passed!
repetition: 68562
>passed!
repetition: 68563
>passed!
repetition: 68564
>passed!
repetition: 68565
>passed!
repetition: 68566
>passed!
repetition: 68567
>passed!
repetition: 68568
>passed!
repetition: 68569
>passed!
repetition: 68570
>passed!
repetition: 68571
>passed!
repetition: 68572
>passed!
repetition: 68573
>passed!
repetition: 68574
>passed!
repetition: 68575
>passed!
repetition: 68576
>passed!
repetition: 68577
>passed!
repetition: 68578
>passed!
repetition: 68579
>passed!
repetition: 68580
>passed!
repetition: 68581
>passed!
repetition: 68582
>passed!
repetition: 68583
>passed!
repetition: 68584
>passed!
repetition: 68585
>passed!
repetition: 68586
>passed!
repetition: 68587
>passed!
repetition: 68588
>passed!
repetition: 68589
>passed!
repetition: 68590
>passed!
repetition: 68591
>passed!
repetition: 68592
>passed!
repetition: 68593
>passed!
repetition: 68594
>passed!
repetition: 68595
>passed!
repetition: 68596
>passed!
repetition: 68597
>passed!
repetition: 68598
>passed!
repetition: 68599
>passed!
repetition: 68600
>passed!
repetition: 68601
>passed!
repetition: 68602
>passed!
repetition: 68603
>passed!
repetition: 68604
>passed!
repetition: 68605
>passed!
repetition: 68606
>passed!
repetition: 68607
>passed!
repetition: 68608
>passed!
repetition: 68609
>passed!
repetition: 68610
>passed!
repetition: 68611
>passed!
repetition: 68612
>passed!
repetition: 68613
>passed!
repetition: 68614
>passed!
repetition: 68615
>passed!
repetition: 68616
>passed!
repetition: 68617
>passed!
repetition: 68618
>passed!
repetition: 68619
>passed!
repetition: 68620
>passed!
repetition: 68621
>passed!
repetition: 68622
>passed!
repetition: 68623
>passed!
repetition: 68624
>passed!
repetition: 68625
>passed!
repetition: 68626
>passed!
repetition: 68627
>passed!
repetition: 68628
>passed!
repetition: 68629
>passed!
repetition: 68630
>passed!
repetition: 68631
>passed!
repetition: 68632
>passed!
repetition: 68633
>passed!
repetition: 68634
>passed!
repetition: 68635
>passed!
repetition: 68636
>passed!
repetition: 68637
>passed!
repetition: 68638
>passed!
repetition: 68639
>passed!
repetition: 68640
>passed!
repetition: 68641
>passed!
repetition: 68642
>passed!
repetition: 68643
>passed!
repetition: 68644
>passed!
repetition: 68645
>passed!
repetition: 68646
>passed!
repetition: 68647
>passed!
repetition: 68648
>passed!
repetition: 68649
>passed!
repetition: 68650
>passed!
repetition: 68651
>passed!
repetition: 68652
>passed!
repetition: 68653
>passed!
repetition: 68654
>passed!
repetition: 68655
>passed!
repetition: 68656
>passed!
repetition: 68657
>passed!
repetition: 68658
>passed!
repetition: 68659
>passed!
repetition: 68660
>passed!
repetition: 68661
>passed!
repetition: 68662
>passed!
repetition: 68663
>passed!
repetition: 68664
>passed!
repetition: 68665
>passed!
repetition: 68666
>passed!
repetition: 68667
>passed!
repetition: 68668
>passed!
repetition: 68669
>passed!
repetition: 68670
>passed!
repetition: 68671
>passed!
repetition: 68672
>passed!
repetition: 68673
>passed!
repetition: 68674
>passed!
repetition: 68675
>passed!
repetition: 68676
>passed!
repetition: 68677
>passed!
repetition: 68678
>passed!
repetition: 68679
>passed!
repetition: 68680
>passed!
repetition: 68681
>passed!
repetition: 68682
>passed!
repetition: 68683
>passed!
repetition: 68684
>passed!
repetition: 68685
>passed!
repetition: 68686
>passed!
repetition: 68687
>passed!
repetition: 68688
>passed!
repetition: 68689
>passed!
repetition: 68690
>passed!
repetition: 68691
>passed!
repetition: 68692
>passed!
repetition: 68693
>passed!
repetition: 68694
>passed!
repetition: 68695
>passed!
repetition: 68696
>passed!
repetition: 68697
>passed!
repetition: 68698
>passed!
repetition: 68699
>passed!
repetition: 68700
>passed!
repetition: 68701
>passed!
repetition: 68702
>passed!
repetition: 68703
>passed!
repetition: 68704
>passed!
repetition: 68705
>passed!
repetition: 68706
>passed!
repetition: 68707
>passed!
repetition: 68708
>passed!
repetition: 68709
>passed!
repetition: 68710
>passed!
repetition: 68711
>passed!
repetition: 68712
>passed!
repetition: 68713
>passed!
repetition: 68714
>passed!
repetition: 68715
>passed!
repetition: 68716
>passed!
repetition: 68717
>passed!
repetition: 68718
>passed!
repetition: 68719
>passed!
repetition: 68720
>passed!
repetition: 68721
>passed!
repetition: 68722
>passed!
repetition: 68723
>passed!
repetition: 68724
>passed!
repetition: 68725
>passed!
repetition: 68726
>passed!
repetition: 68727
>passed!
repetition: 68728
>passed!
repetition: 68729
>passed!
repetition: 68730
>passed!
repetition: 68731
>passed!
repetition: 68732
>passed!
repetition: 68733
>passed!
repetition: 68734
>passed!
repetition: 68735
>passed!
repetition: 68736
>passed!
repetition: 68737
>passed!
repetition: 68738
>passed!
repetition: 68739
>passed!
repetition: 68740
>passed!
repetition: 68741
>passed!
repetition: 68742
>passed!
repetition: 68743
>passed!
repetition: 68744
>passed!
repetition: 68745
>passed!
repetition: 68746
>passed!
repetition: 68747
>passed!
repetition: 68748
>passed!
repetition: 68749
>passed!
repetition: 68750
>passed!
repetition: 68751
>passed!
repetition: 68752
>passed!
repetition: 68753
>passed!
repetition: 68754
>passed!
repetition: 68755
>passed!
repetition: 68756
>passed!
repetition: 68757
>passed!
repetition: 68758
>passed!
repetition: 68759
>passed!
repetition: 68760
>passed!
repetition: 68761
>passed!
repetition: 68762
>passed!
repetition: 68763
>passed!
repetition: 68764
>passed!
repetition: 68765
>passed!
repetition: 68766
>passed!
repetition: 68767
>passed!
repetition: 68768
>passed!
repetition: 68769
>passed!
repetition: 68770
>passed!
repetition: 68771
>passed!
repetition: 68772
>passed!
repetition: 68773
>passed!
repetition: 68774
>passed!
repetition: 68775
>passed!
repetition: 68776
>passed!
repetition: 68777
>passed!
repetition: 68778
>passed!
repetition: 68779
>passed!
repetition: 68780
>passed!
repetition: 68781
>passed!
repetition: 68782
>passed!
repetition: 68783
>passed!
repetition: 68784
>passed!
repetition: 68785
>passed!
repetition: 68786
>passed!
repetition: 68787
>passed!
repetition: 68788
>passed!
repetition: 68789
>passed!
repetition: 68790
>passed!
repetition: 68791
>passed!
repetition: 68792
>passed!
repetition: 68793
>passed!
repetition: 68794
>passed!
repetition: 68795
>passed!
repetition: 68796
>passed!
repetition: 68797
>passed!
repetition: 68798
>passed!
repetition: 68799
>passed!
repetition: 68800
>passed!
repetition: 68801
>passed!
repetition: 68802
>passed!
repetition: 68803
>passed!
repetition: 68804
>passed!
repetition: 68805
>passed!
repetition: 68806
>passed!
repetition: 68807
>passed!
repetition: 68808
>passed!
repetition: 68809
>passed!
repetition: 68810
>passed!
repetition: 68811
>passed!
repetition: 68812
>passed!
repetition: 68813
>passed!
repetition: 68814
>passed!
repetition: 68815
>passed!
repetition: 68816
>passed!
repetition: 68817
>passed!
repetition: 68818
>passed!
repetition: 68819
>passed!
repetition: 68820
>passed!
repetition: 68821
>passed!
repetition: 68822
>passed!
repetition: 68823
>passed!
repetition: 68824
>passed!
repetition: 68825
>passed!
repetition: 68826
>passed!
repetition: 68827
>passed!
repetition: 68828
>passed!
repetition: 68829
>passed!
repetition: 68830
>passed!
repetition: 68831
>passed!
repetition: 68832
>passed!
repetition: 68833
>passed!
repetition: 68834
>passed!
repetition: 68835
>passed!
repetition: 68836
>passed!
repetition: 68837
>passed!
repetition: 68838
>passed!
repetition: 68839
>passed!
repetition: 68840
>passed!
repetition: 68841
>passed!
repetition: 68842
>passed!
repetition: 68843
>passed!
repetition: 68844
>passed!
repetition: 68845
>passed!
repetition: 68846
>passed!
repetition: 68847
>passed!
repetition: 68848
>passed!
repetition: 68849
>passed!
repetition: 68850
>passed!
repetition: 68851
>passed!
repetition: 68852
>passed!
repetition: 68853
>passed!
repetition: 68854
>passed!
repetition: 68855
>passed!
repetition: 68856
>passed!
repetition: 68857
>passed!
repetition: 68858
>passed!
repetition: 68859
>passed!
repetition: 68860
>passed!
repetition: 68861
>passed!
repetition: 68862
>passed!
repetition: 68863
>passed!
repetition: 68864
>passed!
repetition: 68865
>passed!
repetition: 68866
>passed!
repetition: 68867
>passed!
repetition: 68868
>passed!
repetition: 68869
>passed!
repetition: 68870
>passed!
repetition: 68871
>passed!
repetition: 68872
>passed!
repetition: 68873
>passed!
repetition: 68874
>passed!
repetition: 68875
>passed!
repetition: 68876
>passed!
repetition: 68877
>passed!
repetition: 68878
>passed!
repetition: 68879
>passed!
repetition: 68880
>passed!
repetition: 68881
>passed!
repetition: 68882
>passed!
repetition: 68883
>passed!
repetition: 68884
>passed!
repetition: 68885
>passed!
repetition: 68886
>passed!
repetition: 68887
>passed!
repetition: 68888
>passed!
repetition: 68889
>passed!
repetition: 68890
>passed!
repetition: 68891
>passed!
repetition: 68892
>passed!
repetition: 68893
>passed!
repetition: 68894
>passed!
repetition: 68895
>passed!
repetition: 68896
>passed!
repetition: 68897
>passed!
repetition: 68898
>passed!
repetition: 68899
>passed!
repetition: 68900
>passed!
repetition: 68901
>passed!
repetition: 68902
>passed!
repetition: 68903
>passed!
repetition: 68904
>passed!
repetition: 68905
>passed!
repetition: 68906
>passed!
repetition: 68907
>passed!
repetition: 68908
>passed!
repetition: 68909
>passed!
repetition: 68910
>passed!
repetition: 68911
>passed!
repetition: 68912
>passed!
repetition: 68913
>passed!
repetition: 68914
>passed!
repetition: 68915
>passed!
repetition: 68916
>passed!
repetition: 68917
>passed!
repetition: 68918
>passed!
repetition: 68919
>passed!
repetition: 68920
>passed!
repetition: 68921
>passed!
repetition: 68922
>passed!
repetition: 68923
>passed!
repetition: 68924
>passed!
repetition: 68925
>passed!
repetition: 68926
>passed!
repetition: 68927
>passed!
repetition: 68928
>passed!
repetition: 68929
>passed!
repetition: 68930
>passed!
repetition: 68931
>passed!
repetition: 68932
>passed!
repetition: 68933
>passed!
repetition: 68934
>passed!
repetition: 68935
>passed!
repetition: 68936
>passed!
repetition: 68937
>passed!
repetition: 68938
>passed!
repetition: 68939
>passed!
repetition: 68940
>passed!
repetition: 68941
>passed!
repetition: 68942
>passed!
repetition: 68943
>passed!
repetition: 68944
>passed!
repetition: 68945
>passed!
repetition: 68946
>passed!
repetition: 68947
>passed!
repetition: 68948
>passed!
repetition: 68949
>passed!
repetition: 68950
>passed!
repetition: 68951
>passed!
repetition: 68952
>passed!
repetition: 68953
>passed!
repetition: 68954
>passed!
repetition: 68955
>passed!
repetition: 68956
>passed!
repetition: 68957
>passed!
repetition: 68958
>passed!
repetition: 68959
>passed!
repetition: 68960
>passed!
repetition: 68961
>passed!
repetition: 68962
>passed!
repetition: 68963
>passed!
repetition: 68964
>passed!
repetition: 68965
>passed!
repetition: 68966
>passed!
repetition: 68967
>passed!
repetition: 68968
>passed!
repetition: 68969
>passed!
repetition: 68970
>passed!
repetition: 68971
>passed!
repetition: 68972
>passed!
repetition: 68973
>passed!
repetition: 68974
>passed!
repetition: 68975
>passed!
repetition: 68976
>passed!
repetition: 68977
>passed!
repetition: 68978
>passed!
repetition: 68979
>passed!
repetition: 68980
>passed!
repetition: 68981
>passed!
repetition: 68982
>passed!
repetition: 68983
>passed!
repetition: 68984
>passed!
repetition: 68985
>passed!
repetition: 68986
>passed!
repetition: 68987
>passed!
repetition: 68988
>passed!
repetition: 68989
>passed!
repetition: 68990
>passed!
repetition: 68991
>passed!
repetition: 68992
>passed!
repetition: 68993
>passed!
repetition: 68994
>passed!
repetition: 68995
>passed!
repetition: 68996
>passed!
repetition: 68997
>passed!
repetition: 68998
>passed!
repetition: 68999
>passed!
repetition: 69000
>passed!
repetition: 69001
>passed!
repetition: 69002
>passed!
repetition: 69003
>passed!
repetition: 69004
>passed!
repetition: 69005
>passed!
repetition: 69006
>passed!
repetition: 69007
>passed!
repetition: 69008
>passed!
repetition: 69009
>passed!
repetition: 69010
>passed!
repetition: 69011
>passed!
repetition: 69012
>passed!
repetition: 69013
>passed!
repetition: 69014
>passed!
repetition: 69015
>passed!
repetition: 69016
>passed!
repetition: 69017
>passed!
repetition: 69018
>passed!
repetition: 69019
>passed!
repetition: 69020
>passed!
repetition: 69021
>passed!
repetition: 69022
>passed!
repetition: 69023
>passed!
repetition: 69024
>passed!
repetition: 69025
>passed!
repetition: 69026
>passed!
repetition: 69027
>passed!
repetition: 69028
>passed!
repetition: 69029
>passed!
repetition: 69030
>passed!
repetition: 69031
>passed!
repetition: 69032
>passed!
repetition: 69033
>passed!
repetition: 69034
>passed!
repetition: 69035
>passed!
repetition: 69036
>passed!
repetition: 69037
>passed!
repetition: 69038
>passed!
repetition: 69039
>passed!
repetition: 69040
>passed!
repetition: 69041
>passed!
repetition: 69042
>passed!
repetition: 69043
>passed!
repetition: 69044
>passed!
repetition: 69045
>passed!
repetition: 69046
>passed!
repetition: 69047
>passed!
repetition: 69048
>passed!
repetition: 69049
>passed!
repetition: 69050
>passed!
repetition: 69051
>passed!
repetition: 69052
>passed!
repetition: 69053
>passed!
repetition: 69054
>passed!
repetition: 69055
>passed!
repetition: 69056
>passed!
repetition: 69057
>passed!
repetition: 69058
>passed!
repetition: 69059
>passed!
repetition: 69060
>passed!
repetition: 69061
>passed!
repetition: 69062
>passed!
repetition: 69063
>passed!
repetition: 69064
>passed!
repetition: 69065
>passed!
repetition: 69066
>passed!
repetition: 69067
>passed!
repetition: 69068
>passed!
repetition: 69069
>passed!
repetition: 69070
>passed!
repetition: 69071
>passed!
repetition: 69072
>passed!
repetition: 69073
>passed!
repetition: 69074
>passed!
repetition: 69075
>passed!
repetition: 69076
>passed!
repetition: 69077
>passed!
repetition: 69078
>passed!
repetition: 69079
>passed!
repetition: 69080
>passed!
repetition: 69081
>passed!
repetition: 69082
>passed!
repetition: 69083
>passed!
repetition: 69084
>passed!
repetition: 69085
>passed!
repetition: 69086
>passed!
repetition: 69087
>passed!
repetition: 69088
>passed!
repetition: 69089
>passed!
repetition: 69090
>passed!
repetition: 69091
>passed!
repetition: 69092
>passed!
repetition: 69093
>passed!
repetition: 69094
>passed!
repetition: 69095
>passed!
repetition: 69096
>passed!
repetition: 69097
>passed!
repetition: 69098
>passed!
repetition: 69099
>passed!
repetition: 69100
>passed!
repetition: 69101
>passed!
repetition: 69102
>passed!
repetition: 69103
>passed!
repetition: 69104
>passed!
repetition: 69105
>passed!
repetition: 69106
>passed!
repetition: 69107
>passed!
repetition: 69108
>passed!
repetition: 69109
>passed!
repetition: 69110
>passed!
repetition: 69111
>passed!
repetition: 69112
>passed!
repetition: 69113
>passed!
repetition: 69114
>passed!
repetition: 69115
>passed!
repetition: 69116
>passed!
repetition: 69117
>passed!
repetition: 69118
>passed!
repetition: 69119
>passed!
repetition: 69120
>passed!
repetition: 69121
>passed!
repetition: 69122
>passed!
repetition: 69123
>passed!
repetition: 69124
>passed!
repetition: 69125
>passed!
repetition: 69126
>passed!
repetition: 69127
>passed!
repetition: 69128
>passed!
repetition: 69129
>passed!
repetition: 69130
>passed!
repetition: 69131
>passed!
repetition: 69132
>passed!
repetition: 69133
>passed!
repetition: 69134
>passed!
repetition: 69135
>passed!
repetition: 69136
>passed!
repetition: 69137
>passed!
repetition: 69138
>passed!
repetition: 69139
>passed!
repetition: 69140
>passed!
repetition: 69141
>passed!
repetition: 69142
>passed!
repetition: 69143
>passed!
repetition: 69144
>passed!
repetition: 69145
>passed!
repetition: 69146
>passed!
repetition: 69147
>passed!
repetition: 69148
>passed!
repetition: 69149
>passed!
repetition: 69150
>passed!
repetition: 69151
>passed!
repetition: 69152
>passed!
repetition: 69153
>passed!
repetition: 69154
>passed!
repetition: 69155
>passed!
repetition: 69156
>passed!
repetition: 69157
>passed!
repetition: 69158
>passed!
repetition: 69159
>passed!
repetition: 69160
>passed!
repetition: 69161
>passed!
repetition: 69162
>passed!
repetition: 69163
>passed!
repetition: 69164
>passed!
repetition: 69165
>passed!
repetition: 69166
>passed!
repetition: 69167
>passed!
repetition: 69168
>passed!
repetition: 69169
>passed!
repetition: 69170
>passed!
repetition: 69171
>passed!
repetition: 69172
>passed!
repetition: 69173
>passed!
repetition: 69174
>passed!
repetition: 69175
>passed!
repetition: 69176
>passed!
repetition: 69177
>passed!
repetition: 69178
>passed!
repetition: 69179
>passed!
repetition: 69180
>passed!
repetition: 69181
>passed!
repetition: 69182
>passed!
repetition: 69183
>passed!
repetition: 69184
>passed!
repetition: 69185
>passed!
repetition: 69186
>passed!
repetition: 69187
>passed!
repetition: 69188
>passed!
repetition: 69189
>passed!
repetition: 69190
>passed!
repetition: 69191
>passed!
repetition: 69192
>passed!
repetition: 69193
>passed!
repetition: 69194
>passed!
repetition: 69195
>passed!
repetition: 69196
>passed!
repetition: 69197
>passed!
repetition: 69198
>passed!
repetition: 69199
>passed!
repetition: 69200
>passed!
repetition: 69201
>passed!
repetition: 69202
>passed!
repetition: 69203
>passed!
repetition: 69204
>passed!
repetition: 69205
>passed!
repetition: 69206
>passed!
repetition: 69207
>passed!
repetition: 69208
>passed!
repetition: 69209
>passed!
repetition: 69210
>passed!
repetition: 69211
>passed!
repetition: 69212
>passed!
repetition: 69213
>passed!
repetition: 69214
>passed!
repetition: 69215
>passed!
repetition: 69216
>passed!
repetition: 69217
>passed!
repetition: 69218
>passed!
repetition: 69219
>passed!
repetition: 69220
>passed!
repetition: 69221
>passed!
repetition: 69222
>passed!
repetition: 69223
>passed!
repetition: 69224
>passed!
repetition: 69225
>passed!
repetition: 69226
>passed!
repetition: 69227
>passed!
repetition: 69228
>passed!
repetition: 69229
>passed!
repetition: 69230
>passed!
repetition: 69231
>passed!
repetition: 69232
>passed!
repetition: 69233
>passed!
repetition: 69234
>passed!
repetition: 69235
>passed!
repetition: 69236
>passed!
repetition: 69237
>passed!
repetition: 69238
>passed!
repetition: 69239
>passed!
repetition: 69240
>passed!
repetition: 69241
>passed!
repetition: 69242
>passed!
repetition: 69243
>passed!
repetition: 69244
>passed!
repetition: 69245
>passed!
repetition: 69246
>passed!
repetition: 69247
>passed!
repetition: 69248
>passed!
repetition: 69249
>passed!
repetition: 69250
>passed!
repetition: 69251
>passed!
repetition: 69252
>passed!
repetition: 69253
>passed!
repetition: 69254
>passed!
repetition: 69255
>passed!
repetition: 69256
>passed!
repetition: 69257
>passed!
repetition: 69258
>passed!
repetition: 69259
>passed!
repetition: 69260
>passed!
repetition: 69261
>passed!
repetition: 69262
>passed!
repetition: 69263
>passed!
repetition: 69264
>passed!
repetition: 69265
>passed!
repetition: 69266
>passed!
repetition: 69267
>passed!
repetition: 69268
>passed!
repetition: 69269
>passed!
repetition: 69270
>passed!
repetition: 69271
>passed!
repetition: 69272
>passed!
repetition: 69273
>passed!
repetition: 69274
>passed!
repetition: 69275
>passed!
repetition: 69276
>passed!
repetition: 69277
>passed!
repetition: 69278
>passed!
repetition: 69279
>passed!
repetition: 69280
>passed!
repetition: 69281
>passed!
repetition: 69282
>passed!
repetition: 69283
>passed!
repetition: 69284
>passed!
repetition: 69285
>passed!
repetition: 69286
>passed!
repetition: 69287
>passed!
repetition: 69288
>passed!
repetition: 69289
>passed!
repetition: 69290
>passed!
repetition: 69291
>passed!
repetition: 69292
>passed!
repetition: 69293
>passed!
repetition: 69294
>passed!
repetition: 69295
>passed!
repetition: 69296
>passed!
repetition: 69297
>passed!
repetition: 69298
>passed!
repetition: 69299
>passed!
repetition: 69300
>passed!
repetition: 69301
>passed!
repetition: 69302
>passed!
repetition: 69303
>passed!
repetition: 69304
>passed!
repetition: 69305
>passed!
repetition: 69306
>passed!
repetition: 69307
>passed!
repetition: 69308
>passed!
repetition: 69309
>passed!
repetition: 69310
>passed!
repetition: 69311
>passed!
repetition: 69312
>passed!
repetition: 69313
>passed!
repetition: 69314
>passed!
repetition: 69315
>passed!
repetition: 69316
>passed!
repetition: 69317
>passed!
repetition: 69318
>passed!
repetition: 69319
>passed!
repetition: 69320
>passed!
repetition: 69321
>passed!
repetition: 69322
>passed!
repetition: 69323
>passed!
repetition: 69324
>passed!
repetition: 69325
>passed!
repetition: 69326
>passed!
repetition: 69327
>passed!
repetition: 69328
>passed!
repetition: 69329
>passed!
repetition: 69330
>passed!
repetition: 69331
>passed!
repetition: 69332
>passed!
repetition: 69333
>passed!
repetition: 69334
>passed!
repetition: 69335
>passed!
repetition: 69336
>passed!
repetition: 69337
>passed!
repetition: 69338
>passed!
repetition: 69339
>passed!
repetition: 69340
>passed!
repetition: 69341
>passed!
repetition: 69342
>passed!
repetition: 69343
>passed!
repetition: 69344
>passed!
repetition: 69345
>passed!
repetition: 69346
>passed!
repetition: 69347
>passed!
repetition: 69348
>passed!
repetition: 69349
>passed!
repetition: 69350
>passed!
repetition: 69351
>passed!
repetition: 69352
>passed!
repetition: 69353
>passed!
repetition: 69354
>passed!
repetition: 69355
>passed!
repetition: 69356
>passed!
repetition: 69357
>passed!
repetition: 69358
>passed!
repetition: 69359
>passed!
repetition: 69360
>passed!
repetition: 69361
>passed!
repetition: 69362
>passed!
repetition: 69363
>passed!
repetition: 69364
>passed!
repetition: 69365
>passed!
repetition: 69366
>passed!
repetition: 69367
>passed!
repetition: 69368
>passed!
repetition: 69369
>passed!
repetition: 69370
>passed!
repetition: 69371
>passed!
repetition: 69372
>passed!
repetition: 69373
>passed!
repetition: 69374
>passed!
repetition: 69375
>passed!
repetition: 69376
>passed!
repetition: 69377
>passed!
repetition: 69378
>passed!
repetition: 69379
>passed!
repetition: 69380
>passed!
repetition: 69381
>passed!
repetition: 69382
>passed!
repetition: 69383
>passed!
repetition: 69384
>passed!
repetition: 69385
>passed!
repetition: 69386
>passed!
repetition: 69387
>passed!
repetition: 69388
>passed!
repetition: 69389
>passed!
repetition: 69390
>passed!
repetition: 69391
>passed!
repetition: 69392
>passed!
repetition: 69393
>passed!
repetition: 69394
>passed!
repetition: 69395
>passed!
repetition: 69396
>passed!
repetition: 69397
>passed!
repetition: 69398
>passed!
repetition: 69399
>passed!
repetition: 69400
>passed!
repetition: 69401
>passed!
repetition: 69402
>passed!
repetition: 69403
>passed!
repetition: 69404
>passed!
repetition: 69405
>passed!
repetition: 69406
>passed!
repetition: 69407
>passed!
repetition: 69408
>passed!
repetition: 69409
>passed!
repetition: 69410
>passed!
repetition: 69411
>passed!
repetition: 69412
>passed!
repetition: 69413
>passed!
repetition: 69414
>passed!
repetition: 69415
>passed!
repetition: 69416
>passed!
repetition: 69417
>passed!
repetition: 69418
>passed!
repetition: 69419
>passed!
repetition: 69420
>passed!
repetition: 69421
>passed!
repetition: 69422
>passed!
repetition: 69423
>passed!
repetition: 69424
>passed!
repetition: 69425
>passed!
repetition: 69426
>passed!
repetition: 69427
>passed!
repetition: 69428
>passed!
repetition: 69429
>passed!
repetition: 69430
>passed!
repetition: 69431
>passed!
repetition: 69432
>passed!
repetition: 69433
>passed!
repetition: 69434
>passed!
repetition: 69435
>passed!
repetition: 69436
>passed!
repetition: 69437
>passed!
repetition: 69438
>passed!
repetition: 69439
>passed!
repetition: 69440
>passed!
repetition: 69441
>passed!
repetition: 69442
>passed!
repetition: 69443
>passed!
repetition: 69444
>passed!
repetition: 69445
>passed!
repetition: 69446
>passed!
repetition: 69447
>passed!
repetition: 69448
>passed!
repetition: 69449
>passed!
repetition: 69450
>passed!
repetition: 69451
>passed!
repetition: 69452
>passed!
repetition: 69453
>passed!
repetition: 69454
>passed!
repetition: 69455
>passed!
repetition: 69456
>passed!
repetition: 69457
>passed!
repetition: 69458
>passed!
repetition: 69459
>passed!
repetition: 69460
>passed!
repetition: 69461
>passed!
repetition: 69462
>passed!
repetition: 69463
>passed!
repetition: 69464
>passed!
repetition: 69465
>passed!
repetition: 69466
>passed!
repetition: 69467
>passed!
repetition: 69468
>passed!
repetition: 69469
>passed!
repetition: 69470
>passed!
repetition: 69471
>passed!
repetition: 69472
>passed!
repetition: 69473
>passed!
repetition: 69474
>passed!
repetition: 69475
>passed!
repetition: 69476
>passed!
repetition: 69477
>passed!
repetition: 69478
>passed!
repetition: 69479
>passed!
repetition: 69480
>passed!
repetition: 69481
>passed!
repetition: 69482
>passed!
repetition: 69483
>passed!
repetition: 69484
>passed!
repetition: 69485
>passed!
repetition: 69486
>passed!
repetition: 69487
>passed!
repetition: 69488
>passed!
repetition: 69489
>passed!
repetition: 69490
>passed!
repetition: 69491
>passed!
repetition: 69492
>passed!
repetition: 69493
>passed!
repetition: 69494
>passed!
repetition: 69495
>passed!
repetition: 69496
>passed!
repetition: 69497
>passed!
repetition: 69498
>passed!
repetition: 69499
>passed!
repetition: 69500
>passed!
repetition: 69501
>passed!
repetition: 69502
>passed!
repetition: 69503
>passed!
repetition: 69504
>passed!
repetition: 69505
>passed!
repetition: 69506
>passed!
repetition: 69507
>passed!
repetition: 69508
>passed!
repetition: 69509
>passed!
repetition: 69510
>passed!
repetition: 69511
>passed!
repetition: 69512
>passed!
repetition: 69513
>passed!
repetition: 69514
>passed!
repetition: 69515
>passed!
repetition: 69516
>passed!
repetition: 69517
>passed!
repetition: 69518
>passed!
repetition: 69519
>passed!
repetition: 69520
>passed!
repetition: 69521
>passed!
repetition: 69522
>passed!
repetition: 69523
>passed!
repetition: 69524
>passed!
repetition: 69525
>passed!
repetition: 69526
>passed!
repetition: 69527
>passed!
repetition: 69528
>passed!
repetition: 69529
>passed!
repetition: 69530
>passed!
repetition: 69531
>passed!
repetition: 69532
>passed!
repetition: 69533
>passed!
repetition: 69534
>passed!
repetition: 69535
>passed!
repetition: 69536
>passed!
repetition: 69537
>passed!
repetition: 69538
>passed!
repetition: 69539
>passed!
repetition: 69540
>passed!
repetition: 69541
>passed!
repetition: 69542
>passed!
repetition: 69543
>passed!
repetition: 69544
>passed!
repetition: 69545
>passed!
repetition: 69546
>passed!
repetition: 69547
>passed!
repetition: 69548
>passed!
repetition: 69549
>passed!
repetition: 69550
>passed!
repetition: 69551
>passed!
repetition: 69552
>passed!
repetition: 69553
>passed!
repetition: 69554
>passed!
repetition: 69555
>passed!
repetition: 69556
>passed!
repetition: 69557
>passed!
repetition: 69558
>passed!
repetition: 69559
>passed!
repetition: 69560
>passed!
repetition: 69561
>passed!
repetition: 69562
>passed!
repetition: 69563
>passed!
repetition: 69564
>passed!
repetition: 69565
>passed!
repetition: 69566
>passed!
repetition: 69567
>passed!
repetition: 69568
>passed!
repetition: 69569
>passed!
repetition: 69570
>passed!
repetition: 69571
>passed!
repetition: 69572
>passed!
repetition: 69573
>passed!
repetition: 69574
>passed!
repetition: 69575
>passed!
repetition: 69576
>passed!
repetition: 69577
>passed!
repetition: 69578
>passed!
repetition: 69579
>passed!
repetition: 69580
>passed!
repetition: 69581
>passed!
repetition: 69582
>passed!
repetition: 69583
>passed!
repetition: 69584
>passed!
repetition: 69585
>passed!
repetition: 69586
>passed!
repetition: 69587
>passed!
repetition: 69588
>passed!
repetition: 69589
>passed!
repetition: 69590
>passed!
repetition: 69591
>passed!
repetition: 69592
>passed!
repetition: 69593
>passed!
repetition: 69594
>passed!
repetition: 69595
>passed!
repetition: 69596
>passed!
repetition: 69597
>passed!
repetition: 69598
>passed!
repetition: 69599
>passed!
repetition: 69600
>passed!
repetition: 69601
>passed!
repetition: 69602
>passed!
repetition: 69603
>passed!
repetition: 69604
>passed!
repetition: 69605
>passed!
repetition: 69606
>passed!
repetition: 69607
>passed!
repetition: 69608
>passed!
repetition: 69609
>passed!
repetition: 69610
>passed!
repetition: 69611
>passed!
repetition: 69612
>passed!
repetition: 69613
>passed!
repetition: 69614
>passed!
repetition: 69615
>passed!
repetition: 69616
>passed!
repetition: 69617
>passed!
repetition: 69618
>passed!
repetition: 69619
>passed!
repetition: 69620
>passed!
repetition: 69621
>passed!
repetition: 69622
>passed!
repetition: 69623
>passed!
repetition: 69624
>passed!
repetition: 69625
>passed!
repetition: 69626
>passed!
repetition: 69627
>passed!
repetition: 69628
>passed!
repetition: 69629
>passed!
repetition: 69630
>passed!
repetition: 69631
>passed!
repetition: 69632
>passed!
repetition: 69633
>passed!
repetition: 69634
>passed!
repetition: 69635
>passed!
repetition: 69636
>passed!
repetition: 69637
>passed!
repetition: 69638
>passed!
repetition: 69639
>passed!
repetition: 69640
>passed!
repetition: 69641
>passed!
repetition: 69642
>passed!
repetition: 69643
>passed!
repetition: 69644
>passed!
repetition: 69645
>passed!
repetition: 69646
>passed!
repetition: 69647
>passed!
repetition: 69648
>passed!
repetition: 69649
>passed!
repetition: 69650
>passed!
repetition: 69651
>passed!
repetition: 69652
>passed!
repetition: 69653
>passed!
repetition: 69654
>passed!
repetition: 69655
>passed!
repetition: 69656
>passed!
repetition: 69657
>passed!
repetition: 69658
>passed!
repetition: 69659
>passed!
repetition: 69660
>passed!
repetition: 69661
>passed!
repetition: 69662
>passed!
repetition: 69663
>passed!
repetition: 69664
>passed!
repetition: 69665
>passed!
repetition: 69666
>passed!
repetition: 69667
>passed!
repetition: 69668
>passed!
repetition: 69669
>passed!
repetition: 69670
>passed!
repetition: 69671
>passed!
repetition: 69672
>passed!
repetition: 69673
>passed!
repetition: 69674
>passed!
repetition: 69675
>passed!
repetition: 69676
>passed!
repetition: 69677
>passed!
repetition: 69678
>passed!
repetition: 69679
>passed!
repetition: 69680
>passed!
repetition: 69681
>passed!
repetition: 69682
>passed!
repetition: 69683
>passed!
repetition: 69684
>passed!
repetition: 69685
>passed!
repetition: 69686
>passed!
repetition: 69687
>passed!
repetition: 69688
>passed!
repetition: 69689
>passed!
repetition: 69690
>passed!
repetition: 69691
>passed!
repetition: 69692
>passed!
repetition: 69693
>passed!
repetition: 69694
>passed!
repetition: 69695
>passed!
repetition: 69696
>passed!
repetition: 69697
>passed!
repetition: 69698
>passed!
repetition: 69699
>passed!
repetition: 69700
>passed!
repetition: 69701
>passed!
repetition: 69702
>passed!
repetition: 69703
>passed!
repetition: 69704
>passed!
repetition: 69705
>passed!
repetition: 69706
>passed!
repetition: 69707
>passed!
repetition: 69708
>passed!
repetition: 69709
>passed!
repetition: 69710
>passed!
repetition: 69711
>passed!
repetition: 69712
>passed!
repetition: 69713
>passed!
repetition: 69714
>passed!
repetition: 69715
>passed!
repetition: 69716
>passed!
repetition: 69717
>passed!
repetition: 69718
>passed!
repetition: 69719
>passed!
repetition: 69720
>passed!
repetition: 69721
>passed!
repetition: 69722
>passed!
repetition: 69723
>passed!
repetition: 69724
>passed!
repetition: 69725
>passed!
repetition: 69726
>passed!
repetition: 69727
>passed!
repetition: 69728
>passed!
repetition: 69729
>passed!
repetition: 69730
>passed!
repetition: 69731
>passed!
repetition: 69732
>passed!
repetition: 69733
>passed!
repetition: 69734
>passed!
repetition: 69735
>passed!
repetition: 69736
>passed!
repetition: 69737
>passed!
repetition: 69738
>passed!
repetition: 69739
>passed!
repetition: 69740
>passed!
repetition: 69741
>passed!
repetition: 69742
>passed!
repetition: 69743
>passed!
repetition: 69744
>passed!
repetition: 69745
>passed!
repetition: 69746
>passed!
repetition: 69747
>passed!
repetition: 69748
>passed!
repetition: 69749
>passed!
repetition: 69750
>passed!
repetition: 69751
>passed!
repetition: 69752
>passed!
repetition: 69753
>passed!
repetition: 69754
>passed!
repetition: 69755
>passed!
repetition: 69756
>passed!
repetition: 69757
>passed!
repetition: 69758
>passed!
repetition: 69759
>passed!
repetition: 69760
>passed!
repetition: 69761
>passed!
repetition: 69762
>passed!
repetition: 69763
>passed!
repetition: 69764
>passed!
repetition: 69765
>passed!
repetition: 69766
>passed!
repetition: 69767
>passed!
repetition: 69768
>passed!
repetition: 69769
>passed!
repetition: 69770
>passed!
repetition: 69771
>passed!
repetition: 69772
>passed!
repetition: 69773
>passed!
repetition: 69774
>passed!
repetition: 69775
>passed!
repetition: 69776
>passed!
repetition: 69777
>passed!
repetition: 69778
>passed!
repetition: 69779
>passed!
repetition: 69780
>passed!
repetition: 69781
>passed!
repetition: 69782
>passed!
repetition: 69783
>passed!
repetition: 69784
>passed!
repetition: 69785
>passed!
repetition: 69786
>passed!
repetition: 69787
>passed!
repetition: 69788
>passed!
repetition: 69789
>passed!
repetition: 69790
>passed!
repetition: 69791
>passed!
repetition: 69792
>passed!
repetition: 69793
>passed!
repetition: 69794
>passed!
repetition: 69795
>passed!
repetition: 69796
>passed!
repetition: 69797
>passed!
repetition: 69798
>passed!
repetition: 69799
>passed!
repetition: 69800
>passed!
repetition: 69801
>passed!
repetition: 69802
>passed!
repetition: 69803
>passed!
repetition: 69804
>passed!
repetition: 69805
>passed!
repetition: 69806
>passed!
repetition: 69807
>passed!
repetition: 69808
>passed!
repetition: 69809
>passed!
repetition: 69810
>passed!
repetition: 69811
>passed!
repetition: 69812
>passed!
repetition: 69813
>passed!
repetition: 69814
>passed!
repetition: 69815
>passed!
repetition: 69816
>passed!
repetition: 69817
>passed!
repetition: 69818
>passed!
repetition: 69819
>passed!
repetition: 69820
>passed!
repetition: 69821
>passed!
repetition: 69822
>passed!
repetition: 69823
>passed!
repetition: 69824
>passed!
repetition: 69825
>passed!
repetition: 69826
>passed!
repetition: 69827
>passed!
repetition: 69828
>passed!
repetition: 69829
>passed!
repetition: 69830
>passed!
repetition: 69831
>passed!
repetition: 69832
>passed!
repetition: 69833
>passed!
repetition: 69834
>passed!
repetition: 69835
>passed!
repetition: 69836
>passed!
repetition: 69837
>passed!
repetition: 69838
>passed!
repetition: 69839
>passed!
repetition: 69840
>passed!
repetition: 69841
>passed!
repetition: 69842
>passed!
repetition: 69843
>passed!
repetition: 69844
>passed!
repetition: 69845
>passed!
repetition: 69846
>passed!
repetition: 69847
>passed!
repetition: 69848
>passed!
repetition: 69849
>passed!
repetition: 69850
>passed!
repetition: 69851
>passed!
repetition: 69852
>passed!
repetition: 69853
>passed!
repetition: 69854
>passed!
repetition: 69855
>passed!
repetition: 69856
>passed!
repetition: 69857
>passed!
repetition: 69858
>passed!
repetition: 69859
>passed!
repetition: 69860
>passed!
repetition: 69861
>passed!
repetition: 69862
>passed!
repetition: 69863
>passed!
repetition: 69864
>passed!
repetition: 69865
>passed!
repetition: 69866
>passed!
repetition: 69867
>passed!
repetition: 69868
>passed!
repetition: 69869
>passed!
repetition: 69870
>passed!
repetition: 69871
>passed!
repetition: 69872
>passed!
repetition: 69873
>passed!
repetition: 69874
>passed!
repetition: 69875
>passed!
repetition: 69876
>passed!
repetition: 69877
>passed!
repetition: 69878
>passed!
repetition: 69879
>passed!
repetition: 69880
>passed!
repetition: 69881
>passed!
repetition: 69882
>passed!
repetition: 69883
>passed!
repetition: 69884
>passed!
repetition: 69885
>passed!
repetition: 69886
>passed!
repetition: 69887
>passed!
repetition: 69888
>passed!
repetition: 69889
>passed!
repetition: 69890
>passed!
repetition: 69891
>passed!
repetition: 69892
>passed!
repetition: 69893
>passed!
repetition: 69894
>passed!
repetition: 69895
>passed!
repetition: 69896
>passed!
repetition: 69897
>passed!
repetition: 69898
>passed!
repetition: 69899
>passed!
repetition: 69900
>passed!
repetition: 69901
>passed!
repetition: 69902
>passed!
repetition: 69903
>passed!
repetition: 69904
>passed!
repetition: 69905
>passed!
repetition: 69906
>passed!
repetition: 69907
>passed!
repetition: 69908
>passed!
repetition: 69909
>passed!
repetition: 69910
>passed!
repetition: 69911
>passed!
repetition: 69912
>passed!
repetition: 69913
>passed!
repetition: 69914
>passed!
repetition: 69915
>passed!
repetition: 69916
>passed!
repetition: 69917
>passed!
repetition: 69918
>passed!
repetition: 69919
>passed!
repetition: 69920
>passed!
repetition: 69921
>passed!
repetition: 69922
>passed!
repetition: 69923
>passed!
repetition: 69924
>passed!
repetition: 69925
>passed!
repetition: 69926
>passed!
repetition: 69927
>passed!
repetition: 69928
>passed!
repetition: 69929
>passed!
repetition: 69930
>passed!
repetition: 69931
>passed!
repetition: 69932
>passed!
repetition: 69933
>passed!
repetition: 69934
>passed!
repetition: 69935
>passed!
repetition: 69936
>passed!
repetition: 69937
>passed!
repetition: 69938
>passed!
repetition: 69939
>passed!
repetition: 69940
>passed!
repetition: 69941
>passed!
repetition: 69942
>passed!
repetition: 69943
>passed!
repetition: 69944
>passed!
repetition: 69945
>passed!
repetition: 69946
>passed!
repetition: 69947
>passed!
repetition: 69948
>passed!
repetition: 69949
>passed!
repetition: 69950
>passed!
repetition: 69951
>passed!
repetition: 69952
>passed!
repetition: 69953
>passed!
repetition: 69954
>passed!
repetition: 69955
>passed!
repetition: 69956
>passed!
repetition: 69957
>passed!
repetition: 69958
>passed!
repetition: 69959
>passed!
repetition: 69960
>passed!
repetition: 69961
>passed!
repetition: 69962
>passed!
repetition: 69963
>passed!
repetition: 69964
>passed!
repetition: 69965
>passed!
repetition: 69966
>passed!
repetition: 69967
>passed!
repetition: 69968
>passed!
repetition: 69969
>passed!
repetition: 69970
>passed!
repetition: 69971
>passed!
repetition: 69972
>passed!
repetition: 69973
>passed!
repetition: 69974
>passed!
repetition: 69975
>passed!
repetition: 69976
>passed!
repetition: 69977
>passed!
repetition: 69978
>passed!
repetition: 69979
>passed!
repetition: 69980
>passed!
repetition: 69981
>passed!
repetition: 69982
>passed!
repetition: 69983
>passed!
repetition: 69984
>passed!
repetition: 69985
>passed!
repetition: 69986
>passed!
repetition: 69987
>passed!
repetition: 69988
>passed!
repetition: 69989
>passed!
repetition: 69990
>passed!
repetition: 69991
>passed!
repetition: 69992
>passed!
repetition: 69993
>passed!
repetition: 69994
>passed!
repetition: 69995
>passed!
repetition: 69996
>passed!
repetition: 69997
>passed!
repetition: 69998
>passed!
repetition: 69999
>passed!
repetition: 70000
>passed!
repetition: 70001
>passed!
repetition: 70002
>passed!
repetition: 70003
>passed!
repetition: 70004
>passed!
repetition: 70005
>passed!
repetition: 70006
>passed!
repetition: 70007
>passed!
repetition: 70008
>passed!
repetition: 70009
>passed!
repetition: 70010
>passed!
repetition: 70011
>passed!
repetition: 70012
>passed!
repetition: 70013
>passed!
repetition: 70014
>passed!
repetition: 70015
>passed!
repetition: 70016
>passed!
repetition: 70017
>passed!
repetition: 70018
>passed!
repetition: 70019
>passed!
repetition: 70020
>passed!
repetition: 70021
>passed!
repetition: 70022
>passed!
repetition: 70023
>passed!
repetition: 70024
>passed!
repetition: 70025
>passed!
repetition: 70026
>passed!
repetition: 70027
>passed!
repetition: 70028
>passed!
repetition: 70029
>passed!
repetition: 70030
>passed!
repetition: 70031
>passed!
repetition: 70032
>passed!
repetition: 70033
>passed!
repetition: 70034
>passed!
repetition: 70035
>passed!
repetition: 70036
>passed!
repetition: 70037
>passed!
repetition: 70038
>passed!
repetition: 70039
>passed!
repetition: 70040
>passed!
repetition: 70041
>passed!
repetition: 70042
>passed!
repetition: 70043
>passed!
repetition: 70044
>passed!
repetition: 70045
>passed!
repetition: 70046
>passed!
repetition: 70047
>passed!
repetition: 70048
>passed!
repetition: 70049
>passed!
repetition: 70050
>passed!
repetition: 70051
>passed!
repetition: 70052
>passed!
repetition: 70053
>passed!
repetition: 70054
>passed!
repetition: 70055
>passed!
repetition: 70056
>passed!
repetition: 70057
>passed!
repetition: 70058
>passed!
repetition: 70059
>passed!
repetition: 70060
>passed!
repetition: 70061
>passed!
repetition: 70062
>passed!
repetition: 70063
>passed!
repetition: 70064
>passed!
repetition: 70065
>passed!
repetition: 70066
>passed!
repetition: 70067
>passed!
repetition: 70068
>passed!
repetition: 70069
>passed!
repetition: 70070
>passed!
repetition: 70071
>passed!
repetition: 70072
>passed!
repetition: 70073
>passed!
repetition: 70074
>passed!
repetition: 70075
>passed!
repetition: 70076
>passed!
repetition: 70077
>passed!
repetition: 70078
>passed!
repetition: 70079
>passed!
repetition: 70080
>passed!
repetition: 70081
>passed!
repetition: 70082
>passed!
repetition: 70083
>passed!
repetition: 70084
>passed!
repetition: 70085
>passed!
repetition: 70086
>passed!
repetition: 70087
>passed!
repetition: 70088
>passed!
repetition: 70089
>passed!
repetition: 70090
>passed!
repetition: 70091
>passed!
repetition: 70092
>passed!
repetition: 70093
>passed!
repetition: 70094
>passed!
repetition: 70095
>passed!
repetition: 70096
>passed!
repetition: 70097
>passed!
repetition: 70098
>passed!
repetition: 70099
>passed!
repetition: 70100
>passed!
repetition: 70101
>passed!
repetition: 70102
>passed!
repetition: 70103
>passed!
repetition: 70104
>passed!
repetition: 70105
>passed!
repetition: 70106
>passed!
repetition: 70107
>passed!
repetition: 70108
>passed!
repetition: 70109
>passed!
repetition: 70110
>passed!
repetition: 70111
>passed!
repetition: 70112
>passed!
repetition: 70113
>passed!
repetition: 70114
>passed!
repetition: 70115
>passed!
repetition: 70116
>passed!
repetition: 70117
>passed!
repetition: 70118
>passed!
repetition: 70119
>passed!
repetition: 70120
>passed!
repetition: 70121
>passed!
repetition: 70122
>passed!
repetition: 70123
>passed!
repetition: 70124
>passed!
repetition: 70125
>passed!
repetition: 70126
>passed!
repetition: 70127
>passed!
repetition: 70128
>passed!
repetition: 70129
>passed!
repetition: 70130
>passed!
repetition: 70131
>passed!
repetition: 70132
>passed!
repetition: 70133
>passed!
repetition: 70134
>passed!
repetition: 70135
>passed!
repetition: 70136
>passed!
repetition: 70137
>passed!
repetition: 70138
>passed!
repetition: 70139
>passed!
repetition: 70140
>passed!
repetition: 70141
>passed!
repetition: 70142
>passed!
repetition: 70143
>passed!
repetition: 70144
>passed!
repetition: 70145
>passed!
repetition: 70146
>passed!
repetition: 70147
>passed!
repetition: 70148
>passed!
repetition: 70149
>passed!
repetition: 70150
>passed!
repetition: 70151
>passed!
repetition: 70152
>passed!
repetition: 70153
>passed!
repetition: 70154
>passed!
repetition: 70155
>passed!
repetition: 70156
>passed!
repetition: 70157
>passed!
repetition: 70158
>passed!
repetition: 70159
>passed!
repetition: 70160
>passed!
repetition: 70161
>passed!
repetition: 70162
>passed!
repetition: 70163
>passed!
repetition: 70164
>passed!
repetition: 70165
>passed!
repetition: 70166
>passed!
repetition: 70167
>passed!
repetition: 70168
>passed!
repetition: 70169
>passed!
repetition: 70170
>passed!
repetition: 70171
>passed!
repetition: 70172
>passed!
repetition: 70173
>passed!
repetition: 70174
>passed!
repetition: 70175
>passed!
repetition: 70176
>passed!
repetition: 70177
>passed!
repetition: 70178
>passed!
repetition: 70179
>passed!
repetition: 70180
>passed!
repetition: 70181
>passed!
repetition: 70182
>passed!
repetition: 70183
>passed!
repetition: 70184
>passed!
repetition: 70185
>passed!
repetition: 70186
>passed!
repetition: 70187
>passed!
repetition: 70188
>passed!
repetition: 70189
>passed!
repetition: 70190
>passed!
repetition: 70191
>passed!
repetition: 70192
>passed!
repetition: 70193
>passed!
repetition: 70194
>passed!
repetition: 70195
>passed!
repetition: 70196
>passed!
repetition: 70197
>passed!
repetition: 70198
>passed!
repetition: 70199
>passed!
repetition: 70200
>passed!
repetition: 70201
>passed!
repetition: 70202
>passed!
repetition: 70203
>passed!
repetition: 70204
>passed!
repetition: 70205
>passed!
repetition: 70206
>passed!
repetition: 70207
>passed!
repetition: 70208
>passed!
repetition: 70209
>passed!
repetition: 70210
>passed!
repetition: 70211
>passed!
repetition: 70212
>passed!
repetition: 70213
>passed!
repetition: 70214
>passed!
repetition: 70215
>passed!
repetition: 70216
>passed!
repetition: 70217
>passed!
repetition: 70218
>passed!
repetition: 70219
>passed!
repetition: 70220
>passed!
repetition: 70221
>passed!
repetition: 70222
>passed!
repetition: 70223
>passed!
repetition: 70224
>passed!
repetition: 70225
>passed!
repetition: 70226
>passed!
repetition: 70227
>passed!
repetition: 70228
>passed!
repetition: 70229
>passed!
repetition: 70230
>passed!
repetition: 70231
>passed!
repetition: 70232
>passed!
repetition: 70233
>passed!
repetition: 70234
>passed!
repetition: 70235
>passed!
repetition: 70236
>passed!
repetition: 70237
>passed!
repetition: 70238
>passed!
repetition: 70239
>passed!
repetition: 70240
>passed!
repetition: 70241
>passed!
repetition: 70242
>passed!
repetition: 70243
>passed!
repetition: 70244
>passed!
repetition: 70245
>passed!
repetition: 70246
>passed!
repetition: 70247
>passed!
repetition: 70248
>passed!
repetition: 70249
>passed!
repetition: 70250
>passed!
repetition: 70251
>passed!
repetition: 70252
>passed!
repetition: 70253
>passed!
repetition: 70254
>passed!
repetition: 70255
>passed!
repetition: 70256
>passed!
repetition: 70257
>passed!
repetition: 70258
>passed!
repetition: 70259
>passed!
repetition: 70260
>passed!
repetition: 70261
>passed!
repetition: 70262
>passed!
repetition: 70263
>passed!
repetition: 70264
>passed!
repetition: 70265
>passed!
repetition: 70266
>passed!
repetition: 70267
>passed!
repetition: 70268
>passed!
repetition: 70269
>passed!
repetition: 70270
>passed!
repetition: 70271
>passed!
repetition: 70272
>passed!
repetition: 70273
>passed!
repetition: 70274
>passed!
repetition: 70275
>passed!
repetition: 70276
>passed!
repetition: 70277
>passed!
repetition: 70278
>passed!
repetition: 70279
>passed!
repetition: 70280
>passed!
repetition: 70281
>passed!
repetition: 70282
>passed!
repetition: 70283
>passed!
repetition: 70284
>passed!
repetition: 70285
>passed!
repetition: 70286
>passed!
repetition: 70287
>passed!
repetition: 70288
>passed!
repetition: 70289
>passed!
repetition: 70290
>passed!
repetition: 70291
>passed!
repetition: 70292
>passed!
repetition: 70293
>passed!
repetition: 70294
>passed!
repetition: 70295
>passed!
repetition: 70296
>passed!
repetition: 70297
>passed!
repetition: 70298
>passed!
repetition: 70299
>passed!
repetition: 70300
>passed!
repetition: 70301
>passed!
repetition: 70302
>passed!
repetition: 70303
>passed!
repetition: 70304
>passed!
repetition: 70305
>passed!
repetition: 70306
>passed!
repetition: 70307
>passed!
repetition: 70308
>passed!
repetition: 70309
>passed!
repetition: 70310
>passed!
repetition: 70311
>passed!
repetition: 70312
>passed!
repetition: 70313
>passed!
repetition: 70314
>passed!
repetition: 70315
>passed!
repetition: 70316
>passed!
repetition: 70317
>passed!
repetition: 70318
>passed!
repetition: 70319
>passed!
repetition: 70320
>passed!
repetition: 70321
>passed!
repetition: 70322
>passed!
repetition: 70323
>passed!
repetition: 70324
>passed!
repetition: 70325
>passed!
repetition: 70326
>passed!
repetition: 70327
>passed!
repetition: 70328
>passed!
repetition: 70329
>passed!
repetition: 70330
>passed!
repetition: 70331
>passed!
repetition: 70332
>passed!
repetition: 70333
>passed!
repetition: 70334
>passed!
repetition: 70335
>passed!
repetition: 70336
>passed!
repetition: 70337
>passed!
repetition: 70338
>passed!
repetition: 70339
>passed!
repetition: 70340
>passed!
repetition: 70341
>passed!
repetition: 70342
>passed!
repetition: 70343
>passed!
repetition: 70344
>passed!
repetition: 70345
>passed!
repetition: 70346
>passed!
repetition: 70347
>passed!
repetition: 70348
>passed!
repetition: 70349
>passed!
repetition: 70350
>passed!
repetition: 70351
>passed!
repetition: 70352
>passed!
repetition: 70353
>passed!
repetition: 70354
>passed!
repetition: 70355
>passed!
repetition: 70356
>passed!
repetition: 70357
>passed!
repetition: 70358
>passed!
repetition: 70359
>passed!
repetition: 70360
>passed!
repetition: 70361
>passed!
repetition: 70362
>passed!
repetition: 70363
>passed!
repetition: 70364
>passed!
repetition: 70365
>passed!
repetition: 70366
>passed!
repetition: 70367
>passed!
repetition: 70368
>passed!
repetition: 70369
>passed!
repetition: 70370
>passed!
repetition: 70371
>passed!
repetition: 70372
>passed!
repetition: 70373
>passed!
repetition: 70374
>passed!
repetition: 70375
>passed!
repetition: 70376
>passed!
repetition: 70377
>passed!
repetition: 70378
>passed!
repetition: 70379
>passed!
repetition: 70380
>passed!
repetition: 70381
>passed!
repetition: 70382
>passed!
repetition: 70383
>passed!
repetition: 70384
>passed!
repetition: 70385
>passed!
repetition: 70386
>passed!
repetition: 70387
>passed!
repetition: 70388
>passed!
repetition: 70389
>passed!
repetition: 70390
>passed!
repetition: 70391
>passed!
repetition: 70392
>passed!
repetition: 70393
>passed!
repetition: 70394
>passed!
repetition: 70395
>passed!
repetition: 70396
>passed!
repetition: 70397
>passed!
repetition: 70398
>passed!
repetition: 70399
>passed!
repetition: 70400
>passed!
repetition: 70401
>passed!
repetition: 70402
>passed!
repetition: 70403
>passed!
repetition: 70404
>passed!
repetition: 70405
>passed!
repetition: 70406
>passed!
repetition: 70407
>passed!
repetition: 70408
>passed!
repetition: 70409
>passed!
repetition: 70410
>passed!
repetition: 70411
>passed!
repetition: 70412
>passed!
repetition: 70413
>passed!
repetition: 70414
>passed!
repetition: 70415
>passed!
repetition: 70416
>passed!
repetition: 70417
>passed!
repetition: 70418
>passed!
repetition: 70419
>passed!
repetition: 70420
>passed!
repetition: 70421
>passed!
repetition: 70422
>passed!
repetition: 70423
>passed!
repetition: 70424
>passed!
repetition: 70425
>passed!
repetition: 70426
>passed!
repetition: 70427
>passed!
repetition: 70428
>passed!
repetition: 70429
>passed!
repetition: 70430
>passed!
repetition: 70431
>passed!
repetition: 70432
>passed!
repetition: 70433
>passed!
repetition: 70434
>passed!
repetition: 70435
>passed!
repetition: 70436
>passed!
repetition: 70437
>passed!
repetition: 70438
>passed!
repetition: 70439
>passed!
repetition: 70440
>passed!
repetition: 70441
>passed!
repetition: 70442
>passed!
repetition: 70443
>passed!
repetition: 70444
>passed!
repetition: 70445
>passed!
repetition: 70446
>passed!
repetition: 70447
>passed!
repetition: 70448
>passed!
repetition: 70449
>passed!
repetition: 70450
>passed!
repetition: 70451
>passed!
repetition: 70452
>passed!
repetition: 70453
>passed!
repetition: 70454
>passed!
repetition: 70455
>passed!
repetition: 70456
>passed!
repetition: 70457
>passed!
repetition: 70458
>passed!
repetition: 70459
>passed!
repetition: 70460
>passed!
repetition: 70461
>passed!
repetition: 70462
>passed!
repetition: 70463
>passed!
repetition: 70464
>passed!
repetition: 70465
>passed!
repetition: 70466
>passed!
repetition: 70467
>passed!
repetition: 70468
>passed!
repetition: 70469
>passed!
repetition: 70470
>passed!
repetition: 70471
>passed!
repetition: 70472
>passed!
repetition: 70473
>passed!
repetition: 70474
>passed!
repetition: 70475
>passed!
repetition: 70476
>passed!
repetition: 70477
>passed!
repetition: 70478
>passed!
repetition: 70479
>passed!
repetition: 70480
>passed!
repetition: 70481
>passed!
repetition: 70482
>passed!
repetition: 70483
>passed!
repetition: 70484
>passed!
repetition: 70485
>passed!
repetition: 70486
>passed!
repetition: 70487
>passed!
repetition: 70488
>passed!
repetition: 70489
>passed!
repetition: 70490
>passed!
repetition: 70491
>passed!
repetition: 70492
>passed!
repetition: 70493
>passed!
repetition: 70494
>passed!
repetition: 70495
>passed!
repetition: 70496
>passed!
repetition: 70497
>passed!
repetition: 70498
>passed!
repetition: 70499
>passed!
repetition: 70500
>passed!
repetition: 70501
>passed!
repetition: 70502
>passed!
repetition: 70503
>passed!
repetition: 70504
>passed!
repetition: 70505
>passed!
repetition: 70506
>passed!
repetition: 70507
>passed!
repetition: 70508
>passed!
repetition: 70509
>passed!
repetition: 70510
>passed!
repetition: 70511
>passed!
repetition: 70512
>passed!
repetition: 70513
>passed!
repetition: 70514
>passed!
repetition: 70515
>passed!
repetition: 70516
>passed!
repetition: 70517
>passed!
repetition: 70518
>passed!
repetition: 70519
>passed!
repetition: 70520
>passed!
repetition: 70521
>passed!
repetition: 70522
>passed!
repetition: 70523
>passed!
repetition: 70524
>passed!
repetition: 70525
>passed!
repetition: 70526
>passed!
repetition: 70527
>passed!
repetition: 70528
>passed!
repetition: 70529
>passed!
repetition: 70530
>passed!
repetition: 70531
>passed!
repetition: 70532
>passed!
repetition: 70533
>passed!
repetition: 70534
>passed!
repetition: 70535
>passed!
repetition: 70536
>passed!
repetition: 70537
>passed!
repetition: 70538
>passed!
repetition: 70539
>passed!
repetition: 70540
>passed!
repetition: 70541
>passed!
repetition: 70542
>passed!
repetition: 70543
>passed!
repetition: 70544
>passed!
repetition: 70545
>passed!
repetition: 70546
>passed!
repetition: 70547
>passed!
repetition: 70548
>passed!
repetition: 70549
>passed!
repetition: 70550
>passed!
repetition: 70551
>passed!
repetition: 70552
>passed!
repetition: 70553
>passed!
repetition: 70554
>passed!
repetition: 70555
>passed!
repetition: 70556
>passed!
repetition: 70557
>passed!
repetition: 70558
>passed!
repetition: 70559
>passed!
repetition: 70560
>passed!
repetition: 70561
>passed!
repetition: 70562
>passed!
repetition: 70563
>passed!
repetition: 70564
>passed!
repetition: 70565
>passed!
repetition: 70566
>passed!
repetition: 70567
>passed!
repetition: 70568
>passed!
repetition: 70569
>passed!
repetition: 70570
>passed!
repetition: 70571
>passed!
repetition: 70572
>passed!
repetition: 70573
>passed!
repetition: 70574
>passed!
repetition: 70575
>passed!
repetition: 70576
>passed!
repetition: 70577
>passed!
repetition: 70578
>passed!
repetition: 70579
>passed!
repetition: 70580
>passed!
repetition: 70581
>passed!
repetition: 70582
>passed!
repetition: 70583
>passed!
repetition: 70584
>passed!
repetition: 70585
>passed!
repetition: 70586
>passed!
repetition: 70587
>passed!
repetition: 70588
>passed!
repetition: 70589
>passed!
repetition: 70590
>passed!
repetition: 70591
>passed!
repetition: 70592
>passed!
repetition: 70593
>passed!
repetition: 70594
>passed!
repetition: 70595
>passed!
repetition: 70596
>passed!
repetition: 70597
>passed!
repetition: 70598
>passed!
repetition: 70599
>passed!
repetition: 70600
>passed!
repetition: 70601
>passed!
repetition: 70602
>passed!
repetition: 70603
>passed!
repetition: 70604
>passed!
repetition: 70605
>passed!
repetition: 70606
>passed!
repetition: 70607
>passed!
repetition: 70608
>passed!
repetition: 70609
>passed!
repetition: 70610
>passed!
repetition: 70611
>passed!
repetition: 70612
>passed!
repetition: 70613
>passed!
repetition: 70614
>passed!
repetition: 70615
>passed!
repetition: 70616
>passed!
repetition: 70617
>passed!
repetition: 70618
>passed!
repetition: 70619
>passed!
repetition: 70620
>passed!
repetition: 70621
>passed!
repetition: 70622
>passed!
repetition: 70623
>passed!
repetition: 70624
>passed!
repetition: 70625
>passed!
repetition: 70626
>passed!
repetition: 70627
>passed!
repetition: 70628
>passed!
repetition: 70629
>passed!
repetition: 70630
>passed!
repetition: 70631
>passed!
repetition: 70632
>passed!
repetition: 70633
>passed!
repetition: 70634
>passed!
repetition: 70635
>passed!
repetition: 70636
>passed!
repetition: 70637
>passed!
repetition: 70638
>passed!
repetition: 70639
>passed!
repetition: 70640
>passed!
repetition: 70641
>passed!
repetition: 70642
>passed!
repetition: 70643
>passed!
repetition: 70644
>passed!
repetition: 70645
>passed!
repetition: 70646
>passed!
repetition: 70647
>passed!
repetition: 70648
>passed!
repetition: 70649
>passed!
repetition: 70650
>passed!
repetition: 70651
>passed!
repetition: 70652
>passed!
repetition: 70653
>passed!
repetition: 70654
>passed!
repetition: 70655
>passed!
repetition: 70656
>passed!
repetition: 70657
>passed!
repetition: 70658
>passed!
repetition: 70659
>passed!
repetition: 70660
>passed!
repetition: 70661
>passed!
repetition: 70662
>passed!
repetition: 70663
>passed!
repetition: 70664
>passed!
repetition: 70665
>passed!
repetition: 70666
>passed!
repetition: 70667
>passed!
repetition: 70668
>passed!
repetition: 70669
>passed!
repetition: 70670
>passed!
repetition: 70671
>passed!
repetition: 70672
>passed!
repetition: 70673
>passed!
repetition: 70674
>passed!
repetition: 70675
>passed!
repetition: 70676
>passed!
repetition: 70677
>passed!
repetition: 70678
>passed!
repetition: 70679
>passed!
repetition: 70680
>passed!
repetition: 70681
>passed!
repetition: 70682
>passed!
repetition: 70683
>passed!
repetition: 70684
>passed!
repetition: 70685
>passed!
repetition: 70686
>passed!
repetition: 70687
>passed!
repetition: 70688
>passed!
repetition: 70689
>passed!
repetition: 70690
>passed!
repetition: 70691
>passed!
repetition: 70692
>passed!
repetition: 70693
>passed!
repetition: 70694
>passed!
repetition: 70695
>passed!
repetition: 70696
>passed!
repetition: 70697
>passed!
repetition: 70698
>passed!
repetition: 70699
>passed!
repetition: 70700
>passed!
repetition: 70701
>passed!
repetition: 70702
>passed!
repetition: 70703
>passed!
repetition: 70704
>passed!
repetition: 70705
>passed!
repetition: 70706
>passed!
repetition: 70707
>passed!
repetition: 70708
>passed!
repetition: 70709
>passed!
repetition: 70710
>passed!
repetition: 70711
>passed!
repetition: 70712
>passed!
repetition: 70713
>passed!
repetition: 70714
>passed!
repetition: 70715
>passed!
repetition: 70716
>passed!
repetition: 70717
>passed!
repetition: 70718
>passed!
repetition: 70719
>passed!
repetition: 70720
>passed!
repetition: 70721
>passed!
repetition: 70722
>passed!
repetition: 70723
>passed!
repetition: 70724
>passed!
repetition: 70725
>passed!
repetition: 70726
>passed!
repetition: 70727
>passed!
repetition: 70728
>passed!
repetition: 70729
>passed!
repetition: 70730
>passed!
repetition: 70731
>passed!
repetition: 70732
>passed!
repetition: 70733
>passed!
repetition: 70734
>passed!
repetition: 70735
>passed!
repetition: 70736
>passed!
repetition: 70737
>passed!
repetition: 70738
>passed!
repetition: 70739
>passed!
repetition: 70740
>passed!
repetition: 70741
>passed!
repetition: 70742
>passed!
repetition: 70743
>passed!
repetition: 70744
>passed!
repetition: 70745
>passed!
repetition: 70746
>passed!
repetition: 70747
>passed!
repetition: 70748
>passed!
repetition: 70749
>passed!
repetition: 70750
>passed!
repetition: 70751
>passed!
repetition: 70752
>passed!
repetition: 70753
>passed!
repetition: 70754
>passed!
repetition: 70755
>passed!
repetition: 70756
>passed!
repetition: 70757
>passed!
repetition: 70758
>passed!
repetition: 70759
>passed!
repetition: 70760
>passed!
repetition: 70761
>passed!
repetition: 70762
>passed!
repetition: 70763
>passed!
repetition: 70764
>passed!
repetition: 70765
>passed!
repetition: 70766
>passed!
repetition: 70767
>passed!
repetition: 70768
>passed!
repetition: 70769
>passed!
repetition: 70770
>passed!
repetition: 70771
>passed!
repetition: 70772
>passed!
repetition: 70773
>passed!
repetition: 70774
>passed!
repetition: 70775
>passed!
repetition: 70776
>passed!
repetition: 70777
>passed!
repetition: 70778
>passed!
repetition: 70779
>passed!
repetition: 70780
>passed!
repetition: 70781
>passed!
repetition: 70782
>passed!
repetition: 70783
>passed!
repetition: 70784
>passed!
repetition: 70785
>passed!
repetition: 70786
>passed!
repetition: 70787
>passed!
repetition: 70788
>passed!
repetition: 70789
>passed!
repetition: 70790
>passed!
repetition: 70791
>passed!
repetition: 70792
>passed!
repetition: 70793
>passed!
repetition: 70794
>passed!
repetition: 70795
>passed!
repetition: 70796
>passed!
repetition: 70797
>passed!
repetition: 70798
>passed!
repetition: 70799
>passed!
repetition: 70800
>passed!
repetition: 70801
>passed!
repetition: 70802
>passed!
repetition: 70803
>passed!
repetition: 70804
>passed!
repetition: 70805
>passed!
repetition: 70806
>passed!
repetition: 70807
>passed!
repetition: 70808
>passed!
repetition: 70809
>passed!
repetition: 70810
>passed!
repetition: 70811
>passed!
repetition: 70812
>passed!
repetition: 70813
>passed!
repetition: 70814
>passed!
repetition: 70815
>passed!
repetition: 70816
>passed!
repetition: 70817
>passed!
repetition: 70818
>passed!
repetition: 70819
>passed!
repetition: 70820
>passed!
repetition: 70821
>passed!
repetition: 70822
>passed!
repetition: 70823
>passed!
repetition: 70824
>passed!
repetition: 70825
>passed!
repetition: 70826
>passed!
repetition: 70827
>passed!
repetition: 70828
>passed!
repetition: 70829
>passed!
repetition: 70830
>passed!
repetition: 70831
>passed!
repetition: 70832
>passed!
repetition: 70833
>passed!
repetition: 70834
>passed!
repetition: 70835
>passed!
repetition: 70836
>passed!
repetition: 70837
>passed!
repetition: 70838
>passed!
repetition: 70839
>passed!
repetition: 70840
>passed!
repetition: 70841
>passed!
repetition: 70842
>passed!
repetition: 70843
>passed!
repetition: 70844
>passed!
repetition: 70845
>passed!
repetition: 70846
>passed!
repetition: 70847
>passed!
repetition: 70848
>passed!
repetition: 70849
>passed!
repetition: 70850
>passed!
repetition: 70851
>passed!
repetition: 70852
>passed!
repetition: 70853
>passed!
repetition: 70854
>passed!
repetition: 70855
>passed!
repetition: 70856
>passed!
repetition: 70857
>passed!
repetition: 70858
>passed!
repetition: 70859
>passed!
repetition: 70860
>passed!
repetition: 70861
>passed!
repetition: 70862
>passed!
repetition: 70863
>passed!
repetition: 70864
>passed!
repetition: 70865
>passed!
repetition: 70866
>passed!
repetition: 70867
>passed!
repetition: 70868
>passed!
repetition: 70869
>passed!
repetition: 70870
>passed!
repetition: 70871
>passed!
repetition: 70872
>passed!
repetition: 70873
>passed!
repetition: 70874
>passed!
repetition: 70875
>passed!
repetition: 70876
>passed!
repetition: 70877
>passed!
repetition: 70878
>passed!
repetition: 70879
>passed!
repetition: 70880
>passed!
repetition: 70881
>passed!
repetition: 70882
>passed!
repetition: 70883
>passed!
repetition: 70884
>passed!
repetition: 70885
>passed!
repetition: 70886
>passed!
repetition: 70887
>passed!
repetition: 70888
>passed!
repetition: 70889
>passed!
repetition: 70890
>passed!
repetition: 70891
>passed!
repetition: 70892
>passed!
repetition: 70893
>passed!
repetition: 70894
>passed!
repetition: 70895
>passed!
repetition: 70896
>passed!
repetition: 70897
>passed!
repetition: 70898
>passed!
repetition: 70899
>passed!
repetition: 70900
>passed!
repetition: 70901
>passed!
repetition: 70902
>passed!
repetition: 70903
>passed!
repetition: 70904
>passed!
repetition: 70905
>passed!
repetition: 70906
>passed!
repetition: 70907
>passed!
repetition: 70908
>passed!
repetition: 70909
>passed!
repetition: 70910
>passed!
repetition: 70911
>passed!
repetition: 70912
>passed!
repetition: 70913
>passed!
repetition: 70914
>passed!
repetition: 70915
>passed!
repetition: 70916
>passed!
repetition: 70917
>passed!
repetition: 70918
>passed!
repetition: 70919
>passed!
repetition: 70920
>passed!
repetition: 70921
>passed!
repetition: 70922
>passed!
repetition: 70923
>passed!
repetition: 70924
>passed!
repetition: 70925
>passed!
repetition: 70926
>passed!
repetition: 70927
>passed!
repetition: 70928
>passed!
repetition: 70929
>passed!
repetition: 70930
>passed!
repetition: 70931
>passed!
repetition: 70932
>passed!
repetition: 70933
>passed!
repetition: 70934
>passed!
repetition: 70935
>passed!
repetition: 70936
>passed!
repetition: 70937
>passed!
repetition: 70938
>passed!
repetition: 70939
>passed!
repetition: 70940
>passed!
repetition: 70941
>passed!
repetition: 70942
>passed!
repetition: 70943
>passed!
repetition: 70944
>passed!
repetition: 70945
>passed!
repetition: 70946
>passed!
repetition: 70947
>passed!
repetition: 70948
>passed!
repetition: 70949
>passed!
repetition: 70950
>passed!
repetition: 70951
>passed!
repetition: 70952
>passed!
repetition: 70953
>passed!
repetition: 70954
>passed!
repetition: 70955
>passed!
repetition: 70956
>passed!
repetition: 70957
>passed!
repetition: 70958
>passed!
repetition: 70959
>passed!
repetition: 70960
>passed!
repetition: 70961
>passed!
repetition: 70962
>passed!
repetition: 70963
>passed!
repetition: 70964
>passed!
repetition: 70965
>passed!
repetition: 70966
>passed!
repetition: 70967
>passed!
repetition: 70968
>passed!
repetition: 70969
>passed!
repetition: 70970
>passed!
repetition: 70971
>passed!
repetition: 70972
>passed!
repetition: 70973
>passed!
repetition: 70974
>passed!
repetition: 70975
>passed!
repetition: 70976
>passed!
repetition: 70977
>passed!
repetition: 70978
>passed!
repetition: 70979
>passed!
repetition: 70980
>passed!
repetition: 70981
>passed!
repetition: 70982
>passed!
repetition: 70983
>passed!
repetition: 70984
>passed!
repetition: 70985
>passed!
repetition: 70986
>passed!
repetition: 70987
>passed!
repetition: 70988
>passed!
repetition: 70989
>passed!
repetition: 70990
>passed!
repetition: 70991
>passed!
repetition: 70992
>passed!
repetition: 70993
>passed!
repetition: 70994
>passed!
repetition: 70995
>passed!
repetition: 70996
>passed!
repetition: 70997
>passed!
repetition: 70998
>passed!
repetition: 70999
>passed!
repetition: 71000
>passed!
repetition: 71001
>passed!
repetition: 71002
>passed!
repetition: 71003
>passed!
repetition: 71004
>passed!
repetition: 71005
>passed!
repetition: 71006
>passed!
repetition: 71007
>passed!
repetition: 71008
>passed!
repetition: 71009
>passed!
repetition: 71010
>passed!
repetition: 71011
>passed!
repetition: 71012
>passed!
repetition: 71013
>passed!
repetition: 71014
>passed!
repetition: 71015
>passed!
repetition: 71016
>passed!
repetition: 71017
>passed!
repetition: 71018
>passed!
repetition: 71019
>passed!
repetition: 71020
>passed!
repetition: 71021
>passed!
repetition: 71022
>passed!
repetition: 71023
>passed!
repetition: 71024
>passed!
repetition: 71025
>passed!
repetition: 71026
>passed!
repetition: 71027
>passed!
repetition: 71028
>passed!
repetition: 71029
>passed!
repetition: 71030
>passed!
repetition: 71031
>passed!
repetition: 71032
>passed!
repetition: 71033
>passed!
repetition: 71034
>passed!
repetition: 71035
>passed!
repetition: 71036
>passed!
repetition: 71037
>passed!
repetition: 71038
>passed!
repetition: 71039
>passed!
repetition: 71040
>passed!
repetition: 71041
>passed!
repetition: 71042
>passed!
repetition: 71043
>passed!
repetition: 71044
>passed!
repetition: 71045
>passed!
repetition: 71046
>passed!
repetition: 71047
>passed!
repetition: 71048
>passed!
repetition: 71049
>passed!
repetition: 71050
>passed!
repetition: 71051
>passed!
repetition: 71052
>passed!
repetition: 71053
>passed!
repetition: 71054
>passed!
repetition: 71055
>passed!
repetition: 71056
>passed!
repetition: 71057
>passed!
repetition: 71058
>passed!
repetition: 71059
>passed!
repetition: 71060
>passed!
repetition: 71061
>passed!
repetition: 71062
>passed!
repetition: 71063
>passed!
repetition: 71064
>passed!
repetition: 71065
>passed!
repetition: 71066
>passed!
repetition: 71067
>passed!
repetition: 71068
>passed!
repetition: 71069
>passed!
repetition: 71070
>passed!
repetition: 71071
>passed!
repetition: 71072
>passed!
repetition: 71073
>passed!
repetition: 71074
>passed!
repetition: 71075
>passed!
repetition: 71076
>passed!
repetition: 71077
>passed!
repetition: 71078
>passed!
repetition: 71079
>passed!
repetition: 71080
>passed!
repetition: 71081
>passed!
repetition: 71082
>passed!
repetition: 71083
>passed!
repetition: 71084
>passed!
repetition: 71085
>passed!
repetition: 71086
>passed!
repetition: 71087
>passed!
repetition: 71088
>passed!
repetition: 71089
>passed!
repetition: 71090
>passed!
repetition: 71091
>passed!
repetition: 71092
>passed!
repetition: 71093
>passed!
repetition: 71094
>passed!
repetition: 71095
>passed!
repetition: 71096
>passed!
repetition: 71097
>passed!
repetition: 71098
>passed!
repetition: 71099
>passed!
repetition: 71100
>passed!
repetition: 71101
>passed!
repetition: 71102
>passed!
repetition: 71103
>passed!
repetition: 71104
>passed!
repetition: 71105
>passed!
repetition: 71106
>passed!
repetition: 71107
>passed!
repetition: 71108
>passed!
repetition: 71109
>passed!
repetition: 71110
>passed!
repetition: 71111
>passed!
repetition: 71112
>passed!
repetition: 71113
>passed!
repetition: 71114
>passed!
repetition: 71115
>passed!
repetition: 71116
>passed!
repetition: 71117
>passed!
repetition: 71118
>passed!
repetition: 71119
>passed!
repetition: 71120
>passed!
repetition: 71121
>passed!
repetition: 71122
>passed!
repetition: 71123
>passed!
repetition: 71124
>passed!
repetition: 71125
>passed!
repetition: 71126
>passed!
repetition: 71127
>passed!
repetition: 71128
>passed!
repetition: 71129
>passed!
repetition: 71130
>passed!
repetition: 71131
>passed!
repetition: 71132
>passed!
repetition: 71133
>passed!
repetition: 71134
>passed!
repetition: 71135
>passed!
repetition: 71136
>passed!
repetition: 71137
>passed!
repetition: 71138
>passed!
repetition: 71139
>passed!
repetition: 71140
>passed!
repetition: 71141
>passed!
repetition: 71142
>passed!
repetition: 71143
>passed!
repetition: 71144
>passed!
repetition: 71145
>passed!
repetition: 71146
>passed!
repetition: 71147
>passed!
repetition: 71148
>passed!
repetition: 71149
>passed!
repetition: 71150
>passed!
repetition: 71151
>passed!
repetition: 71152
>passed!
repetition: 71153
>passed!
repetition: 71154
>passed!
repetition: 71155
>passed!
repetition: 71156
>passed!
repetition: 71157
>passed!
repetition: 71158
>passed!
repetition: 71159
>passed!
repetition: 71160
>passed!
repetition: 71161
>passed!
repetition: 71162
>passed!
repetition: 71163
>passed!
repetition: 71164
>passed!
repetition: 71165
>passed!
repetition: 71166
>passed!
repetition: 71167
>passed!
repetition: 71168
>passed!
repetition: 71169
>passed!
repetition: 71170
>passed!
repetition: 71171
>passed!
repetition: 71172
>passed!
repetition: 71173
>passed!
repetition: 71174
>passed!
repetition: 71175
>passed!
repetition: 71176
>passed!
repetition: 71177
>passed!
repetition: 71178
>passed!
repetition: 71179
>passed!
repetition: 71180
>passed!
repetition: 71181
>passed!
repetition: 71182
>passed!
repetition: 71183
>passed!
repetition: 71184
>passed!
repetition: 71185
>passed!
repetition: 71186
>passed!
repetition: 71187
>passed!
repetition: 71188
>passed!
repetition: 71189
>passed!
repetition: 71190
>passed!
repetition: 71191
>passed!
repetition: 71192
>passed!
repetition: 71193
>passed!
repetition: 71194
>passed!
repetition: 71195
>passed!
repetition: 71196
>passed!
repetition: 71197
>passed!
repetition: 71198
>passed!
repetition: 71199
>passed!
repetition: 71200
>passed!
repetition: 71201
>passed!
repetition: 71202
>passed!
repetition: 71203
>passed!
repetition: 71204
>passed!
repetition: 71205
>passed!
repetition: 71206
>passed!
repetition: 71207
>passed!
repetition: 71208
>passed!
repetition: 71209
>passed!
repetition: 71210
>passed!
repetition: 71211
>passed!
repetition: 71212
>passed!
repetition: 71213
>passed!
repetition: 71214
>passed!
repetition: 71215
>passed!
repetition: 71216
>passed!
repetition: 71217
>passed!
repetition: 71218
>passed!
repetition: 71219
>passed!
repetition: 71220
>passed!
repetition: 71221
>passed!
repetition: 71222
>passed!
repetition: 71223
>passed!
repetition: 71224
>passed!
repetition: 71225
>passed!
repetition: 71226
>passed!
repetition: 71227
>passed!
repetition: 71228
>passed!
repetition: 71229
>passed!
repetition: 71230
>passed!
repetition: 71231
>passed!
repetition: 71232
>passed!
repetition: 71233
>passed!
repetition: 71234
>passed!
repetition: 71235
>passed!
repetition: 71236
>passed!
repetition: 71237
>passed!
repetition: 71238
>passed!
repetition: 71239
>passed!
repetition: 71240
>passed!
repetition: 71241
>passed!
repetition: 71242
>passed!
repetition: 71243
>passed!
repetition: 71244
>passed!
repetition: 71245
>passed!
repetition: 71246
>passed!
repetition: 71247
>passed!
repetition: 71248
>passed!
repetition: 71249
>passed!
repetition: 71250
>passed!
repetition: 71251
>passed!
repetition: 71252
>passed!
repetition: 71253
>passed!
repetition: 71254
>passed!
repetition: 71255
>passed!
repetition: 71256
>passed!
repetition: 71257
>passed!
repetition: 71258
>passed!
repetition: 71259
>passed!
repetition: 71260
>passed!
repetition: 71261
>passed!
repetition: 71262
>passed!
repetition: 71263
>passed!
repetition: 71264
>passed!
repetition: 71265
>passed!
repetition: 71266
>passed!
repetition: 71267
>passed!
repetition: 71268
>passed!
repetition: 71269
>passed!
repetition: 71270
>passed!
repetition: 71271
>passed!
repetition: 71272
>passed!
repetition: 71273
>passed!
repetition: 71274
>passed!
repetition: 71275
>passed!
repetition: 71276
>passed!
repetition: 71277
>passed!
repetition: 71278
>passed!
repetition: 71279
>passed!
repetition: 71280
>passed!
repetition: 71281
>passed!
repetition: 71282
>passed!
repetition: 71283
>passed!
repetition: 71284
>passed!
repetition: 71285
>passed!
repetition: 71286
>passed!
repetition: 71287
>passed!
repetition: 71288
>passed!
repetition: 71289
>passed!
repetition: 71290
>passed!
repetition: 71291
>passed!
repetition: 71292
>passed!
repetition: 71293
>passed!
repetition: 71294
>passed!
repetition: 71295
>passed!
repetition: 71296
>passed!
repetition: 71297
>passed!
repetition: 71298
>passed!
repetition: 71299
>passed!
repetition: 71300
>passed!
repetition: 71301
>passed!
repetition: 71302
>passed!
repetition: 71303
>passed!
repetition: 71304
>passed!
repetition: 71305
>passed!
repetition: 71306
>passed!
repetition: 71307
>passed!
repetition: 71308
>passed!
repetition: 71309
>passed!
repetition: 71310
>passed!
repetition: 71311
>passed!
repetition: 71312
>passed!
repetition: 71313
>passed!
repetition: 71314
>passed!
repetition: 71315
>passed!
repetition: 71316
>passed!
repetition: 71317
>passed!
repetition: 71318
>passed!
repetition: 71319
>passed!
repetition: 71320
>passed!
repetition: 71321
>passed!
repetition: 71322
>passed!
repetition: 71323
>passed!
repetition: 71324
>passed!
repetition: 71325
>passed!
repetition: 71326
>passed!
repetition: 71327
>passed!
repetition: 71328
>passed!
repetition: 71329
>passed!
repetition: 71330
>passed!
repetition: 71331
>passed!
repetition: 71332
>passed!
repetition: 71333
>passed!
repetition: 71334
>passed!
repetition: 71335
>passed!
repetition: 71336
>passed!
repetition: 71337
>passed!
repetition: 71338
>passed!
repetition: 71339
>passed!
repetition: 71340
>passed!
repetition: 71341
>passed!
repetition: 71342
>passed!
repetition: 71343
>passed!
repetition: 71344
>passed!
repetition: 71345
>passed!
repetition: 71346
>passed!
repetition: 71347
>passed!
repetition: 71348
>passed!
repetition: 71349
>passed!
repetition: 71350
>passed!
repetition: 71351
>passed!
repetition: 71352
>passed!
repetition: 71353
>passed!
repetition: 71354
>passed!
repetition: 71355
>passed!
repetition: 71356
>passed!
repetition: 71357
>passed!
repetition: 71358
>passed!
repetition: 71359
>passed!
repetition: 71360
>passed!
repetition: 71361
>passed!
repetition: 71362
>passed!
repetition: 71363
>passed!
repetition: 71364
>passed!
repetition: 71365
>passed!
repetition: 71366
>passed!
repetition: 71367
>passed!
repetition: 71368
>passed!
repetition: 71369
>passed!
repetition: 71370
>passed!
repetition: 71371
>passed!
repetition: 71372
>passed!
repetition: 71373
>passed!
repetition: 71374
>passed!
repetition: 71375
>passed!
repetition: 71376
>passed!
repetition: 71377
>passed!
repetition: 71378
>passed!
repetition: 71379
>passed!
repetition: 71380
>passed!
repetition: 71381
>passed!
repetition: 71382
>passed!
repetition: 71383
>passed!
repetition: 71384
>passed!
repetition: 71385
>passed!
repetition: 71386
>passed!
repetition: 71387
>passed!
repetition: 71388
>passed!
repetition: 71389
>passed!
repetition: 71390
>passed!
repetition: 71391
>passed!
repetition: 71392
>passed!
repetition: 71393
>passed!
repetition: 71394
>passed!
repetition: 71395
>passed!
repetition: 71396
>passed!
repetition: 71397
>passed!
repetition: 71398
>passed!
repetition: 71399
>passed!
repetition: 71400
>passed!
repetition: 71401
>passed!
repetition: 71402
>passed!
repetition: 71403
>passed!
repetition: 71404
>passed!
repetition: 71405
>passed!
repetition: 71406
>passed!
repetition: 71407
>passed!
repetition: 71408
>passed!
repetition: 71409
>passed!
repetition: 71410
>passed!
repetition: 71411
>passed!
repetition: 71412
>passed!
repetition: 71413
>passed!
repetition: 71414
>passed!
repetition: 71415
>passed!
repetition: 71416
>passed!
repetition: 71417
>passed!
repetition: 71418
>passed!
repetition: 71419
>passed!
repetition: 71420
>passed!
repetition: 71421
>passed!
repetition: 71422
>passed!
repetition: 71423
>passed!
repetition: 71424
>passed!
repetition: 71425
>passed!
repetition: 71426
>passed!
repetition: 71427
>passed!
repetition: 71428
>passed!
repetition: 71429
>passed!
repetition: 71430
>passed!
repetition: 71431
>passed!
repetition: 71432
>passed!
repetition: 71433
>passed!
repetition: 71434
>passed!
repetition: 71435
>passed!
repetition: 71436
>passed!
repetition: 71437
>passed!
repetition: 71438
>passed!
repetition: 71439
>passed!
repetition: 71440
>passed!
repetition: 71441
>passed!
repetition: 71442
>passed!
repetition: 71443
>passed!
repetition: 71444
>passed!
repetition: 71445
>passed!
repetition: 71446
>passed!
repetition: 71447
>passed!
repetition: 71448
>passed!
repetition: 71449
>passed!
repetition: 71450
>passed!
repetition: 71451
>passed!
repetition: 71452
>passed!
repetition: 71453
>passed!
repetition: 71454
>passed!
repetition: 71455
>passed!
repetition: 71456
>passed!
repetition: 71457
>passed!
repetition: 71458
>passed!
repetition: 71459
>passed!
repetition: 71460
>passed!
repetition: 71461
>passed!
repetition: 71462
>passed!
repetition: 71463
>passed!
repetition: 71464
>passed!
repetition: 71465
>passed!
repetition: 71466
>passed!
repetition: 71467
>passed!
repetition: 71468
>passed!
repetition: 71469
>passed!
repetition: 71470
>passed!
repetition: 71471
>passed!
repetition: 71472
>passed!
repetition: 71473
>passed!
repetition: 71474
>passed!
repetition: 71475
>passed!
repetition: 71476
>passed!
repetition: 71477
>passed!
repetition: 71478
>passed!
repetition: 71479
>passed!
repetition: 71480
>passed!
repetition: 71481
>passed!
repetition: 71482
>passed!
repetition: 71483
>passed!
repetition: 71484
>passed!
repetition: 71485
>passed!
repetition: 71486
>passed!
repetition: 71487
>passed!
repetition: 71488
>passed!
repetition: 71489
>passed!
repetition: 71490
>passed!
repetition: 71491
>passed!
repetition: 71492
>passed!
repetition: 71493
>passed!
repetition: 71494
>passed!
repetition: 71495
>passed!
repetition: 71496
>passed!
repetition: 71497
>passed!
repetition: 71498
>passed!
repetition: 71499
>passed!
repetition: 71500
>passed!
repetition: 71501
>passed!
repetition: 71502
>passed!
repetition: 71503
>passed!
repetition: 71504
>passed!
repetition: 71505
>passed!
repetition: 71506
>passed!
repetition: 71507
>passed!
repetition: 71508
>passed!
repetition: 71509
>passed!
repetition: 71510
>passed!
repetition: 71511
>passed!
repetition: 71512
>passed!
repetition: 71513
>passed!
repetition: 71514
>passed!
repetition: 71515
>passed!
repetition: 71516
>passed!
repetition: 71517
>passed!
repetition: 71518
>passed!
repetition: 71519
>passed!
repetition: 71520
>passed!
repetition: 71521
>passed!
repetition: 71522
>passed!
repetition: 71523
>passed!
repetition: 71524
>passed!
repetition: 71525
>passed!
repetition: 71526
>passed!
repetition: 71527
>passed!
repetition: 71528
>passed!
repetition: 71529
>passed!
repetition: 71530
>passed!
repetition: 71531
>passed!
repetition: 71532
>passed!
repetition: 71533
>passed!
repetition: 71534
>passed!
repetition: 71535
>passed!
repetition: 71536
>passed!
repetition: 71537
>passed!
repetition: 71538
>passed!
repetition: 71539
>passed!
repetition: 71540
>passed!
repetition: 71541
>passed!
repetition: 71542
>passed!
repetition: 71543
>passed!
repetition: 71544
>passed!
repetition: 71545
>passed!
repetition: 71546
>passed!
repetition: 71547
>passed!
repetition: 71548
>passed!
repetition: 71549
>passed!
repetition: 71550
>passed!
repetition: 71551
>passed!
repetition: 71552
>passed!
repetition: 71553
>passed!
repetition: 71554
>passed!
repetition: 71555
>passed!
repetition: 71556
>passed!
repetition: 71557
>passed!
repetition: 71558
>passed!
repetition: 71559
>passed!
repetition: 71560
>passed!
repetition: 71561
>passed!
repetition: 71562
>passed!
repetition: 71563
>passed!
repetition: 71564
>passed!
repetition: 71565
>passed!
repetition: 71566
>passed!
repetition: 71567
>passed!
repetition: 71568
>passed!
repetition: 71569
>passed!
repetition: 71570
>passed!
repetition: 71571
>passed!
repetition: 71572
>passed!
repetition: 71573
>passed!
repetition: 71574
>passed!
repetition: 71575
>passed!
repetition: 71576
>passed!
repetition: 71577
>passed!
repetition: 71578
>passed!
repetition: 71579
>passed!
repetition: 71580
>passed!
repetition: 71581
>passed!
repetition: 71582
>passed!
repetition: 71583
>passed!
repetition: 71584
>passed!
repetition: 71585
>passed!
repetition: 71586
>passed!
repetition: 71587
>passed!
repetition: 71588
>passed!
repetition: 71589
>passed!
repetition: 71590
>passed!
repetition: 71591
>passed!
repetition: 71592
>passed!
repetition: 71593
>passed!
repetition: 71594
>passed!
repetition: 71595
>passed!
repetition: 71596
>passed!
repetition: 71597
>passed!
repetition: 71598
>passed!
repetition: 71599
>passed!
repetition: 71600
>passed!
repetition: 71601
>passed!
repetition: 71602
>passed!
repetition: 71603
>passed!
repetition: 71604
>passed!
repetition: 71605
>passed!
repetition: 71606
>passed!
repetition: 71607
>passed!
repetition: 71608
>passed!
repetition: 71609
>passed!
repetition: 71610
>passed!
repetition: 71611
>passed!
repetition: 71612
>passed!
repetition: 71613
>passed!
repetition: 71614
>passed!
repetition: 71615
>passed!
repetition: 71616
>passed!
repetition: 71617
>passed!
repetition: 71618
>passed!
repetition: 71619
>passed!
repetition: 71620
>passed!
repetition: 71621
>passed!
repetition: 71622
>passed!
repetition: 71623
>passed!
repetition: 71624
>passed!
repetition: 71625
>passed!
repetition: 71626
>passed!
repetition: 71627
>passed!
repetition: 71628
>passed!
repetition: 71629
>passed!
repetition: 71630
>passed!
repetition: 71631
>passed!
repetition: 71632
>passed!
repetition: 71633
>passed!
repetition: 71634
>passed!
repetition: 71635
>passed!
repetition: 71636
>passed!
repetition: 71637
>passed!
repetition: 71638
>passed!
repetition: 71639
>passed!
repetition: 71640
>passed!
repetition: 71641
>passed!
repetition: 71642
>passed!
repetition: 71643
>passed!
repetition: 71644
>passed!
repetition: 71645
>passed!
repetition: 71646
>passed!
repetition: 71647
>passed!
repetition: 71648
>passed!
repetition: 71649
>passed!
repetition: 71650
>passed!
repetition: 71651
>passed!
repetition: 71652
>passed!
repetition: 71653
>passed!
repetition: 71654
>passed!
repetition: 71655
>passed!
repetition: 71656
>passed!
repetition: 71657
>passed!
repetition: 71658
>passed!
repetition: 71659
>passed!
repetition: 71660
>passed!
repetition: 71661
>passed!
repetition: 71662
>passed!
repetition: 71663
>passed!
repetition: 71664
>passed!
repetition: 71665
>passed!
repetition: 71666
>passed!
repetition: 71667
>passed!
repetition: 71668
>passed!
repetition: 71669
>passed!
repetition: 71670
>passed!
repetition: 71671
>passed!
repetition: 71672
>passed!
repetition: 71673
>passed!
repetition: 71674
>passed!
repetition: 71675
>passed!
repetition: 71676
>passed!
repetition: 71677
>passed!
repetition: 71678
>passed!
repetition: 71679
>passed!
repetition: 71680
>passed!
repetition: 71681
>passed!
repetition: 71682
>passed!
repetition: 71683
>passed!
repetition: 71684
>passed!
repetition: 71685
>passed!
repetition: 71686
>passed!
repetition: 71687
>passed!
repetition: 71688
>passed!
repetition: 71689
>passed!
repetition: 71690
>passed!
repetition: 71691
>passed!
repetition: 71692
>passed!
repetition: 71693
>passed!
repetition: 71694
>passed!
repetition: 71695
>passed!
repetition: 71696
>passed!
repetition: 71697
>passed!
repetition: 71698
>passed!
repetition: 71699
>passed!
repetition: 71700
>passed!
repetition: 71701
>passed!
repetition: 71702
>passed!
repetition: 71703
>passed!
repetition: 71704
>passed!
repetition: 71705
>passed!
repetition: 71706
>passed!
repetition: 71707
>passed!
repetition: 71708
>passed!
repetition: 71709
>passed!
repetition: 71710
>passed!
repetition: 71711
>passed!
repetition: 71712
>passed!
repetition: 71713
>passed!
repetition: 71714
>passed!
repetition: 71715
>passed!
repetition: 71716
>passed!
repetition: 71717
>passed!
repetition: 71718
>passed!
repetition: 71719
>passed!
repetition: 71720
>passed!
repetition: 71721
>passed!
repetition: 71722
>passed!
repetition: 71723
>passed!
repetition: 71724
>passed!
repetition: 71725
>passed!
repetition: 71726
>passed!
repetition: 71727
>passed!
repetition: 71728
>passed!
repetition: 71729
>passed!
repetition: 71730
>passed!
repetition: 71731
>passed!
repetition: 71732
>passed!
repetition: 71733
>passed!
repetition: 71734
>passed!
repetition: 71735
>passed!
repetition: 71736
>passed!
repetition: 71737
>passed!
repetition: 71738
>passed!
repetition: 71739
>passed!
repetition: 71740
>passed!
repetition: 71741
>passed!
repetition: 71742
>passed!
repetition: 71743
>passed!
repetition: 71744
>passed!
repetition: 71745
>passed!
repetition: 71746
>passed!
repetition: 71747
>passed!
repetition: 71748
>passed!
repetition: 71749
>passed!
repetition: 71750
>passed!
repetition: 71751
>passed!
repetition: 71752
>passed!
repetition: 71753
>passed!
repetition: 71754
>passed!
repetition: 71755
>passed!
repetition: 71756
>passed!
repetition: 71757
>passed!
repetition: 71758
>passed!
repetition: 71759
>passed!
repetition: 71760
>passed!
repetition: 71761
>passed!
repetition: 71762
>passed!
repetition: 71763
>passed!
repetition: 71764
>passed!
repetition: 71765
>passed!
repetition: 71766
>passed!
repetition: 71767
>passed!
repetition: 71768
>passed!
repetition: 71769
>passed!
repetition: 71770
>passed!
repetition: 71771
>passed!
repetition: 71772
>passed!
repetition: 71773
>passed!
repetition: 71774
>passed!
repetition: 71775
>passed!
repetition: 71776
>passed!
repetition: 71777
>passed!
repetition: 71778
>passed!
repetition: 71779
>passed!
repetition: 71780
>passed!
repetition: 71781
>passed!
repetition: 71782
>passed!
repetition: 71783
>passed!
repetition: 71784
>passed!
repetition: 71785
>passed!
repetition: 71786
>passed!
repetition: 71787
>passed!
repetition: 71788
>passed!
repetition: 71789
>passed!
repetition: 71790
>passed!
repetition: 71791
>passed!
repetition: 71792
>passed!
repetition: 71793
>passed!
repetition: 71794
>passed!
repetition: 71795
>passed!
repetition: 71796
>passed!
repetition: 71797
>passed!
repetition: 71798
>passed!
repetition: 71799
>passed!
repetition: 71800
>passed!
repetition: 71801
>passed!
repetition: 71802
>passed!
repetition: 71803
>passed!
repetition: 71804
>passed!
repetition: 71805
>passed!
repetition: 71806
>passed!
repetition: 71807
>passed!
repetition: 71808
>passed!
repetition: 71809
>passed!
repetition: 71810
>passed!
repetition: 71811
>passed!
repetition: 71812
>passed!
repetition: 71813
>passed!
repetition: 71814
>passed!
repetition: 71815
>passed!
repetition: 71816
>passed!
repetition: 71817
>passed!
repetition: 71818
>passed!
repetition: 71819
>passed!
repetition: 71820
>passed!
repetition: 71821
>passed!
repetition: 71822
>passed!
repetition: 71823
>passed!
repetition: 71824
>passed!
repetition: 71825
>passed!
repetition: 71826
>passed!
repetition: 71827
>passed!
repetition: 71828
>passed!
repetition: 71829
>passed!
repetition: 71830
>passed!
repetition: 71831
>passed!
repetition: 71832
>passed!
repetition: 71833
>passed!
repetition: 71834
>passed!
repetition: 71835
>passed!
repetition: 71836
>passed!
repetition: 71837
>passed!
repetition: 71838
>passed!
repetition: 71839
>passed!
repetition: 71840
>passed!
repetition: 71841
>passed!
repetition: 71842
>passed!
repetition: 71843
>passed!
repetition: 71844
>passed!
repetition: 71845
>passed!
repetition: 71846
>passed!
repetition: 71847
>passed!
repetition: 71848
>passed!
repetition: 71849
>passed!
repetition: 71850
>passed!
repetition: 71851
>passed!
repetition: 71852
>passed!
repetition: 71853
>passed!
repetition: 71854
>passed!
repetition: 71855
>passed!
repetition: 71856
>passed!
repetition: 71857
>passed!
repetition: 71858
>passed!
repetition: 71859
>passed!
repetition: 71860
>passed!
repetition: 71861
>passed!
repetition: 71862
>passed!
repetition: 71863
>passed!
repetition: 71864
>passed!
repetition: 71865
>passed!
repetition: 71866
>passed!
repetition: 71867
>passed!
repetition: 71868
>passed!
repetition: 71869
>passed!
repetition: 71870
>passed!
repetition: 71871
>passed!
repetition: 71872
>passed!
repetition: 71873
>passed!
repetition: 71874
>passed!
repetition: 71875
>passed!
repetition: 71876
>passed!
repetition: 71877
>passed!
repetition: 71878
>passed!
repetition: 71879
>passed!
repetition: 71880
>passed!
repetition: 71881
>passed!
repetition: 71882
>passed!
repetition: 71883
>passed!
repetition: 71884
>passed!
repetition: 71885
>passed!
repetition: 71886
>passed!
repetition: 71887
>passed!
repetition: 71888
>passed!
repetition: 71889
>passed!
repetition: 71890
>passed!
repetition: 71891
>passed!
repetition: 71892
>passed!
repetition: 71893
>passed!
repetition: 71894
>passed!
repetition: 71895
>passed!
repetition: 71896
>passed!
repetition: 71897
>passed!
repetition: 71898
>passed!
repetition: 71899
>passed!
repetition: 71900
>passed!
repetition: 71901
>passed!
repetition: 71902
>passed!
repetition: 71903
>passed!
repetition: 71904
>passed!
repetition: 71905
>passed!
repetition: 71906
>passed!
repetition: 71907
>passed!
repetition: 71908
>passed!
repetition: 71909
>passed!
repetition: 71910
>passed!
repetition: 71911
>passed!
repetition: 71912
>passed!
repetition: 71913
>passed!
repetition: 71914
>passed!
repetition: 71915
>passed!
repetition: 71916
>passed!
repetition: 71917
>passed!
repetition: 71918
>passed!
repetition: 71919
>passed!
repetition: 71920
>passed!
repetition: 71921
>passed!
repetition: 71922
>passed!
repetition: 71923
>passed!
repetition: 71924
>passed!
repetition: 71925
>passed!
repetition: 71926
>passed!
repetition: 71927
>passed!
repetition: 71928
>passed!
repetition: 71929
>passed!
repetition: 71930
>passed!
repetition: 71931
>passed!
repetition: 71932
>passed!
repetition: 71933
>passed!
repetition: 71934
>passed!
repetition: 71935
>passed!
repetition: 71936
>passed!
repetition: 71937
>passed!
repetition: 71938
>passed!
repetition: 71939
>passed!
repetition: 71940
>passed!
repetition: 71941
>passed!
repetition: 71942
>passed!
repetition: 71943
>passed!
repetition: 71944
>passed!
repetition: 71945
>passed!
repetition: 71946
>passed!
repetition: 71947
>passed!
repetition: 71948
>passed!
repetition: 71949
>passed!
repetition: 71950
>passed!
repetition: 71951
>passed!
repetition: 71952
>passed!
repetition: 71953
>passed!
repetition: 71954
>passed!
repetition: 71955
>passed!
repetition: 71956
>passed!
repetition: 71957
>passed!
repetition: 71958
>passed!
repetition: 71959
>passed!
repetition: 71960
>passed!
repetition: 71961
>passed!
repetition: 71962
>passed!
repetition: 71963
>passed!
repetition: 71964
>passed!
repetition: 71965
>passed!
repetition: 71966
>passed!
repetition: 71967
>passed!
repetition: 71968
>passed!
repetition: 71969
>passed!
repetition: 71970
>passed!
repetition: 71971
>passed!
repetition: 71972
>passed!
repetition: 71973
>passed!
repetition: 71974
>passed!
repetition: 71975
>passed!
repetition: 71976
>passed!
repetition: 71977
>passed!
repetition: 71978
>passed!
repetition: 71979
>passed!
repetition: 71980
>passed!
repetition: 71981
>passed!
repetition: 71982
>passed!
repetition: 71983
>passed!
repetition: 71984
>passed!
repetition: 71985
>passed!
repetition: 71986
>passed!
repetition: 71987
>passed!
repetition: 71988
>passed!
repetition: 71989
>passed!
repetition: 71990
>passed!
repetition: 71991
>passed!
repetition: 71992
>passed!
repetition: 71993
>passed!
repetition: 71994
>passed!
repetition: 71995
>passed!
repetition: 71996
>passed!
repetition: 71997
>passed!
repetition: 71998
>passed!
repetition: 71999
>passed!
repetition: 72000
>passed!
repetition: 72001
>passed!
repetition: 72002
>passed!
repetition: 72003
>passed!
repetition: 72004
>passed!
repetition: 72005
>passed!
repetition: 72006
>passed!
repetition: 72007
>passed!
repetition: 72008
>passed!
repetition: 72009
>passed!
repetition: 72010
>passed!
repetition: 72011
>passed!
repetition: 72012
>passed!
repetition: 72013
>passed!
repetition: 72014
>passed!
repetition: 72015
>passed!
repetition: 72016
>passed!
repetition: 72017
>passed!
repetition: 72018
>passed!
repetition: 72019
>passed!
repetition: 72020
>passed!
repetition: 72021
>passed!
repetition: 72022
>passed!
repetition: 72023
>passed!
repetition: 72024
>passed!
repetition: 72025
>passed!
repetition: 72026
>passed!
repetition: 72027
>passed!
repetition: 72028
>passed!
repetition: 72029
>passed!
repetition: 72030
>passed!
repetition: 72031
>passed!
repetition: 72032
>passed!
repetition: 72033
>passed!
repetition: 72034
>passed!
repetition: 72035
>passed!
repetition: 72036
>passed!
repetition: 72037
>passed!
repetition: 72038
>passed!
repetition: 72039
>passed!
repetition: 72040
>passed!
repetition: 72041
>passed!
repetition: 72042
>passed!
repetition: 72043
>passed!
repetition: 72044
>passed!
repetition: 72045
>passed!
repetition: 72046
>passed!
repetition: 72047
>passed!
repetition: 72048
>passed!
repetition: 72049
>passed!
repetition: 72050
>passed!
repetition: 72051
>passed!
repetition: 72052
>passed!
repetition: 72053
>passed!
repetition: 72054
>passed!
repetition: 72055
>passed!
repetition: 72056
>passed!
repetition: 72057
>passed!
repetition: 72058
>passed!
repetition: 72059
>passed!
repetition: 72060
>passed!
repetition: 72061
>passed!
repetition: 72062
>passed!
repetition: 72063
>passed!
repetition: 72064
>passed!
repetition: 72065
>passed!
repetition: 72066
>passed!
repetition: 72067
>passed!
repetition: 72068
>passed!
repetition: 72069
>passed!
repetition: 72070
>passed!
repetition: 72071
>passed!
repetition: 72072
>passed!
repetition: 72073
>passed!
repetition: 72074
>passed!
repetition: 72075
>passed!
repetition: 72076
>passed!
repetition: 72077
>passed!
repetition: 72078
>passed!
repetition: 72079
>passed!
repetition: 72080
>passed!
repetition: 72081
>passed!
repetition: 72082
>passed!
repetition: 72083
>passed!
repetition: 72084
>passed!
repetition: 72085
>passed!
repetition: 72086
>passed!
repetition: 72087
>passed!
repetition: 72088
>passed!
repetition: 72089
>passed!
repetition: 72090
>passed!
repetition: 72091
>passed!
repetition: 72092
>passed!
repetition: 72093
>passed!
repetition: 72094
>passed!
repetition: 72095
>passed!
repetition: 72096
>passed!
repetition: 72097
>passed!
repetition: 72098
>passed!
repetition: 72099
>passed!
repetition: 72100
>passed!
repetition: 72101
>passed!
repetition: 72102
>passed!
repetition: 72103
>passed!
repetition: 72104
>passed!
repetition: 72105
>passed!
repetition: 72106
>passed!
repetition: 72107
>passed!
repetition: 72108
>passed!
repetition: 72109
>passed!
repetition: 72110
>passed!
repetition: 72111
>passed!
repetition: 72112
>passed!
repetition: 72113
>passed!
repetition: 72114
>passed!
repetition: 72115
>passed!
repetition: 72116
>passed!
repetition: 72117
>passed!
repetition: 72118
>passed!
repetition: 72119
>passed!
repetition: 72120
>passed!
repetition: 72121
>passed!
repetition: 72122
>passed!
repetition: 72123
>passed!
repetition: 72124
>passed!
repetition: 72125
>passed!
repetition: 72126
>passed!
repetition: 72127
>passed!
repetition: 72128
>passed!
repetition: 72129
>passed!
repetition: 72130
>passed!
repetition: 72131
>passed!
repetition: 72132
>passed!
repetition: 72133
>passed!
repetition: 72134
>passed!
repetition: 72135
>passed!
repetition: 72136
>passed!
repetition: 72137
>passed!
repetition: 72138
>passed!
repetition: 72139
>passed!
repetition: 72140
>passed!
repetition: 72141
>passed!
repetition: 72142
>passed!
repetition: 72143
>passed!
repetition: 72144
>passed!
repetition: 72145
>passed!
repetition: 72146
>passed!
repetition: 72147
>passed!
repetition: 72148
>passed!
repetition: 72149
>passed!
repetition: 72150
>passed!
repetition: 72151
>passed!
repetition: 72152
>passed!
repetition: 72153
>passed!
repetition: 72154
>passed!
repetition: 72155
>passed!
repetition: 72156
>passed!
repetition: 72157
>passed!
repetition: 72158
>passed!
repetition: 72159
>passed!
repetition: 72160
>passed!
repetition: 72161
>passed!
repetition: 72162
>passed!
repetition: 72163
>passed!
repetition: 72164
>passed!
repetition: 72165
>passed!
repetition: 72166
>passed!
repetition: 72167
>passed!
repetition: 72168
>passed!
repetition: 72169
>passed!
repetition: 72170
>passed!
repetition: 72171
>passed!
repetition: 72172
>passed!
repetition: 72173
>passed!
repetition: 72174
>passed!
repetition: 72175
>passed!
repetition: 72176
>passed!
repetition: 72177
>passed!
repetition: 72178
>passed!
repetition: 72179
>passed!
repetition: 72180
>passed!
repetition: 72181
>passed!
repetition: 72182
>passed!
repetition: 72183
>passed!
repetition: 72184
>passed!
repetition: 72185
>passed!
repetition: 72186
>passed!
repetition: 72187
>passed!
repetition: 72188
>passed!
repetition: 72189
>passed!
repetition: 72190
>passed!
repetition: 72191
>passed!
repetition: 72192
>passed!
repetition: 72193
>passed!
repetition: 72194
>passed!
repetition: 72195
>passed!
repetition: 72196
>passed!
repetition: 72197
>passed!
repetition: 72198
>passed!
repetition: 72199
>passed!
repetition: 72200
>passed!
repetition: 72201
>passed!
repetition: 72202
>passed!
repetition: 72203
>passed!
repetition: 72204
>passed!
repetition: 72205
>passed!
repetition: 72206
>passed!
repetition: 72207
>passed!
repetition: 72208
>passed!
repetition: 72209
>passed!
repetition: 72210
>passed!
repetition: 72211
>passed!
repetition: 72212
>passed!
repetition: 72213
>passed!
repetition: 72214
>passed!
repetition: 72215
>passed!
repetition: 72216
>passed!
repetition: 72217
>passed!
repetition: 72218
>passed!
repetition: 72219
>passed!
repetition: 72220
>passed!
repetition: 72221
>passed!
repetition: 72222
>passed!
repetition: 72223
>passed!
repetition: 72224
>passed!
repetition: 72225
>passed!
repetition: 72226
>passed!
repetition: 72227
>passed!
repetition: 72228
>passed!
repetition: 72229
>passed!
repetition: 72230
>passed!
repetition: 72231
>passed!
repetition: 72232
>passed!
repetition: 72233
>passed!
repetition: 72234
>passed!
repetition: 72235
>passed!
repetition: 72236
>passed!
repetition: 72237
>passed!
repetition: 72238
>passed!
repetition: 72239
>passed!
repetition: 72240
>passed!
repetition: 72241
>passed!
repetition: 72242
>passed!
repetition: 72243
>passed!
repetition: 72244
>passed!
repetition: 72245
>passed!
repetition: 72246
>passed!
repetition: 72247
>passed!
repetition: 72248
>passed!
repetition: 72249
>passed!
repetition: 72250
>passed!
repetition: 72251
>passed!
repetition: 72252
>passed!
repetition: 72253
>passed!
repetition: 72254
>passed!
repetition: 72255
>passed!
repetition: 72256
>passed!
repetition: 72257
>passed!
repetition: 72258
>passed!
repetition: 72259
>passed!
repetition: 72260
>passed!
repetition: 72261
>passed!
repetition: 72262
>passed!
repetition: 72263
>passed!
repetition: 72264
>passed!
repetition: 72265
>passed!
repetition: 72266
>passed!
repetition: 72267
>passed!
repetition: 72268
>passed!
repetition: 72269
>passed!
repetition: 72270
>passed!
repetition: 72271
>passed!
repetition: 72272
>passed!
repetition: 72273
>passed!
repetition: 72274
>passed!
repetition: 72275
>passed!
repetition: 72276
>passed!
repetition: 72277
>passed!
repetition: 72278
>passed!
repetition: 72279
>passed!
repetition: 72280
>passed!
repetition: 72281
>passed!
repetition: 72282
>passed!
repetition: 72283
>passed!
repetition: 72284
>passed!
repetition: 72285
>passed!
repetition: 72286
>passed!
repetition: 72287
>passed!
repetition: 72288
>passed!
repetition: 72289
>passed!
repetition: 72290
>passed!
repetition: 72291
>passed!
repetition: 72292
>passed!
repetition: 72293
>passed!
repetition: 72294
>passed!
repetition: 72295
>passed!
repetition: 72296
>passed!
repetition: 72297
>passed!
repetition: 72298
>passed!
repetition: 72299
>passed!
repetition: 72300
>passed!
repetition: 72301
>passed!
repetition: 72302
>passed!
repetition: 72303
>passed!
repetition: 72304
>passed!
repetition: 72305
>passed!
repetition: 72306
>passed!
repetition: 72307
>passed!
repetition: 72308
>passed!
repetition: 72309
>passed!
repetition: 72310
>passed!
repetition: 72311
>passed!
repetition: 72312
>passed!
repetition: 72313
>passed!
repetition: 72314
>passed!
repetition: 72315
>passed!
repetition: 72316
>passed!
repetition: 72317
>passed!
repetition: 72318
>passed!
repetition: 72319
>passed!
repetition: 72320
>passed!
repetition: 72321
>passed!
repetition: 72322
>passed!
repetition: 72323
>passed!
repetition: 72324
>passed!
repetition: 72325
>passed!
repetition: 72326
>passed!
repetition: 72327
>passed!
repetition: 72328
>passed!
repetition: 72329
>passed!
repetition: 72330
>passed!
repetition: 72331
>passed!
repetition: 72332
>passed!
repetition: 72333
>passed!
repetition: 72334
>passed!
repetition: 72335
>passed!
repetition: 72336
>passed!
repetition: 72337
>passed!
repetition: 72338
>passed!
repetition: 72339
>passed!
repetition: 72340
>passed!
repetition: 72341
>passed!
repetition: 72342
>passed!
repetition: 72343
>passed!
repetition: 72344
>passed!
repetition: 72345
>passed!
repetition: 72346
>passed!
repetition: 72347
>passed!
repetition: 72348
>passed!
repetition: 72349
>passed!
repetition: 72350
>passed!
repetition: 72351
>passed!
repetition: 72352
>passed!
repetition: 72353
>passed!
repetition: 72354
>passed!
repetition: 72355
>passed!
repetition: 72356
>passed!
repetition: 72357
>passed!
repetition: 72358
>passed!
repetition: 72359
>passed!
repetition: 72360
>passed!
repetition: 72361
>passed!
repetition: 72362
>passed!
repetition: 72363
>passed!
repetition: 72364
>passed!
repetition: 72365
>passed!
repetition: 72366
>passed!
repetition: 72367
>passed!
repetition: 72368
>passed!
repetition: 72369
>passed!
repetition: 72370
>passed!
repetition: 72371
>passed!
repetition: 72372
>passed!
repetition: 72373
>passed!
repetition: 72374
>passed!
repetition: 72375
>passed!
repetition: 72376
>passed!
repetition: 72377
>passed!
repetition: 72378
>passed!
repetition: 72379
>passed!
repetition: 72380
>passed!
repetition: 72381
>passed!
repetition: 72382
>passed!
repetition: 72383
>passed!
repetition: 72384
>passed!
repetition: 72385
>passed!
repetition: 72386
>passed!
repetition: 72387
>passed!
repetition: 72388
>passed!
repetition: 72389
>passed!
repetition: 72390
>passed!
repetition: 72391
>passed!
repetition: 72392
>passed!
repetition: 72393
>passed!
repetition: 72394
>passed!
repetition: 72395
>passed!
repetition: 72396
>passed!
repetition: 72397
>passed!
repetition: 72398
>passed!
repetition: 72399
>passed!
repetition: 72400
>passed!
repetition: 72401
>passed!
repetition: 72402
>passed!
repetition: 72403
>passed!
repetition: 72404
>passed!
repetition: 72405
>passed!
repetition: 72406
>passed!
repetition: 72407
>passed!
repetition: 72408
>passed!
repetition: 72409
>passed!
repetition: 72410
>passed!
repetition: 72411
>passed!
repetition: 72412
>passed!
repetition: 72413
>passed!
repetition: 72414
>passed!
repetition: 72415
>passed!
repetition: 72416
>passed!
repetition: 72417
>passed!
repetition: 72418
>passed!
repetition: 72419
>passed!
repetition: 72420
>passed!
repetition: 72421
>passed!
repetition: 72422
>passed!
repetition: 72423
>passed!
repetition: 72424
>passed!
repetition: 72425
>passed!
repetition: 72426
>passed!
repetition: 72427
>passed!
repetition: 72428
>passed!
repetition: 72429
>passed!
repetition: 72430
>passed!
repetition: 72431
>passed!
repetition: 72432
>passed!
repetition: 72433
>passed!
repetition: 72434
>passed!
repetition: 72435
>passed!
repetition: 72436
>passed!
repetition: 72437
>passed!
repetition: 72438
>passed!
repetition: 72439
>passed!
repetition: 72440
>passed!
repetition: 72441
>passed!
repetition: 72442
>passed!
repetition: 72443
>passed!
repetition: 72444
>passed!
repetition: 72445
>passed!
repetition: 72446
>passed!
repetition: 72447
>passed!
repetition: 72448
>passed!
repetition: 72449
>passed!
repetition: 72450
>passed!
repetition: 72451
>passed!
repetition: 72452
>passed!
repetition: 72453
>passed!
repetition: 72454
>passed!
repetition: 72455
>passed!
repetition: 72456
>passed!
repetition: 72457
>passed!
repetition: 72458
>passed!
repetition: 72459
>passed!
repetition: 72460
>passed!
repetition: 72461
>passed!
repetition: 72462
>passed!
repetition: 72463
>passed!
repetition: 72464
>passed!
repetition: 72465
>passed!
repetition: 72466
>passed!
repetition: 72467
>passed!
repetition: 72468
>passed!
repetition: 72469
>passed!
repetition: 72470
>passed!
repetition: 72471
>passed!
repetition: 72472
>passed!
repetition: 72473
>passed!
repetition: 72474
>passed!
repetition: 72475
>passed!
repetition: 72476
>passed!
repetition: 72477
>passed!
repetition: 72478
>passed!
repetition: 72479
>passed!
repetition: 72480
>passed!
repetition: 72481
>passed!
repetition: 72482
>passed!
repetition: 72483
>passed!
repetition: 72484
>passed!
repetition: 72485
>passed!
repetition: 72486
>passed!
repetition: 72487
>passed!
repetition: 72488
>passed!
repetition: 72489
>passed!
repetition: 72490
>passed!
repetition: 72491
>passed!
repetition: 72492
>passed!
repetition: 72493
>passed!
repetition: 72494
>passed!
repetition: 72495
>passed!
repetition: 72496
>passed!
repetition: 72497
>passed!
repetition: 72498
>passed!
repetition: 72499
>passed!
repetition: 72500
>passed!
repetition: 72501
>passed!
repetition: 72502
>passed!
repetition: 72503
>passed!
repetition: 72504
>passed!
repetition: 72505
>passed!
repetition: 72506
>passed!
repetition: 72507
>passed!
repetition: 72508
>passed!
repetition: 72509
>passed!
repetition: 72510
>passed!
repetition: 72511
>passed!
repetition: 72512
>passed!
repetition: 72513
>passed!
repetition: 72514
>passed!
repetition: 72515
>passed!
repetition: 72516
>passed!
repetition: 72517
>passed!
repetition: 72518
>passed!
repetition: 72519
>passed!
repetition: 72520
>passed!
repetition: 72521
>passed!
repetition: 72522
>passed!
repetition: 72523
>passed!
repetition: 72524
>passed!
repetition: 72525
>passed!
repetition: 72526
>passed!
repetition: 72527
>passed!
repetition: 72528
>passed!
repetition: 72529
>passed!
repetition: 72530
>passed!
repetition: 72531
>passed!
repetition: 72532
>passed!
repetition: 72533
>passed!
repetition: 72534
>passed!
repetition: 72535
>passed!
repetition: 72536
>passed!
repetition: 72537
>passed!
repetition: 72538
>passed!
repetition: 72539
>passed!
repetition: 72540
>passed!
repetition: 72541
>passed!
repetition: 72542
>passed!
repetition: 72543
>passed!
repetition: 72544
>passed!
repetition: 72545
>passed!
repetition: 72546
>passed!
repetition: 72547
>passed!
repetition: 72548
>passed!
repetition: 72549
>passed!
repetition: 72550
>passed!
repetition: 72551
>passed!
repetition: 72552
>passed!
repetition: 72553
>passed!
repetition: 72554
>passed!
repetition: 72555
>passed!
repetition: 72556
>passed!
repetition: 72557
>passed!
repetition: 72558
>passed!
repetition: 72559
>passed!
repetition: 72560
>passed!
repetition: 72561
>passed!
repetition: 72562
>passed!
repetition: 72563
>passed!
repetition: 72564
>passed!
repetition: 72565
>passed!
repetition: 72566
>passed!
repetition: 72567
>passed!
repetition: 72568
>passed!
repetition: 72569
>passed!
repetition: 72570
>passed!
repetition: 72571
>passed!
repetition: 72572
>passed!
repetition: 72573
>passed!
repetition: 72574
>passed!
repetition: 72575
>passed!
repetition: 72576
>passed!
repetition: 72577
>passed!
repetition: 72578
>passed!
repetition: 72579
>passed!
repetition: 72580
>passed!
repetition: 72581
>passed!
repetition: 72582
>passed!
repetition: 72583
>passed!
repetition: 72584
>passed!
repetition: 72585
>passed!
repetition: 72586
>passed!
repetition: 72587
>passed!
repetition: 72588
>passed!
repetition: 72589
>passed!
repetition: 72590
>passed!
repetition: 72591
>passed!
repetition: 72592
>passed!
repetition: 72593
>passed!
repetition: 72594
>passed!
repetition: 72595
>passed!
repetition: 72596
>passed!
repetition: 72597
>passed!
repetition: 72598
>passed!
repetition: 72599
>passed!
repetition: 72600
>passed!
repetition: 72601
>passed!
repetition: 72602
>passed!
repetition: 72603
>passed!
repetition: 72604
>passed!
repetition: 72605
>passed!
repetition: 72606
>passed!
repetition: 72607
>passed!
repetition: 72608
>passed!
repetition: 72609
>passed!
repetition: 72610
>passed!
repetition: 72611
>passed!
repetition: 72612
>passed!
repetition: 72613
>passed!
repetition: 72614
>passed!
repetition: 72615
>passed!
repetition: 72616
>passed!
repetition: 72617
>passed!
repetition: 72618
>passed!
repetition: 72619
>passed!
repetition: 72620
>passed!
repetition: 72621
>passed!
repetition: 72622
>passed!
repetition: 72623
>passed!
repetition: 72624
>passed!
repetition: 72625
>passed!
repetition: 72626
>passed!
repetition: 72627
>passed!
repetition: 72628
>passed!
repetition: 72629
>passed!
repetition: 72630
>passed!
repetition: 72631
>passed!
repetition: 72632
>passed!
repetition: 72633
>passed!
repetition: 72634
>passed!
repetition: 72635
>passed!
repetition: 72636
>passed!
repetition: 72637
>passed!
repetition: 72638
>passed!
repetition: 72639
>passed!
repetition: 72640
>passed!
repetition: 72641
>passed!
repetition: 72642
>passed!
repetition: 72643
>passed!
repetition: 72644
>passed!
repetition: 72645
>passed!
repetition: 72646
>passed!
repetition: 72647
>passed!
repetition: 72648
>passed!
repetition: 72649
>passed!
repetition: 72650
>passed!
repetition: 72651
>passed!
repetition: 72652
>passed!
repetition: 72653
>passed!
repetition: 72654
>passed!
repetition: 72655
>passed!
repetition: 72656
>passed!
repetition: 72657
>passed!
repetition: 72658
>passed!
repetition: 72659
>passed!
repetition: 72660
>passed!
repetition: 72661
>passed!
repetition: 72662
>passed!
repetition: 72663
>passed!
repetition: 72664
>passed!
repetition: 72665
>passed!
repetition: 72666
>passed!
repetition: 72667
>passed!
repetition: 72668
>passed!
repetition: 72669
>passed!
repetition: 72670
>passed!
repetition: 72671
>passed!
repetition: 72672
>passed!
repetition: 72673
>passed!
repetition: 72674
>passed!
repetition: 72675
>passed!
repetition: 72676
>passed!
repetition: 72677
>passed!
repetition: 72678
>passed!
repetition: 72679
>passed!
repetition: 72680
>passed!
repetition: 72681
>passed!
repetition: 72682
>passed!
repetition: 72683
>passed!
repetition: 72684
>passed!
repetition: 72685
>passed!
repetition: 72686
>passed!
repetition: 72687
>passed!
repetition: 72688
>passed!
repetition: 72689
>passed!
repetition: 72690
>passed!
repetition: 72691
>passed!
repetition: 72692
>passed!
repetition: 72693
>passed!
repetition: 72694
>passed!
repetition: 72695
>passed!
repetition: 72696
>passed!
repetition: 72697
>passed!
repetition: 72698
>passed!
repetition: 72699
>passed!
repetition: 72700
>passed!
repetition: 72701
>passed!
repetition: 72702
>passed!
repetition: 72703
>passed!
repetition: 72704
>passed!
repetition: 72705
>passed!
repetition: 72706
>passed!
repetition: 72707
>passed!
repetition: 72708
>passed!
repetition: 72709
>passed!
repetition: 72710
>passed!
repetition: 72711
>passed!
repetition: 72712
>passed!
repetition: 72713
>passed!
repetition: 72714
>passed!
repetition: 72715
>passed!
repetition: 72716
>passed!
repetition: 72717
>passed!
repetition: 72718
>passed!
repetition: 72719
>passed!
repetition: 72720
>passed!
repetition: 72721
>passed!
repetition: 72722
>passed!
repetition: 72723
>passed!
repetition: 72724
>passed!
repetition: 72725
>passed!
repetition: 72726
>passed!
repetition: 72727
>passed!
repetition: 72728
>passed!
repetition: 72729
>passed!
repetition: 72730
>passed!
repetition: 72731
>passed!
repetition: 72732
>passed!
repetition: 72733
>passed!
repetition: 72734
>passed!
repetition: 72735
>passed!
repetition: 72736
>passed!
repetition: 72737
>passed!
repetition: 72738
>passed!
repetition: 72739
>passed!
repetition: 72740
>passed!
repetition: 72741
>passed!
repetition: 72742
>passed!
repetition: 72743
>passed!
repetition: 72744
>passed!
repetition: 72745
>passed!
repetition: 72746
>passed!
repetition: 72747
>passed!
repetition: 72748
>passed!
repetition: 72749
>passed!
repetition: 72750
>passed!
repetition: 72751
>passed!
repetition: 72752
>passed!
repetition: 72753
>passed!
repetition: 72754
>passed!
repetition: 72755
>passed!
repetition: 72756
>passed!
repetition: 72757
>passed!
repetition: 72758
>passed!
repetition: 72759
>passed!
repetition: 72760
>passed!
repetition: 72761
>passed!
repetition: 72762
>passed!
repetition: 72763
>passed!
repetition: 72764
>passed!
repetition: 72765
>passed!
repetition: 72766
>passed!
repetition: 72767
>passed!
repetition: 72768
>passed!
repetition: 72769
>passed!
repetition: 72770
>passed!
repetition: 72771
>passed!
repetition: 72772
>passed!
repetition: 72773
>passed!
repetition: 72774
>passed!
repetition: 72775
>passed!
repetition: 72776
>passed!
repetition: 72777
>passed!
repetition: 72778
>passed!
repetition: 72779
>passed!
repetition: 72780
>passed!
repetition: 72781
>passed!
repetition: 72782
>passed!
repetition: 72783
>passed!
repetition: 72784
>passed!
repetition: 72785
>passed!
repetition: 72786
>passed!
repetition: 72787
>passed!
repetition: 72788
>passed!
repetition: 72789
>passed!
repetition: 72790
>passed!
repetition: 72791
>passed!
repetition: 72792
>passed!
repetition: 72793
>passed!
repetition: 72794
>passed!
repetition: 72795
>passed!
repetition: 72796
>passed!
repetition: 72797
>passed!
repetition: 72798
>passed!
repetition: 72799
>passed!
repetition: 72800
>passed!
repetition: 72801
>passed!
repetition: 72802
>passed!
repetition: 72803
>passed!
repetition: 72804
>passed!
repetition: 72805
>passed!
repetition: 72806
>passed!
repetition: 72807
>passed!
repetition: 72808
>passed!
repetition: 72809
>passed!
repetition: 72810
>passed!
repetition: 72811
>passed!
repetition: 72812
>passed!
repetition: 72813
>passed!
repetition: 72814
>passed!
repetition: 72815
>passed!
repetition: 72816
>passed!
repetition: 72817
>passed!
repetition: 72818
>passed!
repetition: 72819
>passed!
repetition: 72820
>passed!
repetition: 72821
>passed!
repetition: 72822
>passed!
repetition: 72823
>passed!
repetition: 72824
>passed!
repetition: 72825
>passed!
repetition: 72826
>passed!
repetition: 72827
>passed!
repetition: 72828
>passed!
repetition: 72829
>passed!
repetition: 72830
>passed!
repetition: 72831
>passed!
repetition: 72832
>passed!
repetition: 72833
>passed!
repetition: 72834
>passed!
repetition: 72835
>passed!
repetition: 72836
>passed!
repetition: 72837
>passed!
repetition: 72838
>passed!
repetition: 72839
>passed!
repetition: 72840
>passed!
repetition: 72841
>passed!
repetition: 72842
>passed!
repetition: 72843
>passed!
repetition: 72844
>passed!
repetition: 72845
>passed!
repetition: 72846
>passed!
repetition: 72847
>passed!
repetition: 72848
>passed!
repetition: 72849
>passed!
repetition: 72850
>passed!
repetition: 72851
>passed!
repetition: 72852
>passed!
repetition: 72853
>passed!
repetition: 72854
>passed!
repetition: 72855
>passed!
repetition: 72856
>passed!
repetition: 72857
>passed!
repetition: 72858
>passed!
repetition: 72859
>passed!
repetition: 72860
>passed!
repetition: 72861
>passed!
repetition: 72862
>passed!
repetition: 72863
>passed!
repetition: 72864
>passed!
repetition: 72865
>passed!
repetition: 72866
>passed!
repetition: 72867
>passed!
repetition: 72868
>passed!
repetition: 72869
>passed!
repetition: 72870
>passed!
repetition: 72871
>passed!
repetition: 72872
>passed!
repetition: 72873
>passed!
repetition: 72874
>passed!
repetition: 72875
>passed!
repetition: 72876
>passed!
repetition: 72877
>passed!
repetition: 72878
>passed!
repetition: 72879
>passed!
repetition: 72880
>passed!
repetition: 72881
>passed!
repetition: 72882
>passed!
repetition: 72883
>passed!
repetition: 72884
>passed!
repetition: 72885
>passed!
repetition: 72886
>passed!
repetition: 72887
>passed!
repetition: 72888
>passed!
repetition: 72889
>passed!
repetition: 72890
>passed!
repetition: 72891
>passed!
repetition: 72892
>passed!
repetition: 72893
>passed!
repetition: 72894
>passed!
repetition: 72895
>passed!
repetition: 72896
>passed!
repetition: 72897
>passed!
repetition: 72898
>passed!
repetition: 72899
>passed!
repetition: 72900
>passed!
repetition: 72901
>passed!
repetition: 72902
>passed!
repetition: 72903
>passed!
repetition: 72904
>passed!
repetition: 72905
>passed!
repetition: 72906
>passed!
repetition: 72907
>passed!
repetition: 72908
>passed!
repetition: 72909
>passed!
repetition: 72910
>passed!
repetition: 72911
>passed!
repetition: 72912
>passed!
repetition: 72913
>passed!
repetition: 72914
>passed!
repetition: 72915
>passed!
repetition: 72916
>passed!
repetition: 72917
>passed!
repetition: 72918
>passed!
repetition: 72919
>passed!
repetition: 72920
>passed!
repetition: 72921
>passed!
repetition: 72922
>passed!
repetition: 72923
>passed!
repetition: 72924
>passed!
repetition: 72925
>passed!
repetition: 72926
>passed!
repetition: 72927
>passed!
repetition: 72928
>passed!
repetition: 72929
>passed!
repetition: 72930
>passed!
repetition: 72931
>passed!
repetition: 72932
>passed!
repetition: 72933
>passed!
repetition: 72934
>passed!
repetition: 72935
>passed!
repetition: 72936
>passed!
repetition: 72937
>passed!
repetition: 72938
>passed!
repetition: 72939
>passed!
repetition: 72940
>passed!
repetition: 72941
>passed!
repetition: 72942
>passed!
repetition: 72943
>passed!
repetition: 72944
>passed!
repetition: 72945
>passed!
repetition: 72946
>passed!
repetition: 72947
>passed!
repetition: 72948
>passed!
repetition: 72949
>passed!
repetition: 72950
>passed!
repetition: 72951
>passed!
repetition: 72952
>passed!
repetition: 72953
>passed!
repetition: 72954
>passed!
repetition: 72955
>passed!
repetition: 72956
>passed!
repetition: 72957
>passed!
repetition: 72958
>passed!
repetition: 72959
>passed!
repetition: 72960
>passed!
repetition: 72961
>passed!
repetition: 72962
>passed!
repetition: 72963
>passed!
repetition: 72964
>passed!
repetition: 72965
>passed!
repetition: 72966
>passed!
repetition: 72967
>passed!
repetition: 72968
>passed!
repetition: 72969
>passed!
repetition: 72970
>passed!
repetition: 72971
>passed!
repetition: 72972
>passed!
repetition: 72973
>passed!
repetition: 72974
>passed!
repetition: 72975
>passed!
repetition: 72976
>passed!
repetition: 72977
>passed!
repetition: 72978
>passed!
repetition: 72979
>passed!
repetition: 72980
>passed!
repetition: 72981
>passed!
repetition: 72982
>passed!
repetition: 72983
>passed!
repetition: 72984
>passed!
repetition: 72985
>passed!
repetition: 72986
>passed!
repetition: 72987
>passed!
repetition: 72988
>passed!
repetition: 72989
>passed!
repetition: 72990
>passed!
repetition: 72991
>passed!
repetition: 72992
>passed!
repetition: 72993
>passed!
repetition: 72994
>passed!
repetition: 72995
>passed!
repetition: 72996
>passed!
repetition: 72997
>passed!
repetition: 72998
>passed!
repetition: 72999
>passed!
repetition: 73000
>passed!
repetition: 73001
>passed!
repetition: 73002
>passed!
repetition: 73003
>passed!
repetition: 73004
>passed!
repetition: 73005
>passed!
repetition: 73006
>passed!
repetition: 73007
>passed!
repetition: 73008
>passed!
repetition: 73009
>passed!
repetition: 73010
>passed!
repetition: 73011
>passed!
repetition: 73012
>passed!
repetition: 73013
>passed!
repetition: 73014
>passed!
repetition: 73015
>passed!
repetition: 73016
>passed!
repetition: 73017
>passed!
repetition: 73018
>passed!
repetition: 73019
>passed!
repetition: 73020
>passed!
repetition: 73021
>passed!
repetition: 73022
>passed!
repetition: 73023
>passed!
repetition: 73024
>passed!
repetition: 73025
>passed!
repetition: 73026
>passed!
repetition: 73027
>passed!
repetition: 73028
>passed!
repetition: 73029
>passed!
repetition: 73030
>passed!
repetition: 73031
>passed!
repetition: 73032
>passed!
repetition: 73033
>passed!
repetition: 73034
>passed!
repetition: 73035
>passed!
repetition: 73036
>passed!
repetition: 73037
>passed!
repetition: 73038
>passed!
repetition: 73039
>passed!
repetition: 73040
>passed!
repetition: 73041
>passed!
repetition: 73042
>passed!
repetition: 73043
>passed!
repetition: 73044
>passed!
repetition: 73045
>passed!
repetition: 73046
>passed!
repetition: 73047
>passed!
repetition: 73048
>passed!
repetition: 73049
>passed!
repetition: 73050
>passed!
repetition: 73051
>passed!
repetition: 73052
>passed!
repetition: 73053
>passed!
repetition: 73054
>passed!
repetition: 73055
>passed!
repetition: 73056
>passed!
repetition: 73057
>passed!
repetition: 73058
>passed!
repetition: 73059
>passed!
repetition: 73060
>passed!
repetition: 73061
>passed!
repetition: 73062
>passed!
repetition: 73063
>passed!
repetition: 73064
>passed!
repetition: 73065
>passed!
repetition: 73066
>passed!
repetition: 73067
>passed!
repetition: 73068
>passed!
repetition: 73069
>passed!
repetition: 73070
>passed!
repetition: 73071
>passed!
repetition: 73072
>passed!
repetition: 73073
>passed!
repetition: 73074
>passed!
repetition: 73075
>passed!
repetition: 73076
>passed!
repetition: 73077
>passed!
repetition: 73078
>passed!
repetition: 73079
>passed!
repetition: 73080
>passed!
repetition: 73081
>passed!
repetition: 73082
>passed!
repetition: 73083
>passed!
repetition: 73084
>passed!
repetition: 73085
>passed!
repetition: 73086
>passed!
repetition: 73087
>passed!
repetition: 73088
>passed!
repetition: 73089
>passed!
repetition: 73090
>passed!
repetition: 73091
>passed!
repetition: 73092
>passed!
repetition: 73093
>passed!
repetition: 73094
>passed!
repetition: 73095
>passed!
repetition: 73096
>passed!
repetition: 73097
>passed!
repetition: 73098
>passed!
repetition: 73099
>passed!
repetition: 73100
>passed!
repetition: 73101
>passed!
repetition: 73102
>passed!
repetition: 73103
>passed!
repetition: 73104
>passed!
repetition: 73105
>passed!
repetition: 73106
>passed!
repetition: 73107
>passed!
repetition: 73108
>passed!
repetition: 73109
>passed!
repetition: 73110
>passed!
repetition: 73111
>passed!
repetition: 73112
>passed!
repetition: 73113
>passed!
repetition: 73114
>passed!
repetition: 73115
>passed!
repetition: 73116
>passed!
repetition: 73117
>passed!
repetition: 73118
>passed!
repetition: 73119
>passed!
repetition: 73120
>passed!
repetition: 73121
>passed!
repetition: 73122
>passed!
repetition: 73123
>passed!
repetition: 73124
>passed!
repetition: 73125
>passed!
repetition: 73126
>passed!
repetition: 73127
>passed!
repetition: 73128
>passed!
repetition: 73129
>passed!
repetition: 73130
>passed!
repetition: 73131
>passed!
repetition: 73132
>passed!
repetition: 73133
>passed!
repetition: 73134
>passed!
repetition: 73135
>passed!
repetition: 73136
>passed!
repetition: 73137
>passed!
repetition: 73138
>passed!
repetition: 73139
>passed!
repetition: 73140
>passed!
repetition: 73141
>passed!
repetition: 73142
>passed!
repetition: 73143
>passed!
repetition: 73144
>passed!
repetition: 73145
>passed!
repetition: 73146
>passed!
repetition: 73147
>passed!
repetition: 73148
>passed!
repetition: 73149
>passed!
repetition: 73150
>passed!
repetition: 73151
>passed!
repetition: 73152
>passed!
repetition: 73153
>passed!
repetition: 73154
>passed!
repetition: 73155
>passed!
repetition: 73156
>passed!
repetition: 73157
>passed!
repetition: 73158
>passed!
repetition: 73159
>passed!
repetition: 73160
>passed!
repetition: 73161
>passed!
repetition: 73162
>passed!
repetition: 73163
>passed!
repetition: 73164
>passed!
repetition: 73165
>passed!
repetition: 73166
>passed!
repetition: 73167
>passed!
repetition: 73168
>passed!
repetition: 73169
>passed!
repetition: 73170
>passed!
repetition: 73171
>passed!
repetition: 73172
>passed!
repetition: 73173
>passed!
repetition: 73174
>passed!
repetition: 73175
>passed!
repetition: 73176
>passed!
repetition: 73177
>passed!
repetition: 73178
>passed!
repetition: 73179
>passed!
repetition: 73180
>passed!
repetition: 73181
>passed!
repetition: 73182
>passed!
repetition: 73183
>passed!
repetition: 73184
>passed!
repetition: 73185
>passed!
repetition: 73186
>passed!
repetition: 73187
>passed!
repetition: 73188
>passed!
repetition: 73189
>passed!
repetition: 73190
>passed!
repetition: 73191
>passed!
repetition: 73192
>passed!
repetition: 73193
>passed!
repetition: 73194
>passed!
repetition: 73195
>passed!
repetition: 73196
>passed!
repetition: 73197
>passed!
repetition: 73198
>passed!
repetition: 73199
>passed!
repetition: 73200
>passed!
repetition: 73201
>passed!
repetition: 73202
>passed!
repetition: 73203
>passed!
repetition: 73204
>passed!
repetition: 73205
>passed!
repetition: 73206
>passed!
repetition: 73207
>passed!
repetition: 73208
>passed!
repetition: 73209
>passed!
repetition: 73210
>passed!
repetition: 73211
>passed!
repetition: 73212
>passed!
repetition: 73213
>passed!
repetition: 73214
>passed!
repetition: 73215
>passed!
repetition: 73216
>passed!
repetition: 73217
>passed!
repetition: 73218
>passed!
repetition: 73219
>passed!
repetition: 73220
>passed!
repetition: 73221
>passed!
repetition: 73222
>passed!
repetition: 73223
>passed!
repetition: 73224
>passed!
repetition: 73225
>passed!
repetition: 73226
>passed!
repetition: 73227
>passed!
repetition: 73228
>passed!
repetition: 73229
>passed!
repetition: 73230
>passed!
repetition: 73231
>passed!
repetition: 73232
>passed!
repetition: 73233
>passed!
repetition: 73234
>passed!
repetition: 73235
>passed!
repetition: 73236
>passed!
repetition: 73237
>passed!
repetition: 73238
>passed!
repetition: 73239
>passed!
repetition: 73240
>passed!
repetition: 73241
>passed!
repetition: 73242
>passed!
repetition: 73243
>passed!
repetition: 73244
>passed!
repetition: 73245
>passed!
repetition: 73246
>passed!
repetition: 73247
>passed!
repetition: 73248
>passed!
repetition: 73249
>passed!
repetition: 73250
>passed!
repetition: 73251
>passed!
repetition: 73252
>passed!
repetition: 73253
>passed!
repetition: 73254
>passed!
repetition: 73255
>passed!
repetition: 73256
>passed!
repetition: 73257
>passed!
repetition: 73258
>passed!
repetition: 73259
>passed!
repetition: 73260
>passed!
repetition: 73261
>passed!
repetition: 73262
>passed!
repetition: 73263
>passed!
repetition: 73264
>passed!
repetition: 73265
>passed!
repetition: 73266
>passed!
repetition: 73267
>passed!
repetition: 73268
>passed!
repetition: 73269
>passed!
repetition: 73270
>passed!
repetition: 73271
>passed!
repetition: 73272
>passed!
repetition: 73273
>passed!
repetition: 73274
>passed!
repetition: 73275
>passed!
repetition: 73276
>passed!
repetition: 73277
>passed!
repetition: 73278
>passed!
repetition: 73279
>passed!
repetition: 73280
>passed!
repetition: 73281
>passed!
repetition: 73282
>passed!
repetition: 73283
>passed!
repetition: 73284
>passed!
repetition: 73285
>passed!
repetition: 73286
>passed!
repetition: 73287
>passed!
repetition: 73288
>passed!
repetition: 73289
>passed!
repetition: 73290
>passed!
repetition: 73291
>passed!
repetition: 73292
>passed!
repetition: 73293
>passed!
repetition: 73294
>passed!
repetition: 73295
>passed!
repetition: 73296
>passed!
repetition: 73297
>passed!
repetition: 73298
>passed!
repetition: 73299
>passed!
repetition: 73300
>passed!
repetition: 73301
>passed!
repetition: 73302
>passed!
repetition: 73303
>passed!
repetition: 73304
>passed!
repetition: 73305
>passed!
repetition: 73306
>passed!
repetition: 73307
>passed!
repetition: 73308
>passed!
repetition: 73309
>passed!
repetition: 73310
>passed!
repetition: 73311
>passed!
repetition: 73312
>passed!
repetition: 73313
>passed!
repetition: 73314
>passed!
repetition: 73315
>passed!
repetition: 73316
>passed!
repetition: 73317
>passed!
repetition: 73318
>passed!
repetition: 73319
>passed!
repetition: 73320
>passed!
repetition: 73321
>passed!
repetition: 73322
>passed!
repetition: 73323
>passed!
repetition: 73324
>passed!
repetition: 73325
>passed!
repetition: 73326
>passed!
repetition: 73327
>passed!
repetition: 73328
>passed!
repetition: 73329
>passed!
repetition: 73330
>passed!
repetition: 73331
>passed!
repetition: 73332
>passed!
repetition: 73333
>passed!
repetition: 73334
>passed!
repetition: 73335
>passed!
repetition: 73336
>passed!
repetition: 73337
>passed!
repetition: 73338
>passed!
repetition: 73339
>passed!
repetition: 73340
>passed!
repetition: 73341
>passed!
repetition: 73342
>passed!
repetition: 73343
>passed!
repetition: 73344
>passed!
repetition: 73345
>passed!
repetition: 73346
>passed!
repetition: 73347
>passed!
repetition: 73348
>passed!
repetition: 73349
>passed!
repetition: 73350
>passed!
repetition: 73351
>passed!
repetition: 73352
>passed!
repetition: 73353
>passed!
repetition: 73354
>passed!
repetition: 73355
>passed!
repetition: 73356
>passed!
repetition: 73357
>passed!
repetition: 73358
>passed!
repetition: 73359
>passed!
repetition: 73360
>passed!
repetition: 73361
>passed!
repetition: 73362
>passed!
repetition: 73363
>passed!
repetition: 73364
>passed!
repetition: 73365
>passed!
repetition: 73366
>passed!
repetition: 73367
>passed!
repetition: 73368
>passed!
repetition: 73369
>passed!
repetition: 73370
>passed!
repetition: 73371
>passed!
repetition: 73372
>passed!
repetition: 73373
>passed!
repetition: 73374
>passed!
repetition: 73375
>passed!
repetition: 73376
>passed!
repetition: 73377
>passed!
repetition: 73378
>passed!
repetition: 73379
>passed!
repetition: 73380
>passed!
repetition: 73381
>passed!
repetition: 73382
>passed!
repetition: 73383
>passed!
repetition: 73384
>passed!
repetition: 73385
>passed!
repetition: 73386
>passed!
repetition: 73387
>passed!
repetition: 73388
>passed!
repetition: 73389
>passed!
repetition: 73390
>passed!
repetition: 73391
>passed!
repetition: 73392
>passed!
repetition: 73393
>passed!
repetition: 73394
>passed!
repetition: 73395
>passed!
repetition: 73396
>passed!
repetition: 73397
>passed!
repetition: 73398
>passed!
repetition: 73399
>passed!
repetition: 73400
>passed!
repetition: 73401
>passed!
repetition: 73402
>passed!
repetition: 73403
>passed!
repetition: 73404
>passed!
repetition: 73405
>passed!
repetition: 73406
>passed!
repetition: 73407
>passed!
repetition: 73408
>passed!
repetition: 73409
>passed!
repetition: 73410
>passed!
repetition: 73411
>passed!
repetition: 73412
>passed!
repetition: 73413
>passed!
repetition: 73414
>passed!
repetition: 73415
>passed!
repetition: 73416
>passed!
repetition: 73417
>passed!
repetition: 73418
>passed!
repetition: 73419
>passed!
repetition: 73420
>passed!
repetition: 73421
>passed!
repetition: 73422
>passed!
repetition: 73423
>passed!
repetition: 73424
>passed!
repetition: 73425
>passed!
repetition: 73426
>passed!
repetition: 73427
>passed!
repetition: 73428
>passed!
repetition: 73429
>passed!
repetition: 73430
>passed!
repetition: 73431
>passed!
repetition: 73432
>passed!
repetition: 73433
>passed!
repetition: 73434
>passed!
repetition: 73435
>passed!
repetition: 73436
>passed!
repetition: 73437
>passed!
repetition: 73438
>passed!
repetition: 73439
>passed!
repetition: 73440
>passed!
repetition: 73441
>passed!
repetition: 73442
>passed!
repetition: 73443
>passed!
repetition: 73444
>passed!
repetition: 73445
>passed!
repetition: 73446
>passed!
repetition: 73447
>passed!
repetition: 73448
>passed!
repetition: 73449
>passed!
repetition: 73450
>passed!
repetition: 73451
>passed!
repetition: 73452
>passed!
repetition: 73453
>passed!
repetition: 73454
>passed!
repetition: 73455
>passed!
repetition: 73456
>passed!
repetition: 73457
>passed!
repetition: 73458
>passed!
repetition: 73459
>passed!
repetition: 73460
>passed!
repetition: 73461
>passed!
repetition: 73462
>passed!
repetition: 73463
>passed!
repetition: 73464
>passed!
repetition: 73465
>passed!
repetition: 73466
>passed!
repetition: 73467
>passed!
repetition: 73468
>passed!
repetition: 73469
>passed!
repetition: 73470
>passed!
repetition: 73471
>passed!
repetition: 73472
>passed!
repetition: 73473
>passed!
repetition: 73474
>passed!
repetition: 73475
>passed!
repetition: 73476
>passed!
repetition: 73477
>passed!
repetition: 73478
>passed!
repetition: 73479
>passed!
repetition: 73480
>passed!
repetition: 73481
>passed!
repetition: 73482
>passed!
repetition: 73483
>passed!
repetition: 73484
>passed!
repetition: 73485
>passed!
repetition: 73486
>passed!
repetition: 73487
>passed!
repetition: 73488
>passed!
repetition: 73489
>passed!
repetition: 73490
>passed!
repetition: 73491
>passed!
repetition: 73492
>passed!
repetition: 73493
>passed!
repetition: 73494
>passed!
repetition: 73495
>passed!
repetition: 73496
>passed!
repetition: 73497
>passed!
repetition: 73498
>passed!
repetition: 73499
>passed!
repetition: 73500
>passed!
repetition: 73501
>passed!
repetition: 73502
>passed!
repetition: 73503
>passed!
repetition: 73504
>passed!
repetition: 73505
>passed!
repetition: 73506
>passed!
repetition: 73507
>passed!
repetition: 73508
>passed!
repetition: 73509
>passed!
repetition: 73510
>passed!
repetition: 73511
>passed!
repetition: 73512
>passed!
repetition: 73513
>passed!
repetition: 73514
>passed!
repetition: 73515
>passed!
repetition: 73516
>passed!
repetition: 73517
>passed!
repetition: 73518
>passed!
repetition: 73519
>passed!
repetition: 73520
>passed!
repetition: 73521
>passed!
repetition: 73522
>passed!
repetition: 73523
>passed!
repetition: 73524
>passed!
repetition: 73525
>passed!
repetition: 73526
>passed!
repetition: 73527
>passed!
repetition: 73528
>passed!
repetition: 73529
>passed!
repetition: 73530
>passed!
repetition: 73531
>passed!
repetition: 73532
>passed!
repetition: 73533
>passed!
repetition: 73534
>passed!
repetition: 73535
>passed!
repetition: 73536
>passed!
repetition: 73537
>passed!
repetition: 73538
>passed!
repetition: 73539
>passed!
repetition: 73540
>passed!
repetition: 73541
>passed!
repetition: 73542
>passed!
repetition: 73543
>passed!
repetition: 73544
>passed!
repetition: 73545
>passed!
repetition: 73546
>passed!
repetition: 73547
>passed!
repetition: 73548
>passed!
repetition: 73549
>passed!
repetition: 73550
>passed!
repetition: 73551
>passed!
repetition: 73552
>passed!
repetition: 73553
>passed!
repetition: 73554
>passed!
repetition: 73555
>passed!
repetition: 73556
>passed!
repetition: 73557
>passed!
repetition: 73558
>passed!
repetition: 73559
>passed!
repetition: 73560
>passed!
repetition: 73561
>passed!
repetition: 73562
>passed!
repetition: 73563
>passed!
repetition: 73564
>passed!
repetition: 73565
>passed!
repetition: 73566
>passed!
repetition: 73567
>passed!
repetition: 73568
>passed!
repetition: 73569
>passed!
repetition: 73570
>passed!
repetition: 73571
>passed!
repetition: 73572
>passed!
repetition: 73573
>passed!
repetition: 73574
>passed!
repetition: 73575
>passed!
repetition: 73576
>passed!
repetition: 73577
>passed!
repetition: 73578
>passed!
repetition: 73579
>passed!
repetition: 73580
>passed!
repetition: 73581
>passed!
repetition: 73582
>passed!
repetition: 73583
>passed!
repetition: 73584
>passed!
repetition: 73585
>passed!
repetition: 73586
>passed!
repetition: 73587
>passed!
repetition: 73588
>passed!
repetition: 73589
>passed!
repetition: 73590
>passed!
repetition: 73591
>passed!
repetition: 73592
>passed!
repetition: 73593
>passed!
repetition: 73594
>passed!
repetition: 73595
>passed!
repetition: 73596
>passed!
repetition: 73597
>passed!
repetition: 73598
>passed!
repetition: 73599
>passed!
repetition: 73600
>passed!
repetition: 73601
>passed!
repetition: 73602
>passed!
repetition: 73603
>passed!
repetition: 73604
>passed!
repetition: 73605
>passed!
repetition: 73606
>passed!
repetition: 73607
>passed!
repetition: 73608
>passed!
repetition: 73609
>passed!
repetition: 73610
>passed!
repetition: 73611
>passed!
repetition: 73612
>passed!
repetition: 73613
>passed!
repetition: 73614
>passed!
repetition: 73615
>passed!
repetition: 73616
>passed!
repetition: 73617
>passed!
repetition: 73618
>passed!
repetition: 73619
>passed!
repetition: 73620
>passed!
repetition: 73621
>passed!
repetition: 73622
>passed!
repetition: 73623
>passed!
repetition: 73624
>passed!
repetition: 73625
>passed!
repetition: 73626
>passed!
repetition: 73627
>passed!
repetition: 73628
>passed!
repetition: 73629
>passed!
repetition: 73630
>passed!
repetition: 73631
>passed!
repetition: 73632
>passed!
repetition: 73633
>passed!
repetition: 73634
>passed!
repetition: 73635
>passed!
repetition: 73636
>passed!
repetition: 73637
>passed!
repetition: 73638
>passed!
repetition: 73639
>passed!
repetition: 73640
>passed!
repetition: 73641
>passed!
repetition: 73642
>passed!
repetition: 73643
>passed!
repetition: 73644
>passed!
repetition: 73645
>passed!
repetition: 73646
>passed!
repetition: 73647
>passed!
repetition: 73648
>passed!
repetition: 73649
>passed!
repetition: 73650
>passed!
repetition: 73651
>passed!
repetition: 73652
>passed!
repetition: 73653
>passed!
repetition: 73654
>passed!
repetition: 73655
>passed!
repetition: 73656
>passed!
repetition: 73657
>passed!
repetition: 73658
>passed!
repetition: 73659
>passed!
repetition: 73660
>passed!
repetition: 73661
>passed!
repetition: 73662
>passed!
repetition: 73663
>passed!
repetition: 73664
>passed!
repetition: 73665
>passed!
repetition: 73666
>passed!
repetition: 73667
>passed!
repetition: 73668
>passed!
repetition: 73669
>passed!
repetition: 73670
>passed!
repetition: 73671
>passed!
repetition: 73672
>passed!
repetition: 73673
>passed!
repetition: 73674
>passed!
repetition: 73675
>passed!
repetition: 73676
>passed!
repetition: 73677
>passed!
repetition: 73678
>passed!
repetition: 73679
>passed!
repetition: 73680
>passed!
repetition: 73681
>passed!
repetition: 73682
>passed!
repetition: 73683
>passed!
repetition: 73684
>passed!
repetition: 73685
>passed!
repetition: 73686
>passed!
repetition: 73687
>passed!
repetition: 73688
>passed!
repetition: 73689
>passed!
repetition: 73690
>passed!
repetition: 73691
>passed!
repetition: 73692
>passed!
repetition: 73693
>passed!
repetition: 73694
>passed!
repetition: 73695
>passed!
repetition: 73696
>passed!
repetition: 73697
>passed!
repetition: 73698
>passed!
repetition: 73699
>passed!
repetition: 73700
>passed!
repetition: 73701
>passed!
repetition: 73702
>passed!
repetition: 73703
>passed!
repetition: 73704
>passed!
repetition: 73705
>passed!
repetition: 73706
>passed!
repetition: 73707
>passed!
repetition: 73708
>passed!
repetition: 73709
>passed!
repetition: 73710
>passed!
repetition: 73711
>passed!
repetition: 73712
>passed!
repetition: 73713
>passed!
repetition: 73714
>passed!
repetition: 73715
>passed!
repetition: 73716
>passed!
repetition: 73717
>passed!
repetition: 73718
>passed!
repetition: 73719
>passed!
repetition: 73720
>passed!
repetition: 73721
>passed!
repetition: 73722
>passed!
repetition: 73723
>passed!
repetition: 73724
>passed!
repetition: 73725
>passed!
repetition: 73726
>passed!
repetition: 73727
>passed!
repetition: 73728
>passed!
repetition: 73729
>passed!
repetition: 73730
>passed!
repetition: 73731
>passed!
repetition: 73732
>passed!
repetition: 73733
>passed!
repetition: 73734
>passed!
repetition: 73735
>passed!
repetition: 73736
>passed!
repetition: 73737
>passed!
repetition: 73738
>passed!
repetition: 73739
>passed!
repetition: 73740
>passed!
repetition: 73741
>passed!
repetition: 73742
>passed!
repetition: 73743
>passed!
repetition: 73744
>passed!
repetition: 73745
>passed!
repetition: 73746
>passed!
repetition: 73747
>passed!
repetition: 73748
>passed!
repetition: 73749
>passed!
repetition: 73750
>passed!
repetition: 73751
>passed!
repetition: 73752
>passed!
repetition: 73753
>passed!
repetition: 73754
>passed!
repetition: 73755
>passed!
repetition: 73756
>passed!
repetition: 73757
>passed!
repetition: 73758
>passed!
repetition: 73759
>passed!
repetition: 73760
>passed!
repetition: 73761
>passed!
repetition: 73762
>passed!
repetition: 73763
>passed!
repetition: 73764
>passed!
repetition: 73765
>passed!
repetition: 73766
>passed!
repetition: 73767
>passed!
repetition: 73768
>passed!
repetition: 73769
>passed!
repetition: 73770
>passed!
repetition: 73771
>passed!
repetition: 73772
>passed!
repetition: 73773
>passed!
repetition: 73774
>passed!
repetition: 73775
>passed!
repetition: 73776
>passed!
repetition: 73777
>passed!
repetition: 73778
>passed!
repetition: 73779
>passed!
repetition: 73780
>passed!
repetition: 73781
>passed!
repetition: 73782
>passed!
repetition: 73783
>passed!
repetition: 73784
>passed!
repetition: 73785
>passed!
repetition: 73786
>passed!
repetition: 73787
>passed!
repetition: 73788
>passed!
repetition: 73789
>passed!
repetition: 73790
>passed!
repetition: 73791
>passed!
repetition: 73792
>passed!
repetition: 73793
>passed!
repetition: 73794
>passed!
repetition: 73795
>passed!
repetition: 73796
>passed!
repetition: 73797
>passed!
repetition: 73798
>passed!
repetition: 73799
>passed!
repetition: 73800
>passed!
repetition: 73801
>passed!
repetition: 73802
>passed!
repetition: 73803
>passed!
repetition: 73804
>passed!
repetition: 73805
>passed!
repetition: 73806
>passed!
repetition: 73807
>passed!
repetition: 73808
>passed!
repetition: 73809
>passed!
repetition: 73810
>passed!
repetition: 73811
>passed!
repetition: 73812
>passed!
repetition: 73813
>passed!
repetition: 73814
>passed!
repetition: 73815
>passed!
repetition: 73816
>passed!
repetition: 73817
>passed!
repetition: 73818
>passed!
repetition: 73819
>passed!
repetition: 73820
>passed!
repetition: 73821
>passed!
repetition: 73822
>passed!
repetition: 73823
>passed!
repetition: 73824
>passed!
repetition: 73825
>passed!
repetition: 73826
>passed!
repetition: 73827
>passed!
repetition: 73828
>passed!
repetition: 73829
>passed!
repetition: 73830
>passed!
repetition: 73831
>passed!
repetition: 73832
>passed!
repetition: 73833
>passed!
repetition: 73834
>passed!
repetition: 73835
>passed!
repetition: 73836
>passed!
repetition: 73837
>passed!
repetition: 73838
>passed!
repetition: 73839
>passed!
repetition: 73840
>passed!
repetition: 73841
>passed!
repetition: 73842
>passed!
repetition: 73843
>passed!
repetition: 73844
>passed!
repetition: 73845
>passed!
repetition: 73846
>passed!
repetition: 73847
>passed!
repetition: 73848
>passed!
repetition: 73849
>passed!
repetition: 73850
>passed!
repetition: 73851
>passed!
repetition: 73852
>passed!
repetition: 73853
>passed!
repetition: 73854
>passed!
repetition: 73855
>passed!
repetition: 73856
>passed!
repetition: 73857
>passed!
repetition: 73858
>passed!
repetition: 73859
>passed!
repetition: 73860
>passed!
repetition: 73861
>passed!
repetition: 73862
>passed!
repetition: 73863
>passed!
repetition: 73864
>passed!
repetition: 73865
>passed!
repetition: 73866
>passed!
repetition: 73867
>passed!
repetition: 73868
>passed!
repetition: 73869
>passed!
repetition: 73870
>passed!
repetition: 73871
>passed!
repetition: 73872
>passed!
repetition: 73873
>passed!
repetition: 73874
>passed!
repetition: 73875
>passed!
repetition: 73876
>passed!
repetition: 73877
>passed!
repetition: 73878
>passed!
repetition: 73879
>passed!
repetition: 73880
>passed!
repetition: 73881
>passed!
repetition: 73882
>passed!
repetition: 73883
>passed!
repetition: 73884
>passed!
repetition: 73885
>passed!
repetition: 73886
>passed!
repetition: 73887
>passed!
repetition: 73888
>passed!
repetition: 73889
>passed!
repetition: 73890
>passed!
repetition: 73891
>passed!
repetition: 73892
>passed!
repetition: 73893
>passed!
repetition: 73894
>passed!
repetition: 73895
>passed!
repetition: 73896
>passed!
repetition: 73897
>passed!
repetition: 73898
>passed!
repetition: 73899
>passed!
repetition: 73900
>passed!
repetition: 73901
>passed!
repetition: 73902
>passed!
repetition: 73903
>passed!
repetition: 73904
>passed!
repetition: 73905
>passed!
repetition: 73906
>passed!
repetition: 73907
>passed!
repetition: 73908
>passed!
repetition: 73909
>passed!
repetition: 73910
>passed!
repetition: 73911
>passed!
repetition: 73912
>passed!
repetition: 73913
>passed!
repetition: 73914
>passed!
repetition: 73915
>passed!
repetition: 73916
>passed!
repetition: 73917
>passed!
repetition: 73918
>passed!
repetition: 73919
>passed!
repetition: 73920
>passed!
repetition: 73921
>passed!
repetition: 73922
>passed!
repetition: 73923
>passed!
repetition: 73924
>passed!
repetition: 73925
>passed!
repetition: 73926
>passed!
repetition: 73927
>passed!
repetition: 73928
>passed!
repetition: 73929
>passed!
repetition: 73930
>passed!
repetition: 73931
>passed!
repetition: 73932
>passed!
repetition: 73933
>passed!
repetition: 73934
>passed!
repetition: 73935
>passed!
repetition: 73936
>passed!
repetition: 73937
>passed!
repetition: 73938
>passed!
repetition: 73939
>passed!
repetition: 73940
>passed!
repetition: 73941
>passed!
repetition: 73942
>passed!
repetition: 73943
>passed!
repetition: 73944
>passed!
repetition: 73945
>passed!
repetition: 73946
>passed!
repetition: 73947
>passed!
repetition: 73948
>passed!
repetition: 73949
>passed!
repetition: 73950
>passed!
repetition: 73951
>passed!
repetition: 73952
>passed!
repetition: 73953
>passed!
repetition: 73954
>passed!
repetition: 73955
>passed!
repetition: 73956
>passed!
repetition: 73957
>passed!
repetition: 73958
>passed!
repetition: 73959
>passed!
repetition: 73960
>passed!
repetition: 73961
>passed!
repetition: 73962
>passed!
repetition: 73963
>passed!
repetition: 73964
>passed!
repetition: 73965
>passed!
repetition: 73966
>passed!
repetition: 73967
>passed!
repetition: 73968
>passed!
repetition: 73969
>passed!
repetition: 73970
>passed!
repetition: 73971
>passed!
repetition: 73972
>passed!
repetition: 73973
>passed!
repetition: 73974
>passed!
repetition: 73975
>passed!
repetition: 73976
>passed!
repetition: 73977
>passed!
repetition: 73978
>passed!
repetition: 73979
>passed!
repetition: 73980
>passed!
repetition: 73981
>passed!
repetition: 73982
>passed!
repetition: 73983
>passed!
repetition: 73984
>passed!
repetition: 73985
>passed!
repetition: 73986
>passed!
repetition: 73987
>passed!
repetition: 73988
>passed!
repetition: 73989
>passed!
repetition: 73990
>passed!
repetition: 73991
>passed!
repetition: 73992
>passed!
repetition: 73993
>passed!
repetition: 73994
>passed!
repetition: 73995
>passed!
repetition: 73996
>passed!
repetition: 73997
>passed!
repetition: 73998
>passed!
repetition: 73999
>passed!
repetition: 74000
>passed!
repetition: 74001
>passed!
repetition: 74002
>passed!
repetition: 74003
>passed!
repetition: 74004
>passed!
repetition: 74005
>passed!
repetition: 74006
>passed!
repetition: 74007
>passed!
repetition: 74008
>passed!
repetition: 74009
>passed!
repetition: 74010
>passed!
repetition: 74011
>passed!
repetition: 74012
>passed!
repetition: 74013
>passed!
repetition: 74014
>passed!
repetition: 74015
>passed!
repetition: 74016
>passed!
repetition: 74017
>passed!
repetition: 74018
>passed!
repetition: 74019
>passed!
repetition: 74020
>passed!
repetition: 74021
>passed!
repetition: 74022
>passed!
repetition: 74023
>passed!
repetition: 74024
>passed!
repetition: 74025
>passed!
repetition: 74026
>passed!
repetition: 74027
>passed!
repetition: 74028
>passed!
repetition: 74029
>passed!
repetition: 74030
>passed!
repetition: 74031
>passed!
repetition: 74032
>passed!
repetition: 74033
>passed!
repetition: 74034
>passed!
repetition: 74035
>passed!
repetition: 74036
>passed!
repetition: 74037
>passed!
repetition: 74038
>passed!
repetition: 74039
>passed!
repetition: 74040
>passed!
repetition: 74041
>passed!
repetition: 74042
>passed!
repetition: 74043
>passed!
repetition: 74044
>passed!
repetition: 74045
>passed!
repetition: 74046
>passed!
repetition: 74047
>passed!
repetition: 74048
>passed!
repetition: 74049
>passed!
repetition: 74050
>passed!
repetition: 74051
>passed!
repetition: 74052
>passed!
repetition: 74053
>passed!
repetition: 74054
>passed!
repetition: 74055
>passed!
repetition: 74056
>passed!
repetition: 74057
>passed!
repetition: 74058
>passed!
repetition: 74059
>passed!
repetition: 74060
>passed!
repetition: 74061
>passed!
repetition: 74062
>passed!
repetition: 74063
>passed!
repetition: 74064
>passed!
repetition: 74065
>passed!
repetition: 74066
>passed!
repetition: 74067
>passed!
repetition: 74068
>passed!
repetition: 74069
>passed!
repetition: 74070
>passed!
repetition: 74071
>passed!
repetition: 74072
>passed!
repetition: 74073
>passed!
repetition: 74074
>passed!
repetition: 74075
>passed!
repetition: 74076
>passed!
repetition: 74077
>passed!
repetition: 74078
>passed!
repetition: 74079
>passed!
repetition: 74080
>passed!
repetition: 74081
>passed!
repetition: 74082
>passed!
repetition: 74083
>passed!
repetition: 74084
>passed!
repetition: 74085
>passed!
repetition: 74086
>passed!
repetition: 74087
>passed!
repetition: 74088
>passed!
repetition: 74089
>passed!
repetition: 74090
>passed!
repetition: 74091
>passed!
repetition: 74092
>passed!
repetition: 74093
>passed!
repetition: 74094
>passed!
repetition: 74095
>passed!
repetition: 74096
>passed!
repetition: 74097
>passed!
repetition: 74098
>passed!
repetition: 74099
>passed!
repetition: 74100
>passed!
repetition: 74101
>passed!
repetition: 74102
>passed!
repetition: 74103
>passed!
repetition: 74104
>passed!
repetition: 74105
>passed!
repetition: 74106
>passed!
repetition: 74107
>passed!
repetition: 74108
>passed!
repetition: 74109
>passed!
repetition: 74110
>passed!
repetition: 74111
>passed!
repetition: 74112
>passed!
repetition: 74113
>passed!
repetition: 74114
>passed!
repetition: 74115
>passed!
repetition: 74116
>passed!
repetition: 74117
>passed!
repetition: 74118
>passed!
repetition: 74119
>passed!
repetition: 74120
>passed!
repetition: 74121
>passed!
repetition: 74122
>passed!
repetition: 74123
>passed!
repetition: 74124
>passed!
repetition: 74125
>passed!
repetition: 74126
>passed!
repetition: 74127
>passed!
repetition: 74128
>passed!
repetition: 74129
>passed!
repetition: 74130
>passed!
repetition: 74131
>passed!
repetition: 74132
>passed!
repetition: 74133
>passed!
repetition: 74134
>passed!
repetition: 74135
>passed!
repetition: 74136
>passed!
repetition: 74137
>passed!
repetition: 74138
>passed!
repetition: 74139
>passed!
repetition: 74140
>passed!
repetition: 74141
>passed!
repetition: 74142
>passed!
repetition: 74143
>passed!
repetition: 74144
>passed!
repetition: 74145
>passed!
repetition: 74146
>passed!
repetition: 74147
>passed!
repetition: 74148
>passed!
repetition: 74149
>passed!
repetition: 74150
>passed!
repetition: 74151
>passed!
repetition: 74152
>passed!
repetition: 74153
>passed!
repetition: 74154
>passed!
repetition: 74155
>passed!
repetition: 74156
>passed!
repetition: 74157
>passed!
repetition: 74158
>passed!
repetition: 74159
>passed!
repetition: 74160
>passed!
repetition: 74161
>passed!
repetition: 74162
>passed!
repetition: 74163
>passed!
repetition: 74164
>passed!
repetition: 74165
>passed!
repetition: 74166
>passed!
repetition: 74167
>passed!
repetition: 74168
>passed!
repetition: 74169
>passed!
repetition: 74170
>passed!
repetition: 74171
>passed!
repetition: 74172
>passed!
repetition: 74173
>passed!
repetition: 74174
>passed!
repetition: 74175
>passed!
repetition: 74176
>passed!
repetition: 74177
>passed!
repetition: 74178
>passed!
repetition: 74179
>passed!
repetition: 74180
>passed!
repetition: 74181
>passed!
repetition: 74182
>passed!
repetition: 74183
>passed!
repetition: 74184
>passed!
repetition: 74185
>passed!
repetition: 74186
>passed!
repetition: 74187
>passed!
repetition: 74188
>passed!
repetition: 74189
>passed!
repetition: 74190
>passed!
repetition: 74191
>passed!
repetition: 74192
>passed!
repetition: 74193
>passed!
repetition: 74194
>passed!
repetition: 74195
>passed!
repetition: 74196
>passed!
repetition: 74197
>passed!
repetition: 74198
>passed!
repetition: 74199
>passed!
repetition: 74200
>passed!
repetition: 74201
>passed!
repetition: 74202
>passed!
repetition: 74203
>passed!
repetition: 74204
>passed!
repetition: 74205
>passed!
repetition: 74206
>passed!
repetition: 74207
>passed!
repetition: 74208
>passed!
repetition: 74209
>passed!
repetition: 74210
>passed!
repetition: 74211
>passed!
repetition: 74212
>passed!
repetition: 74213
>passed!
repetition: 74214
>passed!
repetition: 74215
>passed!
repetition: 74216
>passed!
repetition: 74217
>passed!
repetition: 74218
>passed!
repetition: 74219
>passed!
repetition: 74220
>passed!
repetition: 74221
>passed!
repetition: 74222
>passed!
repetition: 74223
>passed!
repetition: 74224
>passed!
repetition: 74225
>passed!
repetition: 74226
>passed!
repetition: 74227
>passed!
repetition: 74228
>passed!
repetition: 74229
>passed!
repetition: 74230
>passed!
repetition: 74231
>passed!
repetition: 74232
>passed!
repetition: 74233
>passed!
repetition: 74234
>passed!
repetition: 74235
>passed!
repetition: 74236
>passed!
repetition: 74237
>passed!
repetition: 74238
>passed!
repetition: 74239
>passed!
repetition: 74240
>passed!
repetition: 74241
>passed!
repetition: 74242
>passed!
repetition: 74243
>passed!
repetition: 74244
>passed!
repetition: 74245
>passed!
repetition: 74246
>passed!
repetition: 74247
>passed!
repetition: 74248
>passed!
repetition: 74249
>passed!
repetition: 74250
>passed!
repetition: 74251
>passed!
repetition: 74252
>passed!
repetition: 74253
>passed!
repetition: 74254
>passed!
repetition: 74255
>passed!
repetition: 74256
>passed!
repetition: 74257
>passed!
repetition: 74258
>passed!
repetition: 74259
>passed!
repetition: 74260
>passed!
repetition: 74261
>passed!
repetition: 74262
>passed!
repetition: 74263
>passed!
repetition: 74264
>passed!
repetition: 74265
>passed!
repetition: 74266
>passed!
repetition: 74267
>passed!
repetition: 74268
>passed!
repetition: 74269
>passed!
repetition: 74270
>passed!
repetition: 74271
>passed!
repetition: 74272
>passed!
repetition: 74273
>passed!
repetition: 74274
>passed!
repetition: 74275
>passed!
repetition: 74276
>passed!
repetition: 74277
>passed!
repetition: 74278
>passed!
repetition: 74279
>passed!
repetition: 74280
>passed!
repetition: 74281
>passed!
repetition: 74282
>passed!
repetition: 74283
>passed!
repetition: 74284
>passed!
repetition: 74285
>passed!
repetition: 74286
>passed!
repetition: 74287
>passed!
repetition: 74288
>passed!
repetition: 74289
>passed!
repetition: 74290
>passed!
repetition: 74291
>passed!
repetition: 74292
>passed!
repetition: 74293
>passed!
repetition: 74294
>passed!
repetition: 74295
>passed!
repetition: 74296
>passed!
repetition: 74297
>passed!
repetition: 74298
>passed!
repetition: 74299
>passed!
repetition: 74300
>passed!
repetition: 74301
>passed!
repetition: 74302
>passed!
repetition: 74303
>passed!
repetition: 74304
>passed!
repetition: 74305
>passed!
repetition: 74306
>passed!
repetition: 74307
>passed!
repetition: 74308
>passed!
repetition: 74309
>passed!
repetition: 74310
>passed!
repetition: 74311
>passed!
repetition: 74312
>passed!
repetition: 74313
>passed!
repetition: 74314
>passed!
repetition: 74315
>passed!
repetition: 74316
>passed!
repetition: 74317
>passed!
repetition: 74318
>passed!
repetition: 74319
>passed!
repetition: 74320
>passed!
repetition: 74321
>passed!
repetition: 74322
>passed!
repetition: 74323
>passed!
repetition: 74324
>passed!
repetition: 74325
>passed!
repetition: 74326
>passed!
repetition: 74327
>passed!
repetition: 74328
>passed!
repetition: 74329
>passed!
repetition: 74330
>passed!
repetition: 74331
>passed!
repetition: 74332
>passed!
repetition: 74333
>passed!
repetition: 74334
>passed!
repetition: 74335
>passed!
repetition: 74336
>passed!
repetition: 74337
>passed!
repetition: 74338
>passed!
repetition: 74339
>passed!
repetition: 74340
>passed!
repetition: 74341
>passed!
repetition: 74342
>passed!
repetition: 74343
>passed!
repetition: 74344
>passed!
repetition: 74345
>passed!
repetition: 74346
>passed!
repetition: 74347
>passed!
repetition: 74348
>passed!
repetition: 74349
>passed!
repetition: 74350
>passed!
repetition: 74351
>passed!
repetition: 74352
>passed!
repetition: 74353
>passed!
repetition: 74354
>passed!
repetition: 74355
>passed!
repetition: 74356
>passed!
repetition: 74357
>passed!
repetition: 74358
>passed!
repetition: 74359
>passed!
repetition: 74360
>passed!
repetition: 74361
>passed!
repetition: 74362
>passed!
repetition: 74363
>passed!
repetition: 74364
>passed!
repetition: 74365
>passed!
repetition: 74366
>passed!
repetition: 74367
>passed!
repetition: 74368
>passed!
repetition: 74369
>passed!
repetition: 74370
>passed!
repetition: 74371
>passed!
repetition: 74372
>passed!
repetition: 74373
>passed!
repetition: 74374
>passed!
repetition: 74375
>passed!
repetition: 74376
>passed!
repetition: 74377
>passed!
repetition: 74378
>passed!
repetition: 74379
>passed!
repetition: 74380
>passed!
repetition: 74381
>passed!
repetition: 74382
>passed!
repetition: 74383
>passed!
repetition: 74384
>passed!
repetition: 74385
>passed!
repetition: 74386
>passed!
repetition: 74387
>passed!
repetition: 74388
>passed!
repetition: 74389
>passed!
repetition: 74390
>passed!
repetition: 74391
>passed!
repetition: 74392
>passed!
repetition: 74393
>passed!
repetition: 74394
>passed!
repetition: 74395
>passed!
repetition: 74396
>passed!
repetition: 74397
>passed!
repetition: 74398
>passed!
repetition: 74399
>passed!
repetition: 74400
>passed!
repetition: 74401
>passed!
repetition: 74402
>passed!
repetition: 74403
>passed!
repetition: 74404
>passed!
repetition: 74405
>passed!
repetition: 74406
>passed!
repetition: 74407
>passed!
repetition: 74408
>passed!
repetition: 74409
>passed!
repetition: 74410
>passed!
repetition: 74411
>passed!
repetition: 74412
>passed!
repetition: 74413
>passed!
repetition: 74414
>passed!
repetition: 74415
>passed!
repetition: 74416
>passed!
repetition: 74417
>passed!
repetition: 74418
>passed!
repetition: 74419
>passed!
repetition: 74420
>passed!
repetition: 74421
>passed!
repetition: 74422
>passed!
repetition: 74423
>passed!
repetition: 74424
>passed!
repetition: 74425
>passed!
repetition: 74426
>passed!
repetition: 74427
>passed!
repetition: 74428
>passed!
repetition: 74429
>passed!
repetition: 74430
>passed!
repetition: 74431
>passed!
repetition: 74432
>passed!
repetition: 74433
>passed!
repetition: 74434
>passed!
repetition: 74435
>passed!
repetition: 74436
>passed!
repetition: 74437
>passed!
repetition: 74438
>passed!
repetition: 74439
>passed!
repetition: 74440
>passed!
repetition: 74441
>passed!
repetition: 74442
>passed!
repetition: 74443
>passed!
repetition: 74444
>passed!
repetition: 74445
>passed!
repetition: 74446
>passed!
repetition: 74447
>passed!
repetition: 74448
>passed!
repetition: 74449
>passed!
repetition: 74450
>passed!
repetition: 74451
>passed!
repetition: 74452
>passed!
repetition: 74453
>passed!
repetition: 74454
>passed!
repetition: 74455
>passed!
repetition: 74456
>passed!
repetition: 74457
>passed!
repetition: 74458
>passed!
repetition: 74459
>passed!
repetition: 74460
>passed!
repetition: 74461
>passed!
repetition: 74462
>passed!
repetition: 74463
>passed!
repetition: 74464
>passed!
repetition: 74465
>passed!
repetition: 74466
>passed!
repetition: 74467
>passed!
repetition: 74468
>passed!
repetition: 74469
>passed!
repetition: 74470
>passed!
repetition: 74471
>passed!
repetition: 74472
>passed!
repetition: 74473
>passed!
repetition: 74474
>passed!
repetition: 74475
>passed!
repetition: 74476
>passed!
repetition: 74477
>passed!
repetition: 74478
>passed!
repetition: 74479
>passed!
repetition: 74480
>passed!
repetition: 74481
>passed!
repetition: 74482
>passed!
repetition: 74483
>passed!
repetition: 74484
>passed!
repetition: 74485
>passed!
repetition: 74486
>passed!
repetition: 74487
>passed!
repetition: 74488
>passed!
repetition: 74489
>passed!
repetition: 74490
>passed!
repetition: 74491
>passed!
repetition: 74492
>passed!
repetition: 74493
>passed!
repetition: 74494
>passed!
repetition: 74495
>passed!
repetition: 74496
>passed!
repetition: 74497
>passed!
repetition: 74498
>passed!
repetition: 74499
>passed!
repetition: 74500
>passed!
repetition: 74501
>passed!
repetition: 74502
>passed!
repetition: 74503
>passed!
repetition: 74504
>passed!
repetition: 74505
>passed!
repetition: 74506
>passed!
repetition: 74507
>passed!
repetition: 74508
>passed!
repetition: 74509
>passed!
repetition: 74510
>passed!
repetition: 74511
>passed!
repetition: 74512
>passed!
repetition: 74513
>passed!
repetition: 74514
>passed!
repetition: 74515
>passed!
repetition: 74516
>passed!
repetition: 74517
>passed!
repetition: 74518
>passed!
repetition: 74519
>passed!
repetition: 74520
>passed!
repetition: 74521
>passed!
repetition: 74522
>passed!
repetition: 74523
>passed!
repetition: 74524
>passed!
repetition: 74525
>passed!
repetition: 74526
>passed!
repetition: 74527
>passed!
repetition: 74528
>passed!
repetition: 74529
>passed!
repetition: 74530
>passed!
repetition: 74531
>passed!
repetition: 74532
>passed!
repetition: 74533
>passed!
repetition: 74534
>passed!
repetition: 74535
>passed!
repetition: 74536
>passed!
repetition: 74537
>passed!
repetition: 74538
>passed!
repetition: 74539
>passed!
repetition: 74540
>passed!
repetition: 74541
>passed!
repetition: 74542
>passed!
repetition: 74543
>passed!
repetition: 74544
>passed!
repetition: 74545
>passed!
repetition: 74546
>passed!
repetition: 74547
>passed!
repetition: 74548
>passed!
repetition: 74549
>passed!
repetition: 74550
>passed!
repetition: 74551
>passed!
repetition: 74552
>passed!
repetition: 74553
>passed!
repetition: 74554
>passed!
repetition: 74555
>passed!
repetition: 74556
>passed!
repetition: 74557
>passed!
repetition: 74558
>passed!
repetition: 74559
>passed!
repetition: 74560
>passed!
repetition: 74561
>passed!
repetition: 74562
>passed!
repetition: 74563
>passed!
repetition: 74564
>passed!
repetition: 74565
>passed!
repetition: 74566
>passed!
repetition: 74567
>passed!
repetition: 74568
>passed!
repetition: 74569
>passed!
repetition: 74570
>passed!
repetition: 74571
>passed!
repetition: 74572
>passed!
repetition: 74573
>passed!
repetition: 74574
>passed!
repetition: 74575
>passed!
repetition: 74576
>passed!
repetition: 74577
>passed!
repetition: 74578
>passed!
repetition: 74579
>passed!
repetition: 74580
>passed!
repetition: 74581
>passed!
repetition: 74582
>passed!
repetition: 74583
>passed!
repetition: 74584
>passed!
repetition: 74585
>passed!
repetition: 74586
>passed!
repetition: 74587
>passed!
repetition: 74588
>passed!
repetition: 74589
>passed!
repetition: 74590
>passed!
repetition: 74591
>passed!
repetition: 74592
>passed!
repetition: 74593
>passed!
repetition: 74594
>passed!
repetition: 74595
>passed!
repetition: 74596
>passed!
repetition: 74597
>passed!
repetition: 74598
>passed!
repetition: 74599
>passed!
repetition: 74600
>passed!
repetition: 74601
>passed!
repetition: 74602
>passed!
repetition: 74603
>passed!
repetition: 74604
>passed!
repetition: 74605
>passed!
repetition: 74606
>passed!
repetition: 74607
>passed!
repetition: 74608
>passed!
repetition: 74609
>passed!
repetition: 74610
>passed!
repetition: 74611
>passed!
repetition: 74612
>passed!
repetition: 74613
>passed!
repetition: 74614
>passed!
repetition: 74615
>passed!
repetition: 74616
>passed!
repetition: 74617
>passed!
repetition: 74618
>passed!
repetition: 74619
>passed!
repetition: 74620
>passed!
repetition: 74621
>passed!
repetition: 74622
>passed!
repetition: 74623
>passed!
repetition: 74624
>passed!
repetition: 74625
>passed!
repetition: 74626
>passed!
repetition: 74627
>passed!
repetition: 74628
>passed!
repetition: 74629
>passed!
repetition: 74630
>passed!
repetition: 74631
>passed!
repetition: 74632
>passed!
repetition: 74633
>passed!
repetition: 74634
>passed!
repetition: 74635
>passed!
repetition: 74636
>passed!
repetition: 74637
>passed!
repetition: 74638
>passed!
repetition: 74639
>passed!
repetition: 74640
>passed!
repetition: 74641
>passed!
repetition: 74642
>passed!
repetition: 74643
>passed!
repetition: 74644
>passed!
repetition: 74645
>passed!
repetition: 74646
>passed!
repetition: 74647
>passed!
repetition: 74648
>passed!
repetition: 74649
>passed!
repetition: 74650
>passed!
repetition: 74651
>passed!
repetition: 74652
>passed!
repetition: 74653
>passed!
repetition: 74654
>passed!
repetition: 74655
>passed!
repetition: 74656
>passed!
repetition: 74657
>passed!
repetition: 74658
>passed!
repetition: 74659
>passed!
repetition: 74660
>passed!
repetition: 74661
>passed!
repetition: 74662
>passed!
repetition: 74663
>passed!
repetition: 74664
>passed!
repetition: 74665
>passed!
repetition: 74666
>passed!
repetition: 74667
>passed!
repetition: 74668
>passed!
repetition: 74669
>passed!
repetition: 74670
>passed!
repetition: 74671
>passed!
repetition: 74672
>passed!
repetition: 74673
>passed!
repetition: 74674
>passed!
repetition: 74675
>passed!
repetition: 74676
>passed!
repetition: 74677
>passed!
repetition: 74678
>passed!
repetition: 74679
>passed!
repetition: 74680
>passed!
repetition: 74681
>passed!
repetition: 74682
>passed!
repetition: 74683
>passed!
repetition: 74684
>passed!
repetition: 74685
>passed!
repetition: 74686
>passed!
repetition: 74687
>passed!
repetition: 74688
>passed!
repetition: 74689
>passed!
repetition: 74690
>passed!
repetition: 74691
>passed!
repetition: 74692
>passed!
repetition: 74693
>passed!
repetition: 74694
>passed!
repetition: 74695
>passed!
repetition: 74696
>passed!
repetition: 74697
>passed!
repetition: 74698
>passed!
repetition: 74699
>passed!
repetition: 74700
>passed!
repetition: 74701
>passed!
repetition: 74702
>passed!
repetition: 74703
>passed!
repetition: 74704
>passed!
repetition: 74705
>passed!
repetition: 74706
>passed!
repetition: 74707
>passed!
repetition: 74708
>passed!
repetition: 74709
>passed!
repetition: 74710
>passed!
repetition: 74711
>passed!
repetition: 74712
>passed!
repetition: 74713
>passed!
repetition: 74714
>passed!
repetition: 74715
>passed!
repetition: 74716
>passed!
repetition: 74717
>passed!
repetition: 74718
>passed!
repetition: 74719
>passed!
repetition: 74720
>passed!
repetition: 74721
>passed!
repetition: 74722
>passed!
repetition: 74723
>passed!
repetition: 74724
>passed!
repetition: 74725
>passed!
repetition: 74726
>passed!
repetition: 74727
>passed!
repetition: 74728
>passed!
repetition: 74729
>passed!
repetition: 74730
>passed!
repetition: 74731
>passed!
repetition: 74732
>passed!
repetition: 74733
>passed!
repetition: 74734
>passed!
repetition: 74735
>passed!
repetition: 74736
>passed!
repetition: 74737
>passed!
repetition: 74738
>passed!
repetition: 74739
>passed!
repetition: 74740
>passed!
repetition: 74741
>passed!
repetition: 74742
>passed!
repetition: 74743
>passed!
repetition: 74744
>passed!
repetition: 74745
>passed!
repetition: 74746
>passed!
repetition: 74747
>passed!
repetition: 74748
>passed!
repetition: 74749
>passed!
repetition: 74750
>passed!
repetition: 74751
>passed!
repetition: 74752
>passed!
repetition: 74753
>passed!
repetition: 74754
>passed!
repetition: 74755
>passed!
repetition: 74756
>passed!
repetition: 74757
>passed!
repetition: 74758
>passed!
repetition: 74759
>passed!
repetition: 74760
>passed!
repetition: 74761
>passed!
repetition: 74762
>passed!
repetition: 74763
>passed!
repetition: 74764
>passed!
repetition: 74765
>passed!
repetition: 74766
>passed!
repetition: 74767
>passed!
repetition: 74768
>passed!
repetition: 74769
>passed!
repetition: 74770
>passed!
repetition: 74771
>passed!
repetition: 74772
>passed!
repetition: 74773
>passed!
repetition: 74774
>passed!
repetition: 74775
>passed!
repetition: 74776
>passed!
repetition: 74777
>passed!
repetition: 74778
>passed!
repetition: 74779
>passed!
repetition: 74780
>passed!
repetition: 74781
>passed!
repetition: 74782
>passed!
repetition: 74783
>passed!
repetition: 74784
>passed!
repetition: 74785
>passed!
repetition: 74786
>passed!
repetition: 74787
>passed!
repetition: 74788
>passed!
repetition: 74789
>passed!
repetition: 74790
>passed!
repetition: 74791
>passed!
repetition: 74792
>passed!
repetition: 74793
>passed!
repetition: 74794
>passed!
repetition: 74795
>passed!
repetition: 74796
>passed!
repetition: 74797
>passed!
repetition: 74798
>passed!
repetition: 74799
>passed!
repetition: 74800
>passed!
repetition: 74801
>passed!
repetition: 74802
>passed!
repetition: 74803
>passed!
repetition: 74804
>passed!
repetition: 74805
>passed!
repetition: 74806
>passed!
repetition: 74807
>passed!
repetition: 74808
>passed!
repetition: 74809
>passed!
repetition: 74810
>passed!
repetition: 74811
>passed!
repetition: 74812
>passed!
repetition: 74813
>passed!
repetition: 74814
>passed!
repetition: 74815
>passed!
repetition: 74816
>passed!
repetition: 74817
>passed!
repetition: 74818
>passed!
repetition: 74819
>passed!
repetition: 74820
>passed!
repetition: 74821
>passed!
repetition: 74822
>passed!
repetition: 74823
>passed!
repetition: 74824
>passed!
repetition: 74825
>passed!
repetition: 74826
>passed!
repetition: 74827
>passed!
repetition: 74828
>passed!
repetition: 74829
>passed!
repetition: 74830
>passed!
repetition: 74831
>passed!
repetition: 74832
>passed!
repetition: 74833
>passed!
repetition: 74834
>passed!
repetition: 74835
>passed!
repetition: 74836
>passed!
repetition: 74837
>passed!
repetition: 74838
>passed!
repetition: 74839
>passed!
repetition: 74840
>passed!
repetition: 74841
>passed!
repetition: 74842
>passed!
repetition: 74843
>passed!
repetition: 74844
>passed!
repetition: 74845
>passed!
repetition: 74846
>passed!
repetition: 74847
>passed!
repetition: 74848
>passed!
repetition: 74849
>passed!
repetition: 74850
>passed!
repetition: 74851
>passed!
repetition: 74852
>passed!
repetition: 74853
>passed!
repetition: 74854
>passed!
repetition: 74855
>passed!
repetition: 74856
>passed!
repetition: 74857
>passed!
repetition: 74858
>passed!
repetition: 74859
>passed!
repetition: 74860
>passed!
repetition: 74861
>passed!
repetition: 74862
>passed!
repetition: 74863
>passed!
repetition: 74864
>passed!
repetition: 74865
>passed!
repetition: 74866
>passed!
repetition: 74867
>passed!
repetition: 74868
>passed!
repetition: 74869
>passed!
repetition: 74870
>passed!
repetition: 74871
>passed!
repetition: 74872
>passed!
repetition: 74873
>passed!
repetition: 74874
>passed!
repetition: 74875
>passed!
repetition: 74876
>passed!
repetition: 74877
>passed!
repetition: 74878
>passed!
repetition: 74879
>passed!
repetition: 74880
>passed!
repetition: 74881
>passed!
repetition: 74882
>passed!
repetition: 74883
>passed!
repetition: 74884
>passed!
repetition: 74885
>passed!
repetition: 74886
>passed!
repetition: 74887
>passed!
repetition: 74888
>passed!
repetition: 74889
>passed!
repetition: 74890
>passed!
repetition: 74891
>passed!
repetition: 74892
>passed!
repetition: 74893
>passed!
repetition: 74894
>passed!
repetition: 74895
>passed!
repetition: 74896
>passed!
repetition: 74897
>passed!
repetition: 74898
>passed!
repetition: 74899
>passed!
repetition: 74900
>passed!
repetition: 74901
>passed!
repetition: 74902
>passed!
repetition: 74903
>passed!
repetition: 74904
>passed!
repetition: 74905
>passed!
repetition: 74906
>passed!
repetition: 74907
>passed!
repetition: 74908
>passed!
repetition: 74909
>passed!
repetition: 74910
>passed!
repetition: 74911
>passed!
repetition: 74912
>passed!
repetition: 74913
>passed!
repetition: 74914
>passed!
repetition: 74915
>passed!
repetition: 74916
>passed!
repetition: 74917
>passed!
repetition: 74918
>passed!
repetition: 74919
>passed!
repetition: 74920
>passed!
repetition: 74921
>passed!
repetition: 74922
>passed!
repetition: 74923
>passed!
repetition: 74924
>passed!
repetition: 74925
>passed!
repetition: 74926
>passed!
repetition: 74927
>passed!
repetition: 74928
>passed!
repetition: 74929
>passed!
repetition: 74930
>passed!
repetition: 74931
>passed!
repetition: 74932
>passed!
repetition: 74933
>passed!
repetition: 74934
>passed!
repetition: 74935
>passed!
repetition: 74936
>passed!
repetition: 74937
>passed!
repetition: 74938
>passed!
repetition: 74939
>passed!
repetition: 74940
>passed!
repetition: 74941
>passed!
repetition: 74942
>passed!
repetition: 74943
>passed!
repetition: 74944
>passed!
repetition: 74945
>passed!
repetition: 74946
>passed!
repetition: 74947
>passed!
repetition: 74948
>passed!
repetition: 74949
>passed!
repetition: 74950
>passed!
repetition: 74951
>passed!
repetition: 74952
>passed!
repetition: 74953
>passed!
repetition: 74954
>passed!
repetition: 74955
>passed!
repetition: 74956
>passed!
repetition: 74957
>passed!
repetition: 74958
>passed!
repetition: 74959
>passed!
repetition: 74960
>passed!
repetition: 74961
>passed!
repetition: 74962
>passed!
repetition: 74963
>passed!
repetition: 74964
>passed!
repetition: 74965
>passed!
repetition: 74966
>passed!
repetition: 74967
>passed!
repetition: 74968
>passed!
repetition: 74969
>passed!
repetition: 74970
>passed!
repetition: 74971
>passed!
repetition: 74972
>passed!
repetition: 74973
>passed!
repetition: 74974
>passed!
repetition: 74975
>passed!
repetition: 74976
>passed!
repetition: 74977
>passed!
repetition: 74978
>passed!
repetition: 74979
>passed!
repetition: 74980
>passed!
repetition: 74981
>passed!
repetition: 74982
>passed!
repetition: 74983
>passed!
repetition: 74984
>passed!
repetition: 74985
>passed!
repetition: 74986
>passed!
repetition: 74987
>passed!
repetition: 74988
>passed!
repetition: 74989
>passed!
repetition: 74990
>passed!
repetition: 74991
>passed!
repetition: 74992
>passed!
repetition: 74993
>passed!
repetition: 74994
>passed!
repetition: 74995
>passed!
repetition: 74996
>passed!
repetition: 74997
>passed!
repetition: 74998
>passed!
repetition: 74999
>passed!
repetition: 75000
>passed!
repetition: 75001
>passed!
repetition: 75002
>passed!
repetition: 75003
>passed!
repetition: 75004
>passed!
repetition: 75005
>passed!
repetition: 75006
>passed!
repetition: 75007
>passed!
repetition: 75008
>passed!
repetition: 75009
>passed!
repetition: 75010
>passed!
repetition: 75011
>passed!
repetition: 75012
>passed!
repetition: 75013
>passed!
repetition: 75014
>passed!
repetition: 75015
>passed!
repetition: 75016
>passed!
repetition: 75017
>passed!
repetition: 75018
>passed!
repetition: 75019
>passed!
repetition: 75020
>passed!
repetition: 75021
>passed!
repetition: 75022
>passed!
repetition: 75023
>passed!
repetition: 75024
>passed!
repetition: 75025
>passed!
repetition: 75026
>passed!
repetition: 75027
>passed!
repetition: 75028
>passed!
repetition: 75029
>passed!
repetition: 75030
>passed!
repetition: 75031
>passed!
repetition: 75032
>passed!
repetition: 75033
>passed!
repetition: 75034
>passed!
repetition: 75035
>passed!
repetition: 75036
>passed!
repetition: 75037
>passed!
repetition: 75038
>passed!
repetition: 75039
>passed!
repetition: 75040
>passed!
repetition: 75041
>passed!
repetition: 75042
>passed!
repetition: 75043
>passed!
repetition: 75044
>passed!
repetition: 75045
>passed!
repetition: 75046
>passed!
repetition: 75047
>passed!
repetition: 75048
>passed!
repetition: 75049
>passed!
repetition: 75050
>passed!
repetition: 75051
>passed!
repetition: 75052
>passed!
repetition: 75053
>passed!
repetition: 75054
>passed!
repetition: 75055
>passed!
repetition: 75056
>passed!
repetition: 75057
>passed!
repetition: 75058
>passed!
repetition: 75059
>passed!
repetition: 75060
>passed!
repetition: 75061
>passed!
repetition: 75062
>passed!
repetition: 75063
>passed!
repetition: 75064
>passed!
repetition: 75065
>passed!
repetition: 75066
>passed!
repetition: 75067
>passed!
repetition: 75068
>passed!
repetition: 75069
>passed!
repetition: 75070
>passed!
repetition: 75071
>passed!
repetition: 75072
>passed!
repetition: 75073
>passed!
repetition: 75074
>passed!
repetition: 75075
>passed!
repetition: 75076
>passed!
repetition: 75077
>passed!
repetition: 75078
>passed!
repetition: 75079
>passed!
repetition: 75080
>passed!
repetition: 75081
>passed!
repetition: 75082
>passed!
repetition: 75083
>passed!
repetition: 75084
>passed!
repetition: 75085
>passed!
repetition: 75086
>passed!
repetition: 75087
>passed!
repetition: 75088
>passed!
repetition: 75089
>passed!
repetition: 75090
>passed!
repetition: 75091
>passed!
repetition: 75092
>passed!
repetition: 75093
>passed!
repetition: 75094
>passed!
repetition: 75095
>passed!
repetition: 75096
>passed!
repetition: 75097
>passed!
repetition: 75098
>passed!
repetition: 75099
>passed!
repetition: 75100
>passed!
repetition: 75101
>passed!
repetition: 75102
>passed!
repetition: 75103
>passed!
repetition: 75104
>passed!
repetition: 75105
>passed!
repetition: 75106
>passed!
repetition: 75107
>passed!
repetition: 75108
>passed!
repetition: 75109
>passed!
repetition: 75110
>passed!
repetition: 75111
>passed!
repetition: 75112
>passed!
repetition: 75113
>passed!
repetition: 75114
>passed!
repetition: 75115
>passed!
repetition: 75116
>passed!
repetition: 75117
>passed!
repetition: 75118
>passed!
repetition: 75119
>passed!
repetition: 75120
>passed!
repetition: 75121
>passed!
repetition: 75122
>passed!
repetition: 75123
>passed!
repetition: 75124
>passed!
repetition: 75125
>passed!
repetition: 75126
>passed!
repetition: 75127
>passed!
repetition: 75128
>passed!
repetition: 75129
>passed!
repetition: 75130
>passed!
repetition: 75131
>passed!
repetition: 75132
>passed!
repetition: 75133
>passed!
repetition: 75134
>passed!
repetition: 75135
>passed!
repetition: 75136
>passed!
repetition: 75137
>passed!
repetition: 75138
>passed!
repetition: 75139
>passed!
repetition: 75140
>passed!
repetition: 75141
>passed!
repetition: 75142
>passed!
repetition: 75143
>passed!
repetition: 75144
>passed!
repetition: 75145
>passed!
repetition: 75146
>passed!
repetition: 75147
>passed!
repetition: 75148
>passed!
repetition: 75149
>passed!
repetition: 75150
>passed!
repetition: 75151
>passed!
repetition: 75152
>passed!
repetition: 75153
>passed!
repetition: 75154
>passed!
repetition: 75155
>passed!
repetition: 75156
>passed!
repetition: 75157
>passed!
repetition: 75158
>passed!
repetition: 75159
>passed!
repetition: 75160
>passed!
repetition: 75161
>passed!
repetition: 75162
>passed!
repetition: 75163
>passed!
repetition: 75164
>passed!
repetition: 75165
>passed!
repetition: 75166
>passed!
repetition: 75167
>passed!
repetition: 75168
>passed!
repetition: 75169
>passed!
repetition: 75170
>passed!
repetition: 75171
>passed!
repetition: 75172
>passed!
repetition: 75173
>passed!
repetition: 75174
>passed!
repetition: 75175
>passed!
repetition: 75176
>passed!
repetition: 75177
>passed!
repetition: 75178
>passed!
repetition: 75179
>passed!
repetition: 75180
>passed!
repetition: 75181
>passed!
repetition: 75182
>passed!
repetition: 75183
>passed!
repetition: 75184
>passed!
repetition: 75185
>passed!
repetition: 75186
>passed!
repetition: 75187
>passed!
repetition: 75188
>passed!
repetition: 75189
>passed!
repetition: 75190
>passed!
repetition: 75191
>passed!
repetition: 75192
>passed!
repetition: 75193
>passed!
repetition: 75194
>passed!
repetition: 75195
>passed!
repetition: 75196
>passed!
repetition: 75197
>passed!
repetition: 75198
>passed!
repetition: 75199
>passed!
repetition: 75200
>passed!
repetition: 75201
>passed!
repetition: 75202
>passed!
repetition: 75203
>passed!
repetition: 75204
>passed!
repetition: 75205
>passed!
repetition: 75206
>passed!
repetition: 75207
>passed!
repetition: 75208
>passed!
repetition: 75209
>passed!
repetition: 75210
>passed!
repetition: 75211
>passed!
repetition: 75212
>passed!
repetition: 75213
>passed!
repetition: 75214
>passed!
repetition: 75215
>passed!
repetition: 75216
>passed!
repetition: 75217
>passed!
repetition: 75218
>passed!
repetition: 75219
>passed!
repetition: 75220
>passed!
repetition: 75221
>passed!
repetition: 75222
>passed!
repetition: 75223
>passed!
repetition: 75224
>passed!
repetition: 75225
>passed!
repetition: 75226
>passed!
repetition: 75227
>passed!
repetition: 75228
>passed!
repetition: 75229
>passed!
repetition: 75230
>passed!
repetition: 75231
>passed!
repetition: 75232
>passed!
repetition: 75233
>passed!
repetition: 75234
>passed!
repetition: 75235
>passed!
repetition: 75236
>passed!
repetition: 75237
>passed!
repetition: 75238
>passed!
repetition: 75239
>passed!
repetition: 75240
>passed!
repetition: 75241
>passed!
repetition: 75242
>passed!
repetition: 75243
>passed!
repetition: 75244
>passed!
repetition: 75245
>passed!
repetition: 75246
>passed!
repetition: 75247
>passed!
repetition: 75248
>passed!
repetition: 75249
>passed!
repetition: 75250
>passed!
repetition: 75251
>passed!
repetition: 75252
>passed!
repetition: 75253
>passed!
repetition: 75254
>passed!
repetition: 75255
>passed!
repetition: 75256
>passed!
repetition: 75257
>passed!
repetition: 75258
>passed!
repetition: 75259
>passed!
repetition: 75260
>passed!
repetition: 75261
>passed!
repetition: 75262
>passed!
repetition: 75263
>passed!
repetition: 75264
>passed!
repetition: 75265
>passed!
repetition: 75266
>passed!
repetition: 75267
>passed!
repetition: 75268
>passed!
repetition: 75269
>passed!
repetition: 75270
>passed!
repetition: 75271
>passed!
repetition: 75272
>passed!
repetition: 75273
>passed!
repetition: 75274
>passed!
repetition: 75275
>passed!
repetition: 75276
>passed!
repetition: 75277
>passed!
repetition: 75278
>passed!
repetition: 75279
>passed!
repetition: 75280
>passed!
repetition: 75281
>passed!
repetition: 75282
>passed!
repetition: 75283
>passed!
repetition: 75284
>passed!
repetition: 75285
>passed!
repetition: 75286
>passed!
repetition: 75287
>passed!
repetition: 75288
>passed!
repetition: 75289
>passed!
repetition: 75290
>passed!
repetition: 75291
>passed!
repetition: 75292
>passed!
repetition: 75293
>passed!
repetition: 75294
>passed!
repetition: 75295
>passed!
repetition: 75296
>passed!
repetition: 75297
>passed!
repetition: 75298
>passed!
repetition: 75299
>passed!
repetition: 75300
>passed!
repetition: 75301
>passed!
repetition: 75302
>passed!
repetition: 75303
>passed!
repetition: 75304
>passed!
repetition: 75305
>passed!
repetition: 75306
>passed!
repetition: 75307
>passed!
repetition: 75308
>passed!
repetition: 75309
>passed!
repetition: 75310
>passed!
repetition: 75311
>passed!
repetition: 75312
>passed!
repetition: 75313
>passed!
repetition: 75314
>passed!
repetition: 75315
>passed!
repetition: 75316
>passed!
repetition: 75317
>passed!
repetition: 75318
>passed!
repetition: 75319
>passed!
repetition: 75320
>passed!
repetition: 75321
>passed!
repetition: 75322
>passed!
repetition: 75323
>passed!
repetition: 75324
>passed!
repetition: 75325
>passed!
repetition: 75326
>passed!
repetition: 75327
>passed!
repetition: 75328
>passed!
repetition: 75329
>passed!
repetition: 75330
>passed!
repetition: 75331
>passed!
repetition: 75332
>passed!
repetition: 75333
>passed!
repetition: 75334
>passed!
repetition: 75335
>passed!
repetition: 75336
>passed!
repetition: 75337
>passed!
repetition: 75338
>passed!
repetition: 75339
>passed!
repetition: 75340
>passed!
repetition: 75341
>passed!
repetition: 75342
>passed!
repetition: 75343
>passed!
repetition: 75344
>passed!
repetition: 75345
>passed!
repetition: 75346
>passed!
repetition: 75347
>passed!
repetition: 75348
>passed!
repetition: 75349
>passed!
repetition: 75350
>passed!
repetition: 75351
>passed!
repetition: 75352
>passed!
repetition: 75353
>passed!
repetition: 75354
>passed!
repetition: 75355
>passed!
repetition: 75356
>passed!
repetition: 75357
>passed!
repetition: 75358
>passed!
repetition: 75359
>passed!
repetition: 75360
>passed!
repetition: 75361
>passed!
repetition: 75362
>passed!
repetition: 75363
>passed!
repetition: 75364
>passed!
repetition: 75365
>passed!
repetition: 75366
>passed!
repetition: 75367
>passed!
repetition: 75368
>passed!
repetition: 75369
>passed!
repetition: 75370
>passed!
repetition: 75371
>passed!
repetition: 75372
>passed!
repetition: 75373
>passed!
repetition: 75374
>passed!
repetition: 75375
>passed!
repetition: 75376
>passed!
repetition: 75377
>passed!
repetition: 75378
>passed!
repetition: 75379
>passed!
repetition: 75380
>passed!
repetition: 75381
>passed!
repetition: 75382
>passed!
repetition: 75383
>passed!
repetition: 75384
>passed!
repetition: 75385
>passed!
repetition: 75386
>passed!
repetition: 75387
>passed!
repetition: 75388
>passed!
repetition: 75389
>passed!
repetition: 75390
>passed!
repetition: 75391
>passed!
repetition: 75392
>passed!
repetition: 75393
>passed!
repetition: 75394
>passed!
repetition: 75395
>passed!
repetition: 75396
>passed!
repetition: 75397
>passed!
repetition: 75398
>passed!
repetition: 75399
>passed!
repetition: 75400
>passed!
repetition: 75401
>passed!
repetition: 75402
>passed!
repetition: 75403
>passed!
repetition: 75404
>passed!
repetition: 75405
>passed!
repetition: 75406
>passed!
repetition: 75407
>passed!
repetition: 75408
>passed!
repetition: 75409
>passed!
repetition: 75410
>passed!
repetition: 75411
>passed!
repetition: 75412
>passed!
repetition: 75413
>passed!
repetition: 75414
>passed!
repetition: 75415
>passed!
repetition: 75416
>passed!
repetition: 75417
>passed!
repetition: 75418
>passed!
repetition: 75419
>passed!
repetition: 75420
>passed!
repetition: 75421
>passed!
repetition: 75422
>passed!
repetition: 75423
>passed!
repetition: 75424
>passed!
repetition: 75425
>passed!
repetition: 75426
>passed!
repetition: 75427
>passed!
repetition: 75428
>passed!
repetition: 75429
>passed!
repetition: 75430
>passed!
repetition: 75431
>passed!
repetition: 75432
>passed!
repetition: 75433
>passed!
repetition: 75434
>passed!
repetition: 75435
>passed!
repetition: 75436
>passed!
repetition: 75437
>passed!
repetition: 75438
>passed!
repetition: 75439
>passed!
repetition: 75440
>passed!
repetition: 75441
>passed!
repetition: 75442
>passed!
repetition: 75443
>passed!
repetition: 75444
>passed!
repetition: 75445
>passed!
repetition: 75446
>passed!
repetition: 75447
>passed!
repetition: 75448
>passed!
repetition: 75449
>passed!
repetition: 75450
>passed!
repetition: 75451
>passed!
repetition: 75452
>passed!
repetition: 75453
>passed!
repetition: 75454
>passed!
repetition: 75455
>passed!
repetition: 75456
>passed!
repetition: 75457
>passed!
repetition: 75458
>passed!
repetition: 75459
>passed!
repetition: 75460
>passed!
repetition: 75461
>passed!
repetition: 75462
>passed!
repetition: 75463
>passed!
repetition: 75464
>passed!
repetition: 75465
>passed!
repetition: 75466
>passed!
repetition: 75467
>passed!
repetition: 75468
>passed!
repetition: 75469
>passed!
repetition: 75470
>passed!
repetition: 75471
>passed!
repetition: 75472
>passed!
repetition: 75473
>passed!
repetition: 75474
>passed!
repetition: 75475
>passed!
repetition: 75476
>passed!
repetition: 75477
>passed!
repetition: 75478
>passed!
repetition: 75479
>passed!
repetition: 75480
>passed!
repetition: 75481
>passed!
repetition: 75482
>passed!
repetition: 75483
>passed!
repetition: 75484
>passed!
repetition: 75485
>passed!
repetition: 75486
>passed!
repetition: 75487
>passed!
repetition: 75488
>passed!
repetition: 75489
>passed!
repetition: 75490
>passed!
repetition: 75491
>passed!
repetition: 75492
>passed!
repetition: 75493
>passed!
repetition: 75494
>passed!
repetition: 75495
>passed!
repetition: 75496
>passed!
repetition: 75497
>passed!
repetition: 75498
>passed!
repetition: 75499
>passed!
repetition: 75500
>passed!
repetition: 75501
>passed!
repetition: 75502
>passed!
repetition: 75503
>passed!
repetition: 75504
>passed!
repetition: 75505
>passed!
repetition: 75506
>passed!
repetition: 75507
>passed!
repetition: 75508
>passed!
repetition: 75509
>passed!
repetition: 75510
>passed!
repetition: 75511
>passed!
repetition: 75512
>passed!
repetition: 75513
>passed!
repetition: 75514
>passed!
repetition: 75515
>passed!
repetition: 75516
>passed!
repetition: 75517
>passed!
repetition: 75518
>passed!
repetition: 75519
>passed!
repetition: 75520
>passed!
repetition: 75521
>passed!
repetition: 75522
>passed!
repetition: 75523
>passed!
repetition: 75524
>passed!
repetition: 75525
>passed!
repetition: 75526
>passed!
repetition: 75527
>passed!
repetition: 75528
>passed!
repetition: 75529
>passed!
repetition: 75530
>passed!
repetition: 75531
>passed!
repetition: 75532
>passed!
repetition: 75533
>passed!
repetition: 75534
>passed!
repetition: 75535
>passed!
repetition: 75536
>passed!
repetition: 75537
>passed!
repetition: 75538
>passed!
repetition: 75539
>passed!
repetition: 75540
>passed!
repetition: 75541
>passed!
repetition: 75542
>passed!
repetition: 75543
>passed!
repetition: 75544
>passed!
repetition: 75545
>passed!
repetition: 75546
>passed!
repetition: 75547
>passed!
repetition: 75548
>passed!
repetition: 75549
>passed!
repetition: 75550
>passed!
repetition: 75551
>passed!
repetition: 75552
>passed!
repetition: 75553
>passed!
repetition: 75554
>passed!
repetition: 75555
>passed!
repetition: 75556
>passed!
repetition: 75557
>passed!
repetition: 75558
>passed!
repetition: 75559
>passed!
repetition: 75560
>passed!
repetition: 75561
>passed!
repetition: 75562
>passed!
repetition: 75563
>passed!
repetition: 75564
>passed!
repetition: 75565
>passed!
repetition: 75566
>passed!
repetition: 75567
>passed!
repetition: 75568
>passed!
repetition: 75569
>passed!
repetition: 75570
>passed!
repetition: 75571
>passed!
repetition: 75572
>passed!
repetition: 75573
>passed!
repetition: 75574
>passed!
repetition: 75575
>passed!
repetition: 75576
>passed!
repetition: 75577
>passed!
repetition: 75578
>passed!
repetition: 75579
>passed!
repetition: 75580
>passed!
repetition: 75581
>passed!
repetition: 75582
>passed!
repetition: 75583
>passed!
repetition: 75584
>passed!
repetition: 75585
>passed!
repetition: 75586
>passed!
repetition: 75587
>passed!
repetition: 75588
>passed!
repetition: 75589
>passed!
repetition: 75590
>passed!
repetition: 75591
>passed!
repetition: 75592
>passed!
repetition: 75593
>passed!
repetition: 75594
>passed!
repetition: 75595
>passed!
repetition: 75596
>passed!
repetition: 75597
>passed!
repetition: 75598
>passed!
repetition: 75599
>passed!
repetition: 75600
>passed!
repetition: 75601
>passed!
repetition: 75602
>passed!
repetition: 75603
>passed!
repetition: 75604
>passed!
repetition: 75605
>passed!
repetition: 75606
>passed!
repetition: 75607
>passed!
repetition: 75608
>passed!
repetition: 75609
>passed!
repetition: 75610
>passed!
repetition: 75611
>passed!
repetition: 75612
>passed!
repetition: 75613
>passed!
repetition: 75614
>passed!
repetition: 75615
>passed!
repetition: 75616
>passed!
repetition: 75617
>passed!
repetition: 75618
>passed!
repetition: 75619
>passed!
repetition: 75620
>passed!
repetition: 75621
>passed!
repetition: 75622
>passed!
repetition: 75623
>passed!
repetition: 75624
>passed!
repetition: 75625
>passed!
repetition: 75626
>passed!
repetition: 75627
>passed!
repetition: 75628
>passed!
repetition: 75629
>passed!
repetition: 75630
>passed!
repetition: 75631
>passed!
repetition: 75632
>passed!
repetition: 75633
>passed!
repetition: 75634
>passed!
repetition: 75635
>passed!
repetition: 75636
>passed!
repetition: 75637
>passed!
repetition: 75638
>passed!
repetition: 75639
>passed!
repetition: 75640
>passed!
repetition: 75641
>passed!
repetition: 75642
>passed!
repetition: 75643
>passed!
repetition: 75644
>passed!
repetition: 75645
>passed!
repetition: 75646
>passed!
repetition: 75647
>passed!
repetition: 75648
>passed!
repetition: 75649
>passed!
repetition: 75650
>passed!
repetition: 75651
>passed!
repetition: 75652
>passed!
repetition: 75653
>passed!
repetition: 75654
>passed!
repetition: 75655
>passed!
repetition: 75656
>passed!
repetition: 75657
>passed!
repetition: 75658
>passed!
repetition: 75659
>passed!
repetition: 75660
>passed!
repetition: 75661
>passed!
repetition: 75662
>passed!
repetition: 75663
>passed!
repetition: 75664
>passed!
repetition: 75665
>passed!
repetition: 75666
>passed!
repetition: 75667
>passed!
repetition: 75668
>passed!
repetition: 75669
>passed!
repetition: 75670
>passed!
repetition: 75671
>passed!
repetition: 75672
>passed!
repetition: 75673
>passed!
repetition: 75674
>passed!
repetition: 75675
>passed!
repetition: 75676
>passed!
repetition: 75677
>passed!
repetition: 75678
>passed!
repetition: 75679
>passed!
repetition: 75680
>passed!
repetition: 75681
>passed!
repetition: 75682
>passed!
repetition: 75683
>passed!
repetition: 75684
>passed!
repetition: 75685
>passed!
repetition: 75686
>passed!
repetition: 75687
>passed!
repetition: 75688
>passed!
repetition: 75689
>passed!
repetition: 75690
>passed!
repetition: 75691
>passed!
repetition: 75692
>passed!
repetition: 75693
>passed!
repetition: 75694
>passed!
repetition: 75695
>passed!
repetition: 75696
>passed!
repetition: 75697
>passed!
repetition: 75698
>passed!
repetition: 75699
>passed!
repetition: 75700
>passed!
repetition: 75701
>passed!
repetition: 75702
>passed!
repetition: 75703
>passed!
repetition: 75704
>passed!
repetition: 75705
>passed!
repetition: 75706
>passed!
repetition: 75707
>passed!
repetition: 75708
>passed!
repetition: 75709
>passed!
repetition: 75710
>passed!
repetition: 75711
>passed!
repetition: 75712
>passed!
repetition: 75713
>passed!
repetition: 75714
>passed!
repetition: 75715
>passed!
repetition: 75716
>passed!
repetition: 75717
>passed!
repetition: 75718
>passed!
repetition: 75719
>passed!
repetition: 75720
>passed!
repetition: 75721
>passed!
repetition: 75722
>passed!
repetition: 75723
>passed!
repetition: 75724
>passed!
repetition: 75725
>passed!
repetition: 75726
>passed!
repetition: 75727
>passed!
repetition: 75728
>passed!
repetition: 75729
>passed!
repetition: 75730
>passed!
repetition: 75731
>passed!
repetition: 75732
>passed!
repetition: 75733
>passed!
repetition: 75734
>passed!
repetition: 75735
>passed!
repetition: 75736
>passed!
repetition: 75737
>passed!
repetition: 75738
>passed!
repetition: 75739
>passed!
repetition: 75740
>passed!
repetition: 75741
>passed!
repetition: 75742
>passed!
repetition: 75743
>passed!
repetition: 75744
>passed!
repetition: 75745
>passed!
repetition: 75746
>passed!
repetition: 75747
>passed!
repetition: 75748
>passed!
repetition: 75749
>passed!
repetition: 75750
>passed!
repetition: 75751
>passed!
repetition: 75752
>passed!
repetition: 75753
>passed!
repetition: 75754
>passed!
repetition: 75755
>passed!
repetition: 75756
>passed!
repetition: 75757
>passed!
repetition: 75758
>passed!
repetition: 75759
>passed!
repetition: 75760
>passed!
repetition: 75761
>passed!
repetition: 75762
>passed!
repetition: 75763
>passed!
repetition: 75764
>passed!
repetition: 75765
>passed!
repetition: 75766
>passed!
repetition: 75767
>passed!
repetition: 75768
>passed!
repetition: 75769
>passed!
repetition: 75770
>passed!
repetition: 75771
>passed!
repetition: 75772
>passed!
repetition: 75773
>passed!
repetition: 75774
>passed!
repetition: 75775
>passed!
repetition: 75776
>passed!
repetition: 75777
>passed!
repetition: 75778
>passed!
repetition: 75779
>passed!
repetition: 75780
>passed!
repetition: 75781
>passed!
repetition: 75782
>passed!
repetition: 75783
>passed!
repetition: 75784
>passed!
repetition: 75785
>passed!
repetition: 75786
>passed!
repetition: 75787
>passed!
repetition: 75788
>passed!
repetition: 75789
>passed!
repetition: 75790
>passed!
repetition: 75791
>passed!
repetition: 75792
>passed!
repetition: 75793
>passed!
repetition: 75794
>passed!
repetition: 75795
>passed!
repetition: 75796
>passed!
repetition: 75797
>passed!
repetition: 75798
>passed!
repetition: 75799
>passed!
repetition: 75800
>passed!
repetition: 75801
>passed!
repetition: 75802
>passed!
repetition: 75803
>passed!
repetition: 75804
>passed!
repetition: 75805
>passed!
repetition: 75806
>passed!
repetition: 75807
>passed!
repetition: 75808
>passed!
repetition: 75809
>passed!
repetition: 75810
>passed!
repetition: 75811
>passed!
repetition: 75812
>passed!
repetition: 75813
>passed!
repetition: 75814
>passed!
repetition: 75815
>passed!
repetition: 75816
>passed!
repetition: 75817
>passed!
repetition: 75818
>passed!
repetition: 75819
>passed!
repetition: 75820
>passed!
repetition: 75821
>passed!
repetition: 75822
>passed!
repetition: 75823
>passed!
repetition: 75824
>passed!
repetition: 75825
>passed!
repetition: 75826
>passed!
repetition: 75827
>passed!
repetition: 75828
>passed!
repetition: 75829
>passed!
repetition: 75830
>passed!
repetition: 75831
>passed!
repetition: 75832
>passed!
repetition: 75833
>passed!
repetition: 75834
>passed!
repetition: 75835
>passed!
repetition: 75836
>passed!
repetition: 75837
>passed!
repetition: 75838
>passed!
repetition: 75839
>passed!
repetition: 75840
>passed!
repetition: 75841
>passed!
repetition: 75842
>passed!
repetition: 75843
>passed!
repetition: 75844
>passed!
repetition: 75845
>passed!
repetition: 75846
>passed!
repetition: 75847
>passed!
repetition: 75848
>passed!
repetition: 75849
>passed!
repetition: 75850
>passed!
repetition: 75851
>passed!
repetition: 75852
>passed!
repetition: 75853
>passed!
repetition: 75854
>passed!
repetition: 75855
>passed!
repetition: 75856
>passed!
repetition: 75857
>passed!
repetition: 75858
>passed!
repetition: 75859
>passed!
repetition: 75860
>passed!
repetition: 75861
>passed!
repetition: 75862
>passed!
repetition: 75863
>passed!
repetition: 75864
>passed!
repetition: 75865
>passed!
repetition: 75866
>passed!
repetition: 75867
>passed!
repetition: 75868
>passed!
repetition: 75869
>passed!
repetition: 75870
>passed!
repetition: 75871
>passed!
repetition: 75872
>passed!
repetition: 75873
>passed!
repetition: 75874
>passed!
repetition: 75875
>passed!
repetition: 75876
>passed!
repetition: 75877
>passed!
repetition: 75878
>passed!
repetition: 75879
>passed!
repetition: 75880
>passed!
repetition: 75881
>passed!
repetition: 75882
>passed!
repetition: 75883
>passed!
repetition: 75884
>passed!
repetition: 75885
>passed!
repetition: 75886
>passed!
repetition: 75887
>passed!
repetition: 75888
>passed!
repetition: 75889
>passed!
repetition: 75890
>passed!
repetition: 75891
>passed!
repetition: 75892
>passed!
repetition: 75893
>passed!
repetition: 75894
>passed!
repetition: 75895
>passed!
repetition: 75896
>passed!
repetition: 75897
>passed!
repetition: 75898
>passed!
repetition: 75899
>passed!
repetition: 75900
>passed!
repetition: 75901
>passed!
repetition: 75902
>passed!
repetition: 75903
>passed!
repetition: 75904
>passed!
repetition: 75905
>passed!
repetition: 75906
>passed!
repetition: 75907
>passed!
repetition: 75908
>passed!
repetition: 75909
>passed!
repetition: 75910
>passed!
repetition: 75911
>passed!
repetition: 75912
>passed!
repetition: 75913
>passed!
repetition: 75914
>passed!
repetition: 75915
>passed!
repetition: 75916
>passed!
repetition: 75917
>passed!
repetition: 75918
>passed!
repetition: 75919
>passed!
repetition: 75920
>passed!
repetition: 75921
>passed!
repetition: 75922
>passed!
repetition: 75923
>passed!
repetition: 75924
>passed!
repetition: 75925
>passed!
repetition: 75926
>passed!
repetition: 75927
>passed!
repetition: 75928
>passed!
repetition: 75929
>passed!
repetition: 75930
>passed!
repetition: 75931
>passed!
repetition: 75932
>passed!
repetition: 75933
>passed!
repetition: 75934
>passed!
repetition: 75935
>passed!
repetition: 75936
>passed!
repetition: 75937
>passed!
repetition: 75938
>passed!
repetition: 75939
>passed!
repetition: 75940
>passed!
repetition: 75941
>passed!
repetition: 75942
>passed!
repetition: 75943
>passed!
repetition: 75944
>passed!
repetition: 75945
>passed!
repetition: 75946
>passed!
repetition: 75947
>passed!
repetition: 75948
>passed!
repetition: 75949
>passed!
repetition: 75950
>passed!
repetition: 75951
>passed!
repetition: 75952
>passed!
repetition: 75953
>passed!
repetition: 75954
>passed!
repetition: 75955
>passed!
repetition: 75956
>passed!
repetition: 75957
>passed!
repetition: 75958
>passed!
repetition: 75959
>passed!
repetition: 75960
>passed!
repetition: 75961
>passed!
repetition: 75962
>passed!
repetition: 75963
>passed!
repetition: 75964
>passed!
repetition: 75965
>passed!
repetition: 75966
>passed!
repetition: 75967
>passed!
repetition: 75968
>passed!
repetition: 75969
>passed!
repetition: 75970
>passed!
repetition: 75971
>passed!
repetition: 75972
>passed!
repetition: 75973
>passed!
repetition: 75974
>passed!
repetition: 75975
>passed!
repetition: 75976
>passed!
repetition: 75977
>passed!
repetition: 75978
>passed!
repetition: 75979
>passed!
repetition: 75980
>passed!
repetition: 75981
>passed!
repetition: 75982
>passed!
repetition: 75983
>passed!
repetition: 75984
>passed!
repetition: 75985
>passed!
repetition: 75986
>passed!
repetition: 75987
>passed!
repetition: 75988
>passed!
repetition: 75989
>passed!
repetition: 75990
>passed!
repetition: 75991
>passed!
repetition: 75992
>passed!
repetition: 75993
>passed!
repetition: 75994
>passed!
repetition: 75995
>passed!
repetition: 75996
>passed!
repetition: 75997
>passed!
repetition: 75998
>passed!
repetition: 75999
>passed!
repetition: 76000
>passed!
repetition: 76001
>passed!
repetition: 76002
>passed!
repetition: 76003
>passed!
repetition: 76004
>passed!
repetition: 76005
>passed!
repetition: 76006
>passed!
repetition: 76007
>passed!
repetition: 76008
>passed!
repetition: 76009
>passed!
repetition: 76010
>passed!
repetition: 76011
>passed!
repetition: 76012
>passed!
repetition: 76013
>passed!
repetition: 76014
>passed!
repetition: 76015
>passed!
repetition: 76016
>passed!
repetition: 76017
>passed!
repetition: 76018
>passed!
repetition: 76019
>passed!
repetition: 76020
>passed!
repetition: 76021
>passed!
repetition: 76022
>passed!
repetition: 76023
>passed!
repetition: 76024
>passed!
repetition: 76025
>passed!
repetition: 76026
>passed!
repetition: 76027
>passed!
repetition: 76028
>passed!
repetition: 76029
>passed!
repetition: 76030
>passed!
repetition: 76031
>passed!
repetition: 76032
>passed!
repetition: 76033
>passed!
repetition: 76034
>passed!
repetition: 76035
>passed!
repetition: 76036
>passed!
repetition: 76037
>passed!
repetition: 76038
>passed!
repetition: 76039
>passed!
repetition: 76040
>passed!
repetition: 76041
>passed!
repetition: 76042
>passed!
repetition: 76043
>passed!
repetition: 76044
>passed!
repetition: 76045
>passed!
repetition: 76046
>passed!
repetition: 76047
>passed!
repetition: 76048
>passed!
repetition: 76049
>passed!
repetition: 76050
>passed!
repetition: 76051
>passed!
repetition: 76052
>passed!
repetition: 76053
>passed!
repetition: 76054
>passed!
repetition: 76055
>passed!
repetition: 76056
>passed!
repetition: 76057
>passed!
repetition: 76058
>passed!
repetition: 76059
>passed!
repetition: 76060
>passed!
repetition: 76061
>passed!
repetition: 76062
>passed!
repetition: 76063
>passed!
repetition: 76064
>passed!
repetition: 76065
>passed!
repetition: 76066
>passed!
repetition: 76067
>passed!
repetition: 76068
>passed!
repetition: 76069
>passed!
repetition: 76070
>passed!
repetition: 76071
>passed!
repetition: 76072
>passed!
repetition: 76073
>passed!
repetition: 76074
>passed!
repetition: 76075
>passed!
repetition: 76076
>passed!
repetition: 76077
>passed!
repetition: 76078
>passed!
repetition: 76079
>passed!
repetition: 76080
>passed!
repetition: 76081
>passed!
repetition: 76082
>passed!
repetition: 76083
>passed!
repetition: 76084
>passed!
repetition: 76085
>passed!
repetition: 76086
>passed!
repetition: 76087
>passed!
repetition: 76088
>passed!
repetition: 76089
>passed!
repetition: 76090
>passed!
repetition: 76091
>passed!
repetition: 76092
>passed!
repetition: 76093
>passed!
repetition: 76094
>passed!
repetition: 76095
>passed!
repetition: 76096
>passed!
repetition: 76097
>passed!
repetition: 76098
>passed!
repetition: 76099
>passed!
repetition: 76100
>passed!
repetition: 76101
>passed!
repetition: 76102
>passed!
repetition: 76103
>passed!
repetition: 76104
>passed!
repetition: 76105
>passed!
repetition: 76106
>passed!
repetition: 76107
>passed!
repetition: 76108
>passed!
repetition: 76109
>passed!
repetition: 76110
>passed!
repetition: 76111
>passed!
repetition: 76112
>passed!
repetition: 76113
>passed!
repetition: 76114
>passed!
repetition: 76115
>passed!
repetition: 76116
>passed!
repetition: 76117
>passed!
repetition: 76118
>passed!
repetition: 76119
>passed!
repetition: 76120
>passed!
repetition: 76121
>passed!
repetition: 76122
>passed!
repetition: 76123
>passed!
repetition: 76124
>passed!
repetition: 76125
>passed!
repetition: 76126
>passed!
repetition: 76127
>passed!
repetition: 76128
>passed!
repetition: 76129
>passed!
repetition: 76130
>passed!
repetition: 76131
>passed!
repetition: 76132
>passed!
repetition: 76133
>passed!
repetition: 76134
>passed!
repetition: 76135
>passed!
repetition: 76136
>passed!
repetition: 76137
>passed!
repetition: 76138
>passed!
repetition: 76139
>passed!
repetition: 76140
>passed!
repetition: 76141
>passed!
repetition: 76142
>passed!
repetition: 76143
>passed!
repetition: 76144
>passed!
repetition: 76145
>passed!
repetition: 76146
>passed!
repetition: 76147
>passed!
repetition: 76148
>passed!
repetition: 76149
>passed!
repetition: 76150
>passed!
repetition: 76151
>passed!
repetition: 76152
>passed!
repetition: 76153
>passed!
repetition: 76154
>passed!
repetition: 76155
>passed!
repetition: 76156
>passed!
repetition: 76157
>passed!
repetition: 76158
>passed!
repetition: 76159
>passed!
repetition: 76160
>passed!
repetition: 76161
>passed!
repetition: 76162
>passed!
repetition: 76163
>passed!
repetition: 76164
>passed!
repetition: 76165
>passed!
repetition: 76166
>passed!
repetition: 76167
>passed!
repetition: 76168
>passed!
repetition: 76169
>passed!
repetition: 76170
>passed!
repetition: 76171
>passed!
repetition: 76172
>passed!
repetition: 76173
>passed!
repetition: 76174
>passed!
repetition: 76175
>passed!
repetition: 76176
>passed!
repetition: 76177
>passed!
repetition: 76178
>passed!
repetition: 76179
>passed!
repetition: 76180
>passed!
repetition: 76181
>passed!
repetition: 76182
>passed!
repetition: 76183
>passed!
repetition: 76184
>passed!
repetition: 76185
>passed!
repetition: 76186
>passed!
repetition: 76187
>passed!
repetition: 76188
>passed!
repetition: 76189
>passed!
repetition: 76190
>passed!
repetition: 76191
>passed!
repetition: 76192
>passed!
repetition: 76193
>passed!
repetition: 76194
>passed!
repetition: 76195
>passed!
repetition: 76196
>passed!
repetition: 76197
>passed!
repetition: 76198
>passed!
repetition: 76199
>passed!
repetition: 76200
>passed!
repetition: 76201
>passed!
repetition: 76202
>passed!
repetition: 76203
>passed!
repetition: 76204
>passed!
repetition: 76205
>passed!
repetition: 76206
>passed!
repetition: 76207
>passed!
repetition: 76208
>passed!
repetition: 76209
>passed!
repetition: 76210
>passed!
repetition: 76211
>passed!
repetition: 76212
>passed!
repetition: 76213
>passed!
repetition: 76214
>passed!
repetition: 76215
>passed!
repetition: 76216
>passed!
repetition: 76217
>passed!
repetition: 76218
>passed!
repetition: 76219
>passed!
repetition: 76220
>passed!
repetition: 76221
>passed!
repetition: 76222
>passed!
repetition: 76223
>passed!
repetition: 76224
>passed!
repetition: 76225
>passed!
repetition: 76226
>passed!
repetition: 76227
>passed!
repetition: 76228
>passed!
repetition: 76229
>passed!
repetition: 76230
>passed!
repetition: 76231
>passed!
repetition: 76232
>passed!
repetition: 76233
>passed!
repetition: 76234
>passed!
repetition: 76235
>passed!
repetition: 76236
>passed!
repetition: 76237
>passed!
repetition: 76238
>passed!
repetition: 76239
>passed!
repetition: 76240
>passed!
repetition: 76241
>passed!
repetition: 76242
>passed!
repetition: 76243
>passed!
repetition: 76244
>passed!
repetition: 76245
>passed!
repetition: 76246
>passed!
repetition: 76247
>passed!
repetition: 76248
>passed!
repetition: 76249
>passed!
repetition: 76250
>passed!
repetition: 76251
>passed!
repetition: 76252
>passed!
repetition: 76253
>passed!
repetition: 76254
>passed!
repetition: 76255
>passed!
repetition: 76256
>passed!
repetition: 76257
>passed!
repetition: 76258
>passed!
repetition: 76259
>passed!
repetition: 76260
>passed!
repetition: 76261
>passed!
repetition: 76262
>passed!
repetition: 76263
>passed!
repetition: 76264
>passed!
repetition: 76265
>passed!
repetition: 76266
>passed!
repetition: 76267
>passed!
repetition: 76268
>passed!
repetition: 76269
>passed!
repetition: 76270
>passed!
repetition: 76271
>passed!
repetition: 76272
>passed!
repetition: 76273
>passed!
repetition: 76274
>passed!
repetition: 76275
>passed!
repetition: 76276
>passed!
repetition: 76277
>passed!
repetition: 76278
>passed!
repetition: 76279
>passed!
repetition: 76280
>passed!
repetition: 76281
>passed!
repetition: 76282
>passed!
repetition: 76283
>passed!
repetition: 76284
>passed!
repetition: 76285
>passed!
repetition: 76286
>passed!
repetition: 76287
>passed!
repetition: 76288
>passed!
repetition: 76289
>passed!
repetition: 76290
>passed!
repetition: 76291
>passed!
repetition: 76292
>passed!
repetition: 76293
>passed!
repetition: 76294
>passed!
repetition: 76295
>passed!
repetition: 76296
>passed!
repetition: 76297
>passed!
repetition: 76298
>passed!
repetition: 76299
>passed!
repetition: 76300
>passed!
repetition: 76301
>passed!
repetition: 76302
>passed!
repetition: 76303
>passed!
repetition: 76304
>passed!
repetition: 76305
>passed!
repetition: 76306
>passed!
repetition: 76307
>passed!
repetition: 76308
>passed!
repetition: 76309
>passed!
repetition: 76310
>passed!
repetition: 76311
>passed!
repetition: 76312
>passed!
repetition: 76313
>passed!
repetition: 76314
>passed!
repetition: 76315
>passed!
repetition: 76316
>passed!
repetition: 76317
>passed!
repetition: 76318
>passed!
repetition: 76319
>passed!
repetition: 76320
>passed!
repetition: 76321
>passed!
repetition: 76322
>passed!
repetition: 76323
>passed!
repetition: 76324
>passed!
repetition: 76325
>passed!
repetition: 76326
>passed!
repetition: 76327
>passed!
repetition: 76328
>passed!
repetition: 76329
>passed!
repetition: 76330
>passed!
repetition: 76331
>passed!
repetition: 76332
>passed!
repetition: 76333
>passed!
repetition: 76334
>passed!
repetition: 76335
>passed!
repetition: 76336
>passed!
repetition: 76337
>passed!
repetition: 76338
>passed!
repetition: 76339
>passed!
repetition: 76340
>passed!
repetition: 76341
>passed!
repetition: 76342
>passed!
repetition: 76343
>passed!
repetition: 76344
>passed!
repetition: 76345
>passed!
repetition: 76346
>passed!
repetition: 76347
>passed!
repetition: 76348
>passed!
repetition: 76349
>passed!
repetition: 76350
>passed!
repetition: 76351
>passed!
repetition: 76352
>passed!
repetition: 76353
>passed!
repetition: 76354
>passed!
repetition: 76355
>passed!
repetition: 76356
>passed!
repetition: 76357
>passed!
repetition: 76358
>passed!
repetition: 76359
>passed!
repetition: 76360
>passed!
repetition: 76361
>passed!
repetition: 76362
>passed!
repetition: 76363
>passed!
repetition: 76364
>passed!
repetition: 76365
>passed!
repetition: 76366
>passed!
repetition: 76367
>passed!
repetition: 76368
>passed!
repetition: 76369
>passed!
repetition: 76370
>passed!
repetition: 76371
>passed!
repetition: 76372
>passed!
repetition: 76373
>passed!
repetition: 76374
>passed!
repetition: 76375
>passed!
repetition: 76376
>passed!
repetition: 76377
>passed!
repetition: 76378
>passed!
repetition: 76379
>passed!
repetition: 76380
>passed!
repetition: 76381
>passed!
repetition: 76382
>passed!
repetition: 76383
>passed!
repetition: 76384
>passed!
repetition: 76385
>passed!
repetition: 76386
>passed!
repetition: 76387
>passed!
repetition: 76388
>passed!
repetition: 76389
>passed!
repetition: 76390
>passed!
repetition: 76391
>passed!
repetition: 76392
>passed!
repetition: 76393
>passed!
repetition: 76394
>passed!
repetition: 76395
>passed!
repetition: 76396
>passed!
repetition: 76397
>passed!
repetition: 76398
>passed!
repetition: 76399
>passed!
repetition: 76400
>passed!
repetition: 76401
>passed!
repetition: 76402
>passed!
repetition: 76403
>passed!
repetition: 76404
>passed!
repetition: 76405
>passed!
repetition: 76406
>passed!
repetition: 76407
>passed!
repetition: 76408
>passed!
repetition: 76409
>passed!
repetition: 76410
>passed!
repetition: 76411
>passed!
repetition: 76412
>passed!
repetition: 76413
>passed!
repetition: 76414
>passed!
repetition: 76415
>passed!
repetition: 76416
>passed!
repetition: 76417
>passed!
repetition: 76418
>passed!
repetition: 76419
>passed!
repetition: 76420
>passed!
repetition: 76421
>passed!
repetition: 76422
>passed!
repetition: 76423
>passed!
repetition: 76424
>passed!
repetition: 76425
>passed!
repetition: 76426
>passed!
repetition: 76427
>passed!
repetition: 76428
>passed!
repetition: 76429
>passed!
repetition: 76430
>passed!
repetition: 76431
>passed!
repetition: 76432
>passed!
repetition: 76433
>passed!
repetition: 76434
>passed!
repetition: 76435
>passed!
repetition: 76436
>passed!
repetition: 76437
>passed!
repetition: 76438
>passed!
repetition: 76439
>passed!
repetition: 76440
>passed!
repetition: 76441
>passed!
repetition: 76442
>passed!
repetition: 76443
>passed!
repetition: 76444
>passed!
repetition: 76445
>passed!
repetition: 76446
>passed!
repetition: 76447
>passed!
repetition: 76448
>passed!
repetition: 76449
>passed!
repetition: 76450
>passed!
repetition: 76451
>passed!
repetition: 76452
>passed!
repetition: 76453
>passed!
repetition: 76454
>passed!
repetition: 76455
>passed!
repetition: 76456
>passed!
repetition: 76457
>passed!
repetition: 76458
>passed!
repetition: 76459
>passed!
repetition: 76460
>passed!
repetition: 76461
>passed!
repetition: 76462
>passed!
repetition: 76463
>passed!
repetition: 76464
>passed!
repetition: 76465
>passed!
repetition: 76466
>passed!
repetition: 76467
>passed!
repetition: 76468
>passed!
repetition: 76469
>passed!
repetition: 76470
>passed!
repetition: 76471
>passed!
repetition: 76472
>passed!
repetition: 76473
>passed!
repetition: 76474
>passed!
repetition: 76475
>passed!
repetition: 76476
>passed!
repetition: 76477
>passed!
repetition: 76478
>passed!
repetition: 76479
>passed!
repetition: 76480
>passed!
repetition: 76481
>passed!
repetition: 76482
>passed!
repetition: 76483
>passed!
repetition: 76484
>passed!
repetition: 76485
>passed!
repetition: 76486
>passed!
repetition: 76487
>passed!
repetition: 76488
>passed!
repetition: 76489
>passed!
repetition: 76490
>passed!
repetition: 76491
>passed!
repetition: 76492
>passed!
repetition: 76493
>passed!
repetition: 76494
>passed!
repetition: 76495
>passed!
repetition: 76496
>passed!
repetition: 76497
>passed!
repetition: 76498
>passed!
repetition: 76499
>passed!
repetition: 76500
>passed!
repetition: 76501
>passed!
repetition: 76502
>passed!
repetition: 76503
>passed!
repetition: 76504
>passed!
repetition: 76505
>passed!
repetition: 76506
>passed!
repetition: 76507
>passed!
repetition: 76508
>passed!
repetition: 76509
>passed!
repetition: 76510
>passed!
repetition: 76511
>passed!
repetition: 76512
>passed!
repetition: 76513
>passed!
repetition: 76514
>passed!
repetition: 76515
>passed!
repetition: 76516
>passed!
repetition: 76517
>passed!
repetition: 76518
>passed!
repetition: 76519
>passed!
repetition: 76520
>passed!
repetition: 76521
>passed!
repetition: 76522
>passed!
repetition: 76523
>passed!
repetition: 76524
>passed!
repetition: 76525
>passed!
repetition: 76526
>passed!
repetition: 76527
>passed!
repetition: 76528
>passed!
repetition: 76529
>passed!
repetition: 76530
>passed!
repetition: 76531
>passed!
repetition: 76532
>passed!
repetition: 76533
>passed!
repetition: 76534
>passed!
repetition: 76535
>passed!
repetition: 76536
>passed!
repetition: 76537
>passed!
repetition: 76538
>passed!
repetition: 76539
>passed!
repetition: 76540
>passed!
repetition: 76541
>passed!
repetition: 76542
>passed!
repetition: 76543
>passed!
repetition: 76544
>passed!
repetition: 76545
>passed!
repetition: 76546
>passed!
repetition: 76547
>passed!
repetition: 76548
>passed!
repetition: 76549
>passed!
repetition: 76550
>passed!
repetition: 76551
>passed!
repetition: 76552
>passed!
repetition: 76553
>passed!
repetition: 76554
>passed!
repetition: 76555
>passed!
repetition: 76556
>passed!
repetition: 76557
>passed!
repetition: 76558
>passed!
repetition: 76559
>passed!
repetition: 76560
>passed!
repetition: 76561
>passed!
repetition: 76562
>passed!
repetition: 76563
>passed!
repetition: 76564
>passed!
repetition: 76565
>passed!
repetition: 76566
>passed!
repetition: 76567
>passed!
repetition: 76568
>passed!
repetition: 76569
>passed!
repetition: 76570
>passed!
repetition: 76571
>passed!
repetition: 76572
>passed!
repetition: 76573
>passed!
repetition: 76574
>passed!
repetition: 76575
>passed!
repetition: 76576
>passed!
repetition: 76577
>passed!
repetition: 76578
>passed!
repetition: 76579
>passed!
repetition: 76580
>passed!
repetition: 76581
>passed!
repetition: 76582
>passed!
repetition: 76583
>passed!
repetition: 76584
>passed!
repetition: 76585
>passed!
repetition: 76586
>passed!
repetition: 76587
>passed!
repetition: 76588
>passed!
repetition: 76589
>passed!
repetition: 76590
>passed!
repetition: 76591
>passed!
repetition: 76592
>passed!
repetition: 76593
>passed!
repetition: 76594
>passed!
repetition: 76595
>passed!
repetition: 76596
>passed!
repetition: 76597
>passed!
repetition: 76598
>passed!
repetition: 76599
>passed!
repetition: 76600
>passed!
repetition: 76601
>passed!
repetition: 76602
>passed!
repetition: 76603
>passed!
repetition: 76604
>passed!
repetition: 76605
>passed!
repetition: 76606
>passed!
repetition: 76607
>passed!
repetition: 76608
>passed!
repetition: 76609
>passed!
repetition: 76610
>passed!
repetition: 76611
>passed!
repetition: 76612
>passed!
repetition: 76613
>passed!
repetition: 76614
>passed!
repetition: 76615
>passed!
repetition: 76616
>passed!
repetition: 76617
>passed!
repetition: 76618
>passed!
repetition: 76619
>passed!
repetition: 76620
>passed!
repetition: 76621
>passed!
repetition: 76622
>passed!
repetition: 76623
>passed!
repetition: 76624
>passed!
repetition: 76625
>passed!
repetition: 76626
>passed!
repetition: 76627
>passed!
repetition: 76628
>passed!
repetition: 76629
>passed!
repetition: 76630
>passed!
repetition: 76631
>passed!
repetition: 76632
>passed!
repetition: 76633
>passed!
repetition: 76634
>passed!
repetition: 76635
>passed!
repetition: 76636
>passed!
repetition: 76637
>passed!
repetition: 76638
>passed!
repetition: 76639
>passed!
repetition: 76640
>passed!
repetition: 76641
>passed!
repetition: 76642
>passed!
repetition: 76643
>passed!
repetition: 76644
>passed!
repetition: 76645
>passed!
repetition: 76646
>passed!
repetition: 76647
>passed!
repetition: 76648
>passed!
repetition: 76649
>passed!
repetition: 76650
>passed!
repetition: 76651
>passed!
repetition: 76652
>passed!
repetition: 76653
>passed!
repetition: 76654
>passed!
repetition: 76655
>passed!
repetition: 76656
>passed!
repetition: 76657
>passed!
repetition: 76658
>passed!
repetition: 76659
>passed!
repetition: 76660
>passed!
repetition: 76661
>passed!
repetition: 76662
>passed!
repetition: 76663
>passed!
repetition: 76664
>passed!
repetition: 76665
>passed!
repetition: 76666
>passed!
repetition: 76667
>passed!
repetition: 76668
>passed!
repetition: 76669
>passed!
repetition: 76670
>passed!
repetition: 76671
>passed!
repetition: 76672
>passed!
repetition: 76673
>passed!
repetition: 76674
>passed!
repetition: 76675
>passed!
repetition: 76676
>passed!
repetition: 76677
>passed!
repetition: 76678
>passed!
repetition: 76679
>passed!
repetition: 76680
>passed!
repetition: 76681
>passed!
repetition: 76682
>passed!
repetition: 76683
>passed!
repetition: 76684
>passed!
repetition: 76685
>passed!
repetition: 76686
>passed!
repetition: 76687
>passed!
repetition: 76688
>passed!
repetition: 76689
>passed!
repetition: 76690
>passed!
repetition: 76691
>passed!
repetition: 76692
>passed!
repetition: 76693
>passed!
repetition: 76694
>passed!
repetition: 76695
>passed!
repetition: 76696
>passed!
repetition: 76697
>passed!
repetition: 76698
>passed!
repetition: 76699
>passed!
repetition: 76700
>passed!
repetition: 76701
>passed!
repetition: 76702
>passed!
repetition: 76703
>passed!
repetition: 76704
>passed!
repetition: 76705
>passed!
repetition: 76706
>passed!
repetition: 76707
>passed!
repetition: 76708
>passed!
repetition: 76709
>passed!
repetition: 76710
>passed!
repetition: 76711
>passed!
repetition: 76712
>passed!
repetition: 76713
>passed!
repetition: 76714
>passed!
repetition: 76715
>passed!
repetition: 76716
>passed!
repetition: 76717
>passed!
repetition: 76718
>passed!
repetition: 76719
>passed!
repetition: 76720
>passed!
repetition: 76721
>passed!
repetition: 76722
>passed!
repetition: 76723
>passed!
repetition: 76724
>passed!
repetition: 76725
>passed!
repetition: 76726
>passed!
repetition: 76727
>passed!
repetition: 76728
>passed!
repetition: 76729
>passed!
repetition: 76730
>passed!
repetition: 76731
>passed!
repetition: 76732
>passed!
repetition: 76733
>passed!
repetition: 76734
>passed!
repetition: 76735
>passed!
repetition: 76736
>passed!
repetition: 76737
>passed!
repetition: 76738
>passed!
repetition: 76739
>passed!
repetition: 76740
>passed!
repetition: 76741
>passed!
repetition: 76742
>passed!
repetition: 76743
>passed!
repetition: 76744
>passed!
repetition: 76745
>passed!
repetition: 76746
>passed!
repetition: 76747
>passed!
repetition: 76748
>passed!
repetition: 76749
>passed!
repetition: 76750
>passed!
repetition: 76751
>passed!
repetition: 76752
>passed!
repetition: 76753
>passed!
repetition: 76754
>passed!
repetition: 76755
>passed!
repetition: 76756
>passed!
repetition: 76757
>passed!
repetition: 76758
>passed!
repetition: 76759
>passed!
repetition: 76760
>passed!
repetition: 76761
>passed!
repetition: 76762
>passed!
repetition: 76763
>passed!
repetition: 76764
>passed!
repetition: 76765
>passed!
repetition: 76766
>passed!
repetition: 76767
>passed!
repetition: 76768
>passed!
repetition: 76769
>passed!
repetition: 76770
>passed!
repetition: 76771
>passed!
repetition: 76772
>passed!
repetition: 76773
>passed!
repetition: 76774
>passed!
repetition: 76775
>passed!
repetition: 76776
>passed!
repetition: 76777
>passed!
repetition: 76778
>passed!
repetition: 76779
>passed!
repetition: 76780
>passed!
repetition: 76781
>passed!
repetition: 76782
>passed!
repetition: 76783
>passed!
repetition: 76784
>passed!
repetition: 76785
>passed!
repetition: 76786
>passed!
repetition: 76787
>passed!
repetition: 76788
>passed!
repetition: 76789
>passed!
repetition: 76790
>passed!
repetition: 76791
>passed!
repetition: 76792
>passed!
repetition: 76793
>passed!
repetition: 76794
>passed!
repetition: 76795
>passed!
repetition: 76796
>passed!
repetition: 76797
>passed!
repetition: 76798
>passed!
repetition: 76799
>passed!
repetition: 76800
>passed!
repetition: 76801
>passed!
repetition: 76802
>passed!
repetition: 76803
>passed!
repetition: 76804
>passed!
repetition: 76805
>passed!
repetition: 76806
>passed!
repetition: 76807
>passed!
repetition: 76808
>passed!
repetition: 76809
>passed!
repetition: 76810
>passed!
repetition: 76811
>passed!
repetition: 76812
>passed!
repetition: 76813
>passed!
repetition: 76814
>passed!
repetition: 76815
>passed!
repetition: 76816
>passed!
repetition: 76817
>passed!
repetition: 76818
>passed!
repetition: 76819
>passed!
repetition: 76820
>passed!
repetition: 76821
>passed!
repetition: 76822
>passed!
repetition: 76823
>passed!
repetition: 76824
>passed!
repetition: 76825
>passed!
repetition: 76826
>passed!
repetition: 76827
>passed!
repetition: 76828
>passed!
repetition: 76829
>passed!
repetition: 76830
>passed!
repetition: 76831
>passed!
repetition: 76832
>passed!
repetition: 76833
>passed!
repetition: 76834
>passed!
repetition: 76835
>passed!
repetition: 76836
>passed!
repetition: 76837
>passed!
repetition: 76838
>passed!
repetition: 76839
>passed!
repetition: 76840
>passed!
repetition: 76841
>passed!
repetition: 76842
>passed!
repetition: 76843
>passed!
repetition: 76844
>passed!
repetition: 76845
>passed!
repetition: 76846
>passed!
repetition: 76847
>passed!
repetition: 76848
>passed!
repetition: 76849
>passed!
repetition: 76850
>passed!
repetition: 76851
>passed!
repetition: 76852
>passed!
repetition: 76853
>passed!
repetition: 76854
>passed!
repetition: 76855
>passed!
repetition: 76856
>passed!
repetition: 76857
>passed!
repetition: 76858
>passed!
repetition: 76859
>passed!
repetition: 76860
>passed!
repetition: 76861
>passed!
repetition: 76862
>passed!
repetition: 76863
>passed!
repetition: 76864
>passed!
repetition: 76865
>passed!
repetition: 76866
>passed!
repetition: 76867
>passed!
repetition: 76868
>passed!
repetition: 76869
>passed!
repetition: 76870
>passed!
repetition: 76871
>passed!
repetition: 76872
>passed!
repetition: 76873
>passed!
repetition: 76874
>passed!
repetition: 76875
>passed!
repetition: 76876
>passed!
repetition: 76877
>passed!
repetition: 76878
>passed!
repetition: 76879
>passed!
repetition: 76880
>passed!
repetition: 76881
>passed!
repetition: 76882
>passed!
repetition: 76883
>passed!
repetition: 76884
>passed!
repetition: 76885
>passed!
repetition: 76886
>passed!
repetition: 76887
>passed!
repetition: 76888
>passed!
repetition: 76889
>passed!
repetition: 76890
>passed!
repetition: 76891
>passed!
repetition: 76892
>passed!
repetition: 76893
>passed!
repetition: 76894
>passed!
repetition: 76895
>passed!
repetition: 76896
>passed!
repetition: 76897
>passed!
repetition: 76898
>passed!
repetition: 76899
>passed!
repetition: 76900
>passed!
repetition: 76901
>passed!
repetition: 76902
>passed!
repetition: 76903
>passed!
repetition: 76904
>passed!
repetition: 76905
>passed!
repetition: 76906
>passed!
repetition: 76907
>passed!
repetition: 76908
>passed!
repetition: 76909
>passed!
repetition: 76910
>passed!
repetition: 76911
>passed!
repetition: 76912
>passed!
repetition: 76913
>passed!
repetition: 76914
>passed!
repetition: 76915
>passed!
repetition: 76916
>passed!
repetition: 76917
>passed!
repetition: 76918
>passed!
repetition: 76919
>passed!
repetition: 76920
>passed!
repetition: 76921
>passed!
repetition: 76922
>passed!
repetition: 76923
>passed!
repetition: 76924
>passed!
repetition: 76925
>passed!
repetition: 76926
>passed!
repetition: 76927
>passed!
repetition: 76928
>passed!
repetition: 76929
>passed!
repetition: 76930
>passed!
repetition: 76931
>passed!
repetition: 76932
>passed!
repetition: 76933
>passed!
repetition: 76934
>passed!
repetition: 76935
>passed!
repetition: 76936
>passed!
repetition: 76937
>passed!
repetition: 76938
>passed!
repetition: 76939
>passed!
repetition: 76940
>passed!
repetition: 76941
>passed!
repetition: 76942
>passed!
repetition: 76943
>passed!
repetition: 76944
>passed!
repetition: 76945
>passed!
repetition: 76946
>passed!
repetition: 76947
>passed!
repetition: 76948
>passed!
repetition: 76949
>passed!
repetition: 76950
>passed!
repetition: 76951
>passed!
repetition: 76952
>passed!
repetition: 76953
>passed!
repetition: 76954
>passed!
repetition: 76955
>passed!
repetition: 76956
>passed!
repetition: 76957
>passed!
repetition: 76958
>passed!
repetition: 76959
>passed!
repetition: 76960
>passed!
repetition: 76961
>passed!
repetition: 76962
>passed!
repetition: 76963
>passed!
repetition: 76964
>passed!
repetition: 76965
>passed!
repetition: 76966
>passed!
repetition: 76967
>passed!
repetition: 76968
>passed!
repetition: 76969
>passed!
repetition: 76970
>passed!
repetition: 76971
>passed!
repetition: 76972
>passed!
repetition: 76973
>passed!
repetition: 76974
>passed!
repetition: 76975
>passed!
repetition: 76976
>passed!
repetition: 76977
>passed!
repetition: 76978
>passed!
repetition: 76979
>passed!
repetition: 76980
>passed!
repetition: 76981
>passed!
repetition: 76982
>passed!
repetition: 76983
>passed!
repetition: 76984
>passed!
repetition: 76985
>passed!
repetition: 76986
>passed!
repetition: 76987
>passed!
repetition: 76988
>passed!
repetition: 76989
>passed!
repetition: 76990
>passed!
repetition: 76991
>passed!
repetition: 76992
>passed!
repetition: 76993
>passed!
repetition: 76994
>passed!
repetition: 76995
>passed!
repetition: 76996
>passed!
repetition: 76997
>passed!
repetition: 76998
>passed!
repetition: 76999
>passed!
repetition: 77000
>passed!
repetition: 77001
>passed!
repetition: 77002
>passed!
repetition: 77003
>passed!
repetition: 77004
>passed!
repetition: 77005
>passed!
repetition: 77006
>passed!
repetition: 77007
>passed!
repetition: 77008
>passed!
repetition: 77009
>passed!
repetition: 77010
>passed!
repetition: 77011
>passed!
repetition: 77012
>passed!
repetition: 77013
>passed!
repetition: 77014
>passed!
repetition: 77015
>passed!
repetition: 77016
>passed!
repetition: 77017
>passed!
repetition: 77018
>passed!
repetition: 77019
>passed!
repetition: 77020
>passed!
repetition: 77021
>passed!
repetition: 77022
>passed!
repetition: 77023
>passed!
repetition: 77024
>passed!
repetition: 77025
>passed!
repetition: 77026
>passed!
repetition: 77027
>passed!
repetition: 77028
>passed!
repetition: 77029
>passed!
repetition: 77030
>passed!
repetition: 77031
>passed!
repetition: 77032
>passed!
repetition: 77033
>passed!
repetition: 77034
>passed!
repetition: 77035
>passed!
repetition: 77036
>passed!
repetition: 77037
>passed!
repetition: 77038
>passed!
repetition: 77039
>passed!
repetition: 77040
>passed!
repetition: 77041
>passed!
repetition: 77042
>passed!
repetition: 77043
>passed!
repetition: 77044
>passed!
repetition: 77045
>passed!
repetition: 77046
>passed!
repetition: 77047
>passed!
repetition: 77048
>passed!
repetition: 77049
>passed!
repetition: 77050
>passed!
repetition: 77051
>passed!
repetition: 77052
>passed!
repetition: 77053
>passed!
repetition: 77054
>passed!
repetition: 77055
>passed!
repetition: 77056
>passed!
repetition: 77057
>passed!
repetition: 77058
>passed!
repetition: 77059
>passed!
repetition: 77060
>passed!
repetition: 77061
>passed!
repetition: 77062
>passed!
repetition: 77063
>passed!
repetition: 77064
>passed!
repetition: 77065
>passed!
repetition: 77066
>passed!
repetition: 77067
>passed!
repetition: 77068
>passed!
repetition: 77069
>passed!
repetition: 77070
>passed!
repetition: 77071
>passed!
repetition: 77072
>passed!
repetition: 77073
>passed!
repetition: 77074
>passed!
repetition: 77075
>passed!
repetition: 77076
>passed!
repetition: 77077
>passed!
repetition: 77078
>passed!
repetition: 77079
>passed!
repetition: 77080
>passed!
repetition: 77081
>passed!
repetition: 77082
>passed!
repetition: 77083
>passed!
repetition: 77084
>passed!
repetition: 77085
>passed!
repetition: 77086
>passed!
repetition: 77087
>passed!
repetition: 77088
>passed!
repetition: 77089
>passed!
repetition: 77090
>passed!
repetition: 77091
>passed!
repetition: 77092
>passed!
repetition: 77093
>passed!
repetition: 77094
>passed!
repetition: 77095
>passed!
repetition: 77096
>passed!
repetition: 77097
>passed!
repetition: 77098
>passed!
repetition: 77099
>passed!
repetition: 77100
>passed!
repetition: 77101
>passed!
repetition: 77102
>passed!
repetition: 77103
>passed!
repetition: 77104
>passed!
repetition: 77105
>passed!
repetition: 77106
>passed!
repetition: 77107
>passed!
repetition: 77108
>passed!
repetition: 77109
>passed!
repetition: 77110
>passed!
repetition: 77111
>passed!
repetition: 77112
>passed!
repetition: 77113
>passed!
repetition: 77114
>passed!
repetition: 77115
>passed!
repetition: 77116
>passed!
repetition: 77117
>passed!
repetition: 77118
>passed!
repetition: 77119
>passed!
repetition: 77120
>passed!
repetition: 77121
>passed!
repetition: 77122
>passed!
repetition: 77123
>passed!
repetition: 77124
>passed!
repetition: 77125
>passed!
repetition: 77126
>passed!
repetition: 77127
>passed!
repetition: 77128
>passed!
repetition: 77129
>passed!
repetition: 77130
>passed!
repetition: 77131
>passed!
repetition: 77132
>passed!
repetition: 77133
>passed!
repetition: 77134
>passed!
repetition: 77135
>passed!
repetition: 77136
>passed!
repetition: 77137
>passed!
repetition: 77138
>passed!
repetition: 77139
>passed!
repetition: 77140
>passed!
repetition: 77141
>passed!
repetition: 77142
>passed!
repetition: 77143
>passed!
repetition: 77144
>passed!
repetition: 77145
>passed!
repetition: 77146
>passed!
repetition: 77147
>passed!
repetition: 77148
>passed!
repetition: 77149
>passed!
repetition: 77150
>passed!
repetition: 77151
>passed!
repetition: 77152
>passed!
repetition: 77153
>passed!
repetition: 77154
>passed!
repetition: 77155
>passed!
repetition: 77156
>passed!
repetition: 77157
>passed!
repetition: 77158
>passed!
repetition: 77159
>passed!
repetition: 77160
>passed!
repetition: 77161
>passed!
repetition: 77162
>passed!
repetition: 77163
>passed!
repetition: 77164
>passed!
repetition: 77165
>passed!
repetition: 77166
>passed!
repetition: 77167
>passed!
repetition: 77168
>passed!
repetition: 77169
>passed!
repetition: 77170
>passed!
repetition: 77171
>passed!
repetition: 77172
>passed!
repetition: 77173
>passed!
repetition: 77174
>passed!
repetition: 77175
>passed!
repetition: 77176
>passed!
repetition: 77177
>passed!
repetition: 77178
>passed!
repetition: 77179
>passed!
repetition: 77180
>passed!
repetition: 77181
>passed!
repetition: 77182
>passed!
repetition: 77183
>passed!
repetition: 77184
>passed!
repetition: 77185
>passed!
repetition: 77186
>passed!
repetition: 77187
>passed!
repetition: 77188
>passed!
repetition: 77189
>passed!
repetition: 77190
>passed!
repetition: 77191
>passed!
repetition: 77192
>passed!
repetition: 77193
>passed!
repetition: 77194
>passed!
repetition: 77195
>passed!
repetition: 77196
>passed!
repetition: 77197
>passed!
repetition: 77198
>passed!
repetition: 77199
>passed!
repetition: 77200
>passed!
repetition: 77201
>passed!
repetition: 77202
>passed!
repetition: 77203
>passed!
repetition: 77204
>passed!
repetition: 77205
>passed!
repetition: 77206
>passed!
repetition: 77207
>passed!
repetition: 77208
>passed!
repetition: 77209
>passed!
repetition: 77210
>passed!
repetition: 77211
>passed!
repetition: 77212
>passed!
repetition: 77213
>passed!
repetition: 77214
>passed!
repetition: 77215
>passed!
repetition: 77216
>passed!
repetition: 77217
>passed!
repetition: 77218
>passed!
repetition: 77219
>passed!
repetition: 77220
>passed!
repetition: 77221
>passed!
repetition: 77222
>passed!
repetition: 77223
>passed!
repetition: 77224
>passed!
repetition: 77225
>passed!
repetition: 77226
>passed!
repetition: 77227
>passed!
repetition: 77228
>passed!
repetition: 77229
>passed!
repetition: 77230
>passed!
repetition: 77231
>passed!
repetition: 77232
>passed!
repetition: 77233
>passed!
repetition: 77234
>passed!
repetition: 77235
>passed!
repetition: 77236
>passed!
repetition: 77237
>passed!
repetition: 77238
>passed!
repetition: 77239
>passed!
repetition: 77240
>passed!
repetition: 77241
>passed!
repetition: 77242
>passed!
repetition: 77243
>passed!
repetition: 77244
>passed!
repetition: 77245
>passed!
repetition: 77246
>passed!
repetition: 77247
>passed!
repetition: 77248
>passed!
repetition: 77249
>passed!
repetition: 77250
>passed!
repetition: 77251
>passed!
repetition: 77252
>passed!
repetition: 77253
>passed!
repetition: 77254
>passed!
repetition: 77255
>passed!
repetition: 77256
>passed!
repetition: 77257
>passed!
repetition: 77258
>passed!
repetition: 77259
>passed!
repetition: 77260
>passed!
repetition: 77261
>passed!
repetition: 77262
>passed!
repetition: 77263
>passed!
repetition: 77264
>passed!
repetition: 77265
>passed!
repetition: 77266
>passed!
repetition: 77267
>passed!
repetition: 77268
>passed!
repetition: 77269
>passed!
repetition: 77270
>passed!
repetition: 77271
>passed!
repetition: 77272
>passed!
repetition: 77273
>passed!
repetition: 77274
>passed!
repetition: 77275
>passed!
repetition: 77276
>passed!
repetition: 77277
>passed!
repetition: 77278
>passed!
repetition: 77279
>passed!
repetition: 77280
>passed!
repetition: 77281
>passed!
repetition: 77282
>passed!
repetition: 77283
>passed!
repetition: 77284
>passed!
repetition: 77285
>passed!
repetition: 77286
>passed!
repetition: 77287
>passed!
repetition: 77288
>passed!
repetition: 77289
>passed!
repetition: 77290
>passed!
repetition: 77291
>passed!
repetition: 77292
>passed!
repetition: 77293
>passed!
repetition: 77294
>passed!
repetition: 77295
>passed!
repetition: 77296
>passed!
repetition: 77297
>passed!
repetition: 77298
>passed!
repetition: 77299
>passed!
repetition: 77300
>passed!
repetition: 77301
>passed!
repetition: 77302
>passed!
repetition: 77303
>passed!
repetition: 77304
>passed!
repetition: 77305
>passed!
repetition: 77306
>passed!
repetition: 77307
>passed!
repetition: 77308
>passed!
repetition: 77309
>passed!
repetition: 77310
>passed!
repetition: 77311
>passed!
repetition: 77312
>passed!
repetition: 77313
>passed!
repetition: 77314
>passed!
repetition: 77315
>passed!
repetition: 77316
>passed!
repetition: 77317
>passed!
repetition: 77318
>passed!
repetition: 77319
>passed!
repetition: 77320
>passed!
repetition: 77321
>passed!
repetition: 77322
>passed!
repetition: 77323
>passed!
repetition: 77324
>passed!
repetition: 77325
>passed!
repetition: 77326
>passed!
repetition: 77327
>passed!
repetition: 77328
>passed!
repetition: 77329
>passed!
repetition: 77330
>passed!
repetition: 77331
>passed!
repetition: 77332
>passed!
repetition: 77333
>passed!
repetition: 77334
>passed!
repetition: 77335
>passed!
repetition: 77336
>passed!
repetition: 77337
>passed!
repetition: 77338
>passed!
repetition: 77339
>passed!
repetition: 77340
>passed!
repetition: 77341
>passed!
repetition: 77342
>passed!
repetition: 77343
>passed!
repetition: 77344
>passed!
repetition: 77345
>passed!
repetition: 77346
>passed!
repetition: 77347
>passed!
repetition: 77348
>passed!
repetition: 77349
>passed!
repetition: 77350
>passed!
repetition: 77351
>passed!
repetition: 77352
>passed!
repetition: 77353
>passed!
repetition: 77354
>passed!
repetition: 77355
>passed!
repetition: 77356
>passed!
repetition: 77357
>passed!
repetition: 77358
>passed!
repetition: 77359
>passed!
repetition: 77360
>passed!
repetition: 77361
>passed!
repetition: 77362
>passed!
repetition: 77363
>passed!
repetition: 77364
>passed!
repetition: 77365
>passed!
repetition: 77366
>passed!
repetition: 77367
>passed!
repetition: 77368
>passed!
repetition: 77369
>passed!
repetition: 77370
>passed!
repetition: 77371
>passed!
repetition: 77372
>passed!
repetition: 77373
>passed!
repetition: 77374
>passed!
repetition: 77375
>passed!
repetition: 77376
>passed!
repetition: 77377
>passed!
repetition: 77378
>passed!
repetition: 77379
>passed!
repetition: 77380
>passed!
repetition: 77381
>passed!
repetition: 77382
>passed!
repetition: 77383
>passed!
repetition: 77384
>passed!
repetition: 77385
>passed!
repetition: 77386
>passed!
repetition: 77387
>passed!
repetition: 77388
>passed!
repetition: 77389
>passed!
repetition: 77390
>passed!
repetition: 77391
>passed!
repetition: 77392
>passed!
repetition: 77393
>passed!
repetition: 77394
>passed!
repetition: 77395
>passed!
repetition: 77396
>passed!
repetition: 77397
>passed!
repetition: 77398
>passed!
repetition: 77399
>passed!
repetition: 77400
>passed!
repetition: 77401
>passed!
repetition: 77402
>passed!
repetition: 77403
>passed!
repetition: 77404
>passed!
repetition: 77405
>passed!
repetition: 77406
>passed!
repetition: 77407
>passed!
repetition: 77408
>passed!
repetition: 77409
>passed!
repetition: 77410
>passed!
repetition: 77411
>passed!
repetition: 77412
>passed!
repetition: 77413
>passed!
repetition: 77414
>passed!
repetition: 77415
>passed!
repetition: 77416
>passed!
repetition: 77417
>passed!
repetition: 77418
>passed!
repetition: 77419
>passed!
repetition: 77420
>passed!
repetition: 77421
>passed!
repetition: 77422
>passed!
repetition: 77423
>passed!
repetition: 77424
>passed!
repetition: 77425
>passed!
repetition: 77426
>passed!
repetition: 77427
>passed!
repetition: 77428
>passed!
repetition: 77429
>passed!
repetition: 77430
>passed!
repetition: 77431
>passed!
repetition: 77432
>passed!
repetition: 77433
>passed!
repetition: 77434
>passed!
repetition: 77435
>passed!
repetition: 77436
>passed!
repetition: 77437
>passed!
repetition: 77438
>passed!
repetition: 77439
>passed!
repetition: 77440
>passed!
repetition: 77441
>passed!
repetition: 77442
>passed!
repetition: 77443
>passed!
repetition: 77444
>passed!
repetition: 77445
>passed!
repetition: 77446
>passed!
repetition: 77447
>passed!
repetition: 77448
>passed!
repetition: 77449
>passed!
repetition: 77450
>passed!
repetition: 77451
>passed!
repetition: 77452
>passed!
repetition: 77453
>passed!
repetition: 77454
>passed!
repetition: 77455
>passed!
repetition: 77456
>passed!
repetition: 77457
>passed!
repetition: 77458
>passed!
repetition: 77459
>passed!
repetition: 77460
>passed!
repetition: 77461
>passed!
repetition: 77462
>passed!
repetition: 77463
>passed!
repetition: 77464
>passed!
repetition: 77465
>passed!
repetition: 77466
>passed!
repetition: 77467
>passed!
repetition: 77468
>passed!
repetition: 77469
>passed!
repetition: 77470
>passed!
repetition: 77471
>passed!
repetition: 77472
>passed!
repetition: 77473
>passed!
repetition: 77474
>passed!
repetition: 77475
>passed!
repetition: 77476
>passed!
repetition: 77477
>passed!
repetition: 77478
>passed!
repetition: 77479
>passed!
repetition: 77480
>passed!
repetition: 77481
>passed!
repetition: 77482
>passed!
repetition: 77483
>passed!
repetition: 77484
>passed!
repetition: 77485
>passed!
repetition: 77486
>passed!
repetition: 77487
>passed!
repetition: 77488
>passed!
repetition: 77489
>passed!
repetition: 77490
>passed!
repetition: 77491
>passed!
repetition: 77492
>passed!
repetition: 77493
>passed!
repetition: 77494
>passed!
repetition: 77495
>passed!
repetition: 77496
>passed!
repetition: 77497
>passed!
repetition: 77498
>passed!
repetition: 77499
>passed!
repetition: 77500
>passed!
repetition: 77501
>passed!
repetition: 77502
>passed!
repetition: 77503
>passed!
repetition: 77504
>passed!
repetition: 77505
>passed!
repetition: 77506
>passed!
repetition: 77507
>passed!
repetition: 77508
>passed!
repetition: 77509
>passed!
repetition: 77510
>passed!
repetition: 77511
>passed!
repetition: 77512
>passed!
repetition: 77513
>passed!
repetition: 77514
>passed!
repetition: 77515
>passed!
repetition: 77516
>passed!
repetition: 77517
>passed!
repetition: 77518
>passed!
repetition: 77519
>passed!
repetition: 77520
>passed!
repetition: 77521
>passed!
repetition: 77522
>passed!
repetition: 77523
>passed!
repetition: 77524
>passed!
repetition: 77525
>passed!
repetition: 77526
>passed!
repetition: 77527
>passed!
repetition: 77528
>passed!
repetition: 77529
>passed!
repetition: 77530
>passed!
repetition: 77531
>passed!
repetition: 77532
>passed!
repetition: 77533
>passed!
repetition: 77534
>passed!
repetition: 77535
>passed!
repetition: 77536
>passed!
repetition: 77537
>passed!
repetition: 77538
>passed!
repetition: 77539
>passed!
repetition: 77540
>passed!
repetition: 77541
>passed!
repetition: 77542
>passed!
repetition: 77543
>passed!
repetition: 77544
>passed!
repetition: 77545
>passed!
repetition: 77546
>passed!
repetition: 77547
>passed!
repetition: 77548
>passed!
repetition: 77549
>passed!
repetition: 77550
>passed!
repetition: 77551
>passed!
repetition: 77552
>passed!
repetition: 77553
>passed!
repetition: 77554
>passed!
repetition: 77555
>passed!
repetition: 77556
>passed!
repetition: 77557
>passed!
repetition: 77558
>passed!
repetition: 77559
>passed!
repetition: 77560
>passed!
repetition: 77561
>passed!
repetition: 77562
>passed!
repetition: 77563
>passed!
repetition: 77564
>passed!
repetition: 77565
>passed!
repetition: 77566
>passed!
repetition: 77567
>passed!
repetition: 77568
>passed!
repetition: 77569
>passed!
repetition: 77570
>passed!
repetition: 77571
>passed!
repetition: 77572
>passed!
repetition: 77573
>passed!
repetition: 77574
>passed!
repetition: 77575
>passed!
repetition: 77576
>passed!
repetition: 77577
>passed!
repetition: 77578
>passed!
repetition: 77579
>passed!
repetition: 77580
>passed!
repetition: 77581
>passed!
repetition: 77582
>passed!
repetition: 77583
>passed!
repetition: 77584
>passed!
repetition: 77585
>passed!
repetition: 77586
>passed!
repetition: 77587
>passed!
repetition: 77588
>passed!
repetition: 77589
>passed!
repetition: 77590
>passed!
repetition: 77591
>passed!
repetition: 77592
>passed!
repetition: 77593
>passed!
repetition: 77594
>passed!
repetition: 77595
>passed!
repetition: 77596
>passed!
repetition: 77597
>passed!
repetition: 77598
>passed!
repetition: 77599
>passed!
repetition: 77600
>passed!
repetition: 77601
>passed!
repetition: 77602
>passed!
repetition: 77603
>passed!
repetition: 77604
>passed!
repetition: 77605
>passed!
repetition: 77606
>passed!
repetition: 77607
>passed!
repetition: 77608
>passed!
repetition: 77609
>passed!
repetition: 77610
>passed!
repetition: 77611
>passed!
repetition: 77612
>passed!
repetition: 77613
>passed!
repetition: 77614
>passed!
repetition: 77615
>passed!
repetition: 77616
>passed!
repetition: 77617
>passed!
repetition: 77618
>passed!
repetition: 77619
>passed!
repetition: 77620
>passed!
repetition: 77621
>passed!
repetition: 77622
>passed!
repetition: 77623
>passed!
repetition: 77624
>passed!
repetition: 77625
>passed!
repetition: 77626
>passed!
repetition: 77627
>passed!
repetition: 77628
>passed!
repetition: 77629
>passed!
repetition: 77630
>passed!
repetition: 77631
>passed!
repetition: 77632
>passed!
repetition: 77633
>passed!
repetition: 77634
>passed!
repetition: 77635
>passed!
repetition: 77636
>passed!
repetition: 77637
>passed!
repetition: 77638
>passed!
repetition: 77639
>passed!
repetition: 77640
>passed!
repetition: 77641
>passed!
repetition: 77642
>passed!
repetition: 77643
>passed!
repetition: 77644
>passed!
repetition: 77645
>passed!
repetition: 77646
>passed!
repetition: 77647
>passed!
repetition: 77648
>passed!
repetition: 77649
>passed!
repetition: 77650
>passed!
repetition: 77651
>passed!
repetition: 77652
>passed!
repetition: 77653
>passed!
repetition: 77654
>passed!
repetition: 77655
>passed!
repetition: 77656
>passed!
repetition: 77657
>passed!
repetition: 77658
>passed!
repetition: 77659
>passed!
repetition: 77660
>passed!
repetition: 77661
>passed!
repetition: 77662
>passed!
repetition: 77663
>passed!
repetition: 77664
>passed!
repetition: 77665
>passed!
repetition: 77666
>passed!
repetition: 77667
>passed!
repetition: 77668
>passed!
repetition: 77669
>passed!
repetition: 77670
>passed!
repetition: 77671
>passed!
repetition: 77672
>passed!
repetition: 77673
>passed!
repetition: 77674
>passed!
repetition: 77675
>passed!
repetition: 77676
>passed!
repetition: 77677
>passed!
repetition: 77678
>passed!
repetition: 77679
>passed!
repetition: 77680
>passed!
repetition: 77681
>passed!
repetition: 77682
>passed!
repetition: 77683
>passed!
repetition: 77684
>passed!
repetition: 77685
>passed!
repetition: 77686
>passed!
repetition: 77687
>passed!
repetition: 77688
>passed!
repetition: 77689
>passed!
repetition: 77690
>passed!
repetition: 77691
>passed!
repetition: 77692
>passed!
repetition: 77693
>passed!
repetition: 77694
>passed!
repetition: 77695
>passed!
repetition: 77696
>passed!
repetition: 77697
>passed!
repetition: 77698
>passed!
repetition: 77699
>passed!
repetition: 77700
>passed!
repetition: 77701
>passed!
repetition: 77702
>passed!
repetition: 77703
>passed!
repetition: 77704
>passed!
repetition: 77705
>passed!
repetition: 77706
>passed!
repetition: 77707
>passed!
repetition: 77708
>passed!
repetition: 77709
>passed!
repetition: 77710
>passed!
repetition: 77711
>passed!
repetition: 77712
>passed!
repetition: 77713
>passed!
repetition: 77714
>passed!
repetition: 77715
>passed!
repetition: 77716
>passed!
repetition: 77717
>passed!
repetition: 77718
>passed!
repetition: 77719
>passed!
repetition: 77720
>passed!
repetition: 77721
>passed!
repetition: 77722
>passed!
repetition: 77723
>passed!
repetition: 77724
>passed!
repetition: 77725
>passed!
repetition: 77726
>passed!
repetition: 77727
>passed!
repetition: 77728
>passed!
repetition: 77729
>passed!
repetition: 77730
>passed!
repetition: 77731
>passed!
repetition: 77732
>passed!
repetition: 77733
>passed!
repetition: 77734
>passed!
repetition: 77735
>passed!
repetition: 77736
>passed!
repetition: 77737
>passed!
repetition: 77738
>passed!
repetition: 77739
>passed!
repetition: 77740
>passed!
repetition: 77741
>passed!
repetition: 77742
>passed!
repetition: 77743
>passed!
repetition: 77744
>passed!
repetition: 77745
>passed!
repetition: 77746
>passed!
repetition: 77747
>passed!
repetition: 77748
>passed!
repetition: 77749
>passed!
repetition: 77750
>passed!
repetition: 77751
>passed!
repetition: 77752
>passed!
repetition: 77753
>passed!
repetition: 77754
>passed!
repetition: 77755
>passed!
repetition: 77756
>passed!
repetition: 77757
>passed!
repetition: 77758
>passed!
repetition: 77759
>passed!
repetition: 77760
>passed!
repetition: 77761
>passed!
repetition: 77762
>passed!
repetition: 77763
>passed!
repetition: 77764
>passed!
repetition: 77765
>passed!
repetition: 77766
>passed!
repetition: 77767
>passed!
repetition: 77768
>passed!
repetition: 77769
>passed!
repetition: 77770
>passed!
repetition: 77771
>passed!
repetition: 77772
>passed!
repetition: 77773
>passed!
repetition: 77774
>passed!
repetition: 77775
>passed!
repetition: 77776
>passed!
repetition: 77777
>passed!
repetition: 77778
>passed!
repetition: 77779
>passed!
repetition: 77780
>passed!
repetition: 77781
>passed!
repetition: 77782
>passed!
repetition: 77783
>passed!
repetition: 77784
>passed!
repetition: 77785
>passed!
repetition: 77786
>passed!
repetition: 77787
>passed!
repetition: 77788
>passed!
repetition: 77789
>passed!
repetition: 77790
>passed!
repetition: 77791
>passed!
repetition: 77792
>passed!
repetition: 77793
>passed!
repetition: 77794
>passed!
repetition: 77795
>passed!
repetition: 77796
>passed!
repetition: 77797
>passed!
repetition: 77798
>passed!
repetition: 77799
>passed!
repetition: 77800
>passed!
repetition: 77801
>passed!
repetition: 77802
>passed!
repetition: 77803
>passed!
repetition: 77804
>passed!
repetition: 77805
>passed!
repetition: 77806
>passed!
repetition: 77807
>passed!
repetition: 77808
>passed!
repetition: 77809
>passed!
repetition: 77810
>passed!
repetition: 77811
>passed!
repetition: 77812
>passed!
repetition: 77813
>passed!
repetition: 77814
>passed!
repetition: 77815
>passed!
repetition: 77816
>passed!
repetition: 77817
>passed!
repetition: 77818
>passed!
repetition: 77819
>passed!
repetition: 77820
>passed!
repetition: 77821
>passed!
repetition: 77822
>passed!
repetition: 77823
>passed!
repetition: 77824
>passed!
repetition: 77825
>passed!
repetition: 77826
>passed!
repetition: 77827
>passed!
repetition: 77828
>passed!
repetition: 77829
>passed!
repetition: 77830
>passed!
repetition: 77831
>passed!
repetition: 77832
>passed!
repetition: 77833
>passed!
repetition: 77834
>passed!
repetition: 77835
>passed!
repetition: 77836
>passed!
repetition: 77837
>passed!
repetition: 77838
>passed!
repetition: 77839
>passed!
repetition: 77840
>passed!
repetition: 77841
>passed!
repetition: 77842
>passed!
repetition: 77843
>passed!
repetition: 77844
>passed!
repetition: 77845
>passed!
repetition: 77846
>passed!
repetition: 77847
>passed!
repetition: 77848
>passed!
repetition: 77849
>passed!
repetition: 77850
>passed!
repetition: 77851
>passed!
repetition: 77852
>passed!
repetition: 77853
>passed!
repetition: 77854
>passed!
repetition: 77855
>passed!
repetition: 77856
>passed!
repetition: 77857
>passed!
repetition: 77858
>passed!
repetition: 77859
>passed!
repetition: 77860
>passed!
repetition: 77861
>passed!
repetition: 77862
>passed!
repetition: 77863
>passed!
repetition: 77864
>passed!
repetition: 77865
>passed!
repetition: 77866
>passed!
repetition: 77867
>passed!
repetition: 77868
>passed!
repetition: 77869
>passed!
repetition: 77870
>passed!
repetition: 77871
>passed!
repetition: 77872
>passed!
repetition: 77873
>passed!
repetition: 77874
>passed!
repetition: 77875
>passed!
repetition: 77876
>passed!
repetition: 77877
>passed!
repetition: 77878
>passed!
repetition: 77879
>passed!
repetition: 77880
>passed!
repetition: 77881
>passed!
repetition: 77882
>passed!
repetition: 77883
>passed!
repetition: 77884
>passed!
repetition: 77885
>passed!
repetition: 77886
>passed!
repetition: 77887
>passed!
repetition: 77888
>passed!
repetition: 77889
>passed!
repetition: 77890
>passed!
repetition: 77891
>passed!
repetition: 77892
>passed!
repetition: 77893
>passed!
repetition: 77894
>passed!
repetition: 77895
>passed!
repetition: 77896
>passed!
repetition: 77897
>passed!
repetition: 77898
>passed!
repetition: 77899
>passed!
repetition: 77900
>passed!
repetition: 77901
>passed!
repetition: 77902
>passed!
repetition: 77903
>passed!
repetition: 77904
>passed!
repetition: 77905
>passed!
repetition: 77906
>passed!
repetition: 77907
>passed!
repetition: 77908
>passed!
repetition: 77909
>passed!
repetition: 77910
>passed!
repetition: 77911
>passed!
repetition: 77912
>passed!
repetition: 77913
>passed!
repetition: 77914
>passed!
repetition: 77915
>passed!
repetition: 77916
>passed!
repetition: 77917
>passed!
repetition: 77918
>passed!
repetition: 77919
>passed!
repetition: 77920
>passed!
repetition: 77921
>passed!
repetition: 77922
>passed!
repetition: 77923
>passed!
repetition: 77924
>passed!
repetition: 77925
>passed!
repetition: 77926
>passed!
repetition: 77927
>passed!
repetition: 77928
>passed!
repetition: 77929
>passed!
repetition: 77930
>passed!
repetition: 77931
>passed!
repetition: 77932
>passed!
repetition: 77933
>passed!
repetition: 77934
>passed!
repetition: 77935
>passed!
repetition: 77936
>passed!
repetition: 77937
>passed!
repetition: 77938
>passed!
repetition: 77939
>passed!
repetition: 77940
>passed!
repetition: 77941
>passed!
repetition: 77942
>passed!
repetition: 77943
>passed!
repetition: 77944
>passed!
repetition: 77945
>passed!
repetition: 77946
>passed!
repetition: 77947
>passed!
repetition: 77948
>passed!
repetition: 77949
>passed!
repetition: 77950
>passed!
repetition: 77951
>passed!
repetition: 77952
>passed!
repetition: 77953
>passed!
repetition: 77954
>passed!
repetition: 77955
>passed!
repetition: 77956
>passed!
repetition: 77957
>passed!
repetition: 77958
>passed!
repetition: 77959
>passed!
repetition: 77960
>passed!
repetition: 77961
>passed!
repetition: 77962
>passed!
repetition: 77963
>passed!
repetition: 77964
>passed!
repetition: 77965
>passed!
repetition: 77966
>passed!
repetition: 77967
>passed!
repetition: 77968
>passed!
repetition: 77969
>passed!
repetition: 77970
>passed!
repetition: 77971
>passed!
repetition: 77972
>passed!
repetition: 77973
>passed!
repetition: 77974
>passed!
repetition: 77975
>passed!
repetition: 77976
>passed!
repetition: 77977
>passed!
repetition: 77978
>passed!
repetition: 77979
>passed!
repetition: 77980
>passed!
repetition: 77981
>passed!
repetition: 77982
>passed!
repetition: 77983
>passed!
repetition: 77984
>passed!
repetition: 77985
>passed!
repetition: 77986
>passed!
repetition: 77987
>passed!
repetition: 77988
>passed!
repetition: 77989
>passed!
repetition: 77990
>passed!
repetition: 77991
>passed!
repetition: 77992
>passed!
repetition: 77993
>passed!
repetition: 77994
>passed!
repetition: 77995
>passed!
repetition: 77996
>passed!
repetition: 77997
>passed!
repetition: 77998
>passed!
repetition: 77999
>passed!
repetition: 78000
>passed!
repetition: 78001
>passed!
repetition: 78002
>passed!
repetition: 78003
>passed!
repetition: 78004
>passed!
repetition: 78005
>passed!
repetition: 78006
>passed!
repetition: 78007
>passed!
repetition: 78008
>passed!
repetition: 78009
>passed!
repetition: 78010
>passed!
repetition: 78011
>passed!
repetition: 78012
>passed!
repetition: 78013
>passed!
repetition: 78014
>passed!
repetition: 78015
>passed!
repetition: 78016
>passed!
repetition: 78017
>passed!
repetition: 78018
>passed!
repetition: 78019
>passed!
repetition: 78020
>passed!
repetition: 78021
>passed!
repetition: 78022
>passed!
repetition: 78023
>passed!
repetition: 78024
>passed!
repetition: 78025
>passed!
repetition: 78026
>passed!
repetition: 78027
>passed!
repetition: 78028
>passed!
repetition: 78029
>passed!
repetition: 78030
>passed!
repetition: 78031
>passed!
repetition: 78032
>passed!
repetition: 78033
>passed!
repetition: 78034
>passed!
repetition: 78035
>passed!
repetition: 78036
>passed!
repetition: 78037
>passed!
repetition: 78038
>passed!
repetition: 78039
>passed!
repetition: 78040
>passed!
repetition: 78041
>passed!
repetition: 78042
>passed!
repetition: 78043
>passed!
repetition: 78044
>passed!
repetition: 78045
>passed!
repetition: 78046
>passed!
repetition: 78047
>passed!
repetition: 78048
>passed!
repetition: 78049
>passed!
repetition: 78050
>passed!
repetition: 78051
>passed!
repetition: 78052
>passed!
repetition: 78053
>passed!
repetition: 78054
>passed!
repetition: 78055
>passed!
repetition: 78056
>passed!
repetition: 78057
>passed!
repetition: 78058
>passed!
repetition: 78059
>passed!
repetition: 78060
>passed!
repetition: 78061
>passed!
repetition: 78062
>passed!
repetition: 78063
>passed!
repetition: 78064
>passed!
repetition: 78065
>passed!
repetition: 78066
>passed!
repetition: 78067
>passed!
repetition: 78068
>passed!
repetition: 78069
>passed!
repetition: 78070
>passed!
repetition: 78071
>passed!
repetition: 78072
>passed!
repetition: 78073
>passed!
repetition: 78074
>passed!
repetition: 78075
>passed!
repetition: 78076
>passed!
repetition: 78077
>passed!
repetition: 78078
>passed!
repetition: 78079
>passed!
repetition: 78080
>passed!
repetition: 78081
>passed!
repetition: 78082
>passed!
repetition: 78083
>passed!
repetition: 78084
>passed!
repetition: 78085
>passed!
repetition: 78086
>passed!
repetition: 78087
>passed!
repetition: 78088
>passed!
repetition: 78089
>passed!
repetition: 78090
>passed!
repetition: 78091
>passed!
repetition: 78092
>passed!
repetition: 78093
>passed!
repetition: 78094
>passed!
repetition: 78095
>passed!
repetition: 78096
>passed!
repetition: 78097
>passed!
repetition: 78098
>passed!
repetition: 78099
>passed!
repetition: 78100
>passed!
repetition: 78101
>passed!
repetition: 78102
>passed!
repetition: 78103
>passed!
repetition: 78104
>passed!
repetition: 78105
>passed!
repetition: 78106
>passed!
repetition: 78107
>passed!
repetition: 78108
>passed!
repetition: 78109
>passed!
repetition: 78110
>passed!
repetition: 78111
>passed!
repetition: 78112
>passed!
repetition: 78113
>passed!
repetition: 78114
>passed!
repetition: 78115
>passed!
repetition: 78116
>passed!
repetition: 78117
>passed!
repetition: 78118
>passed!
repetition: 78119
>passed!
repetition: 78120
>passed!
repetition: 78121
>passed!
repetition: 78122
>passed!
repetition: 78123
>passed!
repetition: 78124
>passed!
repetition: 78125
>passed!
repetition: 78126
>passed!
repetition: 78127
>passed!
repetition: 78128
>passed!
repetition: 78129
>passed!
repetition: 78130
>passed!
repetition: 78131
>passed!
repetition: 78132
>passed!
repetition: 78133
>passed!
repetition: 78134
>passed!
repetition: 78135
>passed!
repetition: 78136
>passed!
repetition: 78137
>passed!
repetition: 78138
>passed!
repetition: 78139
>passed!
repetition: 78140
>passed!
repetition: 78141
>passed!
repetition: 78142
>passed!
repetition: 78143
>passed!
repetition: 78144
>passed!
repetition: 78145
>passed!
repetition: 78146
>passed!
repetition: 78147
>passed!
repetition: 78148
>passed!
repetition: 78149
>passed!
repetition: 78150
>passed!
repetition: 78151
>passed!
repetition: 78152
>passed!
repetition: 78153
>passed!
repetition: 78154
>passed!
repetition: 78155
>passed!
repetition: 78156
>passed!
repetition: 78157
>passed!
repetition: 78158
>passed!
repetition: 78159
>passed!
repetition: 78160
>passed!
repetition: 78161
>passed!
repetition: 78162
>passed!
repetition: 78163
>passed!
repetition: 78164
>passed!
repetition: 78165
>passed!
repetition: 78166
>passed!
repetition: 78167
>passed!
repetition: 78168
>passed!
repetition: 78169
>passed!
repetition: 78170
>passed!
repetition: 78171
>passed!
repetition: 78172
>passed!
repetition: 78173
>passed!
repetition: 78174
>passed!
repetition: 78175
>passed!
repetition: 78176
>passed!
repetition: 78177
>passed!
repetition: 78178
>passed!
repetition: 78179
>passed!
repetition: 78180
>passed!
repetition: 78181
>passed!
repetition: 78182
>passed!
repetition: 78183
>passed!
repetition: 78184
>passed!
repetition: 78185
>passed!
repetition: 78186
>passed!
repetition: 78187
>passed!
repetition: 78188
>passed!
repetition: 78189
>passed!
repetition: 78190
>passed!
repetition: 78191
>passed!
repetition: 78192
>passed!
repetition: 78193
>passed!
repetition: 78194
>passed!
repetition: 78195
>passed!
repetition: 78196
>passed!
repetition: 78197
>passed!
repetition: 78198
>passed!
repetition: 78199
>passed!
repetition: 78200
>passed!
repetition: 78201
>passed!
repetition: 78202
>passed!
repetition: 78203
>passed!
repetition: 78204
>passed!
repetition: 78205
>passed!
repetition: 78206
>passed!
repetition: 78207
>passed!
repetition: 78208
>passed!
repetition: 78209
>passed!
repetition: 78210
>passed!
repetition: 78211
>passed!
repetition: 78212
>passed!
repetition: 78213
>passed!
repetition: 78214
>passed!
repetition: 78215
>passed!
repetition: 78216
>passed!
repetition: 78217
>passed!
repetition: 78218
>passed!
repetition: 78219
>passed!
repetition: 78220
>passed!
repetition: 78221
>passed!
repetition: 78222
>passed!
repetition: 78223
>passed!
repetition: 78224
>passed!
repetition: 78225
>passed!
repetition: 78226
>passed!
repetition: 78227
>passed!
repetition: 78228
>passed!
repetition: 78229
>passed!
repetition: 78230
>passed!
repetition: 78231
>passed!
repetition: 78232
>passed!
repetition: 78233
>passed!
repetition: 78234
>passed!
repetition: 78235
>passed!
repetition: 78236
>passed!
repetition: 78237
>passed!
repetition: 78238
>passed!
repetition: 78239
>passed!
repetition: 78240
>passed!
repetition: 78241
>passed!
repetition: 78242
>passed!
repetition: 78243
>passed!
repetition: 78244
>passed!
repetition: 78245
>passed!
repetition: 78246
>passed!
repetition: 78247
>passed!
repetition: 78248
>passed!
repetition: 78249
>passed!
repetition: 78250
>passed!
repetition: 78251
>passed!
repetition: 78252
>passed!
repetition: 78253
>passed!
repetition: 78254
>passed!
repetition: 78255
>passed!
repetition: 78256
>passed!
repetition: 78257
>passed!
repetition: 78258
>passed!
repetition: 78259
>passed!
repetition: 78260
>passed!
repetition: 78261
>passed!
repetition: 78262
>passed!
repetition: 78263
>passed!
repetition: 78264
>passed!
repetition: 78265
>passed!
repetition: 78266
>passed!
repetition: 78267
>passed!
repetition: 78268
>passed!
repetition: 78269
>passed!
repetition: 78270
>passed!
repetition: 78271
>passed!
repetition: 78272
>passed!
repetition: 78273
>passed!
repetition: 78274
>passed!
repetition: 78275
>passed!
repetition: 78276
>passed!
repetition: 78277
>passed!
repetition: 78278
>passed!
repetition: 78279
>passed!
repetition: 78280
>passed!
repetition: 78281
>passed!
repetition: 78282
>passed!
repetition: 78283
>passed!
repetition: 78284
>passed!
repetition: 78285
>passed!
repetition: 78286
>passed!
repetition: 78287
>passed!
repetition: 78288
>passed!
repetition: 78289
>passed!
repetition: 78290
>passed!
repetition: 78291
>passed!
repetition: 78292
>passed!
repetition: 78293
>passed!
repetition: 78294
>passed!
repetition: 78295
>passed!
repetition: 78296
>passed!
repetition: 78297
>passed!
repetition: 78298
>passed!
repetition: 78299
>passed!
repetition: 78300
>passed!
repetition: 78301
>passed!
repetition: 78302
>passed!
repetition: 78303
>passed!
repetition: 78304
>passed!
repetition: 78305
>passed!
repetition: 78306
>passed!
repetition: 78307
>passed!
repetition: 78308
>passed!
repetition: 78309
>passed!
repetition: 78310
>passed!
repetition: 78311
>passed!
repetition: 78312
>passed!
repetition: 78313
>passed!
repetition: 78314
>passed!
repetition: 78315
>passed!
repetition: 78316
>passed!
repetition: 78317
>passed!
repetition: 78318
>passed!
repetition: 78319
>passed!
repetition: 78320
>passed!
repetition: 78321
>passed!
repetition: 78322
>passed!
repetition: 78323
>passed!
repetition: 78324
>passed!
repetition: 78325
>passed!
repetition: 78326
>passed!
repetition: 78327
>passed!
repetition: 78328
>passed!
repetition: 78329
>passed!
repetition: 78330
>passed!
repetition: 78331
>passed!
repetition: 78332
>passed!
repetition: 78333
>passed!
repetition: 78334
>passed!
repetition: 78335
>passed!
repetition: 78336
>passed!
repetition: 78337
>passed!
repetition: 78338
>passed!
repetition: 78339
>passed!
repetition: 78340
>passed!
repetition: 78341
>passed!
repetition: 78342
>passed!
repetition: 78343
>passed!
repetition: 78344
>passed!
repetition: 78345
>passed!
repetition: 78346
>passed!
repetition: 78347
>passed!
repetition: 78348
>passed!
repetition: 78349
>passed!
repetition: 78350
>passed!
repetition: 78351
>passed!
repetition: 78352
>passed!
repetition: 78353
>passed!
repetition: 78354
>passed!
repetition: 78355
>passed!
repetition: 78356
>passed!
repetition: 78357
>passed!
repetition: 78358
>passed!
repetition: 78359
>passed!
repetition: 78360
>passed!
repetition: 78361
>passed!
repetition: 78362
>passed!
repetition: 78363
>passed!
repetition: 78364
>passed!
repetition: 78365
>passed!
repetition: 78366
>passed!
repetition: 78367
>passed!
repetition: 78368
>passed!
repetition: 78369
>passed!
repetition: 78370
>passed!
repetition: 78371
>passed!
repetition: 78372
>passed!
repetition: 78373
>passed!
repetition: 78374
>passed!
repetition: 78375
>passed!
repetition: 78376
>passed!
repetition: 78377
>passed!
repetition: 78378
>passed!
repetition: 78379
>passed!
repetition: 78380
>passed!
repetition: 78381
>passed!
repetition: 78382
>passed!
repetition: 78383
>passed!
repetition: 78384
>passed!
repetition: 78385
>passed!
repetition: 78386
>passed!
repetition: 78387
>passed!
repetition: 78388
>passed!
repetition: 78389
>passed!
repetition: 78390
>passed!
repetition: 78391
>passed!
repetition: 78392
>passed!
repetition: 78393
>passed!
repetition: 78394
>passed!
repetition: 78395
>passed!
repetition: 78396
>passed!
repetition: 78397
>passed!
repetition: 78398
>passed!
repetition: 78399
>passed!
repetition: 78400
>passed!
repetition: 78401
>passed!
repetition: 78402
>passed!
repetition: 78403
>passed!
repetition: 78404
>passed!
repetition: 78405
>passed!
repetition: 78406
>passed!
repetition: 78407
>passed!
repetition: 78408
>passed!
repetition: 78409
>passed!
repetition: 78410
>passed!
repetition: 78411
>passed!
repetition: 78412
>passed!
repetition: 78413
>passed!
repetition: 78414
>passed!
repetition: 78415
>passed!
repetition: 78416
>passed!
repetition: 78417
>passed!
repetition: 78418
>passed!
repetition: 78419
>passed!
repetition: 78420
>passed!
repetition: 78421
>passed!
repetition: 78422
>passed!
repetition: 78423
>passed!
repetition: 78424
>passed!
repetition: 78425
>passed!
repetition: 78426
>passed!
repetition: 78427
>passed!
repetition: 78428
>passed!
repetition: 78429
>passed!
repetition: 78430
>passed!
repetition: 78431
>passed!
repetition: 78432
>passed!
repetition: 78433
>passed!
repetition: 78434
>passed!
repetition: 78435
>passed!
repetition: 78436
>passed!
repetition: 78437
>passed!
repetition: 78438
>passed!
repetition: 78439
>passed!
repetition: 78440
>passed!
repetition: 78441
>passed!
repetition: 78442
>passed!
repetition: 78443
>passed!
repetition: 78444
>passed!
repetition: 78445
>passed!
repetition: 78446
>passed!
repetition: 78447
>passed!
repetition: 78448
>passed!
repetition: 78449
>passed!
repetition: 78450
>passed!
repetition: 78451
>passed!
repetition: 78452
>passed!
repetition: 78453
>passed!
repetition: 78454
>passed!
repetition: 78455
>passed!
repetition: 78456
>passed!
repetition: 78457
>passed!
repetition: 78458
>passed!
repetition: 78459
>passed!
repetition: 78460
>passed!
repetition: 78461
>passed!
repetition: 78462
>passed!
repetition: 78463
>passed!
repetition: 78464
>passed!
repetition: 78465
>passed!
repetition: 78466
>passed!
repetition: 78467
>passed!
repetition: 78468
>passed!
repetition: 78469
>passed!
repetition: 78470
>passed!
repetition: 78471
>passed!
repetition: 78472
>passed!
repetition: 78473
>passed!
repetition: 78474
>passed!
repetition: 78475
>passed!
repetition: 78476
>passed!
repetition: 78477
>passed!
repetition: 78478
>passed!
repetition: 78479
>passed!
repetition: 78480
>passed!
repetition: 78481
>passed!
repetition: 78482
>passed!
repetition: 78483
>passed!
repetition: 78484
>passed!
repetition: 78485
>passed!
repetition: 78486
>passed!
repetition: 78487
>passed!
repetition: 78488
>passed!
repetition: 78489
>passed!
repetition: 78490
>passed!
repetition: 78491
>passed!
repetition: 78492
>passed!
repetition: 78493
>passed!
repetition: 78494
>passed!
repetition: 78495
>passed!
repetition: 78496
>passed!
repetition: 78497
>passed!
repetition: 78498
>passed!
repetition: 78499
>passed!
repetition: 78500
>passed!
repetition: 78501
>passed!
repetition: 78502
>passed!
repetition: 78503
>passed!
repetition: 78504
>passed!
repetition: 78505
>passed!
repetition: 78506
>passed!
repetition: 78507
>passed!
repetition: 78508
>passed!
repetition: 78509
>passed!
repetition: 78510
>passed!
repetition: 78511
>passed!
repetition: 78512
>passed!
repetition: 78513
>passed!
repetition: 78514
>passed!
repetition: 78515
>passed!
repetition: 78516
>passed!
repetition: 78517
>passed!
repetition: 78518
>passed!
repetition: 78519
>passed!
repetition: 78520
>passed!
repetition: 78521
>passed!
repetition: 78522
>passed!
repetition: 78523
>passed!
repetition: 78524
>passed!
repetition: 78525
>passed!
repetition: 78526
>passed!
repetition: 78527
>passed!
repetition: 78528
>passed!
repetition: 78529
>passed!
repetition: 78530
>passed!
repetition: 78531
>passed!
repetition: 78532
>passed!
repetition: 78533
>passed!
repetition: 78534
>passed!
repetition: 78535
>passed!
repetition: 78536
>passed!
repetition: 78537
>passed!
repetition: 78538
>passed!
repetition: 78539
>passed!
repetition: 78540
>passed!
repetition: 78541
>passed!
repetition: 78542
>passed!
repetition: 78543
>passed!
repetition: 78544
>passed!
repetition: 78545
>passed!
repetition: 78546
>passed!
repetition: 78547
>passed!
repetition: 78548
>passed!
repetition: 78549
>passed!
repetition: 78550
>passed!
repetition: 78551
>passed!
repetition: 78552
>passed!
repetition: 78553
>passed!
repetition: 78554
>passed!
repetition: 78555
>passed!
repetition: 78556
>passed!
repetition: 78557
>passed!
repetition: 78558
>passed!
repetition: 78559
>passed!
repetition: 78560
>passed!
repetition: 78561
>passed!
repetition: 78562
>passed!
repetition: 78563
>passed!
repetition: 78564
>passed!
repetition: 78565
>passed!
repetition: 78566
>passed!
repetition: 78567
>passed!
repetition: 78568
>passed!
repetition: 78569
>passed!
repetition: 78570
>passed!
repetition: 78571
>passed!
repetition: 78572
>passed!
repetition: 78573
>passed!
repetition: 78574
>passed!
repetition: 78575
>passed!
repetition: 78576
>passed!
repetition: 78577
>passed!
repetition: 78578
>passed!
repetition: 78579
>passed!
repetition: 78580
>passed!
repetition: 78581
>passed!
repetition: 78582
>passed!
repetition: 78583
>passed!
repetition: 78584
>passed!
repetition: 78585
>passed!
repetition: 78586
>passed!
repetition: 78587
>passed!
repetition: 78588
>passed!
repetition: 78589
>passed!
repetition: 78590
>passed!
repetition: 78591
>passed!
repetition: 78592
>passed!
repetition: 78593
>passed!
repetition: 78594
>passed!
repetition: 78595
>passed!
repetition: 78596
>passed!
repetition: 78597
>passed!
repetition: 78598
>passed!
repetition: 78599
>passed!
repetition: 78600
>passed!
repetition: 78601
>passed!
repetition: 78602
>passed!
repetition: 78603
>passed!
repetition: 78604
>passed!
repetition: 78605
>passed!
repetition: 78606
>passed!
repetition: 78607
>passed!
repetition: 78608
>passed!
repetition: 78609
>passed!
repetition: 78610
>passed!
repetition: 78611
>passed!
repetition: 78612
>passed!
repetition: 78613
>passed!
repetition: 78614
>passed!
repetition: 78615
>passed!
repetition: 78616
>passed!
repetition: 78617
>passed!
repetition: 78618
>passed!
repetition: 78619
>passed!
repetition: 78620
>passed!
repetition: 78621
>passed!
repetition: 78622
>passed!
repetition: 78623
>passed!
repetition: 78624
>passed!
repetition: 78625
>passed!
repetition: 78626
>passed!
repetition: 78627
>passed!
repetition: 78628
>passed!
repetition: 78629
>passed!
repetition: 78630
>passed!
repetition: 78631
>passed!
repetition: 78632
>passed!
repetition: 78633
>passed!
repetition: 78634
>passed!
repetition: 78635
>passed!
repetition: 78636
>passed!
repetition: 78637
>passed!
repetition: 78638
>passed!
repetition: 78639
>passed!
repetition: 78640
>passed!
repetition: 78641
>passed!
repetition: 78642
>passed!
repetition: 78643
>passed!
repetition: 78644
>passed!
repetition: 78645
>passed!
repetition: 78646
>passed!
repetition: 78647
>passed!
repetition: 78648
>passed!
repetition: 78649
>passed!
repetition: 78650
>passed!
repetition: 78651
>passed!
repetition: 78652
>passed!
repetition: 78653
>passed!
repetition: 78654
>passed!
repetition: 78655
>passed!
repetition: 78656
>passed!
repetition: 78657
>passed!
repetition: 78658
>passed!
repetition: 78659
>passed!
repetition: 78660
>passed!
repetition: 78661
>passed!
repetition: 78662
>passed!
repetition: 78663
>passed!
repetition: 78664
>passed!
repetition: 78665
>passed!
repetition: 78666
>passed!
repetition: 78667
>passed!
repetition: 78668
>passed!
repetition: 78669
>passed!
repetition: 78670
>passed!
repetition: 78671
>passed!
repetition: 78672
>passed!
repetition: 78673
>passed!
repetition: 78674
>passed!
repetition: 78675
>passed!
repetition: 78676
>passed!
repetition: 78677
>passed!
repetition: 78678
>passed!
repetition: 78679
>passed!
repetition: 78680
>passed!
repetition: 78681
>passed!
repetition: 78682
>passed!
repetition: 78683
>passed!
repetition: 78684
>passed!
repetition: 78685
>passed!
repetition: 78686
>passed!
repetition: 78687
>passed!
repetition: 78688
>passed!
repetition: 78689
>passed!
repetition: 78690
>passed!
repetition: 78691
>passed!
repetition: 78692
>passed!
repetition: 78693
>passed!
repetition: 78694
>passed!
repetition: 78695
>passed!
repetition: 78696
>passed!
repetition: 78697
>passed!
repetition: 78698
>passed!
repetition: 78699
>passed!
repetition: 78700
>passed!
repetition: 78701
>passed!
repetition: 78702
>passed!
repetition: 78703
>passed!
repetition: 78704
>passed!
repetition: 78705
>passed!
repetition: 78706
>passed!
repetition: 78707
>passed!
repetition: 78708
>passed!
repetition: 78709
>passed!
repetition: 78710
>passed!
repetition: 78711
>passed!
repetition: 78712
>passed!
repetition: 78713
>passed!
repetition: 78714
>passed!
repetition: 78715
>passed!
repetition: 78716
>passed!
repetition: 78717
>passed!
repetition: 78718
>passed!
repetition: 78719
>passed!
repetition: 78720
>passed!
repetition: 78721
>passed!
repetition: 78722
>passed!
repetition: 78723
>passed!
repetition: 78724
>passed!
repetition: 78725
>passed!
repetition: 78726
>passed!
repetition: 78727
>passed!
repetition: 78728
>passed!
repetition: 78729
>passed!
repetition: 78730
>passed!
repetition: 78731
>passed!
repetition: 78732
>passed!
repetition: 78733
>passed!
repetition: 78734
>passed!
repetition: 78735
>passed!
repetition: 78736
>passed!
repetition: 78737
>passed!
repetition: 78738
>passed!
repetition: 78739
>passed!
repetition: 78740
>passed!
repetition: 78741
>passed!
repetition: 78742
>passed!
repetition: 78743
>passed!
repetition: 78744
>passed!
repetition: 78745
>passed!
repetition: 78746
>passed!
repetition: 78747
>passed!
repetition: 78748
>passed!
repetition: 78749
>passed!
repetition: 78750
>passed!
repetition: 78751
>passed!
repetition: 78752
>passed!
repetition: 78753
>passed!
repetition: 78754
>passed!
repetition: 78755
>passed!
repetition: 78756
>passed!
repetition: 78757
>passed!
repetition: 78758
>passed!
repetition: 78759
>passed!
repetition: 78760
>passed!
repetition: 78761
>passed!
repetition: 78762
>passed!
repetition: 78763
>passed!
repetition: 78764
>passed!
repetition: 78765
>passed!
repetition: 78766
>passed!
repetition: 78767
>passed!
repetition: 78768
>passed!
repetition: 78769
>passed!
repetition: 78770
>passed!
repetition: 78771
>passed!
repetition: 78772
>passed!
repetition: 78773
>passed!
repetition: 78774
>passed!
repetition: 78775
>passed!
repetition: 78776
>passed!
repetition: 78777
>passed!
repetition: 78778
>passed!
repetition: 78779
>passed!
repetition: 78780
>passed!
repetition: 78781
>passed!
repetition: 78782
>passed!
repetition: 78783
>passed!
repetition: 78784
>passed!
repetition: 78785
>passed!
repetition: 78786
>passed!
repetition: 78787
>passed!
repetition: 78788
>passed!
repetition: 78789
>passed!
repetition: 78790
>passed!
repetition: 78791
>passed!
repetition: 78792
>passed!
repetition: 78793
>passed!
repetition: 78794
>passed!
repetition: 78795
>passed!
repetition: 78796
>passed!
repetition: 78797
>passed!
repetition: 78798
>passed!
repetition: 78799
>passed!
repetition: 78800
>passed!
repetition: 78801
>passed!
repetition: 78802
>passed!
repetition: 78803
>passed!
repetition: 78804
>passed!
repetition: 78805
>passed!
repetition: 78806
>passed!
repetition: 78807
>passed!
repetition: 78808
>passed!
repetition: 78809
>passed!
repetition: 78810
>passed!
repetition: 78811
>passed!
repetition: 78812
>passed!
repetition: 78813
>passed!
repetition: 78814
>passed!
repetition: 78815
>passed!
repetition: 78816
>passed!
repetition: 78817
>passed!
repetition: 78818
>passed!
repetition: 78819
>passed!
repetition: 78820
>passed!
repetition: 78821
>passed!
repetition: 78822
>passed!
repetition: 78823
>passed!
repetition: 78824
>passed!
repetition: 78825
>passed!
repetition: 78826
>passed!
repetition: 78827
>passed!
repetition: 78828
>passed!
repetition: 78829
>passed!
repetition: 78830
>passed!
repetition: 78831
>passed!
repetition: 78832
>passed!
repetition: 78833
>passed!
repetition: 78834
>passed!
repetition: 78835
>passed!
repetition: 78836
>passed!
repetition: 78837
>passed!
repetition: 78838
>passed!
repetition: 78839
>passed!
repetition: 78840
>passed!
repetition: 78841
>passed!
repetition: 78842
>passed!
repetition: 78843
>passed!
repetition: 78844
>passed!
repetition: 78845
>passed!
repetition: 78846
>passed!
repetition: 78847
>passed!
repetition: 78848
>passed!
repetition: 78849
>passed!
repetition: 78850
>passed!
repetition: 78851
>passed!
repetition: 78852
>passed!
repetition: 78853
>passed!
repetition: 78854
>passed!
repetition: 78855
>passed!
repetition: 78856
>passed!
repetition: 78857
>passed!
repetition: 78858
>passed!
repetition: 78859
>passed!
repetition: 78860
>passed!
repetition: 78861
>passed!
repetition: 78862
>passed!
repetition: 78863
>passed!
repetition: 78864
>passed!
repetition: 78865
>passed!
repetition: 78866
>passed!
repetition: 78867
>passed!
repetition: 78868
>passed!
repetition: 78869
>passed!
repetition: 78870
>passed!
repetition: 78871
>passed!
repetition: 78872
>passed!
repetition: 78873
>passed!
repetition: 78874
>passed!
repetition: 78875
>passed!
repetition: 78876
>passed!
repetition: 78877
>passed!
repetition: 78878
>passed!
repetition: 78879
>passed!
repetition: 78880
>passed!
repetition: 78881
>passed!
repetition: 78882
>passed!
repetition: 78883
>passed!
repetition: 78884
>passed!
repetition: 78885
>passed!
repetition: 78886
>passed!
repetition: 78887
>passed!
repetition: 78888
>passed!
repetition: 78889
>passed!
repetition: 78890
>passed!
repetition: 78891
>passed!
repetition: 78892
>passed!
repetition: 78893
>passed!
repetition: 78894
>passed!
repetition: 78895
>passed!
repetition: 78896
>passed!
repetition: 78897
>passed!
repetition: 78898
>passed!
repetition: 78899
>passed!
repetition: 78900
>passed!
repetition: 78901
>passed!
repetition: 78902
>passed!
repetition: 78903
>passed!
repetition: 78904
>passed!
repetition: 78905
>passed!
repetition: 78906
>passed!
repetition: 78907
>passed!
repetition: 78908
>passed!
repetition: 78909
>passed!
repetition: 78910
>passed!
repetition: 78911
>passed!
repetition: 78912
>passed!
repetition: 78913
>passed!
repetition: 78914
>passed!
repetition: 78915
>passed!
repetition: 78916
>passed!
repetition: 78917
>passed!
repetition: 78918
>passed!
repetition: 78919
>passed!
repetition: 78920
>passed!
repetition: 78921
>passed!
repetition: 78922
>passed!
repetition: 78923
>passed!
repetition: 78924
>passed!
repetition: 78925
>passed!
repetition: 78926
>passed!
repetition: 78927
>passed!
repetition: 78928
>passed!
repetition: 78929
>passed!
repetition: 78930
>passed!
repetition: 78931
>passed!
repetition: 78932
>passed!
repetition: 78933
>passed!
repetition: 78934
>passed!
repetition: 78935
>passed!
repetition: 78936
>passed!
repetition: 78937
>passed!
repetition: 78938
>passed!
repetition: 78939
>passed!
repetition: 78940
>passed!
repetition: 78941
>passed!
repetition: 78942
>passed!
repetition: 78943
>passed!
repetition: 78944
>passed!
repetition: 78945
>passed!
repetition: 78946
>passed!
repetition: 78947
>passed!
repetition: 78948
>passed!
repetition: 78949
>passed!
repetition: 78950
>passed!
repetition: 78951
>passed!
repetition: 78952
>passed!
repetition: 78953
>passed!
repetition: 78954
>passed!
repetition: 78955
>passed!
repetition: 78956
>passed!
repetition: 78957
>passed!
repetition: 78958
>passed!
repetition: 78959
>passed!
repetition: 78960
>passed!
repetition: 78961
>passed!
repetition: 78962
>passed!
repetition: 78963
>passed!
repetition: 78964
>passed!
repetition: 78965
>passed!
repetition: 78966
>passed!
repetition: 78967
>passed!
repetition: 78968
>passed!
repetition: 78969
>passed!
repetition: 78970
>passed!
repetition: 78971
>passed!
repetition: 78972
>passed!
repetition: 78973
>passed!
repetition: 78974
>passed!
repetition: 78975
>passed!
repetition: 78976
>passed!
repetition: 78977
>passed!
repetition: 78978
>passed!
repetition: 78979
>passed!
repetition: 78980
>passed!
repetition: 78981
>passed!
repetition: 78982
>passed!
repetition: 78983
>passed!
repetition: 78984
>passed!
repetition: 78985
>passed!
repetition: 78986
>passed!
repetition: 78987
>passed!
repetition: 78988
>passed!
repetition: 78989
>passed!
repetition: 78990
>passed!
repetition: 78991
>passed!
repetition: 78992
>passed!
repetition: 78993
>passed!
repetition: 78994
>passed!
repetition: 78995
>passed!
repetition: 78996
>passed!
repetition: 78997
>passed!
repetition: 78998
>passed!
repetition: 78999
>passed!
repetition: 79000
>passed!
repetition: 79001
>passed!
repetition: 79002
>passed!
repetition: 79003
>passed!
repetition: 79004
>passed!
repetition: 79005
>passed!
repetition: 79006
>passed!
repetition: 79007
>passed!
repetition: 79008
>passed!
repetition: 79009
>passed!
repetition: 79010
>passed!
repetition: 79011
>passed!
repetition: 79012
>passed!
repetition: 79013
>passed!
repetition: 79014
>passed!
repetition: 79015
>passed!
repetition: 79016
>passed!
repetition: 79017
>passed!
repetition: 79018
>passed!
repetition: 79019
>passed!
repetition: 79020
>passed!
repetition: 79021
>passed!
repetition: 79022
>passed!
repetition: 79023
>passed!
repetition: 79024
>passed!
repetition: 79025
>passed!
repetition: 79026
>passed!
repetition: 79027
>passed!
repetition: 79028
>passed!
repetition: 79029
>passed!
repetition: 79030
>passed!
repetition: 79031
>passed!
repetition: 79032
>passed!
repetition: 79033
>passed!
repetition: 79034
>passed!
repetition: 79035
>passed!
repetition: 79036
>passed!
repetition: 79037
>passed!
repetition: 79038
>passed!
repetition: 79039
>passed!
repetition: 79040
>passed!
repetition: 79041
>passed!
repetition: 79042
>passed!
repetition: 79043
>passed!
repetition: 79044
>passed!
repetition: 79045
>passed!
repetition: 79046
>passed!
repetition: 79047
>passed!
repetition: 79048
>passed!
repetition: 79049
>passed!
repetition: 79050
>passed!
repetition: 79051
>passed!
repetition: 79052
>passed!
repetition: 79053
>passed!
repetition: 79054
>passed!
repetition: 79055
>passed!
repetition: 79056
>passed!
repetition: 79057
>passed!
repetition: 79058
>passed!
repetition: 79059
>passed!
repetition: 79060
>passed!
repetition: 79061
>passed!
repetition: 79062
>passed!
repetition: 79063
>passed!
repetition: 79064
>passed!
repetition: 79065
>passed!
repetition: 79066
>passed!
repetition: 79067
>passed!
repetition: 79068
>passed!
repetition: 79069
>passed!
repetition: 79070
>passed!
repetition: 79071
>passed!
repetition: 79072
>passed!
repetition: 79073
>passed!
repetition: 79074
>passed!
repetition: 79075
>passed!
repetition: 79076
>passed!
repetition: 79077
>passed!
repetition: 79078
>passed!
repetition: 79079
>passed!
repetition: 79080
>passed!
repetition: 79081
>passed!
repetition: 79082
>passed!
repetition: 79083
>passed!
repetition: 79084
>passed!
repetition: 79085
>passed!
repetition: 79086
>passed!
repetition: 79087
>passed!
repetition: 79088
>passed!
repetition: 79089
>passed!
repetition: 79090
>passed!
repetition: 79091
>passed!
repetition: 79092
>passed!
repetition: 79093
>passed!
repetition: 79094
>passed!
repetition: 79095
>passed!
repetition: 79096
>passed!
repetition: 79097
>passed!
repetition: 79098
>passed!
repetition: 79099
>passed!
repetition: 79100
>passed!
repetition: 79101
>passed!
repetition: 79102
>passed!
repetition: 79103
>passed!
repetition: 79104
>passed!
repetition: 79105
>passed!
repetition: 79106
>passed!
repetition: 79107
>passed!
repetition: 79108
>passed!
repetition: 79109
>passed!
repetition: 79110
>passed!
repetition: 79111
>passed!
repetition: 79112
>passed!
repetition: 79113
>passed!
repetition: 79114
>passed!
repetition: 79115
>passed!
repetition: 79116
>passed!
repetition: 79117
>passed!
repetition: 79118
>passed!
repetition: 79119
>passed!
repetition: 79120
>passed!
repetition: 79121
>passed!
repetition: 79122
>passed!
repetition: 79123
>passed!
repetition: 79124
>passed!
repetition: 79125
>passed!
repetition: 79126
>passed!
repetition: 79127
>passed!
repetition: 79128
>passed!
repetition: 79129
>passed!
repetition: 79130
>passed!
repetition: 79131
>passed!
repetition: 79132
>passed!
repetition: 79133
>passed!
repetition: 79134
>passed!
repetition: 79135
>passed!
repetition: 79136
>passed!
repetition: 79137
>passed!
repetition: 79138
>passed!
repetition: 79139
>passed!
repetition: 79140
>passed!
repetition: 79141
>passed!
repetition: 79142
>passed!
repetition: 79143
>passed!
repetition: 79144
>passed!
repetition: 79145
>passed!
repetition: 79146
>passed!
repetition: 79147
>passed!
repetition: 79148
>passed!
repetition: 79149
>passed!
repetition: 79150
>passed!
repetition: 79151
>passed!
repetition: 79152
>passed!
repetition: 79153
>passed!
repetition: 79154
>passed!
repetition: 79155
>passed!
repetition: 79156
>passed!
repetition: 79157
>passed!
repetition: 79158
>passed!
repetition: 79159
>passed!
repetition: 79160
>passed!
repetition: 79161
>passed!
repetition: 79162
>passed!
repetition: 79163
>passed!
repetition: 79164
>passed!
repetition: 79165
>passed!
repetition: 79166
>passed!
repetition: 79167
>passed!
repetition: 79168
>passed!
repetition: 79169
>passed!
repetition: 79170
>passed!
repetition: 79171
>passed!
repetition: 79172
>passed!
repetition: 79173
>passed!
repetition: 79174
>passed!
repetition: 79175
>passed!
repetition: 79176
>passed!
repetition: 79177
>passed!
repetition: 79178
>passed!
repetition: 79179
>passed!
repetition: 79180
>passed!
repetition: 79181
>passed!
repetition: 79182
>passed!
repetition: 79183
>passed!
repetition: 79184
>passed!
repetition: 79185
>passed!
repetition: 79186
>passed!
repetition: 79187
>passed!
repetition: 79188
>passed!
repetition: 79189
>passed!
repetition: 79190
>passed!
repetition: 79191
>passed!
repetition: 79192
>passed!
repetition: 79193
>passed!
repetition: 79194
>passed!
repetition: 79195
>passed!
repetition: 79196
>passed!
repetition: 79197
>passed!
repetition: 79198
>passed!
repetition: 79199
>passed!
repetition: 79200
>passed!
repetition: 79201
>passed!
repetition: 79202
>passed!
repetition: 79203
>passed!
repetition: 79204
>passed!
repetition: 79205
>passed!
repetition: 79206
>passed!
repetition: 79207
>passed!
repetition: 79208
>passed!
repetition: 79209
>passed!
repetition: 79210
>passed!
repetition: 79211
>passed!
repetition: 79212
>passed!
repetition: 79213
>passed!
repetition: 79214
>passed!
repetition: 79215
>passed!
repetition: 79216
>passed!
repetition: 79217
>passed!
repetition: 79218
>passed!
repetition: 79219
>passed!
repetition: 79220
>passed!
repetition: 79221
>passed!
repetition: 79222
>passed!
repetition: 79223
>passed!
repetition: 79224
>passed!
repetition: 79225
>passed!
repetition: 79226
>passed!
repetition: 79227
>passed!
repetition: 79228
>passed!
repetition: 79229
>passed!
repetition: 79230
>passed!
repetition: 79231
>passed!
repetition: 79232
>passed!
repetition: 79233
>passed!
repetition: 79234
>passed!
repetition: 79235
>passed!
repetition: 79236
>passed!
repetition: 79237
>passed!
repetition: 79238
>passed!
repetition: 79239
>passed!
repetition: 79240
>passed!
repetition: 79241
>passed!
repetition: 79242
>passed!
repetition: 79243
>passed!
repetition: 79244
>passed!
repetition: 79245
>passed!
repetition: 79246
>passed!
repetition: 79247
>passed!
repetition: 79248
>passed!
repetition: 79249
>passed!
repetition: 79250
>passed!
repetition: 79251
>passed!
repetition: 79252
>passed!
repetition: 79253
>passed!
repetition: 79254
>passed!
repetition: 79255
>passed!
repetition: 79256
>passed!
repetition: 79257
>passed!
repetition: 79258
>passed!
repetition: 79259
>passed!
repetition: 79260
>passed!
repetition: 79261
>passed!
repetition: 79262
>passed!
repetition: 79263
>passed!
repetition: 79264
>passed!
repetition: 79265
>passed!
repetition: 79266
>passed!
repetition: 79267
>passed!
repetition: 79268
>passed!
repetition: 79269
>passed!
repetition: 79270
>passed!
repetition: 79271
>passed!
repetition: 79272
>passed!
repetition: 79273
>passed!
repetition: 79274
>passed!
repetition: 79275
>passed!
repetition: 79276
>passed!
repetition: 79277
>passed!
repetition: 79278
>passed!
repetition: 79279
>passed!
repetition: 79280
>passed!
repetition: 79281
>passed!
repetition: 79282
>passed!
repetition: 79283
>passed!
repetition: 79284
>passed!
repetition: 79285
>passed!
repetition: 79286
>passed!
repetition: 79287
>passed!
repetition: 79288
>passed!
repetition: 79289
>passed!
repetition: 79290
>passed!
repetition: 79291
>passed!
repetition: 79292
>passed!
repetition: 79293
>passed!
repetition: 79294
>passed!
repetition: 79295
>passed!
repetition: 79296
>passed!
repetition: 79297
>passed!
repetition: 79298
>passed!
repetition: 79299
>passed!
repetition: 79300
>passed!
repetition: 79301
>passed!
repetition: 79302
>passed!
repetition: 79303
>passed!
repetition: 79304
>passed!
repetition: 79305
>passed!
repetition: 79306
>passed!
repetition: 79307
>passed!
repetition: 79308
>passed!
repetition: 79309
>passed!
repetition: 79310
>passed!
repetition: 79311
>passed!
repetition: 79312
>passed!
repetition: 79313
>passed!
repetition: 79314
>passed!
repetition: 79315
>passed!
repetition: 79316
>passed!
repetition: 79317
>passed!
repetition: 79318
>passed!
repetition: 79319
>passed!
repetition: 79320
>passed!
repetition: 79321
>passed!
repetition: 79322
>passed!
repetition: 79323
>passed!
repetition: 79324
>passed!
repetition: 79325
>passed!
repetition: 79326
>passed!
repetition: 79327
>passed!
repetition: 79328
>passed!
repetition: 79329
>passed!
repetition: 79330
>passed!
repetition: 79331
>passed!
repetition: 79332
>passed!
repetition: 79333
>passed!
repetition: 79334
>passed!
repetition: 79335
>passed!
repetition: 79336
>passed!
repetition: 79337
>passed!
repetition: 79338
>passed!
repetition: 79339
>passed!
repetition: 79340
>passed!
repetition: 79341
>passed!
repetition: 79342
>passed!
repetition: 79343
>passed!
repetition: 79344
>passed!
repetition: 79345
>passed!
repetition: 79346
>passed!
repetition: 79347
>passed!
repetition: 79348
>passed!
repetition: 79349
>passed!
repetition: 79350
>passed!
repetition: 79351
>passed!
repetition: 79352
>passed!
repetition: 79353
>passed!
repetition: 79354
>passed!
repetition: 79355
>passed!
repetition: 79356
>passed!
repetition: 79357
>passed!
repetition: 79358
>passed!
repetition: 79359
>passed!
repetition: 79360
>passed!
repetition: 79361
>passed!
repetition: 79362
>passed!
repetition: 79363
>passed!
repetition: 79364
>passed!
repetition: 79365
>passed!
repetition: 79366
>passed!
repetition: 79367
>passed!
repetition: 79368
>passed!
repetition: 79369
>passed!
repetition: 79370
>passed!
repetition: 79371
>passed!
repetition: 79372
>passed!
repetition: 79373
>passed!
repetition: 79374
>passed!
repetition: 79375
>passed!
repetition: 79376
>passed!
repetition: 79377
>passed!
repetition: 79378
>passed!
repetition: 79379
>passed!
repetition: 79380
>passed!
repetition: 79381
>passed!
repetition: 79382
>passed!
repetition: 79383
>passed!
repetition: 79384
>passed!
repetition: 79385
>passed!
repetition: 79386
>passed!
repetition: 79387
>passed!
repetition: 79388
>passed!
repetition: 79389
>passed!
repetition: 79390
>passed!
repetition: 79391
>passed!
repetition: 79392
>passed!
repetition: 79393
>passed!
repetition: 79394
>passed!
repetition: 79395
>passed!
repetition: 79396
>passed!
repetition: 79397
>passed!
repetition: 79398
>passed!
repetition: 79399
>passed!
repetition: 79400
>passed!
repetition: 79401
>passed!
repetition: 79402
>passed!
repetition: 79403
>passed!
repetition: 79404
>passed!
repetition: 79405
>passed!
repetition: 79406
>passed!
repetition: 79407
>passed!
repetition: 79408
>passed!
repetition: 79409
>passed!
repetition: 79410
>passed!
repetition: 79411
>passed!
repetition: 79412
>passed!
repetition: 79413
>passed!
repetition: 79414
>passed!
repetition: 79415
>passed!
repetition: 79416
>passed!
repetition: 79417
>passed!
repetition: 79418
>passed!
repetition: 79419
>passed!
repetition: 79420
>passed!
repetition: 79421
>passed!
repetition: 79422
>passed!
repetition: 79423
>passed!
repetition: 79424
>passed!
repetition: 79425
>passed!
repetition: 79426
>passed!
repetition: 79427
>passed!
repetition: 79428
>passed!
repetition: 79429
>passed!
repetition: 79430
>passed!
repetition: 79431
>passed!
repetition: 79432
>passed!
repetition: 79433
>passed!
repetition: 79434
>passed!
repetition: 79435
>passed!
repetition: 79436
>passed!
repetition: 79437
>passed!
repetition: 79438
>passed!
repetition: 79439
>passed!
repetition: 79440
>passed!
repetition: 79441
>passed!
repetition: 79442
>passed!
repetition: 79443
>passed!
repetition: 79444
>passed!
repetition: 79445
>passed!
repetition: 79446
>passed!
repetition: 79447
>passed!
repetition: 79448
>passed!
repetition: 79449
>passed!
repetition: 79450
>passed!
repetition: 79451
>passed!
repetition: 79452
>passed!
repetition: 79453
>passed!
repetition: 79454
>passed!
repetition: 79455
>passed!
repetition: 79456
>passed!
repetition: 79457
>passed!
repetition: 79458
>passed!
repetition: 79459
>passed!
repetition: 79460
>passed!
repetition: 79461
>passed!
repetition: 79462
>passed!
repetition: 79463
>passed!
repetition: 79464
>passed!
repetition: 79465
>passed!
repetition: 79466
>passed!
repetition: 79467
>passed!
repetition: 79468
>passed!
repetition: 79469
>passed!
repetition: 79470
>passed!
repetition: 79471
>passed!
repetition: 79472
>passed!
repetition: 79473
>passed!
repetition: 79474
>passed!
repetition: 79475
>passed!
repetition: 79476
>passed!
repetition: 79477
>passed!
repetition: 79478
>passed!
repetition: 79479
>passed!
repetition: 79480
>passed!
repetition: 79481
>passed!
repetition: 79482
>passed!
repetition: 79483
>passed!
repetition: 79484
>passed!
repetition: 79485
>passed!
repetition: 79486
>passed!
repetition: 79487
>passed!
repetition: 79488
>passed!
repetition: 79489
>passed!
repetition: 79490
>passed!
repetition: 79491
>passed!
repetition: 79492
>passed!
repetition: 79493
>passed!
repetition: 79494
>passed!
repetition: 79495
>passed!
repetition: 79496
>passed!
repetition: 79497
>passed!
repetition: 79498
>passed!
repetition: 79499
>passed!
repetition: 79500
>passed!
repetition: 79501
>passed!
repetition: 79502
>passed!
repetition: 79503
>passed!
repetition: 79504
>passed!
repetition: 79505
>passed!
repetition: 79506
>passed!
repetition: 79507
>passed!
repetition: 79508
>passed!
repetition: 79509
>passed!
repetition: 79510
>passed!
repetition: 79511
>passed!
repetition: 79512
>passed!
repetition: 79513
>passed!
repetition: 79514
>passed!
repetition: 79515
>passed!
repetition: 79516
>passed!
repetition: 79517
>passed!
repetition: 79518
>passed!
repetition: 79519
>passed!
repetition: 79520
>passed!
repetition: 79521
>passed!
repetition: 79522
>passed!
repetition: 79523
>passed!
repetition: 79524
>passed!
repetition: 79525
>passed!
repetition: 79526
>passed!
repetition: 79527
>passed!
repetition: 79528
>passed!
repetition: 79529
>passed!
repetition: 79530
>passed!
repetition: 79531
>passed!
repetition: 79532
>passed!
repetition: 79533
>passed!
repetition: 79534
>passed!
repetition: 79535
>passed!
repetition: 79536
>passed!
repetition: 79537
>passed!
repetition: 79538
>passed!
repetition: 79539
>passed!
repetition: 79540
>passed!
repetition: 79541
>passed!
repetition: 79542
>passed!
repetition: 79543
>passed!
repetition: 79544
>passed!
repetition: 79545
>passed!
repetition: 79546
>passed!
repetition: 79547
>passed!
repetition: 79548
>passed!
repetition: 79549
>passed!
repetition: 79550
>passed!
repetition: 79551
>passed!
repetition: 79552
>passed!
repetition: 79553
>passed!
repetition: 79554
>passed!
repetition: 79555
>passed!
repetition: 79556
>passed!
repetition: 79557
>passed!
repetition: 79558
>passed!
repetition: 79559
>passed!
repetition: 79560
>passed!
repetition: 79561
>passed!
repetition: 79562
>passed!
repetition: 79563
>passed!
repetition: 79564
>passed!
repetition: 79565
>passed!
repetition: 79566
>passed!
repetition: 79567
>passed!
repetition: 79568
>passed!
repetition: 79569
>passed!
repetition: 79570
>passed!
repetition: 79571
>passed!
repetition: 79572
>passed!
repetition: 79573
>passed!
repetition: 79574
>passed!
repetition: 79575
>passed!
repetition: 79576
>passed!
repetition: 79577
>passed!
repetition: 79578
>passed!
repetition: 79579
>passed!
repetition: 79580
>passed!
repetition: 79581
>passed!
repetition: 79582
>passed!
repetition: 79583
>passed!
repetition: 79584
>passed!
repetition: 79585
>passed!
repetition: 79586
>passed!
repetition: 79587
>passed!
repetition: 79588
>passed!
repetition: 79589
>passed!
repetition: 79590
>passed!
repetition: 79591
>passed!
repetition: 79592
>passed!
repetition: 79593
>passed!
repetition: 79594
>passed!
repetition: 79595
>passed!
repetition: 79596
>passed!
repetition: 79597
>passed!
repetition: 79598
>passed!
repetition: 79599
>passed!
repetition: 79600
>passed!
repetition: 79601
>passed!
repetition: 79602
>passed!
repetition: 79603
>passed!
repetition: 79604
>passed!
repetition: 79605
>passed!
repetition: 79606
>passed!
repetition: 79607
>passed!
repetition: 79608
>passed!
repetition: 79609
>passed!
repetition: 79610
>passed!
repetition: 79611
>passed!
repetition: 79612
>passed!
repetition: 79613
>passed!
repetition: 79614
>passed!
repetition: 79615
>passed!
repetition: 79616
>passed!
repetition: 79617
>passed!
repetition: 79618
>passed!
repetition: 79619
>passed!
repetition: 79620
>passed!
repetition: 79621
>passed!
repetition: 79622
>passed!
repetition: 79623
>passed!
repetition: 79624
>passed!
repetition: 79625
>passed!
repetition: 79626
>passed!
repetition: 79627
>passed!
repetition: 79628
>passed!
repetition: 79629
>passed!
repetition: 79630
>passed!
repetition: 79631
>passed!
repetition: 79632
>passed!
repetition: 79633
>passed!
repetition: 79634
>passed!
repetition: 79635
>passed!
repetition: 79636
>passed!
repetition: 79637
>passed!
repetition: 79638
>passed!
repetition: 79639
>passed!
repetition: 79640
>passed!
repetition: 79641
>passed!
repetition: 79642
>passed!
repetition: 79643
>passed!
repetition: 79644
>passed!
repetition: 79645
>passed!
repetition: 79646
>passed!
repetition: 79647
>passed!
repetition: 79648
>passed!
repetition: 79649
>passed!
repetition: 79650
>passed!
repetition: 79651
>passed!
repetition: 79652
>passed!
repetition: 79653
>passed!
repetition: 79654
>passed!
repetition: 79655
>passed!
repetition: 79656
>passed!
repetition: 79657
>passed!
repetition: 79658
>passed!
repetition: 79659
>passed!
repetition: 79660
>passed!
repetition: 79661
>passed!
repetition: 79662
>passed!
repetition: 79663
>passed!
repetition: 79664
>passed!
repetition: 79665
>passed!
repetition: 79666
>passed!
repetition: 79667
>passed!
repetition: 79668
>passed!
repetition: 79669
>passed!
repetition: 79670
>passed!
repetition: 79671
>passed!
repetition: 79672
>passed!
repetition: 79673
>passed!
repetition: 79674
>passed!
repetition: 79675
>passed!
repetition: 79676
>passed!
repetition: 79677
>passed!
repetition: 79678
>passed!
repetition: 79679
>passed!
repetition: 79680
>passed!
repetition: 79681
>passed!
repetition: 79682
>passed!
repetition: 79683
>passed!
repetition: 79684
>passed!
repetition: 79685
>passed!
repetition: 79686
>passed!
repetition: 79687
>passed!
repetition: 79688
>passed!
repetition: 79689
>passed!
repetition: 79690
>passed!
repetition: 79691
>passed!
repetition: 79692
>passed!
repetition: 79693
>passed!
repetition: 79694
>passed!
repetition: 79695
>passed!
repetition: 79696
>passed!
repetition: 79697
>passed!
repetition: 79698
>passed!
repetition: 79699
>passed!
repetition: 79700
>passed!
repetition: 79701
>passed!
repetition: 79702
>passed!
repetition: 79703
>passed!
repetition: 79704
>passed!
repetition: 79705
>passed!
repetition: 79706
>passed!
repetition: 79707
>passed!
repetition: 79708
>passed!
repetition: 79709
>passed!
repetition: 79710
>passed!
repetition: 79711
>passed!
repetition: 79712
>passed!
repetition: 79713
>passed!
repetition: 79714
>passed!
repetition: 79715
>passed!
repetition: 79716
>passed!
repetition: 79717
>passed!
repetition: 79718
>passed!
repetition: 79719
>passed!
repetition: 79720
>passed!
repetition: 79721
>passed!
repetition: 79722
>passed!
repetition: 79723
>passed!
repetition: 79724
>passed!
repetition: 79725
>passed!
repetition: 79726
>passed!
repetition: 79727
>passed!
repetition: 79728
>passed!
repetition: 79729
>passed!
repetition: 79730
>passed!
repetition: 79731
>passed!
repetition: 79732
>passed!
repetition: 79733
>passed!
repetition: 79734
>passed!
repetition: 79735
>passed!
repetition: 79736
>passed!
repetition: 79737
>passed!
repetition: 79738
>passed!
repetition: 79739
>passed!
repetition: 79740
>passed!
repetition: 79741
>passed!
repetition: 79742
>passed!
repetition: 79743
>passed!
repetition: 79744
>passed!
repetition: 79745
>passed!
repetition: 79746
>passed!
repetition: 79747
>passed!
repetition: 79748
>passed!
repetition: 79749
>passed!
repetition: 79750
>passed!
repetition: 79751
>passed!
repetition: 79752
>passed!
repetition: 79753
>passed!
repetition: 79754
>passed!
repetition: 79755
>passed!
repetition: 79756
>passed!
repetition: 79757
>passed!
repetition: 79758
>passed!
repetition: 79759
>passed!
repetition: 79760
>passed!
repetition: 79761
>passed!
repetition: 79762
>passed!
repetition: 79763
>passed!
repetition: 79764
>passed!
repetition: 79765
>passed!
repetition: 79766
>passed!
repetition: 79767
>passed!
repetition: 79768
>passed!
repetition: 79769
>passed!
repetition: 79770
>passed!
repetition: 79771
>passed!
repetition: 79772
>passed!
repetition: 79773
>passed!
repetition: 79774
>passed!
repetition: 79775
>passed!
repetition: 79776
>passed!
repetition: 79777
>passed!
repetition: 79778
>passed!
repetition: 79779
>passed!
repetition: 79780
>passed!
repetition: 79781
>passed!
repetition: 79782
>passed!
repetition: 79783
>passed!
repetition: 79784
>passed!
repetition: 79785
>passed!
repetition: 79786
>passed!
repetition: 79787
>passed!
repetition: 79788
>passed!
repetition: 79789
>passed!
repetition: 79790
>passed!
repetition: 79791
>passed!
repetition: 79792
>passed!
repetition: 79793
>passed!
repetition: 79794
>passed!
repetition: 79795
>passed!
repetition: 79796
>passed!
repetition: 79797
>passed!
repetition: 79798
>passed!
repetition: 79799
>passed!
repetition: 79800
>passed!
repetition: 79801
>passed!
repetition: 79802
>passed!
repetition: 79803
>passed!
repetition: 79804
>passed!
repetition: 79805
>passed!
repetition: 79806
>passed!
repetition: 79807
>passed!
repetition: 79808
>passed!
repetition: 79809
>passed!
repetition: 79810
>passed!
repetition: 79811
>passed!
repetition: 79812
>passed!
repetition: 79813
>passed!
repetition: 79814
>passed!
repetition: 79815
>passed!
repetition: 79816
>passed!
repetition: 79817
>passed!
repetition: 79818
>passed!
repetition: 79819
>passed!
repetition: 79820
>passed!
repetition: 79821
>passed!
repetition: 79822
>passed!
repetition: 79823
>passed!
repetition: 79824
>passed!
repetition: 79825
>passed!
repetition: 79826
>passed!
repetition: 79827
>passed!
repetition: 79828
>passed!
repetition: 79829
>passed!
repetition: 79830
>passed!
repetition: 79831
>passed!
repetition: 79832
>passed!
repetition: 79833
>passed!
repetition: 79834
>passed!
repetition: 79835
>passed!
repetition: 79836
>passed!
repetition: 79837
>passed!
repetition: 79838
>passed!
repetition: 79839
>passed!
repetition: 79840
>passed!
repetition: 79841
>passed!
repetition: 79842
>passed!
repetition: 79843
>passed!
repetition: 79844
>passed!
repetition: 79845
>passed!
repetition: 79846
>passed!
repetition: 79847
>passed!
repetition: 79848
>passed!
repetition: 79849
>passed!
repetition: 79850
>passed!
repetition: 79851
>passed!
repetition: 79852
>passed!
repetition: 79853
>passed!
repetition: 79854
>passed!
repetition: 79855
>passed!
repetition: 79856
>passed!
repetition: 79857
>passed!
repetition: 79858
>passed!
repetition: 79859
>passed!
repetition: 79860
>passed!
repetition: 79861
>passed!
repetition: 79862
>passed!
repetition: 79863
>passed!
repetition: 79864
>passed!
repetition: 79865
>passed!
repetition: 79866
>passed!
repetition: 79867
>passed!
repetition: 79868
>passed!
repetition: 79869
>passed!
repetition: 79870
>passed!
repetition: 79871
>passed!
repetition: 79872
>passed!
repetition: 79873
>passed!
repetition: 79874
>passed!
repetition: 79875
>passed!
repetition: 79876
>passed!
repetition: 79877
>passed!
repetition: 79878
>passed!
repetition: 79879
>passed!
repetition: 79880
>passed!
repetition: 79881
>passed!
repetition: 79882
>passed!
repetition: 79883
>passed!
repetition: 79884
>passed!
repetition: 79885
>passed!
repetition: 79886
>passed!
repetition: 79887
>passed!
repetition: 79888
>passed!
repetition: 79889
>passed!
repetition: 79890
>passed!
repetition: 79891
>passed!
repetition: 79892
>passed!
repetition: 79893
>passed!
repetition: 79894
>passed!
repetition: 79895
>passed!
repetition: 79896
>passed!
repetition: 79897
>passed!
repetition: 79898
>passed!
repetition: 79899
>passed!
repetition: 79900
>passed!
repetition: 79901
>passed!
repetition: 79902
>passed!
repetition: 79903
>passed!
repetition: 79904
>passed!
repetition: 79905
>passed!
repetition: 79906
>passed!
repetition: 79907
>passed!
repetition: 79908
>passed!
repetition: 79909
>passed!
repetition: 79910
>passed!
repetition: 79911
>passed!
repetition: 79912
>passed!
repetition: 79913
>passed!
repetition: 79914
>passed!
repetition: 79915
>passed!
repetition: 79916
>passed!
repetition: 79917
>passed!
repetition: 79918
>passed!
repetition: 79919
>passed!
repetition: 79920
>passed!
repetition: 79921
>passed!
repetition: 79922
>passed!
repetition: 79923
>passed!
repetition: 79924
>passed!
repetition: 79925
>passed!
repetition: 79926
>passed!
repetition: 79927
>passed!
repetition: 79928
>passed!
repetition: 79929
>passed!
repetition: 79930
>passed!
repetition: 79931
>passed!
repetition: 79932
>passed!
repetition: 79933
>passed!
repetition: 79934
>passed!
repetition: 79935
>passed!
repetition: 79936
>passed!
repetition: 79937
>passed!
repetition: 79938
>passed!
repetition: 79939
>passed!
repetition: 79940
>passed!
repetition: 79941
>passed!
repetition: 79942
>passed!
repetition: 79943
>passed!
repetition: 79944
>passed!
repetition: 79945
>passed!
repetition: 79946
>passed!
repetition: 79947
>passed!
repetition: 79948
>passed!
repetition: 79949
>passed!
repetition: 79950
>passed!
repetition: 79951
>passed!
repetition: 79952
>passed!
repetition: 79953
>passed!
repetition: 79954
>passed!
repetition: 79955
>passed!
repetition: 79956
>passed!
repetition: 79957
>passed!
repetition: 79958
>passed!
repetition: 79959
>passed!
repetition: 79960
>passed!
repetition: 79961
>passed!
repetition: 79962
>passed!
repetition: 79963
>passed!
repetition: 79964
>passed!
repetition: 79965
>passed!
repetition: 79966
>passed!
repetition: 79967
>passed!
repetition: 79968
>passed!
repetition: 79969
>passed!
repetition: 79970
>passed!
repetition: 79971
>passed!
repetition: 79972
>passed!
repetition: 79973
>passed!
repetition: 79974
>passed!
repetition: 79975
>passed!
repetition: 79976
>passed!
repetition: 79977
>passed!
repetition: 79978
>passed!
repetition: 79979
>passed!
repetition: 79980
>passed!
repetition: 79981
>passed!
repetition: 79982
>passed!
repetition: 79983
>passed!
repetition: 79984
>passed!
repetition: 79985
>passed!
repetition: 79986
>passed!
repetition: 79987
>passed!
repetition: 79988
>passed!
repetition: 79989
>passed!
repetition: 79990
>passed!
repetition: 79991
>passed!
repetition: 79992
>passed!
repetition: 79993
>passed!
repetition: 79994
>passed!
repetition: 79995
>passed!
repetition: 79996
>passed!
repetition: 79997
>passed!
repetition: 79998
>passed!
repetition: 79999
>passed!
repetition: 80000
>passed!
repetition: 80001
>passed!
repetition: 80002
>passed!
repetition: 80003
>passed!
repetition: 80004
>passed!
repetition: 80005
>passed!
repetition: 80006
>passed!
repetition: 80007
>passed!
repetition: 80008
>passed!
repetition: 80009
>passed!
repetition: 80010
>passed!
repetition: 80011
>passed!
repetition: 80012
>passed!
repetition: 80013
>passed!
repetition: 80014
>passed!
repetition: 80015
>passed!
repetition: 80016
>passed!
repetition: 80017
>passed!
repetition: 80018
>passed!
repetition: 80019
>passed!
repetition: 80020
>passed!
repetition: 80021
>passed!
repetition: 80022
>passed!
repetition: 80023
>passed!
repetition: 80024
>passed!
repetition: 80025
>passed!
repetition: 80026
>passed!
repetition: 80027
>passed!
repetition: 80028
>passed!
repetition: 80029
>passed!
repetition: 80030
>passed!
repetition: 80031
>passed!
repetition: 80032
>passed!
repetition: 80033
>passed!
repetition: 80034
>passed!
repetition: 80035
>passed!
repetition: 80036
>passed!
repetition: 80037
>passed!
repetition: 80038
>passed!
repetition: 80039
>passed!
repetition: 80040
>passed!
repetition: 80041
>passed!
repetition: 80042
>passed!
repetition: 80043
>passed!
repetition: 80044
>passed!
repetition: 80045
>passed!
repetition: 80046
>passed!
repetition: 80047
>passed!
repetition: 80048
>passed!
repetition: 80049
>passed!
repetition: 80050
>passed!
repetition: 80051
>passed!
repetition: 80052
>passed!
repetition: 80053
>passed!
repetition: 80054
>passed!
repetition: 80055
>passed!
repetition: 80056
>passed!
repetition: 80057
>passed!
repetition: 80058
>passed!
repetition: 80059
>passed!
repetition: 80060
>passed!
repetition: 80061
>passed!
repetition: 80062
>passed!
repetition: 80063
>passed!
repetition: 80064
>passed!
repetition: 80065
>passed!
repetition: 80066
>passed!
repetition: 80067
>passed!
repetition: 80068
>passed!
repetition: 80069
>passed!
repetition: 80070
>passed!
repetition: 80071
>passed!
repetition: 80072
>passed!
repetition: 80073
>passed!
repetition: 80074
>passed!
repetition: 80075
>passed!
repetition: 80076
>passed!
repetition: 80077
>passed!
repetition: 80078
>passed!
repetition: 80079
>passed!
repetition: 80080
>passed!
repetition: 80081
>passed!
repetition: 80082
>passed!
repetition: 80083
>passed!
repetition: 80084
>passed!
repetition: 80085
>passed!
repetition: 80086
>passed!
repetition: 80087
>passed!
repetition: 80088
>passed!
repetition: 80089
>passed!
repetition: 80090
>passed!
repetition: 80091
>passed!
repetition: 80092
>passed!
repetition: 80093
>passed!
repetition: 80094
>passed!
repetition: 80095
>passed!
repetition: 80096
>passed!
repetition: 80097
>passed!
repetition: 80098
>passed!
repetition: 80099
>passed!
repetition: 80100
>passed!
repetition: 80101
>passed!
repetition: 80102
>passed!
repetition: 80103
>passed!
repetition: 80104
>passed!
repetition: 80105
>passed!
repetition: 80106
>passed!
repetition: 80107
>passed!
repetition: 80108
>passed!
repetition: 80109
>passed!
repetition: 80110
>passed!
repetition: 80111
>passed!
repetition: 80112
>passed!
repetition: 80113
>passed!
repetition: 80114
>passed!
repetition: 80115
>passed!
repetition: 80116
>passed!
repetition: 80117
>passed!
repetition: 80118
>passed!
repetition: 80119
>passed!
repetition: 80120
>passed!
repetition: 80121
>passed!
repetition: 80122
>passed!
repetition: 80123
>passed!
repetition: 80124
>passed!
repetition: 80125
>passed!
repetition: 80126
>passed!
repetition: 80127
>passed!
repetition: 80128
>passed!
repetition: 80129
>passed!
repetition: 80130
>passed!
repetition: 80131
>passed!
repetition: 80132
>passed!
repetition: 80133
>passed!
repetition: 80134
>passed!
repetition: 80135
>passed!
repetition: 80136
>passed!
repetition: 80137
>passed!
repetition: 80138
>passed!
repetition: 80139
>passed!
repetition: 80140
>passed!
repetition: 80141
>passed!
repetition: 80142
>passed!
repetition: 80143
>passed!
repetition: 80144
>passed!
repetition: 80145
>passed!
repetition: 80146
>passed!
repetition: 80147
>passed!
repetition: 80148
>passed!
repetition: 80149
>passed!
repetition: 80150
>passed!
repetition: 80151
>passed!
repetition: 80152
>passed!
repetition: 80153
>passed!
repetition: 80154
>passed!
repetition: 80155
>passed!
repetition: 80156
>passed!
repetition: 80157
>passed!
repetition: 80158
>passed!
repetition: 80159
>passed!
repetition: 80160
>passed!
repetition: 80161
>passed!
repetition: 80162
>passed!
repetition: 80163
>passed!
repetition: 80164
>passed!
repetition: 80165
>passed!
repetition: 80166
>passed!
repetition: 80167
>passed!
repetition: 80168
>passed!
repetition: 80169
>passed!
repetition: 80170
>passed!
repetition: 80171
>passed!
repetition: 80172
>passed!
repetition: 80173
>passed!
repetition: 80174
>passed!
repetition: 80175
>passed!
repetition: 80176
>passed!
repetition: 80177
>passed!
repetition: 80178
>passed!
repetition: 80179
>passed!
repetition: 80180
>passed!
repetition: 80181
>passed!
repetition: 80182
>passed!
repetition: 80183
>passed!
repetition: 80184
>passed!
repetition: 80185
>passed!
repetition: 80186
>passed!
repetition: 80187
>passed!
repetition: 80188
>passed!
repetition: 80189
>passed!
repetition: 80190
>passed!
repetition: 80191
>passed!
repetition: 80192
>passed!
repetition: 80193
>passed!
repetition: 80194
>passed!
repetition: 80195
>passed!
repetition: 80196
>passed!
repetition: 80197
>passed!
repetition: 80198
>passed!
repetition: 80199
>passed!
repetition: 80200
>passed!
repetition: 80201
>passed!
repetition: 80202
>passed!
repetition: 80203
>passed!
repetition: 80204
>passed!
repetition: 80205
>passed!
repetition: 80206
>passed!
repetition: 80207
>passed!
repetition: 80208
>passed!
repetition: 80209
>passed!
repetition: 80210
>passed!
repetition: 80211
>passed!
repetition: 80212
>passed!
repetition: 80213
>passed!
repetition: 80214
>passed!
repetition: 80215
>passed!
repetition: 80216
>passed!
repetition: 80217
>passed!
repetition: 80218
>passed!
repetition: 80219
>passed!
repetition: 80220
>passed!
repetition: 80221
>passed!
repetition: 80222
>passed!
repetition: 80223
>passed!
repetition: 80224
>passed!
repetition: 80225
>passed!
repetition: 80226
>passed!
repetition: 80227
>passed!
repetition: 80228
>passed!
repetition: 80229
>passed!
repetition: 80230
>passed!
repetition: 80231
>passed!
repetition: 80232
>passed!
repetition: 80233
>passed!
repetition: 80234
>passed!
repetition: 80235
>passed!
repetition: 80236
>passed!
repetition: 80237
>passed!
repetition: 80238
>passed!
repetition: 80239
>passed!
repetition: 80240
>passed!
repetition: 80241
>passed!
repetition: 80242
>passed!
repetition: 80243
>passed!
repetition: 80244
>passed!
repetition: 80245
>passed!
repetition: 80246
>passed!
repetition: 80247
>passed!
repetition: 80248
>passed!
repetition: 80249
>passed!
repetition: 80250
>passed!
repetition: 80251
>passed!
repetition: 80252
>passed!
repetition: 80253
>passed!
repetition: 80254
>passed!
repetition: 80255
>passed!
repetition: 80256
>passed!
repetition: 80257
>passed!
repetition: 80258
>passed!
repetition: 80259
>passed!
repetition: 80260
>passed!
repetition: 80261
>passed!
repetition: 80262
>passed!
repetition: 80263
>passed!
repetition: 80264
>passed!
repetition: 80265
>passed!
repetition: 80266
>passed!
repetition: 80267
>passed!
repetition: 80268
>passed!
repetition: 80269
>passed!
repetition: 80270
>passed!
repetition: 80271
>passed!
repetition: 80272
>passed!
repetition: 80273
>passed!
repetition: 80274
>passed!
repetition: 80275
>passed!
repetition: 80276
>passed!
repetition: 80277
>passed!
repetition: 80278
>passed!
repetition: 80279
>passed!
repetition: 80280
>passed!
repetition: 80281
>passed!
repetition: 80282
>passed!
repetition: 80283
>passed!
repetition: 80284
>passed!
repetition: 80285
>passed!
repetition: 80286
>passed!
repetition: 80287
>passed!
repetition: 80288
>passed!
repetition: 80289
>passed!
repetition: 80290
>passed!
repetition: 80291
>passed!
repetition: 80292
>passed!
repetition: 80293
>passed!
repetition: 80294
>passed!
repetition: 80295
>passed!
repetition: 80296
>passed!
repetition: 80297
>passed!
repetition: 80298
>passed!
repetition: 80299
>passed!
repetition: 80300
>passed!
repetition: 80301
>passed!
repetition: 80302
>passed!
repetition: 80303
>passed!
repetition: 80304
>passed!
repetition: 80305
>passed!
repetition: 80306
>passed!
repetition: 80307
>passed!
repetition: 80308
>passed!
repetition: 80309
>passed!
repetition: 80310
>passed!
repetition: 80311
>passed!
repetition: 80312
>passed!
repetition: 80313
>passed!
repetition: 80314
>passed!
repetition: 80315
>passed!
repetition: 80316
>passed!
repetition: 80317
>passed!
repetition: 80318
>passed!
repetition: 80319
>passed!
repetition: 80320
>passed!
repetition: 80321
>passed!
repetition: 80322
>passed!
repetition: 80323
>passed!
repetition: 80324
>passed!
repetition: 80325
>passed!
repetition: 80326
>passed!
repetition: 80327
>passed!
repetition: 80328
>passed!
repetition: 80329
>passed!
repetition: 80330
>passed!
repetition: 80331
>passed!
repetition: 80332
>passed!
repetition: 80333
>passed!
repetition: 80334
>passed!
repetition: 80335
>passed!
repetition: 80336
>passed!
repetition: 80337
>passed!
repetition: 80338
>passed!
repetition: 80339
>passed!
repetition: 80340
>passed!
repetition: 80341
>passed!
repetition: 80342
>passed!
repetition: 80343
>passed!
repetition: 80344
>passed!
repetition: 80345
>passed!
repetition: 80346
>passed!
repetition: 80347
>passed!
repetition: 80348
>passed!
repetition: 80349
>passed!
repetition: 80350
>passed!
repetition: 80351
>passed!
repetition: 80352
>passed!
repetition: 80353
>passed!
repetition: 80354
>passed!
repetition: 80355
>passed!
repetition: 80356
>passed!
repetition: 80357
>passed!
repetition: 80358
>passed!
repetition: 80359
>passed!
repetition: 80360
>passed!
repetition: 80361
>passed!
repetition: 80362
>passed!
repetition: 80363
>passed!
repetition: 80364
>passed!
repetition: 80365
>passed!
repetition: 80366
>passed!
repetition: 80367
>passed!
repetition: 80368
>passed!
repetition: 80369
>passed!
repetition: 80370
>passed!
repetition: 80371
>passed!
repetition: 80372
>passed!
repetition: 80373
>passed!
repetition: 80374
>passed!
repetition: 80375
>passed!
repetition: 80376
>passed!
repetition: 80377
>passed!
repetition: 80378
>passed!
repetition: 80379
>passed!
repetition: 80380
>passed!
repetition: 80381
>passed!
repetition: 80382
>passed!
repetition: 80383
>passed!
repetition: 80384
>passed!
repetition: 80385
>passed!
repetition: 80386
>passed!
repetition: 80387
>passed!
repetition: 80388
>passed!
repetition: 80389
>passed!
repetition: 80390
>passed!
repetition: 80391
>passed!
repetition: 80392
>passed!
repetition: 80393
>passed!
repetition: 80394
>passed!
repetition: 80395
>passed!
repetition: 80396
>passed!
repetition: 80397
>passed!
repetition: 80398
>passed!
repetition: 80399
>passed!
repetition: 80400
>passed!
repetition: 80401
>passed!
repetition: 80402
>passed!
repetition: 80403
>passed!
repetition: 80404
>passed!
repetition: 80405
>passed!
repetition: 80406
>passed!
repetition: 80407
>passed!
repetition: 80408
>passed!
repetition: 80409
>passed!
repetition: 80410
>passed!
repetition: 80411
>passed!
repetition: 80412
>passed!
repetition: 80413
>passed!
repetition: 80414
>passed!
repetition: 80415
>passed!
repetition: 80416
>passed!
repetition: 80417
>passed!
repetition: 80418
>passed!
repetition: 80419
>passed!
repetition: 80420
>passed!
repetition: 80421
>passed!
repetition: 80422
>passed!
repetition: 80423
>passed!
repetition: 80424
>passed!
repetition: 80425
>passed!
repetition: 80426
>passed!
repetition: 80427
>passed!
repetition: 80428
>passed!
repetition: 80429
>passed!
repetition: 80430
>passed!
repetition: 80431
>passed!
repetition: 80432
>passed!
repetition: 80433
>passed!
repetition: 80434
>passed!
repetition: 80435
>passed!
repetition: 80436
>passed!
repetition: 80437
>passed!
repetition: 80438
>passed!
repetition: 80439
>passed!
repetition: 80440
>passed!
repetition: 80441
>passed!
repetition: 80442
>passed!
repetition: 80443
>passed!
repetition: 80444
>passed!
repetition: 80445
>passed!
repetition: 80446
>passed!
repetition: 80447
>passed!
repetition: 80448
>passed!
repetition: 80449
>passed!
repetition: 80450
>passed!
repetition: 80451
>passed!
repetition: 80452
>passed!
repetition: 80453
>passed!
repetition: 80454
>passed!
repetition: 80455
>passed!
repetition: 80456
>passed!
repetition: 80457
>passed!
repetition: 80458
>passed!
repetition: 80459
>passed!
repetition: 80460
>passed!
repetition: 80461
>passed!
repetition: 80462
>passed!
repetition: 80463
>passed!
repetition: 80464
>passed!
repetition: 80465
>passed!
repetition: 80466
>passed!
repetition: 80467
>passed!
repetition: 80468
>passed!
repetition: 80469
>passed!
repetition: 80470
>passed!
repetition: 80471
>passed!
repetition: 80472
>passed!
repetition: 80473
>passed!
repetition: 80474
>passed!
repetition: 80475
>passed!
repetition: 80476
>passed!
repetition: 80477
>passed!
repetition: 80478
>passed!
repetition: 80479
>passed!
repetition: 80480
>passed!
repetition: 80481
>passed!
repetition: 80482
>passed!
repetition: 80483
>passed!
repetition: 80484
>passed!
repetition: 80485
>passed!
repetition: 80486
>passed!
repetition: 80487
>passed!
repetition: 80488
>passed!
repetition: 80489
>passed!
repetition: 80490
>passed!
repetition: 80491
>passed!
repetition: 80492
>passed!
repetition: 80493
>passed!
repetition: 80494
>passed!
repetition: 80495
>passed!
repetition: 80496
>passed!
repetition: 80497
>passed!
repetition: 80498
>passed!
repetition: 80499
>passed!
repetition: 80500
>passed!
repetition: 80501
>passed!
repetition: 80502
>passed!
repetition: 80503
>passed!
repetition: 80504
>passed!
repetition: 80505
>passed!
repetition: 80506
>passed!
repetition: 80507
>passed!
repetition: 80508
>passed!
repetition: 80509
>passed!
repetition: 80510
>passed!
repetition: 80511
>passed!
repetition: 80512
>passed!
repetition: 80513
>passed!
repetition: 80514
>passed!
repetition: 80515
>passed!
repetition: 80516
>passed!
repetition: 80517
>passed!
repetition: 80518
>passed!
repetition: 80519
>passed!
repetition: 80520
>passed!
repetition: 80521
>passed!
repetition: 80522
>passed!
repetition: 80523
>passed!
repetition: 80524
>passed!
repetition: 80525
>passed!
repetition: 80526
>passed!
repetition: 80527
>passed!
repetition: 80528
>passed!
repetition: 80529
>passed!
repetition: 80530
>passed!
repetition: 80531
>passed!
repetition: 80532
>passed!
repetition: 80533
>passed!
repetition: 80534
>passed!
repetition: 80535
>passed!
repetition: 80536
>passed!
repetition: 80537
>passed!
repetition: 80538
>passed!
repetition: 80539
>passed!
repetition: 80540
>passed!
repetition: 80541
>passed!
repetition: 80542
>passed!
repetition: 80543
>passed!
repetition: 80544
>passed!
repetition: 80545
>passed!
repetition: 80546
>passed!
repetition: 80547
>passed!
repetition: 80548
>passed!
repetition: 80549
>passed!
repetition: 80550
>passed!
repetition: 80551
>passed!
repetition: 80552
>passed!
repetition: 80553
>passed!
repetition: 80554
>passed!
repetition: 80555
>passed!
repetition: 80556
>passed!
repetition: 80557
>passed!
repetition: 80558
>passed!
repetition: 80559
>passed!
repetition: 80560
>passed!
repetition: 80561
>passed!
repetition: 80562
>passed!
repetition: 80563
>passed!
repetition: 80564
>passed!
repetition: 80565
>passed!
repetition: 80566
>passed!
repetition: 80567
>passed!
repetition: 80568
>passed!
repetition: 80569
>passed!
repetition: 80570
>passed!
repetition: 80571
>passed!
repetition: 80572
>passed!
repetition: 80573
>passed!
repetition: 80574
>passed!
repetition: 80575
>passed!
repetition: 80576
>passed!
repetition: 80577
>passed!
repetition: 80578
>passed!
repetition: 80579
>passed!
repetition: 80580
>passed!
repetition: 80581
>passed!
repetition: 80582
>passed!
repetition: 80583
>passed!
repetition: 80584
>passed!
repetition: 80585
>passed!
repetition: 80586
>passed!
repetition: 80587
>passed!
repetition: 80588
>passed!
repetition: 80589
>passed!
repetition: 80590
>passed!
repetition: 80591
>passed!
repetition: 80592
>passed!
repetition: 80593
>passed!
repetition: 80594
>passed!
repetition: 80595
>passed!
repetition: 80596
>passed!
repetition: 80597
>passed!
repetition: 80598
>passed!
repetition: 80599
>passed!
repetition: 80600
>passed!
repetition: 80601
>passed!
repetition: 80602
>passed!
repetition: 80603
>passed!
repetition: 80604
>passed!
repetition: 80605
>passed!
repetition: 80606
>passed!
repetition: 80607
>passed!
repetition: 80608
>passed!
repetition: 80609
>passed!
repetition: 80610
>passed!
repetition: 80611
>passed!
repetition: 80612
>passed!
repetition: 80613
>passed!
repetition: 80614
>passed!
repetition: 80615
>passed!
repetition: 80616
>passed!
repetition: 80617
>passed!
repetition: 80618
>passed!
repetition: 80619
>passed!
repetition: 80620
>passed!
repetition: 80621
>passed!
repetition: 80622
>passed!
repetition: 80623
>passed!
repetition: 80624
>passed!
repetition: 80625
>passed!
repetition: 80626
>passed!
repetition: 80627
>passed!
repetition: 80628
>passed!
repetition: 80629
>passed!
repetition: 80630
>passed!
repetition: 80631
>passed!
repetition: 80632
>passed!
repetition: 80633
>passed!
repetition: 80634
>passed!
repetition: 80635
>passed!
repetition: 80636
>passed!
repetition: 80637
>passed!
repetition: 80638
>passed!
repetition: 80639
>passed!
repetition: 80640
>passed!
repetition: 80641
>passed!
repetition: 80642
>passed!
repetition: 80643
>passed!
repetition: 80644
>passed!
repetition: 80645
>passed!
repetition: 80646
>passed!
repetition: 80647
>passed!
repetition: 80648
>passed!
repetition: 80649
>passed!
repetition: 80650
>passed!
repetition: 80651
>passed!
repetition: 80652
>passed!
repetition: 80653
>passed!
repetition: 80654
>passed!
repetition: 80655
>passed!
repetition: 80656
>passed!
repetition: 80657
>passed!
repetition: 80658
>passed!
repetition: 80659
>passed!
repetition: 80660
>passed!
repetition: 80661
>passed!
repetition: 80662
>passed!
repetition: 80663
>passed!
repetition: 80664
>passed!
repetition: 80665
>passed!
repetition: 80666
>passed!
repetition: 80667
>passed!
repetition: 80668
>passed!
repetition: 80669
>passed!
repetition: 80670
>passed!
repetition: 80671
>passed!
repetition: 80672
>passed!
repetition: 80673
>passed!
repetition: 80674
>passed!
repetition: 80675
>passed!
repetition: 80676
>passed!
repetition: 80677
>passed!
repetition: 80678
>passed!
repetition: 80679
>passed!
repetition: 80680
>passed!
repetition: 80681
>passed!
repetition: 80682
>passed!
repetition: 80683
>passed!
repetition: 80684
>passed!
repetition: 80685
>passed!
repetition: 80686
>passed!
repetition: 80687
>passed!
repetition: 80688
>passed!
repetition: 80689
>passed!
repetition: 80690
>passed!
repetition: 80691
>passed!
repetition: 80692
>passed!
repetition: 80693
>passed!
repetition: 80694
>passed!
repetition: 80695
>passed!
repetition: 80696
>passed!
repetition: 80697
>passed!
repetition: 80698
>passed!
repetition: 80699
>passed!
repetition: 80700
>passed!
repetition: 80701
>passed!
repetition: 80702
>passed!
repetition: 80703
>passed!
repetition: 80704
>passed!
repetition: 80705
>passed!
repetition: 80706
>passed!
repetition: 80707
>passed!
repetition: 80708
>passed!
repetition: 80709
>passed!
repetition: 80710
>passed!
repetition: 80711
>passed!
repetition: 80712
>passed!
repetition: 80713
>passed!
repetition: 80714
>passed!
repetition: 80715
>passed!
repetition: 80716
>passed!
repetition: 80717
>passed!
repetition: 80718
>passed!
repetition: 80719
>passed!
repetition: 80720
>passed!
repetition: 80721
>passed!
repetition: 80722
>passed!
repetition: 80723
>passed!
repetition: 80724
>passed!
repetition: 80725
>passed!
repetition: 80726
>passed!
repetition: 80727
>passed!
repetition: 80728
>passed!
repetition: 80729
>passed!
repetition: 80730
>passed!
repetition: 80731
>passed!
repetition: 80732
>passed!
repetition: 80733
>passed!
repetition: 80734
>passed!
repetition: 80735
>passed!
repetition: 80736
>passed!
repetition: 80737
>passed!
repetition: 80738
>passed!
repetition: 80739
>passed!
repetition: 80740
>passed!
repetition: 80741
>passed!
repetition: 80742
>passed!
repetition: 80743
>passed!
repetition: 80744
>passed!
repetition: 80745
>passed!
repetition: 80746
>passed!
repetition: 80747
>passed!
repetition: 80748
>passed!
repetition: 80749
>passed!
repetition: 80750
>passed!
repetition: 80751
>passed!
repetition: 80752
>passed!
repetition: 80753
>passed!
repetition: 80754
>passed!
repetition: 80755
>passed!
repetition: 80756
>passed!
repetition: 80757
>passed!
repetition: 80758
>passed!
repetition: 80759
>passed!
repetition: 80760
>passed!
repetition: 80761
>passed!
repetition: 80762
>passed!
repetition: 80763
>passed!
repetition: 80764
>passed!
repetition: 80765
>passed!
repetition: 80766
>passed!
repetition: 80767
>passed!
repetition: 80768
>passed!
repetition: 80769
>passed!
repetition: 80770
>passed!
repetition: 80771
>passed!
repetition: 80772
>passed!
repetition: 80773
>passed!
repetition: 80774
>passed!
repetition: 80775
>passed!
repetition: 80776
>passed!
repetition: 80777
>passed!
repetition: 80778
>passed!
repetition: 80779
>passed!
repetition: 80780
>passed!
repetition: 80781
>passed!
repetition: 80782
>passed!
repetition: 80783
>passed!
repetition: 80784
>passed!
repetition: 80785
>passed!
repetition: 80786
>passed!
repetition: 80787
>passed!
repetition: 80788
>passed!
repetition: 80789
>passed!
repetition: 80790
>passed!
repetition: 80791
>passed!
repetition: 80792
>passed!
repetition: 80793
>passed!
repetition: 80794
>passed!
repetition: 80795
>passed!
repetition: 80796
>passed!
repetition: 80797
>passed!
repetition: 80798
>passed!
repetition: 80799
>passed!
repetition: 80800
>passed!
repetition: 80801
>passed!
repetition: 80802
>passed!
repetition: 80803
>passed!
repetition: 80804
>passed!
repetition: 80805
>passed!
repetition: 80806
>passed!
repetition: 80807
>passed!
repetition: 80808
>passed!
repetition: 80809
>passed!
repetition: 80810
>passed!
repetition: 80811
>passed!
repetition: 80812
>passed!
repetition: 80813
>passed!
repetition: 80814
>passed!
repetition: 80815
>passed!
repetition: 80816
>passed!
repetition: 80817
>passed!
repetition: 80818
>passed!
repetition: 80819
>passed!
repetition: 80820
>passed!
repetition: 80821
>passed!
repetition: 80822
>passed!
repetition: 80823
>passed!
repetition: 80824
>passed!
repetition: 80825
>passed!
repetition: 80826
>passed!
repetition: 80827
>passed!
repetition: 80828
>passed!
repetition: 80829
>passed!
repetition: 80830
>passed!
repetition: 80831
>passed!
repetition: 80832
>passed!
repetition: 80833
>passed!
repetition: 80834
>passed!
repetition: 80835
>passed!
repetition: 80836
>passed!
repetition: 80837
>passed!
repetition: 80838
>passed!
repetition: 80839
>passed!
repetition: 80840
>passed!
repetition: 80841
>passed!
repetition: 80842
>passed!
repetition: 80843
>passed!
repetition: 80844
>passed!
repetition: 80845
>passed!
repetition: 80846
>passed!
repetition: 80847
>passed!
repetition: 80848
>passed!
repetition: 80849
>passed!
repetition: 80850
>passed!
repetition: 80851
>passed!
repetition: 80852
>passed!
repetition: 80853
>passed!
repetition: 80854
>passed!
repetition: 80855
>passed!
repetition: 80856
>passed!
repetition: 80857
>passed!
repetition: 80858
>passed!
repetition: 80859
>passed!
repetition: 80860
>passed!
repetition: 80861
>passed!
repetition: 80862
>passed!
repetition: 80863
>passed!
repetition: 80864
>passed!
repetition: 80865
>passed!
repetition: 80866
>passed!
repetition: 80867
>passed!
repetition: 80868
>passed!
repetition: 80869
>passed!
repetition: 80870
>passed!
repetition: 80871
>passed!
repetition: 80872
>passed!
repetition: 80873
>passed!
repetition: 80874
>passed!
repetition: 80875
>passed!
repetition: 80876
>passed!
repetition: 80877
>passed!
repetition: 80878
>passed!
repetition: 80879
>passed!
repetition: 80880
>passed!
repetition: 80881
>passed!
repetition: 80882
>passed!
repetition: 80883
>passed!
repetition: 80884
>passed!
repetition: 80885
>passed!
repetition: 80886
>passed!
repetition: 80887
>passed!
repetition: 80888
>passed!
repetition: 80889
>passed!
repetition: 80890
>passed!
repetition: 80891
>passed!
repetition: 80892
>passed!
repetition: 80893
>passed!
repetition: 80894
>passed!
repetition: 80895
>passed!
repetition: 80896
>passed!
repetition: 80897
>passed!
repetition: 80898
>passed!
repetition: 80899
>passed!
repetition: 80900
>passed!
repetition: 80901
>passed!
repetition: 80902
>passed!
repetition: 80903
>passed!
repetition: 80904
>passed!
repetition: 80905
>passed!
repetition: 80906
>passed!
repetition: 80907
>passed!
repetition: 80908
>passed!
repetition: 80909
>passed!
repetition: 80910
>passed!
repetition: 80911
>passed!
repetition: 80912
>passed!
repetition: 80913
>passed!
repetition: 80914
>passed!
repetition: 80915
>passed!
repetition: 80916
>passed!
repetition: 80917
>passed!
repetition: 80918
>passed!
repetition: 80919
>passed!
repetition: 80920
>passed!
repetition: 80921
>passed!
repetition: 80922
>passed!
repetition: 80923
>passed!
repetition: 80924
>passed!
repetition: 80925
>passed!
repetition: 80926
>passed!
repetition: 80927
>passed!
repetition: 80928
>passed!
repetition: 80929
>passed!
repetition: 80930
>passed!
repetition: 80931
>passed!
repetition: 80932
>passed!
repetition: 80933
>passed!
repetition: 80934
>passed!
repetition: 80935
>passed!
repetition: 80936
>passed!
repetition: 80937
>passed!
repetition: 80938
>passed!
repetition: 80939
>passed!
repetition: 80940
>passed!
repetition: 80941
>passed!
repetition: 80942
>passed!
repetition: 80943
>passed!
repetition: 80944
>passed!
repetition: 80945
>passed!
repetition: 80946
>passed!
repetition: 80947
>passed!
repetition: 80948
>passed!
repetition: 80949
>passed!
repetition: 80950
>passed!
repetition: 80951
>passed!
repetition: 80952
>passed!
repetition: 80953
>passed!
repetition: 80954
>passed!
repetition: 80955
>passed!
repetition: 80956
>passed!
repetition: 80957
>passed!
repetition: 80958
>passed!
repetition: 80959
>passed!
repetition: 80960
>passed!
repetition: 80961
>passed!
repetition: 80962
>passed!
repetition: 80963
>passed!
repetition: 80964
>passed!
repetition: 80965
>passed!
repetition: 80966
>passed!
repetition: 80967
>passed!
repetition: 80968
>passed!
repetition: 80969
>passed!
repetition: 80970
>passed!
repetition: 80971
>passed!
repetition: 80972
>passed!
repetition: 80973
>passed!
repetition: 80974
>passed!
repetition: 80975
>passed!
repetition: 80976
>passed!
repetition: 80977
>passed!
repetition: 80978
>passed!
repetition: 80979
>passed!
repetition: 80980
>passed!
repetition: 80981
>passed!
repetition: 80982
>passed!
repetition: 80983
>passed!
repetition: 80984
>passed!
repetition: 80985
>passed!
repetition: 80986
>passed!
repetition: 80987
>passed!
repetition: 80988
>passed!
repetition: 80989
>passed!
repetition: 80990
>passed!
repetition: 80991
>passed!
repetition: 80992
>passed!
repetition: 80993
>passed!
repetition: 80994
>passed!
repetition: 80995
>passed!
repetition: 80996
>passed!
repetition: 80997
>passed!
repetition: 80998
>passed!
repetition: 80999
>passed!
repetition: 81000
>passed!
repetition: 81001
>passed!
repetition: 81002
>passed!
repetition: 81003
>passed!
repetition: 81004
>passed!
repetition: 81005
>passed!
repetition: 81006
>passed!
repetition: 81007
>passed!
repetition: 81008
>passed!
repetition: 81009
>passed!
repetition: 81010
>passed!
repetition: 81011
>passed!
repetition: 81012
>passed!
repetition: 81013
>passed!
repetition: 81014
>passed!
repetition: 81015
>passed!
repetition: 81016
>passed!
repetition: 81017
>passed!
repetition: 81018
>passed!
repetition: 81019
>passed!
repetition: 81020
>passed!
repetition: 81021
>passed!
repetition: 81022
>passed!
repetition: 81023
>passed!
repetition: 81024
>passed!
repetition: 81025
>passed!
repetition: 81026
>passed!
repetition: 81027
>passed!
repetition: 81028
>passed!
repetition: 81029
>passed!
repetition: 81030
>passed!
repetition: 81031
>passed!
repetition: 81032
>passed!
repetition: 81033
>passed!
repetition: 81034
>passed!
repetition: 81035
>passed!
repetition: 81036
>passed!
repetition: 81037
>passed!
repetition: 81038
>passed!
repetition: 81039
>passed!
repetition: 81040
>passed!
repetition: 81041
>passed!
repetition: 81042
>passed!
repetition: 81043
>passed!
repetition: 81044
>passed!
repetition: 81045
>passed!
repetition: 81046
>passed!
repetition: 81047
>passed!
repetition: 81048
>passed!
repetition: 81049
>passed!
repetition: 81050
>passed!
repetition: 81051
>passed!
repetition: 81052
>passed!
repetition: 81053
>passed!
repetition: 81054
>passed!
repetition: 81055
>passed!
repetition: 81056
>passed!
repetition: 81057
>passed!
repetition: 81058
>passed!
repetition: 81059
>passed!
repetition: 81060
>passed!
repetition: 81061
>passed!
repetition: 81062
>passed!
repetition: 81063
>passed!
repetition: 81064
>passed!
repetition: 81065
>passed!
repetition: 81066
>passed!
repetition: 81067
>passed!
repetition: 81068
>passed!
repetition: 81069
>passed!
repetition: 81070
>passed!
repetition: 81071
>passed!
repetition: 81072
>passed!
repetition: 81073
>passed!
repetition: 81074
>passed!
repetition: 81075
>passed!
repetition: 81076
>passed!
repetition: 81077
>passed!
repetition: 81078
>passed!
repetition: 81079
>passed!
repetition: 81080
>passed!
repetition: 81081
>passed!
repetition: 81082
>passed!
repetition: 81083
>passed!
repetition: 81084
>passed!
repetition: 81085
>passed!
repetition: 81086
>passed!
repetition: 81087
>passed!
repetition: 81088
>passed!
repetition: 81089
>passed!
repetition: 81090
>passed!
repetition: 81091
>passed!
repetition: 81092
>passed!
repetition: 81093
>passed!
repetition: 81094
>passed!
repetition: 81095
>passed!
repetition: 81096
>passed!
repetition: 81097
>passed!
repetition: 81098
>passed!
repetition: 81099
>passed!
repetition: 81100
>passed!
repetition: 81101
>passed!
repetition: 81102
>passed!
repetition: 81103
>passed!
repetition: 81104
>passed!
repetition: 81105
>passed!
repetition: 81106
>passed!
repetition: 81107
>passed!
repetition: 81108
>passed!
repetition: 81109
>passed!
repetition: 81110
>passed!
repetition: 81111
>passed!
repetition: 81112
>passed!
repetition: 81113
>passed!
repetition: 81114
>passed!
repetition: 81115
>passed!
repetition: 81116
>passed!
repetition: 81117
>passed!
repetition: 81118
>passed!
repetition: 81119
>passed!
repetition: 81120
>passed!
repetition: 81121
>passed!
repetition: 81122
>passed!
repetition: 81123
>passed!
repetition: 81124
>passed!
repetition: 81125
>passed!
repetition: 81126
>passed!
repetition: 81127
>passed!
repetition: 81128
>passed!
repetition: 81129
>passed!
repetition: 81130
>passed!
repetition: 81131
>passed!
repetition: 81132
>passed!
repetition: 81133
>passed!
repetition: 81134
>passed!
repetition: 81135
>passed!
repetition: 81136
>passed!
repetition: 81137
>passed!
repetition: 81138
>passed!
repetition: 81139
>passed!
repetition: 81140
>passed!
repetition: 81141
>passed!
repetition: 81142
>passed!
repetition: 81143
>passed!
repetition: 81144
>passed!
repetition: 81145
>passed!
repetition: 81146
>passed!
repetition: 81147
>passed!
repetition: 81148
>passed!
repetition: 81149
>passed!
repetition: 81150
>passed!
repetition: 81151
>passed!
repetition: 81152
>passed!
repetition: 81153
>passed!
repetition: 81154
>passed!
repetition: 81155
>passed!
repetition: 81156
>passed!
repetition: 81157
>passed!
repetition: 81158
>passed!
repetition: 81159
>passed!
repetition: 81160
>passed!
repetition: 81161
>passed!
repetition: 81162
>passed!
repetition: 81163
>passed!
repetition: 81164
>passed!
repetition: 81165
>passed!
repetition: 81166
>passed!
repetition: 81167
>passed!
repetition: 81168
>passed!
repetition: 81169
>passed!
repetition: 81170
>passed!
repetition: 81171
>passed!
repetition: 81172
>passed!
repetition: 81173
>passed!
repetition: 81174
>passed!
repetition: 81175
>passed!
repetition: 81176
>passed!
repetition: 81177
>passed!
repetition: 81178
>passed!
repetition: 81179
>passed!
repetition: 81180
>passed!
repetition: 81181
>passed!
repetition: 81182
>passed!
repetition: 81183
>passed!
repetition: 81184
>passed!
repetition: 81185
>passed!
repetition: 81186
>passed!
repetition: 81187
>passed!
repetition: 81188
>passed!
repetition: 81189
>passed!
repetition: 81190
>passed!
repetition: 81191
>passed!
repetition: 81192
>passed!
repetition: 81193
>passed!
repetition: 81194
>passed!
repetition: 81195
>passed!
repetition: 81196
>passed!
repetition: 81197
>passed!
repetition: 81198
>passed!
repetition: 81199
>passed!
repetition: 81200
>passed!
repetition: 81201
>passed!
repetition: 81202
>passed!
repetition: 81203
>passed!
repetition: 81204
>passed!
repetition: 81205
>passed!
repetition: 81206
>passed!
repetition: 81207
>passed!
repetition: 81208
>passed!
repetition: 81209
>passed!
repetition: 81210
>passed!
repetition: 81211
>passed!
repetition: 81212
>passed!
repetition: 81213
>passed!
repetition: 81214
>passed!
repetition: 81215
>passed!
repetition: 81216
>passed!
repetition: 81217
>passed!
repetition: 81218
>passed!
repetition: 81219
>passed!
repetition: 81220
>passed!
repetition: 81221
>passed!
repetition: 81222
>passed!
repetition: 81223
>passed!
repetition: 81224
>passed!
repetition: 81225
>passed!
repetition: 81226
>passed!
repetition: 81227
>passed!
repetition: 81228
>passed!
repetition: 81229
>passed!
repetition: 81230
>passed!
repetition: 81231
>passed!
repetition: 81232
>passed!
repetition: 81233
>passed!
repetition: 81234
>passed!
repetition: 81235
>passed!
repetition: 81236
>passed!
repetition: 81237
>passed!
repetition: 81238
>passed!
repetition: 81239
>passed!
repetition: 81240
>passed!
repetition: 81241
>passed!
repetition: 81242
>passed!
repetition: 81243
>passed!
repetition: 81244
>passed!
repetition: 81245
>passed!
repetition: 81246
>passed!
repetition: 81247
>passed!
repetition: 81248
>passed!
repetition: 81249
>passed!
repetition: 81250
>passed!
repetition: 81251
>passed!
repetition: 81252
>passed!
repetition: 81253
>passed!
repetition: 81254
>passed!
repetition: 81255
>passed!
repetition: 81256
>passed!
repetition: 81257
>passed!
repetition: 81258
>passed!
repetition: 81259
>passed!
repetition: 81260
>passed!
repetition: 81261
>passed!
repetition: 81262
>passed!
repetition: 81263
>passed!
repetition: 81264
>passed!
repetition: 81265
>passed!
repetition: 81266
>passed!
repetition: 81267
>passed!
repetition: 81268
>passed!
repetition: 81269
>passed!
repetition: 81270
>passed!
repetition: 81271
>passed!
repetition: 81272
>passed!
repetition: 81273
>passed!
repetition: 81274
>passed!
repetition: 81275
>passed!
repetition: 81276
>passed!
repetition: 81277
>passed!
repetition: 81278
>passed!
repetition: 81279
>passed!
repetition: 81280
>passed!
repetition: 81281
>passed!
repetition: 81282
>passed!
repetition: 81283
>passed!
repetition: 81284
>passed!
repetition: 81285
>passed!
repetition: 81286
>passed!
repetition: 81287
>passed!
repetition: 81288
>passed!
repetition: 81289
>passed!
repetition: 81290
>passed!
repetition: 81291
>passed!
repetition: 81292
>passed!
repetition: 81293
>passed!
repetition: 81294
>passed!
repetition: 81295
>passed!
repetition: 81296
>passed!
repetition: 81297
>passed!
repetition: 81298
>passed!
repetition: 81299
>passed!
repetition: 81300
>passed!
repetition: 81301
>passed!
repetition: 81302
>passed!
repetition: 81303
>passed!
repetition: 81304
>passed!
repetition: 81305
>passed!
repetition: 81306
>passed!
repetition: 81307
>passed!
repetition: 81308
>passed!
repetition: 81309
>passed!
repetition: 81310
>passed!
repetition: 81311
>passed!
repetition: 81312
>passed!
repetition: 81313
>passed!
repetition: 81314
>passed!
repetition: 81315
>passed!
repetition: 81316
>passed!
repetition: 81317
>passed!
repetition: 81318
>passed!
repetition: 81319
>passed!
repetition: 81320
>passed!
repetition: 81321
>passed!
repetition: 81322
>passed!
repetition: 81323
>passed!
repetition: 81324
>passed!
repetition: 81325
>passed!
repetition: 81326
>passed!
repetition: 81327
>passed!
repetition: 81328
>passed!
repetition: 81329
>passed!
repetition: 81330
>passed!
repetition: 81331
>passed!
repetition: 81332
>passed!
repetition: 81333
>passed!
repetition: 81334
>passed!
repetition: 81335
>passed!
repetition: 81336
>passed!
repetition: 81337
>passed!
repetition: 81338
>passed!
repetition: 81339
>passed!
repetition: 81340
>passed!
repetition: 81341
>passed!
repetition: 81342
>passed!
repetition: 81343
>passed!
repetition: 81344
>passed!
repetition: 81345
>passed!
repetition: 81346
>passed!
repetition: 81347
>passed!
repetition: 81348
>passed!
repetition: 81349
>passed!
repetition: 81350
>passed!
repetition: 81351
>passed!
repetition: 81352
>passed!
repetition: 81353
>passed!
repetition: 81354
>passed!
repetition: 81355
>passed!
repetition: 81356
>passed!
repetition: 81357
>passed!
repetition: 81358
>passed!
repetition: 81359
>passed!
repetition: 81360
>passed!
repetition: 81361
>passed!
repetition: 81362
>passed!
repetition: 81363
>passed!
repetition: 81364
>passed!
repetition: 81365
>passed!
repetition: 81366
>passed!
repetition: 81367
>passed!
repetition: 81368
>passed!
repetition: 81369
>passed!
repetition: 81370
>passed!
repetition: 81371
>passed!
repetition: 81372
>passed!
repetition: 81373
>passed!
repetition: 81374
>passed!
repetition: 81375
>passed!
repetition: 81376
>passed!
repetition: 81377
>passed!
repetition: 81378
>passed!
repetition: 81379
>passed!
repetition: 81380
>passed!
repetition: 81381
>passed!
repetition: 81382
>passed!
repetition: 81383
>passed!
repetition: 81384
>passed!
repetition: 81385
>passed!
repetition: 81386
>passed!
repetition: 81387
>passed!
repetition: 81388
>passed!
repetition: 81389
>passed!
repetition: 81390
>passed!
repetition: 81391
>passed!
repetition: 81392
>passed!
repetition: 81393
>passed!
repetition: 81394
>passed!
repetition: 81395
>passed!
repetition: 81396
>passed!
repetition: 81397
>passed!
repetition: 81398
>passed!
repetition: 81399
>passed!
repetition: 81400
>passed!
repetition: 81401
>passed!
repetition: 81402
>passed!
repetition: 81403
>passed!
repetition: 81404
>passed!
repetition: 81405
>passed!
repetition: 81406
>passed!
repetition: 81407
>passed!
repetition: 81408
>passed!
repetition: 81409
>passed!
repetition: 81410
>passed!
repetition: 81411
>passed!
repetition: 81412
>passed!
repetition: 81413
>passed!
repetition: 81414
>passed!
repetition: 81415
>passed!
repetition: 81416
>passed!
repetition: 81417
>passed!
repetition: 81418
>passed!
repetition: 81419
>passed!
repetition: 81420
>passed!
repetition: 81421
>passed!
repetition: 81422
>passed!
repetition: 81423
>passed!
repetition: 81424
>passed!
repetition: 81425
>passed!
repetition: 81426
>passed!
repetition: 81427
>passed!
repetition: 81428
>passed!
repetition: 81429
>passed!
repetition: 81430
>passed!
repetition: 81431
>passed!
repetition: 81432
>passed!
repetition: 81433
>passed!
repetition: 81434
>passed!
repetition: 81435
>passed!
repetition: 81436
>passed!
repetition: 81437
>passed!
repetition: 81438
>passed!
repetition: 81439
>passed!
repetition: 81440
>passed!
repetition: 81441
>passed!
repetition: 81442
>passed!
repetition: 81443
>passed!
repetition: 81444
>passed!
repetition: 81445
>passed!
repetition: 81446
>passed!
repetition: 81447
>passed!
repetition: 81448
>passed!
repetition: 81449
>passed!
repetition: 81450
>passed!
repetition: 81451
>passed!
repetition: 81452
>passed!
repetition: 81453
>passed!
repetition: 81454
>passed!
repetition: 81455
>passed!
repetition: 81456
>passed!
repetition: 81457
>passed!
repetition: 81458
>passed!
repetition: 81459
>passed!
repetition: 81460
>passed!
repetition: 81461
>passed!
repetition: 81462
>passed!
repetition: 81463
>passed!
repetition: 81464
>passed!
repetition: 81465
>passed!
repetition: 81466
>passed!
repetition: 81467
>passed!
repetition: 81468
>passed!
repetition: 81469
>passed!
repetition: 81470
>passed!
repetition: 81471
>passed!
repetition: 81472
>passed!
repetition: 81473
>passed!
repetition: 81474
>passed!
repetition: 81475
>passed!
repetition: 81476
>passed!
repetition: 81477
>passed!
repetition: 81478
>passed!
repetition: 81479
>passed!
repetition: 81480
>passed!
repetition: 81481
>passed!
repetition: 81482
>passed!
repetition: 81483
>passed!
repetition: 81484
>passed!
repetition: 81485
>passed!
repetition: 81486
>passed!
repetition: 81487
>passed!
repetition: 81488
>passed!
repetition: 81489
>passed!
repetition: 81490
>passed!
repetition: 81491
>passed!
repetition: 81492
>passed!
repetition: 81493
>passed!
repetition: 81494
>passed!
repetition: 81495
>passed!
repetition: 81496
>passed!
repetition: 81497
>passed!
repetition: 81498
>passed!
repetition: 81499
>passed!
repetition: 81500
>passed!
repetition: 81501
>passed!
repetition: 81502
>passed!
repetition: 81503
>passed!
repetition: 81504
>passed!
repetition: 81505
>passed!
repetition: 81506
>passed!
repetition: 81507
>passed!
repetition: 81508
>passed!
repetition: 81509
>passed!
repetition: 81510
>passed!
repetition: 81511
>passed!
repetition: 81512
>passed!
repetition: 81513
>passed!
repetition: 81514
>passed!
repetition: 81515
>passed!
repetition: 81516
>passed!
repetition: 81517
>passed!
repetition: 81518
>passed!
repetition: 81519
>passed!
repetition: 81520
>passed!
repetition: 81521
>passed!
repetition: 81522
>passed!
repetition: 81523
>passed!
repetition: 81524
>passed!
repetition: 81525
>passed!
repetition: 81526
>passed!
repetition: 81527
>passed!
repetition: 81528
>passed!
repetition: 81529
>passed!
repetition: 81530
>passed!
repetition: 81531
>passed!
repetition: 81532
>passed!
repetition: 81533
>passed!
repetition: 81534
>passed!
repetition: 81535
>passed!
repetition: 81536
>passed!
repetition: 81537
>passed!
repetition: 81538
>passed!
repetition: 81539
>passed!
repetition: 81540
>passed!
repetition: 81541
>passed!
repetition: 81542
>passed!
repetition: 81543
>passed!
repetition: 81544
>passed!
repetition: 81545
>passed!
repetition: 81546
>passed!
repetition: 81547
>passed!
repetition: 81548
>passed!
repetition: 81549
>passed!
repetition: 81550
>passed!
repetition: 81551
>passed!
repetition: 81552
>passed!
repetition: 81553
>passed!
repetition: 81554
>passed!
repetition: 81555
>passed!
repetition: 81556
>passed!
repetition: 81557
>passed!
repetition: 81558
>passed!
repetition: 81559
>passed!
repetition: 81560
>passed!
repetition: 81561
>passed!
repetition: 81562
>passed!
repetition: 81563
>passed!
repetition: 81564
>passed!
repetition: 81565
>passed!
repetition: 81566
>passed!
repetition: 81567
>passed!
repetition: 81568
>passed!
repetition: 81569
>passed!
repetition: 81570
>passed!
repetition: 81571
>passed!
repetition: 81572
>passed!
repetition: 81573
>passed!
repetition: 81574
>passed!
repetition: 81575
>passed!
repetition: 81576
>passed!
repetition: 81577
>passed!
repetition: 81578
>passed!
repetition: 81579
>passed!
repetition: 81580
>passed!
repetition: 81581
>passed!
repetition: 81582
>passed!
repetition: 81583
>passed!
repetition: 81584
>passed!
repetition: 81585
>passed!
repetition: 81586
>passed!
repetition: 81587
>passed!
repetition: 81588
>passed!
repetition: 81589
>passed!
repetition: 81590
>passed!
repetition: 81591
>passed!
repetition: 81592
>passed!
repetition: 81593
>passed!
repetition: 81594
>passed!
repetition: 81595
>passed!
repetition: 81596
>passed!
repetition: 81597
>passed!
repetition: 81598
>passed!
repetition: 81599
>passed!
repetition: 81600
>passed!
repetition: 81601
>passed!
repetition: 81602
>passed!
repetition: 81603
>passed!
repetition: 81604
>passed!
repetition: 81605
>passed!
repetition: 81606
>passed!
repetition: 81607
>passed!
repetition: 81608
>passed!
repetition: 81609
>passed!
repetition: 81610
>passed!
repetition: 81611
>passed!
repetition: 81612
>passed!
repetition: 81613
>passed!
repetition: 81614
>passed!
repetition: 81615
>passed!
repetition: 81616
>passed!
repetition: 81617
>passed!
repetition: 81618
>passed!
repetition: 81619
>passed!
repetition: 81620
>passed!
repetition: 81621
>passed!
repetition: 81622
>passed!
repetition: 81623
>passed!
repetition: 81624
>passed!
repetition: 81625
>passed!
repetition: 81626
>passed!
repetition: 81627
>passed!
repetition: 81628
>passed!
repetition: 81629
>passed!
repetition: 81630
>passed!
repetition: 81631
>passed!
repetition: 81632
>passed!
repetition: 81633
>passed!
repetition: 81634
>passed!
repetition: 81635
>passed!
repetition: 81636
>passed!
repetition: 81637
>passed!
repetition: 81638
>passed!
repetition: 81639
>passed!
repetition: 81640
>passed!
repetition: 81641
>passed!
repetition: 81642
>passed!
repetition: 81643
>passed!
repetition: 81644
>passed!
repetition: 81645
>passed!
repetition: 81646
>passed!
repetition: 81647
>passed!
repetition: 81648
>passed!
repetition: 81649
>passed!
repetition: 81650
>passed!
repetition: 81651
>passed!
repetition: 81652
>passed!
repetition: 81653
>passed!
repetition: 81654
>passed!
repetition: 81655
>passed!
repetition: 81656
>passed!
repetition: 81657
>passed!
repetition: 81658
>passed!
repetition: 81659
>passed!
repetition: 81660
>passed!
repetition: 81661
>passed!
repetition: 81662
>passed!
repetition: 81663
>passed!
repetition: 81664
>passed!
repetition: 81665
>passed!
repetition: 81666
>passed!
repetition: 81667
>passed!
repetition: 81668
>passed!
repetition: 81669
>passed!
repetition: 81670
>passed!
repetition: 81671
>passed!
repetition: 81672
>passed!
repetition: 81673
>passed!
repetition: 81674
>passed!
repetition: 81675
>passed!
repetition: 81676
>passed!
repetition: 81677
>passed!
repetition: 81678
>passed!
repetition: 81679
>passed!
repetition: 81680
>passed!
repetition: 81681
>passed!
repetition: 81682
>passed!
repetition: 81683
>passed!
repetition: 81684
>passed!
repetition: 81685
>passed!
repetition: 81686
>passed!
repetition: 81687
>passed!
repetition: 81688
>passed!
repetition: 81689
>passed!
repetition: 81690
>passed!
repetition: 81691
>passed!
repetition: 81692
>passed!
repetition: 81693
>passed!
repetition: 81694
>passed!
repetition: 81695
>passed!
repetition: 81696
>passed!
repetition: 81697
>passed!
repetition: 81698
>passed!
repetition: 81699
>passed!
repetition: 81700
>passed!
repetition: 81701
>passed!
repetition: 81702
>passed!
repetition: 81703
>passed!
repetition: 81704
>passed!
repetition: 81705
>passed!
repetition: 81706
>passed!
repetition: 81707
>passed!
repetition: 81708
>passed!
repetition: 81709
>passed!
repetition: 81710
>passed!
repetition: 81711
>passed!
repetition: 81712
>passed!
repetition: 81713
>passed!
repetition: 81714
>passed!
repetition: 81715
>passed!
repetition: 81716
>passed!
repetition: 81717
>passed!
repetition: 81718
>passed!
repetition: 81719
>passed!
repetition: 81720
>passed!
repetition: 81721
>passed!
repetition: 81722
>passed!
repetition: 81723
>passed!
repetition: 81724
>passed!
repetition: 81725
>passed!
repetition: 81726
>passed!
repetition: 81727
>passed!
repetition: 81728
>passed!
repetition: 81729
>passed!
repetition: 81730
>passed!
repetition: 81731
>passed!
repetition: 81732
>passed!
repetition: 81733
>passed!
repetition: 81734
>passed!
repetition: 81735
>passed!
repetition: 81736
>passed!
repetition: 81737
>passed!
repetition: 81738
>passed!
repetition: 81739
>passed!
repetition: 81740
>passed!
repetition: 81741
>passed!
repetition: 81742
>passed!
repetition: 81743
>passed!
repetition: 81744
>passed!
repetition: 81745
>passed!
repetition: 81746
>passed!
repetition: 81747
>passed!
repetition: 81748
>passed!
repetition: 81749
>passed!
repetition: 81750
>passed!
repetition: 81751
>passed!
repetition: 81752
>passed!
repetition: 81753
>passed!
repetition: 81754
>passed!
repetition: 81755
>passed!
repetition: 81756
>passed!
repetition: 81757
>passed!
repetition: 81758
>passed!
repetition: 81759
>passed!
repetition: 81760
>passed!
repetition: 81761
>passed!
repetition: 81762
>passed!
repetition: 81763
>passed!
repetition: 81764
>passed!
repetition: 81765
>passed!
repetition: 81766
>passed!
repetition: 81767
>passed!
repetition: 81768
>passed!
repetition: 81769
>passed!
repetition: 81770
>passed!
repetition: 81771
>passed!
repetition: 81772
>passed!
repetition: 81773
>passed!
repetition: 81774
>passed!
repetition: 81775
>passed!
repetition: 81776
>passed!
repetition: 81777
>passed!
repetition: 81778
>passed!
repetition: 81779
>passed!
repetition: 81780
>passed!
repetition: 81781
>passed!
repetition: 81782
>passed!
repetition: 81783
>passed!
repetition: 81784
>passed!
repetition: 81785
>passed!
repetition: 81786
>passed!
repetition: 81787
>passed!
repetition: 81788
>passed!
repetition: 81789
>passed!
repetition: 81790
>passed!
repetition: 81791
>passed!
repetition: 81792
>passed!
repetition: 81793
>passed!
repetition: 81794
>passed!
repetition: 81795
>passed!
repetition: 81796
>passed!
repetition: 81797
>passed!
repetition: 81798
>passed!
repetition: 81799
>passed!
repetition: 81800
>passed!
repetition: 81801
>passed!
repetition: 81802
>passed!
repetition: 81803
>passed!
repetition: 81804
>passed!
repetition: 81805
>passed!
repetition: 81806
>passed!
repetition: 81807
>passed!
repetition: 81808
>passed!
repetition: 81809
>passed!
repetition: 81810
>passed!
repetition: 81811
>passed!
repetition: 81812
>passed!
repetition: 81813
>passed!
repetition: 81814
>passed!
repetition: 81815
>passed!
repetition: 81816
>passed!
repetition: 81817
>passed!
repetition: 81818
>passed!
repetition: 81819
>passed!
repetition: 81820
>passed!
repetition: 81821
>passed!
repetition: 81822
>passed!
repetition: 81823
>passed!
repetition: 81824
>passed!
repetition: 81825
>passed!
repetition: 81826
>passed!
repetition: 81827
>passed!
repetition: 81828
>passed!
repetition: 81829
>passed!
repetition: 81830
>passed!
repetition: 81831
>passed!
repetition: 81832
>passed!
repetition: 81833
>passed!
repetition: 81834
>passed!
repetition: 81835
>passed!
repetition: 81836
>passed!
repetition: 81837
>passed!
repetition: 81838
>passed!
repetition: 81839
>passed!
repetition: 81840
>passed!
repetition: 81841
>passed!
repetition: 81842
>passed!
repetition: 81843
>passed!
repetition: 81844
>passed!
repetition: 81845
>passed!
repetition: 81846
>passed!
repetition: 81847
>passed!
repetition: 81848
>passed!
repetition: 81849
>passed!
repetition: 81850
>passed!
repetition: 81851
>passed!
repetition: 81852
>passed!
repetition: 81853
>passed!
repetition: 81854
>passed!
repetition: 81855
>passed!
repetition: 81856
>passed!
repetition: 81857
>passed!
repetition: 81858
>passed!
repetition: 81859
>passed!
repetition: 81860
>passed!
repetition: 81861
>passed!
repetition: 81862
>passed!
repetition: 81863
>passed!
repetition: 81864
>passed!
repetition: 81865
>passed!
repetition: 81866
>passed!
repetition: 81867
>passed!
repetition: 81868
>passed!
repetition: 81869
>passed!
repetition: 81870
>passed!
repetition: 81871
>passed!
repetition: 81872
>passed!
repetition: 81873
>passed!
repetition: 81874
>passed!
repetition: 81875
>passed!
repetition: 81876
>passed!
repetition: 81877
>passed!
repetition: 81878
>passed!
repetition: 81879
>passed!
repetition: 81880
>passed!
repetition: 81881
>passed!
repetition: 81882
>passed!
repetition: 81883
>passed!
repetition: 81884
>passed!
repetition: 81885
>passed!
repetition: 81886
>passed!
repetition: 81887
>passed!
repetition: 81888
>passed!
repetition: 81889
>passed!
repetition: 81890
>passed!
repetition: 81891
>passed!
repetition: 81892
>passed!
repetition: 81893
>passed!
repetition: 81894
>passed!
repetition: 81895
>passed!
repetition: 81896
>passed!
repetition: 81897
>passed!
repetition: 81898
>passed!
repetition: 81899
>passed!
repetition: 81900
>passed!
repetition: 81901
>passed!
repetition: 81902
>passed!
repetition: 81903
>passed!
repetition: 81904
>passed!
repetition: 81905
>passed!
repetition: 81906
>passed!
repetition: 81907
>passed!
repetition: 81908
>passed!
repetition: 81909
>passed!
repetition: 81910
>passed!
repetition: 81911
>passed!
repetition: 81912
>passed!
repetition: 81913
>passed!
repetition: 81914
>passed!
repetition: 81915
>passed!
repetition: 81916
>passed!
repetition: 81917
>passed!
repetition: 81918
>passed!
repetition: 81919
>passed!
repetition: 81920
>passed!
repetition: 81921
>passed!
repetition: 81922
>passed!
repetition: 81923
>passed!
repetition: 81924
>passed!
repetition: 81925
>passed!
repetition: 81926
>passed!
repetition: 81927
>passed!
repetition: 81928
>passed!
repetition: 81929
>passed!
repetition: 81930
>passed!
repetition: 81931
>passed!
repetition: 81932
>passed!
repetition: 81933
>passed!
repetition: 81934
>passed!
repetition: 81935
>passed!
repetition: 81936
>passed!
repetition: 81937
>passed!
repetition: 81938
>passed!
repetition: 81939
>passed!
repetition: 81940
>passed!
repetition: 81941
>passed!
repetition: 81942
>passed!
repetition: 81943
>passed!
repetition: 81944
>passed!
repetition: 81945
>passed!
repetition: 81946
>passed!
repetition: 81947
>passed!
repetition: 81948
>passed!
repetition: 81949
>passed!
repetition: 81950
>passed!
repetition: 81951
>passed!
repetition: 81952
>passed!
repetition: 81953
>passed!
repetition: 81954
>passed!
repetition: 81955
>passed!
repetition: 81956
>passed!
repetition: 81957
>passed!
repetition: 81958
>passed!
repetition: 81959
>passed!
repetition: 81960
>passed!
repetition: 81961
>passed!
repetition: 81962
>passed!
repetition: 81963
>passed!
repetition: 81964
>passed!
repetition: 81965
>passed!
repetition: 81966
>passed!
repetition: 81967
>passed!
repetition: 81968
>passed!
repetition: 81969
>passed!
repetition: 81970
>passed!
repetition: 81971
>passed!
repetition: 81972
>passed!
repetition: 81973
>passed!
repetition: 81974
>passed!
repetition: 81975
>passed!
repetition: 81976
>passed!
repetition: 81977
>passed!
repetition: 81978
>passed!
repetition: 81979
>passed!
repetition: 81980
>passed!
repetition: 81981
>passed!
repetition: 81982
>passed!
repetition: 81983
>passed!
repetition: 81984
>passed!
repetition: 81985
>passed!
repetition: 81986
>passed!
repetition: 81987
>passed!
repetition: 81988
>passed!
repetition: 81989
>passed!
repetition: 81990
>passed!
repetition: 81991
>passed!
repetition: 81992
>passed!
repetition: 81993
>passed!
repetition: 81994
>passed!
repetition: 81995
>passed!
repetition: 81996
>passed!
repetition: 81997
>passed!
repetition: 81998
>passed!
repetition: 81999
>passed!
repetition: 82000
>passed!
repetition: 82001
>passed!
repetition: 82002
>passed!
repetition: 82003
>passed!
repetition: 82004
>passed!
repetition: 82005
>passed!
repetition: 82006
>passed!
repetition: 82007
>passed!
repetition: 82008
>passed!
repetition: 82009
>passed!
repetition: 82010
>passed!
repetition: 82011
>passed!
repetition: 82012
>passed!
repetition: 82013
>passed!
repetition: 82014
>passed!
repetition: 82015
>passed!
repetition: 82016
>passed!
repetition: 82017
>passed!
repetition: 82018
>passed!
repetition: 82019
>passed!
repetition: 82020
>passed!
repetition: 82021
>passed!
repetition: 82022
>passed!
repetition: 82023
>passed!
repetition: 82024
>passed!
repetition: 82025
>passed!
repetition: 82026
>passed!
repetition: 82027
>passed!
repetition: 82028
>passed!
repetition: 82029
>passed!
repetition: 82030
>passed!
repetition: 82031
>passed!
repetition: 82032
>passed!
repetition: 82033
>passed!
repetition: 82034
>passed!
repetition: 82035
>passed!
repetition: 82036
>passed!
repetition: 82037
>passed!
repetition: 82038
>passed!
repetition: 82039
>passed!
repetition: 82040
>passed!
repetition: 82041
>passed!
repetition: 82042
>passed!
repetition: 82043
>passed!
repetition: 82044
>passed!
repetition: 82045
>passed!
repetition: 82046
>passed!
repetition: 82047
>passed!
repetition: 82048
>passed!
repetition: 82049
>passed!
repetition: 82050
>passed!
repetition: 82051
>passed!
repetition: 82052
>passed!
repetition: 82053
>passed!
repetition: 82054
>passed!
repetition: 82055
>passed!
repetition: 82056
>passed!
repetition: 82057
>passed!
repetition: 82058
>passed!
repetition: 82059
>passed!
repetition: 82060
>passed!
repetition: 82061
>passed!
repetition: 82062
>passed!
repetition: 82063
>passed!
repetition: 82064
>passed!
repetition: 82065
>passed!
repetition: 82066
>passed!
repetition: 82067
>passed!
repetition: 82068
>passed!
repetition: 82069
>passed!
repetition: 82070
>passed!
repetition: 82071
>passed!
repetition: 82072
>passed!
repetition: 82073
>passed!
repetition: 82074
>passed!
repetition: 82075
>passed!
repetition: 82076
>passed!
repetition: 82077
>passed!
repetition: 82078
>passed!
repetition: 82079
>passed!
repetition: 82080
>passed!
repetition: 82081
>passed!
repetition: 82082
>passed!
repetition: 82083
>passed!
repetition: 82084
>passed!
repetition: 82085
>passed!
repetition: 82086
>passed!
repetition: 82087
>passed!
repetition: 82088
>passed!
repetition: 82089
>passed!
repetition: 82090
>passed!
repetition: 82091
>passed!
repetition: 82092
>passed!
repetition: 82093
>passed!
repetition: 82094
>passed!
repetition: 82095
>passed!
repetition: 82096
>passed!
repetition: 82097
>passed!
repetition: 82098
>passed!
repetition: 82099
>passed!
repetition: 82100
>passed!
repetition: 82101
>passed!
repetition: 82102
>passed!
repetition: 82103
>passed!
repetition: 82104
>passed!
repetition: 82105
>passed!
repetition: 82106
>passed!
repetition: 82107
>passed!
repetition: 82108
>passed!
repetition: 82109
>passed!
repetition: 82110
>passed!
repetition: 82111
>passed!
repetition: 82112
>passed!
repetition: 82113
>passed!
repetition: 82114
>passed!
repetition: 82115
>passed!
repetition: 82116
>passed!
repetition: 82117
>passed!
repetition: 82118
>passed!
repetition: 82119
>passed!
repetition: 82120
>passed!
repetition: 82121
>passed!
repetition: 82122
>passed!
repetition: 82123
>passed!
repetition: 82124
>passed!
repetition: 82125
>passed!
repetition: 82126
>passed!
repetition: 82127
>passed!
repetition: 82128
>passed!
repetition: 82129
>passed!
repetition: 82130
>passed!
repetition: 82131
>passed!
repetition: 82132
>passed!
repetition: 82133
>passed!
repetition: 82134
>passed!
repetition: 82135
>passed!
repetition: 82136
>passed!
repetition: 82137
>passed!
repetition: 82138
>passed!
repetition: 82139
>passed!
repetition: 82140
>passed!
repetition: 82141
>passed!
repetition: 82142
>passed!
repetition: 82143
>passed!
repetition: 82144
>passed!
repetition: 82145
>passed!
repetition: 82146
>passed!
repetition: 82147
>passed!
repetition: 82148
>passed!
repetition: 82149
>passed!
repetition: 82150
>passed!
repetition: 82151
>passed!
repetition: 82152
>passed!
repetition: 82153
>passed!
repetition: 82154
>passed!
repetition: 82155
>passed!
repetition: 82156
>passed!
repetition: 82157
>passed!
repetition: 82158
>passed!
repetition: 82159
>passed!
repetition: 82160
>passed!
repetition: 82161
>passed!
repetition: 82162
>passed!
repetition: 82163
>passed!
repetition: 82164
>passed!
repetition: 82165
>passed!
repetition: 82166
>passed!
repetition: 82167
>passed!
repetition: 82168
>passed!
repetition: 82169
>passed!
repetition: 82170
>passed!
repetition: 82171
>passed!
repetition: 82172
>passed!
repetition: 82173
>passed!
repetition: 82174
>passed!
repetition: 82175
>passed!
repetition: 82176
>passed!
repetition: 82177
>passed!
repetition: 82178
>passed!
repetition: 82179
>passed!
repetition: 82180
>passed!
repetition: 82181
>passed!
repetition: 82182
>passed!
repetition: 82183
>passed!
repetition: 82184
>passed!
repetition: 82185
>passed!
repetition: 82186
>passed!
repetition: 82187
>passed!
repetition: 82188
>passed!
repetition: 82189
>passed!
repetition: 82190
>passed!
repetition: 82191
>passed!
repetition: 82192
>passed!
repetition: 82193
>passed!
repetition: 82194
>passed!
repetition: 82195
>passed!
repetition: 82196
>passed!
repetition: 82197
>passed!
repetition: 82198
>passed!
repetition: 82199
>passed!
repetition: 82200
>passed!
repetition: 82201
>passed!
repetition: 82202
>passed!
repetition: 82203
>passed!
repetition: 82204
>passed!
repetition: 82205
>passed!
repetition: 82206
>passed!
repetition: 82207
>passed!
repetition: 82208
>passed!
repetition: 82209
>passed!
repetition: 82210
>passed!
repetition: 82211
>passed!
repetition: 82212
>passed!
repetition: 82213
>passed!
repetition: 82214
>passed!
repetition: 82215
>passed!
repetition: 82216
>passed!
repetition: 82217
>passed!
repetition: 82218
>passed!
repetition: 82219
>passed!
repetition: 82220
>passed!
repetition: 82221
>passed!
repetition: 82222
>passed!
repetition: 82223
>passed!
repetition: 82224
>passed!
repetition: 82225
>passed!
repetition: 82226
>passed!
repetition: 82227
>passed!
repetition: 82228
>passed!
repetition: 82229
>passed!
repetition: 82230
>passed!
repetition: 82231
>passed!
repetition: 82232
>passed!
repetition: 82233
>passed!
repetition: 82234
>passed!
repetition: 82235
>passed!
repetition: 82236
>passed!
repetition: 82237
>passed!
repetition: 82238
>passed!
repetition: 82239
>passed!
repetition: 82240
>passed!
repetition: 82241
>passed!
repetition: 82242
>passed!
repetition: 82243
>passed!
repetition: 82244
>passed!
repetition: 82245
>passed!
repetition: 82246
>passed!
repetition: 82247
>passed!
repetition: 82248
>passed!
repetition: 82249
>passed!
repetition: 82250
>passed!
repetition: 82251
>passed!
repetition: 82252
>passed!
repetition: 82253
>passed!
repetition: 82254
>passed!
repetition: 82255
>passed!
repetition: 82256
>passed!
repetition: 82257
>passed!
repetition: 82258
>passed!
repetition: 82259
>passed!
repetition: 82260
>passed!
repetition: 82261
>passed!
repetition: 82262
>passed!
repetition: 82263
>passed!
repetition: 82264
>passed!
repetition: 82265
>passed!
repetition: 82266
>passed!
repetition: 82267
>passed!
repetition: 82268
>passed!
repetition: 82269
>passed!
repetition: 82270
>passed!
repetition: 82271
>passed!
repetition: 82272
>passed!
repetition: 82273
>passed!
repetition: 82274
>passed!
repetition: 82275
>passed!
repetition: 82276
>passed!
repetition: 82277
>passed!
repetition: 82278
>passed!
repetition: 82279
>passed!
repetition: 82280
>passed!
repetition: 82281
>passed!
repetition: 82282
>passed!
repetition: 82283
>passed!
repetition: 82284
>passed!
repetition: 82285
>passed!
repetition: 82286
>passed!
repetition: 82287
>passed!
repetition: 82288
>passed!
repetition: 82289
>passed!
repetition: 82290
>passed!
repetition: 82291
>passed!
repetition: 82292
>passed!
repetition: 82293
>passed!
repetition: 82294
>passed!
repetition: 82295
>passed!
repetition: 82296
>passed!
repetition: 82297
>passed!
repetition: 82298
>passed!
repetition: 82299
>passed!
repetition: 82300
>passed!
repetition: 82301
>passed!
repetition: 82302
>passed!
repetition: 82303
>passed!
repetition: 82304
>passed!
repetition: 82305
>passed!
repetition: 82306
>passed!
repetition: 82307
>passed!
repetition: 82308
>passed!
repetition: 82309
>passed!
repetition: 82310
>passed!
repetition: 82311
>passed!
repetition: 82312
>passed!
repetition: 82313
>passed!
repetition: 82314
>passed!
repetition: 82315
>passed!
repetition: 82316
>passed!
repetition: 82317
>passed!
repetition: 82318
>passed!
repetition: 82319
>passed!
repetition: 82320
>passed!
repetition: 82321
>passed!
repetition: 82322
>passed!
repetition: 82323
>passed!
repetition: 82324
>passed!
repetition: 82325
>passed!
repetition: 82326
>passed!
repetition: 82327
>passed!
repetition: 82328
>passed!
repetition: 82329
>passed!
repetition: 82330
>passed!
repetition: 82331
>passed!
repetition: 82332
>passed!
repetition: 82333
>passed!
repetition: 82334
>passed!
repetition: 82335
>passed!
repetition: 82336
>passed!
repetition: 82337
>passed!
repetition: 82338
>passed!
repetition: 82339
>passed!
repetition: 82340
>passed!
repetition: 82341
>passed!
repetition: 82342
>passed!
repetition: 82343
>passed!
repetition: 82344
>passed!
repetition: 82345
>passed!
repetition: 82346
>passed!
repetition: 82347
>passed!
repetition: 82348
>passed!
repetition: 82349
>passed!
repetition: 82350
>passed!
repetition: 82351
>passed!
repetition: 82352
>passed!
repetition: 82353
>passed!
repetition: 82354
>passed!
repetition: 82355
>passed!
repetition: 82356
>passed!
repetition: 82357
>passed!
repetition: 82358
>passed!
repetition: 82359
>passed!
repetition: 82360
>passed!
repetition: 82361
>passed!
repetition: 82362
>passed!
repetition: 82363
>passed!
repetition: 82364
>passed!
repetition: 82365
>passed!
repetition: 82366
>passed!
repetition: 82367
>passed!
repetition: 82368
>passed!
repetition: 82369
>passed!
repetition: 82370
>passed!
repetition: 82371
>passed!
repetition: 82372
>passed!
repetition: 82373
>passed!
repetition: 82374
>passed!
repetition: 82375
>passed!
repetition: 82376
>passed!
repetition: 82377
>passed!
repetition: 82378
>passed!
repetition: 82379
>passed!
repetition: 82380
>passed!
repetition: 82381
>passed!
repetition: 82382
>passed!
repetition: 82383
>passed!
repetition: 82384
>passed!
repetition: 82385
>passed!
repetition: 82386
>passed!
repetition: 82387
>passed!
repetition: 82388
>passed!
repetition: 82389
>passed!
repetition: 82390
>passed!
repetition: 82391
>passed!
repetition: 82392
>passed!
repetition: 82393
>passed!
repetition: 82394
>passed!
repetition: 82395
>passed!
repetition: 82396
>passed!
repetition: 82397
>passed!
repetition: 82398
>passed!
repetition: 82399
>passed!
repetition: 82400
>passed!
repetition: 82401
>passed!
repetition: 82402
>passed!
repetition: 82403
>passed!
repetition: 82404
>passed!
repetition: 82405
>passed!
repetition: 82406
>passed!
repetition: 82407
>passed!
repetition: 82408
>passed!
repetition: 82409
>passed!
repetition: 82410
>passed!
repetition: 82411
>passed!
repetition: 82412
>passed!
repetition: 82413
>passed!
repetition: 82414
>passed!
repetition: 82415
>passed!
repetition: 82416
>passed!
repetition: 82417
>passed!
repetition: 82418
>passed!
repetition: 82419
>passed!
repetition: 82420
>passed!
repetition: 82421
>passed!
repetition: 82422
>passed!
repetition: 82423
>passed!
repetition: 82424
>passed!
repetition: 82425
>passed!
repetition: 82426
>passed!
repetition: 82427
>passed!
repetition: 82428
>passed!
repetition: 82429
>passed!
repetition: 82430
>passed!
repetition: 82431
>passed!
repetition: 82432
>passed!
repetition: 82433
>passed!
repetition: 82434
>passed!
repetition: 82435
>passed!
repetition: 82436
>passed!
repetition: 82437
>passed!
repetition: 82438
>passed!
repetition: 82439
>passed!
repetition: 82440
>passed!
repetition: 82441
>passed!
repetition: 82442
>passed!
repetition: 82443
>passed!
repetition: 82444
>passed!
repetition: 82445
>passed!
repetition: 82446
>passed!
repetition: 82447
>passed!
repetition: 82448
>passed!
repetition: 82449
>passed!
repetition: 82450
>passed!
repetition: 82451
>passed!
repetition: 82452
>passed!
repetition: 82453
>passed!
repetition: 82454
>passed!
repetition: 82455
>passed!
repetition: 82456
>passed!
repetition: 82457
>passed!
repetition: 82458
>passed!
repetition: 82459
>passed!
repetition: 82460
>passed!
repetition: 82461
>passed!
repetition: 82462
>passed!
repetition: 82463
>passed!
repetition: 82464
>passed!
repetition: 82465
>passed!
repetition: 82466
>passed!
repetition: 82467
>passed!
repetition: 82468
>passed!
repetition: 82469
>passed!
repetition: 82470
>passed!
repetition: 82471
>passed!
repetition: 82472
>passed!
repetition: 82473
>passed!
repetition: 82474
>passed!
repetition: 82475
>passed!
repetition: 82476
>passed!
repetition: 82477
>passed!
repetition: 82478
>passed!
repetition: 82479
>passed!
repetition: 82480
>passed!
repetition: 82481
>passed!
repetition: 82482
>passed!
repetition: 82483
>passed!
repetition: 82484
>passed!
repetition: 82485
>passed!
repetition: 82486
>passed!
repetition: 82487
>passed!
repetition: 82488
>passed!
repetition: 82489
>passed!
repetition: 82490
>passed!
repetition: 82491
>passed!
repetition: 82492
>passed!
repetition: 82493
>passed!
repetition: 82494
>passed!
repetition: 82495
>passed!
repetition: 82496
>passed!
repetition: 82497
>passed!
repetition: 82498
>passed!
repetition: 82499
>passed!
repetition: 82500
>passed!
repetition: 82501
>passed!
repetition: 82502
>passed!
repetition: 82503
>passed!
repetition: 82504
>passed!
repetition: 82505
>passed!
repetition: 82506
>passed!
repetition: 82507
>passed!
repetition: 82508
>passed!
repetition: 82509
>passed!
repetition: 82510
>passed!
repetition: 82511
>passed!
repetition: 82512
>passed!
repetition: 82513
>passed!
repetition: 82514
>passed!
repetition: 82515
>passed!
repetition: 82516
>passed!
repetition: 82517
>passed!
repetition: 82518
>passed!
repetition: 82519
>passed!
repetition: 82520
>passed!
repetition: 82521
>passed!
repetition: 82522
>passed!
repetition: 82523
>passed!
repetition: 82524
>passed!
repetition: 82525
>passed!
repetition: 82526
>passed!
repetition: 82527
>passed!
repetition: 82528
>passed!
repetition: 82529
>passed!
repetition: 82530
>passed!
repetition: 82531
>passed!
repetition: 82532
>passed!
repetition: 82533
>passed!
repetition: 82534
>passed!
repetition: 82535
>passed!
repetition: 82536
>passed!
repetition: 82537
>passed!
repetition: 82538
>passed!
repetition: 82539
>passed!
repetition: 82540
>passed!
repetition: 82541
>passed!
repetition: 82542
>passed!
repetition: 82543
>passed!
repetition: 82544
>passed!
repetition: 82545
>passed!
repetition: 82546
>passed!
repetition: 82547
>passed!
repetition: 82548
>passed!
repetition: 82549
>passed!
repetition: 82550
>passed!
repetition: 82551
>passed!
repetition: 82552
>passed!
repetition: 82553
>passed!
repetition: 82554
>passed!
repetition: 82555
>passed!
repetition: 82556
>passed!
repetition: 82557
>passed!
repetition: 82558
>passed!
repetition: 82559
>passed!
repetition: 82560
>passed!
repetition: 82561
>passed!
repetition: 82562
>passed!
repetition: 82563
>passed!
repetition: 82564
>passed!
repetition: 82565
>passed!
repetition: 82566
>passed!
repetition: 82567
>passed!
repetition: 82568
>passed!
repetition: 82569
>passed!
repetition: 82570
>passed!
repetition: 82571
>passed!
repetition: 82572
>passed!
repetition: 82573
>passed!
repetition: 82574
>passed!
repetition: 82575
>passed!
repetition: 82576
>passed!
repetition: 82577
>passed!
repetition: 82578
>passed!
repetition: 82579
>passed!
repetition: 82580
>passed!
repetition: 82581
>passed!
repetition: 82582
>passed!
repetition: 82583
>passed!
repetition: 82584
>passed!
repetition: 82585
>passed!
repetition: 82586
>passed!
repetition: 82587
>passed!
repetition: 82588
>passed!
repetition: 82589
>passed!
repetition: 82590
>passed!
repetition: 82591
>passed!
repetition: 82592
>passed!
repetition: 82593
>passed!
repetition: 82594
>passed!
repetition: 82595
>passed!
repetition: 82596
>passed!
repetition: 82597
>passed!
repetition: 82598
>passed!
repetition: 82599
>passed!
repetition: 82600
>passed!
repetition: 82601
>passed!
repetition: 82602
>passed!
repetition: 82603
>passed!
repetition: 82604
>passed!
repetition: 82605
>passed!
repetition: 82606
>passed!
repetition: 82607
>passed!
repetition: 82608
>passed!
repetition: 82609
>passed!
repetition: 82610
>passed!
repetition: 82611
>passed!
repetition: 82612
>passed!
repetition: 82613
>passed!
repetition: 82614
>passed!
repetition: 82615
>passed!
repetition: 82616
>passed!
repetition: 82617
>passed!
repetition: 82618
>passed!
repetition: 82619
>passed!
repetition: 82620
>passed!
repetition: 82621
>passed!
repetition: 82622
>passed!
repetition: 82623
>passed!
repetition: 82624
>passed!
repetition: 82625
>passed!
repetition: 82626
>passed!
repetition: 82627
>passed!
repetition: 82628
>passed!
repetition: 82629
>passed!
repetition: 82630
>passed!
repetition: 82631
>passed!
repetition: 82632
>passed!
repetition: 82633
>passed!
repetition: 82634
>passed!
repetition: 82635
>passed!
repetition: 82636
>passed!
repetition: 82637
>passed!
repetition: 82638
>passed!
repetition: 82639
>passed!
repetition: 82640
>passed!
repetition: 82641
>passed!
repetition: 82642
>passed!
repetition: 82643
>passed!
repetition: 82644
>passed!
repetition: 82645
>passed!
repetition: 82646
>passed!
repetition: 82647
>passed!
repetition: 82648
>passed!
repetition: 82649
>passed!
repetition: 82650
>passed!
repetition: 82651
>passed!
repetition: 82652
>passed!
repetition: 82653
>passed!
repetition: 82654
>passed!
repetition: 82655
>passed!
repetition: 82656
>passed!
repetition: 82657
>passed!
repetition: 82658
>passed!
repetition: 82659
>passed!
repetition: 82660
>passed!
repetition: 82661
>passed!
repetition: 82662
>passed!
repetition: 82663
>passed!
repetition: 82664
>passed!
repetition: 82665
>passed!
repetition: 82666
>passed!
repetition: 82667
>passed!
repetition: 82668
>passed!
repetition: 82669
>passed!
repetition: 82670
>passed!
repetition: 82671
>passed!
repetition: 82672
>passed!
repetition: 82673
>passed!
repetition: 82674
>passed!
repetition: 82675
>passed!
repetition: 82676
>passed!
repetition: 82677
>passed!
repetition: 82678
>passed!
repetition: 82679
>passed!
repetition: 82680
>passed!
repetition: 82681
>passed!
repetition: 82682
>passed!
repetition: 82683
>passed!
repetition: 82684
>passed!
repetition: 82685
>passed!
repetition: 82686
>passed!
repetition: 82687
>passed!
repetition: 82688
>passed!
repetition: 82689
>passed!
repetition: 82690
>passed!
repetition: 82691
>passed!
repetition: 82692
>passed!
repetition: 82693
>passed!
repetition: 82694
>passed!
repetition: 82695
>passed!
repetition: 82696
>passed!
repetition: 82697
>passed!
repetition: 82698
>passed!
repetition: 82699
>passed!
repetition: 82700
>passed!
repetition: 82701
>passed!
repetition: 82702
>passed!
repetition: 82703
>passed!
repetition: 82704
>passed!
repetition: 82705
>passed!
repetition: 82706
>passed!
repetition: 82707
>passed!
repetition: 82708
>passed!
repetition: 82709
>passed!
repetition: 82710
>passed!
repetition: 82711
>passed!
repetition: 82712
>passed!
repetition: 82713
>passed!
repetition: 82714
>passed!
repetition: 82715
>passed!
repetition: 82716
>passed!
repetition: 82717
>passed!
repetition: 82718
>passed!
repetition: 82719
>passed!
repetition: 82720
>passed!
repetition: 82721
>passed!
repetition: 82722
>passed!
repetition: 82723
>passed!
repetition: 82724
>passed!
repetition: 82725
>passed!
repetition: 82726
>passed!
repetition: 82727
>passed!
repetition: 82728
>passed!
repetition: 82729
>passed!
repetition: 82730
>passed!
repetition: 82731
>passed!
repetition: 82732
>passed!
repetition: 82733
>passed!
repetition: 82734
>passed!
repetition: 82735
>passed!
repetition: 82736
>passed!
repetition: 82737
>passed!
repetition: 82738
>passed!
repetition: 82739
>passed!
repetition: 82740
>passed!
repetition: 82741
>passed!
repetition: 82742
>passed!
repetition: 82743
>passed!
repetition: 82744
>passed!
repetition: 82745
>passed!
repetition: 82746
>passed!
repetition: 82747
>passed!
repetition: 82748
>passed!
repetition: 82749
>passed!
repetition: 82750
>passed!
repetition: 82751
>passed!
repetition: 82752
>passed!
repetition: 82753
>passed!
repetition: 82754
>passed!
repetition: 82755
>passed!
repetition: 82756
>passed!
repetition: 82757
>passed!
repetition: 82758
>passed!
repetition: 82759
>passed!
repetition: 82760
>passed!
repetition: 82761
>passed!
repetition: 82762
>passed!
repetition: 82763
>passed!
repetition: 82764
>passed!
repetition: 82765
>passed!
repetition: 82766
>passed!
repetition: 82767
>passed!
repetition: 82768
>passed!
repetition: 82769
>passed!
repetition: 82770
>passed!
repetition: 82771
>passed!
repetition: 82772
>passed!
repetition: 82773
>passed!
repetition: 82774
>passed!
repetition: 82775
>passed!
repetition: 82776
>passed!
repetition: 82777
>passed!
repetition: 82778
>passed!
repetition: 82779
>passed!
repetition: 82780
>passed!
repetition: 82781
>passed!
repetition: 82782
>passed!
repetition: 82783
>passed!
repetition: 82784
>passed!
repetition: 82785
>passed!
repetition: 82786
>passed!
repetition: 82787
>passed!
repetition: 82788
>passed!
repetition: 82789
>passed!
repetition: 82790
>passed!
repetition: 82791
>passed!
repetition: 82792
>passed!
repetition: 82793
>passed!
repetition: 82794
>passed!
repetition: 82795
>passed!
repetition: 82796
>passed!
repetition: 82797
>passed!
repetition: 82798
>passed!
repetition: 82799
>passed!
repetition: 82800
>passed!
repetition: 82801
>passed!
repetition: 82802
>passed!
repetition: 82803
>passed!
repetition: 82804
>passed!
repetition: 82805
>passed!
repetition: 82806
>passed!
repetition: 82807
>passed!
repetition: 82808
>passed!
repetition: 82809
>passed!
repetition: 82810
>passed!
repetition: 82811
>passed!
repetition: 82812
>passed!
repetition: 82813
>passed!
repetition: 82814
>passed!
repetition: 82815
>passed!
repetition: 82816
>passed!
repetition: 82817
>passed!
repetition: 82818
>passed!
repetition: 82819
>passed!
repetition: 82820
>passed!
repetition: 82821
>passed!
repetition: 82822
>passed!
repetition: 82823
>passed!
repetition: 82824
>passed!
repetition: 82825
>passed!
repetition: 82826
>passed!
repetition: 82827
>passed!
repetition: 82828
>passed!
repetition: 82829
>passed!
repetition: 82830
>passed!
repetition: 82831
>passed!
repetition: 82832
>passed!
repetition: 82833
>passed!
repetition: 82834
>passed!
repetition: 82835
>passed!
repetition: 82836
>passed!
repetition: 82837
>passed!
repetition: 82838
>passed!
repetition: 82839
>passed!
repetition: 82840
>passed!
repetition: 82841
>passed!
repetition: 82842
>passed!
repetition: 82843
>passed!
repetition: 82844
>passed!
repetition: 82845
>passed!
repetition: 82846
>passed!
repetition: 82847
>passed!
repetition: 82848
>passed!
repetition: 82849
>passed!
repetition: 82850
>passed!
repetition: 82851
>passed!
repetition: 82852
>passed!
repetition: 82853
>passed!
repetition: 82854
>passed!
repetition: 82855
>passed!
repetition: 82856
>passed!
repetition: 82857
>passed!
repetition: 82858
>passed!
repetition: 82859
>passed!
repetition: 82860
>passed!
repetition: 82861
>passed!
repetition: 82862
>passed!
repetition: 82863
>passed!
repetition: 82864
>passed!
repetition: 82865
>passed!
repetition: 82866
>passed!
repetition: 82867
>passed!
repetition: 82868
>passed!
repetition: 82869
>passed!
repetition: 82870
>passed!
repetition: 82871
>passed!
repetition: 82872
>passed!
repetition: 82873
>passed!
repetition: 82874
>passed!
repetition: 82875
>passed!
repetition: 82876
>passed!
repetition: 82877
>passed!
repetition: 82878
>passed!
repetition: 82879
>passed!
repetition: 82880
>passed!
repetition: 82881
>passed!
repetition: 82882
>passed!
repetition: 82883
>passed!
repetition: 82884
>passed!
repetition: 82885
>passed!
repetition: 82886
>passed!
repetition: 82887
>passed!
repetition: 82888
>passed!
repetition: 82889
>passed!
repetition: 82890
>passed!
repetition: 82891
>passed!
repetition: 82892
>passed!
repetition: 82893
>passed!
repetition: 82894
>passed!
repetition: 82895
>passed!
repetition: 82896
>passed!
repetition: 82897
>passed!
repetition: 82898
>passed!
repetition: 82899
>passed!
repetition: 82900
>passed!
repetition: 82901
>passed!
repetition: 82902
>passed!
repetition: 82903
>passed!
repetition: 82904
>passed!
repetition: 82905
>passed!
repetition: 82906
>passed!
repetition: 82907
>passed!
repetition: 82908
>passed!
repetition: 82909
>passed!
repetition: 82910
>passed!
repetition: 82911
>passed!
repetition: 82912
>passed!
repetition: 82913
>passed!
repetition: 82914
>passed!
repetition: 82915
>passed!
repetition: 82916
>passed!
repetition: 82917
>passed!
repetition: 82918
>passed!
repetition: 82919
>passed!
repetition: 82920
>passed!
repetition: 82921
>passed!
repetition: 82922
>passed!
repetition: 82923
>passed!
repetition: 82924
>passed!
repetition: 82925
>passed!
repetition: 82926
>passed!
repetition: 82927
>passed!
repetition: 82928
>passed!
repetition: 82929
>passed!
repetition: 82930
>passed!
repetition: 82931
>passed!
repetition: 82932
>passed!
repetition: 82933
>passed!
repetition: 82934
>passed!
repetition: 82935
>passed!
repetition: 82936
>passed!
repetition: 82937
>passed!
repetition: 82938
>passed!
repetition: 82939
>passed!
repetition: 82940
>passed!
repetition: 82941
>passed!
repetition: 82942
>passed!
repetition: 82943
>passed!
repetition: 82944
>passed!
repetition: 82945
>passed!
repetition: 82946
>passed!
repetition: 82947
>passed!
repetition: 82948
>passed!
repetition: 82949
>passed!
repetition: 82950
>passed!
repetition: 82951
>passed!
repetition: 82952
>passed!
repetition: 82953
>passed!
repetition: 82954
>passed!
repetition: 82955
>passed!
repetition: 82956
>passed!
repetition: 82957
>passed!
repetition: 82958
>passed!
repetition: 82959
>passed!
repetition: 82960
>passed!
repetition: 82961
>passed!
repetition: 82962
>passed!
repetition: 82963
>passed!
repetition: 82964
>passed!
repetition: 82965
>passed!
repetition: 82966
>passed!
repetition: 82967
>passed!
repetition: 82968
>passed!
repetition: 82969
>passed!
repetition: 82970
>passed!
repetition: 82971
>passed!
repetition: 82972
>passed!
repetition: 82973
>passed!
repetition: 82974
>passed!
repetition: 82975
>passed!
repetition: 82976
>passed!
repetition: 82977
>passed!
repetition: 82978
>passed!
repetition: 82979
>passed!
repetition: 82980
>passed!
repetition: 82981
>passed!
repetition: 82982
>passed!
repetition: 82983
>passed!
repetition: 82984
>passed!
repetition: 82985
>passed!
repetition: 82986
>passed!
repetition: 82987
>passed!
repetition: 82988
>passed!
repetition: 82989
>passed!
repetition: 82990
>passed!
repetition: 82991
>passed!
repetition: 82992
>passed!
repetition: 82993
>passed!
repetition: 82994
>passed!
repetition: 82995
>passed!
repetition: 82996
>passed!
repetition: 82997
>passed!
repetition: 82998
>passed!
repetition: 82999
>passed!
repetition: 83000
>passed!
repetition: 83001
>passed!
repetition: 83002
>passed!
repetition: 83003
>passed!
repetition: 83004
>passed!
repetition: 83005
>passed!
repetition: 83006
>passed!
repetition: 83007
>passed!
repetition: 83008
>passed!
repetition: 83009
>passed!
repetition: 83010
>passed!
repetition: 83011
>passed!
repetition: 83012
>passed!
repetition: 83013
>passed!
repetition: 83014
>passed!
repetition: 83015
>passed!
repetition: 83016
>passed!
repetition: 83017
>passed!
repetition: 83018
>passed!
repetition: 83019
>passed!
repetition: 83020
>passed!
repetition: 83021
>passed!
repetition: 83022
>passed!
repetition: 83023
>passed!
repetition: 83024
>passed!
repetition: 83025
>passed!
repetition: 83026
>passed!
repetition: 83027
>passed!
repetition: 83028
>passed!
repetition: 83029
>passed!
repetition: 83030
>passed!
repetition: 83031
>passed!
repetition: 83032
>passed!
repetition: 83033
>passed!
repetition: 83034
>passed!
repetition: 83035
>passed!
repetition: 83036
>passed!
repetition: 83037
>passed!
repetition: 83038
>passed!
repetition: 83039
>passed!
repetition: 83040
>passed!
repetition: 83041
>passed!
repetition: 83042
>passed!
repetition: 83043
>passed!
repetition: 83044
>passed!
repetition: 83045
>passed!
repetition: 83046
>passed!
repetition: 83047
>passed!
repetition: 83048
>passed!
repetition: 83049
>passed!
repetition: 83050
>passed!
repetition: 83051
>passed!
repetition: 83052
>passed!
repetition: 83053
>passed!
repetition: 83054
>passed!
repetition: 83055
>passed!
repetition: 83056
>passed!
repetition: 83057
>passed!
repetition: 83058
>passed!
repetition: 83059
>passed!
repetition: 83060
>passed!
repetition: 83061
>passed!
repetition: 83062
>passed!
repetition: 83063
>passed!
repetition: 83064
>passed!
repetition: 83065
>passed!
repetition: 83066
>passed!
repetition: 83067
>passed!
repetition: 83068
>passed!
repetition: 83069
>passed!
repetition: 83070
>passed!
repetition: 83071
>passed!
repetition: 83072
>passed!
repetition: 83073
>passed!
repetition: 83074
>passed!
repetition: 83075
>passed!
repetition: 83076
>passed!
repetition: 83077
>passed!
repetition: 83078
>passed!
repetition: 83079
>passed!
repetition: 83080
>passed!
repetition: 83081
>passed!
repetition: 83082
>passed!
repetition: 83083
>passed!
repetition: 83084
>passed!
repetition: 83085
>passed!
repetition: 83086
>passed!
repetition: 83087
>passed!
repetition: 83088
>passed!
repetition: 83089
>passed!
repetition: 83090
>passed!
repetition: 83091
>passed!
repetition: 83092
>passed!
repetition: 83093
>passed!
repetition: 83094
>passed!
repetition: 83095
>passed!
repetition: 83096
>passed!
repetition: 83097
>passed!
repetition: 83098
>passed!
repetition: 83099
>passed!
repetition: 83100
>passed!
repetition: 83101
>passed!
repetition: 83102
>passed!
repetition: 83103
>passed!
repetition: 83104
>passed!
repetition: 83105
>passed!
repetition: 83106
>passed!
repetition: 83107
>passed!
repetition: 83108
>passed!
repetition: 83109
>passed!
repetition: 83110
>passed!
repetition: 83111
>passed!
repetition: 83112
>passed!
repetition: 83113
>passed!
repetition: 83114
>passed!
repetition: 83115
>passed!
repetition: 83116
>passed!
repetition: 83117
>passed!
repetition: 83118
>passed!
repetition: 83119
>passed!
repetition: 83120
>passed!
repetition: 83121
>passed!
repetition: 83122
>passed!
repetition: 83123
>passed!
repetition: 83124
>passed!
repetition: 83125
>passed!
repetition: 83126
>passed!
repetition: 83127
>passed!
repetition: 83128
>passed!
repetition: 83129
>passed!
repetition: 83130
>passed!
repetition: 83131
>passed!
repetition: 83132
>passed!
repetition: 83133
>passed!
repetition: 83134
>passed!
repetition: 83135
>passed!
repetition: 83136
>passed!
repetition: 83137
>passed!
repetition: 83138
>passed!
repetition: 83139
>passed!
repetition: 83140
>passed!
repetition: 83141
>passed!
repetition: 83142
>passed!
repetition: 83143
>passed!
repetition: 83144
>passed!
repetition: 83145
>passed!
repetition: 83146
>passed!
repetition: 83147
>passed!
repetition: 83148
>passed!
repetition: 83149
>passed!
repetition: 83150
>passed!
repetition: 83151
>passed!
repetition: 83152
>passed!
repetition: 83153
>passed!
repetition: 83154
>passed!
repetition: 83155
>passed!
repetition: 83156
>passed!
repetition: 83157
>passed!
repetition: 83158
>passed!
repetition: 83159
>passed!
repetition: 83160
>passed!
repetition: 83161
>passed!
repetition: 83162
>passed!
repetition: 83163
>passed!
repetition: 83164
>passed!
repetition: 83165
>passed!
repetition: 83166
>passed!
repetition: 83167
>passed!
repetition: 83168
>passed!
repetition: 83169
>passed!
repetition: 83170
>passed!
repetition: 83171
>passed!
repetition: 83172
>passed!
repetition: 83173
>passed!
repetition: 83174
>passed!
repetition: 83175
>passed!
repetition: 83176
>passed!
repetition: 83177
>passed!
repetition: 83178
>passed!
repetition: 83179
>passed!
repetition: 83180
>passed!
repetition: 83181
>passed!
repetition: 83182
>passed!
repetition: 83183
>passed!
repetition: 83184
>passed!
repetition: 83185
>passed!
repetition: 83186
>passed!
repetition: 83187
>passed!
repetition: 83188
>passed!
repetition: 83189
>passed!
repetition: 83190
>passed!
repetition: 83191
>passed!
repetition: 83192
>passed!
repetition: 83193
>passed!
repetition: 83194
>passed!
repetition: 83195
>passed!
repetition: 83196
>passed!
repetition: 83197
>passed!
repetition: 83198
>passed!
repetition: 83199
>passed!
repetition: 83200
>passed!
repetition: 83201
>passed!
repetition: 83202
>passed!
repetition: 83203
>passed!
repetition: 83204
>passed!
repetition: 83205
>passed!
repetition: 83206
>passed!
repetition: 83207
>passed!
repetition: 83208
>passed!
repetition: 83209
>passed!
repetition: 83210
>passed!
repetition: 83211
>passed!
repetition: 83212
>passed!
repetition: 83213
>passed!
repetition: 83214
>passed!
repetition: 83215
>passed!
repetition: 83216
>passed!
repetition: 83217
>passed!
repetition: 83218
>passed!
repetition: 83219
>passed!
repetition: 83220
>passed!
repetition: 83221
>passed!
repetition: 83222
>passed!
repetition: 83223
>passed!
repetition: 83224
>passed!
repetition: 83225
>passed!
repetition: 83226
>passed!
repetition: 83227
>passed!
repetition: 83228
>passed!
repetition: 83229
>passed!
repetition: 83230
>passed!
repetition: 83231
>passed!
repetition: 83232
>passed!
repetition: 83233
>passed!
repetition: 83234
>passed!
repetition: 83235
>passed!
repetition: 83236
>passed!
repetition: 83237
>passed!
repetition: 83238
>passed!
repetition: 83239
>passed!
repetition: 83240
>passed!
repetition: 83241
>passed!
repetition: 83242
>passed!
repetition: 83243
>passed!
repetition: 83244
>passed!
repetition: 83245
>passed!
repetition: 83246
>passed!
repetition: 83247
>passed!
repetition: 83248
>passed!
repetition: 83249
>passed!
repetition: 83250
>passed!
repetition: 83251
>passed!
repetition: 83252
>passed!
repetition: 83253
>passed!
repetition: 83254
>passed!
repetition: 83255
>passed!
repetition: 83256
>passed!
repetition: 83257
>passed!
repetition: 83258
>passed!
repetition: 83259
>passed!
repetition: 83260
>passed!
repetition: 83261
>passed!
repetition: 83262
>passed!
repetition: 83263
>passed!
repetition: 83264
>passed!
repetition: 83265
>passed!
repetition: 83266
>passed!
repetition: 83267
>passed!
repetition: 83268
>passed!
repetition: 83269
>passed!
repetition: 83270
>passed!
repetition: 83271
>passed!
repetition: 83272
>passed!
repetition: 83273
>passed!
repetition: 83274
>passed!
repetition: 83275
>passed!
repetition: 83276
>passed!
repetition: 83277
>passed!
repetition: 83278
>passed!
repetition: 83279
>passed!
repetition: 83280
>passed!
repetition: 83281
>passed!
repetition: 83282
>passed!
repetition: 83283
>passed!
repetition: 83284
>passed!
repetition: 83285
>passed!
repetition: 83286
>passed!
repetition: 83287
>passed!
repetition: 83288
>passed!
repetition: 83289
>passed!
repetition: 83290
>passed!
repetition: 83291
>passed!
repetition: 83292
>passed!
repetition: 83293
>passed!
repetition: 83294
>passed!
repetition: 83295
>passed!
repetition: 83296
>passed!
repetition: 83297
>passed!
repetition: 83298
>passed!
repetition: 83299
>passed!
repetition: 83300
>passed!
repetition: 83301
>passed!
repetition: 83302
>passed!
repetition: 83303
>passed!
repetition: 83304
>passed!
repetition: 83305
>passed!
repetition: 83306
>passed!
repetition: 83307
>passed!
repetition: 83308
>passed!
repetition: 83309
>passed!
repetition: 83310
>passed!
repetition: 83311
>passed!
repetition: 83312
>passed!
repetition: 83313
>passed!
repetition: 83314
>passed!
repetition: 83315
>passed!
repetition: 83316
>passed!
repetition: 83317
>passed!
repetition: 83318
>passed!
repetition: 83319
>passed!
repetition: 83320
>passed!
repetition: 83321
>passed!
repetition: 83322
>passed!
repetition: 83323
>passed!
repetition: 83324
>passed!
repetition: 83325
>passed!
repetition: 83326
>passed!
repetition: 83327
>passed!
repetition: 83328
>passed!
repetition: 83329
>passed!
repetition: 83330
>passed!
repetition: 83331
>passed!
repetition: 83332
>passed!
repetition: 83333
>passed!
repetition: 83334
>passed!
repetition: 83335
>passed!
repetition: 83336
>passed!
repetition: 83337
>passed!
repetition: 83338
>passed!
repetition: 83339
>passed!
repetition: 83340
>passed!
repetition: 83341
>passed!
repetition: 83342
>passed!
repetition: 83343
>passed!
repetition: 83344
>passed!
repetition: 83345
>passed!
repetition: 83346
>passed!
repetition: 83347
>passed!
repetition: 83348
>passed!
repetition: 83349
>passed!
repetition: 83350
>passed!
repetition: 83351
>passed!
repetition: 83352
>passed!
repetition: 83353
>passed!
repetition: 83354
>passed!
repetition: 83355
>passed!
repetition: 83356
>passed!
repetition: 83357
>passed!
repetition: 83358
>passed!
repetition: 83359
>passed!
repetition: 83360
>passed!
repetition: 83361
>passed!
repetition: 83362
>passed!
repetition: 83363
>passed!
repetition: 83364
>passed!
repetition: 83365
>passed!
repetition: 83366
>passed!
repetition: 83367
>passed!
repetition: 83368
>passed!
repetition: 83369
>passed!
repetition: 83370
>passed!
repetition: 83371
>passed!
repetition: 83372
>passed!
repetition: 83373
>passed!
repetition: 83374
>passed!
repetition: 83375
>passed!
repetition: 83376
>passed!
repetition: 83377
>passed!
repetition: 83378
>passed!
repetition: 83379
>passed!
repetition: 83380
>passed!
repetition: 83381
>passed!
repetition: 83382
>passed!
repetition: 83383
>passed!
repetition: 83384
>passed!
repetition: 83385
>passed!
repetition: 83386
>passed!
repetition: 83387
>passed!
repetition: 83388
>passed!
repetition: 83389
>passed!
repetition: 83390
>passed!
repetition: 83391
>passed!
repetition: 83392
>passed!
repetition: 83393
>passed!
repetition: 83394
>passed!
repetition: 83395
>passed!
repetition: 83396
>passed!
repetition: 83397
>passed!
repetition: 83398
>passed!
repetition: 83399
>passed!
repetition: 83400
>passed!
repetition: 83401
>passed!
repetition: 83402
>passed!
repetition: 83403
>passed!
repetition: 83404
>passed!
repetition: 83405
>passed!
repetition: 83406
>passed!
repetition: 83407
>passed!
repetition: 83408
>passed!
repetition: 83409
>passed!
repetition: 83410
>passed!
repetition: 83411
>passed!
repetition: 83412
>passed!
repetition: 83413
>passed!
repetition: 83414
>passed!
repetition: 83415
>passed!
repetition: 83416
>passed!
repetition: 83417
>passed!
repetition: 83418
>passed!
repetition: 83419
>passed!
repetition: 83420
>passed!
repetition: 83421
>passed!
repetition: 83422
>passed!
repetition: 83423
>passed!
repetition: 83424
>passed!
repetition: 83425
>passed!
repetition: 83426
>passed!
repetition: 83427
>passed!
repetition: 83428
>passed!
repetition: 83429
>passed!
repetition: 83430
>passed!
repetition: 83431
>passed!
repetition: 83432
>passed!
repetition: 83433
>passed!
repetition: 83434
>passed!
repetition: 83435
>passed!
repetition: 83436
>passed!
repetition: 83437
>passed!
repetition: 83438
>passed!
repetition: 83439
>passed!
repetition: 83440
>passed!
repetition: 83441
>passed!
repetition: 83442
>passed!
repetition: 83443
>passed!
repetition: 83444
>passed!
repetition: 83445
>passed!
repetition: 83446
>passed!
repetition: 83447
>passed!
repetition: 83448
>passed!
repetition: 83449
>passed!
repetition: 83450
>passed!
repetition: 83451
>passed!
repetition: 83452
>passed!
repetition: 83453
>passed!
repetition: 83454
>passed!
repetition: 83455
>passed!
repetition: 83456
>passed!
repetition: 83457
>passed!
repetition: 83458
>passed!
repetition: 83459
>passed!
repetition: 83460
>passed!
repetition: 83461
>passed!
repetition: 83462
>passed!
repetition: 83463
>passed!
repetition: 83464
>passed!
repetition: 83465
>passed!
repetition: 83466
>passed!
repetition: 83467
>passed!
repetition: 83468
>passed!
repetition: 83469
>passed!
repetition: 83470
>passed!
repetition: 83471
>passed!
repetition: 83472
>passed!
repetition: 83473
>passed!
repetition: 83474
>passed!
repetition: 83475
>passed!
repetition: 83476
>passed!
repetition: 83477
>passed!
repetition: 83478
>passed!
repetition: 83479
>passed!
repetition: 83480
>passed!
repetition: 83481
>passed!
repetition: 83482
>passed!
repetition: 83483
>passed!
repetition: 83484
>passed!
repetition: 83485
>passed!
repetition: 83486
>passed!
repetition: 83487
>passed!
repetition: 83488
>passed!
repetition: 83489
>passed!
repetition: 83490
>passed!
repetition: 83491
>passed!
repetition: 83492
>passed!
repetition: 83493
>passed!
repetition: 83494
>passed!
repetition: 83495
>passed!
repetition: 83496
>passed!
repetition: 83497
>passed!
repetition: 83498
>passed!
repetition: 83499
>passed!
repetition: 83500
>passed!
repetition: 83501
>passed!
repetition: 83502
>passed!
repetition: 83503
>passed!
repetition: 83504
>passed!
repetition: 83505
>passed!
repetition: 83506
>passed!
repetition: 83507
>passed!
repetition: 83508
>passed!
repetition: 83509
>passed!
repetition: 83510
>passed!
repetition: 83511
>passed!
repetition: 83512
>passed!
repetition: 83513
>passed!
repetition: 83514
>passed!
repetition: 83515
>passed!
repetition: 83516
>passed!
repetition: 83517
>passed!
repetition: 83518
>passed!
repetition: 83519
>passed!
repetition: 83520
>passed!
repetition: 83521
>passed!
repetition: 83522
>passed!
repetition: 83523
>passed!
repetition: 83524
>passed!
repetition: 83525
>passed!
repetition: 83526
>passed!
repetition: 83527
>passed!
repetition: 83528
>passed!
repetition: 83529
>passed!
repetition: 83530
>passed!
repetition: 83531
>passed!
repetition: 83532
>passed!
repetition: 83533
>passed!
repetition: 83534
>passed!
repetition: 83535
>passed!
repetition: 83536
>passed!
repetition: 83537
>passed!
repetition: 83538
>passed!
repetition: 83539
>passed!
repetition: 83540
>passed!
repetition: 83541
>passed!
repetition: 83542
>passed!
repetition: 83543
>passed!
repetition: 83544
>passed!
repetition: 83545
>passed!
repetition: 83546
>passed!
repetition: 83547
>passed!
repetition: 83548
>passed!
repetition: 83549
>passed!
repetition: 83550
>passed!
repetition: 83551
>passed!
repetition: 83552
>passed!
repetition: 83553
>passed!
repetition: 83554
>passed!
repetition: 83555
>passed!
repetition: 83556
>passed!
repetition: 83557
>passed!
repetition: 83558
>passed!
repetition: 83559
>passed!
repetition: 83560
>passed!
repetition: 83561
>passed!
repetition: 83562
>passed!
repetition: 83563
>passed!
repetition: 83564
>passed!
repetition: 83565
>passed!
repetition: 83566
>passed!
repetition: 83567
>passed!
repetition: 83568
>passed!
repetition: 83569
>passed!
repetition: 83570
>passed!
repetition: 83571
>passed!
repetition: 83572
>passed!
repetition: 83573
>passed!
repetition: 83574
>passed!
repetition: 83575
>passed!
repetition: 83576
>passed!
repetition: 83577
>passed!
repetition: 83578
>passed!
repetition: 83579
>passed!
repetition: 83580
>passed!
repetition: 83581
>passed!
repetition: 83582
>passed!
repetition: 83583
>passed!
repetition: 83584
>passed!
repetition: 83585
>passed!
repetition: 83586
>passed!
repetition: 83587
>passed!
repetition: 83588
>passed!
repetition: 83589
>passed!
repetition: 83590
>passed!
repetition: 83591
>passed!
repetition: 83592
>passed!
repetition: 83593
>passed!
repetition: 83594
>passed!
repetition: 83595
>passed!
repetition: 83596
>passed!
repetition: 83597
>passed!
repetition: 83598
>passed!
repetition: 83599
>passed!
repetition: 83600
>passed!
repetition: 83601
>passed!
repetition: 83602
>passed!
repetition: 83603
>passed!
repetition: 83604
>passed!
repetition: 83605
>passed!
repetition: 83606
>passed!
repetition: 83607
>passed!
repetition: 83608
>passed!
repetition: 83609
>passed!
repetition: 83610
>passed!
repetition: 83611
>passed!
repetition: 83612
>passed!
repetition: 83613
>passed!
repetition: 83614
>passed!
repetition: 83615
>passed!
repetition: 83616
>passed!
repetition: 83617
>passed!
repetition: 83618
>passed!
repetition: 83619
>passed!
repetition: 83620
>passed!
repetition: 83621
>passed!
repetition: 83622
>passed!
repetition: 83623
>passed!
repetition: 83624
>passed!
repetition: 83625
>passed!
repetition: 83626
>passed!
repetition: 83627
>passed!
repetition: 83628
>passed!
repetition: 83629
>passed!
repetition: 83630
>passed!
repetition: 83631
>passed!
repetition: 83632
>passed!
repetition: 83633
>passed!
repetition: 83634
>passed!
repetition: 83635
>passed!
repetition: 83636
>passed!
repetition: 83637
>passed!
repetition: 83638
>passed!
repetition: 83639
>passed!
repetition: 83640
>passed!
repetition: 83641
>passed!
repetition: 83642
>passed!
repetition: 83643
>passed!
repetition: 83644
>passed!
repetition: 83645
>passed!
repetition: 83646
>passed!
repetition: 83647
>passed!
repetition: 83648
>passed!
repetition: 83649
>passed!
repetition: 83650
>passed!
repetition: 83651
>passed!
repetition: 83652
>passed!
repetition: 83653
>passed!
repetition: 83654
>passed!
repetition: 83655
>passed!
repetition: 83656
>passed!
repetition: 83657
>passed!
repetition: 83658
>passed!
repetition: 83659
>passed!
repetition: 83660
>passed!
repetition: 83661
>passed!
repetition: 83662
>passed!
repetition: 83663
>passed!
repetition: 83664
>passed!
repetition: 83665
>passed!
repetition: 83666
>passed!
repetition: 83667
>passed!
repetition: 83668
>passed!
repetition: 83669
>passed!
repetition: 83670
>passed!
repetition: 83671
>passed!
repetition: 83672
>passed!
repetition: 83673
>passed!
repetition: 83674
>passed!
repetition: 83675
>passed!
repetition: 83676
>passed!
repetition: 83677
>passed!
repetition: 83678
>passed!
repetition: 83679
>passed!
repetition: 83680
>passed!
repetition: 83681
>passed!
repetition: 83682
>passed!
repetition: 83683
>passed!
repetition: 83684
>passed!
repetition: 83685
>passed!
repetition: 83686
>passed!
repetition: 83687
>passed!
repetition: 83688
>passed!
repetition: 83689
>passed!
repetition: 83690
>passed!
repetition: 83691
>passed!
repetition: 83692
>passed!
repetition: 83693
>passed!
repetition: 83694
>passed!
repetition: 83695
>passed!
repetition: 83696
>passed!
repetition: 83697
>passed!
repetition: 83698
>passed!
repetition: 83699
>passed!
repetition: 83700
>passed!
repetition: 83701
>passed!
repetition: 83702
>passed!
repetition: 83703
>passed!
repetition: 83704
>passed!
repetition: 83705
>passed!
repetition: 83706
>passed!
repetition: 83707
>passed!
repetition: 83708
>passed!
repetition: 83709
>passed!
repetition: 83710
>passed!
repetition: 83711
>passed!
repetition: 83712
>passed!
repetition: 83713
>passed!
repetition: 83714
>passed!
repetition: 83715
>passed!
repetition: 83716
>passed!
repetition: 83717
>passed!
repetition: 83718
>passed!
repetition: 83719
>passed!
repetition: 83720
>passed!
repetition: 83721
>passed!
repetition: 83722
>passed!
repetition: 83723
>passed!
repetition: 83724
>passed!
repetition: 83725
>passed!
repetition: 83726
>passed!
repetition: 83727
>passed!
repetition: 83728
>passed!
repetition: 83729
>passed!
repetition: 83730
>passed!
repetition: 83731
>passed!
repetition: 83732
>passed!
repetition: 83733
>passed!
repetition: 83734
>passed!
repetition: 83735
>passed!
repetition: 83736
>passed!
repetition: 83737
>passed!
repetition: 83738
>passed!
repetition: 83739
>passed!
repetition: 83740
>passed!
repetition: 83741
>passed!
repetition: 83742
>passed!
repetition: 83743
>passed!
repetition: 83744
>passed!
repetition: 83745
>passed!
repetition: 83746
>passed!
repetition: 83747
>passed!
repetition: 83748
>passed!
repetition: 83749
>passed!
repetition: 83750
>passed!
repetition: 83751
>passed!
repetition: 83752
>passed!
repetition: 83753
>passed!
repetition: 83754
>passed!
repetition: 83755
>passed!
repetition: 83756
>passed!
repetition: 83757
>passed!
repetition: 83758
>passed!
repetition: 83759
>passed!
repetition: 83760
>passed!
repetition: 83761
>passed!
repetition: 83762
>passed!
repetition: 83763
>passed!
repetition: 83764
>passed!
repetition: 83765
>passed!
repetition: 83766
>passed!
repetition: 83767
>passed!
repetition: 83768
>passed!
repetition: 83769
>passed!
repetition: 83770
>passed!
repetition: 83771
>passed!
repetition: 83772
>passed!
repetition: 83773
>passed!
repetition: 83774
>passed!
repetition: 83775
>passed!
repetition: 83776
>passed!
repetition: 83777
>passed!
repetition: 83778
>passed!
repetition: 83779
>passed!
repetition: 83780
>passed!
repetition: 83781
>passed!
repetition: 83782
>passed!
repetition: 83783
>passed!
repetition: 83784
>passed!
repetition: 83785
>passed!
repetition: 83786
>passed!
repetition: 83787
>passed!
repetition: 83788
>passed!
repetition: 83789
>passed!
repetition: 83790
>passed!
repetition: 83791
>passed!
repetition: 83792
>passed!
repetition: 83793
>passed!
repetition: 83794
>passed!
repetition: 83795
>passed!
repetition: 83796
>passed!
repetition: 83797
>passed!
repetition: 83798
>passed!
repetition: 83799
>passed!
repetition: 83800
>passed!
repetition: 83801
>passed!
repetition: 83802
>passed!
repetition: 83803
>passed!
repetition: 83804
>passed!
repetition: 83805
>passed!
repetition: 83806
>passed!
repetition: 83807
>passed!
repetition: 83808
>passed!
repetition: 83809
>passed!
repetition: 83810
>passed!
repetition: 83811
>passed!
repetition: 83812
>passed!
repetition: 83813
>passed!
repetition: 83814
>passed!
repetition: 83815
>passed!
repetition: 83816
>passed!
repetition: 83817
>passed!
repetition: 83818
>passed!
repetition: 83819
>passed!
repetition: 83820
>passed!
repetition: 83821
>passed!
repetition: 83822
>passed!
repetition: 83823
>passed!
repetition: 83824
>passed!
repetition: 83825
>passed!
repetition: 83826
>passed!
repetition: 83827
>passed!
repetition: 83828
>passed!
repetition: 83829
>passed!
repetition: 83830
>passed!
repetition: 83831
>passed!
repetition: 83832
>passed!
repetition: 83833
>passed!
repetition: 83834
>passed!
repetition: 83835
>passed!
repetition: 83836
>passed!
repetition: 83837
>passed!
repetition: 83838
>passed!
repetition: 83839
>passed!
repetition: 83840
>passed!
repetition: 83841
>passed!
repetition: 83842
>passed!
repetition: 83843
>passed!
repetition: 83844
>passed!
repetition: 83845
>passed!
repetition: 83846
>passed!
repetition: 83847
>passed!
repetition: 83848
>passed!
repetition: 83849
>passed!
repetition: 83850
>passed!
repetition: 83851
>passed!
repetition: 83852
>passed!
repetition: 83853
>passed!
repetition: 83854
>passed!
repetition: 83855
>passed!
repetition: 83856
>passed!
repetition: 83857
>passed!
repetition: 83858
>passed!
repetition: 83859
>passed!
repetition: 83860
>passed!
repetition: 83861
>passed!
repetition: 83862
>passed!
repetition: 83863
>passed!
repetition: 83864
>passed!
repetition: 83865
>passed!
repetition: 83866
>passed!
repetition: 83867
>passed!
repetition: 83868
>passed!
repetition: 83869
>passed!
repetition: 83870
>passed!
repetition: 83871
>passed!
repetition: 83872
>passed!
repetition: 83873
>passed!
repetition: 83874
>passed!
repetition: 83875
>passed!
repetition: 83876
>passed!
repetition: 83877
>passed!
repetition: 83878
>passed!
repetition: 83879
>passed!
repetition: 83880
>passed!
repetition: 83881
>passed!
repetition: 83882
>passed!
repetition: 83883
>passed!
repetition: 83884
>passed!
repetition: 83885
>passed!
repetition: 83886
>passed!
repetition: 83887
>passed!
repetition: 83888
>passed!
repetition: 83889
>passed!
repetition: 83890
>passed!
repetition: 83891
>passed!
repetition: 83892
>passed!
repetition: 83893
>passed!
repetition: 83894
>passed!
repetition: 83895
>passed!
repetition: 83896
>passed!
repetition: 83897
>passed!
repetition: 83898
>passed!
repetition: 83899
>passed!
repetition: 83900
>passed!
repetition: 83901
>passed!
repetition: 83902
>passed!
repetition: 83903
>passed!
repetition: 83904
>passed!
repetition: 83905
>passed!
repetition: 83906
>passed!
repetition: 83907
>passed!
repetition: 83908
>passed!
repetition: 83909
>passed!
repetition: 83910
>passed!
repetition: 83911
>passed!
repetition: 83912
>passed!
repetition: 83913
>passed!
repetition: 83914
>passed!
repetition: 83915
>passed!
repetition: 83916
>passed!
repetition: 83917
>passed!
repetition: 83918
>passed!
repetition: 83919
>passed!
repetition: 83920
>passed!
repetition: 83921
>passed!
repetition: 83922
>passed!
repetition: 83923
>passed!
repetition: 83924
>passed!
repetition: 83925
>passed!
repetition: 83926
>passed!
repetition: 83927
>passed!
repetition: 83928
>passed!
repetition: 83929
>passed!
repetition: 83930
>passed!
repetition: 83931
>passed!
repetition: 83932
>passed!
repetition: 83933
>passed!
repetition: 83934
>passed!
repetition: 83935
>passed!
repetition: 83936
>passed!
repetition: 83937
>passed!
repetition: 83938
>passed!
repetition: 83939
>passed!
repetition: 83940
>passed!
repetition: 83941
>passed!
repetition: 83942
>passed!
repetition: 83943
>passed!
repetition: 83944
>passed!
repetition: 83945
>passed!
repetition: 83946
>passed!
repetition: 83947
>passed!
repetition: 83948
>passed!
repetition: 83949
>passed!
repetition: 83950
>passed!
repetition: 83951
>passed!
repetition: 83952
>passed!
repetition: 83953
>passed!
repetition: 83954
>passed!
repetition: 83955
>passed!
repetition: 83956
>passed!
repetition: 83957
>passed!
repetition: 83958
>passed!
repetition: 83959
>passed!
repetition: 83960
>passed!
repetition: 83961
>passed!
repetition: 83962
>passed!
repetition: 83963
>passed!
repetition: 83964
>passed!
repetition: 83965
>passed!
repetition: 83966
>passed!
repetition: 83967
>passed!
repetition: 83968
>passed!
repetition: 83969
>passed!
repetition: 83970
>passed!
repetition: 83971
>passed!
repetition: 83972
>passed!
repetition: 83973
>passed!
repetition: 83974
>passed!
repetition: 83975
>passed!
repetition: 83976
>passed!
repetition: 83977
>passed!
repetition: 83978
>passed!
repetition: 83979
>passed!
repetition: 83980
>passed!
repetition: 83981
>passed!
repetition: 83982
>passed!
repetition: 83983
>passed!
repetition: 83984
>passed!
repetition: 83985
>passed!
repetition: 83986
>passed!
repetition: 83987
>passed!
repetition: 83988
>passed!
repetition: 83989
>passed!
repetition: 83990
>passed!
repetition: 83991
>passed!
repetition: 83992
>passed!
repetition: 83993
>passed!
repetition: 83994
>passed!
repetition: 83995
>passed!
repetition: 83996
>passed!
repetition: 83997
>passed!
repetition: 83998
>passed!
repetition: 83999
>passed!
repetition: 84000
>passed!
repetition: 84001
>passed!
repetition: 84002
>passed!
repetition: 84003
>passed!
repetition: 84004
>passed!
repetition: 84005
>passed!
repetition: 84006
>passed!
repetition: 84007
>passed!
repetition: 84008
>passed!
repetition: 84009
>passed!
repetition: 84010
>passed!
repetition: 84011
>passed!
repetition: 84012
>passed!
repetition: 84013
>passed!
repetition: 84014
>passed!
repetition: 84015
>passed!
repetition: 84016
>passed!
repetition: 84017
>passed!
repetition: 84018
>passed!
repetition: 84019
>passed!
repetition: 84020
>passed!
repetition: 84021
>passed!
repetition: 84022
>passed!
repetition: 84023
>passed!
repetition: 84024
>passed!
repetition: 84025
>passed!
repetition: 84026
>passed!
repetition: 84027
>passed!
repetition: 84028
>passed!
repetition: 84029
>passed!
repetition: 84030
>passed!
repetition: 84031
>passed!
repetition: 84032
>passed!
repetition: 84033
>passed!
repetition: 84034
>passed!
repetition: 84035
>passed!
repetition: 84036
>passed!
repetition: 84037
>passed!
repetition: 84038
>passed!
repetition: 84039
>passed!
repetition: 84040
>passed!
repetition: 84041
>passed!
repetition: 84042
>passed!
repetition: 84043
>passed!
repetition: 84044
>passed!
repetition: 84045
>passed!
repetition: 84046
>passed!
repetition: 84047
>passed!
repetition: 84048
>passed!
repetition: 84049
>passed!
repetition: 84050
>passed!
repetition: 84051
>passed!
repetition: 84052
>passed!
repetition: 84053
>passed!
repetition: 84054
>passed!
repetition: 84055
>passed!
repetition: 84056
>passed!
repetition: 84057
>passed!
repetition: 84058
>passed!
repetition: 84059
>passed!
repetition: 84060
>passed!
repetition: 84061
>passed!
repetition: 84062
>passed!
repetition: 84063
>passed!
repetition: 84064
>passed!
repetition: 84065
>passed!
repetition: 84066
>passed!
repetition: 84067
>passed!
repetition: 84068
>passed!
repetition: 84069
>passed!
repetition: 84070
>passed!
repetition: 84071
>passed!
repetition: 84072
>passed!
repetition: 84073
>passed!
repetition: 84074
>passed!
repetition: 84075
>passed!
repetition: 84076
>passed!
repetition: 84077
>passed!
repetition: 84078
>passed!
repetition: 84079
>passed!
repetition: 84080
>passed!
repetition: 84081
>passed!
repetition: 84082
>passed!
repetition: 84083
>passed!
repetition: 84084
>passed!
repetition: 84085
>passed!
repetition: 84086
>passed!
repetition: 84087
>passed!
repetition: 84088
>passed!
repetition: 84089
>passed!
repetition: 84090
>passed!
repetition: 84091
>passed!
repetition: 84092
>passed!
repetition: 84093
>passed!
repetition: 84094
>passed!
repetition: 84095
>passed!
repetition: 84096
>passed!
repetition: 84097
>passed!
repetition: 84098
>passed!
repetition: 84099
>passed!
repetition: 84100
>passed!
repetition: 84101
>passed!
repetition: 84102
>passed!
repetition: 84103
>passed!
repetition: 84104
>passed!
repetition: 84105
>passed!
repetition: 84106
>passed!
repetition: 84107
>passed!
repetition: 84108
>passed!
repetition: 84109
>passed!
repetition: 84110
>passed!
repetition: 84111
>passed!
repetition: 84112
>passed!
repetition: 84113
>passed!
repetition: 84114
>passed!
repetition: 84115
>passed!
repetition: 84116
>passed!
repetition: 84117
>passed!
repetition: 84118
>passed!
repetition: 84119
>passed!
repetition: 84120
>passed!
repetition: 84121
>passed!
repetition: 84122
>passed!
repetition: 84123
>passed!
repetition: 84124
>passed!
repetition: 84125
>passed!
repetition: 84126
>passed!
repetition: 84127
>passed!
repetition: 84128
>passed!
repetition: 84129
>passed!
repetition: 84130
>passed!
repetition: 84131
>passed!
repetition: 84132
>passed!
repetition: 84133
>passed!
repetition: 84134
>passed!
repetition: 84135
>passed!
repetition: 84136
>passed!
repetition: 84137
>passed!
repetition: 84138
>passed!
repetition: 84139
>passed!
repetition: 84140
>passed!
repetition: 84141
>passed!
repetition: 84142
>passed!
repetition: 84143
>passed!
repetition: 84144
>passed!
repetition: 84145
>passed!
repetition: 84146
>passed!
repetition: 84147
>passed!
repetition: 84148
>passed!
repetition: 84149
>passed!
repetition: 84150
>passed!
repetition: 84151
>passed!
repetition: 84152
>passed!
repetition: 84153
>passed!
repetition: 84154
>passed!
repetition: 84155
>passed!
repetition: 84156
>passed!
repetition: 84157
>passed!
repetition: 84158
>passed!
repetition: 84159
>passed!
repetition: 84160
>passed!
repetition: 84161
>passed!
repetition: 84162
>passed!
repetition: 84163
>passed!
repetition: 84164
>passed!
repetition: 84165
>passed!
repetition: 84166
>passed!
repetition: 84167
>passed!
repetition: 84168
>passed!
repetition: 84169
>passed!
repetition: 84170
>passed!
repetition: 84171
>passed!
repetition: 84172
>passed!
repetition: 84173
>passed!
repetition: 84174
>passed!
repetition: 84175
>passed!
repetition: 84176
>passed!
repetition: 84177
>passed!
repetition: 84178
>passed!
repetition: 84179
>passed!
repetition: 84180
>passed!
repetition: 84181
>passed!
repetition: 84182
>passed!
repetition: 84183
>passed!
repetition: 84184
>passed!
repetition: 84185
>passed!
repetition: 84186
>passed!
repetition: 84187
>passed!
repetition: 84188
>passed!
repetition: 84189
>passed!
repetition: 84190
>passed!
repetition: 84191
>passed!
repetition: 84192
>passed!
repetition: 84193
>passed!
repetition: 84194
>passed!
repetition: 84195
>passed!
repetition: 84196
>passed!
repetition: 84197
>passed!
repetition: 84198
>passed!
repetition: 84199
>passed!
repetition: 84200
>passed!
repetition: 84201
>passed!
repetition: 84202
>passed!
repetition: 84203
>passed!
repetition: 84204
>passed!
repetition: 84205
>passed!
repetition: 84206
>passed!
repetition: 84207
>passed!
repetition: 84208
>passed!
repetition: 84209
>passed!
repetition: 84210
>passed!
repetition: 84211
>passed!
repetition: 84212
>passed!
repetition: 84213
>passed!
repetition: 84214
>passed!
repetition: 84215
>passed!
repetition: 84216
>passed!
repetition: 84217
>passed!
repetition: 84218
>passed!
repetition: 84219
>passed!
repetition: 84220
>passed!
repetition: 84221
>passed!
repetition: 84222
>passed!
repetition: 84223
>passed!
repetition: 84224
>passed!
repetition: 84225
>passed!
repetition: 84226
>passed!
repetition: 84227
>passed!
repetition: 84228
>passed!
repetition: 84229
>passed!
repetition: 84230
>passed!
repetition: 84231
>passed!
repetition: 84232
>passed!
repetition: 84233
>passed!
repetition: 84234
>passed!
repetition: 84235
>passed!
repetition: 84236
>passed!
repetition: 84237
>passed!
repetition: 84238
>passed!
repetition: 84239
>passed!
repetition: 84240
>passed!
repetition: 84241
>passed!
repetition: 84242
>passed!
repetition: 84243
>passed!
repetition: 84244
>passed!
repetition: 84245
>passed!
repetition: 84246
>passed!
repetition: 84247
>passed!
repetition: 84248
>passed!
repetition: 84249
>passed!
repetition: 84250
>passed!
repetition: 84251
>passed!
repetition: 84252
>passed!
repetition: 84253
>passed!
repetition: 84254
>passed!
repetition: 84255
>passed!
repetition: 84256
>passed!
repetition: 84257
>passed!
repetition: 84258
>passed!
repetition: 84259
>passed!
repetition: 84260
>passed!
repetition: 84261
>passed!
repetition: 84262
>passed!
repetition: 84263
>passed!
repetition: 84264
>passed!
repetition: 84265
>passed!
repetition: 84266
>passed!
repetition: 84267
>passed!
repetition: 84268
>passed!
repetition: 84269
>passed!
repetition: 84270
>passed!
repetition: 84271
>passed!
repetition: 84272
>passed!
repetition: 84273
>passed!
repetition: 84274
>passed!
repetition: 84275
>passed!
repetition: 84276
>passed!
repetition: 84277
>passed!
repetition: 84278
>passed!
repetition: 84279
>passed!
repetition: 84280
>passed!
repetition: 84281
>passed!
repetition: 84282
>passed!
repetition: 84283
>passed!
repetition: 84284
>passed!
repetition: 84285
>passed!
repetition: 84286
>passed!
repetition: 84287
>passed!
repetition: 84288
>passed!
repetition: 84289
>passed!
repetition: 84290
>passed!
repetition: 84291
>passed!
repetition: 84292
>passed!
repetition: 84293
>passed!
repetition: 84294
>passed!
repetition: 84295
>passed!
repetition: 84296
>passed!
repetition: 84297
>passed!
repetition: 84298
>passed!
repetition: 84299
>passed!
repetition: 84300
>passed!
repetition: 84301
>passed!
repetition: 84302
>passed!
repetition: 84303
>passed!
repetition: 84304
>passed!
repetition: 84305
>passed!
repetition: 84306
>passed!
repetition: 84307
>passed!
repetition: 84308
>passed!
repetition: 84309
>passed!
repetition: 84310
>passed!
repetition: 84311
>passed!
repetition: 84312
>passed!
repetition: 84313
>passed!
repetition: 84314
>passed!
repetition: 84315
>passed!
repetition: 84316
>passed!
repetition: 84317
>passed!
repetition: 84318
>passed!
repetition: 84319
>passed!
repetition: 84320
>passed!
repetition: 84321
>passed!
repetition: 84322
>passed!
repetition: 84323
>passed!
repetition: 84324
>passed!
repetition: 84325
>passed!
repetition: 84326
>passed!
repetition: 84327
>passed!
repetition: 84328
>passed!
repetition: 84329
>passed!
repetition: 84330
>passed!
repetition: 84331
>passed!
repetition: 84332
>passed!
repetition: 84333
>passed!
repetition: 84334
>passed!
repetition: 84335
>passed!
repetition: 84336
>passed!
repetition: 84337
>passed!
repetition: 84338
>passed!
repetition: 84339
>passed!
repetition: 84340
>passed!
repetition: 84341
>passed!
repetition: 84342
>passed!
repetition: 84343
>passed!
repetition: 84344
>passed!
repetition: 84345
>passed!
repetition: 84346
>passed!
repetition: 84347
>passed!
repetition: 84348
>passed!
repetition: 84349
>passed!
repetition: 84350
>passed!
repetition: 84351
>passed!
repetition: 84352
>passed!
repetition: 84353
>passed!
repetition: 84354
>passed!
repetition: 84355
>passed!
repetition: 84356
>passed!
repetition: 84357
>passed!
repetition: 84358
>passed!
repetition: 84359
>passed!
repetition: 84360
>passed!
repetition: 84361
>passed!
repetition: 84362
>passed!
repetition: 84363
>passed!
repetition: 84364
>passed!
repetition: 84365
>passed!
repetition: 84366
>passed!
repetition: 84367
>passed!
repetition: 84368
>passed!
repetition: 84369
>passed!
repetition: 84370
>passed!
repetition: 84371
>passed!
repetition: 84372
>passed!
repetition: 84373
>passed!
repetition: 84374
>passed!
repetition: 84375
>passed!
repetition: 84376
>passed!
repetition: 84377
>passed!
repetition: 84378
>passed!
repetition: 84379
>passed!
repetition: 84380
>passed!
repetition: 84381
>passed!
repetition: 84382
>passed!
repetition: 84383
>passed!
repetition: 84384
>passed!
repetition: 84385
>passed!
repetition: 84386
>passed!
repetition: 84387
>passed!
repetition: 84388
>passed!
repetition: 84389
>passed!
repetition: 84390
>passed!
repetition: 84391
>passed!
repetition: 84392
>passed!
repetition: 84393
>passed!
repetition: 84394
>passed!
repetition: 84395
>passed!
repetition: 84396
>passed!
repetition: 84397
>passed!
repetition: 84398
>passed!
repetition: 84399
>passed!
repetition: 84400
>passed!
repetition: 84401
>passed!
repetition: 84402
>passed!
repetition: 84403
>passed!
repetition: 84404
>passed!
repetition: 84405
>passed!
repetition: 84406
>passed!
repetition: 84407
>passed!
repetition: 84408
>passed!
repetition: 84409
>passed!
repetition: 84410
>passed!
repetition: 84411
>passed!
repetition: 84412
>passed!
repetition: 84413
>passed!
repetition: 84414
>passed!
repetition: 84415
>passed!
repetition: 84416
>passed!
repetition: 84417
>passed!
repetition: 84418
>passed!
repetition: 84419
>passed!
repetition: 84420
>passed!
repetition: 84421
>passed!
repetition: 84422
>passed!
repetition: 84423
>passed!
repetition: 84424
>passed!
repetition: 84425
>passed!
repetition: 84426
>passed!
repetition: 84427
>passed!
repetition: 84428
>passed!
repetition: 84429
>passed!
repetition: 84430
>passed!
repetition: 84431
>passed!
repetition: 84432
>passed!
repetition: 84433
>passed!
repetition: 84434
>passed!
repetition: 84435
>passed!
repetition: 84436
>passed!
repetition: 84437
>passed!
repetition: 84438
>passed!
repetition: 84439
>passed!
repetition: 84440
>passed!
repetition: 84441
>passed!
repetition: 84442
>passed!
repetition: 84443
>passed!
repetition: 84444
>passed!
repetition: 84445
>passed!
repetition: 84446
>passed!
repetition: 84447
>passed!
repetition: 84448
>passed!
repetition: 84449
>passed!
repetition: 84450
>passed!
repetition: 84451
>passed!
repetition: 84452
>passed!
repetition: 84453
>passed!
repetition: 84454
>passed!
repetition: 84455
>passed!
repetition: 84456
>passed!
repetition: 84457
>passed!
repetition: 84458
>passed!
repetition: 84459
>passed!
repetition: 84460
>passed!
repetition: 84461
>passed!
repetition: 84462
>passed!
repetition: 84463
>passed!
repetition: 84464
>passed!
repetition: 84465
>passed!
repetition: 84466
>passed!
repetition: 84467
>passed!
repetition: 84468
>passed!
repetition: 84469
>passed!
repetition: 84470
>passed!
repetition: 84471
>passed!
repetition: 84472
>passed!
repetition: 84473
>passed!
repetition: 84474
>passed!
repetition: 84475
>passed!
repetition: 84476
>passed!
repetition: 84477
>passed!
repetition: 84478
>passed!
repetition: 84479
>passed!
repetition: 84480
>passed!
repetition: 84481
>passed!
repetition: 84482
>passed!
repetition: 84483
>passed!
repetition: 84484
>passed!
repetition: 84485
>passed!
repetition: 84486
>passed!
repetition: 84487
>passed!
repetition: 84488
>passed!
repetition: 84489
>passed!
repetition: 84490
>passed!
repetition: 84491
>passed!
repetition: 84492
>passed!
repetition: 84493
>passed!
repetition: 84494
>passed!
repetition: 84495
>passed!
repetition: 84496
>passed!
repetition: 84497
>passed!
repetition: 84498
>passed!
repetition: 84499
>passed!
repetition: 84500
>passed!
repetition: 84501
>passed!
repetition: 84502
>passed!
repetition: 84503
>passed!
repetition: 84504
>passed!
repetition: 84505
>passed!
repetition: 84506
>passed!
repetition: 84507
>passed!
repetition: 84508
>passed!
repetition: 84509
>passed!
repetition: 84510
>passed!
repetition: 84511
>passed!
repetition: 84512
>passed!
repetition: 84513
>passed!
repetition: 84514
>passed!
repetition: 84515
>passed!
repetition: 84516
>passed!
repetition: 84517
>passed!
repetition: 84518
>passed!
repetition: 84519
>passed!
repetition: 84520
>passed!
repetition: 84521
>passed!
repetition: 84522
>passed!
repetition: 84523
>passed!
repetition: 84524
>passed!
repetition: 84525
>passed!
repetition: 84526
>passed!
repetition: 84527
>passed!
repetition: 84528
>passed!
repetition: 84529
>passed!
repetition: 84530
>passed!
repetition: 84531
>passed!
repetition: 84532
>passed!
repetition: 84533
>passed!
repetition: 84534
>passed!
repetition: 84535
>passed!
repetition: 84536
>passed!
repetition: 84537
>passed!
repetition: 84538
>passed!
repetition: 84539
>passed!
repetition: 84540
>passed!
repetition: 84541
>passed!
repetition: 84542
>passed!
repetition: 84543
>passed!
repetition: 84544
>passed!
repetition: 84545
>passed!
repetition: 84546
>passed!
repetition: 84547
>passed!
repetition: 84548
>passed!
repetition: 84549
>passed!
repetition: 84550
>passed!
repetition: 84551
>passed!
repetition: 84552
>passed!
repetition: 84553
>passed!
repetition: 84554
>passed!
repetition: 84555
>passed!
repetition: 84556
>passed!
repetition: 84557
>passed!
repetition: 84558
>passed!
repetition: 84559
>passed!
repetition: 84560
>passed!
repetition: 84561
>passed!
repetition: 84562
>passed!
repetition: 84563
>passed!
repetition: 84564
>passed!
repetition: 84565
>passed!
repetition: 84566
>passed!
repetition: 84567
>passed!
repetition: 84568
>passed!
repetition: 84569
>passed!
repetition: 84570
>passed!
repetition: 84571
>passed!
repetition: 84572
>passed!
repetition: 84573
>passed!
repetition: 84574
>passed!
repetition: 84575
>passed!
repetition: 84576
>passed!
repetition: 84577
>passed!
repetition: 84578
>passed!
repetition: 84579
>passed!
repetition: 84580
>passed!
repetition: 84581
>passed!
repetition: 84582
>passed!
repetition: 84583
>passed!
repetition: 84584
>passed!
repetition: 84585
>passed!
repetition: 84586
>passed!
repetition: 84587
>passed!
repetition: 84588
>passed!
repetition: 84589
>passed!
repetition: 84590
>passed!
repetition: 84591
>passed!
repetition: 84592
>passed!
repetition: 84593
>passed!
repetition: 84594
>passed!
repetition: 84595
>passed!
repetition: 84596
>passed!
repetition: 84597
>passed!
repetition: 84598
>passed!
repetition: 84599
>passed!
repetition: 84600
>passed!
repetition: 84601
>passed!
repetition: 84602
>passed!
repetition: 84603
>passed!
repetition: 84604
>passed!
repetition: 84605
>passed!
repetition: 84606
>passed!
repetition: 84607
>passed!
repetition: 84608
>passed!
repetition: 84609
>passed!
repetition: 84610
>passed!
repetition: 84611
>passed!
repetition: 84612
>passed!
repetition: 84613
>passed!
repetition: 84614
>passed!
repetition: 84615
>passed!
repetition: 84616
>passed!
repetition: 84617
>passed!
repetition: 84618
>passed!
repetition: 84619
>passed!
repetition: 84620
>passed!
repetition: 84621
>passed!
repetition: 84622
>passed!
repetition: 84623
>passed!
repetition: 84624
>passed!
repetition: 84625
>passed!
repetition: 84626
>passed!
repetition: 84627
>passed!
repetition: 84628
>passed!
repetition: 84629
>passed!
repetition: 84630
>passed!
repetition: 84631
>passed!
repetition: 84632
>passed!
repetition: 84633
>passed!
repetition: 84634
>passed!
repetition: 84635
>passed!
repetition: 84636
>passed!
repetition: 84637
>passed!
repetition: 84638
>passed!
repetition: 84639
>passed!
repetition: 84640
>passed!
repetition: 84641
>passed!
repetition: 84642
>passed!
repetition: 84643
>passed!
repetition: 84644
>passed!
repetition: 84645
>passed!
repetition: 84646
>passed!
repetition: 84647
>passed!
repetition: 84648
>passed!
repetition: 84649
>passed!
repetition: 84650
>passed!
repetition: 84651
>passed!
repetition: 84652
>passed!
repetition: 84653
>passed!
repetition: 84654
>passed!
repetition: 84655
>passed!
repetition: 84656
>passed!
repetition: 84657
>passed!
repetition: 84658
>passed!
repetition: 84659
>passed!
repetition: 84660
>passed!
repetition: 84661
>passed!
repetition: 84662
>passed!
repetition: 84663
>passed!
repetition: 84664
>passed!
repetition: 84665
>passed!
repetition: 84666
>passed!
repetition: 84667
>passed!
repetition: 84668
>passed!
repetition: 84669
>passed!
repetition: 84670
>passed!
repetition: 84671
>passed!
repetition: 84672
>passed!
repetition: 84673
>passed!
repetition: 84674
>passed!
repetition: 84675
>passed!
repetition: 84676
>passed!
repetition: 84677
>passed!
repetition: 84678
>passed!
repetition: 84679
>passed!
repetition: 84680
>passed!
repetition: 84681
>passed!
repetition: 84682
>passed!
repetition: 84683
>passed!
repetition: 84684
>passed!
repetition: 84685
>passed!
repetition: 84686
>passed!
repetition: 84687
>passed!
repetition: 84688
>passed!
repetition: 84689
>passed!
repetition: 84690
>passed!
repetition: 84691
>passed!
repetition: 84692
>passed!
repetition: 84693
>passed!
repetition: 84694
>passed!
repetition: 84695
>passed!
repetition: 84696
>passed!
repetition: 84697
>passed!
repetition: 84698
>passed!
repetition: 84699
>passed!
repetition: 84700
>passed!
repetition: 84701
>passed!
repetition: 84702
>passed!
repetition: 84703
>passed!
repetition: 84704
>passed!
repetition: 84705
>passed!
repetition: 84706
>passed!
repetition: 84707
>passed!
repetition: 84708
>passed!
repetition: 84709
>passed!
repetition: 84710
>passed!
repetition: 84711
>passed!
repetition: 84712
>passed!
repetition: 84713
>passed!
repetition: 84714
>passed!
repetition: 84715
>passed!
repetition: 84716
>passed!
repetition: 84717
>passed!
repetition: 84718
>passed!
repetition: 84719
>passed!
repetition: 84720
>passed!
repetition: 84721
>passed!
repetition: 84722
>passed!
repetition: 84723
>passed!
repetition: 84724
>passed!
repetition: 84725
>passed!
repetition: 84726
>passed!
repetition: 84727
>passed!
repetition: 84728
>passed!
repetition: 84729
>passed!
repetition: 84730
>passed!
repetition: 84731
>passed!
repetition: 84732
>passed!
repetition: 84733
>passed!
repetition: 84734
>passed!
repetition: 84735
>passed!
repetition: 84736
>passed!
repetition: 84737
>passed!
repetition: 84738
>passed!
repetition: 84739
>passed!
repetition: 84740
>passed!
repetition: 84741
>passed!
repetition: 84742
>passed!
repetition: 84743
>passed!
repetition: 84744
>passed!
repetition: 84745
>passed!
repetition: 84746
>passed!
repetition: 84747
>passed!
repetition: 84748
>passed!
repetition: 84749
>passed!
repetition: 84750
>passed!
repetition: 84751
>passed!
repetition: 84752
>passed!
repetition: 84753
>passed!
repetition: 84754
>passed!
repetition: 84755
>passed!
repetition: 84756
>passed!
repetition: 84757
>passed!
repetition: 84758
>passed!
repetition: 84759
>passed!
repetition: 84760
>passed!
repetition: 84761
>passed!
repetition: 84762
>passed!
repetition: 84763
>passed!
repetition: 84764
>passed!
repetition: 84765
>passed!
repetition: 84766
>passed!
repetition: 84767
>passed!
repetition: 84768
>passed!
repetition: 84769
>passed!
repetition: 84770
>passed!
repetition: 84771
>passed!
repetition: 84772
>passed!
repetition: 84773
>passed!
repetition: 84774
>passed!
repetition: 84775
>passed!
repetition: 84776
>passed!
repetition: 84777
>passed!
repetition: 84778
>passed!
repetition: 84779
>passed!
repetition: 84780
>passed!
repetition: 84781
>passed!
repetition: 84782
>passed!
repetition: 84783
>passed!
repetition: 84784
>passed!
repetition: 84785
>passed!
repetition: 84786
>passed!
repetition: 84787
>passed!
repetition: 84788
>passed!
repetition: 84789
>passed!
repetition: 84790
>passed!
repetition: 84791
>passed!
repetition: 84792
>passed!
repetition: 84793
>passed!
repetition: 84794
>passed!
repetition: 84795
>passed!
repetition: 84796
>passed!
repetition: 84797
>passed!
repetition: 84798
>passed!
repetition: 84799
>passed!
repetition: 84800
>passed!
repetition: 84801
>passed!
repetition: 84802
>passed!
repetition: 84803
>passed!
repetition: 84804
>passed!
repetition: 84805
>passed!
repetition: 84806
>passed!
repetition: 84807
>passed!
repetition: 84808
>passed!
repetition: 84809
>passed!
repetition: 84810
>passed!
repetition: 84811
>passed!
repetition: 84812
>passed!
repetition: 84813
>passed!
repetition: 84814
>passed!
repetition: 84815
>passed!
repetition: 84816
>passed!
repetition: 84817
>passed!
repetition: 84818
>passed!
repetition: 84819
>passed!
repetition: 84820
>passed!
repetition: 84821
>passed!
repetition: 84822
>passed!
repetition: 84823
>passed!
repetition: 84824
>passed!
repetition: 84825
>passed!
repetition: 84826
>passed!
repetition: 84827
>passed!
repetition: 84828
>passed!
repetition: 84829
>passed!
repetition: 84830
>passed!
repetition: 84831
>passed!
repetition: 84832
>passed!
repetition: 84833
>passed!
repetition: 84834
>passed!
repetition: 84835
>passed!
repetition: 84836
>passed!
repetition: 84837
>passed!
repetition: 84838
>passed!
repetition: 84839
>passed!
repetition: 84840
>passed!
repetition: 84841
>passed!
repetition: 84842
>passed!
repetition: 84843
>passed!
repetition: 84844
>passed!
repetition: 84845
>passed!
repetition: 84846
>passed!
repetition: 84847
>passed!
repetition: 84848
>passed!
repetition: 84849
>passed!
repetition: 84850
>passed!
repetition: 84851
>passed!
repetition: 84852
>passed!
repetition: 84853
>passed!
repetition: 84854
>passed!
repetition: 84855
>passed!
repetition: 84856
>passed!
repetition: 84857
>passed!
repetition: 84858
>passed!
repetition: 84859
>passed!
repetition: 84860
>passed!
repetition: 84861
>passed!
repetition: 84862
>passed!
repetition: 84863
>passed!
repetition: 84864
>passed!
repetition: 84865
>passed!
repetition: 84866
>passed!
repetition: 84867
>passed!
repetition: 84868
>passed!
repetition: 84869
>passed!
repetition: 84870
>passed!
repetition: 84871
>passed!
repetition: 84872
>passed!
repetition: 84873
>passed!
repetition: 84874
>passed!
repetition: 84875
>passed!
repetition: 84876
>passed!
repetition: 84877
>passed!
repetition: 84878
>passed!
repetition: 84879
>passed!
repetition: 84880
>passed!
repetition: 84881
>passed!
repetition: 84882
>passed!
repetition: 84883
>passed!
repetition: 84884
>passed!
repetition: 84885
>passed!
repetition: 84886
>passed!
repetition: 84887
>passed!
repetition: 84888
>passed!
repetition: 84889
>passed!
repetition: 84890
>passed!
repetition: 84891
>passed!
repetition: 84892
>passed!
repetition: 84893
>passed!
repetition: 84894
>passed!
repetition: 84895
>passed!
repetition: 84896
>passed!
repetition: 84897
>passed!
repetition: 84898
>passed!
repetition: 84899
>passed!
repetition: 84900
>passed!
repetition: 84901
>passed!
repetition: 84902
>passed!
repetition: 84903
>passed!
repetition: 84904
>passed!
repetition: 84905
>passed!
repetition: 84906
>passed!
repetition: 84907
>passed!
repetition: 84908
>passed!
repetition: 84909
>passed!
repetition: 84910
>passed!
repetition: 84911
>passed!
repetition: 84912
>passed!
repetition: 84913
>passed!
repetition: 84914
>passed!
repetition: 84915
>passed!
repetition: 84916
>passed!
repetition: 84917
>passed!
repetition: 84918
>passed!
repetition: 84919
>passed!
repetition: 84920
>passed!
repetition: 84921
>passed!
repetition: 84922
>passed!
repetition: 84923
>passed!
repetition: 84924
>passed!
repetition: 84925
>passed!
repetition: 84926
>passed!
repetition: 84927
>passed!
repetition: 84928
>passed!
repetition: 84929
>passed!
repetition: 84930
>passed!
repetition: 84931
>passed!
repetition: 84932
>passed!
repetition: 84933
>passed!
repetition: 84934
>passed!
repetition: 84935
>passed!
repetition: 84936
>passed!
repetition: 84937
>passed!
repetition: 84938
>passed!
repetition: 84939
>passed!
repetition: 84940
>passed!
repetition: 84941
>passed!
repetition: 84942
>passed!
repetition: 84943
>passed!
repetition: 84944
>passed!
repetition: 84945
>passed!
repetition: 84946
>passed!
repetition: 84947
>passed!
repetition: 84948
>passed!
repetition: 84949
>passed!
repetition: 84950
>passed!
repetition: 84951
>passed!
repetition: 84952
>passed!
repetition: 84953
>passed!
repetition: 84954
>passed!
repetition: 84955
>passed!
repetition: 84956
>passed!
repetition: 84957
>passed!
repetition: 84958
>passed!
repetition: 84959
>passed!
repetition: 84960
>passed!
repetition: 84961
>passed!
repetition: 84962
>passed!
repetition: 84963
>passed!
repetition: 84964
>passed!
repetition: 84965
>passed!
repetition: 84966
>passed!
repetition: 84967
>passed!
repetition: 84968
>passed!
repetition: 84969
>passed!
repetition: 84970
>passed!
repetition: 84971
>passed!
repetition: 84972
>passed!
repetition: 84973
>passed!
repetition: 84974
>passed!
repetition: 84975
>passed!
repetition: 84976
>passed!
repetition: 84977
>passed!
repetition: 84978
>passed!
repetition: 84979
>passed!
repetition: 84980
>passed!
repetition: 84981
>passed!
repetition: 84982
>passed!
repetition: 84983
>passed!
repetition: 84984
>passed!
repetition: 84985
>passed!
repetition: 84986
>passed!
repetition: 84987
>passed!
repetition: 84988
>passed!
repetition: 84989
>passed!
repetition: 84990
>passed!
repetition: 84991
>passed!
repetition: 84992
>passed!
repetition: 84993
>passed!
repetition: 84994
>passed!
repetition: 84995
>passed!
repetition: 84996
>passed!
repetition: 84997
>passed!
repetition: 84998
>passed!
repetition: 84999
>passed!
repetition: 85000
>passed!
repetition: 85001
>passed!
repetition: 85002
>passed!
repetition: 85003
>passed!
repetition: 85004
>passed!
repetition: 85005
>passed!
repetition: 85006
>passed!
repetition: 85007
>passed!
repetition: 85008
>passed!
repetition: 85009
>passed!
repetition: 85010
>passed!
repetition: 85011
>passed!
repetition: 85012
>passed!
repetition: 85013
>passed!
repetition: 85014
>passed!
repetition: 85015
>passed!
repetition: 85016
>passed!
repetition: 85017
>passed!
repetition: 85018
>passed!
repetition: 85019
>passed!
repetition: 85020
>passed!
repetition: 85021
>passed!
repetition: 85022
>passed!
repetition: 85023
>passed!
repetition: 85024
>passed!
repetition: 85025
>passed!
repetition: 85026
>passed!
repetition: 85027
>passed!
repetition: 85028
>passed!
repetition: 85029
>passed!
repetition: 85030
>passed!
repetition: 85031
>passed!
repetition: 85032
>passed!
repetition: 85033
>passed!
repetition: 85034
>passed!
repetition: 85035
>passed!
repetition: 85036
>passed!
repetition: 85037
>passed!
repetition: 85038
>passed!
repetition: 85039
>passed!
repetition: 85040
>passed!
repetition: 85041
>passed!
repetition: 85042
>passed!
repetition: 85043
>passed!
repetition: 85044
>passed!
repetition: 85045
>passed!
repetition: 85046
>passed!
repetition: 85047
>passed!
repetition: 85048
>passed!
repetition: 85049
>passed!
repetition: 85050
>passed!
repetition: 85051
>passed!
repetition: 85052
>passed!
repetition: 85053
>passed!
repetition: 85054
>passed!
repetition: 85055
>passed!
repetition: 85056
>passed!
repetition: 85057
>passed!
repetition: 85058
>passed!
repetition: 85059
>passed!
repetition: 85060
>passed!
repetition: 85061
>passed!
repetition: 85062
>passed!
repetition: 85063
>passed!
repetition: 85064
>passed!
repetition: 85065
>passed!
repetition: 85066
>passed!
repetition: 85067
>passed!
repetition: 85068
>passed!
repetition: 85069
>passed!
repetition: 85070
>passed!
repetition: 85071
>passed!
repetition: 85072
>passed!
repetition: 85073
>passed!
repetition: 85074
>passed!
repetition: 85075
>passed!
repetition: 85076
>passed!
repetition: 85077
>passed!
repetition: 85078
>passed!
repetition: 85079
>passed!
repetition: 85080
>passed!
repetition: 85081
>passed!
repetition: 85082
>passed!
repetition: 85083
>passed!
repetition: 85084
>passed!
repetition: 85085
>passed!
repetition: 85086
>passed!
repetition: 85087
>passed!
repetition: 85088
>passed!
repetition: 85089
>passed!
repetition: 85090
>passed!
repetition: 85091
>passed!
repetition: 85092
>passed!
repetition: 85093
>passed!
repetition: 85094
>passed!
repetition: 85095
>passed!
repetition: 85096
>passed!
repetition: 85097
>passed!
repetition: 85098
>passed!
repetition: 85099
>passed!
repetition: 85100
>passed!
repetition: 85101
>passed!
repetition: 85102
>passed!
repetition: 85103
>passed!
repetition: 85104
>passed!
repetition: 85105
>passed!
repetition: 85106
>passed!
repetition: 85107
>passed!
repetition: 85108
>passed!
repetition: 85109
>passed!
repetition: 85110
>passed!
repetition: 85111
>passed!
repetition: 85112
>passed!
repetition: 85113
>passed!
repetition: 85114
>passed!
repetition: 85115
>passed!
repetition: 85116
>passed!
repetition: 85117
>passed!
repetition: 85118
>passed!
repetition: 85119
>passed!
repetition: 85120
>passed!
repetition: 85121
>passed!
repetition: 85122
>passed!
repetition: 85123
>passed!
repetition: 85124
>passed!
repetition: 85125
>passed!
repetition: 85126
>passed!
repetition: 85127
>passed!
repetition: 85128
>passed!
repetition: 85129
>passed!
repetition: 85130
>passed!
repetition: 85131
>passed!
repetition: 85132
>passed!
repetition: 85133
>passed!
repetition: 85134
>passed!
repetition: 85135
>passed!
repetition: 85136
>passed!
repetition: 85137
>passed!
repetition: 85138
>passed!
repetition: 85139
>passed!
repetition: 85140
>passed!
repetition: 85141
>passed!
repetition: 85142
>passed!
repetition: 85143
>passed!
repetition: 85144
>passed!
repetition: 85145
>passed!
repetition: 85146
>passed!
repetition: 85147
>passed!
repetition: 85148
>passed!
repetition: 85149
>passed!
repetition: 85150
>passed!
repetition: 85151
>passed!
repetition: 85152
>passed!
repetition: 85153
>passed!
repetition: 85154
>passed!
repetition: 85155
>passed!
repetition: 85156
>passed!
repetition: 85157
>passed!
repetition: 85158
>passed!
repetition: 85159
>passed!
repetition: 85160
>passed!
repetition: 85161
>passed!
repetition: 85162
>passed!
repetition: 85163
>passed!
repetition: 85164
>passed!
repetition: 85165
>passed!
repetition: 85166
>passed!
repetition: 85167
>passed!
repetition: 85168
>passed!
repetition: 85169
>passed!
repetition: 85170
>passed!
repetition: 85171
>passed!
repetition: 85172
>passed!
repetition: 85173
>passed!
repetition: 85174
>passed!
repetition: 85175
>passed!
repetition: 85176
>passed!
repetition: 85177
>passed!
repetition: 85178
>passed!
repetition: 85179
>passed!
repetition: 85180
>passed!
repetition: 85181
>passed!
repetition: 85182
>passed!
repetition: 85183
>passed!
repetition: 85184
>passed!
repetition: 85185
>passed!
repetition: 85186
>passed!
repetition: 85187
>passed!
repetition: 85188
>passed!
repetition: 85189
>passed!
repetition: 85190
>passed!
repetition: 85191
>passed!
repetition: 85192
>passed!
repetition: 85193
>passed!
repetition: 85194
>passed!
repetition: 85195
>passed!
repetition: 85196
>passed!
repetition: 85197
>passed!
repetition: 85198
>passed!
repetition: 85199
>passed!
repetition: 85200
>passed!
repetition: 85201
>passed!
repetition: 85202
>passed!
repetition: 85203
>passed!
repetition: 85204
>passed!
repetition: 85205
>passed!
repetition: 85206
>passed!
repetition: 85207
>passed!
repetition: 85208
>passed!
repetition: 85209
>passed!
repetition: 85210
>passed!
repetition: 85211
>passed!
repetition: 85212
>passed!
repetition: 85213
>passed!
repetition: 85214
>passed!
repetition: 85215
>passed!
repetition: 85216
>passed!
repetition: 85217
>passed!
repetition: 85218
>passed!
repetition: 85219
>passed!
repetition: 85220
>passed!
repetition: 85221
>passed!
repetition: 85222
>passed!
repetition: 85223
>passed!
repetition: 85224
>passed!
repetition: 85225
>passed!
repetition: 85226
>passed!
repetition: 85227
>passed!
repetition: 85228
>passed!
repetition: 85229
>passed!
repetition: 85230
>passed!
repetition: 85231
>passed!
repetition: 85232
>passed!
repetition: 85233
>passed!
repetition: 85234
>passed!
repetition: 85235
>passed!
repetition: 85236
>passed!
repetition: 85237
>passed!
repetition: 85238
>passed!
repetition: 85239
>passed!
repetition: 85240
>passed!
repetition: 85241
>passed!
repetition: 85242
>passed!
repetition: 85243
>passed!
repetition: 85244
>passed!
repetition: 85245
>passed!
repetition: 85246
>passed!
repetition: 85247
>passed!
repetition: 85248
>passed!
repetition: 85249
>passed!
repetition: 85250
>passed!
repetition: 85251
>passed!
repetition: 85252
>passed!
repetition: 85253
>passed!
repetition: 85254
>passed!
repetition: 85255
>passed!
repetition: 85256
>passed!
repetition: 85257
>passed!
repetition: 85258
>passed!
repetition: 85259
>passed!
repetition: 85260
>passed!
repetition: 85261
>passed!
repetition: 85262
>passed!
repetition: 85263
>passed!
repetition: 85264
>passed!
repetition: 85265
>passed!
repetition: 85266
>passed!
repetition: 85267
>passed!
repetition: 85268
>passed!
repetition: 85269
>passed!
repetition: 85270
>passed!
repetition: 85271
>passed!
repetition: 85272
>passed!
repetition: 85273
>passed!
repetition: 85274
>passed!
repetition: 85275
>passed!
repetition: 85276
>passed!
repetition: 85277
>passed!
repetition: 85278
>passed!
repetition: 85279
>passed!
repetition: 85280
>passed!
repetition: 85281
>passed!
repetition: 85282
>passed!
repetition: 85283
>passed!
repetition: 85284
>passed!
repetition: 85285
>passed!
repetition: 85286
>passed!
repetition: 85287
>passed!
repetition: 85288
>passed!
repetition: 85289
>passed!
repetition: 85290
>passed!
repetition: 85291
>passed!
repetition: 85292
>passed!
repetition: 85293
>passed!
repetition: 85294
>passed!
repetition: 85295
>passed!
repetition: 85296
>passed!
repetition: 85297
>passed!
repetition: 85298
>passed!
repetition: 85299
>passed!
repetition: 85300
>passed!
repetition: 85301
>passed!
repetition: 85302
>passed!
repetition: 85303
>passed!
repetition: 85304
>passed!
repetition: 85305
>passed!
repetition: 85306
>passed!
repetition: 85307
>passed!
repetition: 85308
>passed!
repetition: 85309
>passed!
repetition: 85310
>passed!
repetition: 85311
>passed!
repetition: 85312
>passed!
repetition: 85313
>passed!
repetition: 85314
>passed!
repetition: 85315
>passed!
repetition: 85316
>passed!
repetition: 85317
>passed!
repetition: 85318
>passed!
repetition: 85319
>passed!
repetition: 85320
>passed!
repetition: 85321
>passed!
repetition: 85322
>passed!
repetition: 85323
>passed!
repetition: 85324
>passed!
repetition: 85325
>passed!
repetition: 85326
>passed!
repetition: 85327
>passed!
repetition: 85328
>passed!
repetition: 85329
>passed!
repetition: 85330
>passed!
repetition: 85331
>passed!
repetition: 85332
>passed!
repetition: 85333
>passed!
repetition: 85334
>passed!
repetition: 85335
>passed!
repetition: 85336
>passed!
repetition: 85337
>passed!
repetition: 85338
>passed!
repetition: 85339
>passed!
repetition: 85340
>passed!
repetition: 85341
>passed!
repetition: 85342
>passed!
repetition: 85343
>passed!
repetition: 85344
>passed!
repetition: 85345
>passed!
repetition: 85346
>passed!
repetition: 85347
>passed!
repetition: 85348
>passed!
repetition: 85349
>passed!
repetition: 85350
>passed!
repetition: 85351
>passed!
repetition: 85352
>passed!
repetition: 85353
>passed!
repetition: 85354
>passed!
repetition: 85355
>passed!
repetition: 85356
>passed!
repetition: 85357
>passed!
repetition: 85358
>passed!
repetition: 85359
>passed!
repetition: 85360
>passed!
repetition: 85361
>passed!
repetition: 85362
>passed!
repetition: 85363
>passed!
repetition: 85364
>passed!
repetition: 85365
>passed!
repetition: 85366
>passed!
repetition: 85367
>passed!
repetition: 85368
>passed!
repetition: 85369
>passed!
repetition: 85370
>passed!
repetition: 85371
>passed!
repetition: 85372
>passed!
repetition: 85373
>passed!
repetition: 85374
>passed!
repetition: 85375
>passed!
repetition: 85376
>passed!
repetition: 85377
>passed!
repetition: 85378
>passed!
repetition: 85379
>passed!
repetition: 85380
>passed!
repetition: 85381
>passed!
repetition: 85382
>passed!
repetition: 85383
>passed!
repetition: 85384
>passed!
repetition: 85385
>passed!
repetition: 85386
>passed!
repetition: 85387
>passed!
repetition: 85388
>passed!
repetition: 85389
>passed!
repetition: 85390
>passed!
repetition: 85391
>passed!
repetition: 85392
>passed!
repetition: 85393
>passed!
repetition: 85394
>passed!
repetition: 85395
>passed!
repetition: 85396
>passed!
repetition: 85397
>passed!
repetition: 85398
>passed!
repetition: 85399
>passed!
repetition: 85400
>passed!
repetition: 85401
>passed!
repetition: 85402
>passed!
repetition: 85403
>passed!
repetition: 85404
>passed!
repetition: 85405
>passed!
repetition: 85406
>passed!
repetition: 85407
>passed!
repetition: 85408
>passed!
repetition: 85409
>passed!
repetition: 85410
>passed!
repetition: 85411
>passed!
repetition: 85412
>passed!
repetition: 85413
>passed!
repetition: 85414
>passed!
repetition: 85415
>passed!
repetition: 85416
>passed!
repetition: 85417
>passed!
repetition: 85418
>passed!
repetition: 85419
>passed!
repetition: 85420
>passed!
repetition: 85421
>passed!
repetition: 85422
>passed!
repetition: 85423
>passed!
repetition: 85424
>passed!
repetition: 85425
>passed!
repetition: 85426
>passed!
repetition: 85427
>passed!
repetition: 85428
>passed!
repetition: 85429
>passed!
repetition: 85430
>passed!
repetition: 85431
>passed!
repetition: 85432
>passed!
repetition: 85433
>passed!
repetition: 85434
>passed!
repetition: 85435
>passed!
repetition: 85436
>passed!
repetition: 85437
>passed!
repetition: 85438
>passed!
repetition: 85439
>passed!
repetition: 85440
>passed!
repetition: 85441
>passed!
repetition: 85442
>passed!
repetition: 85443
>passed!
repetition: 85444
>passed!
repetition: 85445
>passed!
repetition: 85446
>passed!
repetition: 85447
>passed!
repetition: 85448
>passed!
repetition: 85449
>passed!
repetition: 85450
>passed!
repetition: 85451
>passed!
repetition: 85452
>passed!
repetition: 85453
>passed!
repetition: 85454
>passed!
repetition: 85455
>passed!
repetition: 85456
>passed!
repetition: 85457
>passed!
repetition: 85458
>passed!
repetition: 85459
>passed!
repetition: 85460
>passed!
repetition: 85461
>passed!
repetition: 85462
>passed!
repetition: 85463
>passed!
repetition: 85464
>passed!
repetition: 85465
>passed!
repetition: 85466
>passed!
repetition: 85467
>passed!
repetition: 85468
>passed!
repetition: 85469
>passed!
repetition: 85470
>passed!
repetition: 85471
>passed!
repetition: 85472
>passed!
repetition: 85473
>passed!
repetition: 85474
>passed!
repetition: 85475
>passed!
repetition: 85476
>passed!
repetition: 85477
>passed!
repetition: 85478
>passed!
repetition: 85479
>passed!
repetition: 85480
>passed!
repetition: 85481
>passed!
repetition: 85482
>passed!
repetition: 85483
>passed!
repetition: 85484
>passed!
repetition: 85485
>passed!
repetition: 85486
>passed!
repetition: 85487
>passed!
repetition: 85488
>passed!
repetition: 85489
>passed!
repetition: 85490
>passed!
repetition: 85491
>passed!
repetition: 85492
>passed!
repetition: 85493
>passed!
repetition: 85494
>passed!
repetition: 85495
>passed!
repetition: 85496
>passed!
repetition: 85497
>passed!
repetition: 85498
>passed!
repetition: 85499
>passed!
repetition: 85500
>passed!
repetition: 85501
>passed!
repetition: 85502
>passed!
repetition: 85503
>passed!
repetition: 85504
>passed!
repetition: 85505
>passed!
repetition: 85506
>passed!
repetition: 85507
>passed!
repetition: 85508
>passed!
repetition: 85509
>passed!
repetition: 85510
>passed!
repetition: 85511
>passed!
repetition: 85512
>passed!
repetition: 85513
>passed!
repetition: 85514
>passed!
repetition: 85515
>passed!
repetition: 85516
>passed!
repetition: 85517
>passed!
repetition: 85518
>passed!
repetition: 85519
>passed!
repetition: 85520
>passed!
repetition: 85521
>passed!
repetition: 85522
>passed!
repetition: 85523
>passed!
repetition: 85524
>passed!
repetition: 85525
>passed!
repetition: 85526
>passed!
repetition: 85527
>passed!
repetition: 85528
>passed!
repetition: 85529
>passed!
repetition: 85530
>passed!
repetition: 85531
>passed!
repetition: 85532
>passed!
repetition: 85533
>passed!
repetition: 85534
>passed!
repetition: 85535
>passed!
repetition: 85536
>passed!
repetition: 85537
>passed!
repetition: 85538
>passed!
repetition: 85539
>passed!
repetition: 85540
>passed!
repetition: 85541
>passed!
repetition: 85542
>passed!
repetition: 85543
>passed!
repetition: 85544
>passed!
repetition: 85545
>passed!
repetition: 85546
>passed!
repetition: 85547
>passed!
repetition: 85548
>passed!
repetition: 85549
>passed!
repetition: 85550
>passed!
repetition: 85551
>passed!
repetition: 85552
>passed!
repetition: 85553
>passed!
repetition: 85554
>passed!
repetition: 85555
>passed!
repetition: 85556
>passed!
repetition: 85557
>passed!
repetition: 85558
>passed!
repetition: 85559
>passed!
repetition: 85560
>passed!
repetition: 85561
>passed!
repetition: 85562
>passed!
repetition: 85563
>passed!
repetition: 85564
>passed!
repetition: 85565
>passed!
repetition: 85566
>passed!
repetition: 85567
>passed!
repetition: 85568
>passed!
repetition: 85569
>passed!
repetition: 85570
>passed!
repetition: 85571
>passed!
repetition: 85572
>passed!
repetition: 85573
>passed!
repetition: 85574
>passed!
repetition: 85575
>passed!
repetition: 85576
>passed!
repetition: 85577
>passed!
repetition: 85578
>passed!
repetition: 85579
>passed!
repetition: 85580
>passed!
repetition: 85581
>passed!
repetition: 85582
>passed!
repetition: 85583
>passed!
repetition: 85584
>passed!
repetition: 85585
>passed!
repetition: 85586
>passed!
repetition: 85587
>passed!
repetition: 85588
>passed!
repetition: 85589
>passed!
repetition: 85590
>passed!
repetition: 85591
>passed!
repetition: 85592
>passed!
repetition: 85593
>passed!
repetition: 85594
>passed!
repetition: 85595
>passed!
repetition: 85596
>passed!
repetition: 85597
>passed!
repetition: 85598
>passed!
repetition: 85599
>passed!
repetition: 85600
>passed!
repetition: 85601
>passed!
repetition: 85602
>passed!
repetition: 85603
>passed!
repetition: 85604
>passed!
repetition: 85605
>passed!
repetition: 85606
>passed!
repetition: 85607
>passed!
repetition: 85608
>passed!
repetition: 85609
>passed!
repetition: 85610
>passed!
repetition: 85611
>passed!
repetition: 85612
>passed!
repetition: 85613
>passed!
repetition: 85614
>passed!
repetition: 85615
>passed!
repetition: 85616
>passed!
repetition: 85617
>passed!
repetition: 85618
>passed!
repetition: 85619
>passed!
repetition: 85620
>passed!
repetition: 85621
>passed!
repetition: 85622
>passed!
repetition: 85623
>passed!
repetition: 85624
>passed!
repetition: 85625
>passed!
repetition: 85626
>passed!
repetition: 85627
>passed!
repetition: 85628
>passed!
repetition: 85629
>passed!
repetition: 85630
>passed!
repetition: 85631
>passed!
repetition: 85632
>passed!
repetition: 85633
>passed!
repetition: 85634
>passed!
repetition: 85635
>passed!
repetition: 85636
>passed!
repetition: 85637
>passed!
repetition: 85638
>passed!
repetition: 85639
>passed!
repetition: 85640
>passed!
repetition: 85641
>passed!
repetition: 85642
>passed!
repetition: 85643
>passed!
repetition: 85644
>passed!
repetition: 85645
>passed!
repetition: 85646
>passed!
repetition: 85647
>passed!
repetition: 85648
>passed!
repetition: 85649
>passed!
repetition: 85650
>passed!
repetition: 85651
>passed!
repetition: 85652
>passed!
repetition: 85653
>passed!
repetition: 85654
>passed!
repetition: 85655
>passed!
repetition: 85656
>passed!
repetition: 85657
>passed!
repetition: 85658
>passed!
repetition: 85659
>passed!
repetition: 85660
>passed!
repetition: 85661
>passed!
repetition: 85662
>passed!
repetition: 85663
>passed!
repetition: 85664
>passed!
repetition: 85665
>passed!
repetition: 85666
>passed!
repetition: 85667
>passed!
repetition: 85668
>passed!
repetition: 85669
>passed!
repetition: 85670
>passed!
repetition: 85671
>passed!
repetition: 85672
>passed!
repetition: 85673
>passed!
repetition: 85674
>passed!
repetition: 85675
>passed!
repetition: 85676
>passed!
repetition: 85677
>passed!
repetition: 85678
>passed!
repetition: 85679
>passed!
repetition: 85680
>passed!
repetition: 85681
>passed!
repetition: 85682
>passed!
repetition: 85683
>passed!
repetition: 85684
>passed!
repetition: 85685
>passed!
repetition: 85686
>passed!
repetition: 85687
>passed!
repetition: 85688
>passed!
repetition: 85689
>passed!
repetition: 85690
>passed!
repetition: 85691
>passed!
repetition: 85692
>passed!
repetition: 85693
>passed!
repetition: 85694
>passed!
repetition: 85695
>passed!
repetition: 85696
>passed!
repetition: 85697
>passed!
repetition: 85698
>passed!
repetition: 85699
>passed!
repetition: 85700
>passed!
repetition: 85701
>passed!
repetition: 85702
>passed!
repetition: 85703
>passed!
repetition: 85704
>passed!
repetition: 85705
>passed!
repetition: 85706
>passed!
repetition: 85707
>passed!
repetition: 85708
>passed!
repetition: 85709
>passed!
repetition: 85710
>passed!
repetition: 85711
>passed!
repetition: 85712
>passed!
repetition: 85713
>passed!
repetition: 85714
>passed!
repetition: 85715
>passed!
repetition: 85716
>passed!
repetition: 85717
>passed!
repetition: 85718
>passed!
repetition: 85719
>passed!
repetition: 85720
>passed!
repetition: 85721
>passed!
repetition: 85722
>passed!
repetition: 85723
>passed!
repetition: 85724
>passed!
repetition: 85725
>passed!
repetition: 85726
>passed!
repetition: 85727
>passed!
repetition: 85728
>passed!
repetition: 85729
>passed!
repetition: 85730
>passed!
repetition: 85731
>passed!
repetition: 85732
>passed!
repetition: 85733
>passed!
repetition: 85734
>passed!
repetition: 85735
>passed!
repetition: 85736
>passed!
repetition: 85737
>passed!
repetition: 85738
>passed!
repetition: 85739
>passed!
repetition: 85740
>passed!
repetition: 85741
>passed!
repetition: 85742
>passed!
repetition: 85743
>passed!
repetition: 85744
>passed!
repetition: 85745
>passed!
repetition: 85746
>passed!
repetition: 85747
>passed!
repetition: 85748
>passed!
repetition: 85749
>passed!
repetition: 85750
>passed!
repetition: 85751
>passed!
repetition: 85752
>passed!
repetition: 85753
>passed!
repetition: 85754
>passed!
repetition: 85755
>passed!
repetition: 85756
>passed!
repetition: 85757
>passed!
repetition: 85758
>passed!
repetition: 85759
>passed!
repetition: 85760
>passed!
repetition: 85761
>passed!
repetition: 85762
>passed!
repetition: 85763
>passed!
repetition: 85764
>passed!
repetition: 85765
>passed!
repetition: 85766
>passed!
repetition: 85767
>passed!
repetition: 85768
>passed!
repetition: 85769
>passed!
repetition: 85770
>passed!
repetition: 85771
>passed!
repetition: 85772
>passed!
repetition: 85773
>passed!
repetition: 85774
>passed!
repetition: 85775
>passed!
repetition: 85776
>passed!
repetition: 85777
>passed!
repetition: 85778
>passed!
repetition: 85779
>passed!
repetition: 85780
>passed!
repetition: 85781
>passed!
repetition: 85782
>passed!
repetition: 85783
>passed!
repetition: 85784
>passed!
repetition: 85785
>passed!
repetition: 85786
>passed!
repetition: 85787
>passed!
repetition: 85788
>passed!
repetition: 85789
>passed!
repetition: 85790
>passed!
repetition: 85791
>passed!
repetition: 85792
>passed!
repetition: 85793
>passed!
repetition: 85794
>passed!
repetition: 85795
>passed!
repetition: 85796
>passed!
repetition: 85797
>passed!
repetition: 85798
>passed!
repetition: 85799
>passed!
repetition: 85800
>passed!
repetition: 85801
>passed!
repetition: 85802
>passed!
repetition: 85803
>passed!
repetition: 85804
>passed!
repetition: 85805
>passed!
repetition: 85806
>passed!
repetition: 85807
>passed!
repetition: 85808
>passed!
repetition: 85809
>passed!
repetition: 85810
>passed!
repetition: 85811
>passed!
repetition: 85812
>passed!
repetition: 85813
>passed!
repetition: 85814
>passed!
repetition: 85815
>passed!
repetition: 85816
>passed!
repetition: 85817
>passed!
repetition: 85818
>passed!
repetition: 85819
>passed!
repetition: 85820
>passed!
repetition: 85821
>passed!
repetition: 85822
>passed!
repetition: 85823
>passed!
repetition: 85824
>passed!
repetition: 85825
>passed!
repetition: 85826
>passed!
repetition: 85827
>passed!
repetition: 85828
>passed!
repetition: 85829
>passed!
repetition: 85830
>passed!
repetition: 85831
>passed!
repetition: 85832
>passed!
repetition: 85833
>passed!
repetition: 85834
>passed!
repetition: 85835
>passed!
repetition: 85836
>passed!
repetition: 85837
>passed!
repetition: 85838
>passed!
repetition: 85839
>passed!
repetition: 85840
>passed!
repetition: 85841
>passed!
repetition: 85842
>passed!
repetition: 85843
>passed!
repetition: 85844
>passed!
repetition: 85845
>passed!
repetition: 85846
>passed!
repetition: 85847
>passed!
repetition: 85848
>passed!
repetition: 85849
>passed!
repetition: 85850
>passed!
repetition: 85851
>passed!
repetition: 85852
>passed!
repetition: 85853
>passed!
repetition: 85854
>passed!
repetition: 85855
>passed!
repetition: 85856
>passed!
repetition: 85857
>passed!
repetition: 85858
>passed!
repetition: 85859
>passed!
repetition: 85860
>passed!
repetition: 85861
>passed!
repetition: 85862
>passed!
repetition: 85863
>passed!
repetition: 85864
>passed!
repetition: 85865
>passed!
repetition: 85866
>passed!
repetition: 85867
>passed!
repetition: 85868
>passed!
repetition: 85869
>passed!
repetition: 85870
>passed!
repetition: 85871
>passed!
repetition: 85872
>passed!
repetition: 85873
>passed!
repetition: 85874
>passed!
repetition: 85875
>passed!
repetition: 85876
>passed!
repetition: 85877
>passed!
repetition: 85878
>passed!
repetition: 85879
>passed!
repetition: 85880
>passed!
repetition: 85881
>passed!
repetition: 85882
>passed!
repetition: 85883
>passed!
repetition: 85884
>passed!
repetition: 85885
>passed!
repetition: 85886
>passed!
repetition: 85887
>passed!
repetition: 85888
>passed!
repetition: 85889
>passed!
repetition: 85890
>passed!
repetition: 85891
>passed!
repetition: 85892
>passed!
repetition: 85893
>passed!
repetition: 85894
>passed!
repetition: 85895
>passed!
repetition: 85896
>passed!
repetition: 85897
>passed!
repetition: 85898
>passed!
repetition: 85899
>passed!
repetition: 85900
>passed!
repetition: 85901
>passed!
repetition: 85902
>passed!
repetition: 85903
>passed!
repetition: 85904
>passed!
repetition: 85905
>passed!
repetition: 85906
>passed!
repetition: 85907
>passed!
repetition: 85908
>passed!
repetition: 85909
>passed!
repetition: 85910
>passed!
repetition: 85911
>passed!
repetition: 85912
>passed!
repetition: 85913
>passed!
repetition: 85914
>passed!
repetition: 85915
>passed!
repetition: 85916
>passed!
repetition: 85917
>passed!
repetition: 85918
>passed!
repetition: 85919
>passed!
repetition: 85920
>passed!
repetition: 85921
>passed!
repetition: 85922
>passed!
repetition: 85923
>passed!
repetition: 85924
>passed!
repetition: 85925
>passed!
repetition: 85926
>passed!
repetition: 85927
>passed!
repetition: 85928
>passed!
repetition: 85929
>passed!
repetition: 85930
>passed!
repetition: 85931
>passed!
repetition: 85932
>passed!
repetition: 85933
>passed!
repetition: 85934
>passed!
repetition: 85935
>passed!
repetition: 85936
>passed!
repetition: 85937
>passed!
repetition: 85938
>passed!
repetition: 85939
>passed!
repetition: 85940
>passed!
repetition: 85941
>passed!
repetition: 85942
>passed!
repetition: 85943
>passed!
repetition: 85944
>passed!
repetition: 85945
>passed!
repetition: 85946
>passed!
repetition: 85947
>passed!
repetition: 85948
>passed!
repetition: 85949
>passed!
repetition: 85950
>passed!
repetition: 85951
>passed!
repetition: 85952
>passed!
repetition: 85953
>passed!
repetition: 85954
>passed!
repetition: 85955
>passed!
repetition: 85956
>passed!
repetition: 85957
>passed!
repetition: 85958
>passed!
repetition: 85959
>passed!
repetition: 85960
>passed!
repetition: 85961
>passed!
repetition: 85962
>passed!
repetition: 85963
>passed!
repetition: 85964
>passed!
repetition: 85965
>passed!
repetition: 85966
>passed!
repetition: 85967
>passed!
repetition: 85968
>passed!
repetition: 85969
>passed!
repetition: 85970
>passed!
repetition: 85971
>passed!
repetition: 85972
>passed!
repetition: 85973
>passed!
repetition: 85974
>passed!
repetition: 85975
>passed!
repetition: 85976
>passed!
repetition: 85977
>passed!
repetition: 85978
>passed!
repetition: 85979
>passed!
repetition: 85980
>passed!
repetition: 85981
>passed!
repetition: 85982
>passed!
repetition: 85983
>passed!
repetition: 85984
>passed!
repetition: 85985
>passed!
repetition: 85986
>passed!
repetition: 85987
>passed!
repetition: 85988
>passed!
repetition: 85989
>passed!
repetition: 85990
>passed!
repetition: 85991
>passed!
repetition: 85992
>passed!
repetition: 85993
>passed!
repetition: 85994
>passed!
repetition: 85995
>passed!
repetition: 85996
>passed!
repetition: 85997
>passed!
repetition: 85998
>passed!
repetition: 85999
>passed!
repetition: 86000
>passed!
repetition: 86001
>passed!
repetition: 86002
>passed!
repetition: 86003
>passed!
repetition: 86004
>passed!
repetition: 86005
>passed!
repetition: 86006
>passed!
repetition: 86007
>passed!
repetition: 86008
>passed!
repetition: 86009
>passed!
repetition: 86010
>passed!
repetition: 86011
>passed!
repetition: 86012
>passed!
repetition: 86013
>passed!
repetition: 86014
>passed!
repetition: 86015
>passed!
repetition: 86016
>passed!
repetition: 86017
>passed!
repetition: 86018
>passed!
repetition: 86019
>passed!
repetition: 86020
>passed!
repetition: 86021
>passed!
repetition: 86022
>passed!
repetition: 86023
>passed!
repetition: 86024
>passed!
repetition: 86025
>passed!
repetition: 86026
>passed!
repetition: 86027
>passed!
repetition: 86028
>passed!
repetition: 86029
>passed!
repetition: 86030
>passed!
repetition: 86031
>passed!
repetition: 86032
>passed!
repetition: 86033
>passed!
repetition: 86034
>passed!
repetition: 86035
>passed!
repetition: 86036
>passed!
repetition: 86037
>passed!
repetition: 86038
>passed!
repetition: 86039
>passed!
repetition: 86040
>passed!
repetition: 86041
>passed!
repetition: 86042
>passed!
repetition: 86043
>passed!
repetition: 86044
>passed!
repetition: 86045
>passed!
repetition: 86046
>passed!
repetition: 86047
>passed!
repetition: 86048
>passed!
repetition: 86049
>passed!
repetition: 86050
>passed!
repetition: 86051
>passed!
repetition: 86052
>passed!
repetition: 86053
>passed!
repetition: 86054
>passed!
repetition: 86055
>passed!
repetition: 86056
>passed!
repetition: 86057
>passed!
repetition: 86058
>passed!
repetition: 86059
>passed!
repetition: 86060
>passed!
repetition: 86061
>passed!
repetition: 86062
>passed!
repetition: 86063
>passed!
repetition: 86064
>passed!
repetition: 86065
>passed!
repetition: 86066
>passed!
repetition: 86067
>passed!
repetition: 86068
>passed!
repetition: 86069
>passed!
repetition: 86070
>passed!
repetition: 86071
>passed!
repetition: 86072
>passed!
repetition: 86073
>passed!
repetition: 86074
>passed!
repetition: 86075
>passed!
repetition: 86076
>passed!
repetition: 86077
>passed!
repetition: 86078
>passed!
repetition: 86079
>passed!
repetition: 86080
>passed!
repetition: 86081
>passed!
repetition: 86082
>passed!
repetition: 86083
>passed!
repetition: 86084
>passed!
repetition: 86085
>passed!
repetition: 86086
>passed!
repetition: 86087
>passed!
repetition: 86088
>passed!
repetition: 86089
>passed!
repetition: 86090
>passed!
repetition: 86091
>passed!
repetition: 86092
>passed!
repetition: 86093
>passed!
repetition: 86094
>passed!
repetition: 86095
>passed!
repetition: 86096
>passed!
repetition: 86097
>passed!
repetition: 86098
>passed!
repetition: 86099
>passed!
repetition: 86100
>passed!
repetition: 86101
>passed!
repetition: 86102
>passed!
repetition: 86103
>passed!
repetition: 86104
>passed!
repetition: 86105
>passed!
repetition: 86106
>passed!
repetition: 86107
>passed!
repetition: 86108
>passed!
repetition: 86109
>passed!
repetition: 86110
>passed!
repetition: 86111
>passed!
repetition: 86112
>passed!
repetition: 86113
>passed!
repetition: 86114
>passed!
repetition: 86115
>passed!
repetition: 86116
>passed!
repetition: 86117
>passed!
repetition: 86118
>passed!
repetition: 86119
>passed!
repetition: 86120
>passed!
repetition: 86121
>passed!
repetition: 86122
>passed!
repetition: 86123
>passed!
repetition: 86124
>passed!
repetition: 86125
>passed!
repetition: 86126
>passed!
repetition: 86127
>passed!
repetition: 86128
>passed!
repetition: 86129
>passed!
repetition: 86130
>passed!
repetition: 86131
>passed!
repetition: 86132
>passed!
repetition: 86133
>passed!
repetition: 86134
>passed!
repetition: 86135
>passed!
repetition: 86136
>passed!
repetition: 86137
>passed!
repetition: 86138
>passed!
repetition: 86139
>passed!
repetition: 86140
>passed!
repetition: 86141
>passed!
repetition: 86142
>passed!
repetition: 86143
>passed!
repetition: 86144
>passed!
repetition: 86145
>passed!
repetition: 86146
>passed!
repetition: 86147
>passed!
repetition: 86148
>passed!
repetition: 86149
>passed!
repetition: 86150
>passed!
repetition: 86151
>passed!
repetition: 86152
>passed!
repetition: 86153
>passed!
repetition: 86154
>passed!
repetition: 86155
>passed!
repetition: 86156
>passed!
repetition: 86157
>passed!
repetition: 86158
>passed!
repetition: 86159
>passed!
repetition: 86160
>passed!
repetition: 86161
>passed!
repetition: 86162
>passed!
repetition: 86163
>passed!
repetition: 86164
>passed!
repetition: 86165
>passed!
repetition: 86166
>passed!
repetition: 86167
>passed!
repetition: 86168
>passed!
repetition: 86169
>passed!
repetition: 86170
>passed!
repetition: 86171
>passed!
repetition: 86172
>passed!
repetition: 86173
>passed!
repetition: 86174
>passed!
repetition: 86175
>passed!
repetition: 86176
>passed!
repetition: 86177
>passed!
repetition: 86178
>passed!
repetition: 86179
>passed!
repetition: 86180
>passed!
repetition: 86181
>passed!
repetition: 86182
>passed!
repetition: 86183
>passed!
repetition: 86184
>passed!
repetition: 86185
>passed!
repetition: 86186
>passed!
repetition: 86187
>passed!
repetition: 86188
>passed!
repetition: 86189
>passed!
repetition: 86190
>passed!
repetition: 86191
>passed!
repetition: 86192
>passed!
repetition: 86193
>passed!
repetition: 86194
>passed!
repetition: 86195
>passed!
repetition: 86196
>passed!
repetition: 86197
>passed!
repetition: 86198
>passed!
repetition: 86199
>passed!
repetition: 86200
>passed!
repetition: 86201
>passed!
repetition: 86202
>passed!
repetition: 86203
>passed!
repetition: 86204
>passed!
repetition: 86205
>passed!
repetition: 86206
>passed!
repetition: 86207
>passed!
repetition: 86208
>passed!
repetition: 86209
>passed!
repetition: 86210
>passed!
repetition: 86211
>passed!
repetition: 86212
>passed!
repetition: 86213
>passed!
repetition: 86214
>passed!
repetition: 86215
>passed!
repetition: 86216
>passed!
repetition: 86217
>passed!
repetition: 86218
>passed!
repetition: 86219
>passed!
repetition: 86220
>passed!
repetition: 86221
>passed!
repetition: 86222
>passed!
repetition: 86223
>passed!
repetition: 86224
>passed!
repetition: 86225
>passed!
repetition: 86226
>passed!
repetition: 86227
>passed!
repetition: 86228
>passed!
repetition: 86229
>passed!
repetition: 86230
>passed!
repetition: 86231
>passed!
repetition: 86232
>passed!
repetition: 86233
>passed!
repetition: 86234
>passed!
repetition: 86235
>passed!
repetition: 86236
>passed!
repetition: 86237
>passed!
repetition: 86238
>passed!
repetition: 86239
>passed!
repetition: 86240
>passed!
repetition: 86241
>passed!
repetition: 86242
>passed!
repetition: 86243
>passed!
repetition: 86244
>passed!
repetition: 86245
>passed!
repetition: 86246
>passed!
repetition: 86247
>passed!
repetition: 86248
>passed!
repetition: 86249
>passed!
repetition: 86250
>passed!
repetition: 86251
>passed!
repetition: 86252
>passed!
repetition: 86253
>passed!
repetition: 86254
>passed!
repetition: 86255
>passed!
repetition: 86256
>passed!
repetition: 86257
>passed!
repetition: 86258
>passed!
repetition: 86259
>passed!
repetition: 86260
>passed!
repetition: 86261
>passed!
repetition: 86262
>passed!
repetition: 86263
>passed!
repetition: 86264
>passed!
repetition: 86265
>passed!
repetition: 86266
>passed!
repetition: 86267
>passed!
repetition: 86268
>passed!
repetition: 86269
>passed!
repetition: 86270
>passed!
repetition: 86271
>passed!
repetition: 86272
>passed!
repetition: 86273
>passed!
repetition: 86274
>passed!
repetition: 86275
>passed!
repetition: 86276
>passed!
repetition: 86277
>passed!
repetition: 86278
>passed!
repetition: 86279
>passed!
repetition: 86280
>passed!
repetition: 86281
>passed!
repetition: 86282
>passed!
repetition: 86283
>passed!
repetition: 86284
>passed!
repetition: 86285
>passed!
repetition: 86286
>passed!
repetition: 86287
>passed!
repetition: 86288
>passed!
repetition: 86289
>passed!
repetition: 86290
>passed!
repetition: 86291
>passed!
repetition: 86292
>passed!
repetition: 86293
>passed!
repetition: 86294
>passed!
repetition: 86295
>passed!
repetition: 86296
>passed!
repetition: 86297
>passed!
repetition: 86298
>passed!
repetition: 86299
>passed!
repetition: 86300
>passed!
repetition: 86301
>passed!
repetition: 86302
>passed!
repetition: 86303
>passed!
repetition: 86304
>passed!
repetition: 86305
>passed!
repetition: 86306
>passed!
repetition: 86307
>passed!
repetition: 86308
>passed!
repetition: 86309
>passed!
repetition: 86310
>passed!
repetition: 86311
>passed!
repetition: 86312
>passed!
repetition: 86313
>passed!
repetition: 86314
>passed!
repetition: 86315
>passed!
repetition: 86316
>passed!
repetition: 86317
>passed!
repetition: 86318
>passed!
repetition: 86319
>passed!
repetition: 86320
>passed!
repetition: 86321
>passed!
repetition: 86322
>passed!
repetition: 86323
>passed!
repetition: 86324
>passed!
repetition: 86325
>passed!
repetition: 86326
>passed!
repetition: 86327
>passed!
repetition: 86328
>passed!
repetition: 86329
>passed!
repetition: 86330
>passed!
repetition: 86331
>passed!
repetition: 86332
>passed!
repetition: 86333
>passed!
repetition: 86334
>passed!
repetition: 86335
>passed!
repetition: 86336
>passed!
repetition: 86337
>passed!
repetition: 86338
>passed!
repetition: 86339
>passed!
repetition: 86340
>passed!
repetition: 86341
>passed!
repetition: 86342
>passed!
repetition: 86343
>passed!
repetition: 86344
>passed!
repetition: 86345
>passed!
repetition: 86346
>passed!
repetition: 86347
>passed!
repetition: 86348
>passed!
repetition: 86349
>passed!
repetition: 86350
>passed!
repetition: 86351
>passed!
repetition: 86352
>passed!
repetition: 86353
>passed!
repetition: 86354
>passed!
repetition: 86355
>passed!
repetition: 86356
>passed!
repetition: 86357
>passed!
repetition: 86358
>passed!
repetition: 86359
>passed!
repetition: 86360
>passed!
repetition: 86361
>passed!
repetition: 86362
>passed!
repetition: 86363
>passed!
repetition: 86364
>passed!
repetition: 86365
>passed!
repetition: 86366
>passed!
repetition: 86367
>passed!
repetition: 86368
>passed!
repetition: 86369
>passed!
repetition: 86370
>passed!
repetition: 86371
>passed!
repetition: 86372
>passed!
repetition: 86373
>passed!
repetition: 86374
>passed!
repetition: 86375
>passed!
repetition: 86376
>passed!
repetition: 86377
>passed!
repetition: 86378
>passed!
repetition: 86379
>passed!
repetition: 86380
>passed!
repetition: 86381
>passed!
repetition: 86382
>passed!
repetition: 86383
>passed!
repetition: 86384
>passed!
repetition: 86385
>passed!
repetition: 86386
>passed!
repetition: 86387
>passed!
repetition: 86388
>passed!
repetition: 86389
>passed!
repetition: 86390
>passed!
repetition: 86391
>passed!
repetition: 86392
>passed!
repetition: 86393
>passed!
repetition: 86394
>passed!
repetition: 86395
>passed!
repetition: 86396
>passed!
repetition: 86397
>passed!
repetition: 86398
>passed!
repetition: 86399
>passed!
repetition: 86400
>passed!
repetition: 86401
>passed!
repetition: 86402
>passed!
repetition: 86403
>passed!
repetition: 86404
>passed!
repetition: 86405
>passed!
repetition: 86406
>passed!
repetition: 86407
>passed!
repetition: 86408
>passed!
repetition: 86409
>passed!
repetition: 86410
>passed!
repetition: 86411
>passed!
repetition: 86412
>passed!
repetition: 86413
>passed!
repetition: 86414
>passed!
repetition: 86415
>passed!
repetition: 86416
>passed!
repetition: 86417
>passed!
repetition: 86418
>passed!
repetition: 86419
>passed!
repetition: 86420
>passed!
repetition: 86421
>passed!
repetition: 86422
>passed!
repetition: 86423
>passed!
repetition: 86424
>passed!
repetition: 86425
>passed!
repetition: 86426
>passed!
repetition: 86427
>passed!
repetition: 86428
>passed!
repetition: 86429
>passed!
repetition: 86430
>passed!
repetition: 86431
>passed!
repetition: 86432
>passed!
repetition: 86433
>passed!
repetition: 86434
>passed!
repetition: 86435
>passed!
repetition: 86436
>passed!
repetition: 86437
>passed!
repetition: 86438
>passed!
repetition: 86439
>passed!
repetition: 86440
>passed!
repetition: 86441
>passed!
repetition: 86442
>passed!
repetition: 86443
>passed!
repetition: 86444
>passed!
repetition: 86445
>passed!
repetition: 86446
>passed!
repetition: 86447
>passed!
repetition: 86448
>passed!
repetition: 86449
>passed!
repetition: 86450
>passed!
repetition: 86451
>passed!
repetition: 86452
>passed!
repetition: 86453
>passed!
repetition: 86454
>passed!
repetition: 86455
>passed!
repetition: 86456
>passed!
repetition: 86457
>passed!
repetition: 86458
>passed!
repetition: 86459
>passed!
repetition: 86460
>passed!
repetition: 86461
>passed!
repetition: 86462
>passed!
repetition: 86463
>passed!
repetition: 86464
>passed!
repetition: 86465
>passed!
repetition: 86466
>passed!
repetition: 86467
>passed!
repetition: 86468
>passed!
repetition: 86469
>passed!
repetition: 86470
>passed!
repetition: 86471
>passed!
repetition: 86472
>passed!
repetition: 86473
>passed!
repetition: 86474
>passed!
repetition: 86475
>passed!
repetition: 86476
>passed!
repetition: 86477
>passed!
repetition: 86478
>passed!
repetition: 86479
>passed!
repetition: 86480
>passed!
repetition: 86481
>passed!
repetition: 86482
>passed!
repetition: 86483
>passed!
repetition: 86484
>passed!
repetition: 86485
>passed!
repetition: 86486
>passed!
repetition: 86487
>passed!
repetition: 86488
>passed!
repetition: 86489
>passed!
repetition: 86490
>passed!
repetition: 86491
>passed!
repetition: 86492
>passed!
repetition: 86493
>passed!
repetition: 86494
>passed!
repetition: 86495
>passed!
repetition: 86496
>passed!
repetition: 86497
>passed!
repetition: 86498
>passed!
repetition: 86499
>passed!
repetition: 86500
>passed!
repetition: 86501
>passed!
repetition: 86502
>passed!
repetition: 86503
>passed!
repetition: 86504
>passed!
repetition: 86505
>passed!
repetition: 86506
>passed!
repetition: 86507
>passed!
repetition: 86508
>passed!
repetition: 86509
>passed!
repetition: 86510
>passed!
repetition: 86511
>passed!
repetition: 86512
>passed!
repetition: 86513
>passed!
repetition: 86514
>passed!
repetition: 86515
>passed!
repetition: 86516
>passed!
repetition: 86517
>passed!
repetition: 86518
>passed!
repetition: 86519
>passed!
repetition: 86520
>passed!
repetition: 86521
>passed!
repetition: 86522
>passed!
repetition: 86523
>passed!
repetition: 86524
>passed!
repetition: 86525
>passed!
repetition: 86526
>passed!
repetition: 86527
>passed!
repetition: 86528
>passed!
repetition: 86529
>passed!
repetition: 86530
>passed!
repetition: 86531
>passed!
repetition: 86532
>passed!
repetition: 86533
>passed!
repetition: 86534
>passed!
repetition: 86535
>passed!
repetition: 86536
>passed!
repetition: 86537
>passed!
repetition: 86538
>passed!
repetition: 86539
>passed!
repetition: 86540
>passed!
repetition: 86541
>passed!
repetition: 86542
>passed!
repetition: 86543
>passed!
repetition: 86544
>passed!
repetition: 86545
>passed!
repetition: 86546
>passed!
repetition: 86547
>passed!
repetition: 86548
>passed!
repetition: 86549
>passed!
repetition: 86550
>passed!
repetition: 86551
>passed!
repetition: 86552
>passed!
repetition: 86553
>passed!
repetition: 86554
>passed!
repetition: 86555
>passed!
repetition: 86556
>passed!
repetition: 86557
>passed!
repetition: 86558
>passed!
repetition: 86559
>passed!
repetition: 86560
>passed!
repetition: 86561
>passed!
repetition: 86562
>passed!
repetition: 86563
>passed!
repetition: 86564
>passed!
repetition: 86565
>passed!
repetition: 86566
>passed!
repetition: 86567
>passed!
repetition: 86568
>passed!
repetition: 86569
>passed!
repetition: 86570
>passed!
repetition: 86571
>passed!
repetition: 86572
>passed!
repetition: 86573
>passed!
repetition: 86574
>passed!
repetition: 86575
>passed!
repetition: 86576
>passed!
repetition: 86577
>passed!
repetition: 86578
>passed!
repetition: 86579
>passed!
repetition: 86580
>passed!
repetition: 86581
>passed!
repetition: 86582
>passed!
repetition: 86583
>passed!
repetition: 86584
>passed!
repetition: 86585
>passed!
repetition: 86586
>passed!
repetition: 86587
>passed!
repetition: 86588
>passed!
repetition: 86589
>passed!
repetition: 86590
>passed!
repetition: 86591
>passed!
repetition: 86592
>passed!
repetition: 86593
>passed!
repetition: 86594
>passed!
repetition: 86595
>passed!
repetition: 86596
>passed!
repetition: 86597
>passed!
repetition: 86598
>passed!
repetition: 86599
>passed!
repetition: 86600
>passed!
repetition: 86601
>passed!
repetition: 86602
>passed!
repetition: 86603
>passed!
repetition: 86604
>passed!
repetition: 86605
>passed!
repetition: 86606
>passed!
repetition: 86607
>passed!
repetition: 86608
>passed!
repetition: 86609
>passed!
repetition: 86610
>passed!
repetition: 86611
>passed!
repetition: 86612
>passed!
repetition: 86613
>passed!
repetition: 86614
>passed!
repetition: 86615
>passed!
repetition: 86616
>passed!
repetition: 86617
>passed!
repetition: 86618
>passed!
repetition: 86619
>passed!
repetition: 86620
>passed!
repetition: 86621
>passed!
repetition: 86622
>passed!
repetition: 86623
>passed!
repetition: 86624
>passed!
repetition: 86625
>passed!
repetition: 86626
>passed!
repetition: 86627
>passed!
repetition: 86628
>passed!
repetition: 86629
>passed!
repetition: 86630
>passed!
repetition: 86631
>passed!
repetition: 86632
>passed!
repetition: 86633
>passed!
repetition: 86634
>passed!
repetition: 86635
>passed!
repetition: 86636
>passed!
repetition: 86637
>passed!
repetition: 86638
>passed!
repetition: 86639
>passed!
repetition: 86640
>passed!
repetition: 86641
>passed!
repetition: 86642
>passed!
repetition: 86643
>passed!
repetition: 86644
>passed!
repetition: 86645
>passed!
repetition: 86646
>passed!
repetition: 86647
>passed!
repetition: 86648
>passed!
repetition: 86649
>passed!
repetition: 86650
>passed!
repetition: 86651
>passed!
repetition: 86652
>passed!
repetition: 86653
>passed!
repetition: 86654
>passed!
repetition: 86655
>passed!
repetition: 86656
>passed!
repetition: 86657
>passed!
repetition: 86658
>passed!
repetition: 86659
>passed!
repetition: 86660
>passed!
repetition: 86661
>passed!
repetition: 86662
>passed!
repetition: 86663
>passed!
repetition: 86664
>passed!
repetition: 86665
>passed!
repetition: 86666
>passed!
repetition: 86667
>passed!
repetition: 86668
>passed!
repetition: 86669
>passed!
repetition: 86670
>passed!
repetition: 86671
>passed!
repetition: 86672
>passed!
repetition: 86673
>passed!
repetition: 86674
>passed!
repetition: 86675
>passed!
repetition: 86676
>passed!
repetition: 86677
>passed!
repetition: 86678
>passed!
repetition: 86679
>passed!
repetition: 86680
>passed!
repetition: 86681
>passed!
repetition: 86682
>passed!
repetition: 86683
>passed!
repetition: 86684
>passed!
repetition: 86685
>passed!
repetition: 86686
>passed!
repetition: 86687
>passed!
repetition: 86688
>passed!
repetition: 86689
>passed!
repetition: 86690
>passed!
repetition: 86691
>passed!
repetition: 86692
>passed!
repetition: 86693
>passed!
repetition: 86694
>passed!
repetition: 86695
>passed!
repetition: 86696
>passed!
repetition: 86697
>passed!
repetition: 86698
>passed!
repetition: 86699
>passed!
repetition: 86700
>passed!
repetition: 86701
>passed!
repetition: 86702
>passed!
repetition: 86703
>passed!
repetition: 86704
>passed!
repetition: 86705
>passed!
repetition: 86706
>passed!
repetition: 86707
>passed!
repetition: 86708
>passed!
repetition: 86709
>passed!
repetition: 86710
>passed!
repetition: 86711
>passed!
repetition: 86712
>passed!
repetition: 86713
>passed!
repetition: 86714
>passed!
repetition: 86715
>passed!
repetition: 86716
>passed!
repetition: 86717
>passed!
repetition: 86718
>passed!
repetition: 86719
>passed!
repetition: 86720
>passed!
repetition: 86721
>passed!
repetition: 86722
>passed!
repetition: 86723
>passed!
repetition: 86724
>passed!
repetition: 86725
>passed!
repetition: 86726
>passed!
repetition: 86727
>passed!
repetition: 86728
>passed!
repetition: 86729
>passed!
repetition: 86730
>passed!
repetition: 86731
>passed!
repetition: 86732
>passed!
repetition: 86733
>passed!
repetition: 86734
>passed!
repetition: 86735
>passed!
repetition: 86736
>passed!
repetition: 86737
>passed!
repetition: 86738
>passed!
repetition: 86739
>passed!
repetition: 86740
>passed!
repetition: 86741
>passed!
repetition: 86742
>passed!
repetition: 86743
>passed!
repetition: 86744
>passed!
repetition: 86745
>passed!
repetition: 86746
>passed!
repetition: 86747
>passed!
repetition: 86748
>passed!
repetition: 86749
>passed!
repetition: 86750
>passed!
repetition: 86751
>passed!
repetition: 86752
>passed!
repetition: 86753
>passed!
repetition: 86754
>passed!
repetition: 86755
>passed!
repetition: 86756
>passed!
repetition: 86757
>passed!
repetition: 86758
>passed!
repetition: 86759
>passed!
repetition: 86760
>passed!
repetition: 86761
>passed!
repetition: 86762
>passed!
repetition: 86763
>passed!
repetition: 86764
>passed!
repetition: 86765
>passed!
repetition: 86766
>passed!
repetition: 86767
>passed!
repetition: 86768
>passed!
repetition: 86769
>passed!
repetition: 86770
>passed!
repetition: 86771
>passed!
repetition: 86772
>passed!
repetition: 86773
>passed!
repetition: 86774
>passed!
repetition: 86775
>passed!
repetition: 86776
>passed!
repetition: 86777
>passed!
repetition: 86778
>passed!
repetition: 86779
>passed!
repetition: 86780
>passed!
repetition: 86781
>passed!
repetition: 86782
>passed!
repetition: 86783
>passed!
repetition: 86784
>passed!
repetition: 86785
>passed!
repetition: 86786
>passed!
repetition: 86787
>passed!
repetition: 86788
>passed!
repetition: 86789
>passed!
repetition: 86790
>passed!
repetition: 86791
>passed!
repetition: 86792
>passed!
repetition: 86793
>passed!
repetition: 86794
>passed!
repetition: 86795
>passed!
repetition: 86796
>passed!
repetition: 86797
>passed!
repetition: 86798
>passed!
repetition: 86799
>passed!
repetition: 86800
>passed!
repetition: 86801
>passed!
repetition: 86802
>passed!
repetition: 86803
>passed!
repetition: 86804
>passed!
repetition: 86805
>passed!
repetition: 86806
>passed!
repetition: 86807
>passed!
repetition: 86808
>passed!
repetition: 86809
>passed!
repetition: 86810
>passed!
repetition: 86811
>passed!
repetition: 86812
>passed!
repetition: 86813
>passed!
repetition: 86814
>passed!
repetition: 86815
>passed!
repetition: 86816
>passed!
repetition: 86817
>passed!
repetition: 86818
>passed!
repetition: 86819
>passed!
repetition: 86820
>passed!
repetition: 86821
>passed!
repetition: 86822
>passed!
repetition: 86823
>passed!
repetition: 86824
>passed!
repetition: 86825
>passed!
repetition: 86826
>passed!
repetition: 86827
>passed!
repetition: 86828
>passed!
repetition: 86829
>passed!
repetition: 86830
>passed!
repetition: 86831
>passed!
repetition: 86832
>passed!
repetition: 86833
>passed!
repetition: 86834
>passed!
repetition: 86835
>passed!
repetition: 86836
>passed!
repetition: 86837
>passed!
repetition: 86838
>passed!
repetition: 86839
>passed!
repetition: 86840
>passed!
repetition: 86841
>passed!
repetition: 86842
>passed!
repetition: 86843
>passed!
repetition: 86844
>passed!
repetition: 86845
>passed!
repetition: 86846
>passed!
repetition: 86847
>passed!
repetition: 86848
>passed!
repetition: 86849
>passed!
repetition: 86850
>passed!
repetition: 86851
>passed!
repetition: 86852
>passed!
repetition: 86853
>passed!
repetition: 86854
>passed!
repetition: 86855
>passed!
repetition: 86856
>passed!
repetition: 86857
>passed!
repetition: 86858
>passed!
repetition: 86859
>passed!
repetition: 86860
>passed!
repetition: 86861
>passed!
repetition: 86862
>passed!
repetition: 86863
>passed!
repetition: 86864
>passed!
repetition: 86865
>passed!
repetition: 86866
>passed!
repetition: 86867
>passed!
repetition: 86868
>passed!
repetition: 86869
>passed!
repetition: 86870
>passed!
repetition: 86871
>passed!
repetition: 86872
>passed!
repetition: 86873
>passed!
repetition: 86874
>passed!
repetition: 86875
>passed!
repetition: 86876
>passed!
repetition: 86877
>passed!
repetition: 86878
>passed!
repetition: 86879
>passed!
repetition: 86880
>passed!
repetition: 86881
>passed!
repetition: 86882
>passed!
repetition: 86883
>passed!
repetition: 86884
>passed!
repetition: 86885
>passed!
repetition: 86886
>passed!
repetition: 86887
>passed!
repetition: 86888
>passed!
repetition: 86889
>passed!
repetition: 86890
>passed!
repetition: 86891
>passed!
repetition: 86892
>passed!
repetition: 86893
>passed!
repetition: 86894
>passed!
repetition: 86895
>passed!
repetition: 86896
>passed!
repetition: 86897
>passed!
repetition: 86898
>passed!
repetition: 86899
>passed!
repetition: 86900
>passed!
repetition: 86901
>passed!
repetition: 86902
>passed!
repetition: 86903
>passed!
repetition: 86904
>passed!
repetition: 86905
>passed!
repetition: 86906
>passed!
repetition: 86907
>passed!
repetition: 86908
>passed!
repetition: 86909
>passed!
repetition: 86910
>passed!
repetition: 86911
>passed!
repetition: 86912
>passed!
repetition: 86913
>passed!
repetition: 86914
>passed!
repetition: 86915
>passed!
repetition: 86916
>passed!
repetition: 86917
>passed!
repetition: 86918
>passed!
repetition: 86919
>passed!
repetition: 86920
>passed!
repetition: 86921
>passed!
repetition: 86922
>passed!
repetition: 86923
>passed!
repetition: 86924
>passed!
repetition: 86925
>passed!
repetition: 86926
>passed!
repetition: 86927
>passed!
repetition: 86928
>passed!
repetition: 86929
>passed!
repetition: 86930
>passed!
repetition: 86931
>passed!
repetition: 86932
>passed!
repetition: 86933
>passed!
repetition: 86934
>passed!
repetition: 86935
>passed!
repetition: 86936
>passed!
repetition: 86937
>passed!
repetition: 86938
>passed!
repetition: 86939
>passed!
repetition: 86940
>passed!
repetition: 86941
>passed!
repetition: 86942
>passed!
repetition: 86943
>passed!
repetition: 86944
>passed!
repetition: 86945
>passed!
repetition: 86946
>passed!
repetition: 86947
>passed!
repetition: 86948
>passed!
repetition: 86949
>passed!
repetition: 86950
>passed!
repetition: 86951
>passed!
repetition: 86952
>passed!
repetition: 86953
>passed!
repetition: 86954
>passed!
repetition: 86955
>passed!
repetition: 86956
>passed!
repetition: 86957
>passed!
repetition: 86958
>passed!
repetition: 86959
>passed!
repetition: 86960
>passed!
repetition: 86961
>passed!
repetition: 86962
>passed!
repetition: 86963
>passed!
repetition: 86964
>passed!
repetition: 86965
>passed!
repetition: 86966
>passed!
repetition: 86967
>passed!
repetition: 86968
>passed!
repetition: 86969
>passed!
repetition: 86970
>passed!
repetition: 86971
>passed!
repetition: 86972
>passed!
repetition: 86973
>passed!
repetition: 86974
>passed!
repetition: 86975
>passed!
repetition: 86976
>passed!
repetition: 86977
>passed!
repetition: 86978
>passed!
repetition: 86979
>passed!
repetition: 86980
>passed!
repetition: 86981
>passed!
repetition: 86982
>passed!
repetition: 86983
>passed!
repetition: 86984
>passed!
repetition: 86985
>passed!
repetition: 86986
>passed!
repetition: 86987
>passed!
repetition: 86988
>passed!
repetition: 86989
>passed!
repetition: 86990
>passed!
repetition: 86991
>passed!
repetition: 86992
>passed!
repetition: 86993
>passed!
repetition: 86994
>passed!
repetition: 86995
>passed!
repetition: 86996
>passed!
repetition: 86997
>passed!
repetition: 86998
>passed!
repetition: 86999
>passed!
repetition: 87000
>passed!
repetition: 87001
>passed!
repetition: 87002
>passed!
repetition: 87003
>passed!
repetition: 87004
>passed!
repetition: 87005
>passed!
repetition: 87006
>passed!
repetition: 87007
>passed!
repetition: 87008
>passed!
repetition: 87009
>passed!
repetition: 87010
>passed!
repetition: 87011
>passed!
repetition: 87012
>passed!
repetition: 87013
>passed!
repetition: 87014
>passed!
repetition: 87015
>passed!
repetition: 87016
>passed!
repetition: 87017
>passed!
repetition: 87018
>passed!
repetition: 87019
>passed!
repetition: 87020
>passed!
repetition: 87021
>passed!
repetition: 87022
>passed!
repetition: 87023
>passed!
repetition: 87024
>passed!
repetition: 87025
>passed!
repetition: 87026
>passed!
repetition: 87027
>passed!
repetition: 87028
>passed!
repetition: 87029
>passed!
repetition: 87030
>passed!
repetition: 87031
>passed!
repetition: 87032
>passed!
repetition: 87033
>passed!
repetition: 87034
>passed!
repetition: 87035
>passed!
repetition: 87036
>passed!
repetition: 87037
>passed!
repetition: 87038
>passed!
repetition: 87039
>passed!
repetition: 87040
>passed!
repetition: 87041
>passed!
repetition: 87042
>passed!
repetition: 87043
>passed!
repetition: 87044
>passed!
repetition: 87045
>passed!
repetition: 87046
>passed!
repetition: 87047
>passed!
repetition: 87048
>passed!
repetition: 87049
>passed!
repetition: 87050
>passed!
repetition: 87051
>passed!
repetition: 87052
>passed!
repetition: 87053
>passed!
repetition: 87054
>passed!
repetition: 87055
>passed!
repetition: 87056
>passed!
repetition: 87057
>passed!
repetition: 87058
>passed!
repetition: 87059
>passed!
repetition: 87060
>passed!
repetition: 87061
>passed!
repetition: 87062
>passed!
repetition: 87063
>passed!
repetition: 87064
>passed!
repetition: 87065
>passed!
repetition: 87066
>passed!
repetition: 87067
>passed!
repetition: 87068
>passed!
repetition: 87069
>passed!
repetition: 87070
>passed!
repetition: 87071
>passed!
repetition: 87072
>passed!
repetition: 87073
>passed!
repetition: 87074
>passed!
repetition: 87075
>passed!
repetition: 87076
>passed!
repetition: 87077
>passed!
repetition: 87078
>passed!
repetition: 87079
>passed!
repetition: 87080
>passed!
repetition: 87081
>passed!
repetition: 87082
>passed!
repetition: 87083
>passed!
repetition: 87084
>passed!
repetition: 87085
>passed!
repetition: 87086
>passed!
repetition: 87087
>passed!
repetition: 87088
>passed!
repetition: 87089
>passed!
repetition: 87090
>passed!
repetition: 87091
>passed!
repetition: 87092
>passed!
repetition: 87093
>passed!
repetition: 87094
>passed!
repetition: 87095
>passed!
repetition: 87096
>passed!
repetition: 87097
>passed!
repetition: 87098
>passed!
repetition: 87099
>passed!
repetition: 87100
>passed!
repetition: 87101
>passed!
repetition: 87102
>passed!
repetition: 87103
>passed!
repetition: 87104
>passed!
repetition: 87105
>passed!
repetition: 87106
>passed!
repetition: 87107
>passed!
repetition: 87108
>passed!
repetition: 87109
>passed!
repetition: 87110
>passed!
repetition: 87111
>passed!
repetition: 87112
>passed!
repetition: 87113
>passed!
repetition: 87114
>passed!
repetition: 87115
>passed!
repetition: 87116
>passed!
repetition: 87117
>passed!
repetition: 87118
>passed!
repetition: 87119
>passed!
repetition: 87120
>passed!
repetition: 87121
>passed!
repetition: 87122
>passed!
repetition: 87123
>passed!
repetition: 87124
>passed!
repetition: 87125
>passed!
repetition: 87126
>passed!
repetition: 87127
>passed!
repetition: 87128
>passed!
repetition: 87129
>passed!
repetition: 87130
>passed!
repetition: 87131
>passed!
repetition: 87132
>passed!
repetition: 87133
>passed!
repetition: 87134
>passed!
repetition: 87135
>passed!
repetition: 87136
>passed!
repetition: 87137
>passed!
repetition: 87138
>passed!
repetition: 87139
>passed!
repetition: 87140
>passed!
repetition: 87141
>passed!
repetition: 87142
>passed!
repetition: 87143
>passed!
repetition: 87144
>passed!
repetition: 87145
>passed!
repetition: 87146
>passed!
repetition: 87147
>passed!
repetition: 87148
>passed!
repetition: 87149
>passed!
repetition: 87150
>passed!
repetition: 87151
>passed!
repetition: 87152
>passed!
repetition: 87153
>passed!
repetition: 87154
>passed!
repetition: 87155
>passed!
repetition: 87156
>passed!
repetition: 87157
>passed!
repetition: 87158
>passed!
repetition: 87159
>passed!
repetition: 87160
>passed!
repetition: 87161
>passed!
repetition: 87162
>passed!
repetition: 87163
>passed!
repetition: 87164
>passed!
repetition: 87165
>passed!
repetition: 87166
>passed!
repetition: 87167
>passed!
repetition: 87168
>passed!
repetition: 87169
>passed!
repetition: 87170
>passed!
repetition: 87171
>passed!
repetition: 87172
>passed!
repetition: 87173
>passed!
repetition: 87174
>passed!
repetition: 87175
>passed!
repetition: 87176
>passed!
repetition: 87177
>passed!
repetition: 87178
>passed!
repetition: 87179
>passed!
repetition: 87180
>passed!
repetition: 87181
>passed!
repetition: 87182
>passed!
repetition: 87183
>passed!
repetition: 87184
>passed!
repetition: 87185
>passed!
repetition: 87186
>passed!
repetition: 87187
>passed!
repetition: 87188
>passed!
repetition: 87189
>passed!
repetition: 87190
>passed!
repetition: 87191
>passed!
repetition: 87192
>passed!
repetition: 87193
>passed!
repetition: 87194
>passed!
repetition: 87195
>passed!
repetition: 87196
>passed!
repetition: 87197
>passed!
repetition: 87198
>passed!
repetition: 87199
>passed!
repetition: 87200
>passed!
repetition: 87201
>passed!
repetition: 87202
>passed!
repetition: 87203
>passed!
repetition: 87204
>passed!
repetition: 87205
>passed!
repetition: 87206
>passed!
repetition: 87207
>passed!
repetition: 87208
>passed!
repetition: 87209
>passed!
repetition: 87210
>passed!
repetition: 87211
>passed!
repetition: 87212
>passed!
repetition: 87213
>passed!
repetition: 87214
>passed!
repetition: 87215
>passed!
repetition: 87216
>passed!
repetition: 87217
>passed!
repetition: 87218
>passed!
repetition: 87219
>passed!
repetition: 87220
>passed!
repetition: 87221
>passed!
repetition: 87222
>passed!
repetition: 87223
>passed!
repetition: 87224
>passed!
repetition: 87225
>passed!
repetition: 87226
>passed!
repetition: 87227
>passed!
repetition: 87228
>passed!
repetition: 87229
>passed!
repetition: 87230
>passed!
repetition: 87231
>passed!
repetition: 87232
>passed!
repetition: 87233
>passed!
repetition: 87234
>passed!
repetition: 87235
>passed!
repetition: 87236
>passed!
repetition: 87237
>passed!
repetition: 87238
>passed!
repetition: 87239
>passed!
repetition: 87240
>passed!
repetition: 87241
>passed!
repetition: 87242
>passed!
repetition: 87243
>passed!
repetition: 87244
>passed!
repetition: 87245
>passed!
repetition: 87246
>passed!
repetition: 87247
>passed!
repetition: 87248
>passed!
repetition: 87249
>passed!
repetition: 87250
>passed!
repetition: 87251
>passed!
repetition: 87252
>passed!
repetition: 87253
>passed!
repetition: 87254
>passed!
repetition: 87255
>passed!
repetition: 87256
>passed!
repetition: 87257
>passed!
repetition: 87258
>passed!
repetition: 87259
>passed!
repetition: 87260
>passed!
repetition: 87261
>passed!
repetition: 87262
>passed!
repetition: 87263
>passed!
repetition: 87264
>passed!
repetition: 87265
>passed!
repetition: 87266
>passed!
repetition: 87267
>passed!
repetition: 87268
>passed!
repetition: 87269
>passed!
repetition: 87270
>passed!
repetition: 87271
>passed!
repetition: 87272
>passed!
repetition: 87273
>passed!
repetition: 87274
>passed!
repetition: 87275
>passed!
repetition: 87276
>passed!
repetition: 87277
>passed!
repetition: 87278
>passed!
repetition: 87279
>passed!
repetition: 87280
>passed!
repetition: 87281
>passed!
repetition: 87282
>passed!
repetition: 87283
>passed!
repetition: 87284
>passed!
repetition: 87285
>passed!
repetition: 87286
>passed!
repetition: 87287
>passed!
repetition: 87288
>passed!
repetition: 87289
>passed!
repetition: 87290
>passed!
repetition: 87291
>passed!
repetition: 87292
>passed!
repetition: 87293
>passed!
repetition: 87294
>passed!
repetition: 87295
>passed!
repetition: 87296
>passed!
repetition: 87297
>passed!
repetition: 87298
>passed!
repetition: 87299
>passed!
repetition: 87300
>passed!
repetition: 87301
>passed!
repetition: 87302
>passed!
repetition: 87303
>passed!
repetition: 87304
>passed!
repetition: 87305
>passed!
repetition: 87306
>passed!
repetition: 87307
>passed!
repetition: 87308
>passed!
repetition: 87309
>passed!
repetition: 87310
>passed!
repetition: 87311
>passed!
repetition: 87312
>passed!
repetition: 87313
>passed!
repetition: 87314
>passed!
repetition: 87315
>passed!
repetition: 87316
>passed!
repetition: 87317
>passed!
repetition: 87318
>passed!
repetition: 87319
>passed!
repetition: 87320
>passed!
repetition: 87321
>passed!
repetition: 87322
>passed!
repetition: 87323
>passed!
repetition: 87324
>passed!
repetition: 87325
>passed!
repetition: 87326
>passed!
repetition: 87327
>passed!
repetition: 87328
>passed!
repetition: 87329
>passed!
repetition: 87330
>passed!
repetition: 87331
>passed!
repetition: 87332
>passed!
repetition: 87333
>passed!
repetition: 87334
>passed!
repetition: 87335
>passed!
repetition: 87336
>passed!
repetition: 87337
>passed!
repetition: 87338
>passed!
repetition: 87339
>passed!
repetition: 87340
>passed!
repetition: 87341
>passed!
repetition: 87342
>passed!
repetition: 87343
>passed!
repetition: 87344
>passed!
repetition: 87345
>passed!
repetition: 87346
>passed!
repetition: 87347
>passed!
repetition: 87348
>passed!
repetition: 87349
>passed!
repetition: 87350
>passed!
repetition: 87351
>passed!
repetition: 87352
>passed!
repetition: 87353
>passed!
repetition: 87354
>passed!
repetition: 87355
>passed!
repetition: 87356
>passed!
repetition: 87357
>passed!
repetition: 87358
>passed!
repetition: 87359
>passed!
repetition: 87360
>passed!
repetition: 87361
>passed!
repetition: 87362
>passed!
repetition: 87363
>passed!
repetition: 87364
>passed!
repetition: 87365
>passed!
repetition: 87366
>passed!
repetition: 87367
>passed!
repetition: 87368
>passed!
repetition: 87369
>passed!
repetition: 87370
>passed!
repetition: 87371
>passed!
repetition: 87372
>passed!
repetition: 87373
>passed!
repetition: 87374
>passed!
repetition: 87375
>passed!
repetition: 87376
>passed!
repetition: 87377
>passed!
repetition: 87378
>passed!
repetition: 87379
>passed!
repetition: 87380
>passed!
repetition: 87381
>passed!
repetition: 87382
>passed!
repetition: 87383
>passed!
repetition: 87384
>passed!
repetition: 87385
>passed!
repetition: 87386
>passed!
repetition: 87387
>passed!
repetition: 87388
>passed!
repetition: 87389
>passed!
repetition: 87390
>passed!
repetition: 87391
>passed!
repetition: 87392
>passed!
repetition: 87393
>passed!
repetition: 87394
>passed!
repetition: 87395
>passed!
repetition: 87396
>passed!
repetition: 87397
>passed!
repetition: 87398
>passed!
repetition: 87399
>passed!
repetition: 87400
>passed!
repetition: 87401
>passed!
repetition: 87402
>passed!
repetition: 87403
>passed!
repetition: 87404
>passed!
repetition: 87405
>passed!
repetition: 87406
>passed!
repetition: 87407
>passed!
repetition: 87408
>passed!
repetition: 87409
>passed!
repetition: 87410
>passed!
repetition: 87411
>passed!
repetition: 87412
>passed!
repetition: 87413
>passed!
repetition: 87414
>passed!
repetition: 87415
>passed!
repetition: 87416
>passed!
repetition: 87417
>passed!
repetition: 87418
>passed!
repetition: 87419
>passed!
repetition: 87420
>passed!
repetition: 87421
>passed!
repetition: 87422
>passed!
repetition: 87423
>passed!
repetition: 87424
>passed!
repetition: 87425
>passed!
repetition: 87426
>passed!
repetition: 87427
>passed!
repetition: 87428
>passed!
repetition: 87429
>passed!
repetition: 87430
>passed!
repetition: 87431
>passed!
repetition: 87432
>passed!
repetition: 87433
>passed!
repetition: 87434
>passed!
repetition: 87435
>passed!
repetition: 87436
>passed!
repetition: 87437
>passed!
repetition: 87438
>passed!
repetition: 87439
>passed!
repetition: 87440
>passed!
repetition: 87441
>passed!
repetition: 87442
>passed!
repetition: 87443
>passed!
repetition: 87444
>passed!
repetition: 87445
>passed!
repetition: 87446
>passed!
repetition: 87447
>passed!
repetition: 87448
>passed!
repetition: 87449
>passed!
repetition: 87450
>passed!
repetition: 87451
>passed!
repetition: 87452
>passed!
repetition: 87453
>passed!
repetition: 87454
>passed!
repetition: 87455
>passed!
repetition: 87456
>passed!
repetition: 87457
>passed!
repetition: 87458
>passed!
repetition: 87459
>passed!
repetition: 87460
>passed!
repetition: 87461
>passed!
repetition: 87462
>passed!
repetition: 87463
>passed!
repetition: 87464
>passed!
repetition: 87465
>passed!
repetition: 87466
>passed!
repetition: 87467
>passed!
repetition: 87468
>passed!
repetition: 87469
>passed!
repetition: 87470
>passed!
repetition: 87471
>passed!
repetition: 87472
>passed!
repetition: 87473
>passed!
repetition: 87474
>passed!
repetition: 87475
>passed!
repetition: 87476
>passed!
repetition: 87477
>passed!
repetition: 87478
>passed!
repetition: 87479
>passed!
repetition: 87480
>passed!
repetition: 87481
>passed!
repetition: 87482
>passed!
repetition: 87483
>passed!
repetition: 87484
>passed!
repetition: 87485
>passed!
repetition: 87486
>passed!
repetition: 87487
>passed!
repetition: 87488
>passed!
repetition: 87489
>passed!
repetition: 87490
>passed!
repetition: 87491
>passed!
repetition: 87492
>passed!
repetition: 87493
>passed!
repetition: 87494
>passed!
repetition: 87495
>passed!
repetition: 87496
>passed!
repetition: 87497
>passed!
repetition: 87498
>passed!
repetition: 87499
>passed!
repetition: 87500
>passed!
repetition: 87501
>passed!
repetition: 87502
>passed!
repetition: 87503
>passed!
repetition: 87504
>passed!
repetition: 87505
>passed!
repetition: 87506
>passed!
repetition: 87507
>passed!
repetition: 87508
>passed!
repetition: 87509
>passed!
repetition: 87510
>passed!
repetition: 87511
>passed!
repetition: 87512
>passed!
repetition: 87513
>passed!
repetition: 87514
>passed!
repetition: 87515
>passed!
repetition: 87516
>passed!
repetition: 87517
>passed!
repetition: 87518
>passed!
repetition: 87519
>passed!
repetition: 87520
>passed!
repetition: 87521
>passed!
repetition: 87522
>passed!
repetition: 87523
>passed!
repetition: 87524
>passed!
repetition: 87525
>passed!
repetition: 87526
>passed!
repetition: 87527
>passed!
repetition: 87528
>passed!
repetition: 87529
>passed!
repetition: 87530
>passed!
repetition: 87531
>passed!
repetition: 87532
>passed!
repetition: 87533
>passed!
repetition: 87534
>passed!
repetition: 87535
>passed!
repetition: 87536
>passed!
repetition: 87537
>passed!
repetition: 87538
>passed!
repetition: 87539
>passed!
repetition: 87540
>passed!
repetition: 87541
>passed!
repetition: 87542
>passed!
repetition: 87543
>passed!
repetition: 87544
>passed!
repetition: 87545
>passed!
repetition: 87546
>passed!
repetition: 87547
>passed!
repetition: 87548
>passed!
repetition: 87549
>passed!
repetition: 87550
>passed!
repetition: 87551
>passed!
repetition: 87552
>passed!
repetition: 87553
>passed!
repetition: 87554
>passed!
repetition: 87555
>passed!
repetition: 87556
>passed!
repetition: 87557
>passed!
repetition: 87558
>passed!
repetition: 87559
>passed!
repetition: 87560
>passed!
repetition: 87561
>passed!
repetition: 87562
>passed!
repetition: 87563
>passed!
repetition: 87564
>passed!
repetition: 87565
>passed!
repetition: 87566
>passed!
repetition: 87567
>passed!
repetition: 87568
>passed!
repetition: 87569
>passed!
repetition: 87570
>passed!
repetition: 87571
>passed!
repetition: 87572
>passed!
repetition: 87573
>passed!
repetition: 87574
>passed!
repetition: 87575
>passed!
repetition: 87576
>passed!
repetition: 87577
>passed!
repetition: 87578
>passed!
repetition: 87579
>passed!
repetition: 87580
>passed!
repetition: 87581
>passed!
repetition: 87582
>passed!
repetition: 87583
>passed!
repetition: 87584
>passed!
repetition: 87585
>passed!
repetition: 87586
>passed!
repetition: 87587
>passed!
repetition: 87588
>passed!
repetition: 87589
>passed!
repetition: 87590
>passed!
repetition: 87591
>passed!
repetition: 87592
>passed!
repetition: 87593
>passed!
repetition: 87594
>passed!
repetition: 87595
>passed!
repetition: 87596
>passed!
repetition: 87597
>passed!
repetition: 87598
>passed!
repetition: 87599
>passed!
repetition: 87600
>passed!
repetition: 87601
>passed!
repetition: 87602
>passed!
repetition: 87603
>passed!
repetition: 87604
>passed!
repetition: 87605
>passed!
repetition: 87606
>passed!
repetition: 87607
>passed!
repetition: 87608
>passed!
repetition: 87609
>passed!
repetition: 87610
>passed!
repetition: 87611
>passed!
repetition: 87612
>passed!
repetition: 87613
>passed!
repetition: 87614
>passed!
repetition: 87615
>passed!
repetition: 87616
>passed!
repetition: 87617
>passed!
repetition: 87618
>passed!
repetition: 87619
>passed!
repetition: 87620
>passed!
repetition: 87621
>passed!
repetition: 87622
>passed!
repetition: 87623
>passed!
repetition: 87624
>passed!
repetition: 87625
>passed!
repetition: 87626
>passed!
repetition: 87627
>passed!
repetition: 87628
>passed!
repetition: 87629
>passed!
repetition: 87630
>passed!
repetition: 87631
>passed!
repetition: 87632
>passed!
repetition: 87633
>passed!
repetition: 87634
>passed!
repetition: 87635
>passed!
repetition: 87636
>passed!
repetition: 87637
>passed!
repetition: 87638
>passed!
repetition: 87639
>passed!
repetition: 87640
>passed!
repetition: 87641
>passed!
repetition: 87642
>passed!
repetition: 87643
>passed!
repetition: 87644
>passed!
repetition: 87645
>passed!
repetition: 87646
>passed!
repetition: 87647
>passed!
repetition: 87648
>passed!
repetition: 87649
>passed!
repetition: 87650
>passed!
repetition: 87651
>passed!
repetition: 87652
>passed!
repetition: 87653
>passed!
repetition: 87654
>passed!
repetition: 87655
>passed!
repetition: 87656
>passed!
repetition: 87657
>passed!
repetition: 87658
>passed!
repetition: 87659
>passed!
repetition: 87660
>passed!
repetition: 87661
>passed!
repetition: 87662
>passed!
repetition: 87663
>passed!
repetition: 87664
>passed!
repetition: 87665
>passed!
repetition: 87666
>passed!
repetition: 87667
>passed!
repetition: 87668
>passed!
repetition: 87669
>passed!
repetition: 87670
>passed!
repetition: 87671
>passed!
repetition: 87672
>passed!
repetition: 87673
>passed!
repetition: 87674
>passed!
repetition: 87675
>passed!
repetition: 87676
>passed!
repetition: 87677
>passed!
repetition: 87678
>passed!
repetition: 87679
>passed!
repetition: 87680
>passed!
repetition: 87681
>passed!
repetition: 87682
>passed!
repetition: 87683
>passed!
repetition: 87684
>passed!
repetition: 87685
>passed!
repetition: 87686
>passed!
repetition: 87687
>passed!
repetition: 87688
>passed!
repetition: 87689
>passed!
repetition: 87690
>passed!
repetition: 87691
>passed!
repetition: 87692
>passed!
repetition: 87693
>passed!
repetition: 87694
>passed!
repetition: 87695
>passed!
repetition: 87696
>passed!
repetition: 87697
>passed!
repetition: 87698
>passed!
repetition: 87699
>passed!
repetition: 87700
>passed!
repetition: 87701
>passed!
repetition: 87702
>passed!
repetition: 87703
>passed!
repetition: 87704
>passed!
repetition: 87705
>passed!
repetition: 87706
>passed!
repetition: 87707
>passed!
repetition: 87708
>passed!
repetition: 87709
>passed!
repetition: 87710
>passed!
repetition: 87711
>passed!
repetition: 87712
>passed!
repetition: 87713
>passed!
repetition: 87714
>passed!
repetition: 87715
>passed!
repetition: 87716
>passed!
repetition: 87717
>passed!
repetition: 87718
>passed!
repetition: 87719
>passed!
repetition: 87720
>passed!
repetition: 87721
>passed!
repetition: 87722
>passed!
repetition: 87723
>passed!
repetition: 87724
>passed!
repetition: 87725
>passed!
repetition: 87726
>passed!
repetition: 87727
>passed!
repetition: 87728
>passed!
repetition: 87729
>passed!
repetition: 87730
>passed!
repetition: 87731
>passed!
repetition: 87732
>passed!
repetition: 87733
>passed!
repetition: 87734
>passed!
repetition: 87735
>passed!
repetition: 87736
>passed!
repetition: 87737
>passed!
repetition: 87738
>passed!
repetition: 87739
>passed!
repetition: 87740
>passed!
repetition: 87741
>passed!
repetition: 87742
>passed!
repetition: 87743
>passed!
repetition: 87744
>passed!
repetition: 87745
>passed!
repetition: 87746
>passed!
repetition: 87747
>passed!
repetition: 87748
>passed!
repetition: 87749
>passed!
repetition: 87750
>passed!
repetition: 87751
>passed!
repetition: 87752
>passed!
repetition: 87753
>passed!
repetition: 87754
>passed!
repetition: 87755
>passed!
repetition: 87756
>passed!
repetition: 87757
>passed!
repetition: 87758
>passed!
repetition: 87759
>passed!
repetition: 87760
>passed!
repetition: 87761
>passed!
repetition: 87762
>passed!
repetition: 87763
>passed!
repetition: 87764
>passed!
repetition: 87765
>passed!
repetition: 87766
>passed!
repetition: 87767
>passed!
repetition: 87768
>passed!
repetition: 87769
>passed!
repetition: 87770
>passed!
repetition: 87771
>passed!
repetition: 87772
>passed!
repetition: 87773
>passed!
repetition: 87774
>passed!
repetition: 87775
>passed!
repetition: 87776
>passed!
repetition: 87777
>passed!
repetition: 87778
>passed!
repetition: 87779
>passed!
repetition: 87780
>passed!
repetition: 87781
>passed!
repetition: 87782
>passed!
repetition: 87783
>passed!
repetition: 87784
>passed!
repetition: 87785
>passed!
repetition: 87786
>passed!
repetition: 87787
>passed!
repetition: 87788
>passed!
repetition: 87789
>passed!
repetition: 87790
>passed!
repetition: 87791
>passed!
repetition: 87792
>passed!
repetition: 87793
>passed!
repetition: 87794
>passed!
repetition: 87795
>passed!
repetition: 87796
>passed!
repetition: 87797
>passed!
repetition: 87798
>passed!
repetition: 87799
>passed!
repetition: 87800
>passed!
repetition: 87801
>passed!
repetition: 87802
>passed!
repetition: 87803
>passed!
repetition: 87804
>passed!
repetition: 87805
>passed!
repetition: 87806
>passed!
repetition: 87807
>passed!
repetition: 87808
>passed!
repetition: 87809
>passed!
repetition: 87810
>passed!
repetition: 87811
>passed!
repetition: 87812
>passed!
repetition: 87813
>passed!
repetition: 87814
>passed!
repetition: 87815
>passed!
repetition: 87816
>passed!
repetition: 87817
>passed!
repetition: 87818
>passed!
repetition: 87819
>passed!
repetition: 87820
>passed!
repetition: 87821
>passed!
repetition: 87822
>passed!
repetition: 87823
>passed!
repetition: 87824
>passed!
repetition: 87825
>passed!
repetition: 87826
>passed!
repetition: 87827
>passed!
repetition: 87828
>passed!
repetition: 87829
>passed!
repetition: 87830
>passed!
repetition: 87831
>passed!
repetition: 87832
>passed!
repetition: 87833
>passed!
repetition: 87834
>passed!
repetition: 87835
>passed!
repetition: 87836
>passed!
repetition: 87837
>passed!
repetition: 87838
>passed!
repetition: 87839
>passed!
repetition: 87840
>passed!
repetition: 87841
>passed!
repetition: 87842
>passed!
repetition: 87843
>passed!
repetition: 87844
>passed!
repetition: 87845
>passed!
repetition: 87846
>passed!
repetition: 87847
>passed!
repetition: 87848
>passed!
repetition: 87849
>passed!
repetition: 87850
>passed!
repetition: 87851
>passed!
repetition: 87852
>passed!
repetition: 87853
>passed!
repetition: 87854
>passed!
repetition: 87855
>passed!
repetition: 87856
>passed!
repetition: 87857
>passed!
repetition: 87858
>passed!
repetition: 87859
>passed!
repetition: 87860
>passed!
repetition: 87861
>passed!
repetition: 87862
>passed!
repetition: 87863
>passed!
repetition: 87864
>passed!
repetition: 87865
>passed!
repetition: 87866
>passed!
repetition: 87867
>passed!
repetition: 87868
>passed!
repetition: 87869
>passed!
repetition: 87870
>passed!
repetition: 87871
>passed!
repetition: 87872
>passed!
repetition: 87873
>passed!
repetition: 87874
>passed!
repetition: 87875
>passed!
repetition: 87876
>passed!
repetition: 87877
>passed!
repetition: 87878
>passed!
repetition: 87879
>passed!
repetition: 87880
>passed!
repetition: 87881
>passed!
repetition: 87882
>passed!
repetition: 87883
>passed!
repetition: 87884
>passed!
repetition: 87885
>passed!
repetition: 87886
>passed!
repetition: 87887
>passed!
repetition: 87888
>passed!
repetition: 87889
>passed!
repetition: 87890
>passed!
repetition: 87891
>passed!
repetition: 87892
>passed!
repetition: 87893
>passed!
repetition: 87894
>passed!
repetition: 87895
>passed!
repetition: 87896
>passed!
repetition: 87897
>passed!
repetition: 87898
>passed!
repetition: 87899
>passed!
repetition: 87900
>passed!
repetition: 87901
>passed!
repetition: 87902
>passed!
repetition: 87903
>passed!
repetition: 87904
>passed!
repetition: 87905
>passed!
repetition: 87906
>passed!
repetition: 87907
>passed!
repetition: 87908
>passed!
repetition: 87909
>passed!
repetition: 87910
>passed!
repetition: 87911
>passed!
repetition: 87912
>passed!
repetition: 87913
>passed!
repetition: 87914
>passed!
repetition: 87915
>passed!
repetition: 87916
>passed!
repetition: 87917
>passed!
repetition: 87918
>passed!
repetition: 87919
>passed!
repetition: 87920
>passed!
repetition: 87921
>passed!
repetition: 87922
>passed!
repetition: 87923
>passed!
repetition: 87924
>passed!
repetition: 87925
>passed!
repetition: 87926
>passed!
repetition: 87927
>passed!
repetition: 87928
>passed!
repetition: 87929
>passed!
repetition: 87930
>passed!
repetition: 87931
>passed!
repetition: 87932
>passed!
repetition: 87933
>passed!
repetition: 87934
>passed!
repetition: 87935
>passed!
repetition: 87936
>passed!
repetition: 87937
>passed!
repetition: 87938
>passed!
repetition: 87939
>passed!
repetition: 87940
>passed!
repetition: 87941
>passed!
repetition: 87942
>passed!
repetition: 87943
>passed!
repetition: 87944
>passed!
repetition: 87945
>passed!
repetition: 87946
>passed!
repetition: 87947
>passed!
repetition: 87948
>passed!
repetition: 87949
>passed!
repetition: 87950
>passed!
repetition: 87951
>passed!
repetition: 87952
>passed!
repetition: 87953
>passed!
repetition: 87954
>passed!
repetition: 87955
>passed!
repetition: 87956
>passed!
repetition: 87957
>passed!
repetition: 87958
>passed!
repetition: 87959
>passed!
repetition: 87960
>passed!
repetition: 87961
>passed!
repetition: 87962
>passed!
repetition: 87963
>passed!
repetition: 87964
>passed!
repetition: 87965
>passed!
repetition: 87966
>passed!
repetition: 87967
>passed!
repetition: 87968
>passed!
repetition: 87969
>passed!
repetition: 87970
>passed!
repetition: 87971
>passed!
repetition: 87972
>passed!
repetition: 87973
>passed!
repetition: 87974
>passed!
repetition: 87975
>passed!
repetition: 87976
>passed!
repetition: 87977
>passed!
repetition: 87978
>passed!
repetition: 87979
>passed!
repetition: 87980
>passed!
repetition: 87981
>passed!
repetition: 87982
>passed!
repetition: 87983
>passed!
repetition: 87984
>passed!
repetition: 87985
>passed!
repetition: 87986
>passed!
repetition: 87987
>passed!
repetition: 87988
>passed!
repetition: 87989
>passed!
repetition: 87990
>passed!
repetition: 87991
>passed!
repetition: 87992
>passed!
repetition: 87993
>passed!
repetition: 87994
>passed!
repetition: 87995
>passed!
repetition: 87996
>passed!
repetition: 87997
>passed!
repetition: 87998
>passed!
repetition: 87999
>passed!
repetition: 88000
>passed!
repetition: 88001
>passed!
repetition: 88002
>passed!
repetition: 88003
>passed!
repetition: 88004
>passed!
repetition: 88005
>passed!
repetition: 88006
>passed!
repetition: 88007
>passed!
repetition: 88008
>passed!
repetition: 88009
>passed!
repetition: 88010
>passed!
repetition: 88011
>passed!
repetition: 88012
>passed!
repetition: 88013
>passed!
repetition: 88014
>passed!
repetition: 88015
>passed!
repetition: 88016
>passed!
repetition: 88017
>passed!
repetition: 88018
>passed!
repetition: 88019
>passed!
repetition: 88020
>passed!
repetition: 88021
>passed!
repetition: 88022
>passed!
repetition: 88023
>passed!
repetition: 88024
>passed!
repetition: 88025
>passed!
repetition: 88026
>passed!
repetition: 88027
>passed!
repetition: 88028
>passed!
repetition: 88029
>passed!
repetition: 88030
>passed!
repetition: 88031
>passed!
repetition: 88032
>passed!
repetition: 88033
>passed!
repetition: 88034
>passed!
repetition: 88035
>passed!
repetition: 88036
>passed!
repetition: 88037
>passed!
repetition: 88038
>passed!
repetition: 88039
>passed!
repetition: 88040
>passed!
repetition: 88041
>passed!
repetition: 88042
>passed!
repetition: 88043
>passed!
repetition: 88044
>passed!
repetition: 88045
>passed!
repetition: 88046
>passed!
repetition: 88047
>passed!
repetition: 88048
>passed!
repetition: 88049
>passed!
repetition: 88050
>passed!
repetition: 88051
>passed!
repetition: 88052
>passed!
repetition: 88053
>passed!
repetition: 88054
>passed!
repetition: 88055
>passed!
repetition: 88056
>passed!
repetition: 88057
>passed!
repetition: 88058
>passed!
repetition: 88059
>passed!
repetition: 88060
>passed!
repetition: 88061
>passed!
repetition: 88062
>passed!
repetition: 88063
>passed!
repetition: 88064
>passed!
repetition: 88065
>passed!
repetition: 88066
>passed!
repetition: 88067
>passed!
repetition: 88068
>passed!
repetition: 88069
>passed!
repetition: 88070
>passed!
repetition: 88071
>passed!
repetition: 88072
>passed!
repetition: 88073
>passed!
repetition: 88074
>passed!
repetition: 88075
>passed!
repetition: 88076
>passed!
repetition: 88077
>passed!
repetition: 88078
>passed!
repetition: 88079
>passed!
repetition: 88080
>passed!
repetition: 88081
>passed!
repetition: 88082
>passed!
repetition: 88083
>passed!
repetition: 88084
>passed!
repetition: 88085
>passed!
repetition: 88086
>passed!
repetition: 88087
>passed!
repetition: 88088
>passed!
repetition: 88089
>passed!
repetition: 88090
>passed!
repetition: 88091
>passed!
repetition: 88092
>passed!
repetition: 88093
>passed!
repetition: 88094
>passed!
repetition: 88095
>passed!
repetition: 88096
>passed!
repetition: 88097
>passed!
repetition: 88098
>passed!
repetition: 88099
>passed!
repetition: 88100
>passed!
repetition: 88101
>passed!
repetition: 88102
>passed!
repetition: 88103
>passed!
repetition: 88104
>passed!
repetition: 88105
>passed!
repetition: 88106
>passed!
repetition: 88107
>passed!
repetition: 88108
>passed!
repetition: 88109
>passed!
repetition: 88110
>passed!
repetition: 88111
>passed!
repetition: 88112
>passed!
repetition: 88113
>passed!
repetition: 88114
>passed!
repetition: 88115
>passed!
repetition: 88116
>passed!
repetition: 88117
>passed!
repetition: 88118
>passed!
repetition: 88119
>passed!
repetition: 88120
>passed!
repetition: 88121
>passed!
repetition: 88122
>passed!
repetition: 88123
>passed!
repetition: 88124
>passed!
repetition: 88125
>passed!
repetition: 88126
>passed!
repetition: 88127
>passed!
repetition: 88128
>passed!
repetition: 88129
>passed!
repetition: 88130
>passed!
repetition: 88131
>passed!
repetition: 88132
>passed!
repetition: 88133
>passed!
repetition: 88134
>passed!
repetition: 88135
>passed!
repetition: 88136
>passed!
repetition: 88137
>passed!
repetition: 88138
>passed!
repetition: 88139
>passed!
repetition: 88140
>passed!
repetition: 88141
>passed!
repetition: 88142
>passed!
repetition: 88143
>passed!
repetition: 88144
>passed!
repetition: 88145
>passed!
repetition: 88146
>passed!
repetition: 88147
>passed!
repetition: 88148
>passed!
repetition: 88149
>passed!
repetition: 88150
>passed!
repetition: 88151
>passed!
repetition: 88152
>passed!
repetition: 88153
>passed!
repetition: 88154
>passed!
repetition: 88155
>passed!
repetition: 88156
>passed!
repetition: 88157
>passed!
repetition: 88158
>passed!
repetition: 88159
>passed!
repetition: 88160
>passed!
repetition: 88161
>passed!
repetition: 88162
>passed!
repetition: 88163
>passed!
repetition: 88164
>passed!
repetition: 88165
>passed!
repetition: 88166
>passed!
repetition: 88167
>passed!
repetition: 88168
>passed!
repetition: 88169
>passed!
repetition: 88170
>passed!
repetition: 88171
>passed!
repetition: 88172
>passed!
repetition: 88173
>passed!
repetition: 88174
>passed!
repetition: 88175
>passed!
repetition: 88176
>passed!
repetition: 88177
>passed!
repetition: 88178
>passed!
repetition: 88179
>passed!
repetition: 88180
>passed!
repetition: 88181
>passed!
repetition: 88182
>passed!
repetition: 88183
>passed!
repetition: 88184
>passed!
repetition: 88185
>passed!
repetition: 88186
>passed!
repetition: 88187
>passed!
repetition: 88188
>passed!
repetition: 88189
>passed!
repetition: 88190
>passed!
repetition: 88191
>passed!
repetition: 88192
>passed!
repetition: 88193
>passed!
repetition: 88194
>passed!
repetition: 88195
>passed!
repetition: 88196
>passed!
repetition: 88197
>passed!
repetition: 88198
>passed!
repetition: 88199
>passed!
repetition: 88200
>passed!
repetition: 88201
>passed!
repetition: 88202
>passed!
repetition: 88203
>passed!
repetition: 88204
>passed!
repetition: 88205
>passed!
repetition: 88206
>passed!
repetition: 88207
>passed!
repetition: 88208
>passed!
repetition: 88209
>passed!
repetition: 88210
>passed!
repetition: 88211
>passed!
repetition: 88212
>passed!
repetition: 88213
>passed!
repetition: 88214
>passed!
repetition: 88215
>passed!
repetition: 88216
>passed!
repetition: 88217
>passed!
repetition: 88218
>passed!
repetition: 88219
>passed!
repetition: 88220
>passed!
repetition: 88221
>passed!
repetition: 88222
>passed!
repetition: 88223
>passed!
repetition: 88224
>passed!
repetition: 88225
>passed!
repetition: 88226
>passed!
repetition: 88227
>passed!
repetition: 88228
>passed!
repetition: 88229
>passed!
repetition: 88230
>passed!
repetition: 88231
>passed!
repetition: 88232
>passed!
repetition: 88233
>passed!
repetition: 88234
>passed!
repetition: 88235
>passed!
repetition: 88236
>passed!
repetition: 88237
>passed!
repetition: 88238
>passed!
repetition: 88239
>passed!
repetition: 88240
>passed!
repetition: 88241
>passed!
repetition: 88242
>passed!
repetition: 88243
>passed!
repetition: 88244
>passed!
repetition: 88245
>passed!
repetition: 88246
>passed!
repetition: 88247
>passed!
repetition: 88248
>passed!
repetition: 88249
>passed!
repetition: 88250
>passed!
repetition: 88251
>passed!
repetition: 88252
>passed!
repetition: 88253
>passed!
repetition: 88254
>passed!
repetition: 88255
>passed!
repetition: 88256
>passed!
repetition: 88257
>passed!
repetition: 88258
>passed!
repetition: 88259
>passed!
repetition: 88260
>passed!
repetition: 88261
>passed!
repetition: 88262
>passed!
repetition: 88263
>passed!
repetition: 88264
>passed!
repetition: 88265
>passed!
repetition: 88266
>passed!
repetition: 88267
>passed!
repetition: 88268
>passed!
repetition: 88269
>passed!
repetition: 88270
>passed!
repetition: 88271
>passed!
repetition: 88272
>passed!
repetition: 88273
>passed!
repetition: 88274
>passed!
repetition: 88275
>passed!
repetition: 88276
>passed!
repetition: 88277
>passed!
repetition: 88278
>passed!
repetition: 88279
>passed!
repetition: 88280
>passed!
repetition: 88281
>passed!
repetition: 88282
>passed!
repetition: 88283
>passed!
repetition: 88284
>passed!
repetition: 88285
>passed!
repetition: 88286
>passed!
repetition: 88287
>passed!
repetition: 88288
>passed!
repetition: 88289
>passed!
repetition: 88290
>passed!
repetition: 88291
>passed!
repetition: 88292
>passed!
repetition: 88293
>passed!
repetition: 88294
>passed!
repetition: 88295
>passed!
repetition: 88296
>passed!
repetition: 88297
>passed!
repetition: 88298
>passed!
repetition: 88299
>passed!
repetition: 88300
>passed!
repetition: 88301
>passed!
repetition: 88302
>passed!
repetition: 88303
>passed!
repetition: 88304
>passed!
repetition: 88305
>passed!
repetition: 88306
>passed!
repetition: 88307
>passed!
repetition: 88308
>passed!
repetition: 88309
>passed!
repetition: 88310
>passed!
repetition: 88311
>passed!
repetition: 88312
>passed!
repetition: 88313
>passed!
repetition: 88314
>passed!
repetition: 88315
>passed!
repetition: 88316
>passed!
repetition: 88317
>passed!
repetition: 88318
>passed!
repetition: 88319
>passed!
repetition: 88320
>passed!
repetition: 88321
>passed!
repetition: 88322
>passed!
repetition: 88323
>passed!
repetition: 88324
>passed!
repetition: 88325
>passed!
repetition: 88326
>passed!
repetition: 88327
>passed!
repetition: 88328
>passed!
repetition: 88329
>passed!
repetition: 88330
>passed!
repetition: 88331
>passed!
repetition: 88332
>passed!
repetition: 88333
>passed!
repetition: 88334
>passed!
repetition: 88335
>passed!
repetition: 88336
>passed!
repetition: 88337
>passed!
repetition: 88338
>passed!
repetition: 88339
>passed!
repetition: 88340
>passed!
repetition: 88341
>passed!
repetition: 88342
>passed!
repetition: 88343
>passed!
repetition: 88344
>passed!
repetition: 88345
>passed!
repetition: 88346
>passed!
repetition: 88347
>passed!
repetition: 88348
>passed!
repetition: 88349
>passed!
repetition: 88350
>passed!
repetition: 88351
>passed!
repetition: 88352
>passed!
repetition: 88353
>passed!
repetition: 88354
>passed!
repetition: 88355
>passed!
repetition: 88356
>passed!
repetition: 88357
>passed!
repetition: 88358
>passed!
repetition: 88359
>passed!
repetition: 88360
>passed!
repetition: 88361
>passed!
repetition: 88362
>passed!
repetition: 88363
>passed!
repetition: 88364
>passed!
repetition: 88365
>passed!
repetition: 88366
>passed!
repetition: 88367
>passed!
repetition: 88368
>passed!
repetition: 88369
>passed!
repetition: 88370
>passed!
repetition: 88371
>passed!
repetition: 88372
>passed!
repetition: 88373
>passed!
repetition: 88374
>passed!
repetition: 88375
>passed!
repetition: 88376
>passed!
repetition: 88377
>passed!
repetition: 88378
>passed!
repetition: 88379
>passed!
repetition: 88380
>passed!
repetition: 88381
>passed!
repetition: 88382
>passed!
repetition: 88383
>passed!
repetition: 88384
>passed!
repetition: 88385
>passed!
repetition: 88386
>passed!
repetition: 88387
>passed!
repetition: 88388
>passed!
repetition: 88389
>passed!
repetition: 88390
>passed!
repetition: 88391
>passed!
repetition: 88392
>passed!
repetition: 88393
>passed!
repetition: 88394
>passed!
repetition: 88395
>passed!
repetition: 88396
>passed!
repetition: 88397
>passed!
repetition: 88398
>passed!
repetition: 88399
>passed!
repetition: 88400
>passed!
repetition: 88401
>passed!
repetition: 88402
>passed!
repetition: 88403
>passed!
repetition: 88404
>passed!
repetition: 88405
>passed!
repetition: 88406
>passed!
repetition: 88407
>passed!
repetition: 88408
>passed!
repetition: 88409
>passed!
repetition: 88410
>passed!
repetition: 88411
>passed!
repetition: 88412
>passed!
repetition: 88413
>passed!
repetition: 88414
>passed!
repetition: 88415
>passed!
repetition: 88416
>passed!
repetition: 88417
>passed!
repetition: 88418
>passed!
repetition: 88419
>passed!
repetition: 88420
>passed!
repetition: 88421
>passed!
repetition: 88422
>passed!
repetition: 88423
>passed!
repetition: 88424
>passed!
repetition: 88425
>passed!
repetition: 88426
>passed!
repetition: 88427
>passed!
repetition: 88428
>passed!
repetition: 88429
>passed!
repetition: 88430
>passed!
repetition: 88431
>passed!
repetition: 88432
>passed!
repetition: 88433
>passed!
repetition: 88434
>passed!
repetition: 88435
>passed!
repetition: 88436
>passed!
repetition: 88437
>passed!
repetition: 88438
>passed!
repetition: 88439
>passed!
repetition: 88440
>passed!
repetition: 88441
>passed!
repetition: 88442
>passed!
repetition: 88443
>passed!
repetition: 88444
>passed!
repetition: 88445
>passed!
repetition: 88446
>passed!
repetition: 88447
>passed!
repetition: 88448
>passed!
repetition: 88449
>passed!
repetition: 88450
>passed!
repetition: 88451
>passed!
repetition: 88452
>passed!
repetition: 88453
>passed!
repetition: 88454
>passed!
repetition: 88455
>passed!
repetition: 88456
>passed!
repetition: 88457
>passed!
repetition: 88458
>passed!
repetition: 88459
>passed!
repetition: 88460
>passed!
repetition: 88461
>passed!
repetition: 88462
>passed!
repetition: 88463
>passed!
repetition: 88464
>passed!
repetition: 88465
>passed!
repetition: 88466
>passed!
repetition: 88467
>passed!
repetition: 88468
>passed!
repetition: 88469
>passed!
repetition: 88470
>passed!
repetition: 88471
>passed!
repetition: 88472
>passed!
repetition: 88473
>passed!
repetition: 88474
>passed!
repetition: 88475
>passed!
repetition: 88476
>passed!
repetition: 88477
>passed!
repetition: 88478
>passed!
repetition: 88479
>passed!
repetition: 88480
>passed!
repetition: 88481
>passed!
repetition: 88482
>passed!
repetition: 88483
>passed!
repetition: 88484
>passed!
repetition: 88485
>passed!
repetition: 88486
>passed!
repetition: 88487
>passed!
repetition: 88488
>passed!
repetition: 88489
>passed!
repetition: 88490
>passed!
repetition: 88491
>passed!
repetition: 88492
>passed!
repetition: 88493
>passed!
repetition: 88494
>passed!
repetition: 88495
>passed!
repetition: 88496
>passed!
repetition: 88497
>passed!
repetition: 88498
>passed!
repetition: 88499
>passed!
repetition: 88500
>passed!
repetition: 88501
>passed!
repetition: 88502
>passed!
repetition: 88503
>passed!
repetition: 88504
>passed!
repetition: 88505
>passed!
repetition: 88506
>passed!
repetition: 88507
>passed!
repetition: 88508
>passed!
repetition: 88509
>passed!
repetition: 88510
>passed!
repetition: 88511
>passed!
repetition: 88512
>passed!
repetition: 88513
>passed!
repetition: 88514
>passed!
repetition: 88515
>passed!
repetition: 88516
>passed!
repetition: 88517
>passed!
repetition: 88518
>passed!
repetition: 88519
>passed!
repetition: 88520
>passed!
repetition: 88521
>passed!
repetition: 88522
>passed!
repetition: 88523
>passed!
repetition: 88524
>passed!
repetition: 88525
>passed!
repetition: 88526
>passed!
repetition: 88527
>passed!
repetition: 88528
>passed!
repetition: 88529
>passed!
repetition: 88530
>passed!
repetition: 88531
>passed!
repetition: 88532
>passed!
repetition: 88533
>passed!
repetition: 88534
>passed!
repetition: 88535
>passed!
repetition: 88536
>passed!
repetition: 88537
>passed!
repetition: 88538
>passed!
repetition: 88539
>passed!
repetition: 88540
>passed!
repetition: 88541
>passed!
repetition: 88542
>passed!
repetition: 88543
>passed!
repetition: 88544
>passed!
repetition: 88545
>passed!
repetition: 88546
>passed!
repetition: 88547
>passed!
repetition: 88548
>passed!
repetition: 88549
>passed!
repetition: 88550
>passed!
repetition: 88551
>passed!
repetition: 88552
>passed!
repetition: 88553
>passed!
repetition: 88554
>passed!
repetition: 88555
>passed!
repetition: 88556
>passed!
repetition: 88557
>passed!
repetition: 88558
>passed!
repetition: 88559
>passed!
repetition: 88560
>passed!
repetition: 88561
>passed!
repetition: 88562
>passed!
repetition: 88563
>passed!
repetition: 88564
>passed!
repetition: 88565
>passed!
repetition: 88566
>passed!
repetition: 88567
>passed!
repetition: 88568
>passed!
repetition: 88569
>passed!
repetition: 88570
>passed!
repetition: 88571
>passed!
repetition: 88572
>passed!
repetition: 88573
>passed!
repetition: 88574
>passed!
repetition: 88575
>passed!
repetition: 88576
>passed!
repetition: 88577
>passed!
repetition: 88578
>passed!
repetition: 88579
>passed!
repetition: 88580
>passed!
repetition: 88581
>passed!
repetition: 88582
>passed!
repetition: 88583
>passed!
repetition: 88584
>passed!
repetition: 88585
>passed!
repetition: 88586
>passed!
repetition: 88587
>passed!
repetition: 88588
>passed!
repetition: 88589
>passed!
repetition: 88590
>passed!
repetition: 88591
>passed!
repetition: 88592
>passed!
repetition: 88593
>passed!
repetition: 88594
>passed!
repetition: 88595
>passed!
repetition: 88596
>passed!
repetition: 88597
>passed!
repetition: 88598
>passed!
repetition: 88599
>passed!
repetition: 88600
>passed!
repetition: 88601
>passed!
repetition: 88602
>passed!
repetition: 88603
>passed!
repetition: 88604
>passed!
repetition: 88605
>passed!
repetition: 88606
>passed!
repetition: 88607
>passed!
repetition: 88608
>passed!
repetition: 88609
>passed!
repetition: 88610
>passed!
repetition: 88611
>passed!
repetition: 88612
>passed!
repetition: 88613
>passed!
repetition: 88614
>passed!
repetition: 88615
>passed!
repetition: 88616
>passed!
repetition: 88617
>passed!
repetition: 88618
>passed!
repetition: 88619
>passed!
repetition: 88620
>passed!
repetition: 88621
>passed!
repetition: 88622
>passed!
repetition: 88623
>passed!
repetition: 88624
>passed!
repetition: 88625
>passed!
repetition: 88626
>passed!
repetition: 88627
>passed!
repetition: 88628
>passed!
repetition: 88629
>passed!
repetition: 88630
>passed!
repetition: 88631
>passed!
repetition: 88632
>passed!
repetition: 88633
>passed!
repetition: 88634
>passed!
repetition: 88635
>passed!
repetition: 88636
>passed!
repetition: 88637
>passed!
repetition: 88638
>passed!
repetition: 88639
>passed!
repetition: 88640
>passed!
repetition: 88641
>passed!
repetition: 88642
>passed!
repetition: 88643
>passed!
repetition: 88644
>passed!
repetition: 88645
>passed!
repetition: 88646
>passed!
repetition: 88647
>passed!
repetition: 88648
>passed!
repetition: 88649
>passed!
repetition: 88650
>passed!
repetition: 88651
>passed!
repetition: 88652
>passed!
repetition: 88653
>passed!
repetition: 88654
>passed!
repetition: 88655
>passed!
repetition: 88656
>passed!
repetition: 88657
>passed!
repetition: 88658
>passed!
repetition: 88659
>passed!
repetition: 88660
>passed!
repetition: 88661
>passed!
repetition: 88662
>passed!
repetition: 88663
>passed!
repetition: 88664
>passed!
repetition: 88665
>passed!
repetition: 88666
>passed!
repetition: 88667
>passed!
repetition: 88668
>passed!
repetition: 88669
>passed!
repetition: 88670
>passed!
repetition: 88671
>passed!
repetition: 88672
>passed!
repetition: 88673
>passed!
repetition: 88674
>passed!
repetition: 88675
>passed!
repetition: 88676
>passed!
repetition: 88677
>passed!
repetition: 88678
>passed!
repetition: 88679
>passed!
repetition: 88680
>passed!
repetition: 88681
>passed!
repetition: 88682
>passed!
repetition: 88683
>passed!
repetition: 88684
>passed!
repetition: 88685
>passed!
repetition: 88686
>passed!
repetition: 88687
>passed!
repetition: 88688
>passed!
repetition: 88689
>passed!
repetition: 88690
>passed!
repetition: 88691
>passed!
repetition: 88692
>passed!
repetition: 88693
>passed!
repetition: 88694
>passed!
repetition: 88695
>passed!
repetition: 88696
>passed!
repetition: 88697
>passed!
repetition: 88698
>passed!
repetition: 88699
>passed!
repetition: 88700
>passed!
repetition: 88701
>passed!
repetition: 88702
>passed!
repetition: 88703
>passed!
repetition: 88704
>passed!
repetition: 88705
>passed!
repetition: 88706
>passed!
repetition: 88707
>passed!
repetition: 88708
>passed!
repetition: 88709
>passed!
repetition: 88710
>passed!
repetition: 88711
>passed!
repetition: 88712
>passed!
repetition: 88713
>passed!
repetition: 88714
>passed!
repetition: 88715
>passed!
repetition: 88716
>passed!
repetition: 88717
>passed!
repetition: 88718
>passed!
repetition: 88719
>passed!
repetition: 88720
>passed!
repetition: 88721
>passed!
repetition: 88722
>passed!
repetition: 88723
>passed!
repetition: 88724
>passed!
repetition: 88725
>passed!
repetition: 88726
>passed!
repetition: 88727
>passed!
repetition: 88728
>passed!
repetition: 88729
>passed!
repetition: 88730
>passed!
repetition: 88731
>passed!
repetition: 88732
>passed!
repetition: 88733
>passed!
repetition: 88734
>passed!
repetition: 88735
>passed!
repetition: 88736
>passed!
repetition: 88737
>passed!
repetition: 88738
>passed!
repetition: 88739
>passed!
repetition: 88740
>passed!
repetition: 88741
>passed!
repetition: 88742
>passed!
repetition: 88743
>passed!
repetition: 88744
>passed!
repetition: 88745
>passed!
repetition: 88746
>passed!
repetition: 88747
>passed!
repetition: 88748
>passed!
repetition: 88749
>passed!
repetition: 88750
>passed!
repetition: 88751
>passed!
repetition: 88752
>passed!
repetition: 88753
>passed!
repetition: 88754
>passed!
repetition: 88755
>passed!
repetition: 88756
>passed!
repetition: 88757
>passed!
repetition: 88758
>passed!
repetition: 88759
>passed!
repetition: 88760
>passed!
repetition: 88761
>passed!
repetition: 88762
>passed!
repetition: 88763
>passed!
repetition: 88764
>passed!
repetition: 88765
>passed!
repetition: 88766
>passed!
repetition: 88767
>passed!
repetition: 88768
>passed!
repetition: 88769
>passed!
repetition: 88770
>passed!
repetition: 88771
>passed!
repetition: 88772
>passed!
repetition: 88773
>passed!
repetition: 88774
>passed!
repetition: 88775
>passed!
repetition: 88776
>passed!
repetition: 88777
>passed!
repetition: 88778
>passed!
repetition: 88779
>passed!
repetition: 88780
>passed!
repetition: 88781
>passed!
repetition: 88782
>passed!
repetition: 88783
>passed!
repetition: 88784
>passed!
repetition: 88785
>passed!
repetition: 88786
>passed!
repetition: 88787
>passed!
repetition: 88788
>passed!
repetition: 88789
>passed!
repetition: 88790
>passed!
repetition: 88791
>passed!
repetition: 88792
>passed!
repetition: 88793
>passed!
repetition: 88794
>passed!
repetition: 88795
>passed!
repetition: 88796
>passed!
repetition: 88797
>passed!
repetition: 88798
>passed!
repetition: 88799
>passed!
repetition: 88800
>passed!
repetition: 88801
>passed!
repetition: 88802
>passed!
repetition: 88803
>passed!
repetition: 88804
>passed!
repetition: 88805
>passed!
repetition: 88806
>passed!
repetition: 88807
>passed!
repetition: 88808
>passed!
repetition: 88809
>passed!
repetition: 88810
>passed!
repetition: 88811
>passed!
repetition: 88812
>passed!
repetition: 88813
>passed!
repetition: 88814
>passed!
repetition: 88815
>passed!
repetition: 88816
>passed!
repetition: 88817
>passed!
repetition: 88818
>passed!
repetition: 88819
>passed!
repetition: 88820
>passed!
repetition: 88821
>passed!
repetition: 88822
>passed!
repetition: 88823
>passed!
repetition: 88824
>passed!
repetition: 88825
>passed!
repetition: 88826
>passed!
repetition: 88827
>passed!
repetition: 88828
>passed!
repetition: 88829
>passed!
repetition: 88830
>passed!
repetition: 88831
>passed!
repetition: 88832
>passed!
repetition: 88833
>passed!
repetition: 88834
>passed!
repetition: 88835
>passed!
repetition: 88836
>passed!
repetition: 88837
>passed!
repetition: 88838
>passed!
repetition: 88839
>passed!
repetition: 88840
>passed!
repetition: 88841
>passed!
repetition: 88842
>passed!
repetition: 88843
>passed!
repetition: 88844
>passed!
repetition: 88845
>passed!
repetition: 88846
>passed!
repetition: 88847
>passed!
repetition: 88848
>passed!
repetition: 88849
>passed!
repetition: 88850
>passed!
repetition: 88851
>passed!
repetition: 88852
>passed!
repetition: 88853
>passed!
repetition: 88854
>passed!
repetition: 88855
>passed!
repetition: 88856
>passed!
repetition: 88857
>passed!
repetition: 88858
>passed!
repetition: 88859
>passed!
repetition: 88860
>passed!
repetition: 88861
>passed!
repetition: 88862
>passed!
repetition: 88863
>passed!
repetition: 88864
>passed!
repetition: 88865
>passed!
repetition: 88866
>passed!
repetition: 88867
>passed!
repetition: 88868
>passed!
repetition: 88869
>passed!
repetition: 88870
>passed!
repetition: 88871
>passed!
repetition: 88872
>passed!
repetition: 88873
>passed!
repetition: 88874
>passed!
repetition: 88875
>passed!
repetition: 88876
>passed!
repetition: 88877
>passed!
repetition: 88878
>passed!
repetition: 88879
>passed!
repetition: 88880
>passed!
repetition: 88881
>passed!
repetition: 88882
>passed!
repetition: 88883
>passed!
repetition: 88884
>passed!
repetition: 88885
>passed!
repetition: 88886
>passed!
repetition: 88887
>passed!
repetition: 88888
>passed!
repetition: 88889
>passed!
repetition: 88890
>passed!
repetition: 88891
>passed!
repetition: 88892
>passed!
repetition: 88893
>passed!
repetition: 88894
>passed!
repetition: 88895
>passed!
repetition: 88896
>passed!
repetition: 88897
>passed!
repetition: 88898
>passed!
repetition: 88899
>passed!
repetition: 88900
>passed!
repetition: 88901
>passed!
repetition: 88902
>passed!
repetition: 88903
>passed!
repetition: 88904
>passed!
repetition: 88905
>passed!
repetition: 88906
>passed!
repetition: 88907
>passed!
repetition: 88908
>passed!
repetition: 88909
>passed!
repetition: 88910
>passed!
repetition: 88911
>passed!
repetition: 88912
>passed!
repetition: 88913
>passed!
repetition: 88914
>passed!
repetition: 88915
>passed!
repetition: 88916
>passed!
repetition: 88917
>passed!
repetition: 88918
>passed!
repetition: 88919
>passed!
repetition: 88920
>passed!
repetition: 88921
>passed!
repetition: 88922
>passed!
repetition: 88923
>passed!
repetition: 88924
>passed!
repetition: 88925
>passed!
repetition: 88926
>passed!
repetition: 88927
>passed!
repetition: 88928
>passed!
repetition: 88929
>passed!
repetition: 88930
>passed!
repetition: 88931
>passed!
repetition: 88932
>passed!
repetition: 88933
>passed!
repetition: 88934
>passed!
repetition: 88935
>passed!
repetition: 88936
>passed!
repetition: 88937
>passed!
repetition: 88938
>passed!
repetition: 88939
>passed!
repetition: 88940
>passed!
repetition: 88941
>passed!
repetition: 88942
>passed!
repetition: 88943
>passed!
repetition: 88944
>passed!
repetition: 88945
>passed!
repetition: 88946
>passed!
repetition: 88947
>passed!
repetition: 88948
>passed!
repetition: 88949
>passed!
repetition: 88950
>passed!
repetition: 88951
>passed!
repetition: 88952
>passed!
repetition: 88953
>passed!
repetition: 88954
>passed!
repetition: 88955
>passed!
repetition: 88956
>passed!
repetition: 88957
>passed!
repetition: 88958
>passed!
repetition: 88959
>passed!
repetition: 88960
>passed!
repetition: 88961
>passed!
repetition: 88962
>passed!
repetition: 88963
>passed!
repetition: 88964
>passed!
repetition: 88965
>passed!
repetition: 88966
>passed!
repetition: 88967
>passed!
repetition: 88968
>passed!
repetition: 88969
>passed!
repetition: 88970
>passed!
repetition: 88971
>passed!
repetition: 88972
>passed!
repetition: 88973
>passed!
repetition: 88974
>passed!
repetition: 88975
>passed!
repetition: 88976
>passed!
repetition: 88977
>passed!
repetition: 88978
>passed!
repetition: 88979
>passed!
repetition: 88980
>passed!
repetition: 88981
>passed!
repetition: 88982
>passed!
repetition: 88983
>passed!
repetition: 88984
>passed!
repetition: 88985
>passed!
repetition: 88986
>passed!
repetition: 88987
>passed!
repetition: 88988
>passed!
repetition: 88989
>passed!
repetition: 88990
>passed!
repetition: 88991
>passed!
repetition: 88992
>passed!
repetition: 88993
>passed!
repetition: 88994
>passed!
repetition: 88995
>passed!
repetition: 88996
>passed!
repetition: 88997
>passed!
repetition: 88998
>passed!
repetition: 88999
>passed!
repetition: 89000
>passed!
repetition: 89001
>passed!
repetition: 89002
>passed!
repetition: 89003
>passed!
repetition: 89004
>passed!
repetition: 89005
>passed!
repetition: 89006
>passed!
repetition: 89007
>passed!
repetition: 89008
>passed!
repetition: 89009
>passed!
repetition: 89010
>passed!
repetition: 89011
>passed!
repetition: 89012
>passed!
repetition: 89013
>passed!
repetition: 89014
>passed!
repetition: 89015
>passed!
repetition: 89016
>passed!
repetition: 89017
>passed!
repetition: 89018
>passed!
repetition: 89019
>passed!
repetition: 89020
>passed!
repetition: 89021
>passed!
repetition: 89022
>passed!
repetition: 89023
>passed!
repetition: 89024
>passed!
repetition: 89025
>passed!
repetition: 89026
>passed!
repetition: 89027
>passed!
repetition: 89028
>passed!
repetition: 89029
>passed!
repetition: 89030
>passed!
repetition: 89031
>passed!
repetition: 89032
>passed!
repetition: 89033
>passed!
repetition: 89034
>passed!
repetition: 89035
>passed!
repetition: 89036
>passed!
repetition: 89037
>passed!
repetition: 89038
>passed!
repetition: 89039
>passed!
repetition: 89040
>passed!
repetition: 89041
>passed!
repetition: 89042
>passed!
repetition: 89043
>passed!
repetition: 89044
>passed!
repetition: 89045
>passed!
repetition: 89046
>passed!
repetition: 89047
>passed!
repetition: 89048
>passed!
repetition: 89049
>passed!
repetition: 89050
>passed!
repetition: 89051
>passed!
repetition: 89052
>passed!
repetition: 89053
>passed!
repetition: 89054
>passed!
repetition: 89055
>passed!
repetition: 89056
>passed!
repetition: 89057
>passed!
repetition: 89058
>passed!
repetition: 89059
>passed!
repetition: 89060
>passed!
repetition: 89061
>passed!
repetition: 89062
>passed!
repetition: 89063
>passed!
repetition: 89064
>passed!
repetition: 89065
>passed!
repetition: 89066
>passed!
repetition: 89067
>passed!
repetition: 89068
>passed!
repetition: 89069
>passed!
repetition: 89070
>passed!
repetition: 89071
>passed!
repetition: 89072
>passed!
repetition: 89073
>passed!
repetition: 89074
>passed!
repetition: 89075
>passed!
repetition: 89076
>passed!
repetition: 89077
>passed!
repetition: 89078
>passed!
repetition: 89079
>passed!
repetition: 89080
>passed!
repetition: 89081
>passed!
repetition: 89082
>passed!
repetition: 89083
>passed!
repetition: 89084
>passed!
repetition: 89085
>passed!
repetition: 89086
>passed!
repetition: 89087
>passed!
repetition: 89088
>passed!
repetition: 89089
>passed!
repetition: 89090
>passed!
repetition: 89091
>passed!
repetition: 89092
>passed!
repetition: 89093
>passed!
repetition: 89094
>passed!
repetition: 89095
>passed!
repetition: 89096
>passed!
repetition: 89097
>passed!
repetition: 89098
>passed!
repetition: 89099
>passed!
repetition: 89100
>passed!
repetition: 89101
>passed!
repetition: 89102
>passed!
repetition: 89103
>passed!
repetition: 89104
>passed!
repetition: 89105
>passed!
repetition: 89106
>passed!
repetition: 89107
>passed!
repetition: 89108
>passed!
repetition: 89109
>passed!
repetition: 89110
>passed!
repetition: 89111
>passed!
repetition: 89112
>passed!
repetition: 89113
>passed!
repetition: 89114
>passed!
repetition: 89115
>passed!
repetition: 89116
>passed!
repetition: 89117
>passed!
repetition: 89118
>passed!
repetition: 89119
>passed!
repetition: 89120
>passed!
repetition: 89121
>passed!
repetition: 89122
>passed!
repetition: 89123
>passed!
repetition: 89124
>passed!
repetition: 89125
>passed!
repetition: 89126
>passed!
repetition: 89127
>passed!
repetition: 89128
>passed!
repetition: 89129
>passed!
repetition: 89130
>passed!
repetition: 89131
>passed!
repetition: 89132
>passed!
repetition: 89133
>passed!
repetition: 89134
>passed!
repetition: 89135
>passed!
repetition: 89136
>passed!
repetition: 89137
>passed!
repetition: 89138
>passed!
repetition: 89139
>passed!
repetition: 89140
>passed!
repetition: 89141
>passed!
repetition: 89142
>passed!
repetition: 89143
>passed!
repetition: 89144
>passed!
repetition: 89145
>passed!
repetition: 89146
>passed!
repetition: 89147
>passed!
repetition: 89148
>passed!
repetition: 89149
>passed!
repetition: 89150
>passed!
repetition: 89151
>passed!
repetition: 89152
>passed!
repetition: 89153
>passed!
repetition: 89154
>passed!
repetition: 89155
>passed!
repetition: 89156
>passed!
repetition: 89157
>passed!
repetition: 89158
>passed!
repetition: 89159
>passed!
repetition: 89160
>passed!
repetition: 89161
>passed!
repetition: 89162
>passed!
repetition: 89163
>passed!
repetition: 89164
>passed!
repetition: 89165
>passed!
repetition: 89166
>passed!
repetition: 89167
>passed!
repetition: 89168
>passed!
repetition: 89169
>passed!
repetition: 89170
>passed!
repetition: 89171
>passed!
repetition: 89172
>passed!
repetition: 89173
>passed!
repetition: 89174
>passed!
repetition: 89175
>passed!
repetition: 89176
>passed!
repetition: 89177
>passed!
repetition: 89178
>passed!
repetition: 89179
>passed!
repetition: 89180
>passed!
repetition: 89181
>passed!
repetition: 89182
>passed!
repetition: 89183
>passed!
repetition: 89184
>passed!
repetition: 89185
>passed!
repetition: 89186
>passed!
repetition: 89187
>passed!
repetition: 89188
>passed!
repetition: 89189
>passed!
repetition: 89190
>passed!
repetition: 89191
>passed!
repetition: 89192
>passed!
repetition: 89193
>passed!
repetition: 89194
>passed!
repetition: 89195
>passed!
repetition: 89196
>passed!
repetition: 89197
>passed!
repetition: 89198
>passed!
repetition: 89199
>passed!
repetition: 89200
>passed!
repetition: 89201
>passed!
repetition: 89202
>passed!
repetition: 89203
>passed!
repetition: 89204
>passed!
repetition: 89205
>passed!
repetition: 89206
>passed!
repetition: 89207
>passed!
repetition: 89208
>passed!
repetition: 89209
>passed!
repetition: 89210
>passed!
repetition: 89211
>passed!
repetition: 89212
>passed!
repetition: 89213
>passed!
repetition: 89214
>passed!
repetition: 89215
>passed!
repetition: 89216
>passed!
repetition: 89217
>passed!
repetition: 89218
>passed!
repetition: 89219
>passed!
repetition: 89220
>passed!
repetition: 89221
>passed!
repetition: 89222
>passed!
repetition: 89223
>passed!
repetition: 89224
>passed!
repetition: 89225
>passed!
repetition: 89226
>passed!
repetition: 89227
>passed!
repetition: 89228
>passed!
repetition: 89229
>passed!
repetition: 89230
>passed!
repetition: 89231
>passed!
repetition: 89232
>passed!
repetition: 89233
>passed!
repetition: 89234
>passed!
repetition: 89235
>passed!
repetition: 89236
>passed!
repetition: 89237
>passed!
repetition: 89238
>passed!
repetition: 89239
>passed!
repetition: 89240
>passed!
repetition: 89241
>passed!
repetition: 89242
>passed!
repetition: 89243
>passed!
repetition: 89244
>passed!
repetition: 89245
>passed!
repetition: 89246
>passed!
repetition: 89247
>passed!
repetition: 89248
>passed!
repetition: 89249
>passed!
repetition: 89250
>passed!
repetition: 89251
>passed!
repetition: 89252
>passed!
repetition: 89253
>passed!
repetition: 89254
>passed!
repetition: 89255
>passed!
repetition: 89256
>passed!
repetition: 89257
>passed!
repetition: 89258
>passed!
repetition: 89259
>passed!
repetition: 89260
>passed!
repetition: 89261
>passed!
repetition: 89262
>passed!
repetition: 89263
>passed!
repetition: 89264
>passed!
repetition: 89265
>passed!
repetition: 89266
>passed!
repetition: 89267
>passed!
repetition: 89268
>passed!
repetition: 89269
>passed!
repetition: 89270
>passed!
repetition: 89271
>passed!
repetition: 89272
>passed!
repetition: 89273
>passed!
repetition: 89274
>passed!
repetition: 89275
>passed!
repetition: 89276
>passed!
repetition: 89277
>passed!
repetition: 89278
>passed!
repetition: 89279
>passed!
repetition: 89280
>passed!
repetition: 89281
>passed!
repetition: 89282
>passed!
repetition: 89283
>passed!
repetition: 89284
>passed!
repetition: 89285
>passed!
repetition: 89286
>passed!
repetition: 89287
>passed!
repetition: 89288
>passed!
repetition: 89289
>passed!
repetition: 89290
>passed!
repetition: 89291
>passed!
repetition: 89292
>passed!
repetition: 89293
>passed!
repetition: 89294
>passed!
repetition: 89295
>passed!
repetition: 89296
>passed!
repetition: 89297
>passed!
repetition: 89298
>passed!
repetition: 89299
>passed!
repetition: 89300
>passed!
repetition: 89301
>passed!
repetition: 89302
>passed!
repetition: 89303
>passed!
repetition: 89304
>passed!
repetition: 89305
>passed!
repetition: 89306
>passed!
repetition: 89307
>passed!
repetition: 89308
>passed!
repetition: 89309
>passed!
repetition: 89310
>passed!
repetition: 89311
>passed!
repetition: 89312
>passed!
repetition: 89313
>passed!
repetition: 89314
>passed!
repetition: 89315
>passed!
repetition: 89316
>passed!
repetition: 89317
>passed!
repetition: 89318
>passed!
repetition: 89319
>passed!
repetition: 89320
>passed!
repetition: 89321
>passed!
repetition: 89322
>passed!
repetition: 89323
>passed!
repetition: 89324
>passed!
repetition: 89325
>passed!
repetition: 89326
>passed!
repetition: 89327
>passed!
repetition: 89328
>passed!
repetition: 89329
>passed!
repetition: 89330
>passed!
repetition: 89331
>passed!
repetition: 89332
>passed!
repetition: 89333
>passed!
repetition: 89334
>passed!
repetition: 89335
>passed!
repetition: 89336
>passed!
repetition: 89337
>passed!
repetition: 89338
>passed!
repetition: 89339
>passed!
repetition: 89340
>passed!
repetition: 89341
>passed!
repetition: 89342
>passed!
repetition: 89343
>passed!
repetition: 89344
>passed!
repetition: 89345
>passed!
repetition: 89346
>passed!
repetition: 89347
>passed!
repetition: 89348
>passed!
repetition: 89349
>passed!
repetition: 89350
>passed!
repetition: 89351
>passed!
repetition: 89352
>passed!
repetition: 89353
>passed!
repetition: 89354
>passed!
repetition: 89355
>passed!
repetition: 89356
>passed!
repetition: 89357
>passed!
repetition: 89358
>passed!
repetition: 89359
>passed!
repetition: 89360
>passed!
repetition: 89361
>passed!
repetition: 89362
>passed!
repetition: 89363
>passed!
repetition: 89364
>passed!
repetition: 89365
>passed!
repetition: 89366
>passed!
repetition: 89367
>passed!
repetition: 89368
>passed!
repetition: 89369
>passed!
repetition: 89370
>passed!
repetition: 89371
>passed!
repetition: 89372
>passed!
repetition: 89373
>passed!
repetition: 89374
>passed!
repetition: 89375
>passed!
repetition: 89376
>passed!
repetition: 89377
>passed!
repetition: 89378
>passed!
repetition: 89379
>passed!
repetition: 89380
>passed!
repetition: 89381
>passed!
repetition: 89382
>passed!
repetition: 89383
>passed!
repetition: 89384
>passed!
repetition: 89385
>passed!
repetition: 89386
>passed!
repetition: 89387
>passed!
repetition: 89388
>passed!
repetition: 89389
>passed!
repetition: 89390
>passed!
repetition: 89391
>passed!
repetition: 89392
>passed!
repetition: 89393
>passed!
repetition: 89394
>passed!
repetition: 89395
>passed!
repetition: 89396
>passed!
repetition: 89397
>passed!
repetition: 89398
>passed!
repetition: 89399
>passed!
repetition: 89400
>passed!
repetition: 89401
>passed!
repetition: 89402
>passed!
repetition: 89403
>passed!
repetition: 89404
>passed!
repetition: 89405
>passed!
repetition: 89406
>passed!
repetition: 89407
>passed!
repetition: 89408
>passed!
repetition: 89409
>passed!
repetition: 89410
>passed!
repetition: 89411
>passed!
repetition: 89412
>passed!
repetition: 89413
>passed!
repetition: 89414
>passed!
repetition: 89415
>passed!
repetition: 89416
>passed!
repetition: 89417
>passed!
repetition: 89418
>passed!
repetition: 89419
>passed!
repetition: 89420
>passed!
repetition: 89421
>passed!
repetition: 89422
>passed!
repetition: 89423
>passed!
repetition: 89424
>passed!
repetition: 89425
>passed!
repetition: 89426
>passed!
repetition: 89427
>passed!
repetition: 89428
>passed!
repetition: 89429
>passed!
repetition: 89430
>passed!
repetition: 89431
>passed!
repetition: 89432
>passed!
repetition: 89433
>passed!
repetition: 89434
>passed!
repetition: 89435
>passed!
repetition: 89436
>passed!
repetition: 89437
>passed!
repetition: 89438
>passed!
repetition: 89439
>passed!
repetition: 89440
>passed!
repetition: 89441
>passed!
repetition: 89442
>passed!
repetition: 89443
>passed!
repetition: 89444
>passed!
repetition: 89445
>passed!
repetition: 89446
>passed!
repetition: 89447
>passed!
repetition: 89448
>passed!
repetition: 89449
>passed!
repetition: 89450
>passed!
repetition: 89451
>passed!
repetition: 89452
>passed!
repetition: 89453
>passed!
repetition: 89454
>passed!
repetition: 89455
>passed!
repetition: 89456
>passed!
repetition: 89457
>passed!
repetition: 89458
>passed!
repetition: 89459
>passed!
repetition: 89460
>passed!
repetition: 89461
>passed!
repetition: 89462
>passed!
repetition: 89463
>passed!
repetition: 89464
>passed!
repetition: 89465
>passed!
repetition: 89466
>passed!
repetition: 89467
>passed!
repetition: 89468
>passed!
repetition: 89469
>passed!
repetition: 89470
>passed!
repetition: 89471
>passed!
repetition: 89472
>passed!
repetition: 89473
>passed!
repetition: 89474
>passed!
repetition: 89475
>passed!
repetition: 89476
>passed!
repetition: 89477
>passed!
repetition: 89478
>passed!
repetition: 89479
>passed!
repetition: 89480
>passed!
repetition: 89481
>passed!
repetition: 89482
>passed!
repetition: 89483
>passed!
repetition: 89484
>passed!
repetition: 89485
>passed!
repetition: 89486
>passed!
repetition: 89487
>passed!
repetition: 89488
>passed!
repetition: 89489
>passed!
repetition: 89490
>passed!
repetition: 89491
>passed!
repetition: 89492
>passed!
repetition: 89493
>passed!
repetition: 89494
>passed!
repetition: 89495
>passed!
repetition: 89496
>passed!
repetition: 89497
>passed!
repetition: 89498
>passed!
repetition: 89499
>passed!
repetition: 89500
>passed!
repetition: 89501
>passed!
repetition: 89502
>passed!
repetition: 89503
>passed!
repetition: 89504
>passed!
repetition: 89505
>passed!
repetition: 89506
>passed!
repetition: 89507
>passed!
repetition: 89508
>passed!
repetition: 89509
>passed!
repetition: 89510
>passed!
repetition: 89511
>passed!
repetition: 89512
>passed!
repetition: 89513
>passed!
repetition: 89514
>passed!
repetition: 89515
>passed!
repetition: 89516
>passed!
repetition: 89517
>passed!
repetition: 89518
>passed!
repetition: 89519
>passed!
repetition: 89520
>passed!
repetition: 89521
>passed!
repetition: 89522
>passed!
repetition: 89523
>passed!
repetition: 89524
>passed!
repetition: 89525
>passed!
repetition: 89526
>passed!
repetition: 89527
>passed!
repetition: 89528
>passed!
repetition: 89529
>passed!
repetition: 89530
>passed!
repetition: 89531
>passed!
repetition: 89532
>passed!
repetition: 89533
>passed!
repetition: 89534
>passed!
repetition: 89535
>passed!
repetition: 89536
>passed!
repetition: 89537
>passed!
repetition: 89538
>passed!
repetition: 89539
>passed!
repetition: 89540
>passed!
repetition: 89541
>passed!
repetition: 89542
>passed!
repetition: 89543
>passed!
repetition: 89544
>passed!
repetition: 89545
>passed!
repetition: 89546
>passed!
repetition: 89547
>passed!
repetition: 89548
>passed!
repetition: 89549
>passed!
repetition: 89550
>passed!
repetition: 89551
>passed!
repetition: 89552
>passed!
repetition: 89553
>passed!
repetition: 89554
>passed!
repetition: 89555
>passed!
repetition: 89556
>passed!
repetition: 89557
>passed!
repetition: 89558
>passed!
repetition: 89559
>passed!
repetition: 89560
>passed!
repetition: 89561
>passed!
repetition: 89562
>passed!
repetition: 89563
>passed!
repetition: 89564
>passed!
repetition: 89565
>passed!
repetition: 89566
>passed!
repetition: 89567
>passed!
repetition: 89568
>passed!
repetition: 89569
>passed!
repetition: 89570
>passed!
repetition: 89571
>passed!
repetition: 89572
>passed!
repetition: 89573
>passed!
repetition: 89574
>passed!
repetition: 89575
>passed!
repetition: 89576
>passed!
repetition: 89577
>passed!
repetition: 89578
>passed!
repetition: 89579
>passed!
repetition: 89580
>passed!
repetition: 89581
>passed!
repetition: 89582
>passed!
repetition: 89583
>passed!
repetition: 89584
>passed!
repetition: 89585
>passed!
repetition: 89586
>passed!
repetition: 89587
>passed!
repetition: 89588
>passed!
repetition: 89589
>passed!
repetition: 89590
>passed!
repetition: 89591
>passed!
repetition: 89592
>passed!
repetition: 89593
>passed!
repetition: 89594
>passed!
repetition: 89595
>passed!
repetition: 89596
>passed!
repetition: 89597
>passed!
repetition: 89598
>passed!
repetition: 89599
>passed!
repetition: 89600
>passed!
repetition: 89601
>passed!
repetition: 89602
>passed!
repetition: 89603
>passed!
repetition: 89604
>passed!
repetition: 89605
>passed!
repetition: 89606
>passed!
repetition: 89607
>passed!
repetition: 89608
>passed!
repetition: 89609
>passed!
repetition: 89610
>passed!
repetition: 89611
>passed!
repetition: 89612
>passed!
repetition: 89613
>passed!
repetition: 89614
>passed!
repetition: 89615
>passed!
repetition: 89616
>passed!
repetition: 89617
>passed!
repetition: 89618
>passed!
repetition: 89619
>passed!
repetition: 89620
>passed!
repetition: 89621
>passed!
repetition: 89622
>passed!
repetition: 89623
>passed!
repetition: 89624
>passed!
repetition: 89625
>passed!
repetition: 89626
>passed!
repetition: 89627
>passed!
repetition: 89628
>passed!
repetition: 89629
>passed!
repetition: 89630
>passed!
repetition: 89631
>passed!
repetition: 89632
>passed!
repetition: 89633
>passed!
repetition: 89634
>passed!
repetition: 89635
>passed!
repetition: 89636
>passed!
repetition: 89637
>passed!
repetition: 89638
>passed!
repetition: 89639
>passed!
repetition: 89640
>passed!
repetition: 89641
>passed!
repetition: 89642
>passed!
repetition: 89643
>passed!
repetition: 89644
>passed!
repetition: 89645
>passed!
repetition: 89646
>passed!
repetition: 89647
>passed!
repetition: 89648
>passed!
repetition: 89649
>passed!
repetition: 89650
>passed!
repetition: 89651
>passed!
repetition: 89652
>passed!
repetition: 89653
>passed!
repetition: 89654
>passed!
repetition: 89655
>passed!
repetition: 89656
>passed!
repetition: 89657
>passed!
repetition: 89658
>passed!
repetition: 89659
>passed!
repetition: 89660
>passed!
repetition: 89661
>passed!
repetition: 89662
>passed!
repetition: 89663
>passed!
repetition: 89664
>passed!
repetition: 89665
>passed!
repetition: 89666
>passed!
repetition: 89667
>passed!
repetition: 89668
>passed!
repetition: 89669
>passed!
repetition: 89670
>passed!
repetition: 89671
>passed!
repetition: 89672
>passed!
repetition: 89673
>passed!
repetition: 89674
>passed!
repetition: 89675
>passed!
repetition: 89676
>passed!
repetition: 89677
>passed!
repetition: 89678
>passed!
repetition: 89679
>passed!
repetition: 89680
>passed!
repetition: 89681
>passed!
repetition: 89682
>passed!
repetition: 89683
>passed!
repetition: 89684
>passed!
repetition: 89685
>passed!
repetition: 89686
>passed!
repetition: 89687
>passed!
repetition: 89688
>passed!
repetition: 89689
>passed!
repetition: 89690
>passed!
repetition: 89691
>passed!
repetition: 89692
>passed!
repetition: 89693
>passed!
repetition: 89694
>passed!
repetition: 89695
>passed!
repetition: 89696
>passed!
repetition: 89697
>passed!
repetition: 89698
>passed!
repetition: 89699
>passed!
repetition: 89700
>passed!
repetition: 89701
>passed!
repetition: 89702
>passed!
repetition: 89703
>passed!
repetition: 89704
>passed!
repetition: 89705
>passed!
repetition: 89706
>passed!
repetition: 89707
>passed!
repetition: 89708
>passed!
repetition: 89709
>passed!
repetition: 89710
>passed!
repetition: 89711
>passed!
repetition: 89712
>passed!
repetition: 89713
>passed!
repetition: 89714
>passed!
repetition: 89715
>passed!
repetition: 89716
>passed!
repetition: 89717
>passed!
repetition: 89718
>passed!
repetition: 89719
>passed!
repetition: 89720
>passed!
repetition: 89721
>passed!
repetition: 89722
>passed!
repetition: 89723
>passed!
repetition: 89724
>passed!
repetition: 89725
>passed!
repetition: 89726
>passed!
repetition: 89727
>passed!
repetition: 89728
>passed!
repetition: 89729
>passed!
repetition: 89730
>passed!
repetition: 89731
>passed!
repetition: 89732
>passed!
repetition: 89733
>passed!
repetition: 89734
>passed!
repetition: 89735
>passed!
repetition: 89736
>passed!
repetition: 89737
>passed!
repetition: 89738
>passed!
repetition: 89739
>passed!
repetition: 89740
>passed!
repetition: 89741
>passed!
repetition: 89742
>passed!
repetition: 89743
>passed!
repetition: 89744
>passed!
repetition: 89745
>passed!
repetition: 89746
>passed!
repetition: 89747
>passed!
repetition: 89748
>passed!
repetition: 89749
>passed!
repetition: 89750
>passed!
repetition: 89751
>passed!
repetition: 89752
>passed!
repetition: 89753
>passed!
repetition: 89754
>passed!
repetition: 89755
>passed!
repetition: 89756
>passed!
repetition: 89757
>passed!
repetition: 89758
>passed!
repetition: 89759
>passed!
repetition: 89760
>passed!
repetition: 89761
>passed!
repetition: 89762
>passed!
repetition: 89763
>passed!
repetition: 89764
>passed!
repetition: 89765
>passed!
repetition: 89766
>passed!
repetition: 89767
>passed!
repetition: 89768
>passed!
repetition: 89769
>passed!
repetition: 89770
>passed!
repetition: 89771
>passed!
repetition: 89772
>passed!
repetition: 89773
>passed!
repetition: 89774
>passed!
repetition: 89775
>passed!
repetition: 89776
>passed!
repetition: 89777
>passed!
repetition: 89778
>passed!
repetition: 89779
>passed!
repetition: 89780
>passed!
repetition: 89781
>passed!
repetition: 89782
>passed!
repetition: 89783
>passed!
repetition: 89784
>passed!
repetition: 89785
>passed!
repetition: 89786
>passed!
repetition: 89787
>passed!
repetition: 89788
>passed!
repetition: 89789
>passed!
repetition: 89790
>passed!
repetition: 89791
>passed!
repetition: 89792
>passed!
repetition: 89793
>passed!
repetition: 89794
>passed!
repetition: 89795
>passed!
repetition: 89796
>passed!
repetition: 89797
>passed!
repetition: 89798
>passed!
repetition: 89799
>passed!
repetition: 89800
>passed!
repetition: 89801
>passed!
repetition: 89802
>passed!
repetition: 89803
>passed!
repetition: 89804
>passed!
repetition: 89805
>passed!
repetition: 89806
>passed!
repetition: 89807
>passed!
repetition: 89808
>passed!
repetition: 89809
>passed!
repetition: 89810
>passed!
repetition: 89811
>passed!
repetition: 89812
>passed!
repetition: 89813
>passed!
repetition: 89814
>passed!
repetition: 89815
>passed!
repetition: 89816
>passed!
repetition: 89817
>passed!
repetition: 89818
>passed!
repetition: 89819
>passed!
repetition: 89820
>passed!
repetition: 89821
>passed!
repetition: 89822
>passed!
repetition: 89823
>passed!
repetition: 89824
>passed!
repetition: 89825
>passed!
repetition: 89826
>passed!
repetition: 89827
>passed!
repetition: 89828
>passed!
repetition: 89829
>passed!
repetition: 89830
>passed!
repetition: 89831
>passed!
repetition: 89832
>passed!
repetition: 89833
>passed!
repetition: 89834
>passed!
repetition: 89835
>passed!
repetition: 89836
>passed!
repetition: 89837
>passed!
repetition: 89838
>passed!
repetition: 89839
>passed!
repetition: 89840
>passed!
repetition: 89841
>passed!
repetition: 89842
>passed!
repetition: 89843
>passed!
repetition: 89844
>passed!
repetition: 89845
>passed!
repetition: 89846
>passed!
repetition: 89847
>passed!
repetition: 89848
>passed!
repetition: 89849
>passed!
repetition: 89850
>passed!
repetition: 89851
>passed!
repetition: 89852
>passed!
repetition: 89853
>passed!
repetition: 89854
>passed!
repetition: 89855
>passed!
repetition: 89856
>passed!
repetition: 89857
>passed!
repetition: 89858
>passed!
repetition: 89859
>passed!
repetition: 89860
>passed!
repetition: 89861
>passed!
repetition: 89862
>passed!
repetition: 89863
>passed!
repetition: 89864
>passed!
repetition: 89865
>passed!
repetition: 89866
>passed!
repetition: 89867
>passed!
repetition: 89868
>passed!
repetition: 89869
>passed!
repetition: 89870
>passed!
repetition: 89871
>passed!
repetition: 89872
>passed!
repetition: 89873
>passed!
repetition: 89874
>passed!
repetition: 89875
>passed!
repetition: 89876
>passed!
repetition: 89877
>passed!
repetition: 89878
>passed!
repetition: 89879
>passed!
repetition: 89880
>passed!
repetition: 89881
>passed!
repetition: 89882
>passed!
repetition: 89883
>passed!
repetition: 89884
>passed!
repetition: 89885
>passed!
repetition: 89886
>passed!
repetition: 89887
>passed!
repetition: 89888
>passed!
repetition: 89889
>passed!
repetition: 89890
>passed!
repetition: 89891
>passed!
repetition: 89892
>passed!
repetition: 89893
>passed!
repetition: 89894
>passed!
repetition: 89895
>passed!
repetition: 89896
>passed!
repetition: 89897
>passed!
repetition: 89898
>passed!
repetition: 89899
>passed!
repetition: 89900
>passed!
repetition: 89901
>passed!
repetition: 89902
>passed!
repetition: 89903
>passed!
repetition: 89904
>passed!
repetition: 89905
>passed!
repetition: 89906
>passed!
repetition: 89907
>passed!
repetition: 89908
>passed!
repetition: 89909
>passed!
repetition: 89910
>passed!
repetition: 89911
>passed!
repetition: 89912
>passed!
repetition: 89913
>passed!
repetition: 89914
>passed!
repetition: 89915
>passed!
repetition: 89916
>passed!
repetition: 89917
>passed!
repetition: 89918
>passed!
repetition: 89919
>passed!
repetition: 89920
>passed!
repetition: 89921
>passed!
repetition: 89922
>passed!
repetition: 89923
>passed!
repetition: 89924
>passed!
repetition: 89925
>passed!
repetition: 89926
>passed!
repetition: 89927
>passed!
repetition: 89928
>passed!
repetition: 89929
>passed!
repetition: 89930
>passed!
repetition: 89931
>passed!
repetition: 89932
>passed!
repetition: 89933
>passed!
repetition: 89934
>passed!
repetition: 89935
>passed!
repetition: 89936
>passed!
repetition: 89937
>passed!
repetition: 89938
>passed!
repetition: 89939
>passed!
repetition: 89940
>passed!
repetition: 89941
>passed!
repetition: 89942
>passed!
repetition: 89943
>passed!
repetition: 89944
>passed!
repetition: 89945
>passed!
repetition: 89946
>passed!
repetition: 89947
>passed!
repetition: 89948
>passed!
repetition: 89949
>passed!
repetition: 89950
>passed!
repetition: 89951
>passed!
repetition: 89952
>passed!
repetition: 89953
>passed!
repetition: 89954
>passed!
repetition: 89955
>passed!
repetition: 89956
>passed!
repetition: 89957
>passed!
repetition: 89958
>passed!
repetition: 89959
>passed!
repetition: 89960
>passed!
repetition: 89961
>passed!
repetition: 89962
>passed!
repetition: 89963
>passed!
repetition: 89964
>passed!
repetition: 89965
>passed!
repetition: 89966
>passed!
repetition: 89967
>passed!
repetition: 89968
>passed!
repetition: 89969
>passed!
repetition: 89970
>passed!
repetition: 89971
>passed!
repetition: 89972
>passed!
repetition: 89973
>passed!
repetition: 89974
>passed!
repetition: 89975
>passed!
repetition: 89976
>passed!
repetition: 89977
>passed!
repetition: 89978
>passed!
repetition: 89979
>passed!
repetition: 89980
>passed!
repetition: 89981
>passed!
repetition: 89982
>passed!
repetition: 89983
>passed!
repetition: 89984
>passed!
repetition: 89985
>passed!
repetition: 89986
>passed!
repetition: 89987
>passed!
repetition: 89988
>passed!
repetition: 89989
>passed!
repetition: 89990
>passed!
repetition: 89991
>passed!
repetition: 89992
>passed!
repetition: 89993
>passed!
repetition: 89994
>passed!
repetition: 89995
>passed!
repetition: 89996
>passed!
repetition: 89997
>passed!
repetition: 89998
>passed!
repetition: 89999
>passed!
repetition: 90000
>passed!
repetition: 90001
>passed!
repetition: 90002
>passed!
repetition: 90003
>passed!
repetition: 90004
>passed!
repetition: 90005
>passed!
repetition: 90006
>passed!
repetition: 90007
>passed!
repetition: 90008
>passed!
repetition: 90009
>passed!
repetition: 90010
>passed!
repetition: 90011
>passed!
repetition: 90012
>passed!
repetition: 90013
>passed!
repetition: 90014
>passed!
repetition: 90015
>passed!
repetition: 90016
>passed!
repetition: 90017
>passed!
repetition: 90018
>passed!
repetition: 90019
>passed!
repetition: 90020
>passed!
repetition: 90021
>passed!
repetition: 90022
>passed!
repetition: 90023
>passed!
repetition: 90024
>passed!
repetition: 90025
>passed!
repetition: 90026
>passed!
repetition: 90027
>passed!
repetition: 90028
>passed!
repetition: 90029
>passed!
repetition: 90030
>passed!
repetition: 90031
>passed!
repetition: 90032
>passed!
repetition: 90033
>passed!
repetition: 90034
>passed!
repetition: 90035
>passed!
repetition: 90036
>passed!
repetition: 90037
>passed!
repetition: 90038
>passed!
repetition: 90039
>passed!
repetition: 90040
>passed!
repetition: 90041
>passed!
repetition: 90042
>passed!
repetition: 90043
>passed!
repetition: 90044
>passed!
repetition: 90045
>passed!
repetition: 90046
>passed!
repetition: 90047
>passed!
repetition: 90048
>passed!
repetition: 90049
>passed!
repetition: 90050
>passed!
repetition: 90051
>passed!
repetition: 90052
>passed!
repetition: 90053
>passed!
repetition: 90054
>passed!
repetition: 90055
>passed!
repetition: 90056
>passed!
repetition: 90057
>passed!
repetition: 90058
>passed!
repetition: 90059
>passed!
repetition: 90060
>passed!
repetition: 90061
>passed!
repetition: 90062
>passed!
repetition: 90063
>passed!
repetition: 90064
>passed!
repetition: 90065
>passed!
repetition: 90066
>passed!
repetition: 90067
>passed!
repetition: 90068
>passed!
repetition: 90069
>passed!
repetition: 90070
>passed!
repetition: 90071
>passed!
repetition: 90072
>passed!
repetition: 90073
>passed!
repetition: 90074
>passed!
repetition: 90075
>passed!
repetition: 90076
>passed!
repetition: 90077
>passed!
repetition: 90078
>passed!
repetition: 90079
>passed!
repetition: 90080
>passed!
repetition: 90081
>passed!
repetition: 90082
>passed!
repetition: 90083
>passed!
repetition: 90084
>passed!
repetition: 90085
>passed!
repetition: 90086
>passed!
repetition: 90087
>passed!
repetition: 90088
>passed!
repetition: 90089
>passed!
repetition: 90090
>passed!
repetition: 90091
>passed!
repetition: 90092
>passed!
repetition: 90093
>passed!
repetition: 90094
>passed!
repetition: 90095
>passed!
repetition: 90096
>passed!
repetition: 90097
>passed!
repetition: 90098
>passed!
repetition: 90099
>passed!
repetition: 90100
>passed!
repetition: 90101
>passed!
repetition: 90102
>passed!
repetition: 90103
>passed!
repetition: 90104
>passed!
repetition: 90105
>passed!
repetition: 90106
>passed!
repetition: 90107
>passed!
repetition: 90108
>passed!
repetition: 90109
>passed!
repetition: 90110
>passed!
repetition: 90111
>passed!
repetition: 90112
>passed!
repetition: 90113
>passed!
repetition: 90114
>passed!
repetition: 90115
>passed!
repetition: 90116
>passed!
repetition: 90117
>passed!
repetition: 90118
>passed!
repetition: 90119
>passed!
repetition: 90120
>passed!
repetition: 90121
>passed!
repetition: 90122
>passed!
repetition: 90123
>passed!
repetition: 90124
>passed!
repetition: 90125
>passed!
repetition: 90126
>passed!
repetition: 90127
>passed!
repetition: 90128
>passed!
repetition: 90129
>passed!
repetition: 90130
>passed!
repetition: 90131
>passed!
repetition: 90132
>passed!
repetition: 90133
>passed!
repetition: 90134
>passed!
repetition: 90135
>passed!
repetition: 90136
>passed!
repetition: 90137
>passed!
repetition: 90138
>passed!
repetition: 90139
>passed!
repetition: 90140
>passed!
repetition: 90141
>passed!
repetition: 90142
>passed!
repetition: 90143
>passed!
repetition: 90144
>passed!
repetition: 90145
>passed!
repetition: 90146
>passed!
repetition: 90147
>passed!
repetition: 90148
>passed!
repetition: 90149
>passed!
repetition: 90150
>passed!
repetition: 90151
>passed!
repetition: 90152
>passed!
repetition: 90153
>passed!
repetition: 90154
>passed!
repetition: 90155
>passed!
repetition: 90156
>passed!
repetition: 90157
>passed!
repetition: 90158
>passed!
repetition: 90159
>passed!
repetition: 90160
>passed!
repetition: 90161
>passed!
repetition: 90162
>passed!
repetition: 90163
>passed!
repetition: 90164
>passed!
repetition: 90165
>passed!
repetition: 90166
>passed!
repetition: 90167
>passed!
repetition: 90168
>passed!
repetition: 90169
>passed!
repetition: 90170
>passed!
repetition: 90171
>passed!
repetition: 90172
>passed!
repetition: 90173
>passed!
repetition: 90174
>passed!
repetition: 90175
>passed!
repetition: 90176
>passed!
repetition: 90177
>passed!
repetition: 90178
>passed!
repetition: 90179
>passed!
repetition: 90180
>passed!
repetition: 90181
>passed!
repetition: 90182
>passed!
repetition: 90183
>passed!
repetition: 90184
>passed!
repetition: 90185
>passed!
repetition: 90186
>passed!
repetition: 90187
>passed!
repetition: 90188
>passed!
repetition: 90189
>passed!
repetition: 90190
>passed!
repetition: 90191
>passed!
repetition: 90192
>passed!
repetition: 90193
>passed!
repetition: 90194
>passed!
repetition: 90195
>passed!
repetition: 90196
>passed!
repetition: 90197
>passed!
repetition: 90198
>passed!
repetition: 90199
>passed!
repetition: 90200
>passed!
repetition: 90201
>passed!
repetition: 90202
>passed!
repetition: 90203
>passed!
repetition: 90204
>passed!
repetition: 90205
>passed!
repetition: 90206
>passed!
repetition: 90207
>passed!
repetition: 90208
>passed!
repetition: 90209
>passed!
repetition: 90210
>passed!
repetition: 90211
>passed!
repetition: 90212
>passed!
repetition: 90213
>passed!
repetition: 90214
>passed!
repetition: 90215
>passed!
repetition: 90216
>passed!
repetition: 90217
>passed!
repetition: 90218
>passed!
repetition: 90219
>passed!
repetition: 90220
>passed!
repetition: 90221
>passed!
repetition: 90222
>passed!
repetition: 90223
>passed!
repetition: 90224
>passed!
repetition: 90225
>passed!
repetition: 90226
>passed!
repetition: 90227
>passed!
repetition: 90228
>passed!
repetition: 90229
>passed!
repetition: 90230
>passed!
repetition: 90231
>passed!
repetition: 90232
>passed!
repetition: 90233
>passed!
repetition: 90234
>passed!
repetition: 90235
>passed!
repetition: 90236
>passed!
repetition: 90237
>passed!
repetition: 90238
>passed!
repetition: 90239
>passed!
repetition: 90240
>passed!
repetition: 90241
>passed!
repetition: 90242
>passed!
repetition: 90243
>passed!
repetition: 90244
>passed!
repetition: 90245
>passed!
repetition: 90246
>passed!
repetition: 90247
>passed!
repetition: 90248
>passed!
repetition: 90249
>passed!
repetition: 90250
>passed!
repetition: 90251
>passed!
repetition: 90252
>passed!
repetition: 90253
>passed!
repetition: 90254
>passed!
repetition: 90255
>passed!
repetition: 90256
>passed!
repetition: 90257
>passed!
repetition: 90258
>passed!
repetition: 90259
>passed!
repetition: 90260
>passed!
repetition: 90261
>passed!
repetition: 90262
>passed!
repetition: 90263
>passed!
repetition: 90264
>passed!
repetition: 90265
>passed!
repetition: 90266
>passed!
repetition: 90267
>passed!
repetition: 90268
>passed!
repetition: 90269
>passed!
repetition: 90270
>passed!
repetition: 90271
>passed!
repetition: 90272
>passed!
repetition: 90273
>passed!
repetition: 90274
>passed!
repetition: 90275
>passed!
repetition: 90276
>passed!
repetition: 90277
>passed!
repetition: 90278
>passed!
repetition: 90279
>passed!
repetition: 90280
>passed!
repetition: 90281
>passed!
repetition: 90282
>passed!
repetition: 90283
>passed!
repetition: 90284
>passed!
repetition: 90285
>passed!
repetition: 90286
>passed!
repetition: 90287
>passed!
repetition: 90288
>passed!
repetition: 90289
>passed!
repetition: 90290
>passed!
repetition: 90291
>passed!
repetition: 90292
>passed!
repetition: 90293
>passed!
repetition: 90294
>passed!
repetition: 90295
>passed!
repetition: 90296
>passed!
repetition: 90297
>passed!
repetition: 90298
>passed!
repetition: 90299
>passed!
repetition: 90300
>passed!
repetition: 90301
>passed!
repetition: 90302
>passed!
repetition: 90303
>passed!
repetition: 90304
>passed!
repetition: 90305
>passed!
repetition: 90306
>passed!
repetition: 90307
>passed!
repetition: 90308
>passed!
repetition: 90309
>passed!
repetition: 90310
>passed!
repetition: 90311
>passed!
repetition: 90312
>passed!
repetition: 90313
>passed!
repetition: 90314
>passed!
repetition: 90315
>passed!
repetition: 90316
>passed!
repetition: 90317
>passed!
repetition: 90318
>passed!
repetition: 90319
>passed!
repetition: 90320
>passed!
repetition: 90321
>passed!
repetition: 90322
>passed!
repetition: 90323
>passed!
repetition: 90324
>passed!
repetition: 90325
>passed!
repetition: 90326
>passed!
repetition: 90327
>passed!
repetition: 90328
>passed!
repetition: 90329
>passed!
repetition: 90330
>passed!
repetition: 90331
>passed!
repetition: 90332
>passed!
repetition: 90333
>passed!
repetition: 90334
>passed!
repetition: 90335
>passed!
repetition: 90336
>passed!
repetition: 90337
>passed!
repetition: 90338
>passed!
repetition: 90339
>passed!
repetition: 90340
>passed!
repetition: 90341
>passed!
repetition: 90342
>passed!
repetition: 90343
>passed!
repetition: 90344
>passed!
repetition: 90345
>passed!
repetition: 90346
>passed!
repetition: 90347
>passed!
repetition: 90348
>passed!
repetition: 90349
>passed!
repetition: 90350
>passed!
repetition: 90351
>passed!
repetition: 90352
>passed!
repetition: 90353
>passed!
repetition: 90354
>passed!
repetition: 90355
>passed!
repetition: 90356
>passed!
repetition: 90357
>passed!
repetition: 90358
>passed!
repetition: 90359
>passed!
repetition: 90360
>passed!
repetition: 90361
>passed!
repetition: 90362
>passed!
repetition: 90363
>passed!
repetition: 90364
>passed!
repetition: 90365
>passed!
repetition: 90366
>passed!
repetition: 90367
>passed!
repetition: 90368
>passed!
repetition: 90369
>passed!
repetition: 90370
>passed!
repetition: 90371
>passed!
repetition: 90372
>passed!
repetition: 90373
>passed!
repetition: 90374
>passed!
repetition: 90375
>passed!
repetition: 90376
>passed!
repetition: 90377
>passed!
repetition: 90378
>passed!
repetition: 90379
>passed!
repetition: 90380
>passed!
repetition: 90381
>passed!
repetition: 90382
>passed!
repetition: 90383
>passed!
repetition: 90384
>passed!
repetition: 90385
>passed!
repetition: 90386
>passed!
repetition: 90387
>passed!
repetition: 90388
>passed!
repetition: 90389
>passed!
repetition: 90390
>passed!
repetition: 90391
>passed!
repetition: 90392
>passed!
repetition: 90393
>passed!
repetition: 90394
>passed!
repetition: 90395
>passed!
repetition: 90396
>passed!
repetition: 90397
>passed!
repetition: 90398
>passed!
repetition: 90399
>passed!
repetition: 90400
>passed!
repetition: 90401
>passed!
repetition: 90402
>passed!
repetition: 90403
>passed!
repetition: 90404
>passed!
repetition: 90405
>passed!
repetition: 90406
>passed!
repetition: 90407
>passed!
repetition: 90408
>passed!
repetition: 90409
>passed!
repetition: 90410
>passed!
repetition: 90411
>passed!
repetition: 90412
>passed!
repetition: 90413
>passed!
repetition: 90414
>passed!
repetition: 90415
>passed!
repetition: 90416
>passed!
repetition: 90417
>passed!
repetition: 90418
>passed!
repetition: 90419
>passed!
repetition: 90420
>passed!
repetition: 90421
>passed!
repetition: 90422
>passed!
repetition: 90423
>passed!
repetition: 90424
>passed!
repetition: 90425
>passed!
repetition: 90426
>passed!
repetition: 90427
>passed!
repetition: 90428
>passed!
repetition: 90429
>passed!
repetition: 90430
>passed!
repetition: 90431
>passed!
repetition: 90432
>passed!
repetition: 90433
>passed!
repetition: 90434
>passed!
repetition: 90435
>passed!
repetition: 90436
>passed!
repetition: 90437
>passed!
repetition: 90438
>passed!
repetition: 90439
>passed!
repetition: 90440
>passed!
repetition: 90441
>passed!
repetition: 90442
>passed!
repetition: 90443
>passed!
repetition: 90444
>passed!
repetition: 90445
>passed!
repetition: 90446
>passed!
repetition: 90447
>passed!
repetition: 90448
>passed!
repetition: 90449
>passed!
repetition: 90450
>passed!
repetition: 90451
>passed!
repetition: 90452
>passed!
repetition: 90453
>passed!
repetition: 90454
>passed!
repetition: 90455
>passed!
repetition: 90456
>passed!
repetition: 90457
>passed!
repetition: 90458
>passed!
repetition: 90459
>passed!
repetition: 90460
>passed!
repetition: 90461
>passed!
repetition: 90462
>passed!
repetition: 90463
>passed!
repetition: 90464
>passed!
repetition: 90465
>passed!
repetition: 90466
>passed!
repetition: 90467
>passed!
repetition: 90468
>passed!
repetition: 90469
>passed!
repetition: 90470
>passed!
repetition: 90471
>passed!
repetition: 90472
>passed!
repetition: 90473
>passed!
repetition: 90474
>passed!
repetition: 90475
>passed!
repetition: 90476
>passed!
repetition: 90477
>passed!
repetition: 90478
>passed!
repetition: 90479
>passed!
repetition: 90480
>passed!
repetition: 90481
>passed!
repetition: 90482
>passed!
repetition: 90483
>passed!
repetition: 90484
>passed!
repetition: 90485
>passed!
repetition: 90486
>passed!
repetition: 90487
>passed!
repetition: 90488
>passed!
repetition: 90489
>passed!
repetition: 90490
>passed!
repetition: 90491
>passed!
repetition: 90492
>passed!
repetition: 90493
>passed!
repetition: 90494
>passed!
repetition: 90495
>passed!
repetition: 90496
>passed!
repetition: 90497
>passed!
repetition: 90498
>passed!
repetition: 90499
>passed!
repetition: 90500
>passed!
repetition: 90501
>passed!
repetition: 90502
>passed!
repetition: 90503
>passed!
repetition: 90504
>passed!
repetition: 90505
>passed!
repetition: 90506
>passed!
repetition: 90507
>passed!
repetition: 90508
>passed!
repetition: 90509
>passed!
repetition: 90510
>passed!
repetition: 90511
>passed!
repetition: 90512
>passed!
repetition: 90513
>passed!
repetition: 90514
>passed!
repetition: 90515
>passed!
repetition: 90516
>passed!
repetition: 90517
>passed!
repetition: 90518
>passed!
repetition: 90519
>passed!
repetition: 90520
>passed!
repetition: 90521
>passed!
repetition: 90522
>passed!
repetition: 90523
>passed!
repetition: 90524
>passed!
repetition: 90525
>passed!
repetition: 90526
>passed!
repetition: 90527
>passed!
repetition: 90528
>passed!
repetition: 90529
>passed!
repetition: 90530
>passed!
repetition: 90531
>passed!
repetition: 90532
>passed!
repetition: 90533
>passed!
repetition: 90534
>passed!
repetition: 90535
>passed!
repetition: 90536
>passed!
repetition: 90537
>passed!
repetition: 90538
>passed!
repetition: 90539
>passed!
repetition: 90540
>passed!
repetition: 90541
>passed!
repetition: 90542
>passed!
repetition: 90543
>passed!
repetition: 90544
>passed!
repetition: 90545
>passed!
repetition: 90546
>passed!
repetition: 90547
>passed!
repetition: 90548
>passed!
repetition: 90549
>passed!
repetition: 90550
>passed!
repetition: 90551
>passed!
repetition: 90552
>passed!
repetition: 90553
>passed!
repetition: 90554
>passed!
repetition: 90555
>passed!
repetition: 90556
>passed!
repetition: 90557
>passed!
repetition: 90558
>passed!
repetition: 90559
>passed!
repetition: 90560
>passed!
repetition: 90561
>passed!
repetition: 90562
>passed!
repetition: 90563
>passed!
repetition: 90564
>passed!
repetition: 90565
>passed!
repetition: 90566
>passed!
repetition: 90567
>passed!
repetition: 90568
>passed!
repetition: 90569
>passed!
repetition: 90570
>passed!
repetition: 90571
>passed!
repetition: 90572
>passed!
repetition: 90573
>passed!
repetition: 90574
>passed!
repetition: 90575
>passed!
repetition: 90576
>passed!
repetition: 90577
>passed!
repetition: 90578
>passed!
repetition: 90579
>passed!
repetition: 90580
>passed!
repetition: 90581
>passed!
repetition: 90582
>passed!
repetition: 90583
>passed!
repetition: 90584
>passed!
repetition: 90585
>passed!
repetition: 90586
>passed!
repetition: 90587
>passed!
repetition: 90588
>passed!
repetition: 90589
>passed!
repetition: 90590
>passed!
repetition: 90591
>passed!
repetition: 90592
>passed!
repetition: 90593
>passed!
repetition: 90594
>passed!
repetition: 90595
>passed!
repetition: 90596
>passed!
repetition: 90597
>passed!
repetition: 90598
>passed!
repetition: 90599
>passed!
repetition: 90600
>passed!
repetition: 90601
>passed!
repetition: 90602
>passed!
repetition: 90603
>passed!
repetition: 90604
>passed!
repetition: 90605
>passed!
repetition: 90606
>passed!
repetition: 90607
>passed!
repetition: 90608
>passed!
repetition: 90609
>passed!
repetition: 90610
>passed!
repetition: 90611
>passed!
repetition: 90612
>passed!
repetition: 90613
>passed!
repetition: 90614
>passed!
repetition: 90615
>passed!
repetition: 90616
>passed!
repetition: 90617
>passed!
repetition: 90618
>passed!
repetition: 90619
>passed!
repetition: 90620
>passed!
repetition: 90621
>passed!
repetition: 90622
>passed!
repetition: 90623
>passed!
repetition: 90624
>passed!
repetition: 90625
>passed!
repetition: 90626
>passed!
repetition: 90627
>passed!
repetition: 90628
>passed!
repetition: 90629
>passed!
repetition: 90630
>passed!
repetition: 90631
>passed!
repetition: 90632
>passed!
repetition: 90633
>passed!
repetition: 90634
>passed!
repetition: 90635
>passed!
repetition: 90636
>passed!
repetition: 90637
>passed!
repetition: 90638
>passed!
repetition: 90639
>passed!
repetition: 90640
>passed!
repetition: 90641
>passed!
repetition: 90642
>passed!
repetition: 90643
>passed!
repetition: 90644
>passed!
repetition: 90645
>passed!
repetition: 90646
>passed!
repetition: 90647
>passed!
repetition: 90648
>passed!
repetition: 90649
>passed!
repetition: 90650
>passed!
repetition: 90651
>passed!
repetition: 90652
>passed!
repetition: 90653
>passed!
repetition: 90654
>passed!
repetition: 90655
>passed!
repetition: 90656
>passed!
repetition: 90657
>passed!
repetition: 90658
>passed!
repetition: 90659
>passed!
repetition: 90660
>passed!
repetition: 90661
>passed!
repetition: 90662
>passed!
repetition: 90663
>passed!
repetition: 90664
>passed!
repetition: 90665
>passed!
repetition: 90666
>passed!
repetition: 90667
>passed!
repetition: 90668
>passed!
repetition: 90669
>passed!
repetition: 90670
>passed!
repetition: 90671
>passed!
repetition: 90672
>passed!
repetition: 90673
>passed!
repetition: 90674
>passed!
repetition: 90675
>passed!
repetition: 90676
>passed!
repetition: 90677
>passed!
repetition: 90678
>passed!
repetition: 90679
>passed!
repetition: 90680
>passed!
repetition: 90681
>passed!
repetition: 90682
>passed!
repetition: 90683
>passed!
repetition: 90684
>passed!
repetition: 90685
>passed!
repetition: 90686
>passed!
repetition: 90687
>passed!
repetition: 90688
>passed!
repetition: 90689
>passed!
repetition: 90690
>passed!
repetition: 90691
>passed!
repetition: 90692
>passed!
repetition: 90693
>passed!
repetition: 90694
>passed!
repetition: 90695
>passed!
repetition: 90696
>passed!
repetition: 90697
>passed!
repetition: 90698
>passed!
repetition: 90699
>passed!
repetition: 90700
>passed!
repetition: 90701
>passed!
repetition: 90702
>passed!
repetition: 90703
>passed!
repetition: 90704
>passed!
repetition: 90705
>passed!
repetition: 90706
>passed!
repetition: 90707
>passed!
repetition: 90708
>passed!
repetition: 90709
>passed!
repetition: 90710
>passed!
repetition: 90711
>passed!
repetition: 90712
>passed!
repetition: 90713
>passed!
repetition: 90714
>passed!
repetition: 90715
>passed!
repetition: 90716
>passed!
repetition: 90717
>passed!
repetition: 90718
>passed!
repetition: 90719
>passed!
repetition: 90720
>passed!
repetition: 90721
>passed!
repetition: 90722
>passed!
repetition: 90723
>passed!
repetition: 90724
>passed!
repetition: 90725
>passed!
repetition: 90726
>passed!
repetition: 90727
>passed!
repetition: 90728
>passed!
repetition: 90729
>passed!
repetition: 90730
>passed!
repetition: 90731
>passed!
repetition: 90732
>passed!
repetition: 90733
>passed!
repetition: 90734
>passed!
repetition: 90735
>passed!
repetition: 90736
>passed!
repetition: 90737
>passed!
repetition: 90738
>passed!
repetition: 90739
>passed!
repetition: 90740
>passed!
repetition: 90741
>passed!
repetition: 90742
>passed!
repetition: 90743
>passed!
repetition: 90744
>passed!
repetition: 90745
>passed!
repetition: 90746
>passed!
repetition: 90747
>passed!
repetition: 90748
>passed!
repetition: 90749
>passed!
repetition: 90750
>passed!
repetition: 90751
>passed!
repetition: 90752
>passed!
repetition: 90753
>passed!
repetition: 90754
>passed!
repetition: 90755
>passed!
repetition: 90756
>passed!
repetition: 90757
>passed!
repetition: 90758
>passed!
repetition: 90759
>passed!
repetition: 90760
>passed!
repetition: 90761
>passed!
repetition: 90762
>passed!
repetition: 90763
>passed!
repetition: 90764
>passed!
repetition: 90765
>passed!
repetition: 90766
>passed!
repetition: 90767
>passed!
repetition: 90768
>passed!
repetition: 90769
>passed!
repetition: 90770
>passed!
repetition: 90771
>passed!
repetition: 90772
>passed!
repetition: 90773
>passed!
repetition: 90774
>passed!
repetition: 90775
>passed!
repetition: 90776
>passed!
repetition: 90777
>passed!
repetition: 90778
>passed!
repetition: 90779
>passed!
repetition: 90780
>passed!
repetition: 90781
>passed!
repetition: 90782
>passed!
repetition: 90783
>passed!
repetition: 90784
>passed!
repetition: 90785
>passed!
repetition: 90786
>passed!
repetition: 90787
>passed!
repetition: 90788
>passed!
repetition: 90789
>passed!
repetition: 90790
>passed!
repetition: 90791
>passed!
repetition: 90792
>passed!
repetition: 90793
>passed!
repetition: 90794
>passed!
repetition: 90795
>passed!
repetition: 90796
>passed!
repetition: 90797
>passed!
repetition: 90798
>passed!
repetition: 90799
>passed!
repetition: 90800
>passed!
repetition: 90801
>passed!
repetition: 90802
>passed!
repetition: 90803
>passed!
repetition: 90804
>passed!
repetition: 90805
>passed!
repetition: 90806
>passed!
repetition: 90807
>passed!
repetition: 90808
>passed!
repetition: 90809
>passed!
repetition: 90810
>passed!
repetition: 90811
>passed!
repetition: 90812
>passed!
repetition: 90813
>passed!
repetition: 90814
>passed!
repetition: 90815
>passed!
repetition: 90816
>passed!
repetition: 90817
>passed!
repetition: 90818
>passed!
repetition: 90819
>passed!
repetition: 90820
>passed!
repetition: 90821
>passed!
repetition: 90822
>passed!
repetition: 90823
>passed!
repetition: 90824
>passed!
repetition: 90825
>passed!
repetition: 90826
>passed!
repetition: 90827
>passed!
repetition: 90828
>passed!
repetition: 90829
>passed!
repetition: 90830
>passed!
repetition: 90831
>passed!
repetition: 90832
>passed!
repetition: 90833
>passed!
repetition: 90834
>passed!
repetition: 90835
>passed!
repetition: 90836
>passed!
repetition: 90837
>passed!
repetition: 90838
>passed!
repetition: 90839
>passed!
repetition: 90840
>passed!
repetition: 90841
>passed!
repetition: 90842
>passed!
repetition: 90843
>passed!
repetition: 90844
>passed!
repetition: 90845
>passed!
repetition: 90846
>passed!
repetition: 90847
>passed!
repetition: 90848
>passed!
repetition: 90849
>passed!
repetition: 90850
>passed!
repetition: 90851
>passed!
repetition: 90852
>passed!
repetition: 90853
>passed!
repetition: 90854
>passed!
repetition: 90855
>passed!
repetition: 90856
>passed!
repetition: 90857
>passed!
repetition: 90858
>passed!
repetition: 90859
>passed!
repetition: 90860
>passed!
repetition: 90861
>passed!
repetition: 90862
>passed!
repetition: 90863
>passed!
repetition: 90864
>passed!
repetition: 90865
>passed!
repetition: 90866
>passed!
repetition: 90867
>passed!
repetition: 90868
>passed!
repetition: 90869
>passed!
repetition: 90870
>passed!
repetition: 90871
>passed!
repetition: 90872
>passed!
repetition: 90873
>passed!
repetition: 90874
>passed!
repetition: 90875
>passed!
repetition: 90876
>passed!
repetition: 90877
>passed!
repetition: 90878
>passed!
repetition: 90879
>passed!
repetition: 90880
>passed!
repetition: 90881
>passed!
repetition: 90882
>passed!
repetition: 90883
>passed!
repetition: 90884
>passed!
repetition: 90885
>passed!
repetition: 90886
>passed!
repetition: 90887
>passed!
repetition: 90888
>passed!
repetition: 90889
>passed!
repetition: 90890
>passed!
repetition: 90891
>passed!
repetition: 90892
>passed!
repetition: 90893
>passed!
repetition: 90894
>passed!
repetition: 90895
>passed!
repetition: 90896
>passed!
repetition: 90897
>passed!
repetition: 90898
>passed!
repetition: 90899
>passed!
repetition: 90900
>passed!
repetition: 90901
>passed!
repetition: 90902
>passed!
repetition: 90903
>passed!
repetition: 90904
>passed!
repetition: 90905
>passed!
repetition: 90906
>passed!
repetition: 90907
>passed!
repetition: 90908
>passed!
repetition: 90909
>passed!
repetition: 90910
>passed!
repetition: 90911
>passed!
repetition: 90912
>passed!
repetition: 90913
>passed!
repetition: 90914
>passed!
repetition: 90915
>passed!
repetition: 90916
>passed!
repetition: 90917
>passed!
repetition: 90918
>passed!
repetition: 90919
>passed!
repetition: 90920
>passed!
repetition: 90921
>passed!
repetition: 90922
>passed!
repetition: 90923
>passed!
repetition: 90924
>passed!
repetition: 90925
>passed!
repetition: 90926
>passed!
repetition: 90927
>passed!
repetition: 90928
>passed!
repetition: 90929
>passed!
repetition: 90930
>passed!
repetition: 90931
>passed!
repetition: 90932
>passed!
repetition: 90933
>passed!
repetition: 90934
>passed!
repetition: 90935
>passed!
repetition: 90936
>passed!
repetition: 90937
>passed!
repetition: 90938
>passed!
repetition: 90939
>passed!
repetition: 90940
>passed!
repetition: 90941
>passed!
repetition: 90942
>passed!
repetition: 90943
>passed!
repetition: 90944
>passed!
repetition: 90945
>passed!
repetition: 90946
>passed!
repetition: 90947
>passed!
repetition: 90948
>passed!
repetition: 90949
>passed!
repetition: 90950
>passed!
repetition: 90951
>passed!
repetition: 90952
>passed!
repetition: 90953
>passed!
repetition: 90954
>passed!
repetition: 90955
>passed!
repetition: 90956
>passed!
repetition: 90957
>passed!
repetition: 90958
>passed!
repetition: 90959
>passed!
repetition: 90960
>passed!
repetition: 90961
>passed!
repetition: 90962
>passed!
repetition: 90963
>passed!
repetition: 90964
>passed!
repetition: 90965
>passed!
repetition: 90966
>passed!
repetition: 90967
>passed!
repetition: 90968
>passed!
repetition: 90969
>passed!
repetition: 90970
>passed!
repetition: 90971
>passed!
repetition: 90972
>passed!
repetition: 90973
>passed!
repetition: 90974
>passed!
repetition: 90975
>passed!
repetition: 90976
>passed!
repetition: 90977
>passed!
repetition: 90978
>passed!
repetition: 90979
>passed!
repetition: 90980
>passed!
repetition: 90981
>passed!
repetition: 90982
>passed!
repetition: 90983
>passed!
repetition: 90984
>passed!
repetition: 90985
>passed!
repetition: 90986
>passed!
repetition: 90987
>passed!
repetition: 90988
>passed!
repetition: 90989
>passed!
repetition: 90990
>passed!
repetition: 90991
>passed!
repetition: 90992
>passed!
repetition: 90993
>passed!
repetition: 90994
>passed!
repetition: 90995
>passed!
repetition: 90996
>passed!
repetition: 90997
>passed!
repetition: 90998
>passed!
repetition: 90999
>passed!
repetition: 91000
>passed!
repetition: 91001
>passed!
repetition: 91002
>passed!
repetition: 91003
>passed!
repetition: 91004
>passed!
repetition: 91005
>passed!
repetition: 91006
>passed!
repetition: 91007
>passed!
repetition: 91008
>passed!
repetition: 91009
>passed!
repetition: 91010
>passed!
repetition: 91011
>passed!
repetition: 91012
>passed!
repetition: 91013
>passed!
repetition: 91014
>passed!
repetition: 91015
>passed!
repetition: 91016
>passed!
repetition: 91017
>passed!
repetition: 91018
>passed!
repetition: 91019
>passed!
repetition: 91020
>passed!
repetition: 91021
>passed!
repetition: 91022
>passed!
repetition: 91023
>passed!
repetition: 91024
>passed!
repetition: 91025
>passed!
repetition: 91026
>passed!
repetition: 91027
>passed!
repetition: 91028
>passed!
repetition: 91029
>passed!
repetition: 91030
>passed!
repetition: 91031
>passed!
repetition: 91032
>passed!
repetition: 91033
>passed!
repetition: 91034
>passed!
repetition: 91035
>passed!
repetition: 91036
>passed!
repetition: 91037
>passed!
repetition: 91038
>passed!
repetition: 91039
>passed!
repetition: 91040
>passed!
repetition: 91041
>passed!
repetition: 91042
>passed!
repetition: 91043
>passed!
repetition: 91044
>passed!
repetition: 91045
>passed!
repetition: 91046
>passed!
repetition: 91047
>passed!
repetition: 91048
>passed!
repetition: 91049
>passed!
repetition: 91050
>passed!
repetition: 91051
>passed!
repetition: 91052
>passed!
repetition: 91053
>passed!
repetition: 91054
>passed!
repetition: 91055
>passed!
repetition: 91056
>passed!
repetition: 91057
>passed!
repetition: 91058
>passed!
repetition: 91059
>passed!
repetition: 91060
>passed!
repetition: 91061
>passed!
repetition: 91062
>passed!
repetition: 91063
>passed!
repetition: 91064
>passed!
repetition: 91065
>passed!
repetition: 91066
>passed!
repetition: 91067
>passed!
repetition: 91068
>passed!
repetition: 91069
>passed!
repetition: 91070
>passed!
repetition: 91071
>passed!
repetition: 91072
>passed!
repetition: 91073
>passed!
repetition: 91074
>passed!
repetition: 91075
>passed!
repetition: 91076
>passed!
repetition: 91077
>passed!
repetition: 91078
>passed!
repetition: 91079
>passed!
repetition: 91080
>passed!
repetition: 91081
>passed!
repetition: 91082
>passed!
repetition: 91083
>passed!
repetition: 91084
>passed!
repetition: 91085
>passed!
repetition: 91086
>passed!
repetition: 91087
>passed!
repetition: 91088
>passed!
repetition: 91089
>passed!
repetition: 91090
>passed!
repetition: 91091
>passed!
repetition: 91092
>passed!
repetition: 91093
>passed!
repetition: 91094
>passed!
repetition: 91095
>passed!
repetition: 91096
>passed!
repetition: 91097
>passed!
repetition: 91098
>passed!
repetition: 91099
>passed!
repetition: 91100
>passed!
repetition: 91101
>passed!
repetition: 91102
>passed!
repetition: 91103
>passed!
repetition: 91104
>passed!
repetition: 91105
>passed!
repetition: 91106
>passed!
repetition: 91107
>passed!
repetition: 91108
>passed!
repetition: 91109
>passed!
repetition: 91110
>passed!
repetition: 91111
>passed!
repetition: 91112
>passed!
repetition: 91113
>passed!
repetition: 91114
>passed!
repetition: 91115
>passed!
repetition: 91116
>passed!
repetition: 91117
>passed!
repetition: 91118
>passed!
repetition: 91119
>passed!
repetition: 91120
>passed!
repetition: 91121
>passed!
repetition: 91122
>passed!
repetition: 91123
>passed!
repetition: 91124
>passed!
repetition: 91125
>passed!
repetition: 91126
>passed!
repetition: 91127
>passed!
repetition: 91128
>passed!
repetition: 91129
>passed!
repetition: 91130
>passed!
repetition: 91131
>passed!
repetition: 91132
>passed!
repetition: 91133
>passed!
repetition: 91134
>passed!
repetition: 91135
>passed!
repetition: 91136
>passed!
repetition: 91137
>passed!
repetition: 91138
>passed!
repetition: 91139
>passed!
repetition: 91140
>passed!
repetition: 91141
>passed!
repetition: 91142
>passed!
repetition: 91143
>passed!
repetition: 91144
>passed!
repetition: 91145
>passed!
repetition: 91146
>passed!
repetition: 91147
>passed!
repetition: 91148
>passed!
repetition: 91149
>passed!
repetition: 91150
>passed!
repetition: 91151
>passed!
repetition: 91152
>passed!
repetition: 91153
>passed!
repetition: 91154
>passed!
repetition: 91155
>passed!
repetition: 91156
>passed!
repetition: 91157
>passed!
repetition: 91158
>passed!
repetition: 91159
>passed!
repetition: 91160
>passed!
repetition: 91161
>passed!
repetition: 91162
>passed!
repetition: 91163
>passed!
repetition: 91164
>passed!
repetition: 91165
>passed!
repetition: 91166
>passed!
repetition: 91167
>passed!
repetition: 91168
>passed!
repetition: 91169
>passed!
repetition: 91170
>passed!
repetition: 91171
>passed!
repetition: 91172
>passed!
repetition: 91173
>passed!
repetition: 91174
>passed!
repetition: 91175
>passed!
repetition: 91176
>passed!
repetition: 91177
>passed!
repetition: 91178
>passed!
repetition: 91179
>passed!
repetition: 91180
>passed!
repetition: 91181
>passed!
repetition: 91182
>passed!
repetition: 91183
>passed!
repetition: 91184
>passed!
repetition: 91185
>passed!
repetition: 91186
>passed!
repetition: 91187
>passed!
repetition: 91188
>passed!
repetition: 91189
>passed!
repetition: 91190
>passed!
repetition: 91191
>passed!
repetition: 91192
>passed!
repetition: 91193
>passed!
repetition: 91194
>passed!
repetition: 91195
>passed!
repetition: 91196
>passed!
repetition: 91197
>passed!
repetition: 91198
>passed!
repetition: 91199
>passed!
repetition: 91200
>passed!
repetition: 91201
>passed!
repetition: 91202
>passed!
repetition: 91203
>passed!
repetition: 91204
>passed!
repetition: 91205
>passed!
repetition: 91206
>passed!
repetition: 91207
>passed!
repetition: 91208
>passed!
repetition: 91209
>passed!
repetition: 91210
>passed!
repetition: 91211
>passed!
repetition: 91212
>passed!
repetition: 91213
>passed!
repetition: 91214
>passed!
repetition: 91215
>passed!
repetition: 91216
>passed!
repetition: 91217
>passed!
repetition: 91218
>passed!
repetition: 91219
>passed!
repetition: 91220
>passed!
repetition: 91221
>passed!
repetition: 91222
>passed!
repetition: 91223
>passed!
repetition: 91224
>passed!
repetition: 91225
>passed!
repetition: 91226
>passed!
repetition: 91227
>passed!
repetition: 91228
>passed!
repetition: 91229
>passed!
repetition: 91230
>passed!
repetition: 91231
>passed!
repetition: 91232
>passed!
repetition: 91233
>passed!
repetition: 91234
>passed!
repetition: 91235
>passed!
repetition: 91236
>passed!
repetition: 91237
>passed!
repetition: 91238
>passed!
repetition: 91239
>passed!
repetition: 91240
>passed!
repetition: 91241
>passed!
repetition: 91242
>passed!
repetition: 91243
>passed!
repetition: 91244
>passed!
repetition: 91245
>passed!
repetition: 91246
>passed!
repetition: 91247
>passed!
repetition: 91248
>passed!
repetition: 91249
>passed!
repetition: 91250
>passed!
repetition: 91251
>passed!
repetition: 91252
>passed!
repetition: 91253
>passed!
repetition: 91254
>passed!
repetition: 91255
>passed!
repetition: 91256
>passed!
repetition: 91257
>passed!
repetition: 91258
>passed!
repetition: 91259
>passed!
repetition: 91260
>passed!
repetition: 91261
>passed!
repetition: 91262
>passed!
repetition: 91263
>passed!
repetition: 91264
>passed!
repetition: 91265
>passed!
repetition: 91266
>passed!
repetition: 91267
>passed!
repetition: 91268
>passed!
repetition: 91269
>passed!
repetition: 91270
>passed!
repetition: 91271
>passed!
repetition: 91272
>passed!
repetition: 91273
>passed!
repetition: 91274
>passed!
repetition: 91275
>passed!
repetition: 91276
>passed!
repetition: 91277
>passed!
repetition: 91278
>passed!
repetition: 91279
>passed!
repetition: 91280
>passed!
repetition: 91281
>passed!
repetition: 91282
>passed!
repetition: 91283
>passed!
repetition: 91284
>passed!
repetition: 91285
>passed!
repetition: 91286
>passed!
repetition: 91287
>passed!
repetition: 91288
>passed!
repetition: 91289
>passed!
repetition: 91290
>passed!
repetition: 91291
>passed!
repetition: 91292
>passed!
repetition: 91293
>passed!
repetition: 91294
>passed!
repetition: 91295
>passed!
repetition: 91296
>passed!
repetition: 91297
>passed!
repetition: 91298
>passed!
repetition: 91299
>passed!
repetition: 91300
>passed!
repetition: 91301
>passed!
repetition: 91302
>passed!
repetition: 91303
>passed!
repetition: 91304
>passed!
repetition: 91305
>passed!
repetition: 91306
>passed!
repetition: 91307
>passed!
repetition: 91308
>passed!
repetition: 91309
>passed!
repetition: 91310
>passed!
repetition: 91311
>passed!
repetition: 91312
>passed!
repetition: 91313
>passed!
repetition: 91314
>passed!
repetition: 91315
>passed!
repetition: 91316
>passed!
repetition: 91317
>passed!
repetition: 91318
>passed!
repetition: 91319
>passed!
repetition: 91320
>passed!
repetition: 91321
>passed!
repetition: 91322
>passed!
repetition: 91323
>passed!
repetition: 91324
>passed!
repetition: 91325
>passed!
repetition: 91326
>passed!
repetition: 91327
>passed!
repetition: 91328
>passed!
repetition: 91329
>passed!
repetition: 91330
>passed!
repetition: 91331
>passed!
repetition: 91332
>passed!
repetition: 91333
>passed!
repetition: 91334
>passed!
repetition: 91335
>passed!
repetition: 91336
>passed!
repetition: 91337
>passed!
repetition: 91338
>passed!
repetition: 91339
>passed!
repetition: 91340
>passed!
repetition: 91341
>passed!
repetition: 91342
>passed!
repetition: 91343
>passed!
repetition: 91344
>passed!
repetition: 91345
>passed!
repetition: 91346
>passed!
repetition: 91347
>passed!
repetition: 91348
>passed!
repetition: 91349
>passed!
repetition: 91350
>passed!
repetition: 91351
>passed!
repetition: 91352
>passed!
repetition: 91353
>passed!
repetition: 91354
>passed!
repetition: 91355
>passed!
repetition: 91356
>passed!
repetition: 91357
>passed!
repetition: 91358
>passed!
repetition: 91359
>passed!
repetition: 91360
>passed!
repetition: 91361
>passed!
repetition: 91362
>passed!
repetition: 91363
>passed!
repetition: 91364
>passed!
repetition: 91365
>passed!
repetition: 91366
>passed!
repetition: 91367
>passed!
repetition: 91368
>passed!
repetition: 91369
>passed!
repetition: 91370
>passed!
repetition: 91371
>passed!
repetition: 91372
>passed!
repetition: 91373
>passed!
repetition: 91374
>passed!
repetition: 91375
>passed!
repetition: 91376
>passed!
repetition: 91377
>passed!
repetition: 91378
>passed!
repetition: 91379
>passed!
repetition: 91380
>passed!
repetition: 91381
>passed!
repetition: 91382
>passed!
repetition: 91383
>passed!
repetition: 91384
>passed!
repetition: 91385
>passed!
repetition: 91386
>passed!
repetition: 91387
>passed!
repetition: 91388
>passed!
repetition: 91389
>passed!
repetition: 91390
>passed!
repetition: 91391
>passed!
repetition: 91392
>passed!
repetition: 91393
>passed!
repetition: 91394
>passed!
repetition: 91395
>passed!
repetition: 91396
>passed!
repetition: 91397
>passed!
repetition: 91398
>passed!
repetition: 91399
>passed!
repetition: 91400
>passed!
repetition: 91401
>passed!
repetition: 91402
>passed!
repetition: 91403
>passed!
repetition: 91404
>passed!
repetition: 91405
>passed!
repetition: 91406
>passed!
repetition: 91407
>passed!
repetition: 91408
>passed!
repetition: 91409
>passed!
repetition: 91410
>passed!
repetition: 91411
>passed!
repetition: 91412
>passed!
repetition: 91413
>passed!
repetition: 91414
>passed!
repetition: 91415
>passed!
repetition: 91416
>passed!
repetition: 91417
>passed!
repetition: 91418
>passed!
repetition: 91419
>passed!
repetition: 91420
>passed!
repetition: 91421
>passed!
repetition: 91422
>passed!
repetition: 91423
>passed!
repetition: 91424
>passed!
repetition: 91425
>passed!
repetition: 91426
>passed!
repetition: 91427
>passed!
repetition: 91428
>passed!
repetition: 91429
>passed!
repetition: 91430
>passed!
repetition: 91431
>passed!
repetition: 91432
>passed!
repetition: 91433
>passed!
repetition: 91434
>passed!
repetition: 91435
>passed!
repetition: 91436
>passed!
repetition: 91437
>passed!
repetition: 91438
>passed!
repetition: 91439
>passed!
repetition: 91440
>passed!
repetition: 91441
>passed!
repetition: 91442
>passed!
repetition: 91443
>passed!
repetition: 91444
>passed!
repetition: 91445
>passed!
repetition: 91446
>passed!
repetition: 91447
>passed!
repetition: 91448
>passed!
repetition: 91449
>passed!
repetition: 91450
>passed!
repetition: 91451
>passed!
repetition: 91452
>passed!
repetition: 91453
>passed!
repetition: 91454
>passed!
repetition: 91455
>passed!
repetition: 91456
>passed!
repetition: 91457
>passed!
repetition: 91458
>passed!
repetition: 91459
>passed!
repetition: 91460
>passed!
repetition: 91461
>passed!
repetition: 91462
>passed!
repetition: 91463
>passed!
repetition: 91464
>passed!
repetition: 91465
>passed!
repetition: 91466
>passed!
repetition: 91467
>passed!
repetition: 91468
>passed!
repetition: 91469
>passed!
repetition: 91470
>passed!
repetition: 91471
>passed!
repetition: 91472
>passed!
repetition: 91473
>passed!
repetition: 91474
>passed!
repetition: 91475
>passed!
repetition: 91476
>passed!
repetition: 91477
>passed!
repetition: 91478
>passed!
repetition: 91479
>passed!
repetition: 91480
>passed!
repetition: 91481
>passed!
repetition: 91482
>passed!
repetition: 91483
>passed!
repetition: 91484
>passed!
repetition: 91485
>passed!
repetition: 91486
>passed!
repetition: 91487
>passed!
repetition: 91488
>passed!
repetition: 91489
>passed!
repetition: 91490
>passed!
repetition: 91491
>passed!
repetition: 91492
>passed!
repetition: 91493
>passed!
repetition: 91494
>passed!
repetition: 91495
>passed!
repetition: 91496
>passed!
repetition: 91497
>passed!
repetition: 91498
>passed!
repetition: 91499
>passed!
repetition: 91500
>passed!
repetition: 91501
>passed!
repetition: 91502
>passed!
repetition: 91503
>passed!
repetition: 91504
>passed!
repetition: 91505
>passed!
repetition: 91506
>passed!
repetition: 91507
>passed!
repetition: 91508
>passed!
repetition: 91509
>passed!
repetition: 91510
>passed!
repetition: 91511
>passed!
repetition: 91512
>passed!
repetition: 91513
>passed!
repetition: 91514
>passed!
repetition: 91515
>passed!
repetition: 91516
>passed!
repetition: 91517
>passed!
repetition: 91518
>passed!
repetition: 91519
>passed!
repetition: 91520
>passed!
repetition: 91521
>passed!
repetition: 91522
>passed!
repetition: 91523
>passed!
repetition: 91524
>passed!
repetition: 91525
>passed!
repetition: 91526
>passed!
repetition: 91527
>passed!
repetition: 91528
>passed!
repetition: 91529
>passed!
repetition: 91530
>passed!
repetition: 91531
>passed!
repetition: 91532
>passed!
repetition: 91533
>passed!
repetition: 91534
>passed!
repetition: 91535
>passed!
repetition: 91536
>passed!
repetition: 91537
>passed!
repetition: 91538
>passed!
repetition: 91539
>passed!
repetition: 91540
>passed!
repetition: 91541
>passed!
repetition: 91542
>passed!
repetition: 91543
>passed!
repetition: 91544
>passed!
repetition: 91545
>passed!
repetition: 91546
>passed!
repetition: 91547
>passed!
repetition: 91548
>passed!
repetition: 91549
>passed!
repetition: 91550
>passed!
repetition: 91551
>passed!
repetition: 91552
>passed!
repetition: 91553
>passed!
repetition: 91554
>passed!
repetition: 91555
>passed!
repetition: 91556
>passed!
repetition: 91557
>passed!
repetition: 91558
>passed!
repetition: 91559
>passed!
repetition: 91560
>passed!
repetition: 91561
>passed!
repetition: 91562
>passed!
repetition: 91563
>passed!
repetition: 91564
>passed!
repetition: 91565
>passed!
repetition: 91566
>passed!
repetition: 91567
>passed!
repetition: 91568
>passed!
repetition: 91569
>passed!
repetition: 91570
>passed!
repetition: 91571
>passed!
repetition: 91572
>passed!
repetition: 91573
>passed!
repetition: 91574
>passed!
repetition: 91575
>passed!
repetition: 91576
>passed!
repetition: 91577
>passed!
repetition: 91578
>passed!
repetition: 91579
>passed!
repetition: 91580
>passed!
repetition: 91581
>passed!
repetition: 91582
>passed!
repetition: 91583
>passed!
repetition: 91584
>passed!
repetition: 91585
>passed!
repetition: 91586
>passed!
repetition: 91587
>passed!
repetition: 91588
>passed!
repetition: 91589
>passed!
repetition: 91590
>passed!
repetition: 91591
>passed!
repetition: 91592
>passed!
repetition: 91593
>passed!
repetition: 91594
>passed!
repetition: 91595
>passed!
repetition: 91596
>passed!
repetition: 91597
>passed!
repetition: 91598
>passed!
repetition: 91599
>passed!
repetition: 91600
>passed!
repetition: 91601
>passed!
repetition: 91602
>passed!
repetition: 91603
>passed!
repetition: 91604
>passed!
repetition: 91605
>passed!
repetition: 91606
>passed!
repetition: 91607
>passed!
repetition: 91608
>passed!
repetition: 91609
>passed!
repetition: 91610
>passed!
repetition: 91611
>passed!
repetition: 91612
>passed!
repetition: 91613
>passed!
repetition: 91614
>passed!
repetition: 91615
>passed!
repetition: 91616
>passed!
repetition: 91617
>passed!
repetition: 91618
>passed!
repetition: 91619
>passed!
repetition: 91620
>passed!
repetition: 91621
>passed!
repetition: 91622
>passed!
repetition: 91623
>passed!
repetition: 91624
>passed!
repetition: 91625
>passed!
repetition: 91626
>passed!
repetition: 91627
>passed!
repetition: 91628
>passed!
repetition: 91629
>passed!
repetition: 91630
>passed!
repetition: 91631
>passed!
repetition: 91632
>passed!
repetition: 91633
>passed!
repetition: 91634
>passed!
repetition: 91635
>passed!
repetition: 91636
>passed!
repetition: 91637
>passed!
repetition: 91638
>passed!
repetition: 91639
>passed!
repetition: 91640
>passed!
repetition: 91641
>passed!
repetition: 91642
>passed!
repetition: 91643
>passed!
repetition: 91644
>passed!
repetition: 91645
>passed!
repetition: 91646
>passed!
repetition: 91647
>passed!
repetition: 91648
>passed!
repetition: 91649
>passed!
repetition: 91650
>passed!
repetition: 91651
>passed!
repetition: 91652
>passed!
repetition: 91653
>passed!
repetition: 91654
>passed!
repetition: 91655
>passed!
repetition: 91656
>passed!
repetition: 91657
>passed!
repetition: 91658
>passed!
repetition: 91659
>passed!
repetition: 91660
>passed!
repetition: 91661
>passed!
repetition: 91662
>passed!
repetition: 91663
>passed!
repetition: 91664
>passed!
repetition: 91665
>passed!
repetition: 91666
>passed!
repetition: 91667
>passed!
repetition: 91668
>passed!
repetition: 91669
>passed!
repetition: 91670
>passed!
repetition: 91671
>passed!
repetition: 91672
>passed!
repetition: 91673
>passed!
repetition: 91674
>passed!
repetition: 91675
>passed!
repetition: 91676
>passed!
repetition: 91677
>passed!
repetition: 91678
>passed!
repetition: 91679
>passed!
repetition: 91680
>passed!
repetition: 91681
>passed!
repetition: 91682
>passed!
repetition: 91683
>passed!
repetition: 91684
>passed!
repetition: 91685
>passed!
repetition: 91686
>passed!
repetition: 91687
>passed!
repetition: 91688
>passed!
repetition: 91689
>passed!
repetition: 91690
>passed!
repetition: 91691
>passed!
repetition: 91692
>passed!
repetition: 91693
>passed!
repetition: 91694
>passed!
repetition: 91695
>passed!
repetition: 91696
>passed!
repetition: 91697
>passed!
repetition: 91698
>passed!
repetition: 91699
>passed!
repetition: 91700
>passed!
repetition: 91701
>passed!
repetition: 91702
>passed!
repetition: 91703
>passed!
repetition: 91704
>passed!
repetition: 91705
>passed!
repetition: 91706
>passed!
repetition: 91707
>passed!
repetition: 91708
>passed!
repetition: 91709
>passed!
repetition: 91710
>passed!
repetition: 91711
>passed!
repetition: 91712
>passed!
repetition: 91713
>passed!
repetition: 91714
>passed!
repetition: 91715
>passed!
repetition: 91716
>passed!
repetition: 91717
>passed!
repetition: 91718
>passed!
repetition: 91719
>passed!
repetition: 91720
>passed!
repetition: 91721
>passed!
repetition: 91722
>passed!
repetition: 91723
>passed!
repetition: 91724
>passed!
repetition: 91725
>passed!
repetition: 91726
>passed!
repetition: 91727
>passed!
repetition: 91728
>passed!
repetition: 91729
>passed!
repetition: 91730
>passed!
repetition: 91731
>passed!
repetition: 91732
>passed!
repetition: 91733
>passed!
repetition: 91734
>passed!
repetition: 91735
>passed!
repetition: 91736
>passed!
repetition: 91737
>passed!
repetition: 91738
>passed!
repetition: 91739
>passed!
repetition: 91740
>passed!
repetition: 91741
>passed!
repetition: 91742
>passed!
repetition: 91743
>passed!
repetition: 91744
>passed!
repetition: 91745
>passed!
repetition: 91746
>passed!
repetition: 91747
>passed!
repetition: 91748
>passed!
repetition: 91749
>passed!
repetition: 91750
>passed!
repetition: 91751
>passed!
repetition: 91752
>passed!
repetition: 91753
>passed!
repetition: 91754
>passed!
repetition: 91755
>passed!
repetition: 91756
>passed!
repetition: 91757
>passed!
repetition: 91758
>passed!
repetition: 91759
>passed!
repetition: 91760
>passed!
repetition: 91761
>passed!
repetition: 91762
>passed!
repetition: 91763
>passed!
repetition: 91764
>passed!
repetition: 91765
>passed!
repetition: 91766
>passed!
repetition: 91767
>passed!
repetition: 91768
>passed!
repetition: 91769
>passed!
repetition: 91770
>passed!
repetition: 91771
>passed!
repetition: 91772
>passed!
repetition: 91773
>passed!
repetition: 91774
>passed!
repetition: 91775
>passed!
repetition: 91776
>passed!
repetition: 91777
>passed!
repetition: 91778
>passed!
repetition: 91779
>passed!
repetition: 91780
>passed!
repetition: 91781
>passed!
repetition: 91782
>passed!
repetition: 91783
>passed!
repetition: 91784
>passed!
repetition: 91785
>passed!
repetition: 91786
>passed!
repetition: 91787
>passed!
repetition: 91788
>passed!
repetition: 91789
>passed!
repetition: 91790
>passed!
repetition: 91791
>passed!
repetition: 91792
>passed!
repetition: 91793
>passed!
repetition: 91794
>passed!
repetition: 91795
>passed!
repetition: 91796
>passed!
repetition: 91797
>passed!
repetition: 91798
>passed!
repetition: 91799
>passed!
repetition: 91800
>passed!
repetition: 91801
>passed!
repetition: 91802
>passed!
repetition: 91803
>passed!
repetition: 91804
>passed!
repetition: 91805
>passed!
repetition: 91806
>passed!
repetition: 91807
>passed!
repetition: 91808
>passed!
repetition: 91809
>passed!
repetition: 91810
>passed!
repetition: 91811
>passed!
repetition: 91812
>passed!
repetition: 91813
>passed!
repetition: 91814
>passed!
repetition: 91815
>passed!
repetition: 91816
>passed!
repetition: 91817
>passed!
repetition: 91818
>passed!
repetition: 91819
>passed!
repetition: 91820
>passed!
repetition: 91821
>passed!
repetition: 91822
>passed!
repetition: 91823
>passed!
repetition: 91824
>passed!
repetition: 91825
>passed!
repetition: 91826
>passed!
repetition: 91827
>passed!
repetition: 91828
>passed!
repetition: 91829
>passed!
repetition: 91830
>passed!
repetition: 91831
>passed!
repetition: 91832
>passed!
repetition: 91833
>passed!
repetition: 91834
>passed!
repetition: 91835
>passed!
repetition: 91836
>passed!
repetition: 91837
>passed!
repetition: 91838
>passed!
repetition: 91839
>passed!
repetition: 91840
>passed!
repetition: 91841
>passed!
repetition: 91842
>passed!
repetition: 91843
>passed!
repetition: 91844
>passed!
repetition: 91845
>passed!
repetition: 91846
>passed!
repetition: 91847
>passed!
repetition: 91848
>passed!
repetition: 91849
>passed!
repetition: 91850
>passed!
repetition: 91851
>passed!
repetition: 91852
>passed!
repetition: 91853
>passed!
repetition: 91854
>passed!
repetition: 91855
>passed!
repetition: 91856
>passed!
repetition: 91857
>passed!
repetition: 91858
>passed!
repetition: 91859
>passed!
repetition: 91860
>passed!
repetition: 91861
>passed!
repetition: 91862
>passed!
repetition: 91863
>passed!
repetition: 91864
>passed!
repetition: 91865
>passed!
repetition: 91866
>passed!
repetition: 91867
>passed!
repetition: 91868
>passed!
repetition: 91869
>passed!
repetition: 91870
>passed!
repetition: 91871
>passed!
repetition: 91872
>passed!
repetition: 91873
>passed!
repetition: 91874
>passed!
repetition: 91875
>passed!
repetition: 91876
>passed!
repetition: 91877
>passed!
repetition: 91878
>passed!
repetition: 91879
>passed!
repetition: 91880
>passed!
repetition: 91881
>passed!
repetition: 91882
>passed!
repetition: 91883
>passed!
repetition: 91884
>passed!
repetition: 91885
>passed!
repetition: 91886
>passed!
repetition: 91887
>passed!
repetition: 91888
>passed!
repetition: 91889
>passed!
repetition: 91890
>passed!
repetition: 91891
>passed!
repetition: 91892
>passed!
repetition: 91893
>passed!
repetition: 91894
>passed!
repetition: 91895
>passed!
repetition: 91896
>passed!
repetition: 91897
>passed!
repetition: 91898
>passed!
repetition: 91899
>passed!
repetition: 91900
>passed!
repetition: 91901
>passed!
repetition: 91902
>passed!
repetition: 91903
>passed!
repetition: 91904
>passed!
repetition: 91905
>passed!
repetition: 91906
>passed!
repetition: 91907
>passed!
repetition: 91908
>passed!
repetition: 91909
>passed!
repetition: 91910
>passed!
repetition: 91911
>passed!
repetition: 91912
>passed!
repetition: 91913
>passed!
repetition: 91914
>passed!
repetition: 91915
>passed!
repetition: 91916
>passed!
repetition: 91917
>passed!
repetition: 91918
>passed!
repetition: 91919
>passed!
repetition: 91920
>passed!
repetition: 91921
>passed!
repetition: 91922
>passed!
repetition: 91923
>passed!
repetition: 91924
>passed!
repetition: 91925
>passed!
repetition: 91926
>passed!
repetition: 91927
>passed!
repetition: 91928
>passed!
repetition: 91929
>passed!
repetition: 91930
>passed!
repetition: 91931
>passed!
repetition: 91932
>passed!
repetition: 91933
>passed!
repetition: 91934
>passed!
repetition: 91935
>passed!
repetition: 91936
>passed!
repetition: 91937
>passed!
repetition: 91938
>passed!
repetition: 91939
>passed!
repetition: 91940
>passed!
repetition: 91941
>passed!
repetition: 91942
>passed!
repetition: 91943
>passed!
repetition: 91944
>passed!
repetition: 91945
>passed!
repetition: 91946
>passed!
repetition: 91947
>passed!
repetition: 91948
>passed!
repetition: 91949
>passed!
repetition: 91950
>passed!
repetition: 91951
>passed!
repetition: 91952
>passed!
repetition: 91953
>passed!
repetition: 91954
>passed!
repetition: 91955
>passed!
repetition: 91956
>passed!
repetition: 91957
>passed!
repetition: 91958
>passed!
repetition: 91959
>passed!
repetition: 91960
>passed!
repetition: 91961
>passed!
repetition: 91962
>passed!
repetition: 91963
>passed!
repetition: 91964
>passed!
repetition: 91965
>passed!
repetition: 91966
>passed!
repetition: 91967
>passed!
repetition: 91968
>passed!
repetition: 91969
>passed!
repetition: 91970
>passed!
repetition: 91971
>passed!
repetition: 91972
>passed!
repetition: 91973
>passed!
repetition: 91974
>passed!
repetition: 91975
>passed!
repetition: 91976
>passed!
repetition: 91977
>passed!
repetition: 91978
>passed!
repetition: 91979
>passed!
repetition: 91980
>passed!
repetition: 91981
>passed!
repetition: 91982
>passed!
repetition: 91983
>passed!
repetition: 91984
>passed!
repetition: 91985
>passed!
repetition: 91986
>passed!
repetition: 91987
>passed!
repetition: 91988
>passed!
repetition: 91989
>passed!
repetition: 91990
>passed!
repetition: 91991
>passed!
repetition: 91992
>passed!
repetition: 91993
>passed!
repetition: 91994
>passed!
repetition: 91995
>passed!
repetition: 91996
>passed!
repetition: 91997
>passed!
repetition: 91998
>passed!
repetition: 91999
>passed!
repetition: 92000
>passed!
repetition: 92001
>passed!
repetition: 92002
>passed!
repetition: 92003
>passed!
repetition: 92004
>passed!
repetition: 92005
>passed!
repetition: 92006
>passed!
repetition: 92007
>passed!
repetition: 92008
>passed!
repetition: 92009
>passed!
repetition: 92010
>passed!
repetition: 92011
>passed!
repetition: 92012
>passed!
repetition: 92013
>passed!
repetition: 92014
>passed!
repetition: 92015
>passed!
repetition: 92016
>passed!
repetition: 92017
>passed!
repetition: 92018
>passed!
repetition: 92019
>passed!
repetition: 92020
>passed!
repetition: 92021
>passed!
repetition: 92022
>passed!
repetition: 92023
>passed!
repetition: 92024
>passed!
repetition: 92025
>passed!
repetition: 92026
>passed!
repetition: 92027
>passed!
repetition: 92028
>passed!
repetition: 92029
>passed!
repetition: 92030
>passed!
repetition: 92031
>passed!
repetition: 92032
>passed!
repetition: 92033
>passed!
repetition: 92034
>passed!
repetition: 92035
>passed!
repetition: 92036
>passed!
repetition: 92037
>passed!
repetition: 92038
>passed!
repetition: 92039
>passed!
repetition: 92040
>passed!
repetition: 92041
>passed!
repetition: 92042
>passed!
repetition: 92043
>passed!
repetition: 92044
>passed!
repetition: 92045
>passed!
repetition: 92046
>passed!
repetition: 92047
>passed!
repetition: 92048
>passed!
repetition: 92049
>passed!
repetition: 92050
>passed!
repetition: 92051
>passed!
repetition: 92052
>passed!
repetition: 92053
>passed!
repetition: 92054
>passed!
repetition: 92055
>passed!
repetition: 92056
>passed!
repetition: 92057
>passed!
repetition: 92058
>passed!
repetition: 92059
>passed!
repetition: 92060
>passed!
repetition: 92061
>passed!
repetition: 92062
>passed!
repetition: 92063
>passed!
repetition: 92064
>passed!
repetition: 92065
>passed!
repetition: 92066
>passed!
repetition: 92067
>passed!
repetition: 92068
>passed!
repetition: 92069
>passed!
repetition: 92070
>passed!
repetition: 92071
>passed!
repetition: 92072
>passed!
repetition: 92073
>passed!
repetition: 92074
>passed!
repetition: 92075
>passed!
repetition: 92076
>passed!
repetition: 92077
>passed!
repetition: 92078
>passed!
repetition: 92079
>passed!
repetition: 92080
>passed!
repetition: 92081
>passed!
repetition: 92082
>passed!
repetition: 92083
>passed!
repetition: 92084
>passed!
repetition: 92085
>passed!
repetition: 92086
>passed!
repetition: 92087
>passed!
repetition: 92088
>passed!
repetition: 92089
>passed!
repetition: 92090
>passed!
repetition: 92091
>passed!
repetition: 92092
>passed!
repetition: 92093
>passed!
repetition: 92094
>passed!
repetition: 92095
>passed!
repetition: 92096
>passed!
repetition: 92097
>passed!
repetition: 92098
>passed!
repetition: 92099
>passed!
repetition: 92100
>passed!
repetition: 92101
>passed!
repetition: 92102
>passed!
repetition: 92103
>passed!
repetition: 92104
>passed!
repetition: 92105
>passed!
repetition: 92106
>passed!
repetition: 92107
>passed!
repetition: 92108
>passed!
repetition: 92109
>passed!
repetition: 92110
>passed!
repetition: 92111
>passed!
repetition: 92112
>passed!
repetition: 92113
>passed!
repetition: 92114
>passed!
repetition: 92115
>passed!
repetition: 92116
>passed!
repetition: 92117
>passed!
repetition: 92118
>passed!
repetition: 92119
>passed!
repetition: 92120
>passed!
repetition: 92121
>passed!
repetition: 92122
>passed!
repetition: 92123
>passed!
repetition: 92124
>passed!
repetition: 92125
>passed!
repetition: 92126
>passed!
repetition: 92127
>passed!
repetition: 92128
>passed!
repetition: 92129
>passed!
repetition: 92130
>passed!
repetition: 92131
>passed!
repetition: 92132
>passed!
repetition: 92133
>passed!
repetition: 92134
>passed!
repetition: 92135
>passed!
repetition: 92136
>passed!
repetition: 92137
>passed!
repetition: 92138
>passed!
repetition: 92139
>passed!
repetition: 92140
>passed!
repetition: 92141
>passed!
repetition: 92142
>passed!
repetition: 92143
>passed!
repetition: 92144
>passed!
repetition: 92145
>passed!
repetition: 92146
>passed!
repetition: 92147
>passed!
repetition: 92148
>passed!
repetition: 92149
>passed!
repetition: 92150
>passed!
repetition: 92151
>passed!
repetition: 92152
>passed!
repetition: 92153
>passed!
repetition: 92154
>passed!
repetition: 92155
>passed!
repetition: 92156
>passed!
repetition: 92157
>passed!
repetition: 92158
>passed!
repetition: 92159
>passed!
repetition: 92160
>passed!
repetition: 92161
>passed!
repetition: 92162
>passed!
repetition: 92163
>passed!
repetition: 92164
>passed!
repetition: 92165
>passed!
repetition: 92166
>passed!
repetition: 92167
>passed!
repetition: 92168
>passed!
repetition: 92169
>passed!
repetition: 92170
>passed!
repetition: 92171
>passed!
repetition: 92172
>passed!
repetition: 92173
>passed!
repetition: 92174
>passed!
repetition: 92175
>passed!
repetition: 92176
>passed!
repetition: 92177
>passed!
repetition: 92178
>passed!
repetition: 92179
>passed!
repetition: 92180
>passed!
repetition: 92181
>passed!
repetition: 92182
>passed!
repetition: 92183
>passed!
repetition: 92184
>passed!
repetition: 92185
>passed!
repetition: 92186
>passed!
repetition: 92187
>passed!
repetition: 92188
>passed!
repetition: 92189
>passed!
repetition: 92190
>passed!
repetition: 92191
>passed!
repetition: 92192
>passed!
repetition: 92193
>passed!
repetition: 92194
>passed!
repetition: 92195
>passed!
repetition: 92196
>passed!
repetition: 92197
>passed!
repetition: 92198
>passed!
repetition: 92199
>passed!
repetition: 92200
>passed!
repetition: 92201
>passed!
repetition: 92202
>passed!
repetition: 92203
>passed!
repetition: 92204
>passed!
repetition: 92205
>passed!
repetition: 92206
>passed!
repetition: 92207
>passed!
repetition: 92208
>passed!
repetition: 92209
>passed!
repetition: 92210
>passed!
repetition: 92211
>passed!
repetition: 92212
>passed!
repetition: 92213
>passed!
repetition: 92214
>passed!
repetition: 92215
>passed!
repetition: 92216
>passed!
repetition: 92217
>passed!
repetition: 92218
>passed!
repetition: 92219
>passed!
repetition: 92220
>passed!
repetition: 92221
>passed!
repetition: 92222
>passed!
repetition: 92223
>passed!
repetition: 92224
>passed!
repetition: 92225
>passed!
repetition: 92226
>passed!
repetition: 92227
>passed!
repetition: 92228
>passed!
repetition: 92229
>passed!
repetition: 92230
>passed!
repetition: 92231
>passed!
repetition: 92232
>passed!
repetition: 92233
>passed!
repetition: 92234
>passed!
repetition: 92235
>passed!
repetition: 92236
>passed!
repetition: 92237
>passed!
repetition: 92238
>passed!
repetition: 92239
>passed!
repetition: 92240
>passed!
repetition: 92241
>passed!
repetition: 92242
>passed!
repetition: 92243
>passed!
repetition: 92244
>passed!
repetition: 92245
>passed!
repetition: 92246
>passed!
repetition: 92247
>passed!
repetition: 92248
>passed!
repetition: 92249
>passed!
repetition: 92250
>passed!
repetition: 92251
>passed!
repetition: 92252
>passed!
repetition: 92253
>passed!
repetition: 92254
>passed!
repetition: 92255
>passed!
repetition: 92256
>passed!
repetition: 92257
>passed!
repetition: 92258
>passed!
repetition: 92259
>passed!
repetition: 92260
>passed!
repetition: 92261
>passed!
repetition: 92262
>passed!
repetition: 92263
>passed!
repetition: 92264
>passed!
repetition: 92265
>passed!
repetition: 92266
>passed!
repetition: 92267
>passed!
repetition: 92268
>passed!
repetition: 92269
>passed!
repetition: 92270
>passed!
repetition: 92271
>passed!
repetition: 92272
>passed!
repetition: 92273
>passed!
repetition: 92274
>passed!
repetition: 92275
>passed!
repetition: 92276
>passed!
repetition: 92277
>passed!
repetition: 92278
>passed!
repetition: 92279
>passed!
repetition: 92280
>passed!
repetition: 92281
>passed!
repetition: 92282
>passed!
repetition: 92283
>passed!
repetition: 92284
>passed!
repetition: 92285
>passed!
repetition: 92286
>passed!
repetition: 92287
>passed!
repetition: 92288
>passed!
repetition: 92289
>passed!
repetition: 92290
>passed!
repetition: 92291
>passed!
repetition: 92292
>passed!
repetition: 92293
>passed!
repetition: 92294
>passed!
repetition: 92295
>passed!
repetition: 92296
>passed!
repetition: 92297
>passed!
repetition: 92298
>passed!
repetition: 92299
>passed!
repetition: 92300
>passed!
repetition: 92301
>passed!
repetition: 92302
>passed!
repetition: 92303
>passed!
repetition: 92304
>passed!
repetition: 92305
>passed!
repetition: 92306
>passed!
repetition: 92307
>passed!
repetition: 92308
>passed!
repetition: 92309
>passed!
repetition: 92310
>passed!
repetition: 92311
>passed!
repetition: 92312
>passed!
repetition: 92313
>passed!
repetition: 92314
>passed!
repetition: 92315
>passed!
repetition: 92316
>passed!
repetition: 92317
>passed!
repetition: 92318
>passed!
repetition: 92319
>passed!
repetition: 92320
>passed!
repetition: 92321
>passed!
repetition: 92322
>passed!
repetition: 92323
>passed!
repetition: 92324
>passed!
repetition: 92325
>passed!
repetition: 92326
>passed!
repetition: 92327
>passed!
repetition: 92328
>passed!
repetition: 92329
>passed!
repetition: 92330
>passed!
repetition: 92331
>passed!
repetition: 92332
>passed!
repetition: 92333
>passed!
repetition: 92334
>passed!
repetition: 92335
>passed!
repetition: 92336
>passed!
repetition: 92337
>passed!
repetition: 92338
>passed!
repetition: 92339
>passed!
repetition: 92340
>passed!
repetition: 92341
>passed!
repetition: 92342
>passed!
repetition: 92343
>passed!
repetition: 92344
>passed!
repetition: 92345
>passed!
repetition: 92346
>passed!
repetition: 92347
>passed!
repetition: 92348
>passed!
repetition: 92349
>passed!
repetition: 92350
>passed!
repetition: 92351
>passed!
repetition: 92352
>passed!
repetition: 92353
>passed!
repetition: 92354
>passed!
repetition: 92355
>passed!
repetition: 92356
>passed!
repetition: 92357
>passed!
repetition: 92358
>passed!
repetition: 92359
>passed!
repetition: 92360
>passed!
repetition: 92361
>passed!
repetition: 92362
>passed!
repetition: 92363
>passed!
repetition: 92364
>passed!
repetition: 92365
>passed!
repetition: 92366
>passed!
repetition: 92367
>passed!
repetition: 92368
>passed!
repetition: 92369
>passed!
repetition: 92370
>passed!
repetition: 92371
>passed!
repetition: 92372
>passed!
repetition: 92373
>passed!
repetition: 92374
>passed!
repetition: 92375
>passed!
repetition: 92376
>passed!
repetition: 92377
>passed!
repetition: 92378
>passed!
repetition: 92379
>passed!
repetition: 92380
>passed!
repetition: 92381
>passed!
repetition: 92382
>passed!
repetition: 92383
>passed!
repetition: 92384
>passed!
repetition: 92385
>passed!
repetition: 92386
>passed!
repetition: 92387
>passed!
repetition: 92388
>passed!
repetition: 92389
>passed!
repetition: 92390
>passed!
repetition: 92391
>passed!
repetition: 92392
>passed!
repetition: 92393
>passed!
repetition: 92394
>passed!
repetition: 92395
>passed!
repetition: 92396
>passed!
repetition: 92397
>passed!
repetition: 92398
>passed!
repetition: 92399
>passed!
repetition: 92400
>passed!
repetition: 92401
>passed!
repetition: 92402
>passed!
repetition: 92403
>passed!
repetition: 92404
>passed!
repetition: 92405
>passed!
repetition: 92406
>passed!
repetition: 92407
>passed!
repetition: 92408
>passed!
repetition: 92409
>passed!
repetition: 92410
>passed!
repetition: 92411
>passed!
repetition: 92412
>passed!
repetition: 92413
>passed!
repetition: 92414
>passed!
repetition: 92415
>passed!
repetition: 92416
>passed!
repetition: 92417
>passed!
repetition: 92418
>passed!
repetition: 92419
>passed!
repetition: 92420
>passed!
repetition: 92421
>passed!
repetition: 92422
>passed!
repetition: 92423
>passed!
repetition: 92424
>passed!
repetition: 92425
>passed!
repetition: 92426
>passed!
repetition: 92427
>passed!
repetition: 92428
>passed!
repetition: 92429
>passed!
repetition: 92430
>passed!
repetition: 92431
>passed!
repetition: 92432
>passed!
repetition: 92433
>passed!
repetition: 92434
>passed!
repetition: 92435
>passed!
repetition: 92436
>passed!
repetition: 92437
>passed!
repetition: 92438
>passed!
repetition: 92439
>passed!
repetition: 92440
>passed!
repetition: 92441
>passed!
repetition: 92442
>passed!
repetition: 92443
>passed!
repetition: 92444
>passed!
repetition: 92445
>passed!
repetition: 92446
>passed!
repetition: 92447
>passed!
repetition: 92448
>passed!
repetition: 92449
>passed!
repetition: 92450
>passed!
repetition: 92451
>passed!
repetition: 92452
>passed!
repetition: 92453
>passed!
repetition: 92454
>passed!
repetition: 92455
>passed!
repetition: 92456
>passed!
repetition: 92457
>passed!
repetition: 92458
>passed!
repetition: 92459
>passed!
repetition: 92460
>passed!
repetition: 92461
>passed!
repetition: 92462
>passed!
repetition: 92463
>passed!
repetition: 92464
>passed!
repetition: 92465
>passed!
repetition: 92466
>passed!
repetition: 92467
>passed!
repetition: 92468
>passed!
repetition: 92469
>passed!
repetition: 92470
>passed!
repetition: 92471
>passed!
repetition: 92472
>passed!
repetition: 92473
>passed!
repetition: 92474
>passed!
repetition: 92475
>passed!
repetition: 92476
>passed!
repetition: 92477
>passed!
repetition: 92478
>passed!
repetition: 92479
>passed!
repetition: 92480
>passed!
repetition: 92481
>passed!
repetition: 92482
>passed!
repetition: 92483
>passed!
repetition: 92484
>passed!
repetition: 92485
>passed!
repetition: 92486
>passed!
repetition: 92487
>passed!
repetition: 92488
>passed!
repetition: 92489
>passed!
repetition: 92490
>passed!
repetition: 92491
>passed!
repetition: 92492
>passed!
repetition: 92493
>passed!
repetition: 92494
>passed!
repetition: 92495
>passed!
repetition: 92496
>passed!
repetition: 92497
>passed!
repetition: 92498
>passed!
repetition: 92499
>passed!
repetition: 92500
>passed!
repetition: 92501
>passed!
repetition: 92502
>passed!
repetition: 92503
>passed!
repetition: 92504
>passed!
repetition: 92505
>passed!
repetition: 92506
>passed!
repetition: 92507
>passed!
repetition: 92508
>passed!
repetition: 92509
>passed!
repetition: 92510
>passed!
repetition: 92511
>passed!
repetition: 92512
>passed!
repetition: 92513
>passed!
repetition: 92514
>passed!
repetition: 92515
>passed!
repetition: 92516
>passed!
repetition: 92517
>passed!
repetition: 92518
>passed!
repetition: 92519
>passed!
repetition: 92520
>passed!
repetition: 92521
>passed!
repetition: 92522
>passed!
repetition: 92523
>passed!
repetition: 92524
>passed!
repetition: 92525
>passed!
repetition: 92526
>passed!
repetition: 92527
>passed!
repetition: 92528
>passed!
repetition: 92529
>passed!
repetition: 92530
>passed!
repetition: 92531
>passed!
repetition: 92532
>passed!
repetition: 92533
>passed!
repetition: 92534
>passed!
repetition: 92535
>passed!
repetition: 92536
>passed!
repetition: 92537
>passed!
repetition: 92538
>passed!
repetition: 92539
>passed!
repetition: 92540
>passed!
repetition: 92541
>passed!
repetition: 92542
>passed!
repetition: 92543
>passed!
repetition: 92544
>passed!
repetition: 92545
>passed!
repetition: 92546
>passed!
repetition: 92547
>passed!
repetition: 92548
>passed!
repetition: 92549
>passed!
repetition: 92550
>passed!
repetition: 92551
>passed!
repetition: 92552
>passed!
repetition: 92553
>passed!
repetition: 92554
>passed!
repetition: 92555
>passed!
repetition: 92556
>passed!
repetition: 92557
>passed!
repetition: 92558
>passed!
repetition: 92559
>passed!
repetition: 92560
>passed!
repetition: 92561
>passed!
repetition: 92562
>passed!
repetition: 92563
>passed!
repetition: 92564
>passed!
repetition: 92565
>passed!
repetition: 92566
>passed!
repetition: 92567
>passed!
repetition: 92568
>passed!
repetition: 92569
>passed!
repetition: 92570
>passed!
repetition: 92571
>passed!
repetition: 92572
>passed!
repetition: 92573
>passed!
repetition: 92574
>passed!
repetition: 92575
>passed!
repetition: 92576
>passed!
repetition: 92577
>passed!
repetition: 92578
>passed!
repetition: 92579
>passed!
repetition: 92580
>passed!
repetition: 92581
>passed!
repetition: 92582
>passed!
repetition: 92583
>passed!
repetition: 92584
>passed!
repetition: 92585
>passed!
repetition: 92586
>passed!
repetition: 92587
>passed!
repetition: 92588
>passed!
repetition: 92589
>passed!
repetition: 92590
>passed!
repetition: 92591
>passed!
repetition: 92592
>passed!
repetition: 92593
>passed!
repetition: 92594
>passed!
repetition: 92595
>passed!
repetition: 92596
>passed!
repetition: 92597
>passed!
repetition: 92598
>passed!
repetition: 92599
>passed!
repetition: 92600
>passed!
repetition: 92601
>passed!
repetition: 92602
>passed!
repetition: 92603
>passed!
repetition: 92604
>passed!
repetition: 92605
>passed!
repetition: 92606
>passed!
repetition: 92607
>passed!
repetition: 92608
>passed!
repetition: 92609
>passed!
repetition: 92610
>passed!
repetition: 92611
>passed!
repetition: 92612
>passed!
repetition: 92613
>passed!
repetition: 92614
>passed!
repetition: 92615
>passed!
repetition: 92616
>passed!
repetition: 92617
>passed!
repetition: 92618
>passed!
repetition: 92619
>passed!
repetition: 92620
>passed!
repetition: 92621
>passed!
repetition: 92622
>passed!
repetition: 92623
>passed!
repetition: 92624
>passed!
repetition: 92625
>passed!
repetition: 92626
>passed!
repetition: 92627
>passed!
repetition: 92628
>passed!
repetition: 92629
>passed!
repetition: 92630
>passed!
repetition: 92631
>passed!
repetition: 92632
>passed!
repetition: 92633
>passed!
repetition: 92634
>passed!
repetition: 92635
>passed!
repetition: 92636
>passed!
repetition: 92637
>passed!
repetition: 92638
>passed!
repetition: 92639
>passed!
repetition: 92640
>passed!
repetition: 92641
>passed!
repetition: 92642
>passed!
repetition: 92643
>passed!
repetition: 92644
>passed!
repetition: 92645
>passed!
repetition: 92646
>passed!
repetition: 92647
>passed!
repetition: 92648
>passed!
repetition: 92649
>passed!
repetition: 92650
>passed!
repetition: 92651
>passed!
repetition: 92652
>passed!
repetition: 92653
>passed!
repetition: 92654
>passed!
repetition: 92655
>passed!
repetition: 92656
>passed!
repetition: 92657
>passed!
repetition: 92658
>passed!
repetition: 92659
>passed!
repetition: 92660
>passed!
repetition: 92661
>passed!
repetition: 92662
>passed!
repetition: 92663
>passed!
repetition: 92664
>passed!
repetition: 92665
>passed!
repetition: 92666
>passed!
repetition: 92667
>passed!
repetition: 92668
>passed!
repetition: 92669
>passed!
repetition: 92670
>passed!
repetition: 92671
>passed!
repetition: 92672
>passed!
repetition: 92673
>passed!
repetition: 92674
>passed!
repetition: 92675
>passed!
repetition: 92676
>passed!
repetition: 92677
>passed!
repetition: 92678
>passed!
repetition: 92679
>passed!
repetition: 92680
>passed!
repetition: 92681
>passed!
repetition: 92682
>passed!
repetition: 92683
>passed!
repetition: 92684
>passed!
repetition: 92685
>passed!
repetition: 92686
>passed!
repetition: 92687
>passed!
repetition: 92688
>passed!
repetition: 92689
>passed!
repetition: 92690
>passed!
repetition: 92691
>passed!
repetition: 92692
>passed!
repetition: 92693
>passed!
repetition: 92694
>passed!
repetition: 92695
>passed!
repetition: 92696
>passed!
repetition: 92697
>passed!
repetition: 92698
>passed!
repetition: 92699
>passed!
repetition: 92700
>passed!
repetition: 92701
>passed!
repetition: 92702
>passed!
repetition: 92703
>passed!
repetition: 92704
>passed!
repetition: 92705
>passed!
repetition: 92706
>passed!
repetition: 92707
>passed!
repetition: 92708
>passed!
repetition: 92709
>passed!
repetition: 92710
>passed!
repetition: 92711
>passed!
repetition: 92712
>passed!
repetition: 92713
>passed!
repetition: 92714
>passed!
repetition: 92715
>passed!
repetition: 92716
>passed!
repetition: 92717
>passed!
repetition: 92718
>passed!
repetition: 92719
>passed!
repetition: 92720
>passed!
repetition: 92721
>passed!
repetition: 92722
>passed!
repetition: 92723
>passed!
repetition: 92724
>passed!
repetition: 92725
>passed!
repetition: 92726
>passed!
repetition: 92727
>passed!
repetition: 92728
>passed!
repetition: 92729
>passed!
repetition: 92730
>passed!
repetition: 92731
>passed!
repetition: 92732
>passed!
repetition: 92733
>passed!
repetition: 92734
>passed!
repetition: 92735
>passed!
repetition: 92736
>passed!
repetition: 92737
>passed!
repetition: 92738
>passed!
repetition: 92739
>passed!
repetition: 92740
>passed!
repetition: 92741
>passed!
repetition: 92742
>passed!
repetition: 92743
>passed!
repetition: 92744
>passed!
repetition: 92745
>passed!
repetition: 92746
>passed!
repetition: 92747
>passed!
repetition: 92748
>passed!
repetition: 92749
>passed!
repetition: 92750
>passed!
repetition: 92751
>passed!
repetition: 92752
>passed!
repetition: 92753
>passed!
repetition: 92754
>passed!
repetition: 92755
>passed!
repetition: 92756
>passed!
repetition: 92757
>passed!
repetition: 92758
>passed!
repetition: 92759
>passed!
repetition: 92760
>passed!
repetition: 92761
>passed!
repetition: 92762
>passed!
repetition: 92763
>passed!
repetition: 92764
>passed!
repetition: 92765
>passed!
repetition: 92766
>passed!
repetition: 92767
>passed!
repetition: 92768
>passed!
repetition: 92769
>passed!
repetition: 92770
>passed!
repetition: 92771
>passed!
repetition: 92772
>passed!
repetition: 92773
>passed!
repetition: 92774
>passed!
repetition: 92775
>passed!
repetition: 92776
>passed!
repetition: 92777
>passed!
repetition: 92778
>passed!
repetition: 92779
>passed!
repetition: 92780
>passed!
repetition: 92781
>passed!
repetition: 92782
>passed!
repetition: 92783
>passed!
repetition: 92784
>passed!
repetition: 92785
>passed!
repetition: 92786
>passed!
repetition: 92787
>passed!
repetition: 92788
>passed!
repetition: 92789
>passed!
repetition: 92790
>passed!
repetition: 92791
>passed!
repetition: 92792
>passed!
repetition: 92793
>passed!
repetition: 92794
>passed!
repetition: 92795
>passed!
repetition: 92796
>passed!
repetition: 92797
>passed!
repetition: 92798
>passed!
repetition: 92799
>passed!
repetition: 92800
>passed!
repetition: 92801
>passed!
repetition: 92802
>passed!
repetition: 92803
>passed!
repetition: 92804
>passed!
repetition: 92805
>passed!
repetition: 92806
>passed!
repetition: 92807
>passed!
repetition: 92808
>passed!
repetition: 92809
>passed!
repetition: 92810
>passed!
repetition: 92811
>passed!
repetition: 92812
>passed!
repetition: 92813
>passed!
repetition: 92814
>passed!
repetition: 92815
>passed!
repetition: 92816
>passed!
repetition: 92817
>passed!
repetition: 92818
>passed!
repetition: 92819
>passed!
repetition: 92820
>passed!
repetition: 92821
>passed!
repetition: 92822
>passed!
repetition: 92823
>passed!
repetition: 92824
>passed!
repetition: 92825
>passed!
repetition: 92826
>passed!
repetition: 92827
>passed!
repetition: 92828
>passed!
repetition: 92829
>passed!
repetition: 92830
>passed!
repetition: 92831
>passed!
repetition: 92832
>passed!
repetition: 92833
>passed!
repetition: 92834
>passed!
repetition: 92835
>passed!
repetition: 92836
>passed!
repetition: 92837
>passed!
repetition: 92838
>passed!
repetition: 92839
>passed!
repetition: 92840
>passed!
repetition: 92841
>passed!
repetition: 92842
>passed!
repetition: 92843
>passed!
repetition: 92844
>passed!
repetition: 92845
>passed!
repetition: 92846
>passed!
repetition: 92847
>passed!
repetition: 92848
>passed!
repetition: 92849
>passed!
repetition: 92850
>passed!
repetition: 92851
>passed!
repetition: 92852
>passed!
repetition: 92853
>passed!
repetition: 92854
>passed!
repetition: 92855
>passed!
repetition: 92856
>passed!
repetition: 92857
>passed!
repetition: 92858
>passed!
repetition: 92859
>passed!
repetition: 92860
>passed!
repetition: 92861
>passed!
repetition: 92862
>passed!
repetition: 92863
>passed!
repetition: 92864
>passed!
repetition: 92865
>passed!
repetition: 92866
>passed!
repetition: 92867
>passed!
repetition: 92868
>passed!
repetition: 92869
>passed!
repetition: 92870
>passed!
repetition: 92871
>passed!
repetition: 92872
>passed!
repetition: 92873
>passed!
repetition: 92874
>passed!
repetition: 92875
>passed!
repetition: 92876
>passed!
repetition: 92877
>passed!
repetition: 92878
>passed!
repetition: 92879
>passed!
repetition: 92880
>passed!
repetition: 92881
>passed!
repetition: 92882
>passed!
repetition: 92883
>passed!
repetition: 92884
>passed!
repetition: 92885
>passed!
repetition: 92886
>passed!
repetition: 92887
>passed!
repetition: 92888
>passed!
repetition: 92889
>passed!
repetition: 92890
>passed!
repetition: 92891
>passed!
repetition: 92892
>passed!
repetition: 92893
>passed!
repetition: 92894
>passed!
repetition: 92895
>passed!
repetition: 92896
>passed!
repetition: 92897
>passed!
repetition: 92898
>passed!
repetition: 92899
>passed!
repetition: 92900
>passed!
repetition: 92901
>passed!
repetition: 92902
>passed!
repetition: 92903
>passed!
repetition: 92904
>passed!
repetition: 92905
>passed!
repetition: 92906
>passed!
repetition: 92907
>passed!
repetition: 92908
>passed!
repetition: 92909
>passed!
repetition: 92910
>passed!
repetition: 92911
>passed!
repetition: 92912
>passed!
repetition: 92913
>passed!
repetition: 92914
>passed!
repetition: 92915
>passed!
repetition: 92916
>passed!
repetition: 92917
>passed!
repetition: 92918
>passed!
repetition: 92919
>passed!
repetition: 92920
>passed!
repetition: 92921
>passed!
repetition: 92922
>passed!
repetition: 92923
>passed!
repetition: 92924
>passed!
repetition: 92925
>passed!
repetition: 92926
>passed!
repetition: 92927
>passed!
repetition: 92928
>passed!
repetition: 92929
>passed!
repetition: 92930
>passed!
repetition: 92931
>passed!
repetition: 92932
>passed!
repetition: 92933
>passed!
repetition: 92934
>passed!
repetition: 92935
>passed!
repetition: 92936
>passed!
repetition: 92937
>passed!
repetition: 92938
>passed!
repetition: 92939
>passed!
repetition: 92940
>passed!
repetition: 92941
>passed!
repetition: 92942
>passed!
repetition: 92943
>passed!
repetition: 92944
>passed!
repetition: 92945
>passed!
repetition: 92946
>passed!
repetition: 92947
>passed!
repetition: 92948
>passed!
repetition: 92949
>passed!
repetition: 92950
>passed!
repetition: 92951
>passed!
repetition: 92952
>passed!
repetition: 92953
>passed!
repetition: 92954
>passed!
repetition: 92955
>passed!
repetition: 92956
>passed!
repetition: 92957
>passed!
repetition: 92958
>passed!
repetition: 92959
>passed!
repetition: 92960
>passed!
repetition: 92961
>passed!
repetition: 92962
>passed!
repetition: 92963
>passed!
repetition: 92964
>passed!
repetition: 92965
>passed!
repetition: 92966
>passed!
repetition: 92967
>passed!
repetition: 92968
>passed!
repetition: 92969
>passed!
repetition: 92970
>passed!
repetition: 92971
>passed!
repetition: 92972
>passed!
repetition: 92973
>passed!
repetition: 92974
>passed!
repetition: 92975
>passed!
repetition: 92976
>passed!
repetition: 92977
>passed!
repetition: 92978
>passed!
repetition: 92979
>passed!
repetition: 92980
>passed!
repetition: 92981
>passed!
repetition: 92982
>passed!
repetition: 92983
>passed!
repetition: 92984
>passed!
repetition: 92985
>passed!
repetition: 92986
>passed!
repetition: 92987
>passed!
repetition: 92988
>passed!
repetition: 92989
>passed!
repetition: 92990
>passed!
repetition: 92991
>passed!
repetition: 92992
>passed!
repetition: 92993
>passed!
repetition: 92994
>passed!
repetition: 92995
>passed!
repetition: 92996
>passed!
repetition: 92997
>passed!
repetition: 92998
>passed!
repetition: 92999
>passed!
repetition: 93000
>passed!
repetition: 93001
>passed!
repetition: 93002
>passed!
repetition: 93003
>passed!
repetition: 93004
>passed!
repetition: 93005
>passed!
repetition: 93006
>passed!
repetition: 93007
>passed!
repetition: 93008
>passed!
repetition: 93009
>passed!
repetition: 93010
>passed!
repetition: 93011
>passed!
repetition: 93012
>passed!
repetition: 93013
>passed!
repetition: 93014
>passed!
repetition: 93015
>passed!
repetition: 93016
>passed!
repetition: 93017
>passed!
repetition: 93018
>passed!
repetition: 93019
>passed!
repetition: 93020
>passed!
repetition: 93021
>passed!
repetition: 93022
>passed!
repetition: 93023
>passed!
repetition: 93024
>passed!
repetition: 93025
>passed!
repetition: 93026
>passed!
repetition: 93027
>passed!
repetition: 93028
>passed!
repetition: 93029
>passed!
repetition: 93030
>passed!
repetition: 93031
>passed!
repetition: 93032
>passed!
repetition: 93033
>passed!
repetition: 93034
>passed!
repetition: 93035
>passed!
repetition: 93036
>passed!
repetition: 93037
>passed!
repetition: 93038
>passed!
repetition: 93039
>passed!
repetition: 93040
>passed!
repetition: 93041
>passed!
repetition: 93042
>passed!
repetition: 93043
>passed!
repetition: 93044
>passed!
repetition: 93045
>passed!
repetition: 93046
>passed!
repetition: 93047
>passed!
repetition: 93048
>passed!
repetition: 93049
>passed!
repetition: 93050
>passed!
repetition: 93051
>passed!
repetition: 93052
>passed!
repetition: 93053
>passed!
repetition: 93054
>passed!
repetition: 93055
>passed!
repetition: 93056
>passed!
repetition: 93057
>passed!
repetition: 93058
>passed!
repetition: 93059
>passed!
repetition: 93060
>passed!
repetition: 93061
>passed!
repetition: 93062
>passed!
repetition: 93063
>passed!
repetition: 93064
>passed!
repetition: 93065
>passed!
repetition: 93066
>passed!
repetition: 93067
>passed!
repetition: 93068
>passed!
repetition: 93069
>passed!
repetition: 93070
>passed!
repetition: 93071
>passed!
repetition: 93072
>passed!
repetition: 93073
>passed!
repetition: 93074
>passed!
repetition: 93075
>passed!
repetition: 93076
>passed!
repetition: 93077
>passed!
repetition: 93078
>passed!
repetition: 93079
>passed!
repetition: 93080
>passed!
repetition: 93081
>passed!
repetition: 93082
>passed!
repetition: 93083
>passed!
repetition: 93084
>passed!
repetition: 93085
>passed!
repetition: 93086
>passed!
repetition: 93087
>passed!
repetition: 93088
>passed!
repetition: 93089
>passed!
repetition: 93090
>passed!
repetition: 93091
>passed!
repetition: 93092
>passed!
repetition: 93093
>passed!
repetition: 93094
>passed!
repetition: 93095
>passed!
repetition: 93096
>passed!
repetition: 93097
>passed!
repetition: 93098
>passed!
repetition: 93099
>passed!
repetition: 93100
>passed!
repetition: 93101
>passed!
repetition: 93102
>passed!
repetition: 93103
>passed!
repetition: 93104
>passed!
repetition: 93105
>passed!
repetition: 93106
>passed!
repetition: 93107
>passed!
repetition: 93108
>passed!
repetition: 93109
>passed!
repetition: 93110
>passed!
repetition: 93111
>passed!
repetition: 93112
>passed!
repetition: 93113
>passed!
repetition: 93114
>passed!
repetition: 93115
>passed!
repetition: 93116
>passed!
repetition: 93117
>passed!
repetition: 93118
>passed!
repetition: 93119
>passed!
repetition: 93120
>passed!
repetition: 93121
>passed!
repetition: 93122
>passed!
repetition: 93123
>passed!
repetition: 93124
>passed!
repetition: 93125
>passed!
repetition: 93126
>passed!
repetition: 93127
>passed!
repetition: 93128
>passed!
repetition: 93129
>passed!
repetition: 93130
>passed!
repetition: 93131
>passed!
repetition: 93132
>passed!
repetition: 93133
>passed!
repetition: 93134
>passed!
repetition: 93135
>passed!
repetition: 93136
>passed!
repetition: 93137
>passed!
repetition: 93138
>passed!
repetition: 93139
>passed!
repetition: 93140
>passed!
repetition: 93141
>passed!
repetition: 93142
>passed!
repetition: 93143
>passed!
repetition: 93144
>passed!
repetition: 93145
>passed!
repetition: 93146
>passed!
repetition: 93147
>passed!
repetition: 93148
>passed!
repetition: 93149
>passed!
repetition: 93150
>passed!
repetition: 93151
>passed!
repetition: 93152
>passed!
repetition: 93153
>passed!
repetition: 93154
>passed!
repetition: 93155
>passed!
repetition: 93156
>passed!
repetition: 93157
>passed!
repetition: 93158
>passed!
repetition: 93159
>passed!
repetition: 93160
>passed!
repetition: 93161
>passed!
repetition: 93162
>passed!
repetition: 93163
>passed!
repetition: 93164
>passed!
repetition: 93165
>passed!
repetition: 93166
>passed!
repetition: 93167
>passed!
repetition: 93168
>passed!
repetition: 93169
>passed!
repetition: 93170
>passed!
repetition: 93171
>passed!
repetition: 93172
>passed!
repetition: 93173
>passed!
repetition: 93174
>passed!
repetition: 93175
>passed!
repetition: 93176
>passed!
repetition: 93177
>passed!
repetition: 93178
>passed!
repetition: 93179
>passed!
repetition: 93180
>passed!
repetition: 93181
>passed!
repetition: 93182
>passed!
repetition: 93183
>passed!
repetition: 93184
>passed!
repetition: 93185
>passed!
repetition: 93186
>passed!
repetition: 93187
>passed!
repetition: 93188
>passed!
repetition: 93189
>passed!
repetition: 93190
>passed!
repetition: 93191
>passed!
repetition: 93192
>passed!
repetition: 93193
>passed!
repetition: 93194
>passed!
repetition: 93195
>passed!
repetition: 93196
>passed!
repetition: 93197
>passed!
repetition: 93198
>passed!
repetition: 93199
>passed!
repetition: 93200
>passed!
repetition: 93201
>passed!
repetition: 93202
>passed!
repetition: 93203
>passed!
repetition: 93204
>passed!
repetition: 93205
>passed!
repetition: 93206
>passed!
repetition: 93207
>passed!
repetition: 93208
>passed!
repetition: 93209
>passed!
repetition: 93210
>passed!
repetition: 93211
>passed!
repetition: 93212
>passed!
repetition: 93213
>passed!
repetition: 93214
>passed!
repetition: 93215
>passed!
repetition: 93216
>passed!
repetition: 93217
>passed!
repetition: 93218
>passed!
repetition: 93219
>passed!
repetition: 93220
>passed!
repetition: 93221
>passed!
repetition: 93222
>passed!
repetition: 93223
>passed!
repetition: 93224
>passed!
repetition: 93225
>passed!
repetition: 93226
>passed!
repetition: 93227
>passed!
repetition: 93228
>passed!
repetition: 93229
>passed!
repetition: 93230
>passed!
repetition: 93231
>passed!
repetition: 93232
>passed!
repetition: 93233
>passed!
repetition: 93234
>passed!
repetition: 93235
>passed!
repetition: 93236
>passed!
repetition: 93237
>passed!
repetition: 93238
>passed!
repetition: 93239
>passed!
repetition: 93240
>passed!
repetition: 93241
>passed!
repetition: 93242
>passed!
repetition: 93243
>passed!
repetition: 93244
>passed!
repetition: 93245
>passed!
repetition: 93246
>passed!
repetition: 93247
>passed!
repetition: 93248
>passed!
repetition: 93249
>passed!
repetition: 93250
>passed!
repetition: 93251
>passed!
repetition: 93252
>passed!
repetition: 93253
>passed!
repetition: 93254
>passed!
repetition: 93255
>passed!
repetition: 93256
>passed!
repetition: 93257
>passed!
repetition: 93258
>passed!
repetition: 93259
>passed!
repetition: 93260
>passed!
repetition: 93261
>passed!
repetition: 93262
>passed!
repetition: 93263
>passed!
repetition: 93264
>passed!
repetition: 93265
>passed!
repetition: 93266
>passed!
repetition: 93267
>passed!
repetition: 93268
>passed!
repetition: 93269
>passed!
repetition: 93270
>passed!
repetition: 93271
>passed!
repetition: 93272
>passed!
repetition: 93273
>passed!
repetition: 93274
>passed!
repetition: 93275
>passed!
repetition: 93276
>passed!
repetition: 93277
>passed!
repetition: 93278
>passed!
repetition: 93279
>passed!
repetition: 93280
>passed!
repetition: 93281
>passed!
repetition: 93282
>passed!
repetition: 93283
>passed!
repetition: 93284
>passed!
repetition: 93285
>passed!
repetition: 93286
>passed!
repetition: 93287
>passed!
repetition: 93288
>passed!
repetition: 93289
>passed!
repetition: 93290
>passed!
repetition: 93291
>passed!
repetition: 93292
>passed!
repetition: 93293
>passed!
repetition: 93294
>passed!
repetition: 93295
>passed!
repetition: 93296
>passed!
repetition: 93297
>passed!
repetition: 93298
>passed!
repetition: 93299
>passed!
repetition: 93300
>passed!
repetition: 93301
>passed!
repetition: 93302
>passed!
repetition: 93303
>passed!
repetition: 93304
>passed!
repetition: 93305
>passed!
repetition: 93306
>passed!
repetition: 93307
>passed!
repetition: 93308
>passed!
repetition: 93309
>passed!
repetition: 93310
>passed!
repetition: 93311
>passed!
repetition: 93312
>passed!
repetition: 93313
>passed!
repetition: 93314
>passed!
repetition: 93315
>passed!
repetition: 93316
>passed!
repetition: 93317
>passed!
repetition: 93318
>passed!
repetition: 93319
>passed!
repetition: 93320
>passed!
repetition: 93321
>passed!
repetition: 93322
>passed!
repetition: 93323
>passed!
repetition: 93324
>passed!
repetition: 93325
>passed!
repetition: 93326
>passed!
repetition: 93327
>passed!
repetition: 93328
>passed!
repetition: 93329
>passed!
repetition: 93330
>passed!
repetition: 93331
>passed!
repetition: 93332
>passed!
repetition: 93333
>passed!
repetition: 93334
>passed!
repetition: 93335
>passed!
repetition: 93336
>passed!
repetition: 93337
>passed!
repetition: 93338
>passed!
repetition: 93339
>passed!
repetition: 93340
>passed!
repetition: 93341
>passed!
repetition: 93342
>passed!
repetition: 93343
>passed!
repetition: 93344
>passed!
repetition: 93345
>passed!
repetition: 93346
>passed!
repetition: 93347
>passed!
repetition: 93348
>passed!
repetition: 93349
>passed!
repetition: 93350
>passed!
repetition: 93351
>passed!
repetition: 93352
>passed!
repetition: 93353
>passed!
repetition: 93354
>passed!
repetition: 93355
>passed!
repetition: 93356
>passed!
repetition: 93357
>passed!
repetition: 93358
>passed!
repetition: 93359
>passed!
repetition: 93360
>passed!
repetition: 93361
>passed!
repetition: 93362
>passed!
repetition: 93363
>passed!
repetition: 93364
>passed!
repetition: 93365
>passed!
repetition: 93366
>passed!
repetition: 93367
>passed!
repetition: 93368
>passed!
repetition: 93369
>passed!
repetition: 93370
>passed!
repetition: 93371
>passed!
repetition: 93372
>passed!
repetition: 93373
>passed!
repetition: 93374
>passed!
repetition: 93375
>passed!
repetition: 93376
>passed!
repetition: 93377
>passed!
repetition: 93378
>passed!
repetition: 93379
>passed!
repetition: 93380
>passed!
repetition: 93381
>passed!
repetition: 93382
>passed!
repetition: 93383
>passed!
repetition: 93384
>passed!
repetition: 93385
>passed!
repetition: 93386
>passed!
repetition: 93387
>passed!
repetition: 93388
>passed!
repetition: 93389
>passed!
repetition: 93390
>passed!
repetition: 93391
>passed!
repetition: 93392
>passed!
repetition: 93393
>passed!
repetition: 93394
>passed!
repetition: 93395
>passed!
repetition: 93396
>passed!
repetition: 93397
>passed!
repetition: 93398
>passed!
repetition: 93399
>passed!
repetition: 93400
>passed!
repetition: 93401
>passed!
repetition: 93402
>passed!
repetition: 93403
>passed!
repetition: 93404
>passed!
repetition: 93405
>passed!
repetition: 93406
>passed!
repetition: 93407
>passed!
repetition: 93408
>passed!
repetition: 93409
>passed!
repetition: 93410
>passed!
repetition: 93411
>passed!
repetition: 93412
>passed!
repetition: 93413
>passed!
repetition: 93414
>passed!
repetition: 93415
>passed!
repetition: 93416
>passed!
repetition: 93417
>passed!
repetition: 93418
>passed!
repetition: 93419
>passed!
repetition: 93420
>passed!
repetition: 93421
>passed!
repetition: 93422
>passed!
repetition: 93423
>passed!
repetition: 93424
>passed!
repetition: 93425
>passed!
repetition: 93426
>passed!
repetition: 93427
>passed!
repetition: 93428
>passed!
repetition: 93429
>passed!
repetition: 93430
>passed!
repetition: 93431
>passed!
repetition: 93432
>passed!
repetition: 93433
>passed!
repetition: 93434
>passed!
repetition: 93435
>passed!
repetition: 93436
>passed!
repetition: 93437
>passed!
repetition: 93438
>passed!
repetition: 93439
>passed!
repetition: 93440
>passed!
repetition: 93441
>passed!
repetition: 93442
>passed!
repetition: 93443
>passed!
repetition: 93444
>passed!
repetition: 93445
>passed!
repetition: 93446
>passed!
repetition: 93447
>passed!
repetition: 93448
>passed!
repetition: 93449
>passed!
repetition: 93450
>passed!
repetition: 93451
>passed!
repetition: 93452
>passed!
repetition: 93453
>passed!
repetition: 93454
>passed!
repetition: 93455
>passed!
repetition: 93456
>passed!
repetition: 93457
>passed!
repetition: 93458
>passed!
repetition: 93459
>passed!
repetition: 93460
>passed!
repetition: 93461
>passed!
repetition: 93462
>passed!
repetition: 93463
>passed!
repetition: 93464
>passed!
repetition: 93465
>passed!
repetition: 93466
>passed!
repetition: 93467
>passed!
repetition: 93468
>passed!
repetition: 93469
>passed!
repetition: 93470
>passed!
repetition: 93471
>passed!
repetition: 93472
>passed!
repetition: 93473
>passed!
repetition: 93474
>passed!
repetition: 93475
>passed!
repetition: 93476
>passed!
repetition: 93477
>passed!
repetition: 93478
>passed!
repetition: 93479
>passed!
repetition: 93480
>passed!
repetition: 93481
>passed!
repetition: 93482
>passed!
repetition: 93483
>passed!
repetition: 93484
>passed!
repetition: 93485
>passed!
repetition: 93486
>passed!
repetition: 93487
>passed!
repetition: 93488
>passed!
repetition: 93489
>passed!
repetition: 93490
>passed!
repetition: 93491
>passed!
repetition: 93492
>passed!
repetition: 93493
>passed!
repetition: 93494
>passed!
repetition: 93495
>passed!
repetition: 93496
>passed!
repetition: 93497
>passed!
repetition: 93498
>passed!
repetition: 93499
>passed!
repetition: 93500
>passed!
repetition: 93501
>passed!
repetition: 93502
>passed!
repetition: 93503
>passed!
repetition: 93504
>passed!
repetition: 93505
>passed!
repetition: 93506
>passed!
repetition: 93507
>passed!
repetition: 93508
>passed!
repetition: 93509
>passed!
repetition: 93510
>passed!
repetition: 93511
>passed!
repetition: 93512
>passed!
repetition: 93513
>passed!
repetition: 93514
>passed!
repetition: 93515
>passed!
repetition: 93516
>passed!
repetition: 93517
>passed!
repetition: 93518
>passed!
repetition: 93519
>passed!
repetition: 93520
>passed!
repetition: 93521
>passed!
repetition: 93522
>passed!
repetition: 93523
>passed!
repetition: 93524
>passed!
repetition: 93525
>passed!
repetition: 93526
>passed!
repetition: 93527
>passed!
repetition: 93528
>passed!
repetition: 93529
>passed!
repetition: 93530
>passed!
repetition: 93531
>passed!
repetition: 93532
>passed!
repetition: 93533
>passed!
repetition: 93534
>passed!
repetition: 93535
>passed!
repetition: 93536
>passed!
repetition: 93537
>passed!
repetition: 93538
>passed!
repetition: 93539
>passed!
repetition: 93540
>passed!
repetition: 93541
>passed!
repetition: 93542
>passed!
repetition: 93543
>passed!
repetition: 93544
>passed!
repetition: 93545
>passed!
repetition: 93546
>passed!
repetition: 93547
>passed!
repetition: 93548
>passed!
repetition: 93549
>passed!
repetition: 93550
>passed!
repetition: 93551
>passed!
repetition: 93552
>passed!
repetition: 93553
>passed!
repetition: 93554
>passed!
repetition: 93555
>passed!
repetition: 93556
>passed!
repetition: 93557
>passed!
repetition: 93558
>passed!
repetition: 93559
>passed!
repetition: 93560
>passed!
repetition: 93561
>passed!
repetition: 93562
>passed!
repetition: 93563
>passed!
repetition: 93564
>passed!
repetition: 93565
>passed!
repetition: 93566
>passed!
repetition: 93567
>passed!
repetition: 93568
>passed!
repetition: 93569
>passed!
repetition: 93570
>passed!
repetition: 93571
>passed!
repetition: 93572
>passed!
repetition: 93573
>passed!
repetition: 93574
>passed!
repetition: 93575
>passed!
repetition: 93576
>passed!
repetition: 93577
>passed!
repetition: 93578
>passed!
repetition: 93579
>passed!
repetition: 93580
>passed!
repetition: 93581
>passed!
repetition: 93582
>passed!
repetition: 93583
>passed!
repetition: 93584
>passed!
repetition: 93585
>passed!
repetition: 93586
>passed!
repetition: 93587
>passed!
repetition: 93588
>passed!
repetition: 93589
>passed!
repetition: 93590
>passed!
repetition: 93591
>passed!
repetition: 93592
>passed!
repetition: 93593
>passed!
repetition: 93594
>passed!
repetition: 93595
>passed!
repetition: 93596
>passed!
repetition: 93597
>passed!
repetition: 93598
>passed!
repetition: 93599
>passed!
repetition: 93600
>passed!
repetition: 93601
>passed!
repetition: 93602
>passed!
repetition: 93603
>passed!
repetition: 93604
>passed!
repetition: 93605
>passed!
repetition: 93606
>passed!
repetition: 93607
>passed!
repetition: 93608
>passed!
repetition: 93609
>passed!
repetition: 93610
>passed!
repetition: 93611
>passed!
repetition: 93612
>passed!
repetition: 93613
>passed!
repetition: 93614
>passed!
repetition: 93615
>passed!
repetition: 93616
>passed!
repetition: 93617
>passed!
repetition: 93618
>passed!
repetition: 93619
>passed!
repetition: 93620
>passed!
repetition: 93621
>passed!
repetition: 93622
>passed!
repetition: 93623
>passed!
repetition: 93624
>passed!
repetition: 93625
>passed!
repetition: 93626
>passed!
repetition: 93627
>passed!
repetition: 93628
>passed!
repetition: 93629
>passed!
repetition: 93630
>passed!
repetition: 93631
>passed!
repetition: 93632
>passed!
repetition: 93633
>passed!
repetition: 93634
>passed!
repetition: 93635
>passed!
repetition: 93636
>passed!
repetition: 93637
>passed!
repetition: 93638
>passed!
repetition: 93639
>passed!
repetition: 93640
>passed!
repetition: 93641
>passed!
repetition: 93642
>passed!
repetition: 93643
>passed!
repetition: 93644
>passed!
repetition: 93645
>passed!
repetition: 93646
>passed!
repetition: 93647
>passed!
repetition: 93648
>passed!
repetition: 93649
>passed!
repetition: 93650
>passed!
repetition: 93651
>passed!
repetition: 93652
>passed!
repetition: 93653
>passed!
repetition: 93654
>passed!
repetition: 93655
>passed!
repetition: 93656
>passed!
repetition: 93657
>passed!
repetition: 93658
>passed!
repetition: 93659
>passed!
repetition: 93660
>passed!
repetition: 93661
>passed!
repetition: 93662
>passed!
repetition: 93663
>passed!
repetition: 93664
>passed!
repetition: 93665
>passed!
repetition: 93666
>passed!
repetition: 93667
>passed!
repetition: 93668
>passed!
repetition: 93669
>passed!
repetition: 93670
>passed!
repetition: 93671
>passed!
repetition: 93672
>passed!
repetition: 93673
>passed!
repetition: 93674
>passed!
repetition: 93675
>passed!
repetition: 93676
>passed!
repetition: 93677
>passed!
repetition: 93678
>passed!
repetition: 93679
>passed!
repetition: 93680
>passed!
repetition: 93681
>passed!
repetition: 93682
>passed!
repetition: 93683
>passed!
repetition: 93684
>passed!
repetition: 93685
>passed!
repetition: 93686
>passed!
repetition: 93687
>passed!
repetition: 93688
>passed!
repetition: 93689
>passed!
repetition: 93690
>passed!
repetition: 93691
>passed!
repetition: 93692
>passed!
repetition: 93693
>passed!
repetition: 93694
>passed!
repetition: 93695
>passed!
repetition: 93696
>passed!
repetition: 93697
>passed!
repetition: 93698
>passed!
repetition: 93699
>passed!
repetition: 93700
>passed!
repetition: 93701
>passed!
repetition: 93702
>passed!
repetition: 93703
>passed!
repetition: 93704
>passed!
repetition: 93705
>passed!
repetition: 93706
>passed!
repetition: 93707
>passed!
repetition: 93708
>passed!
repetition: 93709
>passed!
repetition: 93710
>passed!
repetition: 93711
>passed!
repetition: 93712
>passed!
repetition: 93713
>passed!
repetition: 93714
>passed!
repetition: 93715
>passed!
repetition: 93716
>passed!
repetition: 93717
>passed!
repetition: 93718
>passed!
repetition: 93719
>passed!
repetition: 93720
>passed!
repetition: 93721
>passed!
repetition: 93722
>passed!
repetition: 93723
>passed!
repetition: 93724
>passed!
repetition: 93725
>passed!
repetition: 93726
>passed!
repetition: 93727
>passed!
repetition: 93728
>passed!
repetition: 93729
>passed!
repetition: 93730
>passed!
repetition: 93731
>passed!
repetition: 93732
>passed!
repetition: 93733
>passed!
repetition: 93734
>passed!
repetition: 93735
>passed!
repetition: 93736
>passed!
repetition: 93737
>passed!
repetition: 93738
>passed!
repetition: 93739
>passed!
repetition: 93740
>passed!
repetition: 93741
>passed!
repetition: 93742
>passed!
repetition: 93743
>passed!
repetition: 93744
>passed!
repetition: 93745
>passed!
repetition: 93746
>passed!
repetition: 93747
>passed!
repetition: 93748
>passed!
repetition: 93749
>passed!
repetition: 93750
>passed!
repetition: 93751
>passed!
repetition: 93752
>passed!
repetition: 93753
>passed!
repetition: 93754
>passed!
repetition: 93755
>passed!
repetition: 93756
>passed!
repetition: 93757
>passed!
repetition: 93758
>passed!
repetition: 93759
>passed!
repetition: 93760
>passed!
repetition: 93761
>passed!
repetition: 93762
>passed!
repetition: 93763
>passed!
repetition: 93764
>passed!
repetition: 93765
>passed!
repetition: 93766
>passed!
repetition: 93767
>passed!
repetition: 93768
>passed!
repetition: 93769
>passed!
repetition: 93770
>passed!
repetition: 93771
>passed!
repetition: 93772
>passed!
repetition: 93773
>passed!
repetition: 93774
>passed!
repetition: 93775
>passed!
repetition: 93776
>passed!
repetition: 93777
>passed!
repetition: 93778
>passed!
repetition: 93779
>passed!
repetition: 93780
>passed!
repetition: 93781
>passed!
repetition: 93782
>passed!
repetition: 93783
>passed!
repetition: 93784
>passed!
repetition: 93785
>passed!
repetition: 93786
>passed!
repetition: 93787
>passed!
repetition: 93788
>passed!
repetition: 93789
>passed!
repetition: 93790
>passed!
repetition: 93791
>passed!
repetition: 93792
>passed!
repetition: 93793
>passed!
repetition: 93794
>passed!
repetition: 93795
>passed!
repetition: 93796
>passed!
repetition: 93797
>passed!
repetition: 93798
>passed!
repetition: 93799
>passed!
repetition: 93800
>passed!
repetition: 93801
>passed!
repetition: 93802
>passed!
repetition: 93803
>passed!
repetition: 93804
>passed!
repetition: 93805
>passed!
repetition: 93806
>passed!
repetition: 93807
>passed!
repetition: 93808
>passed!
repetition: 93809
>passed!
repetition: 93810
>passed!
repetition: 93811
>passed!
repetition: 93812
>passed!
repetition: 93813
>passed!
repetition: 93814
>passed!
repetition: 93815
>passed!
repetition: 93816
>passed!
repetition: 93817
>passed!
repetition: 93818
>passed!
repetition: 93819
>passed!
repetition: 93820
>passed!
repetition: 93821
>passed!
repetition: 93822
>passed!
repetition: 93823
>passed!
repetition: 93824
>passed!
repetition: 93825
>passed!
repetition: 93826
>passed!
repetition: 93827
>passed!
repetition: 93828
>passed!
repetition: 93829
>passed!
repetition: 93830
>passed!
repetition: 93831
>passed!
repetition: 93832
>passed!
repetition: 93833
>passed!
repetition: 93834
>passed!
repetition: 93835
>passed!
repetition: 93836
>passed!
repetition: 93837
>passed!
repetition: 93838
>passed!
repetition: 93839
>passed!
repetition: 93840
>passed!
repetition: 93841
>passed!
repetition: 93842
>passed!
repetition: 93843
>passed!
repetition: 93844
>passed!
repetition: 93845
>passed!
repetition: 93846
>passed!
repetition: 93847
>passed!
repetition: 93848
>passed!
repetition: 93849
>passed!
repetition: 93850
>passed!
repetition: 93851
>passed!
repetition: 93852
>passed!
repetition: 93853
>passed!
repetition: 93854
>passed!
repetition: 93855
>passed!
repetition: 93856
>passed!
repetition: 93857
>passed!
repetition: 93858
>passed!
repetition: 93859
>passed!
repetition: 93860
>passed!
repetition: 93861
>passed!
repetition: 93862
>passed!
repetition: 93863
>passed!
repetition: 93864
>passed!
repetition: 93865
>passed!
repetition: 93866
>passed!
repetition: 93867
>passed!
repetition: 93868
>passed!
repetition: 93869
>passed!
repetition: 93870
>passed!
repetition: 93871
>passed!
repetition: 93872
>passed!
repetition: 93873
>passed!
repetition: 93874
>passed!
repetition: 93875
>passed!
repetition: 93876
>passed!
repetition: 93877
>passed!
repetition: 93878
>passed!
repetition: 93879
>passed!
repetition: 93880
>passed!
repetition: 93881
>passed!
repetition: 93882
>passed!
repetition: 93883
>passed!
repetition: 93884
>passed!
repetition: 93885
>passed!
repetition: 93886
>passed!
repetition: 93887
>passed!
repetition: 93888
>passed!
repetition: 93889
>passed!
repetition: 93890
>passed!
repetition: 93891
>passed!
repetition: 93892
>passed!
repetition: 93893
>passed!
repetition: 93894
>passed!
repetition: 93895
>passed!
repetition: 93896
>passed!
repetition: 93897
>passed!
repetition: 93898
>passed!
repetition: 93899
>passed!
repetition: 93900
>passed!
repetition: 93901
>passed!
repetition: 93902
>passed!
repetition: 93903
>passed!
repetition: 93904
>passed!
repetition: 93905
>passed!
repetition: 93906
>passed!
repetition: 93907
>passed!
repetition: 93908
>passed!
repetition: 93909
>passed!
repetition: 93910
>passed!
repetition: 93911
>passed!
repetition: 93912
>passed!
repetition: 93913
>passed!
repetition: 93914
>passed!
repetition: 93915
>passed!
repetition: 93916
>passed!
repetition: 93917
>passed!
repetition: 93918
>passed!
repetition: 93919
>passed!
repetition: 93920
>passed!
repetition: 93921
>passed!
repetition: 93922
>passed!
repetition: 93923
>passed!
repetition: 93924
>passed!
repetition: 93925
>passed!
repetition: 93926
>passed!
repetition: 93927
>passed!
repetition: 93928
>passed!
repetition: 93929
>passed!
repetition: 93930
>passed!
repetition: 93931
>passed!
repetition: 93932
>passed!
repetition: 93933
>passed!
repetition: 93934
>passed!
repetition: 93935
>passed!
repetition: 93936
>passed!
repetition: 93937
>passed!
repetition: 93938
>passed!
repetition: 93939
>passed!
repetition: 93940
>passed!
repetition: 93941
>passed!
repetition: 93942
>passed!
repetition: 93943
>passed!
repetition: 93944
>passed!
repetition: 93945
>passed!
repetition: 93946
>passed!
repetition: 93947
>passed!
repetition: 93948
>passed!
repetition: 93949
>passed!
repetition: 93950
>passed!
repetition: 93951
>passed!
repetition: 93952
>passed!
repetition: 93953
>passed!
repetition: 93954
>passed!
repetition: 93955
>passed!
repetition: 93956
>passed!
repetition: 93957
>passed!
repetition: 93958
>passed!
repetition: 93959
>passed!
repetition: 93960
>passed!
repetition: 93961
>passed!
repetition: 93962
>passed!
repetition: 93963
>passed!
repetition: 93964
>passed!
repetition: 93965
>passed!
repetition: 93966
>passed!
repetition: 93967
>passed!
repetition: 93968
>passed!
repetition: 93969
>passed!
repetition: 93970
>passed!
repetition: 93971
>passed!
repetition: 93972
>passed!
repetition: 93973
>passed!
repetition: 93974
>passed!
repetition: 93975
>passed!
repetition: 93976
>passed!
repetition: 93977
>passed!
repetition: 93978
>passed!
repetition: 93979
>passed!
repetition: 93980
>passed!
repetition: 93981
>passed!
repetition: 93982
>passed!
repetition: 93983
>passed!
repetition: 93984
>passed!
repetition: 93985
>passed!
repetition: 93986
>passed!
repetition: 93987
>passed!
repetition: 93988
>passed!
repetition: 93989
>passed!
repetition: 93990
>passed!
repetition: 93991
>passed!
repetition: 93992
>passed!
repetition: 93993
>passed!
repetition: 93994
>passed!
repetition: 93995
>passed!
repetition: 93996
>passed!
repetition: 93997
>passed!
repetition: 93998
>passed!
repetition: 93999
>passed!
repetition: 94000
>passed!
repetition: 94001
>passed!
repetition: 94002
>passed!
repetition: 94003
>passed!
repetition: 94004
>passed!
repetition: 94005
>passed!
repetition: 94006
>passed!
repetition: 94007
>passed!
repetition: 94008
>passed!
repetition: 94009
>passed!
repetition: 94010
>passed!
repetition: 94011
>passed!
repetition: 94012
>passed!
repetition: 94013
>passed!
repetition: 94014
>passed!
repetition: 94015
>passed!
repetition: 94016
>passed!
repetition: 94017
>passed!
repetition: 94018
>passed!
repetition: 94019
>passed!
repetition: 94020
>passed!
repetition: 94021
>passed!
repetition: 94022
>passed!
repetition: 94023
>passed!
repetition: 94024
>passed!
repetition: 94025
>passed!
repetition: 94026
>passed!
repetition: 94027
>passed!
repetition: 94028
>passed!
repetition: 94029
>passed!
repetition: 94030
>passed!
repetition: 94031
>passed!
repetition: 94032
>passed!
repetition: 94033
>passed!
repetition: 94034
>passed!
repetition: 94035
>passed!
repetition: 94036
>passed!
repetition: 94037
>passed!
repetition: 94038
>passed!
repetition: 94039
>passed!
repetition: 94040
>passed!
repetition: 94041
>passed!
repetition: 94042
>passed!
repetition: 94043
>passed!
repetition: 94044
>passed!
repetition: 94045
>passed!
repetition: 94046
>passed!
repetition: 94047
>passed!
repetition: 94048
>passed!
repetition: 94049
>passed!
repetition: 94050
>passed!
repetition: 94051
>passed!
repetition: 94052
>passed!
repetition: 94053
>passed!
repetition: 94054
>passed!
repetition: 94055
>passed!
repetition: 94056
>passed!
repetition: 94057
>passed!
repetition: 94058
>passed!
repetition: 94059
>passed!
repetition: 94060
>passed!
repetition: 94061
>passed!
repetition: 94062
>passed!
repetition: 94063
>passed!
repetition: 94064
>passed!
repetition: 94065
>passed!
repetition: 94066
>passed!
repetition: 94067
>passed!
repetition: 94068
>passed!
repetition: 94069
>passed!
repetition: 94070
>passed!
repetition: 94071
>passed!
repetition: 94072
>passed!
repetition: 94073
>passed!
repetition: 94074
>passed!
repetition: 94075
>passed!
repetition: 94076
>passed!
repetition: 94077
>passed!
repetition: 94078
>passed!
repetition: 94079
>passed!
repetition: 94080
>passed!
repetition: 94081
>passed!
repetition: 94082
>passed!
repetition: 94083
>passed!
repetition: 94084
>passed!
repetition: 94085
>passed!
repetition: 94086
>passed!
repetition: 94087
>passed!
repetition: 94088
>passed!
repetition: 94089
>passed!
repetition: 94090
>passed!
repetition: 94091
>passed!
repetition: 94092
>passed!
repetition: 94093
>passed!
repetition: 94094
>passed!
repetition: 94095
>passed!
repetition: 94096
>passed!
repetition: 94097
>passed!
repetition: 94098
>passed!
repetition: 94099
>passed!
repetition: 94100
>passed!
repetition: 94101
>passed!
repetition: 94102
>passed!
repetition: 94103
>passed!
repetition: 94104
>passed!
repetition: 94105
>passed!
repetition: 94106
>passed!
repetition: 94107
>passed!
repetition: 94108
>passed!
repetition: 94109
>passed!
repetition: 94110
>passed!
repetition: 94111
>passed!
repetition: 94112
>passed!
repetition: 94113
>passed!
repetition: 94114
>passed!
repetition: 94115
>passed!
repetition: 94116
>passed!
repetition: 94117
>passed!
repetition: 94118
>passed!
repetition: 94119
>passed!
repetition: 94120
>passed!
repetition: 94121
>passed!
repetition: 94122
>passed!
repetition: 94123
>passed!
repetition: 94124
>passed!
repetition: 94125
>passed!
repetition: 94126
>passed!
repetition: 94127
>passed!
repetition: 94128
>passed!
repetition: 94129
>passed!
repetition: 94130
>passed!
repetition: 94131
>passed!
repetition: 94132
>passed!
repetition: 94133
>passed!
repetition: 94134
>passed!
repetition: 94135
>passed!
repetition: 94136
>passed!
repetition: 94137
>passed!
repetition: 94138
>passed!
repetition: 94139
>passed!
repetition: 94140
>passed!
repetition: 94141
>passed!
repetition: 94142
>passed!
repetition: 94143
>passed!
repetition: 94144
>passed!
repetition: 94145
>passed!
repetition: 94146
>passed!
repetition: 94147
>passed!
repetition: 94148
>passed!
repetition: 94149
>passed!
repetition: 94150
>passed!
repetition: 94151
>passed!
repetition: 94152
>passed!
repetition: 94153
>passed!
repetition: 94154
>passed!
repetition: 94155
>passed!
repetition: 94156
>passed!
repetition: 94157
>passed!
repetition: 94158
>passed!
repetition: 94159
>passed!
repetition: 94160
>passed!
repetition: 94161
>passed!
repetition: 94162
>passed!
repetition: 94163
>passed!
repetition: 94164
>passed!
repetition: 94165
>passed!
repetition: 94166
>passed!
repetition: 94167
>passed!
repetition: 94168
>passed!
repetition: 94169
>passed!
repetition: 94170
>passed!
repetition: 94171
>passed!
repetition: 94172
>passed!
repetition: 94173
>passed!
repetition: 94174
>passed!
repetition: 94175
>passed!
repetition: 94176
>passed!
repetition: 94177
>passed!
repetition: 94178
>passed!
repetition: 94179
>passed!
repetition: 94180
>passed!
repetition: 94181
>passed!
repetition: 94182
>passed!
repetition: 94183
>passed!
repetition: 94184
>passed!
repetition: 94185
>passed!
repetition: 94186
>passed!
repetition: 94187
>passed!
repetition: 94188
>passed!
repetition: 94189
>passed!
repetition: 94190
>passed!
repetition: 94191
>passed!
repetition: 94192
>passed!
repetition: 94193
>passed!
repetition: 94194
>passed!
repetition: 94195
>passed!
repetition: 94196
>passed!
repetition: 94197
>passed!
repetition: 94198
>passed!
repetition: 94199
>passed!
repetition: 94200
>passed!
repetition: 94201
>passed!
repetition: 94202
>passed!
repetition: 94203
>passed!
repetition: 94204
>passed!
repetition: 94205
>passed!
repetition: 94206
>passed!
repetition: 94207
>passed!
repetition: 94208
>passed!
repetition: 94209
>passed!
repetition: 94210
>passed!
repetition: 94211
>passed!
repetition: 94212
>passed!
repetition: 94213
>passed!
repetition: 94214
>passed!
repetition: 94215
>passed!
repetition: 94216
>passed!
repetition: 94217
>passed!
repetition: 94218
>passed!
repetition: 94219
>passed!
repetition: 94220
>passed!
repetition: 94221
>passed!
repetition: 94222
>passed!
repetition: 94223
>passed!
repetition: 94224
>passed!
repetition: 94225
>passed!
repetition: 94226
>passed!
repetition: 94227
>passed!
repetition: 94228
>passed!
repetition: 94229
>passed!
repetition: 94230
>passed!
repetition: 94231
>passed!
repetition: 94232
>passed!
repetition: 94233
>passed!
repetition: 94234
>passed!
repetition: 94235
>passed!
repetition: 94236
>passed!
repetition: 94237
>passed!
repetition: 94238
>passed!
repetition: 94239
>passed!
repetition: 94240
>passed!
repetition: 94241
>passed!
repetition: 94242
>passed!
repetition: 94243
>passed!
repetition: 94244
>passed!
repetition: 94245
>passed!
repetition: 94246
>passed!
repetition: 94247
>passed!
repetition: 94248
>passed!
repetition: 94249
>passed!
repetition: 94250
>passed!
repetition: 94251
>passed!
repetition: 94252
>passed!
repetition: 94253
>passed!
repetition: 94254
>passed!
repetition: 94255
>passed!
repetition: 94256
>passed!
repetition: 94257
>passed!
repetition: 94258
>passed!
repetition: 94259
>passed!
repetition: 94260
>passed!
repetition: 94261
>passed!
repetition: 94262
>passed!
repetition: 94263
>passed!
repetition: 94264
>passed!
repetition: 94265
>passed!
repetition: 94266
>passed!
repetition: 94267
>passed!
repetition: 94268
>passed!
repetition: 94269
>passed!
repetition: 94270
>passed!
repetition: 94271
>passed!
repetition: 94272
>passed!
repetition: 94273
>passed!
repetition: 94274
>passed!
repetition: 94275
>passed!
repetition: 94276
>passed!
repetition: 94277
>passed!
repetition: 94278
>passed!
repetition: 94279
>passed!
repetition: 94280
>passed!
repetition: 94281
>passed!
repetition: 94282
>passed!
repetition: 94283
>passed!
repetition: 94284
>passed!
repetition: 94285
>passed!
repetition: 94286
>passed!
repetition: 94287
>passed!
repetition: 94288
>passed!
repetition: 94289
>passed!
repetition: 94290
>passed!
repetition: 94291
>passed!
repetition: 94292
>passed!
repetition: 94293
>passed!
repetition: 94294
>passed!
repetition: 94295
>passed!
repetition: 94296
>passed!
repetition: 94297
>passed!
repetition: 94298
>passed!
repetition: 94299
>passed!
repetition: 94300
>passed!
repetition: 94301
>passed!
repetition: 94302
>passed!
repetition: 94303
>passed!
repetition: 94304
>passed!
repetition: 94305
>passed!
repetition: 94306
>passed!
repetition: 94307
>passed!
repetition: 94308
>passed!
repetition: 94309
>passed!
repetition: 94310
>passed!
repetition: 94311
>passed!
repetition: 94312
>passed!
repetition: 94313
>passed!
repetition: 94314
>passed!
repetition: 94315
>passed!
repetition: 94316
>passed!
repetition: 94317
>passed!
repetition: 94318
>passed!
repetition: 94319
>passed!
repetition: 94320
>passed!
repetition: 94321
>passed!
repetition: 94322
>passed!
repetition: 94323
>passed!
repetition: 94324
>passed!
repetition: 94325
>passed!
repetition: 94326
>passed!
repetition: 94327
>passed!
repetition: 94328
>passed!
repetition: 94329
>passed!
repetition: 94330
>passed!
repetition: 94331
>passed!
repetition: 94332
>passed!
repetition: 94333
>passed!
repetition: 94334
>passed!
repetition: 94335
>passed!
repetition: 94336
>passed!
repetition: 94337
>passed!
repetition: 94338
>passed!
repetition: 94339
>passed!
repetition: 94340
>passed!
repetition: 94341
>passed!
repetition: 94342
>passed!
repetition: 94343
>passed!
repetition: 94344
>passed!
repetition: 94345
>passed!
repetition: 94346
>passed!
repetition: 94347
>passed!
repetition: 94348
>passed!
repetition: 94349
>passed!
repetition: 94350
>passed!
repetition: 94351
>passed!
repetition: 94352
>passed!
repetition: 94353
>passed!
repetition: 94354
>passed!
repetition: 94355
>passed!
repetition: 94356
>passed!
repetition: 94357
>passed!
repetition: 94358
>passed!
repetition: 94359
>passed!
repetition: 94360
>passed!
repetition: 94361
>passed!
repetition: 94362
>passed!
repetition: 94363
>passed!
repetition: 94364
>passed!
repetition: 94365
>passed!
repetition: 94366
>passed!
repetition: 94367
>passed!
repetition: 94368
>passed!
repetition: 94369
>passed!
repetition: 94370
>passed!
repetition: 94371
>passed!
repetition: 94372
>passed!
repetition: 94373
>passed!
repetition: 94374
>passed!
repetition: 94375
>passed!
repetition: 94376
>passed!
repetition: 94377
>passed!
repetition: 94378
>passed!
repetition: 94379
>passed!
repetition: 94380
>passed!
repetition: 94381
>passed!
repetition: 94382
>passed!
repetition: 94383
>passed!
repetition: 94384
>passed!
repetition: 94385
>passed!
repetition: 94386
>passed!
repetition: 94387
>passed!
repetition: 94388
>passed!
repetition: 94389
>passed!
repetition: 94390
>passed!
repetition: 94391
>passed!
repetition: 94392
>passed!
repetition: 94393
>passed!
repetition: 94394
>passed!
repetition: 94395
>passed!
repetition: 94396
>passed!
repetition: 94397
>passed!
repetition: 94398
>passed!
repetition: 94399
>passed!
repetition: 94400
>passed!
repetition: 94401
>passed!
repetition: 94402
>passed!
repetition: 94403
>passed!
repetition: 94404
>passed!
repetition: 94405
>passed!
repetition: 94406
>passed!
repetition: 94407
>passed!
repetition: 94408
>passed!
repetition: 94409
>passed!
repetition: 94410
>passed!
repetition: 94411
>passed!
repetition: 94412
>passed!
repetition: 94413
>passed!
repetition: 94414
>passed!
repetition: 94415
>passed!
repetition: 94416
>passed!
repetition: 94417
>passed!
repetition: 94418
>passed!
repetition: 94419
>passed!
repetition: 94420
>passed!
repetition: 94421
>passed!
repetition: 94422
>passed!
repetition: 94423
>passed!
repetition: 94424
>passed!
repetition: 94425
>passed!
repetition: 94426
>passed!
repetition: 94427
>passed!
repetition: 94428
>passed!
repetition: 94429
>passed!
repetition: 94430
>passed!
repetition: 94431
>passed!
repetition: 94432
>passed!
repetition: 94433
>passed!
repetition: 94434
>passed!
repetition: 94435
>passed!
repetition: 94436
>passed!
repetition: 94437
>passed!
repetition: 94438
>passed!
repetition: 94439
>passed!
repetition: 94440
>passed!
repetition: 94441
>passed!
repetition: 94442
>passed!
repetition: 94443
>passed!
repetition: 94444
>passed!
repetition: 94445
>passed!
repetition: 94446
>passed!
repetition: 94447
>passed!
repetition: 94448
>passed!
repetition: 94449
>passed!
repetition: 94450
>passed!
repetition: 94451
>passed!
repetition: 94452
>passed!
repetition: 94453
>passed!
repetition: 94454
>passed!
repetition: 94455
>passed!
repetition: 94456
>passed!
repetition: 94457
>passed!
repetition: 94458
>passed!
repetition: 94459
>passed!
repetition: 94460
>passed!
repetition: 94461
>passed!
repetition: 94462
>passed!
repetition: 94463
>passed!
repetition: 94464
>passed!
repetition: 94465
>passed!
repetition: 94466
>passed!
repetition: 94467
>passed!
repetition: 94468
>passed!
repetition: 94469
>passed!
repetition: 94470
>passed!
repetition: 94471
>passed!
repetition: 94472
>passed!
repetition: 94473
>passed!
repetition: 94474
>passed!
repetition: 94475
>passed!
repetition: 94476
>passed!
repetition: 94477
>passed!
repetition: 94478
>passed!
repetition: 94479
>passed!
repetition: 94480
>passed!
repetition: 94481
>passed!
repetition: 94482
>passed!
repetition: 94483
>passed!
repetition: 94484
>passed!
repetition: 94485
>passed!
repetition: 94486
>passed!
repetition: 94487
>passed!
repetition: 94488
>passed!
repetition: 94489
>passed!
repetition: 94490
>passed!
repetition: 94491
>passed!
repetition: 94492
>passed!
repetition: 94493
>passed!
repetition: 94494
>passed!
repetition: 94495
>passed!
repetition: 94496
>passed!
repetition: 94497
>passed!
repetition: 94498
>passed!
repetition: 94499
>passed!
repetition: 94500
>passed!
repetition: 94501
>passed!
repetition: 94502
>passed!
repetition: 94503
>passed!
repetition: 94504
>passed!
repetition: 94505
>passed!
repetition: 94506
>passed!
repetition: 94507
>passed!
repetition: 94508
>passed!
repetition: 94509
>passed!
repetition: 94510
>passed!
repetition: 94511
>passed!
repetition: 94512
>passed!
repetition: 94513
>passed!
repetition: 94514
>passed!
repetition: 94515
>passed!
repetition: 94516
>passed!
repetition: 94517
>passed!
repetition: 94518
>passed!
repetition: 94519
>passed!
repetition: 94520
>passed!
repetition: 94521
>passed!
repetition: 94522
>passed!
repetition: 94523
>passed!
repetition: 94524
>passed!
repetition: 94525
>passed!
repetition: 94526
>passed!
repetition: 94527
>passed!
repetition: 94528
>passed!
repetition: 94529
>passed!
repetition: 94530
>passed!
repetition: 94531
>passed!
repetition: 94532
>passed!
repetition: 94533
>passed!
repetition: 94534
>passed!
repetition: 94535
>passed!
repetition: 94536
>passed!
repetition: 94537
>passed!
repetition: 94538
>passed!
repetition: 94539
>passed!
repetition: 94540
>passed!
repetition: 94541
>passed!
repetition: 94542
>passed!
repetition: 94543
>passed!
repetition: 94544
>passed!
repetition: 94545
>passed!
repetition: 94546
>passed!
repetition: 94547
>passed!
repetition: 94548
>passed!
repetition: 94549
>passed!
repetition: 94550
>passed!
repetition: 94551
>passed!
repetition: 94552
>passed!
repetition: 94553
>passed!
repetition: 94554
>passed!
repetition: 94555
>passed!
repetition: 94556
>passed!
repetition: 94557
>passed!
repetition: 94558
>passed!
repetition: 94559
>passed!
repetition: 94560
>passed!
repetition: 94561
>passed!
repetition: 94562
>passed!
repetition: 94563
>passed!
repetition: 94564
>passed!
repetition: 94565
>passed!
repetition: 94566
>passed!
repetition: 94567
>passed!
repetition: 94568
>passed!
repetition: 94569
>passed!
repetition: 94570
>passed!
repetition: 94571
>passed!
repetition: 94572
>passed!
repetition: 94573
>passed!
repetition: 94574
>passed!
repetition: 94575
>passed!
repetition: 94576
>passed!
repetition: 94577
>passed!
repetition: 94578
>passed!
repetition: 94579
>passed!
repetition: 94580
>passed!
repetition: 94581
>passed!
repetition: 94582
>passed!
repetition: 94583
>passed!
repetition: 94584
>passed!
repetition: 94585
>passed!
repetition: 94586
>passed!
repetition: 94587
>passed!
repetition: 94588
>passed!
repetition: 94589
>passed!
repetition: 94590
>passed!
repetition: 94591
>passed!
repetition: 94592
>passed!
repetition: 94593
>passed!
repetition: 94594
>passed!
repetition: 94595
>passed!
repetition: 94596
>passed!
repetition: 94597
>passed!
repetition: 94598
>passed!
repetition: 94599
>passed!
repetition: 94600
>passed!
repetition: 94601
>passed!
repetition: 94602
>passed!
repetition: 94603
>passed!
repetition: 94604
>passed!
repetition: 94605
>passed!
repetition: 94606
>passed!
repetition: 94607
>passed!
repetition: 94608
>passed!
repetition: 94609
>passed!
repetition: 94610
>passed!
repetition: 94611
>passed!
repetition: 94612
>passed!
repetition: 94613
>passed!
repetition: 94614
>passed!
repetition: 94615
>passed!
repetition: 94616
>passed!
repetition: 94617
>passed!
repetition: 94618
>passed!
repetition: 94619
>passed!
repetition: 94620
>passed!
repetition: 94621
>passed!
repetition: 94622
>passed!
repetition: 94623
>passed!
repetition: 94624
>passed!
repetition: 94625
>passed!
repetition: 94626
>passed!
repetition: 94627
>passed!
repetition: 94628
>passed!
repetition: 94629
>passed!
repetition: 94630
>passed!
repetition: 94631
>passed!
repetition: 94632
>passed!
repetition: 94633
>passed!
repetition: 94634
>passed!
repetition: 94635
>passed!
repetition: 94636
>passed!
repetition: 94637
>passed!
repetition: 94638
>passed!
repetition: 94639
>passed!
repetition: 94640
>passed!
repetition: 94641
>passed!
repetition: 94642
>passed!
repetition: 94643
>passed!
repetition: 94644
>passed!
repetition: 94645
>passed!
repetition: 94646
>passed!
repetition: 94647
>passed!
repetition: 94648
>passed!
repetition: 94649
>passed!
repetition: 94650
>passed!
repetition: 94651
>passed!
repetition: 94652
>passed!
repetition: 94653
>passed!
repetition: 94654
>passed!
repetition: 94655
>passed!
repetition: 94656
>passed!
repetition: 94657
>passed!
repetition: 94658
>passed!
repetition: 94659
>passed!
repetition: 94660
>passed!
repetition: 94661
>passed!
repetition: 94662
>passed!
repetition: 94663
>passed!
repetition: 94664
>passed!
repetition: 94665
>passed!
repetition: 94666
>passed!
repetition: 94667
>passed!
repetition: 94668
>passed!
repetition: 94669
>passed!
repetition: 94670
>passed!
repetition: 94671
>passed!
repetition: 94672
>passed!
repetition: 94673
>passed!
repetition: 94674
>passed!
repetition: 94675
>passed!
repetition: 94676
>passed!
repetition: 94677
>passed!
repetition: 94678
>passed!
repetition: 94679
>passed!
repetition: 94680
>passed!
repetition: 94681
>passed!
repetition: 94682
>passed!
repetition: 94683
>passed!
repetition: 94684
>passed!
repetition: 94685
>passed!
repetition: 94686
>passed!
repetition: 94687
>passed!
repetition: 94688
>passed!
repetition: 94689
>passed!
repetition: 94690
>passed!
repetition: 94691
>passed!
repetition: 94692
>passed!
repetition: 94693
>passed!
repetition: 94694
>passed!
repetition: 94695
>passed!
repetition: 94696
>passed!
repetition: 94697
>passed!
repetition: 94698
>passed!
repetition: 94699
>passed!
repetition: 94700
>passed!
repetition: 94701
>passed!
repetition: 94702
>passed!
repetition: 94703
>passed!
repetition: 94704
>passed!
repetition: 94705
>passed!
repetition: 94706
>passed!
repetition: 94707
>passed!
repetition: 94708
>passed!
repetition: 94709
>passed!
repetition: 94710
>passed!
repetition: 94711
>passed!
repetition: 94712
>passed!
repetition: 94713
>passed!
repetition: 94714
>passed!
repetition: 94715
>passed!
repetition: 94716
>passed!
repetition: 94717
>passed!
repetition: 94718
>passed!
repetition: 94719
>passed!
repetition: 94720
>passed!
repetition: 94721
>passed!
repetition: 94722
>passed!
repetition: 94723
>passed!
repetition: 94724
>passed!
repetition: 94725
>passed!
repetition: 94726
>passed!
repetition: 94727
>passed!
repetition: 94728
>passed!
repetition: 94729
>passed!
repetition: 94730
>passed!
repetition: 94731
>passed!
repetition: 94732
>passed!
repetition: 94733
>passed!
repetition: 94734
>passed!
repetition: 94735
>passed!
repetition: 94736
>passed!
repetition: 94737
>passed!
repetition: 94738
>passed!
repetition: 94739
>passed!
repetition: 94740
>passed!
repetition: 94741
>passed!
repetition: 94742
>passed!
repetition: 94743
>passed!
repetition: 94744
>passed!
repetition: 94745
>passed!
repetition: 94746
>passed!
repetition: 94747
>passed!
repetition: 94748
>passed!
repetition: 94749
>passed!
repetition: 94750
>passed!
repetition: 94751
>passed!
repetition: 94752
>passed!
repetition: 94753
>passed!
repetition: 94754
>passed!
repetition: 94755
>passed!
repetition: 94756
>passed!
repetition: 94757
>passed!
repetition: 94758
>passed!
repetition: 94759
>passed!
repetition: 94760
>passed!
repetition: 94761
>passed!
repetition: 94762
>passed!
repetition: 94763
>passed!
repetition: 94764
>passed!
repetition: 94765
>passed!
repetition: 94766
>passed!
repetition: 94767
>passed!
repetition: 94768
>passed!
repetition: 94769
>passed!
repetition: 94770
>passed!
repetition: 94771
>passed!
repetition: 94772
>passed!
repetition: 94773
>passed!
repetition: 94774
>passed!
repetition: 94775
>passed!
repetition: 94776
>passed!
repetition: 94777
>passed!
repetition: 94778
>passed!
repetition: 94779
>passed!
repetition: 94780
>passed!
repetition: 94781
>passed!
repetition: 94782
>passed!
repetition: 94783
>passed!
repetition: 94784
>passed!
repetition: 94785
>passed!
repetition: 94786
>passed!
repetition: 94787
>passed!
repetition: 94788
>passed!
repetition: 94789
>passed!
repetition: 94790
>passed!
repetition: 94791
>passed!
repetition: 94792
>passed!
repetition: 94793
>passed!
repetition: 94794
>passed!
repetition: 94795
>passed!
repetition: 94796
>passed!
repetition: 94797
>passed!
repetition: 94798
>passed!
repetition: 94799
>passed!
repetition: 94800
>passed!
repetition: 94801
>passed!
repetition: 94802
>passed!
repetition: 94803
>passed!
repetition: 94804
>passed!
repetition: 94805
>passed!
repetition: 94806
>passed!
repetition: 94807
>passed!
repetition: 94808
>passed!
repetition: 94809
>passed!
repetition: 94810
>passed!
repetition: 94811
>passed!
repetition: 94812
>passed!
repetition: 94813
>passed!
repetition: 94814
>passed!
repetition: 94815
>passed!
repetition: 94816
>passed!
repetition: 94817
>passed!
repetition: 94818
>passed!
repetition: 94819
>passed!
repetition: 94820
>passed!
repetition: 94821
>passed!
repetition: 94822
>passed!
repetition: 94823
>passed!
repetition: 94824
>passed!
repetition: 94825
>passed!
repetition: 94826
>passed!
repetition: 94827
>passed!
repetition: 94828
>passed!
repetition: 94829
>passed!
repetition: 94830
>passed!
repetition: 94831
>passed!
repetition: 94832
>passed!
repetition: 94833
>passed!
repetition: 94834
>passed!
repetition: 94835
>passed!
repetition: 94836
>passed!
repetition: 94837
>passed!
repetition: 94838
>passed!
repetition: 94839
>passed!
repetition: 94840
>passed!
repetition: 94841
>passed!
repetition: 94842
>passed!
repetition: 94843
>passed!
repetition: 94844
>passed!
repetition: 94845
>passed!
repetition: 94846
>passed!
repetition: 94847
>passed!
repetition: 94848
>passed!
repetition: 94849
>passed!
repetition: 94850
>passed!
repetition: 94851
>passed!
repetition: 94852
>passed!
repetition: 94853
>passed!
repetition: 94854
>passed!
repetition: 94855
>passed!
repetition: 94856
>passed!
repetition: 94857
>passed!
repetition: 94858
>passed!
repetition: 94859
>passed!
repetition: 94860
>passed!
repetition: 94861
>passed!
repetition: 94862
>passed!
repetition: 94863
>passed!
repetition: 94864
>passed!
repetition: 94865
>passed!
repetition: 94866
>passed!
repetition: 94867
>passed!
repetition: 94868
>passed!
repetition: 94869
>passed!
repetition: 94870
>passed!
repetition: 94871
>passed!
repetition: 94872
>passed!
repetition: 94873
>passed!
repetition: 94874
>passed!
repetition: 94875
>passed!
repetition: 94876
>passed!
repetition: 94877
>passed!
repetition: 94878
>passed!
repetition: 94879
>passed!
repetition: 94880
>passed!
repetition: 94881
>passed!
repetition: 94882
>passed!
repetition: 94883
>passed!
repetition: 94884
>passed!
repetition: 94885
>passed!
repetition: 94886
>passed!
repetition: 94887
>passed!
repetition: 94888
>passed!
repetition: 94889
>passed!
repetition: 94890
>passed!
repetition: 94891
>passed!
repetition: 94892
>passed!
repetition: 94893
>passed!
repetition: 94894
>passed!
repetition: 94895
>passed!
repetition: 94896
>passed!
repetition: 94897
>passed!
repetition: 94898
>passed!
repetition: 94899
>passed!
repetition: 94900
>passed!
repetition: 94901
>passed!
repetition: 94902
>passed!
repetition: 94903
>passed!
repetition: 94904
>passed!
repetition: 94905
>passed!
repetition: 94906
>passed!
repetition: 94907
>passed!
repetition: 94908
>passed!
repetition: 94909
>passed!
repetition: 94910
>passed!
repetition: 94911
>passed!
repetition: 94912
>passed!
repetition: 94913
>passed!
repetition: 94914
>passed!
repetition: 94915
>passed!
repetition: 94916
>passed!
repetition: 94917
>passed!
repetition: 94918
>passed!
repetition: 94919
>passed!
repetition: 94920
>passed!
repetition: 94921
>passed!
repetition: 94922
>passed!
repetition: 94923
>passed!
repetition: 94924
>passed!
repetition: 94925
>passed!
repetition: 94926
>passed!
repetition: 94927
>passed!
repetition: 94928
>passed!
repetition: 94929
>passed!
repetition: 94930
>passed!
repetition: 94931
>passed!
repetition: 94932
>passed!
repetition: 94933
>passed!
repetition: 94934
>passed!
repetition: 94935
>passed!
repetition: 94936
>passed!
repetition: 94937
>passed!
repetition: 94938
>passed!
repetition: 94939
>passed!
repetition: 94940
>passed!
repetition: 94941
>passed!
repetition: 94942
>passed!
repetition: 94943
>passed!
repetition: 94944
>passed!
repetition: 94945
>passed!
repetition: 94946
>passed!
repetition: 94947
>passed!
repetition: 94948
>passed!
repetition: 94949
>passed!
repetition: 94950
>passed!
repetition: 94951
>passed!
repetition: 94952
>passed!
repetition: 94953
>passed!
repetition: 94954
>passed!
repetition: 94955
>passed!
repetition: 94956
>passed!
repetition: 94957
>passed!
repetition: 94958
>passed!
repetition: 94959
>passed!
repetition: 94960
>passed!
repetition: 94961
>passed!
repetition: 94962
>passed!
repetition: 94963
>passed!
repetition: 94964
>passed!
repetition: 94965
>passed!
repetition: 94966
>passed!
repetition: 94967
>passed!
repetition: 94968
>passed!
repetition: 94969
>passed!
repetition: 94970
>passed!
repetition: 94971
>passed!
repetition: 94972
>passed!
repetition: 94973
>passed!
repetition: 94974
>passed!
repetition: 94975
>passed!
repetition: 94976
>passed!
repetition: 94977
>passed!
repetition: 94978
>passed!
repetition: 94979
>passed!
repetition: 94980
>passed!
repetition: 94981
>passed!
repetition: 94982
>passed!
repetition: 94983
>passed!
repetition: 94984
>passed!
repetition: 94985
>passed!
repetition: 94986
>passed!
repetition: 94987
>passed!
repetition: 94988
>passed!
repetition: 94989
>passed!
repetition: 94990
>passed!
repetition: 94991
>passed!
repetition: 94992
>passed!
repetition: 94993
>passed!
repetition: 94994
>passed!
repetition: 94995
>passed!
repetition: 94996
>passed!
repetition: 94997
>passed!
repetition: 94998
>passed!
repetition: 94999
>passed!
repetition: 95000
>passed!
repetition: 95001
>passed!
repetition: 95002
>passed!
repetition: 95003
>passed!
repetition: 95004
>passed!
repetition: 95005
>passed!
repetition: 95006
>passed!
repetition: 95007
>passed!
repetition: 95008
>passed!
repetition: 95009
>passed!
repetition: 95010
>passed!
repetition: 95011
>passed!
repetition: 95012
>passed!
repetition: 95013
>passed!
repetition: 95014
>passed!
repetition: 95015
>passed!
repetition: 95016
>passed!
repetition: 95017
>passed!
repetition: 95018
>passed!
repetition: 95019
>passed!
repetition: 95020
>passed!
repetition: 95021
>passed!
repetition: 95022
>passed!
repetition: 95023
>passed!
repetition: 95024
>passed!
repetition: 95025
>passed!
repetition: 95026
>passed!
repetition: 95027
>passed!
repetition: 95028
>passed!
repetition: 95029
>passed!
repetition: 95030
>passed!
repetition: 95031
>passed!
repetition: 95032
>passed!
repetition: 95033
>passed!
repetition: 95034
>passed!
repetition: 95035
>passed!
repetition: 95036
>passed!
repetition: 95037
>passed!
repetition: 95038
>passed!
repetition: 95039
>passed!
repetition: 95040
>passed!
repetition: 95041
>passed!
repetition: 95042
>passed!
repetition: 95043
>passed!
repetition: 95044
>passed!
repetition: 95045
>passed!
repetition: 95046
>passed!
repetition: 95047
>passed!
repetition: 95048
>passed!
repetition: 95049
>passed!
repetition: 95050
>passed!
repetition: 95051
>passed!
repetition: 95052
>passed!
repetition: 95053
>passed!
repetition: 95054
>passed!
repetition: 95055
>passed!
repetition: 95056
>passed!
repetition: 95057
>passed!
repetition: 95058
>passed!
repetition: 95059
>passed!
repetition: 95060
>passed!
repetition: 95061
>passed!
repetition: 95062
>passed!
repetition: 95063
>passed!
repetition: 95064
>passed!
repetition: 95065
>passed!
repetition: 95066
>passed!
repetition: 95067
>passed!
repetition: 95068
>passed!
repetition: 95069
>passed!
repetition: 95070
>passed!
repetition: 95071
>passed!
repetition: 95072
>passed!
repetition: 95073
>passed!
repetition: 95074
>passed!
repetition: 95075
>passed!
repetition: 95076
>passed!
repetition: 95077
>passed!
repetition: 95078
>passed!
repetition: 95079
>passed!
repetition: 95080
>passed!
repetition: 95081
>passed!
repetition: 95082
>passed!
repetition: 95083
>passed!
repetition: 95084
>passed!
repetition: 95085
>passed!
repetition: 95086
>passed!
repetition: 95087
>passed!
repetition: 95088
>passed!
repetition: 95089
>passed!
repetition: 95090
>passed!
repetition: 95091
>passed!
repetition: 95092
>passed!
repetition: 95093
>passed!
repetition: 95094
>passed!
repetition: 95095
>passed!
repetition: 95096
>passed!
repetition: 95097
>passed!
repetition: 95098
>passed!
repetition: 95099
>passed!
repetition: 95100
>passed!
repetition: 95101
>passed!
repetition: 95102
>passed!
repetition: 95103
>passed!
repetition: 95104
>passed!
repetition: 95105
>passed!
repetition: 95106
>passed!
repetition: 95107
>passed!
repetition: 95108
>passed!
repetition: 95109
>passed!
repetition: 95110
>passed!
repetition: 95111
>passed!
repetition: 95112
>passed!
repetition: 95113
>passed!
repetition: 95114
>passed!
repetition: 95115
>passed!
repetition: 95116
>passed!
repetition: 95117
>passed!
repetition: 95118
>passed!
repetition: 95119
>passed!
repetition: 95120
>passed!
repetition: 95121
>passed!
repetition: 95122
>passed!
repetition: 95123
>passed!
repetition: 95124
>passed!
repetition: 95125
>passed!
repetition: 95126
>passed!
repetition: 95127
>passed!
repetition: 95128
>passed!
repetition: 95129
>passed!
repetition: 95130
>passed!
repetition: 95131
>passed!
repetition: 95132
>passed!
repetition: 95133
>passed!
repetition: 95134
>passed!
repetition: 95135
>passed!
repetition: 95136
>passed!
repetition: 95137
>passed!
repetition: 95138
>passed!
repetition: 95139
>passed!
repetition: 95140
>passed!
repetition: 95141
>passed!
repetition: 95142
>passed!
repetition: 95143
>passed!
repetition: 95144
>passed!
repetition: 95145
>passed!
repetition: 95146
>passed!
repetition: 95147
>passed!
repetition: 95148
>passed!
repetition: 95149
>passed!
repetition: 95150
>passed!
repetition: 95151
>passed!
repetition: 95152
>passed!
repetition: 95153
>passed!
repetition: 95154
>passed!
repetition: 95155
>passed!
repetition: 95156
>passed!
repetition: 95157
>passed!
repetition: 95158
>passed!
repetition: 95159
>passed!
repetition: 95160
>passed!
repetition: 95161
>passed!
repetition: 95162
>passed!
repetition: 95163
>passed!
repetition: 95164
>passed!
repetition: 95165
>passed!
repetition: 95166
>passed!
repetition: 95167
>passed!
repetition: 95168
>passed!
repetition: 95169
>passed!
repetition: 95170
>passed!
repetition: 95171
>passed!
repetition: 95172
>passed!
repetition: 95173
>passed!
repetition: 95174
>passed!
repetition: 95175
>passed!
repetition: 95176
>passed!
repetition: 95177
>passed!
repetition: 95178
>passed!
repetition: 95179
>passed!
repetition: 95180
>passed!
repetition: 95181
>passed!
repetition: 95182
>passed!
repetition: 95183
>passed!
repetition: 95184
>passed!
repetition: 95185
>passed!
repetition: 95186
>passed!
repetition: 95187
>passed!
repetition: 95188
>passed!
repetition: 95189
>passed!
repetition: 95190
>passed!
repetition: 95191
>passed!
repetition: 95192
>passed!
repetition: 95193
>passed!
repetition: 95194
>passed!
repetition: 95195
>passed!
repetition: 95196
>passed!
repetition: 95197
>passed!
repetition: 95198
>passed!
repetition: 95199
>passed!
repetition: 95200
>passed!
repetition: 95201
>passed!
repetition: 95202
>passed!
repetition: 95203
>passed!
repetition: 95204
>passed!
repetition: 95205
>passed!
repetition: 95206
>passed!
repetition: 95207
>passed!
repetition: 95208
>passed!
repetition: 95209
>passed!
repetition: 95210
>passed!
repetition: 95211
>passed!
repetition: 95212
>passed!
repetition: 95213
>passed!
repetition: 95214
>passed!
repetition: 95215
>passed!
repetition: 95216
>passed!
repetition: 95217
>passed!
repetition: 95218
>passed!
repetition: 95219
>passed!
repetition: 95220
>passed!
repetition: 95221
>passed!
repetition: 95222
>passed!
repetition: 95223
>passed!
repetition: 95224
>passed!
repetition: 95225
>passed!
repetition: 95226
>passed!
repetition: 95227
>passed!
repetition: 95228
>passed!
repetition: 95229
>passed!
repetition: 95230
>passed!
repetition: 95231
>passed!
repetition: 95232
>passed!
repetition: 95233
>passed!
repetition: 95234
>passed!
repetition: 95235
>passed!
repetition: 95236
>passed!
repetition: 95237
>passed!
repetition: 95238
>passed!
repetition: 95239
>passed!
repetition: 95240
>passed!
repetition: 95241
>passed!
repetition: 95242
>passed!
repetition: 95243
>passed!
repetition: 95244
>passed!
repetition: 95245
>passed!
repetition: 95246
>passed!
repetition: 95247
>passed!
repetition: 95248
>passed!
repetition: 95249
>passed!
repetition: 95250
>passed!
repetition: 95251
>passed!
repetition: 95252
>passed!
repetition: 95253
>passed!
repetition: 95254
>passed!
repetition: 95255
>passed!
repetition: 95256
>passed!
repetition: 95257
>passed!
repetition: 95258
>passed!
repetition: 95259
>passed!
repetition: 95260
>passed!
repetition: 95261
>passed!
repetition: 95262
>passed!
repetition: 95263
>passed!
repetition: 95264
>passed!
repetition: 95265
>passed!
repetition: 95266
>passed!
repetition: 95267
>passed!
repetition: 95268
>passed!
repetition: 95269
>passed!
repetition: 95270
>passed!
repetition: 95271
>passed!
repetition: 95272
>passed!
repetition: 95273
>passed!
repetition: 95274
>passed!
repetition: 95275
>passed!
repetition: 95276
>passed!
repetition: 95277
>passed!
repetition: 95278
>passed!
repetition: 95279
>passed!
repetition: 95280
>passed!
repetition: 95281
>passed!
repetition: 95282
>passed!
repetition: 95283
>passed!
repetition: 95284
>passed!
repetition: 95285
>passed!
repetition: 95286
>passed!
repetition: 95287
>passed!
repetition: 95288
>passed!
repetition: 95289
>passed!
repetition: 95290
>passed!
repetition: 95291
>passed!
repetition: 95292
>passed!
repetition: 95293
>passed!
repetition: 95294
>passed!
repetition: 95295
>passed!
repetition: 95296
>passed!
repetition: 95297
>passed!
repetition: 95298
>passed!
repetition: 95299
>passed!
repetition: 95300
>passed!
repetition: 95301
>passed!
repetition: 95302
>passed!
repetition: 95303
>passed!
repetition: 95304
>passed!
repetition: 95305
>passed!
repetition: 95306
>passed!
repetition: 95307
>passed!
repetition: 95308
>passed!
repetition: 95309
>passed!
repetition: 95310
>passed!
repetition: 95311
>passed!
repetition: 95312
>passed!
repetition: 95313
>passed!
repetition: 95314
>passed!
repetition: 95315
>passed!
repetition: 95316
>passed!
repetition: 95317
>passed!
repetition: 95318
>passed!
repetition: 95319
>passed!
repetition: 95320
>passed!
repetition: 95321
>passed!
repetition: 95322
>passed!
repetition: 95323
>passed!
repetition: 95324
>passed!
repetition: 95325
>passed!
repetition: 95326
>passed!
repetition: 95327
>passed!
repetition: 95328
>passed!
repetition: 95329
>passed!
repetition: 95330
>passed!
repetition: 95331
>passed!
repetition: 95332
>passed!
repetition: 95333
>passed!
repetition: 95334
>passed!
repetition: 95335
>passed!
repetition: 95336
>passed!
repetition: 95337
>passed!
repetition: 95338
>passed!
repetition: 95339
>passed!
repetition: 95340
>passed!
repetition: 95341
>passed!
repetition: 95342
>passed!
repetition: 95343
>passed!
repetition: 95344
>passed!
repetition: 95345
>passed!
repetition: 95346
>passed!
repetition: 95347
>passed!
repetition: 95348
>passed!
repetition: 95349
>passed!
repetition: 95350
>passed!
repetition: 95351
>passed!
repetition: 95352
>passed!
repetition: 95353
>passed!
repetition: 95354
>passed!
repetition: 95355
>passed!
repetition: 95356
>passed!
repetition: 95357
>passed!
repetition: 95358
>passed!
repetition: 95359
>passed!
repetition: 95360
>passed!
repetition: 95361
>passed!
repetition: 95362
>passed!
repetition: 95363
>passed!
repetition: 95364
>passed!
repetition: 95365
>passed!
repetition: 95366
>passed!
repetition: 95367
>passed!
repetition: 95368
>passed!
repetition: 95369
>passed!
repetition: 95370
>passed!
repetition: 95371
>passed!
repetition: 95372
>passed!
repetition: 95373
>passed!
repetition: 95374
>passed!
repetition: 95375
>passed!
repetition: 95376
>passed!
repetition: 95377
>passed!
repetition: 95378
>passed!
repetition: 95379
>passed!
repetition: 95380
>passed!
repetition: 95381
>passed!
repetition: 95382
>passed!
repetition: 95383
>passed!
repetition: 95384
>passed!
repetition: 95385
>passed!
repetition: 95386
>passed!
repetition: 95387
>passed!
repetition: 95388
>passed!
repetition: 95389
>passed!
repetition: 95390
>passed!
repetition: 95391
>passed!
repetition: 95392
>passed!
repetition: 95393
>passed!
repetition: 95394
>passed!
repetition: 95395
>passed!
repetition: 95396
>passed!
repetition: 95397
>passed!
repetition: 95398
>passed!
repetition: 95399
>passed!
repetition: 95400
>passed!
repetition: 95401
>passed!
repetition: 95402
>passed!
repetition: 95403
>passed!
repetition: 95404
>passed!
repetition: 95405
>passed!
repetition: 95406
>passed!
repetition: 95407
>passed!
repetition: 95408
>passed!
repetition: 95409
>passed!
repetition: 95410
>passed!
repetition: 95411
>passed!
repetition: 95412
>passed!
repetition: 95413
>passed!
repetition: 95414
>passed!
repetition: 95415
>passed!
repetition: 95416
>passed!
repetition: 95417
>passed!
repetition: 95418
>passed!
repetition: 95419
>passed!
repetition: 95420
>passed!
repetition: 95421
>passed!
repetition: 95422
>passed!
repetition: 95423
>passed!
repetition: 95424
>passed!
repetition: 95425
>passed!
repetition: 95426
>passed!
repetition: 95427
>passed!
repetition: 95428
>passed!
repetition: 95429
>passed!
repetition: 95430
>passed!
repetition: 95431
>passed!
repetition: 95432
>passed!
repetition: 95433
>passed!
repetition: 95434
>passed!
repetition: 95435
>passed!
repetition: 95436
>passed!
repetition: 95437
>passed!
repetition: 95438
>passed!
repetition: 95439
>passed!
repetition: 95440
>passed!
repetition: 95441
>passed!
repetition: 95442
>passed!
repetition: 95443
>passed!
repetition: 95444
>passed!
repetition: 95445
>passed!
repetition: 95446
>passed!
repetition: 95447
>passed!
repetition: 95448
>passed!
repetition: 95449
>passed!
repetition: 95450
>passed!
repetition: 95451
>passed!
repetition: 95452
>passed!
repetition: 95453
>passed!
repetition: 95454
>passed!
repetition: 95455
>passed!
repetition: 95456
>passed!
repetition: 95457
>passed!
repetition: 95458
>passed!
repetition: 95459
>passed!
repetition: 95460
>passed!
repetition: 95461
>passed!
repetition: 95462
>passed!
repetition: 95463
>passed!
repetition: 95464
>passed!
repetition: 95465
>passed!
repetition: 95466
>passed!
repetition: 95467
>passed!
repetition: 95468
>passed!
repetition: 95469
>passed!
repetition: 95470
>passed!
repetition: 95471
>passed!
repetition: 95472
>passed!
repetition: 95473
>passed!
repetition: 95474
>passed!
repetition: 95475
>passed!
repetition: 95476
>passed!
repetition: 95477
>passed!
repetition: 95478
>passed!
repetition: 95479
>passed!
repetition: 95480
>passed!
repetition: 95481
>passed!
repetition: 95482
>passed!
repetition: 95483
>passed!
repetition: 95484
>passed!
repetition: 95485
>passed!
repetition: 95486
>passed!
repetition: 95487
>passed!
repetition: 95488
>passed!
repetition: 95489
>passed!
repetition: 95490
>passed!
repetition: 95491
>passed!
repetition: 95492
>passed!
repetition: 95493
>passed!
repetition: 95494
>passed!
repetition: 95495
>passed!
repetition: 95496
>passed!
repetition: 95497
>passed!
repetition: 95498
>passed!
repetition: 95499
>passed!
repetition: 95500
>passed!
repetition: 95501
>passed!
repetition: 95502
>passed!
repetition: 95503
>passed!
repetition: 95504
>passed!
repetition: 95505
>passed!
repetition: 95506
>passed!
repetition: 95507
>passed!
repetition: 95508
>passed!
repetition: 95509
>passed!
repetition: 95510
>passed!
repetition: 95511
>passed!
repetition: 95512
>passed!
repetition: 95513
>passed!
repetition: 95514
>passed!
repetition: 95515
>passed!
repetition: 95516
>passed!
repetition: 95517
>passed!
repetition: 95518
>passed!
repetition: 95519
>passed!
repetition: 95520
>passed!
repetition: 95521
>passed!
repetition: 95522
>passed!
repetition: 95523
>passed!
repetition: 95524
>passed!
repetition: 95525
>passed!
repetition: 95526
>passed!
repetition: 95527
>passed!
repetition: 95528
>passed!
repetition: 95529
>passed!
repetition: 95530
>passed!
repetition: 95531
>passed!
repetition: 95532
>passed!
repetition: 95533
>passed!
repetition: 95534
>passed!
repetition: 95535
>passed!
repetition: 95536
>passed!
repetition: 95537
>passed!
repetition: 95538
>passed!
repetition: 95539
>passed!
repetition: 95540
>passed!
repetition: 95541
>passed!
repetition: 95542
>passed!
repetition: 95543
>passed!
repetition: 95544
>passed!
repetition: 95545
>passed!
repetition: 95546
>passed!
repetition: 95547
>passed!
repetition: 95548
>passed!
repetition: 95549
>passed!
repetition: 95550
>passed!
repetition: 95551
>passed!
repetition: 95552
>passed!
repetition: 95553
>passed!
repetition: 95554
>passed!
repetition: 95555
>passed!
repetition: 95556
>passed!
repetition: 95557
>passed!
repetition: 95558
>passed!
repetition: 95559
>passed!
repetition: 95560
>passed!
repetition: 95561
>passed!
repetition: 95562
>passed!
repetition: 95563
>passed!
repetition: 95564
>passed!
repetition: 95565
>passed!
repetition: 95566
>passed!
repetition: 95567
>passed!
repetition: 95568
>passed!
repetition: 95569
>passed!
repetition: 95570
>passed!
repetition: 95571
>passed!
repetition: 95572
>passed!
repetition: 95573
>passed!
repetition: 95574
>passed!
repetition: 95575
>passed!
repetition: 95576
>passed!
repetition: 95577
>passed!
repetition: 95578
>passed!
repetition: 95579
>passed!
repetition: 95580
>passed!
repetition: 95581
>passed!
repetition: 95582
>passed!
repetition: 95583
>passed!
repetition: 95584
>passed!
repetition: 95585
>passed!
repetition: 95586
>passed!
repetition: 95587
>passed!
repetition: 95588
>passed!
repetition: 95589
>passed!
repetition: 95590
>passed!
repetition: 95591
>passed!
repetition: 95592
>passed!
repetition: 95593
>passed!
repetition: 95594
>passed!
repetition: 95595
>passed!
repetition: 95596
>passed!
repetition: 95597
>passed!
repetition: 95598
>passed!
repetition: 95599
>passed!
repetition: 95600
>passed!
repetition: 95601
>passed!
repetition: 95602
>passed!
repetition: 95603
>passed!
repetition: 95604
>passed!
repetition: 95605
>passed!
repetition: 95606
>passed!
repetition: 95607
>passed!
repetition: 95608
>passed!
repetition: 95609
>passed!
repetition: 95610
>passed!
repetition: 95611
>passed!
repetition: 95612
>passed!
repetition: 95613
>passed!
repetition: 95614
>passed!
repetition: 95615
>passed!
repetition: 95616
>passed!
repetition: 95617
>passed!
repetition: 95618
>passed!
repetition: 95619
>passed!
repetition: 95620
>passed!
repetition: 95621
>passed!
repetition: 95622
>passed!
repetition: 95623
>passed!
repetition: 95624
>passed!
repetition: 95625
>passed!
repetition: 95626
>passed!
repetition: 95627
>passed!
repetition: 95628
>passed!
repetition: 95629
>passed!
repetition: 95630
>passed!
repetition: 95631
>passed!
repetition: 95632
>passed!
repetition: 95633
>passed!
repetition: 95634
>passed!
repetition: 95635
>passed!
repetition: 95636
>passed!
repetition: 95637
>passed!
repetition: 95638
>passed!
repetition: 95639
>passed!
repetition: 95640
>passed!
repetition: 95641
>passed!
repetition: 95642
>passed!
repetition: 95643
>passed!
repetition: 95644
>passed!
repetition: 95645
>passed!
repetition: 95646
>passed!
repetition: 95647
>passed!
repetition: 95648
>passed!
repetition: 95649
>passed!
repetition: 95650
>passed!
repetition: 95651
>passed!
repetition: 95652
>passed!
repetition: 95653
>passed!
repetition: 95654
>passed!
repetition: 95655
>passed!
repetition: 95656
>passed!
repetition: 95657
>passed!
repetition: 95658
>passed!
repetition: 95659
>passed!
repetition: 95660
>passed!
repetition: 95661
>passed!
repetition: 95662
>passed!
repetition: 95663
>passed!
repetition: 95664
>passed!
repetition: 95665
>passed!
repetition: 95666
>passed!
repetition: 95667
>passed!
repetition: 95668
>passed!
repetition: 95669
>passed!
repetition: 95670
>passed!
repetition: 95671
>passed!
repetition: 95672
>passed!
repetition: 95673
>passed!
repetition: 95674
>passed!
repetition: 95675
>passed!
repetition: 95676
>passed!
repetition: 95677
>passed!
repetition: 95678
>passed!
repetition: 95679
>passed!
repetition: 95680
>passed!
repetition: 95681
>passed!
repetition: 95682
>passed!
repetition: 95683
>passed!
repetition: 95684
>passed!
repetition: 95685
>passed!
repetition: 95686
>passed!
repetition: 95687
>passed!
repetition: 95688
>passed!
repetition: 95689
>passed!
repetition: 95690
>passed!
repetition: 95691
>passed!
repetition: 95692
>passed!
repetition: 95693
>passed!
repetition: 95694
>passed!
repetition: 95695
>passed!
repetition: 95696
>passed!
repetition: 95697
>passed!
repetition: 95698
>passed!
repetition: 95699
>passed!
repetition: 95700
>passed!
repetition: 95701
>passed!
repetition: 95702
>passed!
repetition: 95703
>passed!
repetition: 95704
>passed!
repetition: 95705
>passed!
repetition: 95706
>passed!
repetition: 95707
>passed!
repetition: 95708
>passed!
repetition: 95709
>passed!
repetition: 95710
>passed!
repetition: 95711
>passed!
repetition: 95712
>passed!
repetition: 95713
>passed!
repetition: 95714
>passed!
repetition: 95715
>passed!
repetition: 95716
>passed!
repetition: 95717
>passed!
repetition: 95718
>passed!
repetition: 95719
>passed!
repetition: 95720
>passed!
repetition: 95721
>passed!
repetition: 95722
>passed!
repetition: 95723
>passed!
repetition: 95724
>passed!
repetition: 95725
>passed!
repetition: 95726
>passed!
repetition: 95727
>passed!
repetition: 95728
>passed!
repetition: 95729
>passed!
repetition: 95730
>passed!
repetition: 95731
>passed!
repetition: 95732
>passed!
repetition: 95733
>passed!
repetition: 95734
>passed!
repetition: 95735
>passed!
repetition: 95736
>passed!
repetition: 95737
>passed!
repetition: 95738
>passed!
repetition: 95739
>passed!
repetition: 95740
>passed!
repetition: 95741
>passed!
repetition: 95742
>passed!
repetition: 95743
>passed!
repetition: 95744
>passed!
repetition: 95745
>passed!
repetition: 95746
>passed!
repetition: 95747
>passed!
repetition: 95748
>passed!
repetition: 95749
>passed!
repetition: 95750
>passed!
repetition: 95751
>passed!
repetition: 95752
>passed!
repetition: 95753
>passed!
repetition: 95754
>passed!
repetition: 95755
>passed!
repetition: 95756
>passed!
repetition: 95757
>passed!
repetition: 95758
>passed!
repetition: 95759
>passed!
repetition: 95760
>passed!
repetition: 95761
>passed!
repetition: 95762
>passed!
repetition: 95763
>passed!
repetition: 95764
>passed!
repetition: 95765
>passed!
repetition: 95766
>passed!
repetition: 95767
>passed!
repetition: 95768
>passed!
repetition: 95769
>passed!
repetition: 95770
>passed!
repetition: 95771
>passed!
repetition: 95772
>passed!
repetition: 95773
>passed!
repetition: 95774
>passed!
repetition: 95775
>passed!
repetition: 95776
>passed!
repetition: 95777
>passed!
repetition: 95778
>passed!
repetition: 95779
>passed!
repetition: 95780
>passed!
repetition: 95781
>passed!
repetition: 95782
>passed!
repetition: 95783
>passed!
repetition: 95784
>passed!
repetition: 95785
>passed!
repetition: 95786
>passed!
repetition: 95787
>passed!
repetition: 95788
>passed!
repetition: 95789
>passed!
repetition: 95790
>passed!
repetition: 95791
>passed!
repetition: 95792
>passed!
repetition: 95793
>passed!
repetition: 95794
>passed!
repetition: 95795
>passed!
repetition: 95796
>passed!
repetition: 95797
>passed!
repetition: 95798
>passed!
repetition: 95799
>passed!
repetition: 95800
>passed!
repetition: 95801
>passed!
repetition: 95802
>passed!
repetition: 95803
>passed!
repetition: 95804
>passed!
repetition: 95805
>passed!
repetition: 95806
>passed!
repetition: 95807
>passed!
repetition: 95808
>passed!
repetition: 95809
>passed!
repetition: 95810
>passed!
repetition: 95811
>passed!
repetition: 95812
>passed!
repetition: 95813
>passed!
repetition: 95814
>passed!
repetition: 95815
>passed!
repetition: 95816
>passed!
repetition: 95817
>passed!
repetition: 95818
>passed!
repetition: 95819
>passed!
repetition: 95820
>passed!
repetition: 95821
>passed!
repetition: 95822
>passed!
repetition: 95823
>passed!
repetition: 95824
>passed!
repetition: 95825
>passed!
repetition: 95826
>passed!
repetition: 95827
>passed!
repetition: 95828
>passed!
repetition: 95829
>passed!
repetition: 95830
>passed!
repetition: 95831
>passed!
repetition: 95832
>passed!
repetition: 95833
>passed!
repetition: 95834
>passed!
repetition: 95835
>passed!
repetition: 95836
>passed!
repetition: 95837
>passed!
repetition: 95838
>passed!
repetition: 95839
>passed!
repetition: 95840
>passed!
repetition: 95841
>passed!
repetition: 95842
>passed!
repetition: 95843
>passed!
repetition: 95844
>passed!
repetition: 95845
>passed!
repetition: 95846
>passed!
repetition: 95847
>passed!
repetition: 95848
>passed!
repetition: 95849
>passed!
repetition: 95850
>passed!
repetition: 95851
>passed!
repetition: 95852
>passed!
repetition: 95853
>passed!
repetition: 95854
>passed!
repetition: 95855
>passed!
repetition: 95856
>passed!
repetition: 95857
>passed!
repetition: 95858
>passed!
repetition: 95859
>passed!
repetition: 95860
>passed!
repetition: 95861
>passed!
repetition: 95862
>passed!
repetition: 95863
>passed!
repetition: 95864
>passed!
repetition: 95865
>passed!
repetition: 95866
>passed!
repetition: 95867
>passed!
repetition: 95868
>passed!
repetition: 95869
>passed!
repetition: 95870
>passed!
repetition: 95871
>passed!
repetition: 95872
>passed!
repetition: 95873
>passed!
repetition: 95874
>passed!
repetition: 95875
>passed!
repetition: 95876
>passed!
repetition: 95877
>passed!
repetition: 95878
>passed!
repetition: 95879
>passed!
repetition: 95880
>passed!
repetition: 95881
>passed!
repetition: 95882
>passed!
repetition: 95883
>passed!
repetition: 95884
>passed!
repetition: 95885
>passed!
repetition: 95886
>passed!
repetition: 95887
>passed!
repetition: 95888
>passed!
repetition: 95889
>passed!
repetition: 95890
>passed!
repetition: 95891
>passed!
repetition: 95892
>passed!
repetition: 95893
>passed!
repetition: 95894
>passed!
repetition: 95895
>passed!
repetition: 95896
>passed!
repetition: 95897
>passed!
repetition: 95898
>passed!
repetition: 95899
>passed!
repetition: 95900
>passed!
repetition: 95901
>passed!
repetition: 95902
>passed!
repetition: 95903
>passed!
repetition: 95904
>passed!
repetition: 95905
>passed!
repetition: 95906
>passed!
repetition: 95907
>passed!
repetition: 95908
>passed!
repetition: 95909
>passed!
repetition: 95910
>passed!
repetition: 95911
>passed!
repetition: 95912
>passed!
repetition: 95913
>passed!
repetition: 95914
>passed!
repetition: 95915
>passed!
repetition: 95916
>passed!
repetition: 95917
>passed!
repetition: 95918
>passed!
repetition: 95919
>passed!
repetition: 95920
>passed!
repetition: 95921
>passed!
repetition: 95922
>passed!
repetition: 95923
>passed!
repetition: 95924
>passed!
repetition: 95925
>passed!
repetition: 95926
>passed!
repetition: 95927
>passed!
repetition: 95928
>passed!
repetition: 95929
>passed!
repetition: 95930
>passed!
repetition: 95931
>passed!
repetition: 95932
>passed!
repetition: 95933
>passed!
repetition: 95934
>passed!
repetition: 95935
>passed!
repetition: 95936
>passed!
repetition: 95937
>passed!
repetition: 95938
>passed!
repetition: 95939
>passed!
repetition: 95940
>passed!
repetition: 95941
>passed!
repetition: 95942
>passed!
repetition: 95943
>passed!
repetition: 95944
>passed!
repetition: 95945
>passed!
repetition: 95946
>passed!
repetition: 95947
>passed!
repetition: 95948
>passed!
repetition: 95949
>passed!
repetition: 95950
>passed!
repetition: 95951
>passed!
repetition: 95952
>passed!
repetition: 95953
>passed!
repetition: 95954
>passed!
repetition: 95955
>passed!
repetition: 95956
>passed!
repetition: 95957
>passed!
repetition: 95958
>passed!
repetition: 95959
>passed!
repetition: 95960
>passed!
repetition: 95961
>passed!
repetition: 95962
>passed!
repetition: 95963
>passed!
repetition: 95964
>passed!
repetition: 95965
>passed!
repetition: 95966
>passed!
repetition: 95967
>passed!
repetition: 95968
>passed!
repetition: 95969
>passed!
repetition: 95970
>passed!
repetition: 95971
>passed!
repetition: 95972
>passed!
repetition: 95973
>passed!
repetition: 95974
>passed!
repetition: 95975
>passed!
repetition: 95976
>passed!
repetition: 95977
>passed!
repetition: 95978
>passed!
repetition: 95979
>passed!
repetition: 95980
>passed!
repetition: 95981
>passed!
repetition: 95982
>passed!
repetition: 95983
>passed!
repetition: 95984
>passed!
repetition: 95985
>passed!
repetition: 95986
>passed!
repetition: 95987
>passed!
repetition: 95988
>passed!
repetition: 95989
>passed!
repetition: 95990
>passed!
repetition: 95991
>passed!
repetition: 95992
>passed!
repetition: 95993
>passed!
repetition: 95994
>passed!
repetition: 95995
>passed!
repetition: 95996
>passed!
repetition: 95997
>passed!
repetition: 95998
>passed!
repetition: 95999
>passed!
repetition: 96000
>passed!
repetition: 96001
>passed!
repetition: 96002
>passed!
repetition: 96003
>passed!
repetition: 96004
>passed!
repetition: 96005
>passed!
repetition: 96006
>passed!
repetition: 96007
>passed!
repetition: 96008
>passed!
repetition: 96009
>passed!
repetition: 96010
>passed!
repetition: 96011
>passed!
repetition: 96012
>passed!
repetition: 96013
>passed!
repetition: 96014
>passed!
repetition: 96015
>passed!
repetition: 96016
>passed!
repetition: 96017
>passed!
repetition: 96018
>passed!
repetition: 96019
>passed!
repetition: 96020
>passed!
repetition: 96021
>passed!
repetition: 96022
>passed!
repetition: 96023
>passed!
repetition: 96024
>passed!
repetition: 96025
>passed!
repetition: 96026
>passed!
repetition: 96027
>passed!
repetition: 96028
>passed!
repetition: 96029
>passed!
repetition: 96030
>passed!
repetition: 96031
>passed!
repetition: 96032
>passed!
repetition: 96033
>passed!
repetition: 96034
>passed!
repetition: 96035
>passed!
repetition: 96036
>passed!
repetition: 96037
>passed!
repetition: 96038
>passed!
repetition: 96039
>passed!
repetition: 96040
>passed!
repetition: 96041
>passed!
repetition: 96042
>passed!
repetition: 96043
>passed!
repetition: 96044
>passed!
repetition: 96045
>passed!
repetition: 96046
>passed!
repetition: 96047
>passed!
repetition: 96048
>passed!
repetition: 96049
>passed!
repetition: 96050
>passed!
repetition: 96051
>passed!
repetition: 96052
>passed!
repetition: 96053
>passed!
repetition: 96054
>passed!
repetition: 96055
>passed!
repetition: 96056
>passed!
repetition: 96057
>passed!
repetition: 96058
>passed!
repetition: 96059
>passed!
repetition: 96060
>passed!
repetition: 96061
>passed!
repetition: 96062
>passed!
repetition: 96063
>passed!
repetition: 96064
>passed!
repetition: 96065
>passed!
repetition: 96066
>passed!
repetition: 96067
>passed!
repetition: 96068
>passed!
repetition: 96069
>passed!
repetition: 96070
>passed!
repetition: 96071
>passed!
repetition: 96072
>passed!
repetition: 96073
>passed!
repetition: 96074
>passed!
repetition: 96075
>passed!
repetition: 96076
>passed!
repetition: 96077
>passed!
repetition: 96078
>passed!
repetition: 96079
>passed!
repetition: 96080
>passed!
repetition: 96081
>passed!
repetition: 96082
>passed!
repetition: 96083
>passed!
repetition: 96084
>passed!
repetition: 96085
>passed!
repetition: 96086
>passed!
repetition: 96087
>passed!
repetition: 96088
>passed!
repetition: 96089
>passed!
repetition: 96090
>passed!
repetition: 96091
>passed!
repetition: 96092
>passed!
repetition: 96093
>passed!
repetition: 96094
>passed!
repetition: 96095
>passed!
repetition: 96096
>passed!
repetition: 96097
>passed!
repetition: 96098
>passed!
repetition: 96099
>passed!
repetition: 96100
>passed!
repetition: 96101
>passed!
repetition: 96102
>passed!
repetition: 96103
>passed!
repetition: 96104
>passed!
repetition: 96105
>passed!
repetition: 96106
>passed!
repetition: 96107
>passed!
repetition: 96108
>passed!
repetition: 96109
>passed!
repetition: 96110
>passed!
repetition: 96111
>passed!
repetition: 96112
>passed!
repetition: 96113
>passed!
repetition: 96114
>passed!
repetition: 96115
>passed!
repetition: 96116
>passed!
repetition: 96117
>passed!
repetition: 96118
>passed!
repetition: 96119
>passed!
repetition: 96120
>passed!
repetition: 96121
>passed!
repetition: 96122
>passed!
repetition: 96123
>passed!
repetition: 96124
>passed!
repetition: 96125
>passed!
repetition: 96126
>passed!
repetition: 96127
>passed!
repetition: 96128
>passed!
repetition: 96129
>passed!
repetition: 96130
>passed!
repetition: 96131
>passed!
repetition: 96132
>passed!
repetition: 96133
>passed!
repetition: 96134
>passed!
repetition: 96135
>passed!
repetition: 96136
>passed!
repetition: 96137
>passed!
repetition: 96138
>passed!
repetition: 96139
>passed!
repetition: 96140
>passed!
repetition: 96141
>passed!
repetition: 96142
>passed!
repetition: 96143
>passed!
repetition: 96144
>passed!
repetition: 96145
>passed!
repetition: 96146
>passed!
repetition: 96147
>passed!
repetition: 96148
>passed!
repetition: 96149
>passed!
repetition: 96150
>passed!
repetition: 96151
>passed!
repetition: 96152
>passed!
repetition: 96153
>passed!
repetition: 96154
>passed!
repetition: 96155
>passed!
repetition: 96156
>passed!
repetition: 96157
>passed!
repetition: 96158
>passed!
repetition: 96159
>passed!
repetition: 96160
>passed!
repetition: 96161
>passed!
repetition: 96162
>passed!
repetition: 96163
>passed!
repetition: 96164
>passed!
repetition: 96165
>passed!
repetition: 96166
>passed!
repetition: 96167
>passed!
repetition: 96168
>passed!
repetition: 96169
>passed!
repetition: 96170
>passed!
repetition: 96171
>passed!
repetition: 96172
>passed!
repetition: 96173
>passed!
repetition: 96174
>passed!
repetition: 96175
>passed!
repetition: 96176
>passed!
repetition: 96177
>passed!
repetition: 96178
>passed!
repetition: 96179
>passed!
repetition: 96180
>passed!
repetition: 96181
>passed!
repetition: 96182
>passed!
repetition: 96183
>passed!
repetition: 96184
>passed!
repetition: 96185
>passed!
repetition: 96186
>passed!
repetition: 96187
>passed!
repetition: 96188
>passed!
repetition: 96189
>passed!
repetition: 96190
>passed!
repetition: 96191
>passed!
repetition: 96192
>passed!
repetition: 96193
>passed!
repetition: 96194
>passed!
repetition: 96195
>passed!
repetition: 96196
>passed!
repetition: 96197
>passed!
repetition: 96198
>passed!
repetition: 96199
>passed!
repetition: 96200
>passed!
repetition: 96201
>passed!
repetition: 96202
>passed!
repetition: 96203
>passed!
repetition: 96204
>passed!
repetition: 96205
>passed!
repetition: 96206
>passed!
repetition: 96207
>passed!
repetition: 96208
>passed!
repetition: 96209
>passed!
repetition: 96210
>passed!
repetition: 96211
>passed!
repetition: 96212
>passed!
repetition: 96213
>passed!
repetition: 96214
>passed!
repetition: 96215
>passed!
repetition: 96216
>passed!
repetition: 96217
>passed!
repetition: 96218
>passed!
repetition: 96219
>passed!
repetition: 96220
>passed!
repetition: 96221
>passed!
repetition: 96222
>passed!
repetition: 96223
>passed!
repetition: 96224
>passed!
repetition: 96225
>passed!
repetition: 96226
>passed!
repetition: 96227
>passed!
repetition: 96228
>passed!
repetition: 96229
>passed!
repetition: 96230
>passed!
repetition: 96231
>passed!
repetition: 96232
>passed!
repetition: 96233
>passed!
repetition: 96234
>passed!
repetition: 96235
>passed!
repetition: 96236
>passed!
repetition: 96237
>passed!
repetition: 96238
>passed!
repetition: 96239
>passed!
repetition: 96240
>passed!
repetition: 96241
>passed!
repetition: 96242
>passed!
repetition: 96243
>passed!
repetition: 96244
>passed!
repetition: 96245
>passed!
repetition: 96246
>passed!
repetition: 96247
>passed!
repetition: 96248
>passed!
repetition: 96249
>passed!
repetition: 96250
>passed!
repetition: 96251
>passed!
repetition: 96252
>passed!
repetition: 96253
>passed!
repetition: 96254
>passed!
repetition: 96255
>passed!
repetition: 96256
>passed!
repetition: 96257
>passed!
repetition: 96258
>passed!
repetition: 96259
>passed!
repetition: 96260
>passed!
repetition: 96261
>passed!
repetition: 96262
>passed!
repetition: 96263
>passed!
repetition: 96264
>passed!
repetition: 96265
>passed!
repetition: 96266
>passed!
repetition: 96267
>passed!
repetition: 96268
>passed!
repetition: 96269
>passed!
repetition: 96270
>passed!
repetition: 96271
>passed!
repetition: 96272
>passed!
repetition: 96273
>passed!
repetition: 96274
>passed!
repetition: 96275
>passed!
repetition: 96276
>passed!
repetition: 96277
>passed!
repetition: 96278
>passed!
repetition: 96279
>passed!
repetition: 96280
>passed!
repetition: 96281
>passed!
repetition: 96282
>passed!
repetition: 96283
>passed!
repetition: 96284
>passed!
repetition: 96285
>passed!
repetition: 96286
>passed!
repetition: 96287
>passed!
repetition: 96288
>passed!
repetition: 96289
>passed!
repetition: 96290
>passed!
repetition: 96291
>passed!
repetition: 96292
>passed!
repetition: 96293
>passed!
repetition: 96294
>passed!
repetition: 96295
>passed!
repetition: 96296
>passed!
repetition: 96297
>passed!
repetition: 96298
>passed!
repetition: 96299
>passed!
repetition: 96300
>passed!
repetition: 96301
>passed!
repetition: 96302
>passed!
repetition: 96303
>passed!
repetition: 96304
>passed!
repetition: 96305
>passed!
repetition: 96306
>passed!
repetition: 96307
>passed!
repetition: 96308
>passed!
repetition: 96309
>passed!
repetition: 96310
>passed!
repetition: 96311
>passed!
repetition: 96312
>passed!
repetition: 96313
>passed!
repetition: 96314
>passed!
repetition: 96315
>passed!
repetition: 96316
>passed!
repetition: 96317
>passed!
repetition: 96318
>passed!
repetition: 96319
>passed!
repetition: 96320
>passed!
repetition: 96321
>passed!
repetition: 96322
>passed!
repetition: 96323
>passed!
repetition: 96324
>passed!
repetition: 96325
>passed!
repetition: 96326
>passed!
repetition: 96327
>passed!
repetition: 96328
>passed!
repetition: 96329
>passed!
repetition: 96330
>passed!
repetition: 96331
>passed!
repetition: 96332
>passed!
repetition: 96333
>passed!
repetition: 96334
>passed!
repetition: 96335
>passed!
repetition: 96336
>passed!
repetition: 96337
>passed!
repetition: 96338
>passed!
repetition: 96339
>passed!
repetition: 96340
>passed!
repetition: 96341
>passed!
repetition: 96342
>passed!
repetition: 96343
>passed!
repetition: 96344
>passed!
repetition: 96345
>passed!
repetition: 96346
>passed!
repetition: 96347
>passed!
repetition: 96348
>passed!
repetition: 96349
>passed!
repetition: 96350
>passed!
repetition: 96351
>passed!
repetition: 96352
>passed!
repetition: 96353
>passed!
repetition: 96354
>passed!
repetition: 96355
>passed!
repetition: 96356
>passed!
repetition: 96357
>passed!
repetition: 96358
>passed!
repetition: 96359
>passed!
repetition: 96360
>passed!
repetition: 96361
>passed!
repetition: 96362
>passed!
repetition: 96363
>passed!
repetition: 96364
>passed!
repetition: 96365
>passed!
repetition: 96366
>passed!
repetition: 96367
>passed!
repetition: 96368
>passed!
repetition: 96369
>passed!
repetition: 96370
>passed!
repetition: 96371
>passed!
repetition: 96372
>passed!
repetition: 96373
>passed!
repetition: 96374
>passed!
repetition: 96375
>passed!
repetition: 96376
>passed!
repetition: 96377
>passed!
repetition: 96378
>passed!
repetition: 96379
>passed!
repetition: 96380
>passed!
repetition: 96381
>passed!
repetition: 96382
>passed!
repetition: 96383
>passed!
repetition: 96384
>passed!
repetition: 96385
>passed!
repetition: 96386
>passed!
repetition: 96387
>passed!
repetition: 96388
>passed!
repetition: 96389
>passed!
repetition: 96390
>passed!
repetition: 96391
>passed!
repetition: 96392
>passed!
repetition: 96393
>passed!
repetition: 96394
>passed!
repetition: 96395
>passed!
repetition: 96396
>passed!
repetition: 96397
>passed!
repetition: 96398
>passed!
repetition: 96399
>passed!
repetition: 96400
>passed!
repetition: 96401
>passed!
repetition: 96402
>passed!
repetition: 96403
>passed!
repetition: 96404
>passed!
repetition: 96405
>passed!
repetition: 96406
>passed!
repetition: 96407
>passed!
repetition: 96408
>passed!
repetition: 96409
>passed!
repetition: 96410
>passed!
repetition: 96411
>passed!
repetition: 96412
>passed!
repetition: 96413
>passed!
repetition: 96414
>passed!
repetition: 96415
>passed!
repetition: 96416
>passed!
repetition: 96417
>passed!
repetition: 96418
>passed!
repetition: 96419
>passed!
repetition: 96420
>passed!
repetition: 96421
>passed!
repetition: 96422
>passed!
repetition: 96423
>passed!
repetition: 96424
>passed!
repetition: 96425
>passed!
repetition: 96426
>passed!
repetition: 96427
>passed!
repetition: 96428
>passed!
repetition: 96429
>passed!
repetition: 96430
>passed!
repetition: 96431
>passed!
repetition: 96432
>passed!
repetition: 96433
>passed!
repetition: 96434
>passed!
repetition: 96435
>passed!
repetition: 96436
>passed!
repetition: 96437
>passed!
repetition: 96438
>passed!
repetition: 96439
>passed!
repetition: 96440
>passed!
repetition: 96441
>passed!
repetition: 96442
>passed!
repetition: 96443
>passed!
repetition: 96444
>passed!
repetition: 96445
>passed!
repetition: 96446
>passed!
repetition: 96447
>passed!
repetition: 96448
>passed!
repetition: 96449
>passed!
repetition: 96450
>passed!
repetition: 96451
>passed!
repetition: 96452
>passed!
repetition: 96453
>passed!
repetition: 96454
>passed!
repetition: 96455
>passed!
repetition: 96456
>passed!
repetition: 96457
>passed!
repetition: 96458
>passed!
repetition: 96459
>passed!
repetition: 96460
>passed!
repetition: 96461
>passed!
repetition: 96462
>passed!
repetition: 96463
>passed!
repetition: 96464
>passed!
repetition: 96465
>passed!
repetition: 96466
>passed!
repetition: 96467
>passed!
repetition: 96468
>passed!
repetition: 96469
>passed!
repetition: 96470
>passed!
repetition: 96471
>passed!
repetition: 96472
>passed!
repetition: 96473
>passed!
repetition: 96474
>passed!
repetition: 96475
>passed!
repetition: 96476
>passed!
repetition: 96477
>passed!
repetition: 96478
>passed!
repetition: 96479
>passed!
repetition: 96480
>passed!
repetition: 96481
>passed!
repetition: 96482
>passed!
repetition: 96483
>passed!
repetition: 96484
>passed!
repetition: 96485
>passed!
repetition: 96486
>passed!
repetition: 96487
>passed!
repetition: 96488
>passed!
repetition: 96489
>passed!
repetition: 96490
>passed!
repetition: 96491
>passed!
repetition: 96492
>passed!
repetition: 96493
>passed!
repetition: 96494
>passed!
repetition: 96495
>passed!
repetition: 96496
>passed!
repetition: 96497
>passed!
repetition: 96498
>passed!
repetition: 96499
>passed!
repetition: 96500
>passed!
repetition: 96501
>passed!
repetition: 96502
>passed!
repetition: 96503
>passed!
repetition: 96504
>passed!
repetition: 96505
>passed!
repetition: 96506
>passed!
repetition: 96507
>passed!
repetition: 96508
>passed!
repetition: 96509
>passed!
repetition: 96510
>passed!
repetition: 96511
>passed!
repetition: 96512
>passed!
repetition: 96513
>passed!
repetition: 96514
>passed!
repetition: 96515
>passed!
repetition: 96516
>passed!
repetition: 96517
>passed!
repetition: 96518
>passed!
repetition: 96519
>passed!
repetition: 96520
>passed!
repetition: 96521
>passed!
repetition: 96522
>passed!
repetition: 96523
>passed!
repetition: 96524
>passed!
repetition: 96525
>passed!
repetition: 96526
>passed!
repetition: 96527
>passed!
repetition: 96528
>passed!
repetition: 96529
>passed!
repetition: 96530
>passed!
repetition: 96531
>passed!
repetition: 96532
>passed!
repetition: 96533
>passed!
repetition: 96534
>passed!
repetition: 96535
>passed!
repetition: 96536
>passed!
repetition: 96537
>passed!
repetition: 96538
>passed!
repetition: 96539
>passed!
repetition: 96540
>passed!
repetition: 96541
>passed!
repetition: 96542
>passed!
repetition: 96543
>passed!
repetition: 96544
>passed!
repetition: 96545
>passed!
repetition: 96546
>passed!
repetition: 96547
>passed!
repetition: 96548
>passed!
repetition: 96549
>passed!
repetition: 96550
>passed!
repetition: 96551
>passed!
repetition: 96552
>passed!
repetition: 96553
>passed!
repetition: 96554
>passed!
repetition: 96555
>passed!
repetition: 96556
>passed!
repetition: 96557
>passed!
repetition: 96558
>passed!
repetition: 96559
>passed!
repetition: 96560
>passed!
repetition: 96561
>passed!
repetition: 96562
>passed!
repetition: 96563
>passed!
repetition: 96564
>passed!
repetition: 96565
>passed!
repetition: 96566
>passed!
repetition: 96567
>passed!
repetition: 96568
>passed!
repetition: 96569
>passed!
repetition: 96570
>passed!
repetition: 96571
>passed!
repetition: 96572
>passed!
repetition: 96573
>passed!
repetition: 96574
>passed!
repetition: 96575
>passed!
repetition: 96576
>passed!
repetition: 96577
>passed!
repetition: 96578
>passed!
repetition: 96579
>passed!
repetition: 96580
>passed!
repetition: 96581
>passed!
repetition: 96582
>passed!
repetition: 96583
>passed!
repetition: 96584
>passed!
repetition: 96585
>passed!
repetition: 96586
>passed!
repetition: 96587
>passed!
repetition: 96588
>passed!
repetition: 96589
>passed!
repetition: 96590
>passed!
repetition: 96591
>passed!
repetition: 96592
>passed!
repetition: 96593
>passed!
repetition: 96594
>passed!
repetition: 96595
>passed!
repetition: 96596
>passed!
repetition: 96597
>passed!
repetition: 96598
>passed!
repetition: 96599
>passed!
repetition: 96600
>passed!
repetition: 96601
>passed!
repetition: 96602
>passed!
repetition: 96603
>passed!
repetition: 96604
>passed!
repetition: 96605
>passed!
repetition: 96606
>passed!
repetition: 96607
>passed!
repetition: 96608
>passed!
repetition: 96609
>passed!
repetition: 96610
>passed!
repetition: 96611
>passed!
repetition: 96612
>passed!
repetition: 96613
>passed!
repetition: 96614
>passed!
repetition: 96615
>passed!
repetition: 96616
>passed!
repetition: 96617
>passed!
repetition: 96618
>passed!
repetition: 96619
>passed!
repetition: 96620
>passed!
repetition: 96621
>passed!
repetition: 96622
>passed!
repetition: 96623
>passed!
repetition: 96624
>passed!
repetition: 96625
>passed!
repetition: 96626
>passed!
repetition: 96627
>passed!
repetition: 96628
>passed!
repetition: 96629
>passed!
repetition: 96630
>passed!
repetition: 96631
>passed!
repetition: 96632
>passed!
repetition: 96633
>passed!
repetition: 96634
>passed!
repetition: 96635
>passed!
repetition: 96636
>passed!
repetition: 96637
>passed!
repetition: 96638
>passed!
repetition: 96639
>passed!
repetition: 96640
>passed!
repetition: 96641
>passed!
repetition: 96642
>passed!
repetition: 96643
>passed!
repetition: 96644
>passed!
repetition: 96645
>passed!
repetition: 96646
>passed!
repetition: 96647
>passed!
repetition: 96648
>passed!
repetition: 96649
>passed!
repetition: 96650
>passed!
repetition: 96651
>passed!
repetition: 96652
>passed!
repetition: 96653
>passed!
repetition: 96654
>passed!
repetition: 96655
>passed!
repetition: 96656
>passed!
repetition: 96657
>passed!
repetition: 96658
>passed!
repetition: 96659
>passed!
repetition: 96660
>passed!
repetition: 96661
>passed!
repetition: 96662
>passed!
repetition: 96663
>passed!
repetition: 96664
>passed!
repetition: 96665
>passed!
repetition: 96666
>passed!
repetition: 96667
>passed!
repetition: 96668
>passed!
repetition: 96669
>passed!
repetition: 96670
>passed!
repetition: 96671
>passed!
repetition: 96672
>passed!
repetition: 96673
>passed!
repetition: 96674
>passed!
repetition: 96675
>passed!
repetition: 96676
>passed!
repetition: 96677
>passed!
repetition: 96678
>passed!
repetition: 96679
>passed!
repetition: 96680
>passed!
repetition: 96681
>passed!
repetition: 96682
>passed!
repetition: 96683
>passed!
repetition: 96684
>passed!
repetition: 96685
>passed!
repetition: 96686
>passed!
repetition: 96687
>passed!
repetition: 96688
>passed!
repetition: 96689
>passed!
repetition: 96690
>passed!
repetition: 96691
>passed!
repetition: 96692
>passed!
repetition: 96693
>passed!
repetition: 96694
>passed!
repetition: 96695
>passed!
repetition: 96696
>passed!
repetition: 96697
>passed!
repetition: 96698
>passed!
repetition: 96699
>passed!
repetition: 96700
>passed!
repetition: 96701
>passed!
repetition: 96702
>passed!
repetition: 96703
>passed!
repetition: 96704
>passed!
repetition: 96705
>passed!
repetition: 96706
>passed!
repetition: 96707
>passed!
repetition: 96708
>passed!
repetition: 96709
>passed!
repetition: 96710
>passed!
repetition: 96711
>passed!
repetition: 96712
>passed!
repetition: 96713
>passed!
repetition: 96714
>passed!
repetition: 96715
>passed!
repetition: 96716
>passed!
repetition: 96717
>passed!
repetition: 96718
>passed!
repetition: 96719
>passed!
repetition: 96720
>passed!
repetition: 96721
>passed!
repetition: 96722
>passed!
repetition: 96723
>passed!
repetition: 96724
>passed!
repetition: 96725
>passed!
repetition: 96726
>passed!
repetition: 96727
>passed!
repetition: 96728
>passed!
repetition: 96729
>passed!
repetition: 96730
>passed!
repetition: 96731
>passed!
repetition: 96732
>passed!
repetition: 96733
>passed!
repetition: 96734
>passed!
repetition: 96735
>passed!
repetition: 96736
>passed!
repetition: 96737
>passed!
repetition: 96738
>passed!
repetition: 96739
>passed!
repetition: 96740
>passed!
repetition: 96741
>passed!
repetition: 96742
>passed!
repetition: 96743
>passed!
repetition: 96744
>passed!
repetition: 96745
>passed!
repetition: 96746
>passed!
repetition: 96747
>passed!
repetition: 96748
>passed!
repetition: 96749
>passed!
repetition: 96750
>passed!
repetition: 96751
>passed!
repetition: 96752
>passed!
repetition: 96753
>passed!
repetition: 96754
>passed!
repetition: 96755
>passed!
repetition: 96756
>passed!
repetition: 96757
>passed!
repetition: 96758
>passed!
repetition: 96759
>passed!
repetition: 96760
>passed!
repetition: 96761
>passed!
repetition: 96762
>passed!
repetition: 96763
>passed!
repetition: 96764
>passed!
repetition: 96765
>passed!
repetition: 96766
>passed!
repetition: 96767
>passed!
repetition: 96768
>passed!
repetition: 96769
>passed!
repetition: 96770
>passed!
repetition: 96771
>passed!
repetition: 96772
>passed!
repetition: 96773
>passed!
repetition: 96774
>passed!
repetition: 96775
>passed!
repetition: 96776
>passed!
repetition: 96777
>passed!
repetition: 96778
>passed!
repetition: 96779
>passed!
repetition: 96780
>passed!
repetition: 96781
>passed!
repetition: 96782
>passed!
repetition: 96783
>passed!
repetition: 96784
>passed!
repetition: 96785
>passed!
repetition: 96786
>passed!
repetition: 96787
>passed!
repetition: 96788
>passed!
repetition: 96789
>passed!
repetition: 96790
>passed!
repetition: 96791
>passed!
repetition: 96792
>passed!
repetition: 96793
>passed!
repetition: 96794
>passed!
repetition: 96795
>passed!
repetition: 96796
>passed!
repetition: 96797
>passed!
repetition: 96798
>passed!
repetition: 96799
>passed!
repetition: 96800
>passed!
repetition: 96801
>passed!
repetition: 96802
>passed!
repetition: 96803
>passed!
repetition: 96804
>passed!
repetition: 96805
>passed!
repetition: 96806
>passed!
repetition: 96807
>passed!
repetition: 96808
>passed!
repetition: 96809
>passed!
repetition: 96810
>passed!
repetition: 96811
>passed!
repetition: 96812
>passed!
repetition: 96813
>passed!
repetition: 96814
>passed!
repetition: 96815
>passed!
repetition: 96816
>passed!
repetition: 96817
>passed!
repetition: 96818
>passed!
repetition: 96819
>passed!
repetition: 96820
>passed!
repetition: 96821
>passed!
repetition: 96822
>passed!
repetition: 96823
>passed!
repetition: 96824
>passed!
repetition: 96825
>passed!
repetition: 96826
>passed!
repetition: 96827
>passed!
repetition: 96828
>passed!
repetition: 96829
>passed!
repetition: 96830
>passed!
repetition: 96831
>passed!
repetition: 96832
>passed!
repetition: 96833
>passed!
repetition: 96834
>passed!
repetition: 96835
>passed!
repetition: 96836
>passed!
repetition: 96837
>passed!
repetition: 96838
>passed!
repetition: 96839
>passed!
repetition: 96840
>passed!
repetition: 96841
>passed!
repetition: 96842
>passed!
repetition: 96843
>passed!
repetition: 96844
>passed!
repetition: 96845
>passed!
repetition: 96846
>passed!
repetition: 96847
>passed!
repetition: 96848
>passed!
repetition: 96849
>passed!
repetition: 96850
>passed!
repetition: 96851
>passed!
repetition: 96852
>passed!
repetition: 96853
>passed!
repetition: 96854
>passed!
repetition: 96855
>passed!
repetition: 96856
>passed!
repetition: 96857
>passed!
repetition: 96858
>passed!
repetition: 96859
>passed!
repetition: 96860
>passed!
repetition: 96861
>passed!
repetition: 96862
>passed!
repetition: 96863
>passed!
repetition: 96864
>passed!
repetition: 96865
>passed!
repetition: 96866
>passed!
repetition: 96867
>passed!
repetition: 96868
>passed!
repetition: 96869
>passed!
repetition: 96870
>passed!
repetition: 96871
>passed!
repetition: 96872
>passed!
repetition: 96873
>passed!
repetition: 96874
>passed!
repetition: 96875
>passed!
repetition: 96876
>passed!
repetition: 96877
>passed!
repetition: 96878
>passed!
repetition: 96879
>passed!
repetition: 96880
>passed!
repetition: 96881
>passed!
repetition: 96882
>passed!
repetition: 96883
>passed!
repetition: 96884
>passed!
repetition: 96885
>passed!
repetition: 96886
>passed!
repetition: 96887
>passed!
repetition: 96888
>passed!
repetition: 96889
>passed!
repetition: 96890
>passed!
repetition: 96891
>passed!
repetition: 96892
>passed!
repetition: 96893
>passed!
repetition: 96894
>passed!
repetition: 96895
>passed!
repetition: 96896
>passed!
repetition: 96897
>passed!
repetition: 96898
>passed!
repetition: 96899
>passed!
repetition: 96900
>passed!
repetition: 96901
>passed!
repetition: 96902
>passed!
repetition: 96903
>passed!
repetition: 96904
>passed!
repetition: 96905
>passed!
repetition: 96906
>passed!
repetition: 96907
>passed!
repetition: 96908
>passed!
repetition: 96909
>passed!
repetition: 96910
>passed!
repetition: 96911
>passed!
repetition: 96912
>passed!
repetition: 96913
>passed!
repetition: 96914
>passed!
repetition: 96915
>passed!
repetition: 96916
>passed!
repetition: 96917
>passed!
repetition: 96918
>passed!
repetition: 96919
>passed!
repetition: 96920
>passed!
repetition: 96921
>passed!
repetition: 96922
>passed!
repetition: 96923
>passed!
repetition: 96924
>passed!
repetition: 96925
>passed!
repetition: 96926
>passed!
repetition: 96927
>passed!
repetition: 96928
>passed!
repetition: 96929
>passed!
repetition: 96930
>passed!
repetition: 96931
>passed!
repetition: 96932
>passed!
repetition: 96933
>passed!
repetition: 96934
>passed!
repetition: 96935
>passed!
repetition: 96936
>passed!
repetition: 96937
>passed!
repetition: 96938
>passed!
repetition: 96939
>passed!
repetition: 96940
>passed!
repetition: 96941
>passed!
repetition: 96942
>passed!
repetition: 96943
>passed!
repetition: 96944
>passed!
repetition: 96945
>passed!
repetition: 96946
>passed!
repetition: 96947
>passed!
repetition: 96948
>passed!
repetition: 96949
>passed!
repetition: 96950
>passed!
repetition: 96951
>passed!
repetition: 96952
>passed!
repetition: 96953
>passed!
repetition: 96954
>passed!
repetition: 96955
>passed!
repetition: 96956
>passed!
repetition: 96957
>passed!
repetition: 96958
>passed!
repetition: 96959
>passed!
repetition: 96960
>passed!
repetition: 96961
>passed!
repetition: 96962
>passed!
repetition: 96963
>passed!
repetition: 96964
>passed!
repetition: 96965
>passed!
repetition: 96966
>passed!
repetition: 96967
>passed!
repetition: 96968
>passed!
repetition: 96969
>passed!
repetition: 96970
>passed!
repetition: 96971
>passed!
repetition: 96972
>passed!
repetition: 96973
>passed!
repetition: 96974
>passed!
repetition: 96975
>passed!
repetition: 96976
>passed!
repetition: 96977
>passed!
repetition: 96978
>passed!
repetition: 96979
>passed!
repetition: 96980
>passed!
repetition: 96981
>passed!
repetition: 96982
>passed!
repetition: 96983
>passed!
repetition: 96984
>passed!
repetition: 96985
>passed!
repetition: 96986
>passed!
repetition: 96987
>passed!
repetition: 96988
>passed!
repetition: 96989
>passed!
repetition: 96990
>passed!
repetition: 96991
>passed!
repetition: 96992
>passed!
repetition: 96993
>passed!
repetition: 96994
>passed!
repetition: 96995
>passed!
repetition: 96996
>passed!
repetition: 96997
>passed!
repetition: 96998
>passed!
repetition: 96999
>passed!
repetition: 97000
>passed!
repetition: 97001
>passed!
repetition: 97002
>passed!
repetition: 97003
>passed!
repetition: 97004
>passed!
repetition: 97005
>passed!
repetition: 97006
>passed!
repetition: 97007
>passed!
repetition: 97008
>passed!
repetition: 97009
>passed!
repetition: 97010
>passed!
repetition: 97011
>passed!
repetition: 97012
>passed!
repetition: 97013
>passed!
repetition: 97014
>passed!
repetition: 97015
>passed!
repetition: 97016
>passed!
repetition: 97017
>passed!
repetition: 97018
>passed!
repetition: 97019
>passed!
repetition: 97020
>passed!
repetition: 97021
>passed!
repetition: 97022
>passed!
repetition: 97023
>passed!
repetition: 97024
>passed!
repetition: 97025
>passed!
repetition: 97026
>passed!
repetition: 97027
>passed!
repetition: 97028
>passed!
repetition: 97029
>passed!
repetition: 97030
>passed!
repetition: 97031
>passed!
repetition: 97032
>passed!
repetition: 97033
>passed!
repetition: 97034
>passed!
repetition: 97035
>passed!
repetition: 97036
>passed!
repetition: 97037
>passed!
repetition: 97038
>passed!
repetition: 97039
>passed!
repetition: 97040
>passed!
repetition: 97041
>passed!
repetition: 97042
>passed!
repetition: 97043
>passed!
repetition: 97044
>passed!
repetition: 97045
>passed!
repetition: 97046
>passed!
repetition: 97047
>passed!
repetition: 97048
>passed!
repetition: 97049
>passed!
repetition: 97050
>passed!
repetition: 97051
>passed!
repetition: 97052
>passed!
repetition: 97053
>passed!
repetition: 97054
>passed!
repetition: 97055
>passed!
repetition: 97056
>passed!
repetition: 97057
>passed!
repetition: 97058
>passed!
repetition: 97059
>passed!
repetition: 97060
>passed!
repetition: 97061
>passed!
repetition: 97062
>passed!
repetition: 97063
>passed!
repetition: 97064
>passed!
repetition: 97065
>passed!
repetition: 97066
>passed!
repetition: 97067
>passed!
repetition: 97068
>passed!
repetition: 97069
>passed!
repetition: 97070
>passed!
repetition: 97071
>passed!
repetition: 97072
>passed!
repetition: 97073
>passed!
repetition: 97074
>passed!
repetition: 97075
>passed!
repetition: 97076
>passed!
repetition: 97077
>passed!
repetition: 97078
>passed!
repetition: 97079
>passed!
repetition: 97080
>passed!
repetition: 97081
>passed!
repetition: 97082
>passed!
repetition: 97083
>passed!
repetition: 97084
>passed!
repetition: 97085
>passed!
repetition: 97086
>passed!
repetition: 97087
>passed!
repetition: 97088
>passed!
repetition: 97089
>passed!
repetition: 97090
>passed!
repetition: 97091
>passed!
repetition: 97092
>passed!
repetition: 97093
>passed!
repetition: 97094
>passed!
repetition: 97095
>passed!
repetition: 97096
>passed!
repetition: 97097
>passed!
repetition: 97098
>passed!
repetition: 97099
>passed!
repetition: 97100
>passed!
repetition: 97101
>passed!
repetition: 97102
>passed!
repetition: 97103
>passed!
repetition: 97104
>passed!
repetition: 97105
>passed!
repetition: 97106
>passed!
repetition: 97107
>passed!
repetition: 97108
>passed!
repetition: 97109
>passed!
repetition: 97110
>passed!
repetition: 97111
>passed!
repetition: 97112
>passed!
repetition: 97113
>passed!
repetition: 97114
>passed!
repetition: 97115
>passed!
repetition: 97116
>passed!
repetition: 97117
>passed!
repetition: 97118
>passed!
repetition: 97119
>passed!
repetition: 97120
>passed!
repetition: 97121
>passed!
repetition: 97122
>passed!
repetition: 97123
>passed!
repetition: 97124
>passed!
repetition: 97125
>passed!
repetition: 97126
>passed!
repetition: 97127
>passed!
repetition: 97128
>passed!
repetition: 97129
>passed!
repetition: 97130
>passed!
repetition: 97131
>passed!
repetition: 97132
>passed!
repetition: 97133
>passed!
repetition: 97134
>passed!
repetition: 97135
>passed!
repetition: 97136
>passed!
repetition: 97137
>passed!
repetition: 97138
>passed!
repetition: 97139
>passed!
repetition: 97140
>passed!
repetition: 97141
>passed!
repetition: 97142
>passed!
repetition: 97143
>passed!
repetition: 97144
>passed!
repetition: 97145
>passed!
repetition: 97146
>passed!
repetition: 97147
>passed!
repetition: 97148
>passed!
repetition: 97149
>passed!
repetition: 97150
>passed!
repetition: 97151
>passed!
repetition: 97152
>passed!
repetition: 97153
>passed!
repetition: 97154
>passed!
repetition: 97155
>passed!
repetition: 97156
>passed!
repetition: 97157
>passed!
repetition: 97158
>passed!
repetition: 97159
>passed!
repetition: 97160
>passed!
repetition: 97161
>passed!
repetition: 97162
>passed!
repetition: 97163
>passed!
repetition: 97164
>passed!
repetition: 97165
>passed!
repetition: 97166
>passed!
repetition: 97167
>passed!
repetition: 97168
>passed!
repetition: 97169
>passed!
repetition: 97170
>passed!
repetition: 97171
>passed!
repetition: 97172
>passed!
repetition: 97173
>passed!
repetition: 97174
>passed!
repetition: 97175
>passed!
repetition: 97176
>passed!
repetition: 97177
>passed!
repetition: 97178
>passed!
repetition: 97179
>passed!
repetition: 97180
>passed!
repetition: 97181
>passed!
repetition: 97182
>passed!
repetition: 97183
>passed!
repetition: 97184
>passed!
repetition: 97185
>passed!
repetition: 97186
>passed!
repetition: 97187
>passed!
repetition: 97188
>passed!
repetition: 97189
>passed!
repetition: 97190
>passed!
repetition: 97191
>passed!
repetition: 97192
>passed!
repetition: 97193
>passed!
repetition: 97194
>passed!
repetition: 97195
>passed!
repetition: 97196
>passed!
repetition: 97197
>passed!
repetition: 97198
>passed!
repetition: 97199
>passed!
repetition: 97200
>passed!
repetition: 97201
>passed!
repetition: 97202
>passed!
repetition: 97203
>passed!
repetition: 97204
>passed!
repetition: 97205
>passed!
repetition: 97206
>passed!
repetition: 97207
>passed!
repetition: 97208
>passed!
repetition: 97209
>passed!
repetition: 97210
>passed!
repetition: 97211
>passed!
repetition: 97212
>passed!
repetition: 97213
>passed!
repetition: 97214
>passed!
repetition: 97215
>passed!
repetition: 97216
>passed!
repetition: 97217
>passed!
repetition: 97218
>passed!
repetition: 97219
>passed!
repetition: 97220
>passed!
repetition: 97221
>passed!
repetition: 97222
>passed!
repetition: 97223
>passed!
repetition: 97224
>passed!
repetition: 97225
>passed!
repetition: 97226
>passed!
repetition: 97227
>passed!
repetition: 97228
>passed!
repetition: 97229
>passed!
repetition: 97230
>passed!
repetition: 97231
>passed!
repetition: 97232
>passed!
repetition: 97233
>passed!
repetition: 97234
>passed!
repetition: 97235
>passed!
repetition: 97236
>passed!
repetition: 97237
>passed!
repetition: 97238
>passed!
repetition: 97239
>passed!
repetition: 97240
>passed!
repetition: 97241
>passed!
repetition: 97242
>passed!
repetition: 97243
>passed!
repetition: 97244
>passed!
repetition: 97245
>passed!
repetition: 97246
>passed!
repetition: 97247
>passed!
repetition: 97248
>passed!
repetition: 97249
>passed!
repetition: 97250
>passed!
repetition: 97251
>passed!
repetition: 97252
>passed!
repetition: 97253
>passed!
repetition: 97254
>passed!
repetition: 97255
>passed!
repetition: 97256
>passed!
repetition: 97257
>passed!
repetition: 97258
>passed!
repetition: 97259
>passed!
repetition: 97260
>passed!
repetition: 97261
>passed!
repetition: 97262
>passed!
repetition: 97263
>passed!
repetition: 97264
>passed!
repetition: 97265
>passed!
repetition: 97266
>passed!
repetition: 97267
>passed!
repetition: 97268
>passed!
repetition: 97269
>passed!
repetition: 97270
>passed!
repetition: 97271
>passed!
repetition: 97272
>passed!
repetition: 97273
>passed!
repetition: 97274
>passed!
repetition: 97275
>passed!
repetition: 97276
>passed!
repetition: 97277
>passed!
repetition: 97278
>passed!
repetition: 97279
>passed!
repetition: 97280
>passed!
repetition: 97281
>passed!
repetition: 97282
>passed!
repetition: 97283
>passed!
repetition: 97284
>passed!
repetition: 97285
>passed!
repetition: 97286
>passed!
repetition: 97287
>passed!
repetition: 97288
>passed!
repetition: 97289
>passed!
repetition: 97290
>passed!
repetition: 97291
>passed!
repetition: 97292
>passed!
repetition: 97293
>passed!
repetition: 97294
>passed!
repetition: 97295
>passed!
repetition: 97296
>passed!
repetition: 97297
>passed!
repetition: 97298
>passed!
repetition: 97299
>passed!
repetition: 97300
>passed!
repetition: 97301
>passed!
repetition: 97302
>passed!
repetition: 97303
>passed!
repetition: 97304
>passed!
repetition: 97305
>passed!
repetition: 97306
>passed!
repetition: 97307
>passed!
repetition: 97308
>passed!
repetition: 97309
>passed!
repetition: 97310
>passed!
repetition: 97311
>passed!
repetition: 97312
>passed!
repetition: 97313
>passed!
repetition: 97314
>passed!
repetition: 97315
>passed!
repetition: 97316
>passed!
repetition: 97317
>passed!
repetition: 97318
>passed!
repetition: 97319
>passed!
repetition: 97320
>passed!
repetition: 97321
>passed!
repetition: 97322
>passed!
repetition: 97323
>passed!
repetition: 97324
>passed!
repetition: 97325
>passed!
repetition: 97326
>passed!
repetition: 97327
>passed!
repetition: 97328
>passed!
repetition: 97329
>passed!
repetition: 97330
>passed!
repetition: 97331
>passed!
repetition: 97332
>passed!
repetition: 97333
>passed!
repetition: 97334
>passed!
repetition: 97335
>passed!
repetition: 97336
>passed!
repetition: 97337
>passed!
repetition: 97338
>passed!
repetition: 97339
>passed!
repetition: 97340
>passed!
repetition: 97341
>passed!
repetition: 97342
>passed!
repetition: 97343
>passed!
repetition: 97344
>passed!
repetition: 97345
>passed!
repetition: 97346
>passed!
repetition: 97347
>passed!
repetition: 97348
>passed!
repetition: 97349
>passed!
repetition: 97350
>passed!
repetition: 97351
>passed!
repetition: 97352
>passed!
repetition: 97353
>passed!
repetition: 97354
>passed!
repetition: 97355
>passed!
repetition: 97356
>passed!
repetition: 97357
>passed!
repetition: 97358
>passed!
repetition: 97359
>passed!
repetition: 97360
>passed!
repetition: 97361
>passed!
repetition: 97362
>passed!
repetition: 97363
>passed!
repetition: 97364
>passed!
repetition: 97365
>passed!
repetition: 97366
>passed!
repetition: 97367
>passed!
repetition: 97368
>passed!
repetition: 97369
>passed!
repetition: 97370
>passed!
repetition: 97371
>passed!
repetition: 97372
>passed!
repetition: 97373
>passed!
repetition: 97374
>passed!
repetition: 97375
>passed!
repetition: 97376
>passed!
repetition: 97377
>passed!
repetition: 97378
>passed!
repetition: 97379
>passed!
repetition: 97380
>passed!
repetition: 97381
>passed!
repetition: 97382
>passed!
repetition: 97383
>passed!
repetition: 97384
>passed!
repetition: 97385
>passed!
repetition: 97386
>passed!
repetition: 97387
>passed!
repetition: 97388
>passed!
repetition: 97389
>passed!
repetition: 97390
>passed!
repetition: 97391
>passed!
repetition: 97392
>passed!
repetition: 97393
>passed!
repetition: 97394
>passed!
repetition: 97395
>passed!
repetition: 97396
>passed!
repetition: 97397
>passed!
repetition: 97398
>passed!
repetition: 97399
>passed!
repetition: 97400
>passed!
repetition: 97401
>passed!
repetition: 97402
>passed!
repetition: 97403
>passed!
repetition: 97404
>passed!
repetition: 97405
>passed!
repetition: 97406
>passed!
repetition: 97407
>passed!
repetition: 97408
>passed!
repetition: 97409
>passed!
repetition: 97410
>passed!
repetition: 97411
>passed!
repetition: 97412
>passed!
repetition: 97413
>passed!
repetition: 97414
>passed!
repetition: 97415
>passed!
repetition: 97416
>passed!
repetition: 97417
>passed!
repetition: 97418
>passed!
repetition: 97419
>passed!
repetition: 97420
>passed!
repetition: 97421
>passed!
repetition: 97422
>passed!
repetition: 97423
>passed!
repetition: 97424
>passed!
repetition: 97425
>passed!
repetition: 97426
>passed!
repetition: 97427
>passed!
repetition: 97428
>passed!
repetition: 97429
>passed!
repetition: 97430
>passed!
repetition: 97431
>passed!
repetition: 97432
>passed!
repetition: 97433
>passed!
repetition: 97434
>passed!
repetition: 97435
>passed!
repetition: 97436
>passed!
repetition: 97437
>passed!
repetition: 97438
>passed!
repetition: 97439
>passed!
repetition: 97440
>passed!
repetition: 97441
>passed!
repetition: 97442
>passed!
repetition: 97443
>passed!
repetition: 97444
>passed!
repetition: 97445
>passed!
repetition: 97446
>passed!
repetition: 97447
>passed!
repetition: 97448
>passed!
repetition: 97449
>passed!
repetition: 97450
>passed!
repetition: 97451
>passed!
repetition: 97452
>passed!
repetition: 97453
>passed!
repetition: 97454
>passed!
repetition: 97455
>passed!
repetition: 97456
>passed!
repetition: 97457
>passed!
repetition: 97458
>passed!
repetition: 97459
>passed!
repetition: 97460
>passed!
repetition: 97461
>passed!
repetition: 97462
>passed!
repetition: 97463
>passed!
repetition: 97464
>passed!
repetition: 97465
>passed!
repetition: 97466
>passed!
repetition: 97467
>passed!
repetition: 97468
>passed!
repetition: 97469
>passed!
repetition: 97470
>passed!
repetition: 97471
>passed!
repetition: 97472
>passed!
repetition: 97473
>passed!
repetition: 97474
>passed!
repetition: 97475
>passed!
repetition: 97476
>passed!
repetition: 97477
>passed!
repetition: 97478
>passed!
repetition: 97479
>passed!
repetition: 97480
>passed!
repetition: 97481
>passed!
repetition: 97482
>passed!
repetition: 97483
>passed!
repetition: 97484
>passed!
repetition: 97485
>passed!
repetition: 97486
>passed!
repetition: 97487
>passed!
repetition: 97488
>passed!
repetition: 97489
>passed!
repetition: 97490
>passed!
repetition: 97491
>passed!
repetition: 97492
>passed!
repetition: 97493
>passed!
repetition: 97494
>passed!
repetition: 97495
>passed!
repetition: 97496
>passed!
repetition: 97497
>passed!
repetition: 97498
>passed!
repetition: 97499
>passed!
repetition: 97500
>passed!
repetition: 97501
>passed!
repetition: 97502
>passed!
repetition: 97503
>passed!
repetition: 97504
>passed!
repetition: 97505
>passed!
repetition: 97506
>passed!
repetition: 97507
>passed!
repetition: 97508
>passed!
repetition: 97509
>passed!
repetition: 97510
>passed!
repetition: 97511
>passed!
repetition: 97512
>passed!
repetition: 97513
>passed!
repetition: 97514
>passed!
repetition: 97515
>passed!
repetition: 97516
>passed!
repetition: 97517
>passed!
repetition: 97518
>passed!
repetition: 97519
>passed!
repetition: 97520
>passed!
repetition: 97521
>passed!
repetition: 97522
>passed!
repetition: 97523
>passed!
repetition: 97524
>passed!
repetition: 97525
>passed!
repetition: 97526
>passed!
repetition: 97527
>passed!
repetition: 97528
>passed!
repetition: 97529
>passed!
repetition: 97530
>passed!
repetition: 97531
>passed!
repetition: 97532
>passed!
repetition: 97533
>passed!
repetition: 97534
>passed!
repetition: 97535
>passed!
repetition: 97536
>passed!
repetition: 97537
>passed!
repetition: 97538
>passed!
repetition: 97539
>passed!
repetition: 97540
>passed!
repetition: 97541
>passed!
repetition: 97542
>passed!
repetition: 97543
>passed!
repetition: 97544
>passed!
repetition: 97545
>passed!
repetition: 97546
>passed!
repetition: 97547
>passed!
repetition: 97548
>passed!
repetition: 97549
>passed!
repetition: 97550
>passed!
repetition: 97551
>passed!
repetition: 97552
>passed!
repetition: 97553
>passed!
repetition: 97554
>passed!
repetition: 97555
>passed!
repetition: 97556
>passed!
repetition: 97557
>passed!
repetition: 97558
>passed!
repetition: 97559
>passed!
repetition: 97560
>passed!
repetition: 97561
>passed!
repetition: 97562
>passed!
repetition: 97563
>passed!
repetition: 97564
>passed!
repetition: 97565
>passed!
repetition: 97566
>passed!
repetition: 97567
>passed!
repetition: 97568
>passed!
repetition: 97569
>passed!
repetition: 97570
>passed!
repetition: 97571
>passed!
repetition: 97572
>passed!
repetition: 97573
>passed!
repetition: 97574
>passed!
repetition: 97575
>passed!
repetition: 97576
>passed!
repetition: 97577
>passed!
repetition: 97578
>passed!
repetition: 97579
>passed!
repetition: 97580
>passed!
repetition: 97581
>passed!
repetition: 97582
>passed!
repetition: 97583
>passed!
repetition: 97584
>passed!
repetition: 97585
>passed!
repetition: 97586
>passed!
repetition: 97587
>passed!
repetition: 97588
>passed!
repetition: 97589
>passed!
repetition: 97590
>passed!
repetition: 97591
>passed!
repetition: 97592
>passed!
repetition: 97593
>passed!
repetition: 97594
>passed!
repetition: 97595
>passed!
repetition: 97596
>passed!
repetition: 97597
>passed!
repetition: 97598
>passed!
repetition: 97599
>passed!
repetition: 97600
>passed!
repetition: 97601
>passed!
repetition: 97602
>passed!
repetition: 97603
>passed!
repetition: 97604
>passed!
repetition: 97605
>passed!
repetition: 97606
>passed!
repetition: 97607
>passed!
repetition: 97608
>passed!
repetition: 97609
>passed!
repetition: 97610
>passed!
repetition: 97611
>passed!
repetition: 97612
>passed!
repetition: 97613
>passed!
repetition: 97614
>passed!
repetition: 97615
>passed!
repetition: 97616
>passed!
repetition: 97617
>passed!
repetition: 97618
>passed!
repetition: 97619
>passed!
repetition: 97620
>passed!
repetition: 97621
>passed!
repetition: 97622
>passed!
repetition: 97623
>passed!
repetition: 97624
>passed!
repetition: 97625
>passed!
repetition: 97626
>passed!
repetition: 97627
>passed!
repetition: 97628
>passed!
repetition: 97629
>passed!
repetition: 97630
>passed!
repetition: 97631
>passed!
repetition: 97632
>passed!
repetition: 97633
>passed!
repetition: 97634
>passed!
repetition: 97635
>passed!
repetition: 97636
>passed!
repetition: 97637
>passed!
repetition: 97638
>passed!
repetition: 97639
>passed!
repetition: 97640
>passed!
repetition: 97641
>passed!
repetition: 97642
>passed!
repetition: 97643
>passed!
repetition: 97644
>passed!
repetition: 97645
>passed!
repetition: 97646
>passed!
repetition: 97647
>passed!
repetition: 97648
>passed!
repetition: 97649
>passed!
repetition: 97650
>passed!
repetition: 97651
>passed!
repetition: 97652
>passed!
repetition: 97653
>passed!
repetition: 97654
>passed!
repetition: 97655
>passed!
repetition: 97656
>passed!
repetition: 97657
>passed!
repetition: 97658
>passed!
repetition: 97659
>passed!
repetition: 97660
>passed!
repetition: 97661
>passed!
repetition: 97662
>passed!
repetition: 97663
>passed!
repetition: 97664
>passed!
repetition: 97665
>passed!
repetition: 97666
>passed!
repetition: 97667
>passed!
repetition: 97668
>passed!
repetition: 97669
>passed!
repetition: 97670
>passed!
repetition: 97671
>passed!
repetition: 97672
>passed!
repetition: 97673
>passed!
repetition: 97674
>passed!
repetition: 97675
>passed!
repetition: 97676
>passed!
repetition: 97677
>passed!
repetition: 97678
>passed!
repetition: 97679
>passed!
repetition: 97680
>passed!
repetition: 97681
>passed!
repetition: 97682
>passed!
repetition: 97683
>passed!
repetition: 97684
>passed!
repetition: 97685
>passed!
repetition: 97686
>passed!
repetition: 97687
>passed!
repetition: 97688
>passed!
repetition: 97689
>passed!
repetition: 97690
>passed!
repetition: 97691
>passed!
repetition: 97692
>passed!
repetition: 97693
>passed!
repetition: 97694
>passed!
repetition: 97695
>passed!
repetition: 97696
>passed!
repetition: 97697
>passed!
repetition: 97698
>passed!
repetition: 97699
>passed!
repetition: 97700
>passed!
repetition: 97701
>passed!
repetition: 97702
>passed!
repetition: 97703
>passed!
repetition: 97704
>passed!
repetition: 97705
>passed!
repetition: 97706
>passed!
repetition: 97707
>passed!
repetition: 97708
>passed!
repetition: 97709
>passed!
repetition: 97710
>passed!
repetition: 97711
>passed!
repetition: 97712
>passed!
repetition: 97713
>passed!
repetition: 97714
>passed!
repetition: 97715
>passed!
repetition: 97716
>passed!
repetition: 97717
>passed!
repetition: 97718
>passed!
repetition: 97719
>passed!
repetition: 97720
>passed!
repetition: 97721
>passed!
repetition: 97722
>passed!
repetition: 97723
>passed!
repetition: 97724
>passed!
repetition: 97725
>passed!
repetition: 97726
>passed!
repetition: 97727
>passed!
repetition: 97728
>passed!
repetition: 97729
>passed!
repetition: 97730
>passed!
repetition: 97731
>passed!
repetition: 97732
>passed!
repetition: 97733
>passed!
repetition: 97734
>passed!
repetition: 97735
>passed!
repetition: 97736
>passed!
repetition: 97737
>passed!
repetition: 97738
>passed!
repetition: 97739
>passed!
repetition: 97740
>passed!
repetition: 97741
>passed!
repetition: 97742
>passed!
repetition: 97743
>passed!
repetition: 97744
>passed!
repetition: 97745
>passed!
repetition: 97746
>passed!
repetition: 97747
>passed!
repetition: 97748
>passed!
repetition: 97749
>passed!
repetition: 97750
>passed!
repetition: 97751
>passed!
repetition: 97752
>passed!
repetition: 97753
>passed!
repetition: 97754
>passed!
repetition: 97755
>passed!
repetition: 97756
>passed!
repetition: 97757
>passed!
repetition: 97758
>passed!
repetition: 97759
>passed!
repetition: 97760
>passed!
repetition: 97761
>passed!
repetition: 97762
>passed!
repetition: 97763
>passed!
repetition: 97764
>passed!
repetition: 97765
>passed!
repetition: 97766
>passed!
repetition: 97767
>passed!
repetition: 97768
>passed!
repetition: 97769
>passed!
repetition: 97770
>passed!
repetition: 97771
>passed!
repetition: 97772
>passed!
repetition: 97773
>passed!
repetition: 97774
>passed!
repetition: 97775
>passed!
repetition: 97776
>passed!
repetition: 97777
>passed!
repetition: 97778
>passed!
repetition: 97779
>passed!
repetition: 97780
>passed!
repetition: 97781
>passed!
repetition: 97782
>passed!
repetition: 97783
>passed!
repetition: 97784
>passed!
repetition: 97785
>passed!
repetition: 97786
>passed!
repetition: 97787
>passed!
repetition: 97788
>passed!
repetition: 97789
>passed!
repetition: 97790
>passed!
repetition: 97791
>passed!
repetition: 97792
>passed!
repetition: 97793
>passed!
repetition: 97794
>passed!
repetition: 97795
>passed!
repetition: 97796
>passed!
repetition: 97797
>passed!
repetition: 97798
>passed!
repetition: 97799
>passed!
repetition: 97800
>passed!
repetition: 97801
>passed!
repetition: 97802
>passed!
repetition: 97803
>passed!
repetition: 97804
>passed!
repetition: 97805
>passed!
repetition: 97806
>passed!
repetition: 97807
>passed!
repetition: 97808
>passed!
repetition: 97809
>passed!
repetition: 97810
>passed!
repetition: 97811
>passed!
repetition: 97812
>passed!
repetition: 97813
>passed!
repetition: 97814
>passed!
repetition: 97815
>passed!
repetition: 97816
>passed!
repetition: 97817
>passed!
repetition: 97818
>passed!
repetition: 97819
>passed!
repetition: 97820
>passed!
repetition: 97821
>passed!
repetition: 97822
>passed!
repetition: 97823
>passed!
repetition: 97824
>passed!
repetition: 97825
>passed!
repetition: 97826
>passed!
repetition: 97827
>passed!
repetition: 97828
>passed!
repetition: 97829
>passed!
repetition: 97830
>passed!
repetition: 97831
>passed!
repetition: 97832
>passed!
repetition: 97833
>passed!
repetition: 97834
>passed!
repetition: 97835
>passed!
repetition: 97836
>passed!
repetition: 97837
>passed!
repetition: 97838
>passed!
repetition: 97839
>passed!
repetition: 97840
>passed!
repetition: 97841
>passed!
repetition: 97842
>passed!
repetition: 97843
>passed!
repetition: 97844
>passed!
repetition: 97845
>passed!
repetition: 97846
>passed!
repetition: 97847
>passed!
repetition: 97848
>passed!
repetition: 97849
>passed!
repetition: 97850
>passed!
repetition: 97851
>passed!
repetition: 97852
>passed!
repetition: 97853
>passed!
repetition: 97854
>passed!
repetition: 97855
>passed!
repetition: 97856
>passed!
repetition: 97857
>passed!
repetition: 97858
>passed!
repetition: 97859
>passed!
repetition: 97860
>passed!
repetition: 97861
>passed!
repetition: 97862
>passed!
repetition: 97863
>passed!
repetition: 97864
>passed!
repetition: 97865
>passed!
repetition: 97866
>passed!
repetition: 97867
>passed!
repetition: 97868
>passed!
repetition: 97869
>passed!
repetition: 97870
>passed!
repetition: 97871
>passed!
repetition: 97872
>passed!
repetition: 97873
>passed!
repetition: 97874
>passed!
repetition: 97875
>passed!
repetition: 97876
>passed!
repetition: 97877
>passed!
repetition: 97878
>passed!
repetition: 97879
>passed!
repetition: 97880
>passed!
repetition: 97881
>passed!
repetition: 97882
>passed!
repetition: 97883
>passed!
repetition: 97884
>passed!
repetition: 97885
>passed!
repetition: 97886
>passed!
repetition: 97887
>passed!
repetition: 97888
>passed!
repetition: 97889
>passed!
repetition: 97890
>passed!
repetition: 97891
>passed!
repetition: 97892
>passed!
repetition: 97893
>passed!
repetition: 97894
>passed!
repetition: 97895
>passed!
repetition: 97896
>passed!
repetition: 97897
>passed!
repetition: 97898
>passed!
repetition: 97899
>passed!
repetition: 97900
>passed!
repetition: 97901
>passed!
repetition: 97902
>passed!
repetition: 97903
>passed!
repetition: 97904
>passed!
repetition: 97905
>passed!
repetition: 97906
>passed!
repetition: 97907
>passed!
repetition: 97908
>passed!
repetition: 97909
>passed!
repetition: 97910
>passed!
repetition: 97911
>passed!
repetition: 97912
>passed!
repetition: 97913
>passed!
repetition: 97914
>passed!
repetition: 97915
>passed!
repetition: 97916
>passed!
repetition: 97917
>passed!
repetition: 97918
>passed!
repetition: 97919
>passed!
repetition: 97920
>passed!
repetition: 97921
>passed!
repetition: 97922
>passed!
repetition: 97923
>passed!
repetition: 97924
>passed!
repetition: 97925
>passed!
repetition: 97926
>passed!
repetition: 97927
>passed!
repetition: 97928
>passed!
repetition: 97929
>passed!
repetition: 97930
>passed!
repetition: 97931
>passed!
repetition: 97932
>passed!
repetition: 97933
>passed!
repetition: 97934
>passed!
repetition: 97935
>passed!
repetition: 97936
>passed!
repetition: 97937
>passed!
repetition: 97938
>passed!
repetition: 97939
>passed!
repetition: 97940
>passed!
repetition: 97941
>passed!
repetition: 97942
>passed!
repetition: 97943
>passed!
repetition: 97944
>passed!
repetition: 97945
>passed!
repetition: 97946
>passed!
repetition: 97947
>passed!
repetition: 97948
>passed!
repetition: 97949
>passed!
repetition: 97950
>passed!
repetition: 97951
>passed!
repetition: 97952
>passed!
repetition: 97953
>passed!
repetition: 97954
>passed!
repetition: 97955
>passed!
repetition: 97956
>passed!
repetition: 97957
>passed!
repetition: 97958
>passed!
repetition: 97959
>passed!
repetition: 97960
>passed!
repetition: 97961
>passed!
repetition: 97962
>passed!
repetition: 97963
>passed!
repetition: 97964
>passed!
repetition: 97965
>passed!
repetition: 97966
>passed!
repetition: 97967
>passed!
repetition: 97968
>passed!
repetition: 97969
>passed!
repetition: 97970
>passed!
repetition: 97971
>passed!
repetition: 97972
>passed!
repetition: 97973
>passed!
repetition: 97974
>passed!
repetition: 97975
>passed!
repetition: 97976
>passed!
repetition: 97977
>passed!
repetition: 97978
>passed!
repetition: 97979
>passed!
repetition: 97980
>passed!
repetition: 97981
>passed!
repetition: 97982
>passed!
repetition: 97983
>passed!
repetition: 97984
>passed!
repetition: 97985
>passed!
repetition: 97986
>passed!
repetition: 97987
>passed!
repetition: 97988
>passed!
repetition: 97989
>passed!
repetition: 97990
>passed!
repetition: 97991
>passed!
repetition: 97992
>passed!
repetition: 97993
>passed!
repetition: 97994
>passed!
repetition: 97995
>passed!
repetition: 97996
>passed!
repetition: 97997
>passed!
repetition: 97998
>passed!
repetition: 97999
>passed!
repetition: 98000
>passed!
repetition: 98001
>passed!
repetition: 98002
>passed!
repetition: 98003
>passed!
repetition: 98004
>passed!
repetition: 98005
>passed!
repetition: 98006
>passed!
repetition: 98007
>passed!
repetition: 98008
>passed!
repetition: 98009
>passed!
repetition: 98010
>passed!
repetition: 98011
>passed!
repetition: 98012
>passed!
repetition: 98013
>passed!
repetition: 98014
>passed!
repetition: 98015
>passed!
repetition: 98016
>passed!
repetition: 98017
>passed!
repetition: 98018
>passed!
repetition: 98019
>passed!
repetition: 98020
>passed!
repetition: 98021
>passed!
repetition: 98022
>passed!
repetition: 98023
>passed!
repetition: 98024
>passed!
repetition: 98025
>passed!
repetition: 98026
>passed!
repetition: 98027
>passed!
repetition: 98028
>passed!
repetition: 98029
>passed!
repetition: 98030
>passed!
repetition: 98031
>passed!
repetition: 98032
>passed!
repetition: 98033
>passed!
repetition: 98034
>passed!
repetition: 98035
>passed!
repetition: 98036
>passed!
repetition: 98037
>passed!
repetition: 98038
>passed!
repetition: 98039
>passed!
repetition: 98040
>passed!
repetition: 98041
>passed!
repetition: 98042
>passed!
repetition: 98043
>passed!
repetition: 98044
>passed!
repetition: 98045
>passed!
repetition: 98046
>passed!
repetition: 98047
>passed!
repetition: 98048
>passed!
repetition: 98049
>passed!
repetition: 98050
>passed!
repetition: 98051
>passed!
repetition: 98052
>passed!
repetition: 98053
>passed!
repetition: 98054
>passed!
repetition: 98055
>passed!
repetition: 98056
>passed!
repetition: 98057
>passed!
repetition: 98058
>passed!
repetition: 98059
>passed!
repetition: 98060
>passed!
repetition: 98061
>passed!
repetition: 98062
>passed!
repetition: 98063
>passed!
repetition: 98064
>passed!
repetition: 98065
>passed!
repetition: 98066
>passed!
repetition: 98067
>passed!
repetition: 98068
>passed!
repetition: 98069
>passed!
repetition: 98070
>passed!
repetition: 98071
>passed!
repetition: 98072
>passed!
repetition: 98073
>passed!
repetition: 98074
>passed!
repetition: 98075
>passed!
repetition: 98076
>passed!
repetition: 98077
>passed!
repetition: 98078
>passed!
repetition: 98079
>passed!
repetition: 98080
>passed!
repetition: 98081
>passed!
repetition: 98082
>passed!
repetition: 98083
>passed!
repetition: 98084
>passed!
repetition: 98085
>passed!
repetition: 98086
>passed!
repetition: 98087
>passed!
repetition: 98088
>passed!
repetition: 98089
>passed!
repetition: 98090
>passed!
repetition: 98091
>passed!
repetition: 98092
>passed!
repetition: 98093
>passed!
repetition: 98094
>passed!
repetition: 98095
>passed!
repetition: 98096
>passed!
repetition: 98097
>passed!
repetition: 98098
>passed!
repetition: 98099
>passed!
repetition: 98100
>passed!
repetition: 98101
>passed!
repetition: 98102
>passed!
repetition: 98103
>passed!
repetition: 98104
>passed!
repetition: 98105
>passed!
repetition: 98106
>passed!
repetition: 98107
>passed!
repetition: 98108
>passed!
repetition: 98109
>passed!
repetition: 98110
>passed!
repetition: 98111
>passed!
repetition: 98112
>passed!
repetition: 98113
>passed!
repetition: 98114
>passed!
repetition: 98115
>passed!
repetition: 98116
>passed!
repetition: 98117
>passed!
repetition: 98118
>passed!
repetition: 98119
>passed!
repetition: 98120
>passed!
repetition: 98121
>passed!
repetition: 98122
>passed!
repetition: 98123
>passed!
repetition: 98124
>passed!
repetition: 98125
>passed!
repetition: 98126
>passed!
repetition: 98127
>passed!
repetition: 98128
>passed!
repetition: 98129
>passed!
repetition: 98130
>passed!
repetition: 98131
>passed!
repetition: 98132
>passed!
repetition: 98133
>passed!
repetition: 98134
>passed!
repetition: 98135
>passed!
repetition: 98136
>passed!
repetition: 98137
>passed!
repetition: 98138
>passed!
repetition: 98139
>passed!
repetition: 98140
>passed!
repetition: 98141
>passed!
repetition: 98142
>passed!
repetition: 98143
>passed!
repetition: 98144
>passed!
repetition: 98145
>passed!
repetition: 98146
>passed!
repetition: 98147
>passed!
repetition: 98148
>passed!
repetition: 98149
>passed!
repetition: 98150
>passed!
repetition: 98151
>passed!
repetition: 98152
>passed!
repetition: 98153
>passed!
repetition: 98154
>passed!
repetition: 98155
>passed!
repetition: 98156
>passed!
repetition: 98157
>passed!
repetition: 98158
>passed!
repetition: 98159
>passed!
repetition: 98160
>passed!
repetition: 98161
>passed!
repetition: 98162
>passed!
repetition: 98163
>passed!
repetition: 98164
>passed!
repetition: 98165
>passed!
repetition: 98166
>passed!
repetition: 98167
>passed!
repetition: 98168
>passed!
repetition: 98169
>passed!
repetition: 98170
>passed!
repetition: 98171
>passed!
repetition: 98172
>passed!
repetition: 98173
>passed!
repetition: 98174
>passed!
repetition: 98175
>passed!
repetition: 98176
>passed!
repetition: 98177
>passed!
repetition: 98178
>passed!
repetition: 98179
>passed!
repetition: 98180
>passed!
repetition: 98181
>passed!
repetition: 98182
>passed!
repetition: 98183
>passed!
repetition: 98184
>passed!
repetition: 98185
>passed!
repetition: 98186
>passed!
repetition: 98187
>passed!
repetition: 98188
>passed!
repetition: 98189
>passed!
repetition: 98190
>passed!
repetition: 98191
>passed!
repetition: 98192
>passed!
repetition: 98193
>passed!
repetition: 98194
>passed!
repetition: 98195
>passed!
repetition: 98196
>passed!
repetition: 98197
>passed!
repetition: 98198
>passed!
repetition: 98199
>passed!
repetition: 98200
>passed!
repetition: 98201
>passed!
repetition: 98202
>passed!
repetition: 98203
>passed!
repetition: 98204
>passed!
repetition: 98205
>passed!
repetition: 98206
>passed!
repetition: 98207
>passed!
repetition: 98208
>passed!
repetition: 98209
>passed!
repetition: 98210
>passed!
repetition: 98211
>passed!
repetition: 98212
>passed!
repetition: 98213
>passed!
repetition: 98214
>passed!
repetition: 98215
>passed!
repetition: 98216
>passed!
repetition: 98217
>passed!
repetition: 98218
>passed!
repetition: 98219
>passed!
repetition: 98220
>passed!
repetition: 98221
>passed!
repetition: 98222
>passed!
repetition: 98223
>passed!
repetition: 98224
>passed!
repetition: 98225
>passed!
repetition: 98226
>passed!
repetition: 98227
>passed!
repetition: 98228
>passed!
repetition: 98229
>passed!
repetition: 98230
>passed!
repetition: 98231
>passed!
repetition: 98232
>passed!
repetition: 98233
>passed!
repetition: 98234
>passed!
repetition: 98235
>passed!
repetition: 98236
>passed!
repetition: 98237
>passed!
repetition: 98238
>passed!
repetition: 98239
>passed!
repetition: 98240
>passed!
repetition: 98241
>passed!
repetition: 98242
>passed!
repetition: 98243
>passed!
repetition: 98244
>passed!
repetition: 98245
>passed!
repetition: 98246
>passed!
repetition: 98247
>passed!
repetition: 98248
>passed!
repetition: 98249
>passed!
repetition: 98250
>passed!
repetition: 98251
>passed!
repetition: 98252
>passed!
repetition: 98253
>passed!
repetition: 98254
>passed!
repetition: 98255
>passed!
repetition: 98256
>passed!
repetition: 98257
>passed!
repetition: 98258
>passed!
repetition: 98259
>passed!
repetition: 98260
>passed!
repetition: 98261
>passed!
repetition: 98262
>passed!
repetition: 98263
>passed!
repetition: 98264
>passed!
repetition: 98265
>passed!
repetition: 98266
>passed!
repetition: 98267
>passed!
repetition: 98268
>passed!
repetition: 98269
>passed!
repetition: 98270
>passed!
repetition: 98271
>passed!
repetition: 98272
>passed!
repetition: 98273
>passed!
repetition: 98274
>passed!
repetition: 98275
>passed!
repetition: 98276
>passed!
repetition: 98277
>passed!
repetition: 98278
>passed!
repetition: 98279
>passed!
repetition: 98280
>passed!
repetition: 98281
>passed!
repetition: 98282
>passed!
repetition: 98283
>passed!
repetition: 98284
>passed!
repetition: 98285
>passed!
repetition: 98286
>passed!
repetition: 98287
>passed!
repetition: 98288
>passed!
repetition: 98289
>passed!
repetition: 98290
>passed!
repetition: 98291
>passed!
repetition: 98292
>passed!
repetition: 98293
>passed!
repetition: 98294
>passed!
repetition: 98295
>passed!
repetition: 98296
>passed!
repetition: 98297
>passed!
repetition: 98298
>passed!
repetition: 98299
>passed!
repetition: 98300
>passed!
repetition: 98301
>passed!
repetition: 98302
>passed!
repetition: 98303
>passed!
repetition: 98304
>passed!
repetition: 98305
>passed!
repetition: 98306
>passed!
repetition: 98307
>passed!
repetition: 98308
>passed!
repetition: 98309
>passed!
repetition: 98310
>passed!
repetition: 98311
>passed!
repetition: 98312
>passed!
repetition: 98313
>passed!
repetition: 98314
>passed!
repetition: 98315
>passed!
repetition: 98316
>passed!
repetition: 98317
>passed!
repetition: 98318
>passed!
repetition: 98319
>passed!
repetition: 98320
>passed!
repetition: 98321
>passed!
repetition: 98322
>passed!
repetition: 98323
>passed!
repetition: 98324
>passed!
repetition: 98325
>passed!
repetition: 98326
>passed!
repetition: 98327
>passed!
repetition: 98328
>passed!
repetition: 98329
>passed!
repetition: 98330
>passed!
repetition: 98331
>passed!
repetition: 98332
>passed!
repetition: 98333
>passed!
repetition: 98334
>passed!
repetition: 98335
>passed!
repetition: 98336
>passed!
repetition: 98337
>passed!
repetition: 98338
>passed!
repetition: 98339
>passed!
repetition: 98340
>passed!
repetition: 98341
>passed!
repetition: 98342
>passed!
repetition: 98343
>passed!
repetition: 98344
>passed!
repetition: 98345
>passed!
repetition: 98346
>passed!
repetition: 98347
>passed!
repetition: 98348
>passed!
repetition: 98349
>passed!
repetition: 98350
>passed!
repetition: 98351
>passed!
repetition: 98352
>passed!
repetition: 98353
>passed!
repetition: 98354
>passed!
repetition: 98355
>passed!
repetition: 98356
>passed!
repetition: 98357
>passed!
repetition: 98358
>passed!
repetition: 98359
>passed!
repetition: 98360
>passed!
repetition: 98361
>passed!
repetition: 98362
>passed!
repetition: 98363
>passed!
repetition: 98364
>passed!
repetition: 98365
>passed!
repetition: 98366
>passed!
repetition: 98367
>passed!
repetition: 98368
>passed!
repetition: 98369
>passed!
repetition: 98370
>passed!
repetition: 98371
>passed!
repetition: 98372
>passed!
repetition: 98373
>passed!
repetition: 98374
>passed!
repetition: 98375
>passed!
repetition: 98376
>passed!
repetition: 98377
>passed!
repetition: 98378
>passed!
repetition: 98379
>passed!
repetition: 98380
>passed!
repetition: 98381
>passed!
repetition: 98382
>passed!
repetition: 98383
>passed!
repetition: 98384
>passed!
repetition: 98385
>passed!
repetition: 98386
>passed!
repetition: 98387
>passed!
repetition: 98388
>passed!
repetition: 98389
>passed!
repetition: 98390
>passed!
repetition: 98391
>passed!
repetition: 98392
>passed!
repetition: 98393
>passed!
repetition: 98394
>passed!
repetition: 98395
>passed!
repetition: 98396
>passed!
repetition: 98397
>passed!
repetition: 98398
>passed!
repetition: 98399
>passed!
repetition: 98400
>passed!
repetition: 98401
>passed!
repetition: 98402
>passed!
repetition: 98403
>passed!
repetition: 98404
>passed!
repetition: 98405
>passed!
repetition: 98406
>passed!
repetition: 98407
>passed!
repetition: 98408
>passed!
repetition: 98409
>passed!
repetition: 98410
>passed!
repetition: 98411
>passed!
repetition: 98412
>passed!
repetition: 98413
>passed!
repetition: 98414
>passed!
repetition: 98415
>passed!
repetition: 98416
>passed!
repetition: 98417
>passed!
repetition: 98418
>passed!
repetition: 98419
>passed!
repetition: 98420
>passed!
repetition: 98421
>passed!
repetition: 98422
>passed!
repetition: 98423
>passed!
repetition: 98424
>passed!
repetition: 98425
>passed!
repetition: 98426
>passed!
repetition: 98427
>passed!
repetition: 98428
>passed!
repetition: 98429
>passed!
repetition: 98430
>passed!
repetition: 98431
>passed!
repetition: 98432
>passed!
repetition: 98433
>passed!
repetition: 98434
>passed!
repetition: 98435
>passed!
repetition: 98436
>passed!
repetition: 98437
>passed!
repetition: 98438
>passed!
repetition: 98439
>passed!
repetition: 98440
>passed!
repetition: 98441
>passed!
repetition: 98442
>passed!
repetition: 98443
>passed!
repetition: 98444
>passed!
repetition: 98445
>passed!
repetition: 98446
>passed!
repetition: 98447
>passed!
repetition: 98448
>passed!
repetition: 98449
>passed!
repetition: 98450
>passed!
repetition: 98451
>passed!
repetition: 98452
>passed!
repetition: 98453
>passed!
repetition: 98454
>passed!
repetition: 98455
>passed!
repetition: 98456
>passed!
repetition: 98457
>passed!
repetition: 98458
>passed!
repetition: 98459
>passed!
repetition: 98460
>passed!
repetition: 98461
>passed!
repetition: 98462
>passed!
repetition: 98463
>passed!
repetition: 98464
>passed!
repetition: 98465
>passed!
repetition: 98466
>passed!
repetition: 98467
>passed!
repetition: 98468
>passed!
repetition: 98469
>passed!
repetition: 98470
>passed!
repetition: 98471
>passed!
repetition: 98472
>passed!
repetition: 98473
>passed!
repetition: 98474
>passed!
repetition: 98475
>passed!
repetition: 98476
>passed!
repetition: 98477
>passed!
repetition: 98478
>passed!
repetition: 98479
>passed!
repetition: 98480
>passed!
repetition: 98481
>passed!
repetition: 98482
>passed!
repetition: 98483
>passed!
repetition: 98484
>passed!
repetition: 98485
>passed!
repetition: 98486
>passed!
repetition: 98487
>passed!
repetition: 98488
>passed!
repetition: 98489
>passed!
repetition: 98490
>passed!
repetition: 98491
>passed!
repetition: 98492
>passed!
repetition: 98493
>passed!
repetition: 98494
>passed!
repetition: 98495
>passed!
repetition: 98496
>passed!
repetition: 98497
>passed!
repetition: 98498
>passed!
repetition: 98499
>passed!
repetition: 98500
>passed!
repetition: 98501
>passed!
repetition: 98502
>passed!
repetition: 98503
>passed!
repetition: 98504
>passed!
repetition: 98505
>passed!
repetition: 98506
>passed!
repetition: 98507
>passed!
repetition: 98508
>passed!
repetition: 98509
>passed!
repetition: 98510
>passed!
repetition: 98511
>passed!
repetition: 98512
>passed!
repetition: 98513
>passed!
repetition: 98514
>passed!
repetition: 98515
>passed!
repetition: 98516
>passed!
repetition: 98517
>passed!
repetition: 98518
>passed!
repetition: 98519
>passed!
repetition: 98520
>passed!
repetition: 98521
>passed!
repetition: 98522
>passed!
repetition: 98523
>passed!
repetition: 98524
>passed!
repetition: 98525
>passed!
repetition: 98526
>passed!
repetition: 98527
>passed!
repetition: 98528
>passed!
repetition: 98529
>passed!
repetition: 98530
>passed!
repetition: 98531
>passed!
repetition: 98532
>passed!
repetition: 98533
>passed!
repetition: 98534
>passed!
repetition: 98535
>passed!
repetition: 98536
>passed!
repetition: 98537
>passed!
repetition: 98538
>passed!
repetition: 98539
>passed!
repetition: 98540
>passed!
repetition: 98541
>passed!
repetition: 98542
>passed!
repetition: 98543
>passed!
repetition: 98544
>passed!
repetition: 98545
>passed!
repetition: 98546
>passed!
repetition: 98547
>passed!
repetition: 98548
>passed!
repetition: 98549
>passed!
repetition: 98550
>passed!
repetition: 98551
>passed!
repetition: 98552
>passed!
repetition: 98553
>passed!
repetition: 98554
>passed!
repetition: 98555
>passed!
repetition: 98556
>passed!
repetition: 98557
>passed!
repetition: 98558
>passed!
repetition: 98559
>passed!
repetition: 98560
>passed!
repetition: 98561
>passed!
repetition: 98562
>passed!
repetition: 98563
>passed!
repetition: 98564
>passed!
repetition: 98565
>passed!
repetition: 98566
>passed!
repetition: 98567
>passed!
repetition: 98568
>passed!
repetition: 98569
>passed!
repetition: 98570
>passed!
repetition: 98571
>passed!
repetition: 98572
>passed!
repetition: 98573
>passed!
repetition: 98574
>passed!
repetition: 98575
>passed!
repetition: 98576
>passed!
repetition: 98577
>passed!
repetition: 98578
>passed!
repetition: 98579
>passed!
repetition: 98580
>passed!
repetition: 98581
>passed!
repetition: 98582
>passed!
repetition: 98583
>passed!
repetition: 98584
>passed!
repetition: 98585
>passed!
repetition: 98586
>passed!
repetition: 98587
>passed!
repetition: 98588
>passed!
repetition: 98589
>passed!
repetition: 98590
>passed!
repetition: 98591
>passed!
repetition: 98592
>passed!
repetition: 98593
>passed!
repetition: 98594
>passed!
repetition: 98595
>passed!
repetition: 98596
>passed!
repetition: 98597
>passed!
repetition: 98598
>passed!
repetition: 98599
>passed!
repetition: 98600
>passed!
repetition: 98601
>passed!
repetition: 98602
>passed!
repetition: 98603
>passed!
repetition: 98604
>passed!
repetition: 98605
>passed!
repetition: 98606
>passed!
repetition: 98607
>passed!
repetition: 98608
>passed!
repetition: 98609
>passed!
repetition: 98610
>passed!
repetition: 98611
>passed!
repetition: 98612
>passed!
repetition: 98613
>passed!
repetition: 98614
>passed!
repetition: 98615
>passed!
repetition: 98616
>passed!
repetition: 98617
>passed!
repetition: 98618
>passed!
repetition: 98619
>passed!
repetition: 98620
>passed!
repetition: 98621
>passed!
repetition: 98622
>passed!
repetition: 98623
>passed!
repetition: 98624
>passed!
repetition: 98625
>passed!
repetition: 98626
>passed!
repetition: 98627
>passed!
repetition: 98628
>passed!
repetition: 98629
>passed!
repetition: 98630
>passed!
repetition: 98631
>passed!
repetition: 98632
>passed!
repetition: 98633
>passed!
repetition: 98634
>passed!
repetition: 98635
>passed!
repetition: 98636
>passed!
repetition: 98637
>passed!
repetition: 98638
>passed!
repetition: 98639
>passed!
repetition: 98640
>passed!
repetition: 98641
>passed!
repetition: 98642
>passed!
repetition: 98643
>passed!
repetition: 98644
>passed!
repetition: 98645
>passed!
repetition: 98646
>passed!
repetition: 98647
>passed!
repetition: 98648
>passed!
repetition: 98649
>passed!
repetition: 98650
>passed!
repetition: 98651
>passed!
repetition: 98652
>passed!
repetition: 98653
>passed!
repetition: 98654
>passed!
repetition: 98655
>passed!
repetition: 98656
>passed!
repetition: 98657
>passed!
repetition: 98658
>passed!
repetition: 98659
>passed!
repetition: 98660
>passed!
repetition: 98661
>passed!
repetition: 98662
>passed!
repetition: 98663
>passed!
repetition: 98664
>passed!
repetition: 98665
>passed!
repetition: 98666
>passed!
repetition: 98667
>passed!
repetition: 98668
>passed!
repetition: 98669
>passed!
repetition: 98670
>passed!
repetition: 98671
>passed!
repetition: 98672
>passed!
repetition: 98673
>passed!
repetition: 98674
>passed!
repetition: 98675
>passed!
repetition: 98676
>passed!
repetition: 98677
>passed!
repetition: 98678
>passed!
repetition: 98679
>passed!
repetition: 98680
>passed!
repetition: 98681
>passed!
repetition: 98682
>passed!
repetition: 98683
>passed!
repetition: 98684
>passed!
repetition: 98685
>passed!
repetition: 98686
>passed!
repetition: 98687
>passed!
repetition: 98688
>passed!
repetition: 98689
>passed!
repetition: 98690
>passed!
repetition: 98691
>passed!
repetition: 98692
>passed!
repetition: 98693
>passed!
repetition: 98694
>passed!
repetition: 98695
>passed!
repetition: 98696
>passed!
repetition: 98697
>passed!
repetition: 98698
>passed!
repetition: 98699
>passed!
repetition: 98700
>passed!
repetition: 98701
>passed!
repetition: 98702
>passed!
repetition: 98703
>passed!
repetition: 98704
>passed!
repetition: 98705
>passed!
repetition: 98706
>passed!
repetition: 98707
>passed!
repetition: 98708
>passed!
repetition: 98709
>passed!
repetition: 98710
>passed!
repetition: 98711
>passed!
repetition: 98712
>passed!
repetition: 98713
>passed!
repetition: 98714
>passed!
repetition: 98715
>passed!
repetition: 98716
>passed!
repetition: 98717
>passed!
repetition: 98718
>passed!
repetition: 98719
>passed!
repetition: 98720
>passed!
repetition: 98721
>passed!
repetition: 98722
>passed!
repetition: 98723
>passed!
repetition: 98724
>passed!
repetition: 98725
>passed!
repetition: 98726
>passed!
repetition: 98727
>passed!
repetition: 98728
>passed!
repetition: 98729
>passed!
repetition: 98730
>passed!
repetition: 98731
>passed!
repetition: 98732
>passed!
repetition: 98733
>passed!
repetition: 98734
>passed!
repetition: 98735
>passed!
repetition: 98736
>passed!
repetition: 98737
>passed!
repetition: 98738
>passed!
repetition: 98739
>passed!
repetition: 98740
>passed!
repetition: 98741
>passed!
repetition: 98742
>passed!
repetition: 98743
>passed!
repetition: 98744
>passed!
repetition: 98745
>passed!
repetition: 98746
>passed!
repetition: 98747
>passed!
repetition: 98748
>passed!
repetition: 98749
>passed!
repetition: 98750
>passed!
repetition: 98751
>passed!
repetition: 98752
>passed!
repetition: 98753
>passed!
repetition: 98754
>passed!
repetition: 98755
>passed!
repetition: 98756
>passed!
repetition: 98757
>passed!
repetition: 98758
>passed!
repetition: 98759
>passed!
repetition: 98760
>passed!
repetition: 98761
>passed!
repetition: 98762
>passed!
repetition: 98763
>passed!
repetition: 98764
>passed!
repetition: 98765
>passed!
repetition: 98766
>passed!
repetition: 98767
>passed!
repetition: 98768
>passed!
repetition: 98769
>passed!
repetition: 98770
>passed!
repetition: 98771
>passed!
repetition: 98772
>passed!
repetition: 98773
>passed!
repetition: 98774
>passed!
repetition: 98775
>passed!
repetition: 98776
>passed!
repetition: 98777
>passed!
repetition: 98778
>passed!
repetition: 98779
>passed!
repetition: 98780
>passed!
repetition: 98781
>passed!
repetition: 98782
>passed!
repetition: 98783
>passed!
repetition: 98784
>passed!
repetition: 98785
>passed!
repetition: 98786
>passed!
repetition: 98787
>passed!
repetition: 98788
>passed!
repetition: 98789
>passed!
repetition: 98790
>passed!
repetition: 98791
>passed!
repetition: 98792
>passed!
repetition: 98793
>passed!
repetition: 98794
>passed!
repetition: 98795
>passed!
repetition: 98796
>passed!
repetition: 98797
>passed!
repetition: 98798
>passed!
repetition: 98799
>passed!
repetition: 98800
>passed!
repetition: 98801
>passed!
repetition: 98802
>passed!
repetition: 98803
>passed!
repetition: 98804
>passed!
repetition: 98805
>passed!
repetition: 98806
>passed!
repetition: 98807
>passed!
repetition: 98808
>passed!
repetition: 98809
>passed!
repetition: 98810
>passed!
repetition: 98811
>passed!
repetition: 98812
>passed!
repetition: 98813
>passed!
repetition: 98814
>passed!
repetition: 98815
>passed!
repetition: 98816
>passed!
repetition: 98817
>passed!
repetition: 98818
>passed!
repetition: 98819
>passed!
repetition: 98820
>passed!
repetition: 98821
>passed!
repetition: 98822
>passed!
repetition: 98823
>passed!
repetition: 98824
>passed!
repetition: 98825
>passed!
repetition: 98826
>passed!
repetition: 98827
>passed!
repetition: 98828
>passed!
repetition: 98829
>passed!
repetition: 98830
>passed!
repetition: 98831
>passed!
repetition: 98832
>passed!
repetition: 98833
>passed!
repetition: 98834
>passed!
repetition: 98835
>passed!
repetition: 98836
>passed!
repetition: 98837
>passed!
repetition: 98838
>passed!
repetition: 98839
>passed!
repetition: 98840
>passed!
repetition: 98841
>passed!
repetition: 98842
>passed!
repetition: 98843
>passed!
repetition: 98844
>passed!
repetition: 98845
>passed!
repetition: 98846
>passed!
repetition: 98847
>passed!
repetition: 98848
>passed!
repetition: 98849
>passed!
repetition: 98850
>passed!
repetition: 98851
>passed!
repetition: 98852
>passed!
repetition: 98853
>passed!
repetition: 98854
>passed!
repetition: 98855
>passed!
repetition: 98856
>passed!
repetition: 98857
>passed!
repetition: 98858
>passed!
repetition: 98859
>passed!
repetition: 98860
>passed!
repetition: 98861
>passed!
repetition: 98862
>passed!
repetition: 98863
>passed!
repetition: 98864
>passed!
repetition: 98865
>passed!
repetition: 98866
>passed!
repetition: 98867
>passed!
repetition: 98868
>passed!
repetition: 98869
>passed!
repetition: 98870
>passed!
repetition: 98871
>passed!
repetition: 98872
>passed!
repetition: 98873
>passed!
repetition: 98874
>passed!
repetition: 98875
>passed!
repetition: 98876
>passed!
repetition: 98877
>passed!
repetition: 98878
>passed!
repetition: 98879
>passed!
repetition: 98880
>passed!
repetition: 98881
>passed!
repetition: 98882
>passed!
repetition: 98883
>passed!
repetition: 98884
>passed!
repetition: 98885
>passed!
repetition: 98886
>passed!
repetition: 98887
>passed!
repetition: 98888
>passed!
repetition: 98889
>passed!
repetition: 98890
>passed!
repetition: 98891
>passed!
repetition: 98892
>passed!
repetition: 98893
>passed!
repetition: 98894
>passed!
repetition: 98895
>passed!
repetition: 98896
>passed!
repetition: 98897
>passed!
repetition: 98898
>passed!
repetition: 98899
>passed!
repetition: 98900
>passed!
repetition: 98901
>passed!
repetition: 98902
>passed!
repetition: 98903
>passed!
repetition: 98904
>passed!
repetition: 98905
>passed!
repetition: 98906
>passed!
repetition: 98907
>passed!
repetition: 98908
>passed!
repetition: 98909
>passed!
repetition: 98910
>passed!
repetition: 98911
>passed!
repetition: 98912
>passed!
repetition: 98913
>passed!
repetition: 98914
>passed!
repetition: 98915
>passed!
repetition: 98916
>passed!
repetition: 98917
>passed!
repetition: 98918
>passed!
repetition: 98919
>passed!
repetition: 98920
>passed!
repetition: 98921
>passed!
repetition: 98922
>passed!
repetition: 98923
>passed!
repetition: 98924
>passed!
repetition: 98925
>passed!
repetition: 98926
>passed!
repetition: 98927
>passed!
repetition: 98928
>passed!
repetition: 98929
>passed!
repetition: 98930
>passed!
repetition: 98931
>passed!
repetition: 98932
>passed!
repetition: 98933
>passed!
repetition: 98934
>passed!
repetition: 98935
>passed!
repetition: 98936
>passed!
repetition: 98937
>passed!
repetition: 98938
>passed!
repetition: 98939
>passed!
repetition: 98940
>passed!
repetition: 98941
>passed!
repetition: 98942
>passed!
repetition: 98943
>passed!
repetition: 98944
>passed!
repetition: 98945
>passed!
repetition: 98946
>passed!
repetition: 98947
>passed!
repetition: 98948
>passed!
repetition: 98949
>passed!
repetition: 98950
>passed!
repetition: 98951
>passed!
repetition: 98952
>passed!
repetition: 98953
>passed!
repetition: 98954
>passed!
repetition: 98955
>passed!
repetition: 98956
>passed!
repetition: 98957
>passed!
repetition: 98958
>passed!
repetition: 98959
>passed!
repetition: 98960
>passed!
repetition: 98961
>passed!
repetition: 98962
>passed!
repetition: 98963
>passed!
repetition: 98964
>passed!
repetition: 98965
>passed!
repetition: 98966
>passed!
repetition: 98967
>passed!
repetition: 98968
>passed!
repetition: 98969
>passed!
repetition: 98970
>passed!
repetition: 98971
>passed!
repetition: 98972
>passed!
repetition: 98973
>passed!
repetition: 98974
>passed!
repetition: 98975
>passed!
repetition: 98976
>passed!
repetition: 98977
>passed!
repetition: 98978
>passed!
repetition: 98979
>passed!
repetition: 98980
>passed!
repetition: 98981
>passed!
repetition: 98982
>passed!
repetition: 98983
>passed!
repetition: 98984
>passed!
repetition: 98985
>passed!
repetition: 98986
>passed!
repetition: 98987
>passed!
repetition: 98988
>passed!
repetition: 98989
>passed!
repetition: 98990
>passed!
repetition: 98991
>passed!
repetition: 98992
>passed!
repetition: 98993
>passed!
repetition: 98994
>passed!
repetition: 98995
>passed!
repetition: 98996
>passed!
repetition: 98997
>passed!
repetition: 98998
>passed!
repetition: 98999
>passed!
repetition: 99000
>passed!
repetition: 99001
>passed!
repetition: 99002
>passed!
repetition: 99003
>passed!
repetition: 99004
>passed!
repetition: 99005
>passed!
repetition: 99006
>passed!
repetition: 99007
>passed!
repetition: 99008
>passed!
repetition: 99009
>passed!
repetition: 99010
>passed!
repetition: 99011
>passed!
repetition: 99012
>passed!
repetition: 99013
>passed!
repetition: 99014
>passed!
repetition: 99015
>passed!
repetition: 99016
>passed!
repetition: 99017
>passed!
repetition: 99018
>passed!
repetition: 99019
>passed!
repetition: 99020
>passed!
repetition: 99021
>passed!
repetition: 99022
>passed!
repetition: 99023
>passed!
repetition: 99024
>passed!
repetition: 99025
>passed!
repetition: 99026
>passed!
repetition: 99027
>passed!
repetition: 99028
>passed!
repetition: 99029
>passed!
repetition: 99030
>passed!
repetition: 99031
>passed!
repetition: 99032
>passed!
repetition: 99033
>passed!
repetition: 99034
>passed!
repetition: 99035
>passed!
repetition: 99036
>passed!
repetition: 99037
>passed!
repetition: 99038
>passed!
repetition: 99039
>passed!
repetition: 99040
>passed!
repetition: 99041
>passed!
repetition: 99042
>passed!
repetition: 99043
>passed!
repetition: 99044
>passed!
repetition: 99045
>passed!
repetition: 99046
>passed!
repetition: 99047
>passed!
repetition: 99048
>passed!
repetition: 99049
>passed!
repetition: 99050
>passed!
repetition: 99051
>passed!
repetition: 99052
>passed!
repetition: 99053
>passed!
repetition: 99054
>passed!
repetition: 99055
>passed!
repetition: 99056
>passed!
repetition: 99057
>passed!
repetition: 99058
>passed!
repetition: 99059
>passed!
repetition: 99060
>passed!
repetition: 99061
>passed!
repetition: 99062
>passed!
repetition: 99063
>passed!
repetition: 99064
>passed!
repetition: 99065
>passed!
repetition: 99066
>passed!
repetition: 99067
>passed!
repetition: 99068
>passed!
repetition: 99069
>passed!
repetition: 99070
>passed!
repetition: 99071
>passed!
repetition: 99072
>passed!
repetition: 99073
>passed!
repetition: 99074
>passed!
repetition: 99075
>passed!
repetition: 99076
>passed!
repetition: 99077
>passed!
repetition: 99078
>passed!
repetition: 99079
>passed!
repetition: 99080
>passed!
repetition: 99081
>passed!
repetition: 99082
>passed!
repetition: 99083
>passed!
repetition: 99084
>passed!
repetition: 99085
>passed!
repetition: 99086
>passed!
repetition: 99087
>passed!
repetition: 99088
>passed!
repetition: 99089
>passed!
repetition: 99090
>passed!
repetition: 99091
>passed!
repetition: 99092
>passed!
repetition: 99093
>passed!
repetition: 99094
>passed!
repetition: 99095
>passed!
repetition: 99096
>passed!
repetition: 99097
>passed!
repetition: 99098
>passed!
repetition: 99099
>passed!
repetition: 99100
>passed!
repetition: 99101
>passed!
repetition: 99102
>passed!
repetition: 99103
>passed!
repetition: 99104
>passed!
repetition: 99105
>passed!
repetition: 99106
>passed!
repetition: 99107
>passed!
repetition: 99108
>passed!
repetition: 99109
>passed!
repetition: 99110
>passed!
repetition: 99111
>passed!
repetition: 99112
>passed!
repetition: 99113
>passed!
repetition: 99114
>passed!
repetition: 99115
>passed!
repetition: 99116
>passed!
repetition: 99117
>passed!
repetition: 99118
>passed!
repetition: 99119
>passed!
repetition: 99120
>passed!
repetition: 99121
>passed!
repetition: 99122
>passed!
repetition: 99123
>passed!
repetition: 99124
>passed!
repetition: 99125
>passed!
repetition: 99126
>passed!
repetition: 99127
>passed!
repetition: 99128
>passed!
repetition: 99129
>passed!
repetition: 99130
>passed!
repetition: 99131
>passed!
repetition: 99132
>passed!
repetition: 99133
>passed!
repetition: 99134
>passed!
repetition: 99135
>passed!
repetition: 99136
>passed!
repetition: 99137
>passed!
repetition: 99138
>passed!
repetition: 99139
>passed!
repetition: 99140
>passed!
repetition: 99141
>passed!
repetition: 99142
>passed!
repetition: 99143
>passed!
repetition: 99144
>passed!
repetition: 99145
>passed!
repetition: 99146
>passed!
repetition: 99147
>passed!
repetition: 99148
>passed!
repetition: 99149
>passed!
repetition: 99150
>passed!
repetition: 99151
>passed!
repetition: 99152
>passed!
repetition: 99153
>passed!
repetition: 99154
>passed!
repetition: 99155
>passed!
repetition: 99156
>passed!
repetition: 99157
>passed!
repetition: 99158
>passed!
repetition: 99159
>passed!
repetition: 99160
>passed!
repetition: 99161
>passed!
repetition: 99162
>passed!
repetition: 99163
>passed!
repetition: 99164
>passed!
repetition: 99165
>passed!
repetition: 99166
>passed!
repetition: 99167
>passed!
repetition: 99168
>passed!
repetition: 99169
>passed!
repetition: 99170
>passed!
repetition: 99171
>passed!
repetition: 99172
>passed!
repetition: 99173
>passed!
repetition: 99174
>passed!
repetition: 99175
>passed!
repetition: 99176
>passed!
repetition: 99177
>passed!
repetition: 99178
>passed!
repetition: 99179
>passed!
repetition: 99180
>passed!
repetition: 99181
>passed!
repetition: 99182
>passed!
repetition: 99183
>passed!
repetition: 99184
>passed!
repetition: 99185
>passed!
repetition: 99186
>passed!
repetition: 99187
>passed!
repetition: 99188
>passed!
repetition: 99189
>passed!
repetition: 99190
>passed!
repetition: 99191
>passed!
repetition: 99192
>passed!
repetition: 99193
>passed!
repetition: 99194
>passed!
repetition: 99195
>passed!
repetition: 99196
>passed!
repetition: 99197
>passed!
repetition: 99198
>passed!
repetition: 99199
>passed!
repetition: 99200
>passed!
repetition: 99201
>passed!
repetition: 99202
>passed!
repetition: 99203
>passed!
repetition: 99204
>passed!
repetition: 99205
>passed!
repetition: 99206
>passed!
repetition: 99207
>passed!
repetition: 99208
>passed!
repetition: 99209
>passed!
repetition: 99210
>passed!
repetition: 99211
>passed!
repetition: 99212
>passed!
repetition: 99213
>passed!
repetition: 99214
>passed!
repetition: 99215
>passed!
repetition: 99216
>passed!
repetition: 99217
>passed!
repetition: 99218
>passed!
repetition: 99219
>passed!
repetition: 99220
>passed!
repetition: 99221
>passed!
repetition: 99222
>passed!
repetition: 99223
>passed!
repetition: 99224
>passed!
repetition: 99225
>passed!
repetition: 99226
>passed!
repetition: 99227
>passed!
repetition: 99228
>passed!
repetition: 99229
>passed!
repetition: 99230
>passed!
repetition: 99231
>passed!
repetition: 99232
>passed!
repetition: 99233
>passed!
repetition: 99234
>passed!
repetition: 99235
>passed!
repetition: 99236
>passed!
repetition: 99237
>passed!
repetition: 99238
>passed!
repetition: 99239
>passed!
repetition: 99240
>passed!
repetition: 99241
>passed!
repetition: 99242
>passed!
repetition: 99243
>passed!
repetition: 99244
>passed!
repetition: 99245
>passed!
repetition: 99246
>passed!
repetition: 99247
>passed!
repetition: 99248
>passed!
repetition: 99249
>passed!
repetition: 99250
>passed!
repetition: 99251
>passed!
repetition: 99252
>passed!
repetition: 99253
>passed!
repetition: 99254
>passed!
repetition: 99255
>passed!
repetition: 99256
>passed!
repetition: 99257
>passed!
repetition: 99258
>passed!
repetition: 99259
>passed!
repetition: 99260
>passed!
repetition: 99261
>passed!
repetition: 99262
>passed!
repetition: 99263
>passed!
repetition: 99264
>passed!
repetition: 99265
>passed!
repetition: 99266
>passed!
repetition: 99267
>passed!
repetition: 99268
>passed!
repetition: 99269
>passed!
repetition: 99270
>passed!
repetition: 99271
>passed!
repetition: 99272
>passed!
repetition: 99273
>passed!
repetition: 99274
>passed!
repetition: 99275
>passed!
repetition: 99276
>passed!
repetition: 99277
>passed!
repetition: 99278
>passed!
repetition: 99279
>passed!
repetition: 99280
>passed!
repetition: 99281
>passed!
repetition: 99282
>passed!
repetition: 99283
>passed!
repetition: 99284
>passed!
repetition: 99285
>passed!
repetition: 99286
>passed!
repetition: 99287
>passed!
repetition: 99288
>passed!
repetition: 99289
>passed!
repetition: 99290
>passed!
repetition: 99291
>passed!
repetition: 99292
>passed!
repetition: 99293
>passed!
repetition: 99294
>passed!
repetition: 99295
>passed!
repetition: 99296
>passed!
repetition: 99297
>passed!
repetition: 99298
>passed!
repetition: 99299
>passed!
repetition: 99300
>passed!
repetition: 99301
>passed!
repetition: 99302
>passed!
repetition: 99303
>passed!
repetition: 99304
>passed!
repetition: 99305
>passed!
repetition: 99306
>passed!
repetition: 99307
>passed!
repetition: 99308
>passed!
repetition: 99309
>passed!
repetition: 99310
>passed!
repetition: 99311
>passed!
repetition: 99312
>passed!
repetition: 99313
>passed!
repetition: 99314
>passed!
repetition: 99315
>passed!
repetition: 99316
>passed!
repetition: 99317
>passed!
repetition: 99318
>passed!
repetition: 99319
>passed!
repetition: 99320
>passed!
repetition: 99321
>passed!
repetition: 99322
>passed!
repetition: 99323
>passed!
repetition: 99324
>passed!
repetition: 99325
>passed!
repetition: 99326
>passed!
repetition: 99327
>passed!
repetition: 99328
>passed!
repetition: 99329
>passed!
repetition: 99330
>passed!
repetition: 99331
>passed!
repetition: 99332
>passed!
repetition: 99333
>passed!
repetition: 99334
>passed!
repetition: 99335
>passed!
repetition: 99336
>passed!
repetition: 99337
>passed!
repetition: 99338
>passed!
repetition: 99339
>passed!
repetition: 99340
>passed!
repetition: 99341
>passed!
repetition: 99342
>passed!
repetition: 99343
>passed!
repetition: 99344
>passed!
repetition: 99345
>passed!
repetition: 99346
>passed!
repetition: 99347
>passed!
repetition: 99348
>passed!
repetition: 99349
>passed!
repetition: 99350
>passed!
repetition: 99351
>passed!
repetition: 99352
>passed!
repetition: 99353
>passed!
repetition: 99354
>passed!
repetition: 99355
>passed!
repetition: 99356
>passed!
repetition: 99357
>passed!
repetition: 99358
>passed!
repetition: 99359
>passed!
repetition: 99360
>passed!
repetition: 99361
>passed!
repetition: 99362
>passed!
repetition: 99363
>passed!
repetition: 99364
>passed!
repetition: 99365
>passed!
repetition: 99366
>passed!
repetition: 99367
>passed!
repetition: 99368
>passed!
repetition: 99369
>passed!
repetition: 99370
>passed!
repetition: 99371
>passed!
repetition: 99372
>passed!
repetition: 99373
>passed!
repetition: 99374
>passed!
repetition: 99375
>passed!
repetition: 99376
>passed!
repetition: 99377
>passed!
repetition: 99378
>passed!
repetition: 99379
>passed!
repetition: 99380
>passed!
repetition: 99381
>passed!
repetition: 99382
>passed!
repetition: 99383
>passed!
repetition: 99384
>passed!
repetition: 99385
>passed!
repetition: 99386
>passed!
repetition: 99387
>passed!
repetition: 99388
>passed!
repetition: 99389
>passed!
repetition: 99390
>passed!
repetition: 99391
>passed!
repetition: 99392
>passed!
repetition: 99393
>passed!
repetition: 99394
>passed!
repetition: 99395
>passed!
repetition: 99396
>passed!
repetition: 99397
>passed!
repetition: 99398
>passed!
repetition: 99399
>passed!
repetition: 99400
>passed!
repetition: 99401
>passed!
repetition: 99402
>passed!
repetition: 99403
>passed!
repetition: 99404
>passed!
repetition: 99405
>passed!
repetition: 99406
>passed!
repetition: 99407
>passed!
repetition: 99408
>passed!
repetition: 99409
>passed!
repetition: 99410
>passed!
repetition: 99411
>passed!
repetition: 99412
>passed!
repetition: 99413
>passed!
repetition: 99414
>passed!
repetition: 99415
>passed!
repetition: 99416
>passed!
repetition: 99417
>passed!
repetition: 99418
>passed!
repetition: 99419
>passed!
repetition: 99420
>passed!
repetition: 99421
>passed!
repetition: 99422
>passed!
repetition: 99423
>passed!
repetition: 99424
>passed!
repetition: 99425
>passed!
repetition: 99426
>passed!
repetition: 99427
>passed!
repetition: 99428
>passed!
repetition: 99429
>passed!
repetition: 99430
>passed!
repetition: 99431
>passed!
repetition: 99432
>passed!
repetition: 99433
>passed!
repetition: 99434
>passed!
repetition: 99435
>passed!
repetition: 99436
>passed!
repetition: 99437
>passed!
repetition: 99438
>passed!
repetition: 99439
>passed!
repetition: 99440
>passed!
repetition: 99441
>passed!
repetition: 99442
>passed!
repetition: 99443
>passed!
repetition: 99444
>passed!
repetition: 99445
>passed!
repetition: 99446
>passed!
repetition: 99447
>passed!
repetition: 99448
>passed!
repetition: 99449
>passed!
repetition: 99450
>passed!
repetition: 99451
>passed!
repetition: 99452
>passed!
repetition: 99453
>passed!
repetition: 99454
>passed!
repetition: 99455
>passed!
repetition: 99456
>passed!
repetition: 99457
>passed!
repetition: 99458
>passed!
repetition: 99459
>passed!
repetition: 99460
>passed!
repetition: 99461
>passed!
repetition: 99462
>passed!
repetition: 99463
>passed!
repetition: 99464
>passed!
repetition: 99465
>passed!
repetition: 99466
>passed!
repetition: 99467
>passed!
repetition: 99468
>passed!
repetition: 99469
>passed!
repetition: 99470
>passed!
repetition: 99471
>passed!
repetition: 99472
>passed!
repetition: 99473
>passed!
repetition: 99474
>passed!
repetition: 99475
>passed!
repetition: 99476
>passed!
repetition: 99477
>passed!
repetition: 99478
>passed!
repetition: 99479
>passed!
repetition: 99480
>passed!
repetition: 99481
>passed!
repetition: 99482
>passed!
repetition: 99483
>passed!
repetition: 99484
>passed!
repetition: 99485
>passed!
repetition: 99486
>passed!
repetition: 99487
>passed!
repetition: 99488
>passed!
repetition: 99489
>passed!
repetition: 99490
>passed!
repetition: 99491
>passed!
repetition: 99492
>passed!
repetition: 99493
>passed!
repetition: 99494
>passed!
repetition: 99495
>passed!
repetition: 99496
>passed!
repetition: 99497
>passed!
repetition: 99498
>passed!
repetition: 99499
>passed!
repetition: 99500
>passed!
repetition: 99501
>passed!
repetition: 99502
>passed!
repetition: 99503
>passed!
repetition: 99504
>passed!
repetition: 99505
>passed!
repetition: 99506
>passed!
repetition: 99507
>passed!
repetition: 99508
>passed!
repetition: 99509
>passed!
repetition: 99510
>passed!
repetition: 99511
>passed!
repetition: 99512
>passed!
repetition: 99513
>passed!
repetition: 99514
>passed!
repetition: 99515
>passed!
repetition: 99516
>passed!
repetition: 99517
>passed!
repetition: 99518
>passed!
repetition: 99519
>passed!
repetition: 99520
>passed!
repetition: 99521
>passed!
repetition: 99522
>passed!
repetition: 99523
>passed!
repetition: 99524
>passed!
repetition: 99525
>passed!
repetition: 99526
>passed!
repetition: 99527
>passed!
repetition: 99528
>passed!
repetition: 99529
>passed!
repetition: 99530
>passed!
repetition: 99531
>passed!
repetition: 99532
>passed!
repetition: 99533
>passed!
repetition: 99534
>passed!
repetition: 99535
>passed!
repetition: 99536
>passed!
repetition: 99537
>passed!
repetition: 99538
>passed!
repetition: 99539
>passed!
repetition: 99540
>passed!
repetition: 99541
>passed!
repetition: 99542
>passed!
repetition: 99543
>passed!
repetition: 99544
>passed!
repetition: 99545
>passed!
repetition: 99546
>passed!
repetition: 99547
>passed!
repetition: 99548
>passed!
repetition: 99549
>passed!
repetition: 99550
>passed!
repetition: 99551
>passed!
repetition: 99552
>passed!
repetition: 99553
>passed!
repetition: 99554
>passed!
repetition: 99555
>passed!
repetition: 99556
>passed!
repetition: 99557
>passed!
repetition: 99558
>passed!
repetition: 99559
>passed!
repetition: 99560
>passed!
repetition: 99561
>passed!
repetition: 99562
>passed!
repetition: 99563
>passed!
repetition: 99564
>passed!
repetition: 99565
>passed!
repetition: 99566
>passed!
repetition: 99567
>passed!
repetition: 99568
>passed!
repetition: 99569
>passed!
repetition: 99570
>passed!
repetition: 99571
>passed!
repetition: 99572
>passed!
repetition: 99573
>passed!
repetition: 99574
>passed!
repetition: 99575
>passed!
repetition: 99576
>passed!
repetition: 99577
>passed!
repetition: 99578
>passed!
repetition: 99579
>passed!
repetition: 99580
>passed!
repetition: 99581
>passed!
repetition: 99582
>passed!
repetition: 99583
>passed!
repetition: 99584
>passed!
repetition: 99585
>passed!
repetition: 99586
>passed!
repetition: 99587
>passed!
repetition: 99588
>passed!
repetition: 99589
>passed!
repetition: 99590
>passed!
repetition: 99591
>passed!
repetition: 99592
>passed!
repetition: 99593
>passed!
repetition: 99594
>passed!
repetition: 99595
>passed!
repetition: 99596
>passed!
repetition: 99597
>passed!
repetition: 99598
>passed!
repetition: 99599
>passed!
repetition: 99600
>passed!
repetition: 99601
>passed!
repetition: 99602
>passed!
repetition: 99603
>passed!
repetition: 99604
>passed!
repetition: 99605
>passed!
repetition: 99606
>passed!
repetition: 99607
>passed!
repetition: 99608
>passed!
repetition: 99609
>passed!
repetition: 99610
>passed!
repetition: 99611
>passed!
repetition: 99612
>passed!
repetition: 99613
>passed!
repetition: 99614
>passed!
repetition: 99615
>passed!
repetition: 99616
>passed!
repetition: 99617
>passed!
repetition: 99618
>passed!
repetition: 99619
>passed!
repetition: 99620
>passed!
repetition: 99621
>passed!
repetition: 99622
>passed!
repetition: 99623
>passed!
repetition: 99624
>passed!
repetition: 99625
>passed!
repetition: 99626
>passed!
repetition: 99627
>passed!
repetition: 99628
>passed!
repetition: 99629
>passed!
repetition: 99630
>passed!
repetition: 99631
>passed!
repetition: 99632
>passed!
repetition: 99633
>passed!
repetition: 99634
>passed!
repetition: 99635
>passed!
repetition: 99636
>passed!
repetition: 99637
>passed!
repetition: 99638
>passed!
repetition: 99639
>passed!
repetition: 99640
>passed!
repetition: 99641
>passed!
repetition: 99642
>passed!
repetition: 99643
>passed!
repetition: 99644
>passed!
repetition: 99645
>passed!
repetition: 99646
>passed!
repetition: 99647
>passed!
repetition: 99648
>passed!
repetition: 99649
>passed!
repetition: 99650
>passed!
repetition: 99651
>passed!
repetition: 99652
>passed!
repetition: 99653
>passed!
repetition: 99654
>passed!
repetition: 99655
>passed!
repetition: 99656
>passed!
repetition: 99657
>passed!
repetition: 99658
>passed!
repetition: 99659
>passed!
repetition: 99660
>passed!
repetition: 99661
>passed!
repetition: 99662
>passed!
repetition: 99663
>passed!
repetition: 99664
>passed!
repetition: 99665
>passed!
repetition: 99666
>passed!
repetition: 99667
>passed!
repetition: 99668
>passed!
repetition: 99669
>passed!
repetition: 99670
>passed!
repetition: 99671
>passed!
repetition: 99672
>passed!
repetition: 99673
>passed!
repetition: 99674
>passed!
repetition: 99675
>passed!
repetition: 99676
>passed!
repetition: 99677
>passed!
repetition: 99678
>passed!
repetition: 99679
>passed!
repetition: 99680
>passed!
repetition: 99681
>passed!
repetition: 99682
>passed!
repetition: 99683
>passed!
repetition: 99684
>passed!
repetition: 99685
>passed!
repetition: 99686
>passed!
repetition: 99687
>passed!
repetition: 99688
>passed!
repetition: 99689
>passed!
repetition: 99690
>passed!
repetition: 99691
>passed!
repetition: 99692
>passed!
repetition: 99693
>passed!
repetition: 99694
>passed!
repetition: 99695
>passed!
repetition: 99696
>passed!
repetition: 99697
>passed!
repetition: 99698
>passed!
repetition: 99699
>passed!
repetition: 99700
>passed!
repetition: 99701
>passed!
repetition: 99702
>passed!
repetition: 99703
>passed!
repetition: 99704
>passed!
repetition: 99705
>passed!
repetition: 99706
>passed!
repetition: 99707
>passed!
repetition: 99708
>passed!
repetition: 99709
>passed!
repetition: 99710
>passed!
repetition: 99711
>passed!
repetition: 99712
>passed!
repetition: 99713
>passed!
repetition: 99714
>passed!
repetition: 99715
>passed!
repetition: 99716
>passed!
repetition: 99717
>passed!
repetition: 99718
>passed!
repetition: 99719
>passed!
repetition: 99720
>passed!
repetition: 99721
>passed!
repetition: 99722
>passed!
repetition: 99723
>passed!
repetition: 99724
>passed!
repetition: 99725
>passed!
repetition: 99726
>passed!
repetition: 99727
>passed!
repetition: 99728
>passed!
repetition: 99729
>passed!
repetition: 99730
>passed!
repetition: 99731
>passed!
repetition: 99732
>passed!
repetition: 99733
>passed!
repetition: 99734
>passed!
repetition: 99735
>passed!
repetition: 99736
>passed!
repetition: 99737
>passed!
repetition: 99738
>passed!
repetition: 99739
>passed!
repetition: 99740
>passed!
repetition: 99741
>passed!
repetition: 99742
>passed!
repetition: 99743
>passed!
repetition: 99744
>passed!
repetition: 99745
>passed!
repetition: 99746
>passed!
repetition: 99747
>passed!
repetition: 99748
>passed!
repetition: 99749
>passed!
repetition: 99750
>passed!
repetition: 99751
>passed!
repetition: 99752
>passed!
repetition: 99753
>passed!
repetition: 99754
>passed!
repetition: 99755
>passed!
repetition: 99756
>passed!
repetition: 99757
>passed!
repetition: 99758
>passed!
repetition: 99759
>passed!
repetition: 99760
>passed!
repetition: 99761
>passed!
repetition: 99762
>passed!
repetition: 99763
>passed!
repetition: 99764
>passed!
repetition: 99765
>passed!
repetition: 99766
>passed!
repetition: 99767
>passed!
repetition: 99768
>passed!
repetition: 99769
>passed!
repetition: 99770
>passed!
repetition: 99771
>passed!
repetition: 99772
>passed!
repetition: 99773
>passed!
repetition: 99774
>passed!
repetition: 99775
>passed!
repetition: 99776
>passed!
repetition: 99777
>passed!
repetition: 99778
>passed!
repetition: 99779
>passed!
repetition: 99780
>passed!
repetition: 99781
>passed!
repetition: 99782
>passed!
repetition: 99783
>passed!
repetition: 99784
>passed!
repetition: 99785
>passed!
repetition: 99786
>passed!
repetition: 99787
>passed!
repetition: 99788
>passed!
repetition: 99789
>passed!
repetition: 99790
>passed!
repetition: 99791
>passed!
repetition: 99792
>passed!
repetition: 99793
>passed!
repetition: 99794
>passed!
repetition: 99795
>passed!
repetition: 99796
>passed!
repetition: 99797
>passed!
repetition: 99798
>passed!
repetition: 99799
>passed!
repetition: 99800
>passed!
repetition: 99801
>passed!
repetition: 99802
>passed!
repetition: 99803
>passed!
repetition: 99804
>passed!
repetition: 99805
>passed!
repetition: 99806
>passed!
repetition: 99807
>passed!
repetition: 99808
>passed!
repetition: 99809
>passed!
repetition: 99810
>passed!
repetition: 99811
>passed!
repetition: 99812
>passed!
repetition: 99813
>passed!
repetition: 99814
>passed!
repetition: 99815
>passed!
repetition: 99816
>passed!
repetition: 99817
>passed!
repetition: 99818
>passed!
repetition: 99819
>passed!
repetition: 99820
>passed!
repetition: 99821
>passed!
repetition: 99822
>passed!
repetition: 99823
>passed!
repetition: 99824
>passed!
repetition: 99825
>passed!
repetition: 99826
>passed!
repetition: 99827
>passed!
repetition: 99828
>passed!
repetition: 99829
>passed!
repetition: 99830
>passed!
repetition: 99831
>passed!
repetition: 99832
>passed!
repetition: 99833
>passed!
repetition: 99834
>passed!
repetition: 99835
>passed!
repetition: 99836
>passed!
repetition: 99837
>passed!
repetition: 99838
>passed!
repetition: 99839
>passed!
repetition: 99840
>passed!
repetition: 99841
>passed!
repetition: 99842
>passed!
repetition: 99843
>passed!
repetition: 99844
>passed!
repetition: 99845
>passed!
repetition: 99846
>passed!
repetition: 99847
>passed!
repetition: 99848
>passed!
repetition: 99849
>passed!
repetition: 99850
>passed!
repetition: 99851
>passed!
repetition: 99852
>passed!
repetition: 99853
>passed!
repetition: 99854
>passed!
repetition: 99855
>passed!
repetition: 99856
>passed!
repetition: 99857
>passed!
repetition: 99858
>passed!
repetition: 99859
>passed!
repetition: 99860
>passed!
repetition: 99861
>passed!
repetition: 99862
>passed!
repetition: 99863
>passed!
repetition: 99864
>passed!
repetition: 99865
>passed!
repetition: 99866
>passed!
repetition: 99867
>passed!
repetition: 99868
>passed!
repetition: 99869
>passed!
repetition: 99870
>passed!
repetition: 99871
>passed!
repetition: 99872
>passed!
repetition: 99873
>passed!
repetition: 99874
>passed!
repetition: 99875
>passed!
repetition: 99876
>passed!
repetition: 99877
>passed!
repetition: 99878
>passed!
repetition: 99879
>passed!
repetition: 99880
>passed!
repetition: 99881
>passed!
repetition: 99882
>passed!
repetition: 99883
>passed!
repetition: 99884
>passed!
repetition: 99885
>passed!
repetition: 99886
>passed!
repetition: 99887
>passed!
repetition: 99888
>passed!
repetition: 99889
>passed!
repetition: 99890
>passed!
repetition: 99891
>passed!
repetition: 99892
>passed!
repetition: 99893
>passed!
repetition: 99894
>passed!
repetition: 99895
>passed!
repetition: 99896
>passed!
repetition: 99897
>passed!
repetition: 99898
>passed!
repetition: 99899
>passed!
repetition: 99900
>passed!
repetition: 99901
>passed!
repetition: 99902
>passed!
repetition: 99903
>passed!
repetition: 99904
>passed!
repetition: 99905
>passed!
repetition: 99906
>passed!
repetition: 99907
>passed!
repetition: 99908
>passed!
repetition: 99909
>passed!
repetition: 99910
>passed!
repetition: 99911
>passed!
repetition: 99912
>passed!
repetition: 99913
>passed!
repetition: 99914
>passed!
repetition: 99915
>passed!
repetition: 99916
>passed!
repetition: 99917
>passed!
repetition: 99918
>passed!
repetition: 99919
>passed!
repetition: 99920
>passed!
repetition: 99921
>passed!
repetition: 99922
>passed!
repetition: 99923
>passed!
repetition: 99924
>passed!
repetition: 99925
>passed!
repetition: 99926
>passed!
repetition: 99927
>passed!
repetition: 99928
>passed!
repetition: 99929
>passed!
repetition: 99930
>passed!
repetition: 99931
>passed!
repetition: 99932
>passed!
repetition: 99933
>passed!
repetition: 99934
>passed!
repetition: 99935
>passed!
repetition: 99936
>passed!
repetition: 99937
>passed!
repetition: 99938
>passed!
repetition: 99939
>passed!
repetition: 99940
>passed!
repetition: 99941
>passed!
repetition: 99942
>passed!
repetition: 99943
>passed!
repetition: 99944
>passed!
repetition: 99945
>passed!
repetition: 99946
>passed!
repetition: 99947
>passed!
repetition: 99948
>passed!
repetition: 99949
>passed!
repetition: 99950
>passed!
repetition: 99951
>passed!
repetition: 99952
>passed!
repetition: 99953
>passed!
repetition: 99954
>passed!
repetition: 99955
>passed!
repetition: 99956
>passed!
repetition: 99957
>passed!
repetition: 99958
>passed!
repetition: 99959
>passed!
repetition: 99960
>passed!
repetition: 99961
>passed!
repetition: 99962
>passed!
repetition: 99963
>passed!
repetition: 99964
>passed!
repetition: 99965
>passed!
repetition: 99966
>passed!
repetition: 99967
>passed!
repetition: 99968
>passed!
repetition: 99969
>passed!
repetition: 99970
>passed!
repetition: 99971
>passed!
repetition: 99972
>passed!
repetition: 99973
>passed!
repetition: 99974
>passed!
repetition: 99975
>passed!
repetition: 99976
>passed!
repetition: 99977
>passed!
repetition: 99978
>passed!
repetition: 99979
>passed!
repetition: 99980
>passed!
repetition: 99981
>passed!
repetition: 99982
>passed!
repetition: 99983
>passed!
repetition: 99984
>passed!
repetition: 99985
>passed!
repetition: 99986
>passed!
repetition: 99987
>passed!
repetition: 99988
>passed!
repetition: 99989
>passed!
repetition: 99990
>passed!
repetition: 99991
>passed!
repetition: 99992
>passed!
repetition: 99993
>passed!
repetition: 99994
>passed!
repetition: 99995
>passed!
repetition: 99996
>passed!
repetition: 99997
>passed!
repetition: 99998
>passed!
repetition: 99999
>passed!
repetition: 100000
>passed!
]]></system-out>
  <system-err><![CDATA[]]></system-err>
</testsuite>
