<?xml version="1.0" encoding="UTF-8"?>
<testsuite name="IDGeneratorTest" tests="3" skipped="0" failures="0" errors="0" timestamp="2020-04-28T19:11:21" hostname="ChristopherAir.lan" time="0.115">
  <properties/>
  <testcase name="testShopNameCannotEmpty" classname="IDGeneratorTest" time="0.002"/>
  <testcase name="testRandomness" classname="IDGeneratorTest" time="0.112"/>
  <testcase name="testExecutionCannotEmpty" classname="IDGeneratorTest" time="0.0"/>
  <system-out><![CDATA[repetition: 1
>passed!
]]></system-out>
  <system-err><![CDATA[]]></system-err>
</testsuite>
